t_GKs + R_GKs * t_KsK: 
1558636751496 0 0 0
t_GA - R_GA * R_AB * (t_BA + R_KB.transpose() * t_KB): 
1558636751496 0 0 0
Time
1558636751496
t_GKs + R_GKs * t_KsK: 
1558636751597 0 0 0
t_GA - R_GA * R_AB * (t_BA + R_KB.transpose() * t_KB): 
1558636751597 0 0 0
Time
1558636751597
t_GKs + R_GKs * t_KsK: 
1558636751697 0 0 0
t_GA - R_GA * R_AB * (t_BA + R_KB.transpose() * t_KB): 
1558636751697 0 0 0
Time
1558636751697
t_GKs + R_GKs * t_KsK: 
1558636751797 0 0 0
t_GA - R_GA * R_AB * (t_BA + R_KB.transpose() * t_KB): 
1558636751797 0 0 0
Time
1558636751797
t_GKs + R_GKs * t_KsK: 
1558636751898 0 0 0
t_GA - R_GA * R_AB * (t_BA + R_KB.transpose() * t_KB): 
1558636751898 0 0 0
Time
1558636751898
t_GKs + R_GKs * t_KsK: 
1558636751998 0 0 0
t_GA - R_GA * R_AB * (t_BA + R_KB.transpose() * t_KB): 
1558636751998 0 0 0
Time
1558636751998
t_GKs + R_GKs * t_KsK: 
1558636752099 0 0 0
t_GA - R_GA * R_AB * (t_BA + R_KB.transpose() * t_KB): 
1558636752099 0 0 0
Time
1558636752099
t_GKs + R_GKs * t_KsK: 
1558636752200 0 0 0
t_GA - R_GA * R_AB * (t_BA + R_KB.transpose() * t_KB): 
1558636752200 0 0 0
Time
1558636752200
t_GKs + R_GKs * t_KsK: 
1558636752300 0 0 0
t_GA - R_GA * R_AB * (t_BA + R_KB.transpose() * t_KB): 
1558636752300 0 0 0
Time
1558636752300
t_GKs + R_GKs * t_KsK: 
1558636752400 0 0 0
t_GA - R_GA * R_AB * (t_BA + R_KB.transpose() * t_KB): 
1558636752401 0 0 0
Time
1558636752401
t_GKs + R_GKs * t_KsK: 
1558636752501 0 0 0
t_GA - R_GA * R_AB * (t_BA + R_KB.transpose() * t_KB): 
1558636752501 0 0 0
Time
1558636752501
t_GKs + R_GKs * t_KsK: 
1558636752601 0 0 0
t_GA - R_GA * R_AB * (t_BA + R_KB.transpose() * t_KB): 
1558636752601 0 0 0
Time
1558636752601
t_GKs + R_GKs * t_KsK: 
1558636752702 0 0 0
t_GA - R_GA * R_AB * (t_BA + R_KB.transpose() * t_KB): 
1558636752702 0 0 0
Time
1558636752702
t_GKs + R_GKs * t_KsK: 
1558636752802 0 0 0
t_GA - R_GA * R_AB * (t_BA + R_KB.transpose() * t_KB): 
1558636752802 0 0 0
Time
1558636752802
t_GKs + R_GKs * t_KsK: 
1558636752902 0 0 0
t_GA - R_GA * R_AB * (t_BA + R_KB.transpose() * t_KB): 
1558636752902 0 0 0
Time
1558636752902
t_GKs + R_GKs * t_KsK: 
1558636753003 0 0 0
t_GA - R_GA * R_AB * (t_BA + R_KB.transpose() * t_KB): 
1558636753003 0 0 0
Time
1558636753003
t_GKs + R_GKs * t_KsK: 
1558636753103 0 0 0
t_GA - R_GA * R_AB * (t_BA + R_KB.transpose() * t_KB): 
1558636753103 0 0 0
Time
1558636753103
t_GKs + R_GKs * t_KsK: 
1558636753203 0 0 0
t_GA - R_GA * R_AB * (t_BA + R_KB.transpose() * t_KB): 
1558636753204 0 0 0
Time
1558636753204
t_GKs + R_GKs * t_KsK: 
1558636753304 0 0 0
t_GA - R_GA * R_AB * (t_BA + R_KB.transpose() * t_KB): 
1558636753304 0 0 0
Time
1558636753304
t_GKs + R_GKs * t_KsK: 
1558636753404 0 0 0
t_GA - R_GA * R_AB * (t_BA + R_KB.transpose() * t_KB): 
1558636753404 0 0 0
Time
1558636753404
t_GKs + R_GKs * t_KsK: 
1558636753505 0 0 0
t_GA - R_GA * R_AB * (t_BA + R_KB.transpose() * t_KB): 
1558636753505 0 0 0
Time
1558636753505
t_GKs + R_GKs * t_KsK: 
1558636753605 0 0 0
t_GA - R_GA * R_AB * (t_BA + R_KB.transpose() * t_KB): 
1558636753605 0 0 0
Time
1558636753605
t_GKs + R_GKs * t_KsK: 
1558636753706 0 0 0
t_GA - R_GA * R_AB * (t_BA + R_KB.transpose() * t_KB): 
1558636753706 0 0 0
Time
1558636753706
t_GKs + R_GKs * t_KsK: 
1558636753806 0 0 0
t_GA - R_GA * R_AB * (t_BA + R_KB.transpose() * t_KB): 
1558636753806 0 0 0
Time
1558636753806
t_GKs + R_GKs * t_KsK: 
1558636753907 0 0 0
t_GA - R_GA * R_AB * (t_BA + R_KB.transpose() * t_KB): 
1558636753907 0 0 0
Time
1558636753907
t_GKs + R_GKs * t_KsK: 
1558636754008 0 0 0
t_GA - R_GA * R_AB * (t_BA + R_KB.transpose() * t_KB): 
1558636754008 0 0 0
Time
1558636754008
t_GKs + R_GKs * t_KsK: 
1558636754108 0 0 0
t_GA - R_GA * R_AB * (t_BA + R_KB.transpose() * t_KB): 
1558636754108 0 0 0
Time
1558636754108
t_GKs + R_GKs * t_KsK: 
1558636754208 0 0 0
t_GA - R_GA * R_AB * (t_BA + R_KB.transpose() * t_KB): 
1558636754208 0 0 0
Time
1558636754208
t_GKs + R_GKs * t_KsK: 
1558636754309 0 0 0
t_GA - R_GA * R_AB * (t_BA + R_KB.transpose() * t_KB): 
1558636754309 0 0 0
Time
1558636754309
t_GKs + R_GKs * t_KsK: 
1558636754409 0 0 0
t_GA - R_GA * R_AB * (t_BA + R_KB.transpose() * t_KB): 
1558636754409 0 0 0
Time
1558636754409
t_GKs + R_GKs * t_KsK: 
1558636754509 0 0 0
t_GA - R_GA * R_AB * (t_BA + R_KB.transpose() * t_KB): 
1558636754509 0 0 0
Time
1558636754510
t_GKs + R_GKs * t_KsK: 
1558636754610 0 0 0
t_GA - R_GA * R_AB * (t_BA + R_KB.transpose() * t_KB): 
1558636754610 0 0 0
Time
1558636754610
t_GKs + R_GKs * t_KsK: 
1558636754710 0 0 0
t_GA - R_GA * R_AB * (t_BA + R_KB.transpose() * t_KB): 
1558636754710 0 0 0
Time
1558636754710
t_GKs + R_GKs * t_KsK: 
1558636754811 0 0 0
t_GA - R_GA * R_AB * (t_BA + R_KB.transpose() * t_KB): 
1558636754811 0 0 0
Time
1558636754811
t_GKs + R_GKs * t_KsK: 
1558636754911 0 0 0
t_GA - R_GA * R_AB * (t_BA + R_KB.transpose() * t_KB): 
1558636754911 0 0 0
Time
1558636754911
t_GKs + R_GKs * t_KsK: 
1558636755012 0 0 0
t_GA - R_GA * R_AB * (t_BA + R_KB.transpose() * t_KB): 
1558636755012 0 0 0
Time
1558636755012
t_GKs + R_GKs * t_KsK: 
1558636755112 0 0 0
t_GA - R_GA * R_AB * (t_BA + R_KB.transpose() * t_KB): 
1558636755112 0 0 0
Time
1558636755112
t_GKs + R_GKs * t_KsK: 
1558636755212 0 0 0
t_GA - R_GA * R_AB * (t_BA + R_KB.transpose() * t_KB): 
1558636755212 0 0 0
Time
1558636755212
t_GKs + R_GKs * t_KsK: 
1558636755313 0 0 0
t_GA - R_GA * R_AB * (t_BA + R_KB.transpose() * t_KB): 
1558636755313 0 0 0
Time
1558636755313
t_GKs + R_GKs * t_KsK: 
1558636755413 0 0 0
t_GA - R_GA * R_AB * (t_BA + R_KB.transpose() * t_KB): 
1558636755413 0 0 0
Time
1558636755413
t_GKs + R_GKs * t_KsK: 
1558636755514 0 0 0
t_GA - R_GA * R_AB * (t_BA + R_KB.transpose() * t_KB): 
1558636755514 0 0 0
Time
1558636755514
t_GKs + R_GKs * t_KsK: 
1558636755615 0 0 0
t_GA - R_GA * R_AB * (t_BA + R_KB.transpose() * t_KB): 
1558636755615 0 0 0
Time
1558636755615
t_GKs + R_GKs * t_KsK: 
1558636755715 0 0 0
t_GA - R_GA * R_AB * (t_BA + R_KB.transpose() * t_KB): 
1558636755715 0 0 0
Time
1558636755715
t_GKs + R_GKs * t_KsK: 
1558636755815 0 0 0
t_GA - R_GA * R_AB * (t_BA + R_KB.transpose() * t_KB): 
1558636755815 0 0 0
Time
1558636755815
t_GKs + R_GKs * t_KsK: 
1558636755916 0 0 0
t_GA - R_GA * R_AB * (t_BA + R_KB.transpose() * t_KB): 
1558636755916 0 0 0
Time
1558636755916
t_GKs + R_GKs * t_KsK: 
1558636756016 0 0 0
t_GA - R_GA * R_AB * (t_BA + R_KB.transpose() * t_KB): 
1558636756016 0 0 0
Time
1558636756016
t_GKs + R_GKs * t_KsK: 
1558636756117 0 0 0
t_GA - R_GA * R_AB * (t_BA + R_KB.transpose() * t_KB): 
1558636756117 0 0 0
Time
1558636756117
t_GKs + R_GKs * t_KsK: 
1558636756217 0 0 0
t_GA - R_GA * R_AB * (t_BA + R_KB.transpose() * t_KB): 
1558636756217 0 0 0
Time
1558636756217
t_GKs + R_GKs * t_KsK: 
1558636756317 0 0 0
t_GA - R_GA * R_AB * (t_BA + R_KB.transpose() * t_KB): 
1558636756317 0 0 0
Time
1558636756317
t_GKs + R_GKs * t_KsK: 
1558636756418 0 0 0
t_GA - R_GA * R_AB * (t_BA + R_KB.transpose() * t_KB): 
1558636756418 0 0 0
Time
1558636756418
t_GKs + R_GKs * t_KsK: 
1558636756518 0 0 0
t_GA - R_GA * R_AB * (t_BA + R_KB.transpose() * t_KB): 
1558636756518 0 0 0
Time
1558636756518
t_GKs + R_GKs * t_KsK: 
1558636756618 0 0 0
t_GA - R_GA * R_AB * (t_BA + R_KB.transpose() * t_KB): 
1558636756618 0 0 0
Time
1558636756618
t_GKs + R_GKs * t_KsK: 
1558636756719 0 0 0
t_GA - R_GA * R_AB * (t_BA + R_KB.transpose() * t_KB): 
1558636756719 0 0 0
Time
1558636756719
t_GKs + R_GKs * t_KsK: 
1558636756819 0 0 0
t_GA - R_GA * R_AB * (t_BA + R_KB.transpose() * t_KB): 
1558636756819 0 0 0
Time
1558636756819
t_GKs + R_GKs * t_KsK: 
1558636756920 0 0 0
t_GA - R_GA * R_AB * (t_BA + R_KB.transpose() * t_KB): 
1558636756920 0 0 0
Time
1558636756920
t_GKs + R_GKs * t_KsK: 
1558636757020 0 0 0
t_GA - R_GA * R_AB * (t_BA + R_KB.transpose() * t_KB): 
1558636757020 0 0 0
Time
1558636757020
t_GKs + R_GKs * t_KsK: 
1558636757121 0 0 0
t_GA - R_GA * R_AB * (t_BA + R_KB.transpose() * t_KB): 
1558636757121 0 0 0
Time
1558636757121
t_GKs + R_GKs * t_KsK: 
1558636757221 0 0 0
t_GA - R_GA * R_AB * (t_BA + R_KB.transpose() * t_KB): 
1558636757221 0 0 0
Time
1558636757221
t_GKs + R_GKs * t_KsK: 
1558636757322 0 0 0
t_GA - R_GA * R_AB * (t_BA + R_KB.transpose() * t_KB): 
1558636757322 0 0 0
Time
1558636757322
t_GKs + R_GKs * t_KsK: 
1558636757422 0 0 0
t_GA - R_GA * R_AB * (t_BA + R_KB.transpose() * t_KB): 
1558636757422 0 0 0
Time
1558636757422
t_GKs + R_GKs * t_KsK: 
1558636757522 0 0 0
t_GA - R_GA * R_AB * (t_BA + R_KB.transpose() * t_KB): 
1558636757522 0 0 0
Time
1558636757522
t_GKs + R_GKs * t_KsK: 
1558636757623 0 0 0
t_GA - R_GA * R_AB * (t_BA + R_KB.transpose() * t_KB): 
1558636757623 0 0 0
Time
1558636757623
t_GKs + R_GKs * t_KsK: 
1558636757723 0 0 0
t_GA - R_GA * R_AB * (t_BA + R_KB.transpose() * t_KB): 
1558636757723 0 0 0
Time
1558636757723
t_GKs + R_GKs * t_KsK: 
1558636757824 0 0 0
t_GA - R_GA * R_AB * (t_BA + R_KB.transpose() * t_KB): 
1558636757824 0 0 0
Time
1558636757824
t_GKs + R_GKs * t_KsK: 
1558636757924 0 0 0
t_GA - R_GA * R_AB * (t_BA + R_KB.transpose() * t_KB): 
1558636757924 0 0 0
Time
1558636757924
t_GKs + R_GKs * t_KsK: 
1558636758024 0 0 0
t_GA - R_GA * R_AB * (t_BA + R_KB.transpose() * t_KB): 
1558636758024 0 0 0
Time
1558636758024
t_GKs + R_GKs * t_KsK: 
1558636758125 0 0 0
t_GA - R_GA * R_AB * (t_BA + R_KB.transpose() * t_KB): 
1558636758125 0 0 0
Time
1558636758125
t_GKs + R_GKs * t_KsK: 
1558636758225 0 0 0
t_GA - R_GA * R_AB * (t_BA + R_KB.transpose() * t_KB): 
1558636758225 0 0 0
Time
1558636758225
t_GKs + R_GKs * t_KsK: 
1558636758326 0 0 0
t_GA - R_GA * R_AB * (t_BA + R_KB.transpose() * t_KB): 
1558636758326 0 0 0
Time
1558636758326
t_GKs + R_GKs * t_KsK: 
1558636758426 0 0 0
t_GA - R_GA * R_AB * (t_BA + R_KB.transpose() * t_KB): 
1558636758426 0 0 0
Time
1558636758426
t_GKs + R_GKs * t_KsK: 
1558636758526 0 0 0
t_GA - R_GA * R_AB * (t_BA + R_KB.transpose() * t_KB): 
1558636758526 0 0 0
Time
1558636758526
t_GKs + R_GKs * t_KsK: 
1558636758627 0 0 0
t_GA - R_GA * R_AB * (t_BA + R_KB.transpose() * t_KB): 
1558636758627 0 0 0
Time
1558636758627
t_GKs + R_GKs * t_KsK: 
1558636758727 0 0 0
t_GA - R_GA * R_AB * (t_BA + R_KB.transpose() * t_KB): 
1558636758727 0 0 0
Time
1558636758727
t_GKs + R_GKs * t_KsK: 
1558636758828 0 0 0
t_GA - R_GA * R_AB * (t_BA + R_KB.transpose() * t_KB): 
1558636758828 0 0 0
Time
1558636758828
t_GKs + R_GKs * t_KsK: 
1558636758928 0 0 0
t_GA - R_GA * R_AB * (t_BA + R_KB.transpose() * t_KB): 
1558636758928 0 0 0
Time
1558636758928
t_GKs + R_GKs * t_KsK: 
1558636759028 0 0 0
t_GA - R_GA * R_AB * (t_BA + R_KB.transpose() * t_KB): 
1558636759028 0 0 0
Time
1558636759028
t_GKs + R_GKs * t_KsK: 
1558636759130 0 0 0
t_GA - R_GA * R_AB * (t_BA + R_KB.transpose() * t_KB): 
1558636759130 0 0 0
Time
1558636759130
t_GKs + R_GKs * t_KsK: 
1558636759229 0 0 0
t_GA - R_GA * R_AB * (t_BA + R_KB.transpose() * t_KB): 
1558636759229 0 0 0
Time
1558636759229
t_GKs + R_GKs * t_KsK: 
1558636759330 0 0 0
t_GA - R_GA * R_AB * (t_BA + R_KB.transpose() * t_KB): 
1558636759330 0 0 0
Time
1558636759330
t_GKs + R_GKs * t_KsK: 
1558636759430 0 0 0
t_GA - R_GA * R_AB * (t_BA + R_KB.transpose() * t_KB): 
1558636759430 0 0 0
Time
1558636759430
t_GKs + R_GKs * t_KsK: 
1558636759531 0 0 0
t_GA - R_GA * R_AB * (t_BA + R_KB.transpose() * t_KB): 
1558636759531 0 0 0
Time
1558636759531
t_GKs + R_GKs * t_KsK: 
1558636759631 0 0 0
t_GA - R_GA * R_AB * (t_BA + R_KB.transpose() * t_KB): 
1558636759631 0 0 0
Time
1558636759631
t_GKs + R_GKs * t_KsK: 
1558636759732 0 0 0
t_GA - R_GA * R_AB * (t_BA + R_KB.transpose() * t_KB): 
1558636759732 0 0 0
Time
1558636759732
t_GKs + R_GKs * t_KsK: 
1558636759832 0 0 0
t_GA - R_GA * R_AB * (t_BA + R_KB.transpose() * t_KB): 
1558636759832 0 0 0
Time
1558636759832
t_GKs + R_GKs * t_KsK: 
1558636759933 0 0 0
t_GA - R_GA * R_AB * (t_BA + R_KB.transpose() * t_KB): 
1558636759933 0 0 0
Time
1558636759933
t_GKs + R_GKs * t_KsK: 
1558636760033 0 0 0
t_GA - R_GA * R_AB * (t_BA + R_KB.transpose() * t_KB): 
1558636760033 0 0 0
Time
1558636760033
t_GKs + R_GKs * t_KsK: 
1558636760133 0 0 0
t_GA - R_GA * R_AB * (t_BA + R_KB.transpose() * t_KB): 
1558636760133 0 0 0
Time
1558636760133
t_GKs + R_GKs * t_KsK: 
1558636760234 0 0 0
t_GA - R_GA * R_AB * (t_BA + R_KB.transpose() * t_KB): 
1558636760234 0 0 0
Time
1558636760234
t_GKs + R_GKs * t_KsK: 
1558636760334 0 0 0
t_GA - R_GA * R_AB * (t_BA + R_KB.transpose() * t_KB): 
1558636760334 0 0 0
Time
1558636760334
t_GKs + R_GKs * t_KsK: 
1558636760434 0 0 0
t_GA - R_GA * R_AB * (t_BA + R_KB.transpose() * t_KB): 
1558636760434 0 0 0
Time
1558636760434
t_GKs + R_GKs * t_KsK: 
1558636760535 0 0 0
t_GA - R_GA * R_AB * (t_BA + R_KB.transpose() * t_KB): 
1558636760535 0 0 0
Time
1558636760535
t_GKs + R_GKs * t_KsK: 
1558636760635 0 0 0
t_GA - R_GA * R_AB * (t_BA + R_KB.transpose() * t_KB): 
1558636760635 0 0 0
Time
1558636760635
t_GKs + R_GKs * t_KsK: 
1558636760736 0 0 0
t_GA - R_GA * R_AB * (t_BA + R_KB.transpose() * t_KB): 
1558636760736 0 0 0
Time
1558636760736
t_GKs + R_GKs * t_KsK: 
1558636760836 0 0 0
t_GA - R_GA * R_AB * (t_BA + R_KB.transpose() * t_KB): 
1558636760836 0 0 0
Time
1558636760836
t_GKs + R_GKs * t_KsK: 
1558636760937 0 0 0
t_GA - R_GA * R_AB * (t_BA + R_KB.transpose() * t_KB): 
1558636760937 0 0 0
Time
1558636760937
t_GKs + R_GKs * t_KsK: 
1558636761037 0 0 0
t_GA - R_GA * R_AB * (t_BA + R_KB.transpose() * t_KB): 
1558636761037 0 0 0
Time
1558636761037
t_GKs + R_GKs * t_KsK: 
1558636761138 0 0 0
t_GA - R_GA * R_AB * (t_BA + R_KB.transpose() * t_KB): 
1558636761138 0 0 0
Time
1558636761138
t_GKs + R_GKs * t_KsK: 
1558636761238 0 0 0
t_GA - R_GA * R_AB * (t_BA + R_KB.transpose() * t_KB): 
1558636761238 0 0 0
Time
1558636761238
t_GKs + R_GKs * t_KsK: 
1558636761338 0 0 0
t_GA - R_GA * R_AB * (t_BA + R_KB.transpose() * t_KB): 
1558636761338 0 0 0
Time
1558636761338
t_GKs + R_GKs * t_KsK: 
1558636761439 0 0 0
t_GA - R_GA * R_AB * (t_BA + R_KB.transpose() * t_KB): 
1558636761439 0 0 0
Time
1558636761439
t_GKs + R_GKs * t_KsK: 
1558636761539 0 0 0
t_GA - R_GA * R_AB * (t_BA + R_KB.transpose() * t_KB): 
1558636761539 0 0 0
Time
1558636761539
t_GKs + R_GKs * t_KsK: 
1558636761639 0 0 0
t_GA - R_GA * R_AB * (t_BA + R_KB.transpose() * t_KB): 
1558636761639 0 0 0
Time
1558636761639
t_GKs + R_GKs * t_KsK: 
1558636761741 0 0 0
t_GA - R_GA * R_AB * (t_BA + R_KB.transpose() * t_KB): 
1558636761741 0 0 0
Time
1558636761741
t_GKs + R_GKs * t_KsK: 
1558636761840 0 0 0
t_GA - R_GA * R_AB * (t_BA + R_KB.transpose() * t_KB): 
1558636761841 0 0 0
Time
1558636761841
t_GKs + R_GKs * t_KsK: 
1558636761941 0 0 0
t_GA - R_GA * R_AB * (t_BA + R_KB.transpose() * t_KB): 
1558636761941 0 0 0
Time
1558636761941
t_GKs + R_GKs * t_KsK: 
1558636762041 0 0 0
t_GA - R_GA * R_AB * (t_BA + R_KB.transpose() * t_KB): 
1558636762041 0 0 0
Time
1558636762041
t_GKs + R_GKs * t_KsK: 
1558636762142 0 0 0
t_GA - R_GA * R_AB * (t_BA + R_KB.transpose() * t_KB): 
1558636762142 0 0 0
Time
1558636762142
t_GKs + R_GKs * t_KsK: 
1558636762242 0 0 0
t_GA - R_GA * R_AB * (t_BA + R_KB.transpose() * t_KB): 
1558636762242 0 0 0
Time
1558636762242
t_GKs + R_GKs * t_KsK: 
1558636762343 0 0 0
t_GA - R_GA * R_AB * (t_BA + R_KB.transpose() * t_KB): 
1558636762343 0 0 0
Time
1558636762343
t_GKs + R_GKs * t_KsK: 
1558636762443 0 0 0
t_GA - R_GA * R_AB * (t_BA + R_KB.transpose() * t_KB): 
1558636762443 0 0 0
Time
1558636762443
t_GKs + R_GKs * t_KsK: 
1558636762544 0 0 0
t_GA - R_GA * R_AB * (t_BA + R_KB.transpose() * t_KB): 
1558636762544 0 0 0
Time
1558636762544
t_GKs + R_GKs * t_KsK: 
1558636762644 0 0 0
t_GA - R_GA * R_AB * (t_BA + R_KB.transpose() * t_KB): 
1558636762644 0 0 0
Time
1558636762644
t_GKs + R_GKs * t_KsK: 
1558636762744 0 0 0
t_GA - R_GA * R_AB * (t_BA + R_KB.transpose() * t_KB): 
1558636762744 0 0 0
Time
1558636762744
t_GKs + R_GKs * t_KsK: 
1558636762845 0 0 0
t_GA - R_GA * R_AB * (t_BA + R_KB.transpose() * t_KB): 
1558636762845 0 0 0
Time
1558636762845
t_GKs + R_GKs * t_KsK: 
1558636762945 0 0 0
t_GA - R_GA * R_AB * (t_BA + R_KB.transpose() * t_KB): 
1558636762945 0 0 0
Time
1558636762945
t_GKs + R_GKs * t_KsK: 
1558636763046 0 0 0
t_GA - R_GA * R_AB * (t_BA + R_KB.transpose() * t_KB): 
1558636763046 0 0 0
Time
1558636763046
t_GKs + R_GKs * t_KsK: 
1558636763146 0 0 0
t_GA - R_GA * R_AB * (t_BA + R_KB.transpose() * t_KB): 
1558636763146 0 0 0
Time
1558636763146
t_GKs + R_GKs * t_KsK: 
1558636763247 0 0 0
t_GA - R_GA * R_AB * (t_BA + R_KB.transpose() * t_KB): 
1558636763247 0 0 0
Time
1558636763247
t_GKs + R_GKs * t_KsK: 
1558636763347 0 0 0
t_GA - R_GA * R_AB * (t_BA + R_KB.transpose() * t_KB): 
1558636763347 0 0 0
Time
1558636763347
t_GKs + R_GKs * t_KsK: 
1558636763448 0 0 0
t_GA - R_GA * R_AB * (t_BA + R_KB.transpose() * t_KB): 
1558636763448 0 0 0
Time
1558636763448
t_GKs + R_GKs * t_KsK: 
1558636763448 0 0 0
t_GA - R_GA * R_AB * (t_BA + R_KB.transpose() * t_KB): 
1558636763448 0 0 0
Time
1558636763448
t_GKs + R_GKs * t_KsK: 
1558636763548 0 0 0
t_GA - R_GA * R_AB * (t_BA + R_KB.transpose() * t_KB): 
1558636763548 0 0 0
Time
1558636763548
t_GKs + R_GKs * t_KsK: 
1558636763649 0 0 0
t_GA - R_GA * R_AB * (t_BA + R_KB.transpose() * t_KB): 
1558636763649 0 0 0
Time
1558636763649
t_GKs + R_GKs * t_KsK: 
1558636763749 0 0 0
t_GA - R_GA * R_AB * (t_BA + R_KB.transpose() * t_KB): 
1558636763749 0 0 0
Time
1558636763749
t_GKs + R_GKs * t_KsK: 
1558636763850 0 0 0
t_GA - R_GA * R_AB * (t_BA + R_KB.transpose() * t_KB): 
1558636763850 0 0 0
Time
1558636763850
t_GKs + R_GKs * t_KsK: 
1558636763950 0 0 0
t_GA - R_GA * R_AB * (t_BA + R_KB.transpose() * t_KB): 
1558636763950 0 0 0
Time
1558636763950
t_GKs + R_GKs * t_KsK: 
1558636764051 0 0 0
t_GA - R_GA * R_AB * (t_BA + R_KB.transpose() * t_KB): 
1558636764051 0 0 0
Time
1558636764051
t_GKs + R_GKs * t_KsK: 
1558636764151 0 0 0
t_GA - R_GA * R_AB * (t_BA + R_KB.transpose() * t_KB): 
1558636764151 0 0 0
Time
1558636764151
t_GKs + R_GKs * t_KsK: 
1558636764251 0 0 0
t_GA - R_GA * R_AB * (t_BA + R_KB.transpose() * t_KB): 
1558636764251 0 0 0
Time
1558636764251
t_GKs + R_GKs * t_KsK: 
1558636764352 0 0 0
t_GA - R_GA * R_AB * (t_BA + R_KB.transpose() * t_KB): 
1558636764352 0 0 0
Time
1558636764352
t_GKs + R_GKs * t_KsK: 
1558636764452 0 0 0
t_GA - R_GA * R_AB * (t_BA + R_KB.transpose() * t_KB): 
1558636764452 0 0 0
Time
1558636764452
t_GKs + R_GKs * t_KsK: 
1558636764553 0 0 0
t_GA - R_GA * R_AB * (t_BA + R_KB.transpose() * t_KB): 
1558636764553 0 0 0
Time
1558636764553
t_GKs + R_GKs * t_KsK: 
1558636764653 0 0 0
t_GA - R_GA * R_AB * (t_BA + R_KB.transpose() * t_KB): 
1558636764653 0 0 0
Time
1558636764653
t_GKs + R_GKs * t_KsK: 
1558636764754 0 0 0
t_GA - R_GA * R_AB * (t_BA + R_KB.transpose() * t_KB): 
1558636764754 0 0 0
Time
1558636764754
t_GKs + R_GKs * t_KsK: 
1558636764854 0 0 0
t_GA - R_GA * R_AB * (t_BA + R_KB.transpose() * t_KB): 
1558636764854 0 0 0
Time
1558636764854
t_GKs + R_GKs * t_KsK: 
1558636764954 0 0 0
t_GA - R_GA * R_AB * (t_BA + R_KB.transpose() * t_KB): 
1558636764954 0 0 0
Time
1558636764954
t_GKs + R_GKs * t_KsK: 
1558636765055 0 0 0
t_GA - R_GA * R_AB * (t_BA + R_KB.transpose() * t_KB): 
1558636765055 0 0 0
Time
1558636765055
t_GKs + R_GKs * t_KsK: 
1558636765155 0 0 0
t_GA - R_GA * R_AB * (t_BA + R_KB.transpose() * t_KB): 
1558636765155 0 0 0
Time
1558636765155
t_GKs + R_GKs * t_KsK: 
1558636765256 0 0 0
t_GA - R_GA * R_AB * (t_BA + R_KB.transpose() * t_KB): 
1558636765256 0 0 0
Time
1558636765256
t_GKs + R_GKs * t_KsK: 
1558636765356 0 0 0
t_GA - R_GA * R_AB * (t_BA + R_KB.transpose() * t_KB): 
1558636765356 0 0 0
Time
1558636765356
t_GKs + R_GKs * t_KsK: 
1558636765456 0 0 0
t_GA - R_GA * R_AB * (t_BA + R_KB.transpose() * t_KB): 
1558636765456 0 0 0
Time
1558636765456
t_GKs + R_GKs * t_KsK: 
1558636765557 0 0 0
t_GA - R_GA * R_AB * (t_BA + R_KB.transpose() * t_KB): 
1558636765557 0 0 0
Time
1558636765557
t_GKs + R_GKs * t_KsK: 
1558636765657 0 0 0
t_GA - R_GA * R_AB * (t_BA + R_KB.transpose() * t_KB): 
1558636765657 0 0 0
Time
1558636765657
t_GKs + R_GKs * t_KsK: 
1558636765758 0 0 0
t_GA - R_GA * R_AB * (t_BA + R_KB.transpose() * t_KB): 
1558636765758 0 0 0
Time
1558636765758
t_GKs + R_GKs * t_KsK: 
1558636765858 0 0 0
t_GA - R_GA * R_AB * (t_BA + R_KB.transpose() * t_KB): 
1558636765858 0 0 0
Time
1558636765858
t_GKs + R_GKs * t_KsK: 
1558636765958 0 0 0
t_GA - R_GA * R_AB * (t_BA + R_KB.transpose() * t_KB): 
1558636765958 0 0 0
Time
1558636765958
t_GKs + R_GKs * t_KsK: 
1558636766059 0 0 0
t_GA - R_GA * R_AB * (t_BA + R_KB.transpose() * t_KB): 
1558636766059 0 0 0
Time
1558636766059
t_GKs + R_GKs * t_KsK: 
1558636766159 0 0 0
t_GA - R_GA * R_AB * (t_BA + R_KB.transpose() * t_KB): 
1558636766159 0 0 0
Time
1558636766159
t_GKs + R_GKs * t_KsK: 
1558636766260 0 0 0
t_GA - R_GA * R_AB * (t_BA + R_KB.transpose() * t_KB): 
1558636766260 0 0 0
Time
1558636766260
t_GKs + R_GKs * t_KsK: 
1558636766360 0 0 0
t_GA - R_GA * R_AB * (t_BA + R_KB.transpose() * t_KB): 
1558636766360 0 0 0
Time
1558636766360
t_GKs + R_GKs * t_KsK: 
1558636766460 0 0 0
t_GA - R_GA * R_AB * (t_BA + R_KB.transpose() * t_KB): 
1558636766460 0 0 0
Time
1558636766460
t_GKs + R_GKs * t_KsK: 
1558636766561 0 0 0
t_GA - R_GA * R_AB * (t_BA + R_KB.transpose() * t_KB): 
1558636766561 0 0 0
Time
1558636766561
t_GKs + R_GKs * t_KsK: 
1558636766661 0 0 0
t_GA - R_GA * R_AB * (t_BA + R_KB.transpose() * t_KB): 
1558636766661 0 0 0
Time
1558636766661
t_GKs + R_GKs * t_KsK: 
1558636766762 0 0 0
t_GA - R_GA * R_AB * (t_BA + R_KB.transpose() * t_KB): 
1558636766762 0 0 0
Time
1558636766762
t_GKs + R_GKs * t_KsK: 
1558636766862 0 0 0
t_GA - R_GA * R_AB * (t_BA + R_KB.transpose() * t_KB): 
1558636766862 0 0 0
Time
1558636766862
t_GKs + R_GKs * t_KsK: 
1558636766963 0 0 0
t_GA - R_GA * R_AB * (t_BA + R_KB.transpose() * t_KB): 
1558636766963 0 0 0
Time
1558636766963
t_GKs + R_GKs * t_KsK: 
1558636767063 0 0 0
t_GA - R_GA * R_AB * (t_BA + R_KB.transpose() * t_KB): 
1558636767063 0 0 0
Time
1558636767063
t_GKs + R_GKs * t_KsK: 
1558636767164 0 0 0
t_GA - R_GA * R_AB * (t_BA + R_KB.transpose() * t_KB): 
1558636767164 0 0 0
Time
1558636767164
t_GKs + R_GKs * t_KsK: 
1558636767264 0 0 0
t_GA - R_GA * R_AB * (t_BA + R_KB.transpose() * t_KB): 
1558636767264 0 0 0
Time
1558636767264
t_GKs + R_GKs * t_KsK: 
1558636767365 0 0 0
t_GA - R_GA * R_AB * (t_BA + R_KB.transpose() * t_KB): 
1558636767365 0 0 0
Time
1558636767365
t_GKs + R_GKs * t_KsK: 
1558636767465 0 0 0
t_GA - R_GA * R_AB * (t_BA + R_KB.transpose() * t_KB): 
1558636767465 0 0 0
Time
1558636767465
t_GKs + R_GKs * t_KsK: 
1558636767565 0 0 0
t_GA - R_GA * R_AB * (t_BA + R_KB.transpose() * t_KB): 
1558636767565 0 0 0
Time
1558636767565
t_GKs + R_GKs * t_KsK: 
1558636767666 0 0 0
t_GA - R_GA * R_AB * (t_BA + R_KB.transpose() * t_KB): 
1558636767666 0 0 0
Time
1558636767666
t_GKs + R_GKs * t_KsK: 
1558636767766 0 0 0
t_GA - R_GA * R_AB * (t_BA + R_KB.transpose() * t_KB): 
1558636767766 0 0 0
Time
1558636767766
t_GKs + R_GKs * t_KsK: 
1558636767867 0 0 0
t_GA - R_GA * R_AB * (t_BA + R_KB.transpose() * t_KB): 
1558636767867 0 0 0
Time
1558636767867
t_GKs + R_GKs * t_KsK: 
1558636767967 0 0 0
t_GA - R_GA * R_AB * (t_BA + R_KB.transpose() * t_KB): 
1558636767967 0 0 0
Time
1558636767967
t_GKs + R_GKs * t_KsK: 
1558636768067 0 0 0
t_GA - R_GA * R_AB * (t_BA + R_KB.transpose() * t_KB): 
1558636768067 0 0 0
Time
1558636768067
t_GKs + R_GKs * t_KsK: 
1558636768168 0 0 0
t_GA - R_GA * R_AB * (t_BA + R_KB.transpose() * t_KB): 
1558636768168 0 0 0
Time
1558636768168
t_GKs + R_GKs * t_KsK: 
1558636768268 0 0 0
t_GA - R_GA * R_AB * (t_BA + R_KB.transpose() * t_KB): 
1558636768268 0 0 0
Time
1558636768268
t_GKs + R_GKs * t_KsK: 
1558636768369 0 0 0
t_GA - R_GA * R_AB * (t_BA + R_KB.transpose() * t_KB): 
1558636768369 0 0 0
Time
1558636768369
t_GKs + R_GKs * t_KsK: 
1558636768469 0 0 0
t_GA - R_GA * R_AB * (t_BA + R_KB.transpose() * t_KB): 
1558636768469 0 0 0
Time
1558636768469
t_GKs + R_GKs * t_KsK: 
1558636768570 0 0 0
t_GA - R_GA * R_AB * (t_BA + R_KB.transpose() * t_KB): 
1558636768570 0 0 0
Time
1558636768570
t_GKs + R_GKs * t_KsK: 
1558636768670 0 0 0
t_GA - R_GA * R_AB * (t_BA + R_KB.transpose() * t_KB): 
1558636768670 0 0 0
Time
1558636768670
t_GKs + R_GKs * t_KsK: 
1558636768771 0 0 0
t_GA - R_GA * R_AB * (t_BA + R_KB.transpose() * t_KB): 
1558636768771 0 0 0
Time
1558636768771
t_GKs + R_GKs * t_KsK: 
1558636768871 0 0 0
t_GA - R_GA * R_AB * (t_BA + R_KB.transpose() * t_KB): 
1558636768871 0 0 0
Time
1558636768871
t_GKs + R_GKs * t_KsK: 
1558636768972 0 0 0
t_GA - R_GA * R_AB * (t_BA + R_KB.transpose() * t_KB): 
1558636768972 0 0 0
Time
1558636768972
t_GKs + R_GKs * t_KsK: 
1558636769072 0 0 0
t_GA - R_GA * R_AB * (t_BA + R_KB.transpose() * t_KB): 
1558636769072 0 0 0
Time
1558636769072
t_GKs + R_GKs * t_KsK: 
1558636769172 0 0 0
t_GA - R_GA * R_AB * (t_BA + R_KB.transpose() * t_KB): 
1558636769172 0 0 0
Time
1558636769172
t_GKs + R_GKs * t_KsK: 
1558636769273 0 0 0
t_GA - R_GA * R_AB * (t_BA + R_KB.transpose() * t_KB): 
1558636769273 0 0 0
Time
1558636769273
t_GKs + R_GKs * t_KsK: 
1558636769373 0 0 0
t_GA - R_GA * R_AB * (t_BA + R_KB.transpose() * t_KB): 
1558636769373 0 0 0
Time
1558636769373
t_GKs + R_GKs * t_KsK: 
1558636769474 0 0 0
t_GA - R_GA * R_AB * (t_BA + R_KB.transpose() * t_KB): 
1558636769474 0 0 0
Time
1558636769474
t_GKs + R_GKs * t_KsK: 
1558636769574 0 0 0
t_GA - R_GA * R_AB * (t_BA + R_KB.transpose() * t_KB): 
1558636769574 0 0 0
Time
1558636769574
t_GKs + R_GKs * t_KsK: 
1558636769674 0 0 0
t_GA - R_GA * R_AB * (t_BA + R_KB.transpose() * t_KB): 
1558636769674 0 0 0
Time
1558636769674
t_GKs + R_GKs * t_KsK: 
1558636769775 0 0 0
t_GA - R_GA * R_AB * (t_BA + R_KB.transpose() * t_KB): 
1558636769775 0 0 0
Time
1558636769775
t_GKs + R_GKs * t_KsK: 
1558636769875 0 0 0
t_GA - R_GA * R_AB * (t_BA + R_KB.transpose() * t_KB): 
1558636769875 0 0 0
Time
1558636769875
t_GKs + R_GKs * t_KsK: 
1558636769976 0 0 0
t_GA - R_GA * R_AB * (t_BA + R_KB.transpose() * t_KB): 
1558636769976 0 0 0
Time
1558636769976
t_GKs + R_GKs * t_KsK: 
1558636770076 0 0 0
t_GA - R_GA * R_AB * (t_BA + R_KB.transpose() * t_KB): 
1558636770076 0 0 0
Time
1558636770076
t_GKs + R_GKs * t_KsK: 
1558636770177 0 0 0
t_GA - R_GA * R_AB * (t_BA + R_KB.transpose() * t_KB): 
1558636770177 0 0 0
Time
1558636770177
t_GKs + R_GKs * t_KsK: 
1558636770277 0 0 0
t_GA - R_GA * R_AB * (t_BA + R_KB.transpose() * t_KB): 
1558636770277 0 0 0
Time
1558636770277
t_GKs + R_GKs * t_KsK: 
1558636770377 0 0 0
t_GA - R_GA * R_AB * (t_BA + R_KB.transpose() * t_KB): 
1558636770377 0 0 0
Time
1558636770377
t_GKs + R_GKs * t_KsK: 
1558636770478 0 0 0
t_GA - R_GA * R_AB * (t_BA + R_KB.transpose() * t_KB): 
1558636770478 0 0 0
Time
1558636770478
t_GKs + R_GKs * t_KsK: 
1558636770578 0 0 0
t_GA - R_GA * R_AB * (t_BA + R_KB.transpose() * t_KB): 
1558636770578 0 0 0
Time
1558636770578
t_GKs + R_GKs * t_KsK: 
1558636770679 0 0 0
t_GA - R_GA * R_AB * (t_BA + R_KB.transpose() * t_KB): 
1558636770679 0 0 0
Time
1558636770679
t_GKs + R_GKs * t_KsK: 
1558636770779 0 0 0
t_GA - R_GA * R_AB * (t_BA + R_KB.transpose() * t_KB): 
1558636770779 0 0 0
Time
1558636770779
t_GKs + R_GKs * t_KsK: 
1558636770879 0 0 0
t_GA - R_GA * R_AB * (t_BA + R_KB.transpose() * t_KB): 
1558636770879 0 0 0
Time
1558636770879
t_GKs + R_GKs * t_KsK: 
1558636770980 0 0 0
t_GA - R_GA * R_AB * (t_BA + R_KB.transpose() * t_KB): 
1558636770980 0 0 0
Time
1558636770980
t_GKs + R_GKs * t_KsK: 
1558636771080 0 0 0
t_GA - R_GA * R_AB * (t_BA + R_KB.transpose() * t_KB): 
1558636771080 0 0 0
Time
1558636771080
t_GKs + R_GKs * t_KsK: 
1558636771181 0 0 0
t_GA - R_GA * R_AB * (t_BA + R_KB.transpose() * t_KB): 
1558636771181 0 0 0
Time
1558636771181
t_GKs + R_GKs * t_KsK: 
1558636771281 0 0 0
t_GA - R_GA * R_AB * (t_BA + R_KB.transpose() * t_KB): 
1558636771281 0 0 0
Time
1558636771281
t_GKs + R_GKs * t_KsK: 
1558636771381 0 0 0
t_GA - R_GA * R_AB * (t_BA + R_KB.transpose() * t_KB): 
1558636771381 0 0 0
Time
1558636771381
t_GKs + R_GKs * t_KsK: 
1558636771482 0 0 0
t_GA - R_GA * R_AB * (t_BA + R_KB.transpose() * t_KB): 
1558636771482 0 0 0
Time
1558636771482
t_GKs + R_GKs * t_KsK: 
1558636771582 0 0 0
t_GA - R_GA * R_AB * (t_BA + R_KB.transpose() * t_KB): 
1558636771582 0 0 0
Time
1558636771582
t_GKs + R_GKs * t_KsK: 
1558636771683 0 0 0
t_GA - R_GA * R_AB * (t_BA + R_KB.transpose() * t_KB): 
1558636771683 0 0 0
Time
1558636771683
t_GKs + R_GKs * t_KsK: 
1558636771783 0 0 0
t_GA - R_GA * R_AB * (t_BA + R_KB.transpose() * t_KB): 
1558636771783 0 0 0
Time
1558636771783
t_GKs + R_GKs * t_KsK: 
1558636771883 0 0 0
t_GA - R_GA * R_AB * (t_BA + R_KB.transpose() * t_KB): 
1558636771883 0 0 0
Time
1558636771883
t_GKs + R_GKs * t_KsK: 
1558636771984 0 0 0
t_GA - R_GA * R_AB * (t_BA + R_KB.transpose() * t_KB): 
1558636771984 0 0 0
Time
1558636771984
t_GKs + R_GKs * t_KsK: 
1558636772084 0 0 0
t_GA - R_GA * R_AB * (t_BA + R_KB.transpose() * t_KB): 
1558636772084 0 0 0
Time
1558636772084
t_GKs + R_GKs * t_KsK: 
1558636772185 0 0 0
t_GA - R_GA * R_AB * (t_BA + R_KB.transpose() * t_KB): 
1558636772185 0 0 0
Time
1558636772185
t_GKs + R_GKs * t_KsK: 
1558636772285 0 0 0
t_GA - R_GA * R_AB * (t_BA + R_KB.transpose() * t_KB): 
1558636772285 0 0 0
Time
1558636772285
t_GKs + R_GKs * t_KsK: 
1558636772386 0 0 0
t_GA - R_GA * R_AB * (t_BA + R_KB.transpose() * t_KB): 
1558636772386 0 0 0
Time
1558636772386
t_GKs + R_GKs * t_KsK: 
1558636772486 0 0 0
t_GA - R_GA * R_AB * (t_BA + R_KB.transpose() * t_KB): 
1558636772486 0 0 0
Time
1558636772486
t_GKs + R_GKs * t_KsK: 
1558636772586 0 0 0
t_GA - R_GA * R_AB * (t_BA + R_KB.transpose() * t_KB): 
1558636772587 0 0 0
Time
1558636772587
t_GKs + R_GKs * t_KsK: 
1558636772687 0 0 0
t_GA - R_GA * R_AB * (t_BA + R_KB.transpose() * t_KB): 
1558636772687 0 0 0
Time
1558636772687
t_GKs + R_GKs * t_KsK: 
1558636772787 0 0 0
t_GA - R_GA * R_AB * (t_BA + R_KB.transpose() * t_KB): 
1558636772787 0 0 0
Time
1558636772787
t_GKs + R_GKs * t_KsK: 
1558636772888 0 0 0
t_GA - R_GA * R_AB * (t_BA + R_KB.transpose() * t_KB): 
1558636772888 0 0 0
Time
1558636772888
t_GKs + R_GKs * t_KsK: 
1558636772988 0 0 0
t_GA - R_GA * R_AB * (t_BA + R_KB.transpose() * t_KB): 
1558636772988 0 0 0
Time
1558636772988
t_GKs + R_GKs * t_KsK: 
1558636773089 0 0 0
t_GA - R_GA * R_AB * (t_BA + R_KB.transpose() * t_KB): 
1558636773089 0 0 0
Time
1558636773089
t_GKs + R_GKs * t_KsK: 
1558636773189 0 0 0
t_GA - R_GA * R_AB * (t_BA + R_KB.transpose() * t_KB): 
1558636773189 0 0 0
Time
1558636773189
t_GKs + R_GKs * t_KsK: 
1558636773289 0 0 0
t_GA - R_GA * R_AB * (t_BA + R_KB.transpose() * t_KB): 
1558636773289 0 0 0
Time
1558636773289
t_GKs + R_GKs * t_KsK: 
1558636773390 0 0 0
t_GA - R_GA * R_AB * (t_BA + R_KB.transpose() * t_KB): 
1558636773390 0 0 0
Time
1558636773390
t_GKs + R_GKs * t_KsK: 
1558636773490 0 0 0
t_GA - R_GA * R_AB * (t_BA + R_KB.transpose() * t_KB): 
1558636773490 0 0 0
Time
1558636773490
t_GKs + R_GKs * t_KsK: 
1558636773591 0 0 0
t_GA - R_GA * R_AB * (t_BA + R_KB.transpose() * t_KB): 
1558636773591 0 0 0
Time
1558636773591
t_GKs + R_GKs * t_KsK: 
1558636773691 0 0 0
t_GA - R_GA * R_AB * (t_BA + R_KB.transpose() * t_KB): 
1558636773691 0 0 0
Time
1558636773691
t_GKs + R_GKs * t_KsK: 
1558636773791 0 0 0
t_GA - R_GA * R_AB * (t_BA + R_KB.transpose() * t_KB): 
1558636773791 0 0 0
Time
1558636773792
t_GKs + R_GKs * t_KsK: 
1558636773892 0 0 0
t_GA - R_GA * R_AB * (t_BA + R_KB.transpose() * t_KB): 
1558636773892 0 0 0
Time
1558636773892
t_GKs + R_GKs * t_KsK: 
1558636773992 0 0 0
t_GA - R_GA * R_AB * (t_BA + R_KB.transpose() * t_KB): 
1558636773992 0 0 0
Time
1558636773992
t_GKs + R_GKs * t_KsK: 
1558636774093 0 0 0
t_GA - R_GA * R_AB * (t_BA + R_KB.transpose() * t_KB): 
1558636774093 0 0 0
Time
1558636774093
t_GKs + R_GKs * t_KsK: 
1558636774193 0 0 0
t_GA - R_GA * R_AB * (t_BA + R_KB.transpose() * t_KB): 
1558636774193 0 0 0
Time
1558636774193
t_GKs + R_GKs * t_KsK: 
1558636774293 0 0 0
t_GA - R_GA * R_AB * (t_BA + R_KB.transpose() * t_KB): 
1558636774293 0 0 0
Time
1558636774293
t_GKs + R_GKs * t_KsK: 
1558636774394 0 0 0
t_GA - R_GA * R_AB * (t_BA + R_KB.transpose() * t_KB): 
1558636774394 0 0 0
Time
1558636774394
t_GKs + R_GKs * t_KsK: 
1558636774494 0 0 0
t_GA - R_GA * R_AB * (t_BA + R_KB.transpose() * t_KB): 
1558636774494 0 0 0
Time
1558636774494
t_GKs + R_GKs * t_KsK: 
1558636774595 0 0 0
t_GA - R_GA * R_AB * (t_BA + R_KB.transpose() * t_KB): 
1558636774595 0 0 0
Time
1558636774595
t_GKs + R_GKs * t_KsK: 
1558636774695 0 0 0
t_GA - R_GA * R_AB * (t_BA + R_KB.transpose() * t_KB): 
1558636774695 0 0 0
Time
1558636774695
t_GKs + R_GKs * t_KsK: 
1558636774795 0 0 0
t_GA - R_GA * R_AB * (t_BA + R_KB.transpose() * t_KB): 
1558636774795 0 0 0
Time
1558636774795
t_GKs + R_GKs * t_KsK: 
1558636774896 0 0 0
t_GA - R_GA * R_AB * (t_BA + R_KB.transpose() * t_KB): 
1558636774896 0 0 0
Time
1558636774896
t_GKs + R_GKs * t_KsK: 
1558636774996 0 0 0
t_GA - R_GA * R_AB * (t_BA + R_KB.transpose() * t_KB): 
1558636774996 0 0 0
Time
1558636774996
t_GKs + R_GKs * t_KsK: 
1558636775097 0 0 0
t_GA - R_GA * R_AB * (t_BA + R_KB.transpose() * t_KB): 
1558636775097 0 0 0
Time
1558636775097
t_GKs + R_GKs * t_KsK: 
1558636775197 0 0 0
t_GA - R_GA * R_AB * (t_BA + R_KB.transpose() * t_KB): 
1558636775197 0 0 0
Time
1558636775197
t_GKs + R_GKs * t_KsK: 
1558636775297 0 0 0
t_GA - R_GA * R_AB * (t_BA + R_KB.transpose() * t_KB): 
1558636775297 0 0 0
Time
1558636775297
t_GKs + R_GKs * t_KsK: 
1558636775398 0 0 0
t_GA - R_GA * R_AB * (t_BA + R_KB.transpose() * t_KB): 
1558636775398 0 0 0
Time
1558636775398
t_GKs + R_GKs * t_KsK: 
1558636775498 0 0 0
t_GA - R_GA * R_AB * (t_BA + R_KB.transpose() * t_KB): 
1558636775498 0 0 0
Time
1558636775498
t_GKs + R_GKs * t_KsK: 
1558636775598 0 0 0
t_GA - R_GA * R_AB * (t_BA + R_KB.transpose() * t_KB): 
1558636775598 0 0 0
Time
1558636775598
t_GKs + R_GKs * t_KsK: 
1558636775699 0 0 0
t_GA - R_GA * R_AB * (t_BA + R_KB.transpose() * t_KB): 
1558636775699 0 0 0
Time
1558636775699
t_GKs + R_GKs * t_KsK: 
1558636775799 0 0 0
t_GA - R_GA * R_AB * (t_BA + R_KB.transpose() * t_KB): 
1558636775799 0 0 0
Time
1558636775799
t_GKs + R_GKs * t_KsK: 
1558636775899 0 0 0
t_GA - R_GA * R_AB * (t_BA + R_KB.transpose() * t_KB): 
1558636775900 0 0 0
Time
1558636775900
t_GKs + R_GKs * t_KsK: 
1558636776000 0 0 0
t_GA - R_GA * R_AB * (t_BA + R_KB.transpose() * t_KB): 
1558636776000 0 0 0
Time
1558636776000
t_GKs + R_GKs * t_KsK: 
1558636776100 0 0 0
t_GA - R_GA * R_AB * (t_BA + R_KB.transpose() * t_KB): 
1558636776100 0 0 0
Time
1558636776100
t_GKs + R_GKs * t_KsK: 
1558636776201 0 0 0
t_GA - R_GA * R_AB * (t_BA + R_KB.transpose() * t_KB): 
1558636776201 0 0 0
Time
1558636776201
t_GKs + R_GKs * t_KsK: 
1558636776301 0 0 0
t_GA - R_GA * R_AB * (t_BA + R_KB.transpose() * t_KB): 
1558636776301 0 0 0
Time
1558636776301
t_GKs + R_GKs * t_KsK: 
1558636776402 0 0 0
t_GA - R_GA * R_AB * (t_BA + R_KB.transpose() * t_KB): 
1558636776402 0 0 0
Time
1558636776402
t_GKs + R_GKs * t_KsK: 
1558636776502 0 0 0
t_GA - R_GA * R_AB * (t_BA + R_KB.transpose() * t_KB): 
1558636776502 0 0 0
Time
1558636776502
t_GKs + R_GKs * t_KsK: 
1558636776602 0 0 0
t_GA - R_GA * R_AB * (t_BA + R_KB.transpose() * t_KB): 
1558636776603 0 0 0
Time
1558636776603
t_GKs + R_GKs * t_KsK: 
1558636776703 0 0 0
t_GA - R_GA * R_AB * (t_BA + R_KB.transpose() * t_KB): 
1558636776703 0 0 0
Time
1558636776703
t_GKs + R_GKs * t_KsK: 
1558636776803 0 0 0
t_GA - R_GA * R_AB * (t_BA + R_KB.transpose() * t_KB): 
1558636776803 0 0 0
Time
1558636776803
t_GKs + R_GKs * t_KsK: 
1558636776904 0 0 0
t_GA - R_GA * R_AB * (t_BA + R_KB.transpose() * t_KB): 
1558636776904 0 0 0
Time
1558636776904
