1557764733618 0 0 0
1557764733719 0 0 0
1557764733819 0 0 0
1557764733919 0 0 0
1557764734020 0 0 0
1557764734120 0 0 0
1557764734221 0 0 0
1557764734321 0 0 0
1557764734421 0 0 0
1557764734522 0 0 0
1557764734622 0 0 0
1557764734722 0 0 0
1557764734823 0 0 0
1557764734923 0 0 0
1557764735023 0 0 0
1557764735124 0 0 0
1557764735224 0 0 0
1557764735324 0 0 0
1557764735425 0 0 0
1557764735525 0 0 0
1557764735626 0.0478499 0.447327 -0.0161408
1557764735726 0.0608484 0.445934 -0.0390053
1557764735827 0.0322633 0.443824 -0.0700852
1557764735927 0.0313598 0.442791 -0.0704268
1557764736028 0.110712 0.451389 0.00338118
1557764736128 0.115581 0.438689 -0.0747284
1557764736228 0.128684 0.429693 -0.0390168
1557764736329 0.0738707 0.422158 -0.0913917
1557764736429 0.00815303 0.427568 -0.103057
1557764736529 0.00725539 0.427025 -0.102109
1557764736630 0.00880676 0.427763 -0.102326
1557764736730 0.00880676 0.427763 -0.102326
1557764736831 0.0088778 0.429235 -0.101416
1557764736931 0.00954692 0.427397 -0.10289
1557764737031 0.00938944 0.426487 -0.102505
1557764737132 0.00880676 0.427763 -0.102326
1557764737232 0.00790912 0.42722 -0.101378
1557764737333 0.00864928 0.426854 -0.101942
1557764737433 0.00864928 0.426854 -0.101942
1557764737534 0.00864928 0.426854 -0.101942
1557764737634 0.00741287 0.427934 -0.102493
1557764737735 0.00864928 0.426854 -0.101942
1557764737835 0.00880676 0.427763 -0.102326
1557764737935 0.00880676 0.427763 -0.102326
1557764738036 0.0084918 0.425944 -0.101557
1557764738136 0.00833432 0.425035 -0.101173
1557764738237 0.00923196 0.425578 -0.102121
1557764738337 0.00923196 0.425578 -0.102121
1557764738437 0.00954692 0.427397 -0.10289
1557764738538 0.00938944 0.426487 -0.102505
1557764738638 0.00954692 0.427397 -0.10289
1557764738738 0.00889319 0.427201 -0.103621
1557764738839 0.00880676 0.427763 -0.102326
1557764738939 0.00873571 0.426292 -0.103236
1557764739040 0.00961796 0.428869 -0.10198
1557764739140 0.0178059 0.418735 -0.114796
1557764739241 0.013035 0.40935 -0.102543
1557764739341 -0.0143833 0.346729 -0.0694538
1557764739441 0.0135076 0.238216 -0.0598558
1557764739542 0.0322161 0.119231 -0.0501845
1557764739642 0.0634023 0.0531054 -0.0247911
1557764739742 0.0636588 0.00656822 -0.0385469
1557764739843 0.0621841 -0.0389575 -0.0428169
1557764739943 0.0661765 -0.0473277 -0.042777
1557764740044 0.067022 -0.0290392 -0.0251754
1557764740144 0.0249166 0.0274686 -0.0231777
1557764740244 0.00956273 0.0776387 -0.017414
1557764740345 -0.0267863 0.14273 -0.0187599
1557764740445 -0.0494744 0.223201 -0.0405476
1557764740546 -0.0466048 0.279573 -0.0308544
1557764740646 -0.0440215 0.308024 -0.0353142
1557764740747 -0.0257927 0.360798 -0.0616508
1557764740847 -0.0283776 0.379545 -0.0807782
1557764740948 0.000513427 0.434823 -0.0458438
1557764741048 -0.00948966 0.437429 -0.0353026
1557764741148 0.000832198 0.437777 -0.0963319
1557764741249 0.000296391 0.430928 -0.121786
1557764741349 0.0360736 0.39189 -0.102654
1557764741450 0.0328162 0.305346 -0.087702
1557764741550 0.0520483 0.236914 -0.0658808
1557764741650 0.0490523 0.173518 -0.0473078
1557764741751 0.0554152 0.104387 -0.0308621
1557764741851 0.0625743 0.0567789 -0.0468377
1557764741951 0.0775448 0.0365885 -0.060521
1557764742052 0.0777946 0.0458766 -0.0586055
1557764742153 0.0560251 0.0622082 -0.0545598
1557764742253 0.0501254 0.101379 -0.0427353
1557764742353 0.045803 0.155822 -0.0383456
1557764742454 0.189432 0.607478 0.0260944
1557764742554 0.30645 0.587752 -0.190354
1557764742654 0.306192 0.638569 -0.198323
1557764742755 0.294644 0.68841 -0.207894
1557764742855 0.292831 0.725699 -0.216623
1557764742955 0.302747 0.767562 -0.221541
1557764743056 0.313358 0.805232 -0.238786
1557764743156 0.318525 0.808363 -0.234043
1557764743257 0.0542356 0.604291 -0.119455
1557764743357 -0.0384901 0.611499 -0.0522306
1557764743457 -0.0377209 0.623467 -0.0499539
1557764743558 -0.034962 0.628305 -0.0376665
1557764743658 -0.0391827 0.637457 -0.0456937
1557764743758 -0.0851094 0.595638 0.00452841
1557764743859 -0.0832029 0.603774 0.00275023
1557764743959 -0.0839595 0.605777 0.00210408
1557764744060 -0.0348265 0.57851 0.0550253
1557764744161 0.0168001 0.564233 -0.0703423
1557764744261 0.0174251 0.566252 -0.0682138
1557764744361 -0.0214666 0.554613 -0.0136523
1557764744462 -0.0192337 0.552716 -0.0142955
1557764744562 -0.0191264 0.553791 -0.0170942
1557764744662 -0.0206813 0.539237 0.00436516
1557764744763 -0.0134033 0.537468 0.0070479
1557764744863 -0.013181 0.536324 0.0214577
1557764744963 -0.0235485 0.522488 -0.000974109
1557764745064 -0.0211477 0.526439 -0.0118604
1557764745164 -0.00505383 0.526781 -0.00416271
1557764745264 0.00996029 0.527214 -0.00340576
1557764745365 -0.00588247 0.526295 -0.0119597
1557764745465 0.00478962 0.527068 -0.010898
1557764745566 0.00351015 0.528001 -0.0148777
1557764745666 0.00172095 0.52463 -0.0158546
1557764745767 0.00346824 0.525083 -0.0139813
1557764745867 0.00103229 0.524731 -0.0164986
1557764745967 0.00248673 0.525221 -0.017741
1557764746068 0.00572456 0.525051 -0.0135052
1557764746169 0.00417191 0.525238 -0.0202392
1557764746268 -0.000288667 0.524631 -0.0159626
1557764746369 0.00165916 0.525545 -0.0173668
1557764746469 -0.00406518 0.524617 -0.011617
1557764746570 -0.00516256 0.525848 -0.0181649
1557764746670 -0.00698295 0.524767 -0.0238412
1557764746771 -0.00786308 0.524528 -0.0270563
1557764746871 -0.00644292 0.524254 -0.0236994
1557764746971 -0.00683875 0.524424 -0.0246137
1557764747072 -0.00564958 0.524591 -0.0282206
1557764747172 -0.0060213 0.524239 -0.0253158
1557764747273 -0.0053797 0.525134 -0.029606
1557764747373 -0.00706259 0.523772 -0.0264657
1557764747473 -0.00272277 0.525445 -0.0287934
1557764747574 -0.00404385 0.524025 -0.0248569
1557764747674 -0.0035437 0.525119 -0.0290079
1557764747774 -0.00265231 0.524879 -0.0269501
1557764747875 -0.00460186 0.524474 -0.0265282
1557764747975 -0.00233225 0.525854 -0.029614
1557764748076 -0.00429696 0.523442 -0.0259394
1557764748176 -0.0032747 0.525267 -0.027181
1557764748276 -0.0052686 0.522788 -0.0270999
1557764748377 -0.00280493 0.523534 -0.0260977
1557764748477 0.000118057 0.524321 -0.033824
1557764748577 -0.000361401 0.524018 -0.0280809
1557764748678 -0.000450041 0.52357 -0.026497
1557764748778 0.0011565 0.525259 -0.0301578
1557764748879 -0.00188524 0.522792 -0.0287322
1557764748979 0.000221637 0.524523 -0.0310997
1557764749079 -0.000935669 0.523733 -0.0330128
1557764749180 0.0022297 0.523807 -0.0310317
1557764749280 0.00170919 0.523359 -0.0284076
1557764749380 0.00166904 0.523315 -0.028928
1557764749481 0.00201727 0.523704 -0.0307698
1557764749581 0.00275073 0.523791 -0.0322588
1557764749682 0.00310463 0.523518 -0.028728
1557764749782 0.0017627 0.523972 -0.0294986
1557764749882 0.000800569 0.523299 -0.0286097
1557764749983 0.00132876 0.523627 -0.030331
1557764750083 0.0014081 0.523487 -0.0304431
1557764750184 0.00155213 0.523508 -0.0274667
1557764750284 0.00192303 0.523192 -0.0289337
1557764750384 0.000939647 0.522694 -0.0266386
1557764750485 0.000999899 0.523227 -0.0280733
1557764750585 0.00175856 0.524053 -0.0279725
1557764750686 0.00250604 0.52369 -0.0300451
1557764750786 0.00118888 0.523373 -0.0245408
1557764750886 -0.00131544 0.522846 -0.0263834
1557764750987 0.000234253 0.523379 -0.0254563
1557764751087 -2.27866e-05 0.523469 -0.0281544
1557764751187 -0.000315541 0.523336 -0.0250972
1557764751288 -0.000303176 0.523596 -0.0269561
1557764751388 -0.000326848 0.523425 -0.0277095
1557764751488 0.00079552 0.523515 -0.0285594
1557764751589 0.00112752 0.523206 -0.0268042
1557764751689 0.000943955 0.523725 -0.0280087
1557764751790 0.000234268 0.522862 -0.0273821
1557764751890 0.000879837 0.523595 -0.0313815
1557764751990 0.00242585 0.523 -0.0288245
1557764752091 0.00132024 0.523217 -0.0284626
1557764752191 0.00154142 0.522875 -0.0304273
1557764752291 0.00275957 0.523207 -0.0318898
1557764752392 0.00178806 0.522985 -0.0287073
1557764752492 0.000267575 0.522907 -0.0284353
1557764752593 0.00179944 0.523239 -0.0268906
1557764752693 0.00178564 0.523436 -0.026677
1557764752793 0.0010003 0.523096 -0.0279821
1557764752894 0.00173224 0.522986 -0.0291244
1557764752994 0.00219541 0.522925 -0.028731
1557764753095 0.00121046 0.522357 -0.0292127
1557764753195 0.00287325 0.522711 -0.028266
1557764753295 0.00260709 0.522569 -0.0326731
1557764753396 0.00401213 0.522811 -0.0301766
1557764753496 0.00340069 0.522918 -0.0316364
1557764753596 0.00294853 0.522268 -0.031178
1557764753697 0.00499177 0.522849 -0.0318246
1557764753797 0.00317258 0.52183 -0.0346252
1557764753898 0.00409196 0.522576 -0.0334957
1557764753998 0.00444841 0.522551 -0.0290617
1557764754098 0.00352509 0.521948 -0.0327132
1557764754199 0.00456825 0.521943 -0.0307435
1557764754299 0.00453659 0.522277 -0.0351059
1557764754400 0.00468829 0.521833 -0.0335302
1557764754500 0.00524605 0.522816 -0.0342958
1557764754600 0.00443721 0.521993 -0.032438
1557764754701 0.00413926 0.522442 -0.0305405
1557764754801 0.00380382 0.521944 -0.0341218
1557764754901 0.00447966 0.522121 -0.0357958
1557764755002 0.00588887 0.521979 -0.0337532
1557764755102 0.00614166 0.522248 -0.0351063
1557764755202 0.00566371 0.521801 -0.034403
1557764755303 0.00619246 0.522313 -0.0353209
1557764755403 0.00580933 0.522265 -0.0377701
1557764755503 0.0051159 0.52212 -0.0327526
1557764755604 0.00591256 0.522679 -0.0358529
1557764755704 0.0061502 0.52187 -0.0319294
1557764755804 0.00539095 0.521657 -0.0337937
1557764755905 0.0054528 0.522114 -0.0368522
1557764756005 0.00602082 0.521845 -0.0340838
1557764756106 0.00561505 0.522021 -0.0348216
1557764756206 0.00615506 0.521983 -0.035207
1557764756306 0.00563763 0.521656 -0.0340138
1557764756407 0.00552047 0.521999 -0.0365208
1557764756507 0.00464438 0.522134 -0.0356228
1557764756607 0.00490921 0.522236 -0.0378221
1557764756708 0.00515218 0.521856 -0.0347703
1557764756808 0.00602972 0.521653 -0.0364936
1557764756908 0.00572165 0.521701 -0.0375509
1557764757009 0.00610021 0.522059 -0.0367188
1557764757109 0.00599798 0.521943 -0.0369639
1557764757209 0.00529022 0.521456 -0.03558
1557764757310 0.00568998 0.522135 -0.0344294
1557764757410 0.00389891 0.521262 -0.0357971
1557764757511 0.00659478 0.522405 -0.0384133
1557764757611 0.00497552 0.521903 -0.0384408
1557764757711 0.0053842 0.521852 -0.0376522
1557764757812 0.00578897 0.521416 -0.0361533
1557764757912 0.00578054 0.521973 -0.038846
1557764758013 0.00477339 0.521528 -0.0374654
1557764758113 0.00548486 0.522225 -0.0367957
1557764758213 0.00463355 0.52192 -0.0341903
1557764758314 0.00595743 0.52185 -0.0345476
1557764758414 0.0079041 0.522135 -0.0404293
1557764758514 0.00399546 0.521516 -0.0335034
1557764758615 0.00469164 0.521832 -0.0369652
1557764758715 0.00518922 0.522046 -0.0363895
1557764758815 0.00483999 0.521755 -0.0349733
1557764758916 0.005109 0.52161 -0.0355184
1557764759016 0.00581872 0.522145 -0.0380591
1557764759116 0.00480417 0.52178 -0.038344
1557764759217 0.00583451 0.522024 -0.0391384
1557764759317 0.00494995 0.521199 -0.0354146
1557764759418 0.00595665 0.521896 -0.0374366
1557764759518 0.00482088 0.521352 -0.0362819
1557764759618 0.00504847 0.521991 -0.0391642
1557764759719 0.00639841 0.521696 -0.037692
1557764759819 0.00533508 0.521254 -0.0374032
1557764759920 0.00643457 0.521538 -0.0371224
1557764760020 0.0052993 0.521676 -0.0390523
1557764760120 0.00509232 0.521413 -0.0374154
1557764760221 0.00487714 0.521795 -0.0377691
1557764760321 0.00516594 0.521472 -0.0352872
1557764760421 0.00501747 0.521676 -0.0397289
1557764760522 0.00266398 0.521792 -0.0373744
1557764760622 0.00414582 0.521533 -0.0380723
1557764760723 0.00446568 0.521819 -0.0381706
1557764760823 0.00449608 0.521269 -0.0377781
1557764760923 0.00475449 0.521458 -0.0368449
1557764761024 0.00434236 0.521593 -0.0396152
1557764761124 0.00448817 0.520741 -0.0368496
1557764761224 0.0052076 0.52189 -0.0408886
1557764761325 0.00563535 0.521269 -0.0392891
1557764761425 0.00539012 0.52121 -0.0382743
1557764761526 0.00494676 0.521667 -0.0401469
1557764761626 0.00547484 0.521557 -0.0407561
1557764761727 0.00506547 0.521411 -0.03852
1557764761827 0.00490949 0.521006 -0.0395049
1557764761928 0.00522837 0.521512 -0.0374484
1557764762028 0.00393422 0.521222 -0.0411351
1557764762128 0.00575632 0.522062 -0.0418836
1557764762229 0.00446775 0.520939 -0.037789
1557764762329 0.00902122 0.523162 -0.0433472
1557764762430 0.0029774 0.520718 -0.0406666
1557764762530 0.004137 0.521318 -0.0441539
1557764762630 0.0044254 0.520888 -0.0416802
1557764762731 0.00705273 0.521834 -0.043954
1557764762831 0.00502446 0.520973 -0.042008
1557764762931 0.00638327 0.520788 -0.0431393
1557764763032 0.00745621 0.521157 -0.0466122
1557764763132 0.00627684 0.520668 -0.0444798
1557764763233 0.00653581 0.520748 -0.0437095
1557764763333 0.00786856 0.521178 -0.0444663
1557764763433 0.00819067 0.521088 -0.0440066
1557764763534 0.00682981 0.520382 -0.0438855
1557764763634 0.00741448 0.521224 -0.0432081
1557764763734 0.00240017 0.520447 -0.0410548
1557764763835 0.00467803 0.520387 -0.0446634
1557764763935 0.00357541 0.520016 -0.0480683
1557764764035 0.00392941 0.519471 -0.046262
1557764764136 0.00165533 0.519295 -0.0463044
1557764764236 0.0011194 0.51868 -0.0463136
1557764764336 0.000600113 0.515426 -0.0539849
1557764764437 -0.00371282 0.516812 -0.0434561
1557764764537 -0.00106681 0.515434 -0.0509963
1557764764638 -0.00253659 0.517039 -0.0454034
1557764764738 0.0790126 0.512683 -0.055499
1557764764838 0.121534 0.458462 -0.205114
1557764764938 0.122587 0.455043 -0.207978
1557764765039 0.122775 0.456714 -0.203269
1557764765139 0.122591 0.458941 -0.203203
1557764765240 0.12284 0.459372 -0.201879
1557764765340 -0.00100259 0.509326 -0.0608195
1557764765441 -0.015204 0.512527 -0.0405212
1557764765541 -0.0159414 0.512326 -0.0375187
1557764765641 -0.036009 0.509404 -0.032399
1557764765742 -0.035868 0.509768 -0.0501888
1557764765842 -0.0145265 0.509212 -0.0488924
1557764765942 -0.00620815 0.509904 -0.0482073
1557764766043 -0.00728353 0.50575 -0.0864262
1557764766143 -0.00783075 0.505859 -0.0855964
1557764766244 -0.00677624 0.506627 -0.0874124
1557764766344 -0.00707458 0.507952 -0.0853734
1557764766444 -0.00807964 0.504644 -0.0868056
1557764766545 -0.00183823 0.518802 -0.0498538
1557764766645 0.0177129 0.512825 -0.079267
1557764766746 -0.0295306 0.505323 -0.0220226
1557764766847 -0.0304112 0.508347 -0.0372483
1557764766947 -0.0287536 0.506227 -0.0396485
1557764767048 -0.0615321 0.504782 -0.0710809
1557764767148 -0.0600741 0.505614 -0.0737607
1557764767248 -0.00937338 0.491604 -0.0460345
1557764767349 -0.0169426 0.484106 -0.0826623
1557764767449 -0.0168412 0.487253 -0.0816204
1557764767549 0.0271248 0.492533 -0.0432011
1557764767650 0.0307121 0.494991 -0.0426555
1557764767750 0.0080737 0.496149 -0.042867
1557764767851 0.0127311 0.496756 -0.0566255
1557764767951 0.0109418 0.494264 -0.0535994
1557764768051 0.00783375 0.495539 -0.0600829
1557764768152 0.00321712 0.493149 -0.0491884
1557764768253 0.00947964 0.495154 -0.0528617
1557764768353 -0.00216526 0.496642 -0.0466195
1557764768453 0.00573645 0.498486 -0.045015
1557764768554 -0.00735775 0.495887 -0.0709914
1557764768654 -0.0138518 0.495072 -0.0562945
1557764768755 0.0182027 0.498854 -0.0644474
1557764768855 -0.0251977 0.494433 -0.053515
1557764768955 -0.0263031 0.494493 -0.0519526
1557764769056 -0.0299745 0.495808 -0.0629744
1557764769156 -0.0279514 0.495195 -0.0466979
1557764769257 -0.0312493 0.494981 -0.0490282
1557764769357 -0.0334922 0.493693 -0.040875
1557764769457 -0.0348949 0.494582 -0.0431232
1557764769558 -0.0343226 0.494576 -0.0489153
1557764769658 -0.0338556 0.493468 -0.040802
1557764769759 -0.0358974 0.494351 -0.0442184
1557764769860 -0.0323217 0.4938 -0.0442116
1557764769960 -0.0319676 0.493707 -0.0476236
1557764770060 -0.0319044 0.493147 -0.0491424
1557764770161 -0.0267312 0.492803 -0.0493968
1557764770261 -0.020228 0.494226 -0.0449291
1557764770362 -0.0249307 0.493019 -0.0469641
1557764770462 -0.0250186 0.492748 -0.0477856
1557764770562 -0.0247261 0.492464 -0.0520048
1557764770663 -0.0235764 0.492417 -0.0501043
1557764770763 -0.0239253 0.492805 -0.0532151
1557764770863 -0.0250972 0.492565 -0.0533727
1557764770964 -0.0237464 0.492669 -0.0552645
1557764771064 -0.0234325 0.492467 -0.0548039
1557764771165 -0.02544 0.492756 -0.0574493
1557764771265 -0.0201238 0.492165 -0.0543674
1557764771366 -0.0186021 0.492503 -0.0563982
1557764771466 -0.0171042 0.492859 -0.0546148
1557764771567 -0.0200873 0.49291 -0.0576985
1557764771667 -0.0175374 0.492627 -0.0604768
1557764771768 -0.0165114 0.492865 -0.0673656
1557764771868 -0.0136203 0.492426 -0.0640185
1557764771968 -0.0116143 0.492496 -0.0604237
1557764772069 -0.0117752 0.492522 -0.0597105
1557764772169 -0.0137572 0.492425 -0.065186
1557764772269 -0.0134397 0.49212 -0.0628381
1557764772370 -0.0133107 0.492253 -0.0628135
1557764772470 -0.0116004 0.492244 -0.060241
1557764772571 -0.0147734 0.492589 -0.063843
1557764772671 -0.0133768 0.491862 -0.0611798
1557764772771 -0.0148933 0.492273 -0.0624755
1557764772872 -0.0164268 0.49179 -0.0617081
1557764772972 -0.0118817 0.492061 -0.0606038
1557764773072 -0.0159333 0.491856 -0.0628799
1557764773173 -0.0166757 0.491874 -0.0598537
1557764773273 -0.015752 0.491942 -0.0581401
1557764773374 -0.0138882 0.492143 -0.0593784
1557764773474 -0.0148898 0.491948 -0.0585314
1557764773574 -0.0144382 0.491615 -0.0595773
1557764773675 -0.014623 0.491565 -0.0570114
1557764773775 -0.0142023 0.49179 -0.0604554
1557764773876 -0.0152359 0.491382 -0.0590163
1557764773976 -0.0164259 0.491331 -0.0597099
1557764774076 -0.014525 0.491517 -0.0599113
1557764774177 -0.0162209 0.491421 -0.0621206
1557764774277 -0.0153845 0.491239 -0.0615453
1557764774378 -0.0137512 0.491196 -0.0613356
1557764774478 -0.0137835 0.491285 -0.0611109
1557764774578 -0.0169248 0.491162 -0.0595348
1557764774679 -0.0169248 0.491162 -0.0595348
1557764774779 -0.0200746 0.491264 -0.0599499
1557764774880 -0.0219998 0.490931 -0.0624539
1557764774980 -0.0149566 0.490717 -0.0656049
1557764775080 -0.0100211 0.490775 -0.0662913
1557764775181 -0.0111982 0.490804 -0.0698417
1557764775281 -0.0131464 0.490752 -0.0699114
1557764775382 -0.012807 0.490593 -0.067642
1557764775482 -0.012957 0.49068 -0.0686568
1557764775582 -0.0124829 0.490434 -0.0688546
1557764775683 -0.0127576 0.490404 -0.0695673
1557764775783 -0.0107038 0.490447 -0.0696043
1557764775884 -0.0138036 0.490457 -0.0704345
1557764775984 -0.0125495 0.490491 -0.0698287
1557764776084 -0.0145781 0.490348 -0.0719133
1557764776185 -0.0143923 0.490057 -0.0701763
1557764776285 -0.0153113 0.490543 -0.0689896
1557764776385 -0.00783111 0.489912 -0.0684233
1557764776486 -0.00916605 0.490117 -0.0701333
1557764776586 -0.00881962 0.490144 -0.0706261
1557764776687 -0.00906343 0.490291 -0.0714723
1557764776787 -0.0104475 0.490285 -0.0733446
1557764776887 -0.00935606 0.490049 -0.0749294
1557764776988 -0.0085932 0.490123 -0.0724562
1557764777088 -0.0111565 0.490338 -0.0726812
1557764777189 -0.00953638 0.49034 -0.0706697
1557764777289 -0.00978428 0.490251 -0.0722194
1557764777389 -0.00810995 0.490289 -0.0705642
1557764777490 -0.00659174 0.490389 -0.0706408
1557764777591 -0.00742334 0.490536 -0.0734953
1557764777691 -0.00902408 0.49032 -0.0724971
1557764777792 -0.00730013 0.490259 -0.0758808
1557764777892 -0.00957303 0.490162 -0.0728543
1557764777992 -0.00631262 0.490136 -0.0770199
1557764778093 0.000173394 0.490126 -0.0743889
1557764778193 -0.00678722 0.490419 -0.0759147
1557764778294 -0.00145581 0.490094 -0.0800487
1557764778394 -0.000653344 0.490217 -0.0736968
1557764778494 -0.00204767 0.489864 -0.0731077
1557764778595 -0.00127074 0.490047 -0.078969
1557764778695 -0.00250931 0.489932 -0.0741044
1557764778795 0.00370611 0.489937 -0.0806378
1557764778896 0.00251252 0.489783 -0.0766151
1557764778996 0.00272687 0.489904 -0.0783041
1557764779097 0.00525147 0.489767 -0.076331
1557764779197 0.0112478 0.489705 -0.0823931
1557764779297 0.0186322 0.489242 -0.0817942
1557764779398 0.0051697 0.490062 -0.0804442
1557764779498 0.0252306 0.488569 -0.0850617
1557764779599 0.0240861 0.488657 -0.0856538
1557764779699 0.0260066 0.488416 -0.0869706
1557764779800 0.0263755 0.476926 -0.0906915
1557764779900 0.0407271 0.471867 -0.0567145
1557764780001 0.0433473 0.432961 -0.0698833
1557764780101 0.069388 0.438461 -0.0609037
1557764780202 0.0721367 0.437459 -0.0551208
1557764780302 0.100126 0.464611 -0.0192825
1557764780402 0.105687 0.486796 -0.0232728
1557764780503 0.131003 0.518538 -0.0220292
1557764780603 0.189565 0.555946 0.0141954
1557764780704 0.214776 0.564183 0.0264639
1557764780804 0.226091 0.541045 0.0248614
1557764780905 0.186856 0.532404 0.0148657
1557764781005 0.179591 0.539958 0.00613854
1557764781105 0.18239 0.559881 0.0115429
1557764781206 0.187683 0.556059 0.0254846
1557764781306 0.19505 0.563962 0.0195468
1557764781407 0.196302 0.562893 0.0213606
1557764781507 0.197191 0.563014 0.0202674
1557764781607 0.197055 0.561801 0.0218513
1557764781708 0.19417 0.561588 0.0176523
1557764781808 0.191511 0.558972 0.0179441
1557764781908 0.191689 0.559502 0.0208914
1557764782009 0.193965 0.559768 0.0200281
1557764782109 0.194669 0.561611 0.0189753
1557764782210 0.00340419 0.4924 -0.0774719
1557764782310 0.0537566 0.461527 -0.186599
1557764782410 0.0515294 0.444279 -0.175174
1557764782511 0.0459676 0.444483 -0.187943
1557764782611 0.0485287 0.442076 -0.187139
1557764782711 0.0499413 0.441205 -0.180562
1557764782812 0.0488463 0.437572 -0.17427
1557764782912 0.0525876 0.434429 -0.173208
1557764783013 0.0544522 0.425426 -0.17252
1557764783113 0.0563787 0.378829 -0.155229
1557764783213 0.0532866 0.349721 -0.119338
1557764783314 -0.0537459 0.48966 -0.0620603
1557764783414 -0.0672595 0.448164 -0.0569215
1557764783515 -0.0645177 0.361212 -0.0999555
1557764783615 -0.0850897 0.506645 -0.13764
1557764783715 -0.0992961 0.565043 -0.0745094
1557764783816 -0.0320903 0.586662 -0.0167658
1557764783916 -0.0741586 0.660732 0.0204287
1557764784016 -0.0660794 0.670869 0.0324617
1557764784117 -0.0716012 0.687713 0.0281279
1557764784217 0.0186574 0.702193 -0.0409732
1557764784317 -0.0365508 0.710887 -0.0309098
1557764784418 -0.0230609 0.696599 -0.0898376
1557764784518 -0.0221031 0.695475 -0.083487
1557764784618 -0.0272286 0.695209 -0.0978095
1557764784719 -0.0365867 0.695847 -0.0756738
1557764784819 -0.0431325 0.693906 -0.0883668
1557764784919 -0.0421624 0.693752 -0.0922792
1557764785020 -0.0451472 0.691896 -0.0989114
1557764785120 -0.0484281 0.689143 -0.0977936
1557764785220 -0.0496875 0.690224 -0.0927891
1557764785321 -0.0398345 0.691579 -0.0972903
1557764785421 -0.0317048 0.696008 -0.08463
1557764785522 -0.0319833 0.678165 -0.212102
1557764785622 0.00809937 0.673791 -0.220127
1557764785722 0.0119503 0.695371 -0.223036
1557764785823 0.0127121 0.729864 -0.235311
1557764785923 0.0223882 0.75986 -0.249892
1557764786024 -0.0326148 0.703098 -0.0369652
1557764786124 -0.00190533 0.706137 -0.121869
1557764786224 0.01229 0.706572 -0.0575546
1557764786325 0.0318482 0.702281 -0.0851731
1557764786425 -0.00579256 0.703807 -0.0698507
1557764786525 -0.00264878 0.680938 -0.0455171
1557764786626 0.00195873 0.649114 -0.0455694
1557764786726 0.00674505 0.61316 -0.0407317
1557764786827 0.0263485 0.70715 -0.0599862
1557764786927 0.0094193 0.707913 -0.0381108
1557764787027 0.0419627 0.715876 -0.0846056
1557764787128 0.03207 0.714788 -0.0926688
1557764787228 0.0177772 0.716426 -0.0994151
1557764787329 0.0164153 0.716483 -0.102609
1557764787429 0.0722569 0.719786 -0.0793388
1557764787529 0.0748417 0.718664 -0.057815
1557764787630 0.0988705 0.716206 -0.146928
1557764787730 0.102511 0.718112 -0.108386
1557764787831 0.0787463 0.719046 -0.0998758
1557764787931 0.079386 0.719892 -0.0951251
1557764788031 0.07701 0.72119 -0.0894366
1557764788132 0.0804024 0.721011 -0.092211
1557764788232 0.0836599 0.720077 -0.127383
1557764788332 0.077911 0.720244 -0.0998546
1557764788433 0.0778307 0.720348 -0.0940371
1557764788533 0.0772934 0.720158 -0.0923246
1557764788633 0.0806262 0.720654 -0.0968222
1557764788734 0.0828207 0.72063 -0.0952681
1557764788834 0.0820744 0.720396 -0.097772
1557764788935 0.0857316 0.720202 -0.103805
