t_wo + t_wo_cam
0.9 0 0
Time
1558636747144
Theta
0
t_wo + t_wo_cam
0.9 0 0
Time
1558636747144
Theta
0
t_wo + t_wo_cam
0.9 0 0
Time
1558636747144
Theta
0
t_wo + t_wo_cam
0.9 0 0
Time
1558636747144
Theta
0
t_wo + t_wo_cam
0.9 0 0
Time
1558636747144
Theta
0
t_wo + t_wo_cam
0.9 0 0
Time
1558636747144
Theta
0
t_wo + t_wo_cam
0.9 0 0
Time
1558636747144
Theta
0
t_wo + t_wo_cam
0.9 0 0
Time
1558636747144
Theta
0
t_wo + t_wo_cam
0.9 0 0
Time
1558636747144
Theta
0
t_wo + t_wo_cam
0.9 0 0
Time
1558636747145
Theta
0
t_wo + t_wo_cam
0.9 0 0
Time
1558636747145
Theta
0
t_wo + t_wo_cam
0.9 0 0
Time
1558636747145
Theta
0
t_wo + t_wo_cam
0.9 0 0
Time
1558636747145
Theta
0
t_wo + t_wo_cam
0.9 0 0
Time
1558636747145
Theta
0
t_wo + t_wo_cam
0.9 0 0
Time
1558636747145
Theta
0
t_wo + t_wo_cam
0.9 0 0
Time
1558636747145
Theta
0
t_wo + t_wo_cam
0.9 0 0
Time
1558636747146
Theta
0
t_wo + t_wo_cam
0.9 0 0
Time
1558636747158
Theta
0
t_wo + t_wo_cam
0.9 0 0
Time
1558636747178
Theta
0
t_wo + t_wo_cam
0.9 0 0
Time
1558636747199
Theta
0
t_wo + t_wo_cam
0.9 0 0
Time
1558636747223
Theta
0
t_wo + t_wo_cam
0.9 0 0
Time
1558636747244
Theta
0
t_wo + t_wo_cam
0.9 0 0
Time
1558636747264
Theta
0
t_wo + t_wo_cam
0.9 0 0
Time
1558636747289
Theta
0
t_wo + t_wo_cam
0.9 0 0
Time
1558636747309
Theta
0
t_wo + t_wo_cam
0.9 0 0
Time
1558636747330
Theta
0
t_wo + t_wo_cam
0.9 0 0
Time
1558636747354
Theta
0
t_wo + t_wo_cam
0.9 0 0
Time
1558636747375
Theta
0
t_wo + t_wo_cam
0.9 0 0
Time
1558636747395
Theta
0
t_wo + t_wo_cam
0.9 0 0
Time
1558636747420
Theta
0
t_wo + t_wo_cam
0.9 0 0
Time
1558636747441
Theta
0
t_wo + t_wo_cam
0.9 0 0
Time
1558636747461
Theta
0
t_wo + t_wo_cam
0.9 0 0
Time
1558636747486
Theta
0
t_wo + t_wo_cam
0.9 0 0
Time
1558636747506
Theta
0
t_wo + t_wo_cam
0.9 0 0
Time
1558636747527
Theta
0
t_wo + t_wo_cam
0.9 0 0
Time
1558636747551
Theta
0
t_wo + t_wo_cam
0.9 0 0
Time
1558636747572
Theta
0
t_wo + t_wo_cam
0.9 0 0
Time
1558636747592
Theta
0
t_wo + t_wo_cam
0.9 0 0
Time
1558636747617
Theta
0
t_wo + t_wo_cam
0.9 0 0
Time
1558636747637
Theta
0
t_wo + t_wo_cam
0.9 0 0
Time
1558636747658
Theta
0
t_wo + t_wo_cam
0.9 0 0
Time
1558636747682
Theta
0
t_wo + t_wo_cam
0.9 0 0
Time
1558636747703
Theta
0
t_wo + t_wo_cam
0.9 0 0
Time
1558636747723
Theta
0
t_wo + t_wo_cam
0.9 0 0
Time
1558636747748
Theta
0
t_wo + t_wo_cam
0.9 0 0
Time
1558636747768
Theta
0
t_wo + t_wo_cam
0.9 0 0
Time
1558636747789
Theta
0
t_wo + t_wo_cam
0.9 0 0
Time
1558636747813
Theta
0
t_wo + t_wo_cam
0.9 0 0
Time
1558636747834
Theta
0
t_wo + t_wo_cam
0.9 0 0
Time
1558636747854
Theta
0
t_wo + t_wo_cam
0.9 0 0
Time
1558636747879
Theta
0
t_wo + t_wo_cam
0.9 0 0
Time
1558636747899
Theta
0
t_wo + t_wo_cam
0.9 0 0
Time
1558636747920
Theta
0
t_wo + t_wo_cam
0.9 0 0
Time
1558636747944
Theta
0
t_wo + t_wo_cam
0.9 0 0
Time
1558636747965
Theta
0
t_wo + t_wo_cam
0.9 0 0
Time
1558636747985
Theta
0
t_wo + t_wo_cam
0.9 0 0
Time
1558636748010
Theta
0
t_wo + t_wo_cam
0.9 0 0
Time
1558636748030
Theta
0
t_wo + t_wo_cam
0.9 0 0
Time
1558636748051
Theta
0
t_wo + t_wo_cam
0.9 0 0
Time
1558636748075
Theta
0
t_wo + t_wo_cam
0.9 0 0
Time
1558636748096
Theta
0
t_wo + t_wo_cam
0.9 0 0
Time
1558636748116
Theta
0
t_wo + t_wo_cam
0.9 0 0
Time
1558636748141
Theta
0
t_wo + t_wo_cam
0.9 0 0
Time
1558636748161
Theta
0
t_wo + t_wo_cam
0.9 0 0
Time
1558636748182
Theta
0
t_wo + t_wo_cam
0.9 0 0
Time
1558636748206
Theta
0
t_wo + t_wo_cam
0.9 0 0
Time
1558636748227
Theta
0
t_wo + t_wo_cam
0.9 0 0
Time
1558636748247
Theta
0
t_wo + t_wo_cam
0.9 0 0
Time
1558636748272
Theta
0
t_wo + t_wo_cam
0.9 0 0
Time
1558636748292
Theta
0
t_wo + t_wo_cam
0.9 0 0
Time
1558636748313
Theta
0
t_wo + t_wo_cam
0.9 0 0
Time
1558636748337
Theta
0
t_wo + t_wo_cam
0.9 0 0
Time
1558636748358
Theta
0
t_wo + t_wo_cam
0.9 0 0
Time
1558636748378
Theta
0
t_wo + t_wo_cam
0.9 0 0
Time
1558636748403
Theta
0
t_wo + t_wo_cam
0.9 0 0
Time
1558636748423
Theta
0
t_wo + t_wo_cam
0.9 0 0
Time
1558636748444
Theta
0
t_wo + t_wo_cam
0.9 0 0
Time
1558636748464
Theta
0
t_wo + t_wo_cam
0.9 0 0
Time
1558636748489
Theta
0
t_wo + t_wo_cam
0.9 0 0
Time
1558636748510
Theta
0
t_wo + t_wo_cam
0.9 0 0
Time
1558636748530
Theta
0
t_wo + t_wo_cam
0.9 0 0
Time
1558636748555
Theta
0
t_wo + t_wo_cam
0.9 0 0
Time
1558636748575
Theta
0
t_wo + t_wo_cam
0.9 0 0
Time
1558636748596
Theta
0
t_wo + t_wo_cam
0.9 0 0
Time
1558636748620
Theta
0
t_wo + t_wo_cam
0.9 0 0
Time
1558636748641
Theta
0
t_wo + t_wo_cam
0.9 0 0
Time
1558636748661
Theta
0
t_wo + t_wo_cam
0.9 0 0
Time
1558636748686
Theta
0
t_wo + t_wo_cam
0.9 0 0
Time
1558636748706
Theta
0
t_wo + t_wo_cam
0.9 0 0
Time
1558636748727
Theta
0
t_wo + t_wo_cam
0.9 0 0
Time
1558636748751
Theta
0
t_wo + t_wo_cam
0.9 0 0
Time
1558636748772
Theta
0
t_wo + t_wo_cam
0.9 0 0
Time
1558636748792
Theta
0
t_wo + t_wo_cam
0.9 0 0
Time
1558636748817
Theta
0
t_wo + t_wo_cam
0.9 0 0
Time
1558636748837
Theta
0
t_wo + t_wo_cam
0.9 0 0
Time
1558636748858
Theta
0
t_wo + t_wo_cam
0.9 0 0
Time
1558636748882
Theta
0
t_wo + t_wo_cam
0.9 0 0
Time
1558636748903
Theta
0
t_wo + t_wo_cam
0.9 0 0
Time
1558636748923
Theta
0
t_wo + t_wo_cam
0.9 0 0
Time
1558636748948
Theta
0
t_wo + t_wo_cam
0.9 0 0
Time
1558636748968
Theta
0
t_wo + t_wo_cam
0.9 0 0
Time
1558636748989
Theta
0
t_wo + t_wo_cam
0.9 0 0
Time
1558636749013
Theta
0
t_wo + t_wo_cam
0.9 0 0
Time
1558636749034
Theta
0
t_wo + t_wo_cam
0.9 0 0
Time
1558636749054
Theta
0
t_wo + t_wo_cam
0.9 0 0
Time
1558636749079
Theta
0
t_wo + t_wo_cam
0.9 0 0
Time
1558636749099
Theta
0
t_wo + t_wo_cam
0.9 0 0
Time
1558636749120
Theta
0
t_wo + t_wo_cam
0.9 0 0
Time
1558636749144
Theta
0
t_wo + t_wo_cam
0.9 0 0
Time
1558636749165
Theta
0
t_wo + t_wo_cam
0.9 0 0
Time
1558636749185
Theta
0
t_wo + t_wo_cam
0.9 0 0
Time
1558636749210
Theta
0
t_wo + t_wo_cam
0.9 0 0
Time
1558636749231
Theta
0
t_wo + t_wo_cam
0.9 0 0
Time
1558636749251
Theta
0
t_wo + t_wo_cam
0.9 0 0
Time
1558636749276
Theta
0
t_wo + t_wo_cam
0.9 0 0
Time
1558636749296
Theta
0
t_wo + t_wo_cam
0.9 0 0
Time
1558636749317
Theta
0
t_wo + t_wo_cam
0.9 0 0
Time
1558636749341
Theta
0
t_wo + t_wo_cam
0.9 0 0
Time
1558636749362
Theta
0
t_wo + t_wo_cam
0.9 0 0
Time
1558636749382
Theta
0
t_wo + t_wo_cam
0.9 0 0
Time
1558636749407
Theta
0
t_wo + t_wo_cam
0.9 0 0
Time
1558636749427
Theta
0
t_wo + t_wo_cam
0.9 0 0
Time
1558636749448
Theta
0
t_wo + t_wo_cam
0.9 0 0
Time
1558636749472
Theta
0
t_wo + t_wo_cam
0.9 0 0
Time
1558636749493
Theta
0
t_wo + t_wo_cam
0.9 0 0
Time
1558636749513
Theta
0
t_wo + t_wo_cam
0.9 0 0
Time
1558636749538
Theta
0
t_wo + t_wo_cam
0.9 0 0
Time
1558636749558
Theta
0
t_wo + t_wo_cam
0.9 0 0
Time
1558636749579
Theta
0
t_wo + t_wo_cam
0.9 0 0
Time
1558636749603
Theta
0
t_wo + t_wo_cam
0.9 0 0
Time
1558636749624
Theta
0
t_wo + t_wo_cam
0.9 0 0
Time
1558636749644
Theta
0
t_wo + t_wo_cam
0.9 0 0
Time
1558636749669
Theta
0
t_wo + t_wo_cam
0.9 0 0
Time
1558636749689
Theta
0
t_wo + t_wo_cam
0.9 0 0
Time
1558636749710
Theta
0
t_wo + t_wo_cam
0.9 0 0
Time
1558636749735
Theta
0
t_wo + t_wo_cam
0.9 0 0
Time
1558636749755
Theta
0
t_wo + t_wo_cam
0.9 0 0
Time
1558636749776
Theta
0
t_wo + t_wo_cam
0.9 0 0
Time
1558636749800
Theta
0
t_wo + t_wo_cam
0.9 0 0
Time
1558636749821
Theta
0
t_wo + t_wo_cam
0.9 0 0
Time
1558636749841
Theta
0
t_wo + t_wo_cam
0.9 0 0
Time
1558636749866
Theta
0
t_wo + t_wo_cam
0.9 0 0
Time
1558636749886
Theta
0
t_wo + t_wo_cam
0.9 0 0
Time
1558636749907
Theta
0
t_wo + t_wo_cam
0.9 0 0
Time
1558636749931
Theta
0
t_wo + t_wo_cam
0.9 0 0
Time
1558636749952
Theta
0
t_wo + t_wo_cam
0.9 0 0
Time
1558636749972
Theta
0
t_wo + t_wo_cam
0.9 0 0
Time
1558636749997
Theta
0
t_wo + t_wo_cam
0.9 0 0
Time
1558636750017
Theta
0
t_wo + t_wo_cam
0.9 0 0
Time
1558636750038
Theta
0
t_wo + t_wo_cam
0.9 0 0
Time
1558636750062
Theta
0
t_wo + t_wo_cam
0.9 0 0
Time
1558636750083
Theta
0
t_wo + t_wo_cam
0.9 0 0
Time
1558636750103
Theta
0
t_wo + t_wo_cam
0.9 0 0
Time
1558636750128
Theta
0
t_wo + t_wo_cam
0.9 0 0
Time
1558636750148
Theta
0
t_wo + t_wo_cam
0.9 0 0
Time
1558636750169
Theta
0
t_wo + t_wo_cam
0.9 0 0
Time
1558636750194
Theta
0
t_wo + t_wo_cam
0.9 0 0
Time
1558636750214
Theta
0
t_wo + t_wo_cam
0.9 0 0
Time
1558636750235
Theta
0
t_wo + t_wo_cam
0.9 0 0
Time
1558636750259
Theta
0
t_wo + t_wo_cam
0.9 0 0
Time
1558636750280
Theta
0
t_wo + t_wo_cam
0.9 0 0
Time
1558636750300
Theta
0
t_wo + t_wo_cam
0.9 0 0
Time
1558636750325
Theta
0
t_wo + t_wo_cam
0.9 0 0
Time
1558636750345
Theta
0
t_wo + t_wo_cam
0.9 0 0
Time
1558636750366
Theta
0
t_wo + t_wo_cam
0.9 0 0
Time
1558636750386
Theta
0
t_wo + t_wo_cam
0.9 0 0
Time
1558636750411
Theta
0
t_wo + t_wo_cam
0.9 0 0
Time
1558636750431
Theta
0
t_wo + t_wo_cam
0.9 0 0
Time
1558636750452
Theta
0
t_wo + t_wo_cam
0.9 0 0
Time
1558636750476
Theta
0
t_wo + t_wo_cam
0.9 0 0
Time
1558636750497
Theta
0
t_wo + t_wo_cam
0.9 0 0
Time
1558636750517
Theta
0
t_wo + t_wo_cam
0.9 0 0
Time
1558636750542
Theta
0
t_wo + t_wo_cam
0.9 0 0
Time
1558636750562
Theta
0
t_wo + t_wo_cam
0.9 0 0
Time
1558636750583
Theta
0
t_wo + t_wo_cam
0.9 0 0
Time
1558636750607
Theta
0
t_wo + t_wo_cam
0.9 0 0
Time
1558636750628
Theta
0
t_wo + t_wo_cam
0.9 0 0
Time
1558636750648
Theta
0
t_wo + t_wo_cam
0.9 0 0
Time
1558636750673
Theta
0
t_wo + t_wo_cam
0.9 0 0
Time
1558636750693
Theta
0
t_wo + t_wo_cam
0.9 0 0
Time
1558636750714
Theta
0
t_wo + t_wo_cam
0.9 0 0
Time
1558636750739
Theta
0
t_wo + t_wo_cam
0.9 0 0
Time
1558636750759
Theta
0
t_wo + t_wo_cam
0.9 0 0
Time
1558636750779
Theta
0
t_wo + t_wo_cam
0.9 0 0
Time
1558636750804
Theta
0
t_wo + t_wo_cam
0.9 0 0
Time
1558636750825
Theta
0
t_wo + t_wo_cam
0.9 0 0
Time
1558636750845
Theta
0
t_wo + t_wo_cam
0.9 0 0
Time
1558636750870
Theta
0
t_wo + t_wo_cam
0.9 0 0
Time
1558636750890
Theta
0
t_wo + t_wo_cam
0.9 0 0
Time
1558636750911
Theta
0
t_wo + t_wo_cam
0.9 0 0
Time
1558636750935
Theta
0
t_wo + t_wo_cam
0.9 0 0
Time
1558636750956
Theta
0
t_wo + t_wo_cam
0.9 0 0
Time
1558636750976
Theta
0
t_wo + t_wo_cam
0.9 0 0
Time
1558636751001
Theta
0
t_wo + t_wo_cam
0.9 0 0
Time
1558636751021
Theta
0
t_wo + t_wo_cam
0.9 0 0
Time
1558636751042
Theta
0
t_wo + t_wo_cam
0.9 0 0
Time
1558636751066
Theta
0
t_wo + t_wo_cam
0.9 0 0
Time
1558636751087
Theta
0
t_wo + t_wo_cam
0.9 0 0
Time
1558636751107
Theta
0
t_wo + t_wo_cam
0.9 0 0
Time
1558636751132
Theta
0
t_wo + t_wo_cam
0.9 0 0
Time
1558636751152
Theta
0
t_wo + t_wo_cam
0.9 0 0
Time
1558636751173
Theta
0
t_wo + t_wo_cam
0.9 0 0
Time
1558636751197
Theta
0
t_wo + t_wo_cam
0.9 0 0
Time
1558636751218
Theta
0
t_wo + t_wo_cam
0.9 0 0
Time
1558636751238
Theta
0
t_wo + t_wo_cam
0.9 0 0
Time
1558636751263
Theta
0
t_wo + t_wo_cam
0.9 0 0
Time
1558636751284
Theta
0
t_wo + t_wo_cam
0.9 0 0
Time
1558636751304
Theta
0
t_wo + t_wo_cam
0.9 0 0
Time
1558636751329
Theta
0
t_wo + t_wo_cam
0.9 0 0
Time
1558636751349
Theta
0
t_wo + t_wo_cam
0.9 0 0
Time
1558636751369
Theta
0
t_wo + t_wo_cam
0.9 0 0
Time
1558636751394
Theta
0
t_wo + t_wo_cam
0.9 0 0
Time
1558636751415
Theta
0
t_wo + t_wo_cam
0.9 0 0
Time
1558636751435
Theta
0
t_wo + t_wo_cam
0.9 0 0
Time
1558636751460
Theta
0
t_wo + t_wo_cam
0.9 0 0
Time
1558636751480
Theta
0
t_wo + t_wo_cam
0.9 0 0
Time
1558636751501
Theta
0
t_wo + t_wo_cam
0.9 0 0
Time
1558636751525
Theta
0
t_wo + t_wo_cam
0.9 0 0
Time
1558636751546
Theta
0
t_wo + t_wo_cam
0.9 0 0
Time
1558636751566
Theta
0
t_wo + t_wo_cam
0.9 0 0
Time
1558636751591
Theta
0
t_wo + t_wo_cam
0.9 0 0
Time
1558636751611
Theta
0
t_wo + t_wo_cam
0.9 0 0
Time
1558636751632
Theta
0
t_wo + t_wo_cam
0.9 0 0
Time
1558636751656
Theta
0
t_wo + t_wo_cam
0.9 0 0
Time
1558636751677
Theta
0
t_wo + t_wo_cam
0.9 0 0
Time
1558636751697
Theta
0
t_wo + t_wo_cam
0.9 0 0
Time
1558636751722
Theta
0
t_wo + t_wo_cam
0.9 0 0
Time
1558636751742
Theta
0
t_wo + t_wo_cam
0.9 0 0
Time
1558636751763
Theta
0
t_wo + t_wo_cam
0.9 0 0
Time
1558636751787
Theta
0
t_wo + t_wo_cam
0.9 0 0
Time
1558636751808
Theta
0
t_wo + t_wo_cam
0.9 0 0
Time
1558636751828
Theta
0
t_wo + t_wo_cam
0.9 0 0
Time
1558636751853
Theta
0
t_wo + t_wo_cam
0.9 0 0
Time
1558636751873
Theta
0
t_wo + t_wo_cam
0.9 0 0
Time
1558636751894
Theta
0
t_wo + t_wo_cam
0.9 0 0
Time
1558636751919
Theta
0
t_wo + t_wo_cam
0.9 0 0
Time
1558636751939
Theta
0
t_wo + t_wo_cam
0.9 0 0
Time
1558636751960
Theta
0
t_wo + t_wo_cam
0.9 0 0
Time
1558636751984
Theta
0
t_wo + t_wo_cam
0.9 0 0
Time
1558636752005
Theta
0
t_wo + t_wo_cam
0.9 0 0
Time
1558636752025
Theta
0
t_wo + t_wo_cam
0.9 0 0
Time
1558636752050
Theta
0
t_wo + t_wo_cam
0.9 0 0
Time
1558636752070
Theta
0
t_wo + t_wo_cam
0.9 0 0
Time
1558636752091
Theta
0
t_wo + t_wo_cam
0.9 0 0
Time
1558636752115
Theta
0
t_wo + t_wo_cam
0.9 0 0
Time
1558636752136
Theta
0
t_wo + t_wo_cam
0.9 0 0
Time
1558636752157
Theta
0
t_wo + t_wo_cam
0.9 0 0
Time
1558636752181
Theta
0
t_wo + t_wo_cam
0.9 0 0
Time
1558636752201
Theta
0
t_wo + t_wo_cam
0.9 0 0
Time
1558636752222
Theta
0
t_wo + t_wo_cam
0.9 0 0
Time
1558636752246
Theta
0
t_wo + t_wo_cam
0.9 0 0
Time
1558636752267
Theta
0
t_wo + t_wo_cam
0.9 0 0
Time
1558636752287
Theta
0
t_wo + t_wo_cam
0.9 0 0
Time
1558636752308
Theta
0
t_wo + t_wo_cam
0.9 0 0
Time
1558636752332
Theta
0
t_wo + t_wo_cam
0.9 0 0
Time
1558636752353
Theta
0
t_wo + t_wo_cam
0.9 0 0
Time
1558636752373
Theta
0
t_wo + t_wo_cam
0.9 0 0
Time
1558636752398
Theta
0
t_wo + t_wo_cam
0.9 0 0
Time
1558636752418
Theta
0
t_wo + t_wo_cam
0.9 0 0
Time
1558636752439
Theta
0
t_wo + t_wo_cam
0.9 0 0
Time
1558636752464
Theta
0
t_wo + t_wo_cam
0.9 0 0
Time
1558636752484
Theta
0
t_wo + t_wo_cam
0.9 0 0
Time
1558636752505
Theta
0
t_wo + t_wo_cam
0.9 0 0
Time
1558636752529
Theta
0
t_wo + t_wo_cam
0.9 0 0
Time
1558636752550
Theta
0
t_wo + t_wo_cam
0.9 0 0
Time
1558636752570
Theta
0
t_wo + t_wo_cam
0.9 0 0
Time
1558636752595
Theta
0
t_wo + t_wo_cam
0.9 0 0
Time
1558636752615
Theta
0
t_wo + t_wo_cam
0.9 0 0
Time
1558636752636
Theta
0
t_wo + t_wo_cam
0.9 0 0
Time
1558636752660
Theta
0
t_wo + t_wo_cam
0.9 0 0
Time
1558636752681
Theta
0
t_wo + t_wo_cam
0.9 0 0
Time
1558636752701
Theta
0
t_wo + t_wo_cam
0.9 0 0
Time
1558636752726
Theta
0
t_wo + t_wo_cam
0.9 0 0
Time
1558636752746
Theta
0
t_wo + t_wo_cam
0.9 0 0
Time
1558636752767
Theta
0
t_wo + t_wo_cam
0.9 0 0
Time
1558636752791
Theta
0
t_wo + t_wo_cam
0.9 0 0
Time
1558636752812
Theta
0
t_wo + t_wo_cam
0.9 0 0
Time
1558636752832
Theta
0
t_wo + t_wo_cam
0.9 0 0
Time
1558636752857
Theta
0
t_wo + t_wo_cam
0.9 0 0
Time
1558636752878
Theta
0
t_wo + t_wo_cam
0.9 0 0
Time
1558636752898
Theta
0
t_wo + t_wo_cam
0.9 0 0
Time
1558636752923
Theta
0
t_wo + t_wo_cam
0.9 0 0
Time
1558636752943
Theta
0
t_wo + t_wo_cam
0.9 0 0
Time
1558636752964
Theta
0
t_wo + t_wo_cam
0.9 0 0
Time
1558636752988
Theta
0
t_wo + t_wo_cam
0.9 0 0
Time
1558636753009
Theta
0
t_wo + t_wo_cam
0.9 0 0
Time
1558636753029
Theta
0
t_wo + t_wo_cam
0.9 0 0
Time
1558636753054
Theta
0
t_wo + t_wo_cam
0.9 0 0
Time
1558636753074
Theta
0
t_wo + t_wo_cam
0.9 0 0
Time
1558636753095
Theta
0
t_wo + t_wo_cam
0.9 0 0
Time
1558636753119
Theta
0
t_wo + t_wo_cam
0.9 0 0
Time
1558636753140
Theta
0
t_wo + t_wo_cam
0.9 0 0
Time
1558636753160
Theta
0
t_wo + t_wo_cam
0.9 0 0
Time
1558636753185
Theta
0
t_wo + t_wo_cam
0.9 0 0
Time
1558636753205
Theta
0
t_wo + t_wo_cam
0.9 0 0
Time
1558636753226
Theta
0
t_wo + t_wo_cam
0.9 0 0
Time
1558636753250
Theta
0
t_wo + t_wo_cam
0.9 0 0
Time
1558636753271
Theta
0
t_wo + t_wo_cam
0.9 0 0
Time
1558636753291
Theta
0
t_wo + t_wo_cam
0.9 0 0
Time
1558636753316
Theta
0
t_wo + t_wo_cam
0.9 0 0
Time
1558636753336
Theta
0
t_wo + t_wo_cam
0.9 0 0
Time
1558636753357
Theta
0
t_wo + t_wo_cam
0.9 0 0
Time
1558636753382
Theta
0
t_wo + t_wo_cam
0.9 0 0
Time
1558636753402
Theta
0
t_wo + t_wo_cam
0.9 0 0
Time
1558636753423
Theta
0
t_wo + t_wo_cam
0.9 0 0
Time
1558636753447
Theta
0
t_wo + t_wo_cam
0.9 0 0
Time
1558636753468
Theta
0
t_wo + t_wo_cam
0.9 0 0
Time
1558636753488
Theta
0
t_wo + t_wo_cam
0.9 0 0
Time
1558636753513
Theta
0
t_wo + t_wo_cam
0.9 0 0
Time
1558636753533
Theta
0
t_wo + t_wo_cam
0.9 0 0
Time
1558636753554
Theta
0
t_wo + t_wo_cam
0.9 0 0
Time
1558636753578
Theta
0
t_wo + t_wo_cam
0.9 0 0
Time
1558636753599
Theta
0
t_wo + t_wo_cam
0.9 0 0
Time
1558636753619
Theta
0
t_wo + t_wo_cam
0.9 0 0
Time
1558636753644
Theta
0
t_wo + t_wo_cam
0.9 0 0
Time
1558636753664
Theta
0
t_wo + t_wo_cam
0.9 0 0
Time
1558636753685
Theta
0
t_wo + t_wo_cam
0.9 0 0
Time
1558636753709
Theta
0
t_wo + t_wo_cam
0.9 0 0
Time
1558636753730
Theta
0
t_wo + t_wo_cam
0.9 0 0
Time
1558636753750
Theta
0
t_wo + t_wo_cam
0.9 0 0
Time
1558636753775
Theta
0
t_wo + t_wo_cam
0.9 0 0
Time
1558636753796
Theta
0
t_wo + t_wo_cam
0.9 0 0
Time
1558636753816
Theta
0
t_wo + t_wo_cam
0.9 0 0
Time
1558636753841
Theta
0
t_wo + t_wo_cam
0.9 0 0
Time
1558636753861
Theta
0
t_wo + t_wo_cam
0.9 0 0
Time
1558636753882
Theta
0
t_wo + t_wo_cam
0.9 0 0
Time
1558636753906
Theta
0
t_wo + t_wo_cam
0.9 0 0
Time
1558636753927
Theta
0
t_wo + t_wo_cam
0.9 0 0
Time
1558636753947
Theta
0
t_wo + t_wo_cam
0.9 0 0
Time
1558636753972
Theta
0
t_wo + t_wo_cam
0.9 0 0
Time
1558636753992
Theta
0
t_wo + t_wo_cam
0.9 0 0
Time
1558636754013
Theta
0
t_wo + t_wo_cam
0.9 0 0
Time
1558636754037
Theta
0
t_wo + t_wo_cam
0.9 0 0
Time
1558636754058
Theta
0
t_wo + t_wo_cam
0.9 0 0
Time
1558636754078
Theta
0
t_wo + t_wo_cam
0.9 0 0
Time
1558636754103
Theta
0
t_wo + t_wo_cam
0.9 0 0
Time
1558636754123
Theta
0
t_wo + t_wo_cam
0.9 0 0
Time
1558636754144
Theta
0
t_wo + t_wo_cam
0.9 0 0
Time
1558636754164
Theta
0
t_wo + t_wo_cam
0.9 0 0
Time
1558636754189
Theta
0
t_wo + t_wo_cam
0.9 0 0
Time
1558636754209
Theta
0
t_wo + t_wo_cam
0.9 0 0
Time
1558636754230
Theta
0
t_wo + t_wo_cam
0.9 0 0
Time
1558636754254
Theta
0
t_wo + t_wo_cam
0.9 0 0
Time
1558636754275
Theta
0
t_wo + t_wo_cam
0.9 0 0
Time
1558636754295
Theta
0
t_wo + t_wo_cam
0.9 0 0
Time
1558636754320
Theta
0
t_wo + t_wo_cam
0.9 0 0
Time
1558636754340
Theta
0
t_wo + t_wo_cam
0.9 0 0
Time
1558636754361
Theta
0
t_wo + t_wo_cam
0.9 0 0
Time
1558636754386
Theta
0
t_wo + t_wo_cam
0.9 0 0
Time
1558636754406
Theta
0
t_wo + t_wo_cam
0.9 0 0
Time
1558636754427
Theta
0
t_wo + t_wo_cam
0.9 0 0
Time
1558636754451
Theta
0
t_wo + t_wo_cam
0.9 0 0
Time
1558636754472
Theta
0
t_wo + t_wo_cam
0.9 0 0
Time
1558636754492
Theta
0
t_wo + t_wo_cam
0.9 0 0
Time
1558636754517
Theta
0
t_wo + t_wo_cam
0.9 0 0
Time
1558636754537
Theta
0
t_wo + t_wo_cam
0.9 0 0
Time
1558636754558
Theta
0
t_wo + t_wo_cam
0.9 0 0
Time
1558636754582
Theta
0
t_wo + t_wo_cam
0.9 0 0
Time
1558636754603
Theta
0
t_wo + t_wo_cam
0.9 0 0
Time
1558636754623
Theta
0
t_wo + t_wo_cam
0.9 0 0
Time
1558636754648
Theta
0
t_wo + t_wo_cam
0.9 0 0
Time
1558636754668
Theta
0
t_wo + t_wo_cam
0.9 0 0
Time
1558636754689
Theta
0
t_wo + t_wo_cam
0.9 0 0
Time
1558636754713
Theta
0
t_wo + t_wo_cam
0.9 0 0
Time
1558636754734
Theta
0
t_wo + t_wo_cam
0.9 0 0
Time
1558636754754
Theta
0
t_wo + t_wo_cam
0.9 0 0
Time
1558636754779
Theta
0
t_wo + t_wo_cam
0.9 0 0
Time
1558636754799
Theta
0
t_wo + t_wo_cam
0.9 0 0
Time
1558636754820
Theta
0
t_wo + t_wo_cam
0.9 0 0
Time
1558636754844
Theta
0
t_wo + t_wo_cam
0.9 0 0
Time
1558636754865
Theta
0
t_wo + t_wo_cam
0.9 0 0
Time
1558636754885
Theta
0
t_wo + t_wo_cam
0.9 0 0
Time
1558636754910
Theta
0
t_wo + t_wo_cam
0.9 0 0
Time
1558636754931
Theta
0
t_wo + t_wo_cam
0.9 0 0
Time
1558636754951
Theta
0
t_wo + t_wo_cam
0.9 0 0
Time
1558636754976
Theta
0
t_wo + t_wo_cam
0.9 0 0
Time
1558636754996
Theta
0
t_wo + t_wo_cam
0.9 0 0
Time
1558636755017
Theta
0
t_wo + t_wo_cam
0.9 0 0
Time
1558636755041
Theta
0
t_wo + t_wo_cam
0.9 0 0
Time
1558636755062
Theta
0
t_wo + t_wo_cam
0.9 0 0
Time
1558636755082
Theta
0
t_wo + t_wo_cam
0.9 0 0
Time
1558636755107
Theta
0
t_wo + t_wo_cam
0.9 0 0
Time
1558636755127
Theta
0
t_wo + t_wo_cam
0.9 0 0
Time
1558636755148
Theta
0
t_wo + t_wo_cam
0.9 0 0
Time
1558636755172
Theta
0
t_wo + t_wo_cam
0.9 0 0
Time
1558636755193
Theta
0
t_wo + t_wo_cam
0.9 0 0
Time
1558636755213
Theta
0
t_wo + t_wo_cam
0.9 0 0
Time
1558636755238
Theta
0
t_wo + t_wo_cam
0.9 0 0
Time
1558636755258
Theta
0
t_wo + t_wo_cam
0.9 0 0
Time
1558636755279
Theta
0
t_wo + t_wo_cam
0.9 0 0
Time
1558636755303
Theta
0
t_wo + t_wo_cam
0.9 0 0
Time
1558636755324
Theta
0
t_wo + t_wo_cam
0.9 0 0
Time
1558636755344
Theta
0
t_wo + t_wo_cam
0.9 0 0
Time
1558636755369
Theta
0
t_wo + t_wo_cam
0.9 0 0
Time
1558636755390
Theta
0
t_wo + t_wo_cam
0.9 0 0
Time
1558636755410
Theta
0
t_wo + t_wo_cam
0.9 0 0
Time
1558636755435
Theta
0
t_wo + t_wo_cam
0.9 0 0
Time
1558636755455
Theta
0
t_wo + t_wo_cam
0.9 0 0
Time
1558636755476
Theta
0
t_wo + t_wo_cam
0.9 0 0
Time
1558636755500
Theta
0
t_wo + t_wo_cam
0.9 0 0
Time
1558636755521
Theta
0
t_wo + t_wo_cam
0.9 0 0
Time
1558636755541
Theta
0
t_wo + t_wo_cam
0.9 0 0
Time
1558636755566
Theta
0
t_wo + t_wo_cam
0.9 0 0
Time
1558636755586
Theta
0
t_wo + t_wo_cam
0.9 0 0
Time
1558636755607
Theta
0
t_wo + t_wo_cam
0.9 0 0
Time
1558636755631
Theta
0
t_wo + t_wo_cam
0.9 0 0
Time
1558636755652
Theta
0
t_wo + t_wo_cam
0.9 0 0
Time
1558636755672
Theta
0
t_wo + t_wo_cam
0.9 0 0
Time
1558636755697
Theta
0
t_wo + t_wo_cam
0.9 0 0
Time
1558636755717
Theta
0
t_wo + t_wo_cam
0.9 0 0
Time
1558636755738
Theta
0
t_wo + t_wo_cam
0.9 0 0
Time
1558636755762
Theta
0
t_wo + t_wo_cam
0.9 0 0
Time
1558636755783
Theta
0
t_wo + t_wo_cam
0.9 0 0
Time
1558636755803
Theta
0
t_wo + t_wo_cam
0.9 0 0
Time
1558636755828
Theta
0
t_wo + t_wo_cam
0.9 0 0
Time
1558636755849
Theta
0
t_wo + t_wo_cam
0.9 0 0
Time
1558636755869
Theta
0
t_wo + t_wo_cam
0.9 0 0
Time
1558636755894
Theta
0
t_wo + t_wo_cam
0.9 0 0
Time
1558636755914
Theta
0
t_wo + t_wo_cam
0.9 0 0
Time
1558636755934
Theta
0
t_wo + t_wo_cam
0.9 0 0
Time
1558636755959
Theta
0
t_wo + t_wo_cam
0.9 0 0
Time
1558636755980
Theta
0
t_wo + t_wo_cam
0.9 0 0
Time
1558636756000
Theta
0
t_wo + t_wo_cam
0.9 0 0
Time
1558636756025
Theta
0
t_wo + t_wo_cam
0.9 0 0
Time
1558636756045
Theta
0
t_wo + t_wo_cam
0.9 0 0
Time
1558636756066
Theta
0
t_wo + t_wo_cam
0.9 0 0
Time
1558636756086
Theta
0
t_wo + t_wo_cam
0.9 0 0
Time
1558636756111
Theta
0
t_wo + t_wo_cam
0.9 0 0
Time
1558636756131
Theta
0
t_wo + t_wo_cam
0.9 0 0
Time
1558636756152
Theta
0
t_wo + t_wo_cam
0.9 0 0
Time
1558636756176
Theta
0
t_wo + t_wo_cam
0.9 0 0
Time
1558636756197
Theta
0
t_wo + t_wo_cam
0.9 0 0
Time
1558636756217
Theta
0
t_wo + t_wo_cam
0.9 0 0
Time
1558636756242
Theta
0
t_wo + t_wo_cam
0.9 0 0
Time
1558636756262
Theta
0
t_wo + t_wo_cam
0.9 0 0
Time
1558636756283
Theta
0
t_wo + t_wo_cam
0.9 0 0
Time
1558636756307
Theta
0
t_wo + t_wo_cam
0.9 0 0
Time
1558636756328
Theta
0
t_wo + t_wo_cam
0.9 0 0
Time
1558636756348
Theta
0
t_wo + t_wo_cam
0.9 0 0
Time
1558636756373
Theta
0
t_wo + t_wo_cam
0.9 0 0
Time
1558636756393
Theta
0
t_wo + t_wo_cam
0.9 0 0
Time
1558636756414
Theta
0
t_wo + t_wo_cam
0.9 0 0
Time
1558636756439
Theta
0
t_wo + t_wo_cam
0.9 0 0
Time
1558636756459
Theta
0
t_wo + t_wo_cam
0.9 0 0
Time
1558636756479
Theta
0
t_wo + t_wo_cam
0.9 0 0
Time
1558636756504
Theta
0
t_wo + t_wo_cam
0.9 0 0
Time
1558636756525
Theta
0
t_wo + t_wo_cam
0.9 0 0
Time
1558636756545
Theta
0
t_wo + t_wo_cam
0.9 0 0
Time
1558636756570
Theta
0
t_wo + t_wo_cam
0.9 0 0
Time
1558636756590
Theta
0
t_wo + t_wo_cam
0.9 0 0
Time
1558636756611
Theta
0
t_wo + t_wo_cam
0.9 0 0
Time
1558636756635
Theta
0
t_wo + t_wo_cam
0.9 0 0
Time
1558636756656
Theta
0
t_wo + t_wo_cam
0.9 0 0
Time
1558636756676
Theta
0
t_wo + t_wo_cam
0.9 0 0
Time
1558636756701
Theta
0
t_wo + t_wo_cam
0.9 0 0
Time
1558636756721
Theta
0
t_wo + t_wo_cam
0.9 0 0
Time
1558636756742
Theta
0
t_wo + t_wo_cam
0.9 0 0
Time
1558636756766
Theta
0
t_wo + t_wo_cam
0.9 0 0
Time
1558636756787
Theta
0
t_wo + t_wo_cam
0.9 0 0
Time
1558636756807
Theta
0
t_wo + t_wo_cam
0.9 0 0
Time
1558636756832
Theta
0
t_wo + t_wo_cam
0.9 0 0
Time
1558636756852
Theta
0
t_wo + t_wo_cam
0.9 0 0
Time
1558636756873
Theta
0
t_wo + t_wo_cam
0.9 0 0
Time
1558636756898
Theta
0
t_wo + t_wo_cam
0.9 0 0
Time
1558636756918
Theta
0
t_wo + t_wo_cam
0.9 0 0
Time
1558636756938
Theta
0
t_wo + t_wo_cam
0.9 0 0
Time
1558636756963
Theta
0
t_wo + t_wo_cam
0.9 0 0
Time
1558636756984
Theta
0
t_wo + t_wo_cam
0.9 0 0
Time
1558636757004
Theta
0
t_wo + t_wo_cam
0.9 0 0
Time
1558636757029
Theta
0
t_wo + t_wo_cam
0.9 0 0
Time
1558636757049
Theta
0
t_wo + t_wo_cam
0.9 0 0
Time
1558636757070
Theta
0
t_wo + t_wo_cam
0.9 0 0
Time
1558636757094
Theta
0
t_wo + t_wo_cam
0.9 0 0
Time
1558636757115
Theta
0
t_wo + t_wo_cam
0.9 0 0
Time
1558636757135
Theta
0
t_wo + t_wo_cam
0.9 0 0
Time
1558636757160
Theta
0
t_wo + t_wo_cam
0.9 0 0
Time
1558636757180
Theta
0
t_wo + t_wo_cam
0.9 0 0
Time
1558636757201
Theta
0
t_wo + t_wo_cam
0.9 0 0
Time
1558636757225
Theta
0
t_wo + t_wo_cam
0.9 0 0
Time
1558636757246
Theta
0
t_wo + t_wo_cam
0.9 0 0
Time
1558636757266
Theta
0
t_wo + t_wo_cam
0.9 0 0
Time
1558636757291
Theta
0
t_wo + t_wo_cam
0.9 0 0
Time
1558636757311
Theta
0
t_wo + t_wo_cam
0.9 0 0
Time
1558636757332
Theta
0
t_wo + t_wo_cam
0.9 0 0
Time
1558636757356
Theta
0
t_wo + t_wo_cam
0.9 0 0
Time
1558636757377
Theta
0
t_wo + t_wo_cam
0.9 0 0
Time
1558636757397
Theta
0
t_wo + t_wo_cam
0.9 0 0
Time
1558636757422
Theta
0
t_wo + t_wo_cam
0.9 0 0
Time
1558636757442
Theta
0
t_wo + t_wo_cam
0.9 0 0
Time
1558636757463
Theta
0
t_wo + t_wo_cam
0.9 0 0
Time
1558636757487
Theta
0
t_wo + t_wo_cam
0.9 0 0
Time
1558636757508
Theta
0
t_wo + t_wo_cam
0.9 0 0
Time
1558636757528
Theta
0
t_wo + t_wo_cam
0.9 0 0
Time
1558636757553
Theta
0
t_wo + t_wo_cam
0.9 0 0
Time
1558636757573
Theta
0
t_wo + t_wo_cam
0.9 0 0
Time
1558636757594
Theta
0
t_wo + t_wo_cam
0.9 0 0
Time
1558636757618
Theta
0
t_wo + t_wo_cam
0.9 0 0
Time
1558636757639
Theta
0
t_wo + t_wo_cam
0.9 0 0
Time
1558636757659
Theta
0
t_wo + t_wo_cam
0.9 0 0
Time
1558636757684
Theta
0
t_wo + t_wo_cam
0.9 0 0
Time
1558636757704
Theta
0
t_wo + t_wo_cam
0.9 0 0
Time
1558636757725
Theta
0
t_wo + t_wo_cam
0.9 0 0
Time
1558636757749
Theta
0
t_wo + t_wo_cam
0.9 0 0
Time
1558636757770
Theta
0
t_wo + t_wo_cam
0.9 0 0
Time
1558636757790
Theta
0
t_wo + t_wo_cam
0.9 0 0
Time
1558636757815
Theta
0
t_wo + t_wo_cam
0.9 0 0
Time
1558636757835
Theta
0
t_wo + t_wo_cam
0.9 0 0
Time
1558636757856
Theta
0
t_wo + t_wo_cam
0.9 0 0
Time
1558636757881
Theta
0
t_wo + t_wo_cam
0.9 0 0
Time
1558636757901
Theta
0
t_wo + t_wo_cam
0.9 0 0
Time
1558636757921
Theta
0
t_wo + t_wo_cam
0.9 0 0
Time
1558636757942
Theta
0
t_wo + t_wo_cam
0.9 0 0
Time
1558636757966
Theta
0
t_wo + t_wo_cam
0.9 0 0
Time
1558636757987
Theta
0
t_wo + t_wo_cam
0.9 0 0
Time
1558636758007
Theta
0
t_wo + t_wo_cam
0.9 0 0
Time
1558636758032
Theta
0
t_wo + t_wo_cam
0.9 0 0
Time
1558636758053
Theta
0
t_wo + t_wo_cam
0.9 0 0
Time
1558636758073
Theta
0
t_wo + t_wo_cam
0.9 0 0
Time
1558636758098
Theta
0
t_wo + t_wo_cam
0.9 0 0
Time
1558636758118
Theta
0
t_wo + t_wo_cam
0.9 0 0
Time
1558636758139
Theta
0
t_wo + t_wo_cam
0.9 0 0
Time
1558636758163
Theta
0
t_wo + t_wo_cam
0.9 0 0
Time
1558636758184
Theta
0
t_wo + t_wo_cam
0.9 0 0
Time
1558636758204
Theta
0
t_wo + t_wo_cam
0.9 0 0
Time
1558636758229
Theta
0
t_wo + t_wo_cam
0.9 0 0
Time
1558636758249
Theta
0
t_wo + t_wo_cam
0.9 0 0
Time
1558636758270
Theta
0
t_wo + t_wo_cam
0.9 0 0
Time
1558636758294
Theta
0
t_wo + t_wo_cam
0.9 0 0
Time
1558636758315
Theta
0
t_wo + t_wo_cam
0.9 0 0
Time
1558636758335
Theta
0
t_wo + t_wo_cam
0.9 0 0
Time
1558636758360
Theta
0
t_wo + t_wo_cam
0.9 0 0
Time
1558636758380
Theta
0
t_wo + t_wo_cam
0.9 0 0
Time
1558636758401
Theta
0
t_wo + t_wo_cam
0.9 0 0
Time
1558636758425
Theta
0
t_wo + t_wo_cam
0.9 0 0
Time
1558636758446
Theta
0
t_wo + t_wo_cam
0.9 0 0
Time
1558636758466
Theta
0
t_wo + t_wo_cam
0.9 0 0
Time
1558636758491
Theta
0
t_wo + t_wo_cam
0.9 0 0
Time
1558636758511
Theta
0
t_wo + t_wo_cam
0.9 0 0
Time
1558636758532
Theta
0
t_wo + t_wo_cam
0.9 0 0
Time
1558636758556
Theta
0
t_wo + t_wo_cam
0.9 0 0
Time
1558636758577
Theta
0
t_wo + t_wo_cam
0.9 0 0
Time
1558636758597
Theta
0
t_wo + t_wo_cam
0.9 0 0
Time
1558636758622
Theta
0
t_wo + t_wo_cam
0.9 0 0
Time
1558636758642
Theta
0
t_wo + t_wo_cam
0.9 0 0
Time
1558636758663
Theta
0
t_wo + t_wo_cam
0.9 0 0
Time
1558636758687
Theta
0
t_wo + t_wo_cam
0.9 0 0
Time
1558636758708
Theta
0
t_wo + t_wo_cam
0.9 0 0
Time
1558636758728
Theta
0
t_wo + t_wo_cam
0.9 0 0
Time
1558636758753
Theta
0
t_wo + t_wo_cam
0.9 0 0
Time
1558636758774
Theta
0
t_wo + t_wo_cam
0.9 0 0
Time
1558636758794
Theta
0
t_wo + t_wo_cam
0.9 0 0
Time
1558636758818
Theta
0
t_wo + t_wo_cam
0.9 0 0
Time
1558636758839
Theta
0
t_wo + t_wo_cam
0.9 0 0
Time
1558636758859
Theta
0
t_wo + t_wo_cam
0.9 0 0
Time
1558636758884
Theta
0
t_wo + t_wo_cam
0.9 0 0
Time
1558636758905
Theta
0
t_wo + t_wo_cam
0.9 0 0
Time
1558636758925
Theta
0
t_wo + t_wo_cam
0.9 0 0
Time
1558636758949
Theta
0
t_wo + t_wo_cam
0.9 0 0
Time
1558636758970
Theta
0
t_wo + t_wo_cam
0.9 0 0
Time
1558636758991
Theta
0
t_wo + t_wo_cam
0.9 0 0
Time
1558636759015
Theta
0
t_wo + t_wo_cam
0.9 0 0
Time
1558636759036
Theta
0
t_wo + t_wo_cam
0.9 0 0
Time
1558636759056
Theta
0
t_wo + t_wo_cam
0.9 0 0
Time
1558636759081
Theta
0
t_wo + t_wo_cam
0.9 0 0
Time
1558636759101
Theta
0
t_wo + t_wo_cam
0.9 0 0
Time
1558636759121
Theta
0
t_wo + t_wo_cam
0.9 0 0
Time
1558636759146
Theta
0
t_wo + t_wo_cam
0.9 0 0
Time
1558636759167
Theta
0
t_wo + t_wo_cam
0.9 0 0
Time
1558636759187
Theta
0
t_wo + t_wo_cam
0.9 0 0
Time
1558636759212
Theta
0
t_wo + t_wo_cam
0.9 0 0
Time
1558636759232
Theta
0
t_wo + t_wo_cam
0.9 0 0
Time
1558636759253
Theta
0
t_wo + t_wo_cam
0.9 0 0
Time
1558636759277
Theta
0
t_wo + t_wo_cam
0.9 0 0
Time
1558636759298
Theta
0
t_wo + t_wo_cam
0.9 0 0
Time
1558636759318
Theta
0
t_wo + t_wo_cam
0.9 0 0
Time
1558636759343
Theta
0
t_wo + t_wo_cam
0.9 0 0
Time
1558636759363
Theta
0
t_wo + t_wo_cam
0.9 0 0
Time
1558636759384
Theta
0
t_wo + t_wo_cam
0.9 0 0
Time
1558636759408
Theta
0
t_wo + t_wo_cam
0.9 0 0
Time
1558636759429
Theta
0
t_wo + t_wo_cam
0.9 0 0
Time
1558636759449
Theta
0
t_wo + t_wo_cam
0.9 0 0
Time
1558636759474
Theta
0
t_wo + t_wo_cam
0.9 0 0
Time
1558636759494
Theta
0
t_wo + t_wo_cam
0.9 0 0
Time
1558636759515
Theta
0
t_wo + t_wo_cam
0.9 0 0
Time
1558636759539
Theta
0
t_wo + t_wo_cam
0.9 0 0
Time
1558636759560
Theta
0
t_wo + t_wo_cam
0.9 0 0
Time
1558636759580
Theta
0
t_wo + t_wo_cam
0.9 0 0
Time
1558636759605
Theta
0
t_wo + t_wo_cam
0.9 0 0
Time
1558636759625
Theta
0
t_wo + t_wo_cam
0.9 0 0
Time
1558636759646
Theta
0
t_wo + t_wo_cam
0.9 0 0
Time
1558636759670
Theta
0
t_wo + t_wo_cam
0.9 0 0
Time
1558636759691
Theta
0
t_wo + t_wo_cam
0.9 0 0
Time
1558636759711
Theta
0
t_wo + t_wo_cam
0.9 0 0
Time
1558636759736
Theta
0
t_wo + t_wo_cam
0.9 0 0
Time
1558636759756
Theta
0
t_wo + t_wo_cam
0.9 0 0
Time
1558636759777
Theta
0
t_wo + t_wo_cam
0.9 0 0
Time
1558636759801
Theta
0
t_wo + t_wo_cam
0.9 0 0
Time
1558636759822
Theta
0
t_wo + t_wo_cam
0.9 0 0
Time
1558636759842
Theta
0
t_wo + t_wo_cam
0.9 0 0
Time
1558636759863
Theta
0
t_wo + t_wo_cam
0.9 0 0
Time
1558636759887
Theta
0
t_wo + t_wo_cam
0.9 0 0
Time
1558636759908
Theta
0
t_wo + t_wo_cam
0.9 0 0
Time
1558636759928
Theta
0
t_wo + t_wo_cam
0.9 0 0
Time
1558636759953
Theta
0
t_wo + t_wo_cam
0.9 0 0
Time
1558636759974
Theta
0
t_wo + t_wo_cam
0.9 0 0
Time
1558636759994
Theta
0
t_wo + t_wo_cam
0.9 0 0
Time
1558636760018
Theta
0
t_wo + t_wo_cam
0.9 0 0
Time
1558636760039
Theta
0
t_wo + t_wo_cam
0.9 0 0
Time
1558636760059
Theta
0
t_wo + t_wo_cam
0.9 0 0
Time
1558636760084
Theta
0
t_wo + t_wo_cam
0.9 0 0
Time
1558636760105
Theta
0
t_wo + t_wo_cam
0.9 0 0
Time
1558636760125
Theta
0
t_wo + t_wo_cam
0.9 0 0
Time
1558636760150
Theta
0
t_wo + t_wo_cam
0.9 0 0
Time
1558636760170
Theta
0
t_wo + t_wo_cam
0.9 0 0
Time
1558636760191
Theta
0
t_wo + t_wo_cam
0.9 0 0
Time
1558636760215
Theta
0
t_wo + t_wo_cam
0.9 0 0
Time
1558636760236
Theta
0
t_wo + t_wo_cam
0.9 0 0
Time
1558636760256
Theta
0
t_wo + t_wo_cam
0.9 0 0
Time
1558636760281
Theta
0
t_wo + t_wo_cam
0.9 0 0
Time
1558636760301
Theta
0
t_wo + t_wo_cam
0.9 0 0
Time
1558636760322
Theta
0
t_wo + t_wo_cam
0.9 0 0
Time
1558636760346
Theta
0
t_wo + t_wo_cam
0.9 0 0
Time
1558636760367
Theta
0
t_wo + t_wo_cam
0.9 0 0
Time
1558636760387
Theta
0
t_wo + t_wo_cam
0.9 0 0
Time
1558636760412
Theta
0
t_wo + t_wo_cam
0.9 0 0
Time
1558636760432
Theta
0
t_wo + t_wo_cam
0.9 0 0
Time
1558636760453
Theta
0
t_wo + t_wo_cam
0.9 0 0
Time
1558636760477
Theta
0
t_wo + t_wo_cam
0.9 0 0
Time
1558636760498
Theta
0
t_wo + t_wo_cam
0.9 0 0
Time
1558636760518
Theta
0
t_wo + t_wo_cam
0.9 0 0
Time
1558636760543
Theta
0
t_wo + t_wo_cam
0.9 0 0
Time
1558636760563
Theta
0
t_wo + t_wo_cam
0.9 0 0
Time
1558636760584
Theta
0
t_wo + t_wo_cam
0.9 0 0
Time
1558636760608
Theta
0
t_wo + t_wo_cam
0.9 0 0
Time
1558636760629
Theta
0
t_wo + t_wo_cam
0.9 0 0
Time
1558636760649
Theta
0
t_wo + t_wo_cam
0.9 0 0
Time
1558636760674
Theta
0
t_wo + t_wo_cam
0.9 0 0
Time
1558636760694
Theta
0
t_wo + t_wo_cam
0.9 0 0
Time
1558636760715
Theta
0
t_wo + t_wo_cam
0.9 0 0
Time
1558636760739
Theta
0
t_wo + t_wo_cam
0.9 0 0
Time
1558636760760
Theta
0
t_wo + t_wo_cam
0.9 0 0
Time
1558636760780
Theta
0
t_wo + t_wo_cam
0.9 0 0
Time
1558636760805
Theta
0
t_wo + t_wo_cam
0.9 0 0
Time
1558636760825
Theta
0
t_wo + t_wo_cam
0.9 0 0
Time
1558636760846
Theta
0
t_wo + t_wo_cam
0.9 0 0
Time
1558636760870
Theta
0
t_wo + t_wo_cam
0.9 0 0
Time
1558636760891
Theta
0
t_wo + t_wo_cam
0.9 0 0
Time
1558636760911
Theta
0
t_wo + t_wo_cam
0.9 0 0
Time
1558636760936
Theta
0
t_wo + t_wo_cam
0.9 0 0
Time
1558636760956
Theta
0
t_wo + t_wo_cam
0.9 0 0
Time
1558636760977
Theta
0
t_wo + t_wo_cam
0.9 0 0
Time
1558636761002
Theta
0
t_wo + t_wo_cam
0.9 0 0
Time
1558636761022
Theta
0
t_wo + t_wo_cam
0.9 0 0
Time
1558636761042
Theta
0
t_wo + t_wo_cam
0.9 0 0
Time
1558636761067
Theta
0
t_wo + t_wo_cam
0.9 0 0
Time
1558636761088
Theta
0
t_wo + t_wo_cam
0.9 0 0
Time
1558636761108
Theta
0
t_wo + t_wo_cam
0.9 0 0
Time
1558636761133
Theta
0
t_wo + t_wo_cam
0.9 0 0
Time
1558636761153
Theta
0
t_wo + t_wo_cam
0.9 0 0
Time
1558636761174
Theta
0
t_wo + t_wo_cam
0.9 0 0
Time
1558636761198
Theta
0
t_wo + t_wo_cam
0.9 0 0
Time
1558636761219
Theta
0
t_wo + t_wo_cam
0.9 0 0
Time
1558636761239
Theta
0
t_wo + t_wo_cam
0.9 0 0
Time
1558636761264
Theta
0
t_wo + t_wo_cam
0.9 0 0
Time
1558636761284
Theta
0
t_wo + t_wo_cam
0.9 0 0
Time
1558636761305
Theta
0
t_wo + t_wo_cam
0.9 0 0
Time
1558636761329
Theta
0
t_wo + t_wo_cam
0.9 0 0
Time
1558636761350
Theta
0
t_wo + t_wo_cam
0.9 0 0
Time
1558636761370
Theta
0
t_wo + t_wo_cam
0.9 0 0
Time
1558636761395
Theta
0
t_wo + t_wo_cam
0.9 0 0
Time
1558636761415
Theta
0
t_wo + t_wo_cam
0.9 0 0
Time
1558636761436
Theta
0
t_wo + t_wo_cam
0.9 0 0
Time
1558636761460
Theta
0
t_wo + t_wo_cam
0.9 0 0
Time
1558636761481
Theta
0
t_wo + t_wo_cam
0.9 0 0
Time
1558636761501
Theta
0
t_wo + t_wo_cam
0.9 0 0
Time
1558636761526
Theta
0
t_wo + t_wo_cam
0.9 0 0
Time
1558636761546
Theta
0
t_wo + t_wo_cam
0.9 0 0
Time
1558636761567
Theta
0
t_wo + t_wo_cam
0.9 0 0
Time
1558636761591
Theta
0
t_wo + t_wo_cam
0.9 0 0
Time
1558636761612
Theta
0
t_wo + t_wo_cam
0.9 0 0
Time
1558636761632
Theta
0
t_wo + t_wo_cam
0.9 0 0
Time
1558636761657
Theta
0
t_wo + t_wo_cam
0.9 0 0
Time
1558636761677
Theta
0
t_wo + t_wo_cam
0.9 0 0
Time
1558636761698
Theta
0
t_wo + t_wo_cam
0.9 0 0
Time
1558636761722
Theta
0
t_wo + t_wo_cam
0.9 0 0
Time
1558636761743
Theta
0
t_wo + t_wo_cam
0.9 0 0
Time
1558636761763
Theta
0
t_wo + t_wo_cam
0.9 0 0
Time
1558636761784
Theta
0
t_wo + t_wo_cam
0.9 0 0
Time
1558636761808
Theta
0
t_wo + t_wo_cam
0.9 0 0
Time
1558636761829
Theta
0
t_wo + t_wo_cam
0.9 0 0
Time
1558636761849
Theta
0
t_wo + t_wo_cam
0.9 0 0
Time
1558636761874
Theta
0
t_wo + t_wo_cam
0.9 0 0
Time
1558636761894
Theta
0
t_wo + t_wo_cam
0.9 0 0
Time
1558636761915
Theta
0
t_wo + t_wo_cam
0.9 0 0
Time
1558636761939
Theta
0
t_wo + t_wo_cam
0.9 0 0
Time
1558636761960
Theta
0
t_wo + t_wo_cam
0.9 0 0
Time
1558636761980
Theta
0
t_wo + t_wo_cam
0.9 0 0
Time
1558636762005
Theta
0
t_wo + t_wo_cam
0.9 0 0
Time
1558636762025
Theta
0
t_wo + t_wo_cam
0.9 0 0
Time
1558636762046
Theta
0
t_wo + t_wo_cam
0.9 0 0
Time
1558636762071
Theta
0
t_wo + t_wo_cam
0.9 0 0
Time
1558636762091
Theta
0
t_wo + t_wo_cam
0.9 0 0
Time
1558636762111
Theta
0
t_wo + t_wo_cam
0.9 0 0
Time
1558636762136
Theta
0
t_wo + t_wo_cam
0.9 0 0
Time
1558636762157
Theta
0
t_wo + t_wo_cam
0.9 0 0
Time
1558636762177
Theta
0
t_wo + t_wo_cam
0.9 0 0
Time
1558636762202
Theta
0
t_wo + t_wo_cam
0.9 0 0
Time
1558636762222
Theta
0
t_wo + t_wo_cam
0.9 0 0
Time
1558636762243
Theta
0
t_wo + t_wo_cam
0.9 0 0
Time
1558636762267
Theta
0
t_wo + t_wo_cam
0.9 0 0
Time
1558636762288
Theta
0
t_wo + t_wo_cam
0.9 0 0
Time
1558636762308
Theta
0
t_wo + t_wo_cam
0.9 0 0
Time
1558636762333
Theta
0
t_wo + t_wo_cam
0.9 0 0
Time
1558636762353
Theta
0
t_wo + t_wo_cam
0.9 0 0
Time
1558636762374
Theta
0
t_wo + t_wo_cam
0.9 0 0
Time
1558636762398
Theta
0
t_wo + t_wo_cam
0.9 0 0
Time
1558636762419
Theta
0
t_wo + t_wo_cam
0.9 0 0
Time
1558636762439
Theta
0
t_wo + t_wo_cam
0.9 0 0
Time
1558636762464
Theta
0
t_wo + t_wo_cam
0.9 0 0
Time
1558636762484
Theta
0
t_wo + t_wo_cam
0.9 0 0
Time
1558636762505
Theta
0
t_wo + t_wo_cam
0.9 0 0
Time
1558636762529
Theta
0
t_wo + t_wo_cam
0.9 0 0
Time
1558636762550
Theta
0
t_wo + t_wo_cam
0.9 0 0
Time
1558636762570
Theta
0
t_wo + t_wo_cam
0.9 0 0
Time
1558636762595
Theta
0
t_wo + t_wo_cam
0.9 0 0
Time
1558636762615
Theta
0
t_wo + t_wo_cam
0.9 0 0
Time
1558636762636
Theta
0
t_wo + t_wo_cam
0.9 0 0
Time
1558636762660
Theta
0
t_wo + t_wo_cam
0.9 0 0
Time
1558636762681
Theta
0
t_wo + t_wo_cam
0.9 0 0
Time
1558636762701
Theta
0
t_wo + t_wo_cam
0.9 0 0
Time
1558636762726
Theta
0
t_wo + t_wo_cam
0.9 0 0
Time
1558636762746
Theta
0
t_wo + t_wo_cam
0.9 0 0
Time
1558636762767
Theta
0
t_wo + t_wo_cam
0.9 0 0
Time
1558636762791
Theta
0
t_wo + t_wo_cam
0.9 0 0
Time
1558636762812
Theta
0
t_wo + t_wo_cam
0.9 0 0
Time
1558636762832
Theta
0
t_wo + t_wo_cam
0.9 0 0
Time
1558636762857
Theta
0
t_wo + t_wo_cam
0.9 0 0
Time
1558636762877
Theta
0
t_wo + t_wo_cam
0.9 0 0
Time
1558636762898
Theta
0
t_wo + t_wo_cam
0.9 0 0
Time
1558636762922
Theta
0
t_wo + t_wo_cam
0.9 0 0
Time
1558636762943
Theta
0
t_wo + t_wo_cam
0.9 0 0
Time
1558636762963
Theta
0
t_wo + t_wo_cam
0.9 0 0
Time
1558636762988
Theta
0
t_wo + t_wo_cam
0.9 0 0
Time
1558636763008
Theta
0
t_wo + t_wo_cam
0.9 0 0
Time
1558636763029
Theta
0
t_wo + t_wo_cam
0.9 0 0
Time
1558636763054
Theta
0
t_wo + t_wo_cam
0.9 0 0
Time
1558636763074
Theta
0
t_wo + t_wo_cam
0.9 0 0
Time
1558636763094
Theta
0
t_wo + t_wo_cam
0.9 0 0
Time
1558636763119
Theta
0
t_wo + t_wo_cam
0.9 0 0
Time
1558636763140
Theta
0
t_wo + t_wo_cam
0.9 0 0
Time
1558636763160
Theta
0
t_wo + t_wo_cam
0.9 0 0
Time
1558636763185
Theta
0
t_wo + t_wo_cam
0.9 0 0
Time
1558636763205
Theta
0
t_wo + t_wo_cam
0.9 0 0
Time
1558636763226
Theta
0
t_wo + t_wo_cam
0.9 0 0
Time
1558636763250
Theta
0
t_wo + t_wo_cam
0.9 0 0
Time
1558636763271
Theta
0
t_wo + t_wo_cam
0.9 0 0
Time
1558636763291
Theta
0
t_wo + t_wo_cam
0.9 0 0
Time
1558636763316
Theta
0
t_wo + t_wo_cam
0.9 0 0
Time
1558636763336
Theta
0
t_wo + t_wo_cam
0.9 0 0
Time
1558636763357
Theta
0
t_wo + t_wo_cam
0.9 0 0
Time
1558636763381
Theta
0
t_wo + t_wo_cam
0.9 0 0
Time
1558636763402
Theta
0
t_wo + t_wo_cam
0.9 0 0
Time
1558636763422
Theta
0
t_wo + t_wo_cam
0.9 0 0
Time
1558636763447
Theta
0
t_wo + t_wo_cam
0.9 0 0
Time
1558636763467
Theta
0
t_wo + t_wo_cam
0.9 0 0
Time
1558636763488
Theta
0
t_wo + t_wo_cam
0.9 0 0
Time
1558636763512
Theta
0
t_wo + t_wo_cam
0.9 0 0
Time
1558636763533
Theta
0
t_wo + t_wo_cam
0.9 0 0
Time
1558636763553
Theta
0
t_wo + t_wo_cam
0.9 0 0
Time
1558636763578
Theta
0
t_wo + t_wo_cam
0.9 0 0
Time
1558636763598
Theta
0
t_wo + t_wo_cam
0.9 0 0
Time
1558636763619
Theta
0
t_wo + t_wo_cam
0.9 0 0
Time
1558636763639
Theta
0
t_wo + t_wo_cam
0.9 0 0
Time
1558636763664
Theta
0
t_wo + t_wo_cam
0.9 0 0
Time
1558636763684
Theta
0
t_wo + t_wo_cam
0.9 0 0
Time
1558636763705
Theta
0
t_wo + t_wo_cam
0.9 0 0
Time
1558636763729
Theta
0
t_wo + t_wo_cam
0.9 0 0
Time
1558636763750
Theta
0
t_wo + t_wo_cam
0.9 0 0
Time
1558636763770
Theta
0
t_wo + t_wo_cam
0.9 0 0
Time
1558636763795
Theta
0
t_wo + t_wo_cam
0.9 0 0
Time
1558636763815
Theta
0
t_wo + t_wo_cam
0.9 0 0
Time
1558636763836
Theta
0
t_wo + t_wo_cam
0.9 0 0
Time
1558636763860
Theta
0
t_wo + t_wo_cam
0.9 0 0
Time
1558636763881
Theta
0
t_wo + t_wo_cam
0.9 0 0
Time
1558636763901
Theta
0
t_wo + t_wo_cam
0.9 0 0
Time
1558636763926
Theta
0
t_wo + t_wo_cam
0.9 0 0
Time
1558636763946
Theta
0
t_wo + t_wo_cam
0.9 0 0
Time
1558636763967
Theta
0
t_wo + t_wo_cam
0.9 0 0
Time
1558636763991
Theta
0
t_wo + t_wo_cam
0.9 0 0
Time
1558636764012
Theta
0
t_wo + t_wo_cam
0.9 0 0
Time
1558636764032
Theta
0
t_wo + t_wo_cam
0.9 0 0
Time
1558636764057
Theta
0
t_wo + t_wo_cam
0.9 0 0
Time
1558636764077
Theta
0
t_wo + t_wo_cam
0.9 0 0
Time
1558636764098
Theta
0
t_wo + t_wo_cam
0.9 0 0
Time
1558636764122
Theta
0
t_wo + t_wo_cam
0.9 0 0
Time
1558636764143
Theta
0
t_wo + t_wo_cam
0.9 0 0
Time
1558636764164
Theta
0
t_wo + t_wo_cam
0.9 0 0
Time
1558636764188
Theta
0
t_wo + t_wo_cam
0.9 0 0
Time
1558636764208
Theta
0
t_wo + t_wo_cam
0.9 0 0
Time
1558636764229
Theta
0
t_wo + t_wo_cam
0.9 0 0
Time
1558636764254
Theta
0
t_wo + t_wo_cam
0.9 0 0
Time
1558636764274
Theta
0
t_wo + t_wo_cam
0.9 0 0
Time
1558636764295
Theta
0
t_wo + t_wo_cam
0.9 0 0
Time
1558636764319
Theta
0
t_wo + t_wo_cam
0.9 0 0
Time
1558636764340
Theta
0
t_wo + t_wo_cam
0.9 0 0
Time
1558636764360
Theta
0
t_wo + t_wo_cam
0.9 0 0
Time
1558636764385
Theta
0
t_wo + t_wo_cam
0.9 0 0
Time
1558636764405
Theta
0
t_wo + t_wo_cam
0.9 0 0
Time
1558636764426
Theta
0
t_wo + t_wo_cam
0.9 0 0
Time
1558636764450
Theta
0
t_wo + t_wo_cam
0.9 0 0
Time
1558636764471
Theta
0
t_wo + t_wo_cam
0.9 0 0
Time
1558636764491
Theta
0
t_wo + t_wo_cam
0.9 0 0
Time
1558636764516
Theta
0
t_wo + t_wo_cam
0.9 0 0
Time
1558636764536
Theta
0
t_wo + t_wo_cam
0.9 0 0
Time
1558636764557
Theta
0
t_wo + t_wo_cam
0.9 0 0
Time
1558636764581
Theta
0
t_wo + t_wo_cam
0.9 0 0
Time
1558636764602
Theta
0
t_wo + t_wo_cam
0.9 0 0
Time
1558636764622
Theta
0
t_wo + t_wo_cam
0.9 0 0
Time
1558636764647
Theta
0
t_wo + t_wo_cam
0.9 0 0
Time
1558636764667
Theta
0
t_wo + t_wo_cam
0.9 0 0
Time
1558636764688
Theta
0
t_wo + t_wo_cam
0.9 0 0
Time
1558636764712
Theta
0
t_wo + t_wo_cam
0.9 0 0
Time
1558636764733
Theta
0
t_wo + t_wo_cam
0.9 0 0
Time
1558636764754
Theta
0
t_wo + t_wo_cam
0.9 0 0
Time
1558636764778
Theta
0
t_wo + t_wo_cam
0.9 0 0
Time
1558636764798
Theta
0
t_wo + t_wo_cam
0.9 0 0
Time
1558636764819
Theta
0
t_wo + t_wo_cam
0.9 0 0
Time
1558636764843
Theta
0
t_wo + t_wo_cam
0.9 0 0
Time
1558636764864
Theta
0
t_wo + t_wo_cam
0.9 0 0
Time
1558636764884
Theta
0
t_wo + t_wo_cam
0.9 0 0
Time
1558636764909
Theta
0
t_wo + t_wo_cam
0.9 0 0
Time
1558636764929
Theta
0
t_wo + t_wo_cam
0.9 0 0
Time
1558636764950
Theta
0
t_wo + t_wo_cam
0.9 0 0
Time
1558636764974
Theta
0
t_wo + t_wo_cam
0.9 0 0
Time
1558636764995
Theta
0
t_wo + t_wo_cam
0.9 0 0
Time
1558636765015
Theta
0
t_wo + t_wo_cam
0.9 0 0
Time
1558636765040
Theta
0
t_wo + t_wo_cam
0.9 0 0
Time
1558636765061
Theta
0
t_wo + t_wo_cam
0.9 0 0
Time
1558636765081
Theta
0
t_wo + t_wo_cam
0.9 0 0
Time
1558636765106
Theta
0
t_wo + t_wo_cam
0.9 0 0
Time
1558636765126
Theta
0
t_wo + t_wo_cam
0.9 0 0
Time
1558636765146
Theta
0
t_wo + t_wo_cam
0.9 0 0
Time
1558636765171
Theta
0
t_wo + t_wo_cam
0.9 0 0
Time
1558636765192
Theta
0
t_wo + t_wo_cam
0.9 0 0
Time
1558636765212
Theta
0
t_wo + t_wo_cam
0.9 0 0
Time
1558636765237
Theta
0
t_wo + t_wo_cam
0.9 0 0
Time
1558636765257
Theta
0
t_wo + t_wo_cam
0.9 0 0
Time
1558636765278
Theta
0
t_wo + t_wo_cam
0.9 0 0
Time
1558636765302
Theta
0
t_wo + t_wo_cam
0.9 0 0
Time
1558636765323
Theta
0
t_wo + t_wo_cam
0.9 0 0
Time
1558636765343
Theta
0
t_wo + t_wo_cam
0.9 0 0
Time
1558636765368
Theta
0
t_wo + t_wo_cam
0.9 0 0
Time
1558636765388
Theta
0
t_wo + t_wo_cam
0.9 0 0
Time
1558636765409
Theta
0
t_wo + t_wo_cam
0.9 0 0
Time
1558636765433
Theta
0
t_wo + t_wo_cam
0.9 0 0
Time
1558636765454
Theta
0
t_wo + t_wo_cam
0.9 0 0
Time
1558636765474
Theta
0
t_wo + t_wo_cam
0.9 0 0
Time
1558636765499
Theta
0
t_wo + t_wo_cam
0.9 0 0
Time
1558636765519
Theta
0
t_wo + t_wo_cam
0.9 0 0
Time
1558636765540
Theta
0
t_wo + t_wo_cam
0.9 0 0
Time
1558636765560
Theta
0
t_wo + t_wo_cam
0.9 0 0
Time
1558636765585
Theta
0
t_wo + t_wo_cam
0.9 0 0
Time
1558636765605
Theta
0
t_wo + t_wo_cam
0.9 0 0
Time
1558636765626
Theta
0
t_wo + t_wo_cam
0.9 0 0
Time
1558636765650
Theta
0
t_wo + t_wo_cam
0.9 0 0
Time
1558636765671
Theta
0
t_wo + t_wo_cam
0.9 0 0
Time
1558636765691
Theta
0
t_wo + t_wo_cam
0.9 0 0
Time
1558636765716
Theta
0
t_wo + t_wo_cam
0.9 0 0
Time
1558636765736
Theta
0
t_wo + t_wo_cam
0.9 0 0
Time
1558636765757
Theta
0
t_wo + t_wo_cam
0.9 0 0
Time
1558636765781
Theta
0
t_wo + t_wo_cam
0.9 0 0
Time
1558636765802
Theta
0
t_wo + t_wo_cam
0.9 0 0
Time
1558636765822
Theta
0
t_wo + t_wo_cam
0.9 0 0
Time
1558636765847
Theta
0
t_wo + t_wo_cam
0.9 0 0
Time
1558636765867
Theta
0
t_wo + t_wo_cam
0.9 0 0
Time
1558636765888
Theta
0
t_wo + t_wo_cam
0.9 0 0
Time
1558636765912
Theta
0
t_wo + t_wo_cam
0.9 0 0
Time
1558636765933
Theta
0
t_wo + t_wo_cam
0.9 0 0
Time
1558636765953
Theta
0
t_wo + t_wo_cam
0.9 0 0
Time
1558636765978
Theta
0
t_wo + t_wo_cam
0.9 0 0
Time
1558636765998
Theta
0
t_wo + t_wo_cam
0.9 0 0
Time
1558636766019
Theta
0
t_wo + t_wo_cam
0.9 0 0
Time
1558636766044
Theta
0
t_wo + t_wo_cam
0.9 0 0
Time
1558636766064
Theta
0
t_wo + t_wo_cam
0.9 0 0
Time
1558636766084
Theta
0
t_wo + t_wo_cam
0.9 0 0
Time
1558636766109
Theta
0
t_wo + t_wo_cam
0.9 0 0
Time
1558636766129
Theta
0
t_wo + t_wo_cam
0.9 0 0
Time
1558636766150
Theta
0
t_wo + t_wo_cam
0.9 0 0
Time
1558636766174
Theta
0
t_wo + t_wo_cam
0.9 0 0
Time
1558636766195
Theta
0
t_wo + t_wo_cam
0.9 0 0
Time
1558636766215
Theta
0
t_wo + t_wo_cam
0.9 0 0
Time
1558636766240
Theta
0
t_wo + t_wo_cam
0.9 0 0
Time
1558636766261
Theta
0
t_wo + t_wo_cam
0.9 0 0
Time
1558636766281
Theta
0
t_wo + t_wo_cam
0.9 0 0
Time
1558636766306
Theta
0
t_wo + t_wo_cam
0.9 0 0
Time
1558636766326
Theta
0
t_wo + t_wo_cam
0.9 0 0
Time
1558636766347
Theta
0
t_wo + t_wo_cam
0.9 0 0
Time
1558636766371
Theta
0
t_wo + t_wo_cam
0.9 0 0
Time
1558636766392
Theta
0
t_wo + t_wo_cam
0.9 0 0
Time
1558636766412
Theta
0
t_wo + t_wo_cam
0.9 0 0
Time
1558636766437
Theta
0
t_wo + t_wo_cam
0.9 0 0
Time
1558636766457
Theta
0
t_wo + t_wo_cam
0.9 0 0
Time
1558636766478
Theta
0
t_wo + t_wo_cam
0.9 0 0
Time
1558636766502
Theta
0
t_wo + t_wo_cam
0.9 0 0
Time
1558636766523
Theta
0
t_wo + t_wo_cam
0.9 0 0
Time
1558636766543
Theta
0
t_wo + t_wo_cam
0.9 0 0
Time
1558636766568
Theta
0
t_wo + t_wo_cam
0.9 0 0
Time
1558636766588
Theta
0
t_wo + t_wo_cam
0.9 0 0
Time
1558636766609
Theta
0
t_wo + t_wo_cam
0.9 0 0
Time
1558636766633
Theta
0
t_wo + t_wo_cam
0.9 0 0
Time
1558636766654
Theta
0
t_wo + t_wo_cam
0.9 0 0
Time
1558636766674
Theta
0
t_wo + t_wo_cam
0.9 0 0
Time
1558636766699
Theta
0
t_wo + t_wo_cam
0.9 0 0
Time
1558636766719
Theta
0
t_wo + t_wo_cam
0.9 0 0
Time
1558636766740
Theta
0
t_wo + t_wo_cam
0.9 0 0
Time
1558636766764
Theta
0
t_wo + t_wo_cam
0.9 0 0
Time
1558636766785
Theta
0
t_wo + t_wo_cam
0.9 0 0
Time
1558636766805
Theta
0
t_wo + t_wo_cam
0.9 0 0
Time
1558636766830
Theta
0
t_wo + t_wo_cam
0.9 0 0
Time
1558636766850
Theta
0
t_wo + t_wo_cam
0.9 0 0
Time
1558636766871
Theta
0
t_wo + t_wo_cam
0.9 0 0
Time
1558636766895
Theta
0
t_wo + t_wo_cam
0.9 0 0
Time
1558636766916
Theta
0
t_wo + t_wo_cam
0.9 0 0
Time
1558636766936
Theta
0
t_wo + t_wo_cam
0.9 0 0
Time
1558636766961
Theta
0
t_wo + t_wo_cam
0.9 0 0
Time
1558636766981
Theta
0
t_wo + t_wo_cam
0.9 0 0
Time
1558636767002
Theta
0
t_wo + t_wo_cam
0.9 0 0
Time
1558636767027
Theta
0
t_wo + t_wo_cam
0.9 0 0
Time
1558636767047
Theta
0
t_wo + t_wo_cam
0.9 0 0
Time
1558636767067
Theta
0
t_wo + t_wo_cam
0.9 0 0
Time
1558636767092
Theta
0
t_wo + t_wo_cam
0.9 0 0
Time
1558636767112
Theta
0
t_wo + t_wo_cam
0.9 0 0
Time
1558636767133
Theta
0
t_wo + t_wo_cam
0.9 0 0
Time
1558636767158
Theta
0
t_wo + t_wo_cam
0.9 0 0
Time
1558636767178
Theta
0
t_wo + t_wo_cam
0.9 0 0
Time
1558636767199
Theta
0
t_wo + t_wo_cam
0.9 0 0
Time
1558636767223
Theta
0
t_wo + t_wo_cam
0.9 0 0
Time
1558636767244
Theta
0
t_wo + t_wo_cam
0.9 0 0
Time
1558636767264
Theta
0
t_wo + t_wo_cam
0.9 0 0
Time
1558636767289
Theta
0
t_wo + t_wo_cam
0.9 0 0
Time
1558636767309
Theta
0
t_wo + t_wo_cam
0.9 0 0
Time
1558636767330
Theta
0
t_wo + t_wo_cam
0.9 0 0
Time
1558636767354
Theta
0
t_wo + t_wo_cam
0.9 0 0
Time
1558636767375
Theta
0
t_wo + t_wo_cam
0.9 0 0
Time
1558636767395
Theta
0
t_wo + t_wo_cam
0.9 0 0
Time
1558636767416
Theta
0
t_wo + t_wo_cam
0.9 0 0
Time
1558636767440
Theta
0
t_wo + t_wo_cam
0.9 0 0
Time
1558636767461
Theta
0
t_wo + t_wo_cam
0.9 0 0
Time
1558636767481
Theta
0
t_wo + t_wo_cam
0.9 0 0
Time
1558636767506
Theta
0
t_wo + t_wo_cam
0.9 0 0
Time
1558636767526
Theta
0
t_wo + t_wo_cam
0.9 0 0
Time
1558636767547
Theta
0
t_wo + t_wo_cam
0.9 0 0
Time
1558636767571
Theta
0
t_wo + t_wo_cam
0.9 0 0
Time
1558636767592
Theta
0
t_wo + t_wo_cam
0.9 0 0
Time
1558636767612
Theta
0
t_wo + t_wo_cam
0.9 0 0
Time
1558636767637
Theta
0
t_wo + t_wo_cam
0.9 0 0
Time
1558636767657
Theta
0
t_wo + t_wo_cam
0.9 0 0
Time
1558636767678
Theta
0
t_wo + t_wo_cam
0.9 0 0
Time
1558636767702
Theta
0
t_wo + t_wo_cam
0.9 0 0
Time
1558636767723
Theta
0
t_wo + t_wo_cam
0.9 0 0
Time
1558636767743
Theta
0
t_wo + t_wo_cam
0.9 0 0
Time
1558636767768
Theta
0
t_wo + t_wo_cam
0.9 0 0
Time
1558636767788
Theta
0
t_wo + t_wo_cam
0.9 0 0
Time
1558636767809
Theta
0
t_wo + t_wo_cam
0.9 0 0
Time
1558636767833
Theta
0
t_wo + t_wo_cam
0.9 0 0
Time
1558636767854
Theta
0
t_wo + t_wo_cam
0.9 0 0
Time
1558636767874
Theta
0
t_wo + t_wo_cam
0.9 0 0
Time
1558636767899
Theta
0
t_wo + t_wo_cam
0.9 0 0
Time
1558636767919
Theta
0
t_wo + t_wo_cam
0.9 0 0
Time
1558636767940
Theta
0
t_wo + t_wo_cam
0.9 0 0
Time
1558636767964
Theta
0
t_wo + t_wo_cam
0.9 0 0
Time
1558636767985
Theta
0
t_wo + t_wo_cam
0.9 0 0
Time
1558636768005
Theta
0
t_wo + t_wo_cam
0.9 0 0
Time
1558636768030
Theta
0
t_wo + t_wo_cam
0.9 0 0
Time
1558636768050
Theta
0
t_wo + t_wo_cam
0.9 0 0
Time
1558636768071
Theta
0
t_wo + t_wo_cam
0.9 0 0
Time
1558636768095
Theta
0
t_wo + t_wo_cam
0.9 0 0
Time
1558636768116
Theta
0
t_wo + t_wo_cam
0.9 0 0
Time
1558636768136
Theta
0
t_wo + t_wo_cam
0.9 0 0
Time
1558636768161
Theta
0
t_wo + t_wo_cam
0.9 0 0
Time
1558636768181
Theta
0
t_wo + t_wo_cam
0.9 0 0
Time
1558636768202
Theta
0
t_wo + t_wo_cam
0.9 0 0
Time
1558636768227
Theta
0
t_wo + t_wo_cam
0.9 0 0
Time
1558636768247
Theta
0
t_wo + t_wo_cam
0.9 0 0
Time
1558636768268
Theta
0
t_wo + t_wo_cam
0.9 0 0
Time
1558636768292
Theta
0
t_wo + t_wo_cam
0.9 0 0
Time
1558636768313
Theta
0
t_wo + t_wo_cam
0.9 0 0
Time
1558636768333
Theta
0
t_wo + t_wo_cam
0.9 0 0
Time
1558636768358
Theta
0
t_wo + t_wo_cam
0.9 0 0
Time
1558636768378
Theta
0
t_wo + t_wo_cam
0.9 0 0
Time
1558636768399
Theta
0
t_wo + t_wo_cam
0.9 0 0
Time
1558636768423
Theta
0
t_wo + t_wo_cam
0.9 0 0
Time
1558636768444
Theta
0
t_wo + t_wo_cam
0.9 0 0
Time
1558636768464
Theta
0
t_wo + t_wo_cam
0.9 0 0
Time
1558636768489
Theta
0
t_wo + t_wo_cam
0.9 0 0
Time
1558636768509
Theta
0
t_wo + t_wo_cam
0.9 0 0
Time
1558636768530
Theta
0
t_wo + t_wo_cam
0.9 0 0
Time
1558636768554
Theta
0
t_wo + t_wo_cam
0.9 0 0
Time
1558636768575
Theta
0
t_wo + t_wo_cam
0.9 0 0
Time
1558636768595
Theta
0
t_wo + t_wo_cam
0.9 0 0
Time
1558636768620
Theta
0
t_wo + t_wo_cam
0.9 0 0
Time
1558636768640
Theta
0
t_wo + t_wo_cam
0.9 0 0
Time
1558636768661
Theta
0
t_wo + t_wo_cam
0.9 0 0
Time
1558636768685
Theta
0
t_wo + t_wo_cam
0.9 0 0
Time
1558636768706
Theta
0
t_wo + t_wo_cam
0.9 0 0
Time
1558636768726
Theta
0
t_wo + t_wo_cam
0.9 0 0
Time
1558636768751
Theta
0
t_wo + t_wo_cam
0.9 0 0
Time
1558636768771
Theta
0
t_wo + t_wo_cam
0.9 0 0
Time
1558636768792
Theta
0
t_wo + t_wo_cam
0.9 0 0
Time
1558636768816
Theta
0
t_wo + t_wo_cam
0.9 0 0
Time
1558636768837
Theta
0
t_wo + t_wo_cam
0.9 0 0
Time
1558636768857
Theta
0
t_wo + t_wo_cam
0.9 0 0
Time
1558636768882
Theta
0
t_wo + t_wo_cam
0.9 0 0
Time
1558636768902
Theta
0
t_wo + t_wo_cam
0.9 0 0
Time
1558636768923
Theta
0
t_wo + t_wo_cam
0.9 0 0
Time
1558636768947
Theta
0
t_wo + t_wo_cam
0.9 0 0
Time
1558636768968
Theta
0
t_wo + t_wo_cam
0.9 0 0
Time
1558636768988
Theta
0
t_wo + t_wo_cam
0.9 0 0
Time
1558636769013
Theta
0
t_wo + t_wo_cam
0.9 0 0
Time
1558636769033
Theta
0
t_wo + t_wo_cam
0.9 0 0
Time
1558636769054
Theta
0
t_wo + t_wo_cam
0.9 0 0
Time
1558636769078
Theta
0
t_wo + t_wo_cam
0.9 0 0
Time
1558636769099
Theta
0
t_wo + t_wo_cam
0.9 0 0
Time
1558636769119
Theta
0
t_wo + t_wo_cam
0.9 0 0
Time
1558636769144
Theta
0
t_wo + t_wo_cam
0.9 0 0
Time
1558636769164
Theta
0
t_wo + t_wo_cam
0.9 0 0
Time
1558636769185
Theta
0
t_wo + t_wo_cam
0.9 0 0
Time
1558636769210
Theta
0
t_wo + t_wo_cam
0.9 0 0
Time
1558636769230
Theta
0
t_wo + t_wo_cam
0.9 0 0
Time
1558636769251
Theta
0
t_wo + t_wo_cam
0.9 0 0
Time
1558636769275
Theta
0
t_wo + t_wo_cam
0.9 0 0
Time
1558636769296
Theta
0
t_wo + t_wo_cam
0.9 0 0
Time
1558636769316
Theta
0
t_wo + t_wo_cam
0.9 0 0
Time
1558636769336
Theta
0
t_wo + t_wo_cam
0.9 0 0
Time
1558636769361
Theta
0
t_wo + t_wo_cam
0.9 0 0
Time
1558636769382
Theta
0
t_wo + t_wo_cam
0.9 0 0
Time
1558636769402
Theta
0
t_wo + t_wo_cam
0.9 0 0
Time
1558636769427
Theta
0
t_wo + t_wo_cam
0.9 0 0
Time
1558636769447
Theta
0
t_wo + t_wo_cam
0.9 0 0
Time
1558636769468
Theta
0
t_wo + t_wo_cam
0.9 0 0
Time
1558636769492
Theta
0
t_wo + t_wo_cam
0.9 0 0
Time
1558636769513
Theta
0
t_wo + t_wo_cam
0.9 0 0
Time
1558636769533
Theta
0
t_wo + t_wo_cam
0.9 0 0
Time
1558636769558
Theta
0
t_wo + t_wo_cam
0.9 0 0
Time
1558636769578
Theta
0
t_wo + t_wo_cam
0.9 0 0
Time
1558636769599
Theta
0
t_wo + t_wo_cam
0.9 0 0
Time
1558636769623
Theta
0
t_wo + t_wo_cam
0.9 0 0
Time
1558636769644
Theta
0
t_wo + t_wo_cam
0.9 0 0
Time
1558636769664
Theta
0
t_wo + t_wo_cam
0.9 0 0
Time
1558636769689
Theta
0
t_wo + t_wo_cam
0.9 0 0
Time
1558636769709
Theta
0
t_wo + t_wo_cam
0.9 0 0
Time
1558636769730
Theta
0
t_wo + t_wo_cam
0.9 0 0
Time
1558636769754
Theta
0
t_wo + t_wo_cam
0.9 0 0
Time
1558636769775
Theta
0
t_wo + t_wo_cam
0.9 0 0
Time
1558636769795
Theta
0
t_wo + t_wo_cam
0.9 0 0
Time
1558636769820
Theta
0
t_wo + t_wo_cam
0.9 0 0
Time
1558636769840
Theta
0
t_wo + t_wo_cam
0.9 0 0
Time
1558636769861
Theta
0
t_wo + t_wo_cam
0.9 0 0
Time
1558636769885
Theta
0
t_wo + t_wo_cam
0.9 0 0
Time
1558636769906
Theta
0
t_wo + t_wo_cam
0.9 0 0
Time
1558636769926
Theta
0
t_wo + t_wo_cam
0.9 0 0
Time
1558636769951
Theta
0
t_wo + t_wo_cam
0.9 0 0
Time
1558636769971
Theta
0
t_wo + t_wo_cam
0.9 0 0
Time
1558636769992
Theta
0
t_wo + t_wo_cam
0.9 0 0
Time
1558636770016
Theta
0
t_wo + t_wo_cam
0.9 0 0
Time
1558636770037
Theta
0
t_wo + t_wo_cam
0.9 0 0
Time
1558636770057
Theta
0
t_wo + t_wo_cam
0.9 0 0
Time
1558636770082
Theta
0
t_wo + t_wo_cam
0.9 0 0
Time
1558636770102
Theta
0
t_wo + t_wo_cam
0.9 0 0
Time
1558636770123
Theta
0
t_wo + t_wo_cam
0.9 0 0
Time
1558636770148
Theta
0
t_wo + t_wo_cam
0.9 0 0
Time
1558636770168
Theta
0
t_wo + t_wo_cam
0.9 0 0
Time
1558636770189
Theta
0
t_wo + t_wo_cam
0.9 0 0
Time
1558636770213
Theta
0
t_wo + t_wo_cam
0.9 0 0
Time
1558636770233
Theta
0
t_wo + t_wo_cam
0.9 0 0
Time
1558636770254
Theta
0
t_wo + t_wo_cam
0.9 0 0
Time
1558636770279
Theta
0
t_wo + t_wo_cam
0.9 0 0
Time
1558636770299
Theta
0
t_wo + t_wo_cam
0.9 0 0
Time
1558636770320
Theta
0
t_wo + t_wo_cam
0.9 0 0
Time
1558636770344
Theta
0
t_wo + t_wo_cam
0.9 0 0
Time
1558636770365
Theta
0
t_wo + t_wo_cam
0.9 0 0
Time
1558636770385
Theta
0
t_wo + t_wo_cam
0.9 0 0
Time
1558636770410
Theta
0
t_wo + t_wo_cam
0.9 0 0
Time
1558636770430
Theta
0
t_wo + t_wo_cam
0.9 0 0
Time
1558636770451
Theta
0
t_wo + t_wo_cam
0.9 0 0
Time
1558636770475
Theta
0
t_wo + t_wo_cam
0.9 0 0
Time
1558636770496
Theta
0
t_wo + t_wo_cam
0.9 0 0
Time
1558636770516
Theta
0
t_wo + t_wo_cam
0.9 0 0
Time
1558636770541
Theta
0
t_wo + t_wo_cam
0.9 0 0
Time
1558636770561
Theta
0
t_wo + t_wo_cam
0.9 0 0
Time
1558636770582
Theta
0
t_wo + t_wo_cam
0.9 0 0
Time
1558636770606
Theta
0
t_wo + t_wo_cam
0.9 0 0
Time
1558636770627
Theta
0
t_wo + t_wo_cam
0.9 0 0
Time
1558636770647
Theta
0
t_wo + t_wo_cam
0.9 0 0
Time
1558636770672
Theta
0
t_wo + t_wo_cam
0.9 0 0
Time
1558636770692
Theta
0
t_wo + t_wo_cam
0.9 0 0
Time
1558636770713
Theta
0
t_wo + t_wo_cam
0.9 0 0
Time
1558636770737
Theta
0
t_wo + t_wo_cam
0.9 0 0
Time
1558636770758
Theta
0
t_wo + t_wo_cam
0.9 0 0
Time
1558636770778
Theta
0
t_wo + t_wo_cam
0.9 0 0
Time
1558636770803
Theta
0
t_wo + t_wo_cam
0.9 0 0
Time
1558636770823
Theta
0
t_wo + t_wo_cam
0.9 0 0
Time
1558636770844
Theta
0
t_wo + t_wo_cam
0.9 0 0
Time
1558636770868
Theta
0
t_wo + t_wo_cam
0.9 0 0
Time
1558636770889
Theta
0
t_wo + t_wo_cam
0.9 0 0
Time
1558636770909
Theta
0
t_wo + t_wo_cam
0.9 0 0
Time
1558636770934
Theta
0
t_wo + t_wo_cam
0.9 0 0
Time
1558636770954
Theta
0
t_wo + t_wo_cam
0.9 0 0
Time
1558636770975
Theta
0
t_wo + t_wo_cam
0.9 0 0
Time
1558636770999
Theta
0
t_wo + t_wo_cam
0.9 0 0
Time
1558636771020
Theta
0
t_wo + t_wo_cam
0.9 0 0
Time
1558636771040
Theta
0
t_wo + t_wo_cam
0.9 0 0
Time
1558636771065
Theta
0
t_wo + t_wo_cam
0.9 0 0
Time
1558636771085
Theta
0
t_wo + t_wo_cam
0.9 0 0
Time
1558636771106
Theta
0
t_wo + t_wo_cam
0.9 0 0
Time
1558636771131
Theta
0
t_wo + t_wo_cam
0.9 0 0
Time
1558636771151
Theta
0
t_wo + t_wo_cam
0.9 0 0
Time
1558636771171
Theta
0
t_wo + t_wo_cam
0.9 0 0
Time
1558636771192
Theta
0
t_wo + t_wo_cam
0.9 0 0
Time
1558636771216
Theta
0
t_wo + t_wo_cam
0.9 0 0
Time
1558636771237
Theta
0
t_wo + t_wo_cam
0.9 0 0
Time
1558636771257
Theta
0
t_wo + t_wo_cam
0.9 0 0
Time
1558636771282
Theta
0
t_wo + t_wo_cam
0.9 0 0
Time
1558636771302
Theta
0
t_wo + t_wo_cam
0.9 0 0
Time
1558636771323
Theta
0
t_wo + t_wo_cam
0.9 0 0
Time
1558636771348
Theta
0
t_wo + t_wo_cam
0.9 0 0
Time
1558636771368
Theta
0
t_wo + t_wo_cam
0.9 0 0
Time
1558636771388
Theta
0
t_wo + t_wo_cam
0.9 0 0
Time
1558636771413
Theta
0
t_wo + t_wo_cam
0.9 0 0
Time
1558636771434
Theta
0
t_wo + t_wo_cam
0.9 0 0
Time
1558636771454
Theta
0
t_wo + t_wo_cam
0.9 0 0
Time
1558636771479
Theta
0
t_wo + t_wo_cam
0.9 0 0
Time
1558636771499
Theta
0
t_wo + t_wo_cam
0.9 0 0
Time
1558636771520
Theta
0
t_wo + t_wo_cam
0.9 0 0
Time
1558636771544
Theta
0
t_wo + t_wo_cam
0.9 0 0
Time
1558636771565
Theta
0
t_wo + t_wo_cam
0.9 0 0
Time
1558636771585
Theta
0
t_wo + t_wo_cam
0.9 0 0
Time
1558636771610
Theta
0
t_wo + t_wo_cam
0.9 0 0
Time
1558636771630
Theta
0
t_wo + t_wo_cam
0.9 0 0
Time
1558636771651
Theta
0
t_wo + t_wo_cam
0.9 0 0
Time
1558636771675
Theta
0
t_wo + t_wo_cam
0.9 0 0
Time
1558636771696
Theta
0
t_wo + t_wo_cam
0.9 0 0
Time
1558636771716
Theta
0
t_wo + t_wo_cam
0.9 0 0
Time
1558636771741
Theta
0
t_wo + t_wo_cam
0.9 0 0
Time
1558636771761
Theta
0
t_wo + t_wo_cam
0.9 0 0
Time
1558636771782
Theta
0
t_wo + t_wo_cam
0.9 0 0
Time
1558636771806
Theta
0
t_wo + t_wo_cam
0.9 0 0
Time
1558636771827
Theta
0
t_wo + t_wo_cam
0.9 0 0
Time
1558636771847
Theta
0
t_wo + t_wo_cam
0.9 0 0
Time
1558636771872
Theta
0
t_wo + t_wo_cam
0.9 0 0
Time
1558636771892
Theta
0
t_wo + t_wo_cam
0.9 0 0
Time
1558636771913
Theta
0
t_wo + t_wo_cam
0.9 0 0
Time
1558636771937
Theta
0
t_wo + t_wo_cam
0.9 0 0
Time
1558636771958
Theta
0
t_wo + t_wo_cam
0.9 0 0
Time
1558636771978
Theta
0
t_wo + t_wo_cam
0.9 0 0
Time
1558636772003
Theta
0
t_wo + t_wo_cam
0.9 0 0
Time
1558636772023
Theta
0
t_wo + t_wo_cam
0.9 0 0
Time
1558636772044
Theta
0
t_wo + t_wo_cam
0.9 0 0
Time
1558636772068
Theta
0
t_wo + t_wo_cam
0.9 0 0
Time
1558636772089
Theta
0
t_wo + t_wo_cam
0.9 0 0
Time
1558636772109
Theta
0
t_wo + t_wo_cam
0.9 0 0
Time
1558636772134
Theta
0
t_wo + t_wo_cam
0.9 0 0
Time
1558636772154
Theta
0
t_wo + t_wo_cam
0.9 0 0
Time
1558636772175
Theta
0
t_wo + t_wo_cam
0.9 0 0
Time
1558636772199
Theta
0
t_wo + t_wo_cam
0.9 0 0
Time
1558636772220
Theta
0
t_wo + t_wo_cam
0.9 0 0
Time
1558636772240
Theta
0
t_wo + t_wo_cam
0.9 0 0
Time
1558636772265
Theta
0
t_wo + t_wo_cam
0.9 0 0
Time
1558636772285
Theta
0
t_wo + t_wo_cam
0.9 0 0
Time
1558636772306
Theta
0
t_wo + t_wo_cam
0.9 0 0
Time
1558636772331
Theta
0
t_wo + t_wo_cam
0.9 0 0
Time
1558636772351
Theta
0
t_wo + t_wo_cam
0.9 0 0
Time
1558636772372
Theta
0
t_wo + t_wo_cam
0.9 0 0
Time
1558636772396
Theta
0
t_wo + t_wo_cam
0.9 0 0
Time
1558636772417
Theta
0
t_wo + t_wo_cam
0.9 0 0
Time
1558636772437
Theta
0
t_wo + t_wo_cam
0.9 0 0
Time
1558636772462
Theta
0
t_wo + t_wo_cam
0.9 0 0
Time
1558636772482
Theta
0
t_wo + t_wo_cam
0.9 0 0
Time
1558636772503
Theta
0
t_wo + t_wo_cam
0.9 0 0
Time
1558636772527
Theta
0
t_wo + t_wo_cam
0.9 0 0
Time
1558636772548
Theta
0
t_wo + t_wo_cam
0.9 0 0
Time
1558636772568
Theta
0
t_wo + t_wo_cam
0.9 0 0
Time
1558636772593
Theta
0
t_wo + t_wo_cam
0.9 0 0
Time
1558636772613
Theta
0
t_wo + t_wo_cam
0.9 0 0
Time
1558636772634
Theta
0
t_wo + t_wo_cam
0.9 0 0
Time
1558636772658
Theta
0
t_wo + t_wo_cam
0.9 0 0
Time
1558636772679
Theta
0
t_wo + t_wo_cam
0.9 0 0
Time
1558636772699
Theta
0
t_wo + t_wo_cam
0.9 0 0
Time
1558636772724
Theta
0
t_wo + t_wo_cam
0.9 0 0
Time
1558636772744
Theta
0
t_wo + t_wo_cam
0.9 0 0
Time
1558636772765
Theta
0
t_wo + t_wo_cam
0.9 0 0
Time
1558636772789
Theta
0
t_wo + t_wo_cam
0.9 0 0
Time
1558636772810
Theta
0
t_wo + t_wo_cam
0.9 0 0
Time
1558636772830
Theta
0
t_wo + t_wo_cam
0.9 0 0
Time
1558636772855
Theta
0
t_wo + t_wo_cam
0.9 0 0
Time
1558636772875
Theta
0
t_wo + t_wo_cam
0.9 0 0
Time
1558636772896
Theta
0
t_wo + t_wo_cam
0.9 0 0
Time
1558636772920
Theta
0
t_wo + t_wo_cam
0.9 0 0
Time
1558636772941
Theta
0
t_wo + t_wo_cam
0.9 0 0
Time
1558636772961
Theta
0
t_wo + t_wo_cam
0.9 0 0
Time
1558636772986
Theta
0
t_wo + t_wo_cam
0.9 0 0
Time
1558636773006
Theta
0
t_wo + t_wo_cam
0.9 0 0
Time
1558636773027
Theta
0
t_wo + t_wo_cam
0.9 0 0
Time
1558636773051
Theta
0
t_wo + t_wo_cam
0.9 0 0
Time
1558636773072
Theta
0
t_wo + t_wo_cam
0.9 0 0
Time
1558636773092
Theta
0
t_wo + t_wo_cam
0.9 0 0
Time
1558636773113
Theta
0
t_wo + t_wo_cam
0.9 0 0
Time
1558636773137
Theta
0
t_wo + t_wo_cam
0.9 0 0
Time
1558636773158
Theta
0
t_wo + t_wo_cam
0.9 0 0
Time
1558636773178
Theta
0
t_wo + t_wo_cam
0.9 0 0
Time
1558636773203
Theta
0
t_wo + t_wo_cam
0.9 0 0
Time
1558636773223
Theta
0
t_wo + t_wo_cam
0.9 0 0
Time
1558636773244
Theta
0
t_wo + t_wo_cam
0.9 0 0
Time
1558636773269
Theta
0
t_wo + t_wo_cam
0.9 0 0
Time
1558636773289
Theta
0
t_wo + t_wo_cam
0.9 0 0
Time
1558636773309
Theta
0
t_wo + t_wo_cam
0.9 0 0
Time
1558636773334
Theta
0
t_wo + t_wo_cam
0.9 0 0
Time
1558636773354
Theta
0
t_wo + t_wo_cam
0.9 0 0
Time
1558636773375
Theta
0
t_wo + t_wo_cam
0.9 0 0
Time
1558636773400
Theta
0
t_wo + t_wo_cam
0.9 0 0
Time
1558636773420
Theta
0
t_wo + t_wo_cam
0.9 0 0
Time
1558636773441
Theta
0
t_wo + t_wo_cam
0.9 0 0
Time
1558636773465
Theta
0
t_wo + t_wo_cam
0.9 0 0
Time
1558636773486
Theta
0
t_wo + t_wo_cam
0.9 0 0
Time
1558636773506
Theta
0
t_wo + t_wo_cam
0.9 0 0
Time
1558636773531
Theta
0
t_wo + t_wo_cam
0.9 0 0
Time
1558636773551
Theta
0
t_wo + t_wo_cam
0.9 0 0
Time
1558636773572
Theta
0
t_wo + t_wo_cam
0.9 0 0
Time
1558636773596
Theta
0
t_wo + t_wo_cam
0.9 0 0
Time
1558636773617
Theta
0
t_wo + t_wo_cam
0.9 0 0
Time
1558636773637
Theta
0
t_wo + t_wo_cam
0.9 0 0
Time
1558636773662
Theta
0
t_wo + t_wo_cam
0.9 0 0
Time
1558636773682
Theta
0
t_wo + t_wo_cam
0.9 0 0
Time
1558636773703
Theta
0
t_wo + t_wo_cam
0.9 0 0
Time
1558636773727
Theta
0
t_wo + t_wo_cam
0.9 0 0
Time
1558636773748
Theta
0
t_wo + t_wo_cam
0.9 0 0
Time
1558636773768
Theta
0
t_wo + t_wo_cam
0.9 0 0
Time
1558636773793
Theta
0
t_wo + t_wo_cam
0.9 0 0
Time
1558636773813
Theta
0
t_wo + t_wo_cam
0.9 0 0
Time
1558636773834
Theta
0
t_wo + t_wo_cam
0.9 0 0
Time
1558636773858
Theta
0
t_wo + t_wo_cam
0.9 0 0
Time
1558636773879
Theta
0
t_wo + t_wo_cam
0.9 0 0
Time
1558636773899
Theta
0
t_wo + t_wo_cam
0.9 0 0
Time
1558636773924
Theta
0
t_wo + t_wo_cam
0.9 0 0
Time
1558636773944
Theta
0
t_wo + t_wo_cam
0.9 0 0
Time
1558636773965
Theta
0
t_wo + t_wo_cam
0.9 0 0
Time
1558636773989
Theta
0
t_wo + t_wo_cam
0.9 0 0
Time
1558636774010
Theta
0
t_wo + t_wo_cam
0.9 0 0
Time
1558636774030
Theta
0
t_wo + t_wo_cam
0.9 0 0
Time
1558636774055
Theta
0
t_wo + t_wo_cam
0.9 0 0
Time
1558636774075
Theta
0
t_wo + t_wo_cam
0.9 0 0
Time
1558636774096
Theta
0
t_wo + t_wo_cam
0.9 0 0
Time
1558636774120
Theta
0
t_wo + t_wo_cam
0.9 0 0
Time
1558636774141
Theta
0
t_wo + t_wo_cam
0.9 0 0
Time
1558636774161
Theta
0
t_wo + t_wo_cam
0.9 0 0
Time
1558636774186
Theta
0
t_wo + t_wo_cam
0.9 0 0
Time
1558636774206
Theta
0
t_wo + t_wo_cam
0.9 0 0
Time
1558636774227
Theta
0
t_wo + t_wo_cam
0.9 0 0
Time
1558636774251
Theta
0
t_wo + t_wo_cam
0.9 0 0
Time
1558636774272
Theta
0
t_wo + t_wo_cam
0.9 0 0
Time
1558636774293
Theta
0
t_wo + t_wo_cam
0.9 0 0
Time
1558636774317
Theta
0
t_wo + t_wo_cam
0.9 0 0
Time
1558636774337
Theta
0
t_wo + t_wo_cam
0.9 0 0
Time
1558636774358
Theta
0
t_wo + t_wo_cam
0.9 0 0
Time
1558636774383
Theta
0
t_wo + t_wo_cam
0.9 0 0
Time
1558636774403
Theta
0
t_wo + t_wo_cam
0.9 0 0
Time
1558636774424
Theta
0
t_wo + t_wo_cam
0.9 0 0
Time
1558636774448
Theta
0
t_wo + t_wo_cam
0.9 0 0
Time
1558636774469
Theta
0
t_wo + t_wo_cam
0.9 0 0
Time
1558636774489
Theta
0
t_wo + t_wo_cam
0.9 0 0
Time
1558636774514
Theta
0
t_wo + t_wo_cam
0.9 0 0
Time
1558636774534
Theta
0
t_wo + t_wo_cam
0.9 0 0
Time
1558636774555
Theta
0
t_wo + t_wo_cam
0.9 0 0
Time
1558636774579
Theta
0
t_wo + t_wo_cam
0.9 0 0
Time
1558636774600
Theta
0
t_wo + t_wo_cam
0.9 0 0
Time
1558636774620
Theta
0
t_wo + t_wo_cam
0.9 0 0
Time
1558636774645
Theta
0
t_wo + t_wo_cam
0.9 0 0
Time
1558636774665
Theta
0
t_wo + t_wo_cam
0.9 0 0
Time
1558636774686
Theta
0
t_wo + t_wo_cam
0.9 0 0
Time
1558636774710
Theta
0
t_wo + t_wo_cam
0.9 0 0
Time
1558636774731
Theta
0
t_wo + t_wo_cam
0.9 0 0
Time
1558636774751
Theta
0
t_wo + t_wo_cam
0.9 0 0
Time
1558636774776
Theta
0
t_wo + t_wo_cam
0.9 0 0
Time
1558636774796
Theta
0
t_wo + t_wo_cam
0.9 0 0
Time
1558636774817
Theta
0
t_wo + t_wo_cam
0.9 0 0
Time
1558636774841
Theta
0
t_wo + t_wo_cam
0.9 0 0
Time
1558636774862
Theta
0
t_wo + t_wo_cam
0.9 0 0
Time
1558636774882
Theta
0
t_wo + t_wo_cam
0.9 0 0
Time
1558636774907
Theta
0
t_wo + t_wo_cam
0.9 0 0
Time
1558636774927
Theta
0
t_wo + t_wo_cam
0.9 0 0
Time
1558636774948
Theta
0
t_wo + t_wo_cam
0.9 0 0
Time
1558636774968
Theta
0
t_wo + t_wo_cam
0.9 0 0
Time
1558636774993
Theta
0
t_wo + t_wo_cam
0.9 0 0
Time
1558636775013
Theta
0
t_wo + t_wo_cam
0.9 0 0
Time
1558636775034
Theta
0
t_wo + t_wo_cam
0.9 0 0
Time
1558636775058
Theta
0
t_wo + t_wo_cam
0.9 0 0
Time
1558636775079
Theta
0
t_wo + t_wo_cam
0.9 0 0
Time
1558636775099
Theta
0
t_wo + t_wo_cam
0.9 0 0
Time
1558636775124
Theta
0
t_wo + t_wo_cam
0.9 0 0
Time
1558636775144
Theta
0
t_wo + t_wo_cam
0.9 0 0
Time
1558636775165
Theta
0
t_wo + t_wo_cam
0.9 0 0
Time
1558636775189
Theta
0
t_wo + t_wo_cam
0.9 0 0
Time
1558636775210
Theta
0
t_wo + t_wo_cam
0.9 0 0
Time
1558636775230
Theta
0
t_wo + t_wo_cam
0.9 0 0
Time
1558636775255
Theta
0
t_wo + t_wo_cam
0.9 0 0
Time
1558636775275
Theta
0
t_wo + t_wo_cam
0.9 0 0
Time
1558636775296
Theta
0
t_wo + t_wo_cam
0.9 0 0
Time
1558636775320
Theta
0
t_wo + t_wo_cam
0.9 0 0
Time
1558636775341
Theta
0
t_wo + t_wo_cam
0.9 0 0
Time
1558636775362
Theta
0
t_wo + t_wo_cam
0.9 0 0
Time
1558636775386
Theta
0
t_wo + t_wo_cam
0.9 0 0
Time
1558636775407
Theta
0
t_wo + t_wo_cam
0.9 0 0
Time
1558636775427
Theta
0
t_wo + t_wo_cam
0.9 0 0
Time
1558636775452
Theta
0
t_wo + t_wo_cam
0.9 0 0
Time
1558636775472
Theta
0
t_wo + t_wo_cam
0.9 0 0
Time
1558636775492
Theta
0
t_wo + t_wo_cam
0.9 0 0
Time
1558636775517
Theta
0
t_wo + t_wo_cam
0.9 0 0
Time
1558636775538
Theta
0
t_wo + t_wo_cam
0.9 0 0
Time
1558636775558
Theta
0
t_wo + t_wo_cam
0.9 0 0
Time
1558636775583
Theta
0
t_wo + t_wo_cam
0.9 0 0
Time
1558636775603
Theta
0
t_wo + t_wo_cam
0.9 0 0
Time
1558636775624
Theta
0
t_wo + t_wo_cam
0.9 0 0
Time
1558636775648
Theta
0
t_wo + t_wo_cam
0.9 0 0
Time
1558636775669
Theta
0
t_wo + t_wo_cam
0.9 0 0
Time
1558636775689
Theta
0
t_wo + t_wo_cam
0.9 0 0
Time
1558636775714
Theta
0
t_wo + t_wo_cam
0.9 0 0
Time
1558636775734
Theta
0
t_wo + t_wo_cam
0.9 0 0
Time
1558636775755
Theta
0
t_wo + t_wo_cam
0.9 0 0
Time
1558636775779
Theta
0
t_wo + t_wo_cam
0.9 0 0
Time
1558636775800
Theta
0
t_wo + t_wo_cam
0.9 0 0
Time
1558636775820
Theta
0
t_wo + t_wo_cam
0.9 0 0
Time
1558636775845
Theta
0
t_wo + t_wo_cam
0.9 0 0
Time
1558636775865
Theta
0
t_wo + t_wo_cam
0.9 0 0
Time
1558636775886
Theta
0
t_wo + t_wo_cam
0.9 0 0
Time
1558636775910
Theta
0
t_wo + t_wo_cam
0.9 0 0
Time
1558636775931
Theta
0
t_wo + t_wo_cam
0.9 0 0
Time
1558636775951
Theta
0
t_wo + t_wo_cam
0.9 0 0
Time
1558636775976
Theta
0
t_wo + t_wo_cam
0.9 0 0
Time
1558636775996
Theta
0
t_wo + t_wo_cam
0.9 0 0
Time
1558636776017
Theta
0
t_wo + t_wo_cam
0.9 0 0
Time
1558636776041
Theta
0
t_wo + t_wo_cam
0.9 0 0
Time
1558636776062
Theta
0
t_wo + t_wo_cam
0.9 0 0
Time
1558636776082
Theta
0
t_wo + t_wo_cam
0.9 0 0
Time
1558636776107
Theta
0
t_wo + t_wo_cam
0.9 0 0
Time
1558636776127
Theta
0
t_wo + t_wo_cam
0.9 0 0
Time
1558636776148
Theta
0
t_wo + t_wo_cam
0.9 0 0
Time
1558636776172
Theta
0
t_wo + t_wo_cam
0.9 0 0
Time
1558636776193
Theta
0
t_wo + t_wo_cam
0.9 0 0
Time
1558636776213
Theta
0
t_wo + t_wo_cam
0.9 0 0
Time
1558636776238
Theta
0
t_wo + t_wo_cam
0.9 0 0
Time
1558636776258
Theta
0
t_wo + t_wo_cam
0.9 0 0
Time
1558636776279
Theta
0
t_wo + t_wo_cam
0.9 0 0
Time
1558636776303
Theta
0
t_wo + t_wo_cam
0.9 0 0
Time
1558636776324
Theta
0
t_wo + t_wo_cam
0.9 0 0
Time
1558636776344
Theta
0
t_wo + t_wo_cam
0.9 0 0
Time
1558636776369
Theta
0
t_wo + t_wo_cam
0.9 0 0
Time
1558636776389
Theta
0
t_wo + t_wo_cam
0.9 0 0
Time
1558636776410
Theta
0
t_wo + t_wo_cam
0.9 0 0
Time
1558636776435
Theta
0
t_wo + t_wo_cam
0.9 0 0
Time
1558636776455
Theta
0
t_wo + t_wo_cam
0.9 0 0
Time
1558636776476
Theta
0
t_wo + t_wo_cam
0.9 0 0
Time
1558636776500
Theta
0
t_wo + t_wo_cam
0.9 0 0
Time
1558636776521
Theta
0
t_wo + t_wo_cam
0.9 0 0
Time
1558636776541
Theta
0
t_wo + t_wo_cam
0.9 0 0
Time
1558636776566
Theta
0
t_wo + t_wo_cam
0.9 0 0
Time
1558636776586
Theta
0
t_wo + t_wo_cam
0.9 0 0
Time
1558636776607
Theta
0
t_wo + t_wo_cam
0.9 0 0
Time
1558636776631
Theta
0
t_wo + t_wo_cam
0.9 0 0
Time
1558636776652
Theta
0
t_wo + t_wo_cam
0.9 0 0
Time
1558636776672
Theta
0
t_wo + t_wo_cam
0.9 0 0
Time
1558636776697
Theta
0
t_wo + t_wo_cam
0.9 0 0
Time
1558636776717
Theta
0
t_wo + t_wo_cam
0.9 0 0
Time
1558636776738
Theta
0
t_wo + t_wo_cam
0.9 0 0
Time
1558636776762
Theta
0
t_wo + t_wo_cam
0.9 0 0
Time
1558636776783
Theta
0
t_wo + t_wo_cam
0.9 0 0
Time
1558636776804
Theta
0
t_wo + t_wo_cam
0.9 0 0
Time
1558636776828
Theta
0
t_wo + t_wo_cam
0.9 0 0
Time
1558636776848
Theta
0
t_wo + t_wo_cam
0.9 0 0
Time
1558636776869
Theta
0
t_wo + t_wo_cam
0.9 0 0
Time
1558636776889
Theta
0
t_wo + t_wo_cam
0.9 0 0
Time
1558636776914
Theta
0
t_wo + t_wo_cam
0.9 0 0
Time
1558636776934
Theta
0
t_wo + t_wo_cam
0.9 0 0
Time
1558636776955
Theta
0
t_wo + t_wo_cam
0.9 0 0
Time
1558636776979
Theta
0
t_wo + t_wo_cam
0.9 0 0
Time
1558636777000
Theta
0
t_wo + t_wo_cam
0.9 0 0
Time
1558636777020
Theta
0
t_wo + t_wo_cam
0.9 0 0
Time
1558636777045
Theta
0
t_wo + t_wo_cam
0.9 0 0
Time
1558636777065
Theta
0
t_wo + t_wo_cam
0.9 0 0
Time
1558636777086
Theta
0
t_wo + t_wo_cam
0.9 0 0
Time
1558636777110
Theta
0
t_wo + t_wo_cam
0.9 0 0
Time
1558636777131
Theta
0
t_wo + t_wo_cam
0.9 0 0
Time
1558636777151
Theta
0
t_wo + t_wo_cam
0.9 0 0
Time
1558636777176
Theta
0
t_wo + t_wo_cam
0.9 0 0
Time
1558636777197
Theta
0
t_wo + t_wo_cam
0.9 0 0
Time
1558636777217
Theta
0
t_wo + t_wo_cam
0.9 0 0
Time
1558636777242
Theta
0
t_wo + t_wo_cam
0.9 0 0
Time
1558636777262
Theta
0
t_wo + t_wo_cam
0.9 0 0
Time
1558636777282
Theta
0
t_wo + t_wo_cam
0.9 0 0
Time
1558636777307
Theta
0
t_wo + t_wo_cam
0.9 0 0
Time
1558636777328
Theta
0
t_wo + t_wo_cam
0.9 0 0
Time
1558636777348
Theta
0
t_wo + t_wo_cam
0.9 0 0
Time
1558636777373
Theta
0
t_wo + t_wo_cam
0.9 0 0
Time
1558636777393
Theta
0
t_wo + t_wo_cam
0.9 0 0
Time
1558636777414
Theta
0
t_wo + t_wo_cam
0.9 0 0
Time
1558636777438
Theta
0
t_wo + t_wo_cam
0.9 0 0
Time
1558636777459
Theta
0
t_wo + t_wo_cam
0.9 0 0
Time
1558636777479
Theta
0
t_wo + t_wo_cam
0.9 0 0
Time
1558636777504
Theta
0
t_wo + t_wo_cam
0.9 0 0
Time
1558636777524
Theta
0
t_wo + t_wo_cam
0.9 0 0
Time
1558636777545
Theta
0
t_wo + t_wo_cam
0.9 0 0
Time
1558636777569
Theta
0
t_wo + t_wo_cam
0.9 0 0
Time
1558636777590
Theta
0
t_wo + t_wo_cam
0.9 0 0
Time
1558636777610
Theta
0
t_wo + t_wo_cam
0.9 0 0
Time
1558636777635
Theta
0
t_wo + t_wo_cam
0.9 0 0
Time
1558636777655
Theta
0
t_wo + t_wo_cam
0.9 0 0
Time
1558636777676
Theta
0
t_wo + t_wo_cam
0.9 0 0
Time
1558636777700
Theta
0
t_wo + t_wo_cam
0.9 0 0
Time
1558636777721
Theta
0
t_wo + t_wo_cam
0.9 0 0
Time
1558636777741
Theta
0
t_wo + t_wo_cam
0.9 0 0
Time
1558636777766
Theta
0
t_wo + t_wo_cam
0.9 0 0
Time
1558636777786
Theta
0
t_wo + t_wo_cam
0.9 0 0
Time
1558636777807
Theta
0
t_wo + t_wo_cam
0.9 0 0
Time
1558636777831
Theta
0
t_wo + t_wo_cam
0.9 0 0
Time
1558636777852
Theta
0
t_wo + t_wo_cam
0.9 0 0
Time
1558636777872
Theta
0
t_wo + t_wo_cam
0.9 0 0
Time
1558636777897
Theta
0
t_wo + t_wo_cam
0.9 0 0
Time
1558636777917
Theta
0
t_wo + t_wo_cam
0.9 0 0
Time
1558636777938
Theta
0
t_wo + t_wo_cam
0.9 0 0
Time
1558636777962
Theta
0
t_wo + t_wo_cam
0.9 0 0
Time
1558636777983
Theta
0
t_wo + t_wo_cam
0.9 0 0
Time
1558636778003
Theta
0
t_wo + t_wo_cam
0.9 0 0
Time
1558636778028
Theta
0
t_wo + t_wo_cam
0.9 0 0
Time
1558636778048
Theta
0
t_wo + t_wo_cam
0.9 0 0
Time
1558636778069
Theta
0
t_wo + t_wo_cam
0.9 0 0
Time
1558636778093
Theta
0
t_wo + t_wo_cam
0.9 0 0
Time
1558636778114
Theta
0
t_wo + t_wo_cam
0.9 0 0
Time
1558636778134
Theta
0
t_wo + t_wo_cam
0.9 0 0
Time
1558636778159
Theta
0
t_wo + t_wo_cam
0.9 0 0
Time
1558636778179
Theta
0
t_wo + t_wo_cam
0.9 0 0
Time
1558636778200
Theta
0
t_wo + t_wo_cam
0.9 0 0
Time
1558636778225
Theta
0
t_wo + t_wo_cam
0.9 0 0
Time
1558636778245
Theta
0
t_wo + t_wo_cam
0.9 0 0
Time
1558636778266
Theta
0
t_wo + t_wo_cam
0.9 0 0
Time
1558636778290
Theta
0
t_wo + t_wo_cam
0.9 0 0
Time
1558636778311
Theta
0
t_wo + t_wo_cam
0.9 0 0
Time
1558636778331
Theta
0
t_wo + t_wo_cam
0.9 0 0
Time
1558636778356
Theta
0
t_wo + t_wo_cam
0.9 0 0
Time
1558636778376
Theta
0
t_wo + t_wo_cam
0.9 0 0
Time
1558636778397
Theta
0
t_wo + t_wo_cam
0.9 0 0
Time
1558636778421
Theta
0
t_wo + t_wo_cam
0.9 0 0
Time
1558636778442
Theta
0
t_wo + t_wo_cam
0.9 0 0
Time
1558636778462
Theta
0
t_wo + t_wo_cam
0.9 0 0
Time
1558636778487
Theta
0
t_wo + t_wo_cam
0.9 0 0
Time
1558636778507
Theta
0
t_wo + t_wo_cam
0.9 0 0
Time
1558636778528
Theta
0
t_wo + t_wo_cam
0.9 0 0
Time
1558636778552
Theta
0
t_wo + t_wo_cam
0.9 0 0
Time
1558636778573
Theta
0
t_wo + t_wo_cam
0.9 0 0
Time
1558636778593
Theta
0
t_wo + t_wo_cam
0.9 0 0
Time
1558636778618
Theta
0
t_wo + t_wo_cam
0.9 0 0
Time
1558636778638
Theta
0
t_wo + t_wo_cam
0.9 0 0
Time
1558636778659
Theta
0
t_wo + t_wo_cam
0.9 0 0
Time
1558636778683
Theta
0
t_wo + t_wo_cam
0.9 0 0
Time
1558636778704
Theta
0
