t_GA - R_GA * R_AB * t_BA
0 0 0
t_wo + t_wo_cam
0.9 0 0
Time
1558546188610
Theta
0
t_GA - R_GA * R_AB * t_BA
0 0 0
t_wo + t_wo_cam
0.9 0 0
Time
1558546188611
Theta
0
t_GA - R_GA * R_AB * t_BA
0 0 0
t_wo + t_wo_cam
0.9 0 0
Time
1558546188611
Theta
0
t_GA - R_GA * R_AB * t_BA
0 0 0
t_wo + t_wo_cam
0.9 0 0
Time
1558546188611
Theta
0
t_GA - R_GA * R_AB * t_BA
0 0 0
t_wo + t_wo_cam
0.9 0 0
Time
1558546188612
Theta
0
t_GA - R_GA * R_AB * t_BA
0 0 0
t_wo + t_wo_cam
0.9 0 0
Time
1558546188612
Theta
0
t_GA - R_GA * R_AB * t_BA
0 0 0
t_wo + t_wo_cam
0.9 0 0
Time
1558546188612
Theta
0
t_GA - R_GA * R_AB * t_BA
0 0 0
t_wo + t_wo_cam
0.9 0 0
Time
1558546188612
Theta
0
t_GA - R_GA * R_AB * t_BA
0 0 0
t_wo + t_wo_cam
0.9 0 0
Time
1558546188612
Theta
0
t_GA - R_GA * R_AB * t_BA
0 0 0
t_wo + t_wo_cam
0.9 0 0
Time
1558546188612
Theta
0
t_GA - R_GA * R_AB * t_BA
0 0 0
t_wo + t_wo_cam
0.9 0 0
Time
1558546188619
Theta
0
t_GA - R_GA * R_AB * t_BA
0 0 0
t_wo + t_wo_cam
0.9 0 0
Time
1558546188644
Theta
0
t_GA - R_GA * R_AB * t_BA
0 0 0
t_wo + t_wo_cam
0.9 0 0
Time
1558546188668
Theta
0
t_GA - R_GA * R_AB * t_BA
0 0 0
t_wo + t_wo_cam
0.9 0 0
Time
1558546188693
Theta
0
t_GA - R_GA * R_AB * t_BA
0 0 0
t_wo + t_wo_cam
0.9 0 0
Time
1558546188713
Theta
0
t_GA - R_GA * R_AB * t_BA
0 0 0
t_wo + t_wo_cam
0.9 0 0
Time
1558546188738
Theta
0
t_GA - R_GA * R_AB * t_BA
0 0 0
t_wo + t_wo_cam
0.9 0 0
Time
1558546188762
Theta
0
t_GA - R_GA * R_AB * t_BA
0 0 0
t_wo + t_wo_cam
0.9 0 0
Time
1558546188787
Theta
0
t_GA - R_GA * R_AB * t_BA
0 0 0
t_wo + t_wo_cam
0.9 0 0
Time
1558546188812
Theta
0
t_GA - R_GA * R_AB * t_BA
0 0 0
t_wo + t_wo_cam
0.9 0 0
Time
1558546188836
Theta
0
t_GA - R_GA * R_AB * t_BA
0 0 0
t_wo + t_wo_cam
0.9 0 0
Time
1558546188857
Theta
0
t_GA - R_GA * R_AB * t_BA
0 0 0
t_wo + t_wo_cam
0.9 0 0
Time
1558546188881
Theta
0
t_GA - R_GA * R_AB * t_BA
0 0 0
t_wo + t_wo_cam
0.9 0 0
Time
1558546188906
Theta
0
t_GA - R_GA * R_AB * t_BA
0 0 0
t_wo + t_wo_cam
0.9 0 0
Time
1558546188930
Theta
0
t_GA - R_GA * R_AB * t_BA
0 0 0
t_wo + t_wo_cam
0.9 0 0
Time
1558546188955
Theta
0
t_GA - R_GA * R_AB * t_BA
0 0 0
t_wo + t_wo_cam
0.9 0 0
Time
1558546188980
Theta
0
t_GA - R_GA * R_AB * t_BA
0 0 0
t_wo + t_wo_cam
0.9 0 0
Time
1558546189000
Theta
0
t_GA - R_GA * R_AB * t_BA
0 0 0
t_wo + t_wo_cam
0.9 0 0
Time
1558546189025
Theta
0
t_GA - R_GA * R_AB * t_BA
0 0 0
t_wo + t_wo_cam
0.9 0 0
Time
1558546189049
Theta
0
t_GA - R_GA * R_AB * t_BA
0 0 0
t_wo + t_wo_cam
0.9 0 0
Time
1558546189074
Theta
0
t_GA - R_GA * R_AB * t_BA
0 0 0
t_wo + t_wo_cam
0.9 0 0
Time
1558546189098
Theta
0
t_GA - R_GA * R_AB * t_BA
0 0 0
t_wo + t_wo_cam
0.9 0 0
Time
1558546189123
Theta
0
t_GA - R_GA * R_AB * t_BA
0 0 0
t_wo + t_wo_cam
0.9 0 0
Time
1558546189143
Theta
0
t_GA - R_GA * R_AB * t_BA
0 0 0
t_wo + t_wo_cam
0.9 0 0
Time
1558546189168
Theta
0
t_GA - R_GA * R_AB * t_BA
0 0 0
t_wo + t_wo_cam
0.9 0 0
Time
1558546189193
Theta
0
t_GA - R_GA * R_AB * t_BA
0 0 0
t_wo + t_wo_cam
0.9 0 0
Time
1558546189217
Theta
0
t_GA - R_GA * R_AB * t_BA
0 0 0
t_wo + t_wo_cam
0.9 0 0
Time
1558546189242
Theta
0
t_GA - R_GA * R_AB * t_BA
0 0 0
t_wo + t_wo_cam
0.9 0 0
Time
1558546189266
Theta
0
t_GA - R_GA * R_AB * t_BA
0 0 0
t_wo + t_wo_cam
0.9 0 0
Time
1558546189287
Theta
0
t_GA - R_GA * R_AB * t_BA
0 0 0
t_wo + t_wo_cam
0.9 0 0
Time
1558546189311
Theta
0
t_GA - R_GA * R_AB * t_BA
0 0 0
t_wo + t_wo_cam
0.9 0 0
Time
1558546189336
Theta
0
t_GA - R_GA * R_AB * t_BA
0 0 0
t_wo + t_wo_cam
0.9 0 0
Time
1558546189361
Theta
0
t_GA - R_GA * R_AB * t_BA
0 0 0
t_wo + t_wo_cam
0.9 0 0
Time
1558546189385
Theta
0
t_GA - R_GA * R_AB * t_BA
0 0 0
t_wo + t_wo_cam
0.9 0 0
Time
1558546189410
Theta
0
t_GA - R_GA * R_AB * t_BA
0 0 0
t_wo + t_wo_cam
0.9 0 0
Time
1558546189430
Theta
0
t_GA - R_GA * R_AB * t_BA
0 0 0
t_wo + t_wo_cam
0.9 0 0
Time
1558546189455
Theta
0
t_GA - R_GA * R_AB * t_BA
0 0 0
t_wo + t_wo_cam
0.9 0 0
Time
1558546189479
Theta
0
t_GA - R_GA * R_AB * t_BA
0 0 0
t_wo + t_wo_cam
0.9 0 0
Time
1558546189504
Theta
0
t_GA - R_GA * R_AB * t_BA
0 0 0
t_wo + t_wo_cam
0.9 0 0
Time
1558546189529
Theta
0
t_GA - R_GA * R_AB * t_BA
0 0 0
t_wo + t_wo_cam
0.9 0 0
Time
1558546189553
Theta
0
t_GA - R_GA * R_AB * t_BA
0 0 0
t_wo + t_wo_cam
0.9 0 0
Time
1558546189578
Theta
0
t_GA - R_GA * R_AB * t_BA
0 0 0
t_wo + t_wo_cam
0.9 0 0
Time
1558546189598
Theta
0
t_GA - R_GA * R_AB * t_BA
0 0 0
t_wo + t_wo_cam
0.9 0 0
Time
1558546189623
Theta
0
t_GA - R_GA * R_AB * t_BA
0 0 0
t_wo + t_wo_cam
0.9 0 0
Time
1558546189647
Theta
0
t_GA - R_GA * R_AB * t_BA
0 0 0
t_wo + t_wo_cam
0.9 0 0
Time
1558546189672
Theta
0
t_GA - R_GA * R_AB * t_BA
0 0 0
t_wo + t_wo_cam
0.9 0 0
Time
1558546189696
Theta
0
t_GA - R_GA * R_AB * t_BA
0 0 0
t_wo + t_wo_cam
0.9 0 0
Time
1558546189721
Theta
0
t_GA - R_GA * R_AB * t_BA
0 0 0
t_wo + t_wo_cam
0.9 0 0
Time
1558546189741
Theta
0
t_GA - R_GA * R_AB * t_BA
0 0 0
t_wo + t_wo_cam
0.9 0 0
Time
1558546189766
Theta
0
t_GA - R_GA * R_AB * t_BA
0 0 0
t_wo + t_wo_cam
0.9 0 0
Time
1558546189791
Theta
0
t_GA - R_GA * R_AB * t_BA
0 0 0
t_wo + t_wo_cam
0.9 0 0
Time
1558546189815
Theta
0
t_GA - R_GA * R_AB * t_BA
0 0 0
t_wo + t_wo_cam
0.9 0 0
Time
1558546189840
Theta
0
t_GA - R_GA * R_AB * t_BA
0 0 0
t_wo + t_wo_cam
0.9 0 0
Time
1558546189864
Theta
0
t_GA - R_GA * R_AB * t_BA
0 0 0
t_wo + t_wo_cam
0.9 0 0
Time
1558546189885
Theta
0
t_GA - R_GA * R_AB * t_BA
0 0 0
t_wo + t_wo_cam
0.9 0 0
Time
1558546189909
Theta
0
t_GA - R_GA * R_AB * t_BA
0 0 0
t_wo + t_wo_cam
0.9 0 0
Time
1558546189934
Theta
0
t_GA - R_GA * R_AB * t_BA
0 0 0
t_wo + t_wo_cam
0.9 0 0
Time
1558546189958
Theta
0
t_GA - R_GA * R_AB * t_BA
0 0 0
t_wo + t_wo_cam
0.9 0 0
Time
1558546189983
Theta
0
t_GA - R_GA * R_AB * t_BA
0 0 0
t_wo + t_wo_cam
0.9 0 0
Time
1558546190008
Theta
0
t_GA - R_GA * R_AB * t_BA
0 0 0
t_wo + t_wo_cam
0.9 0 0
Time
1558546190028
Theta
0
t_GA - R_GA * R_AB * t_BA
0 0 0
t_wo + t_wo_cam
0.9 0 0
Time
1558546190053
Theta
0
t_GA - R_GA * R_AB * t_BA
0 0 0
t_wo + t_wo_cam
0.9 0 0
Time
1558546190077
Theta
0
t_GA - R_GA * R_AB * t_BA
0 0 0
t_wo + t_wo_cam
0.9 0 0
Time
1558546190102
Theta
0
t_GA - R_GA * R_AB * t_BA
0 0 0
t_wo + t_wo_cam
0.9 0 0
Time
1558546190126
Theta
0
t_GA - R_GA * R_AB * t_BA
0 0 0
t_wo + t_wo_cam
0.9 0 0
Time
1558546190151
Theta
0
t_GA - R_GA * R_AB * t_BA
0 0 0
t_wo + t_wo_cam
0.9 0 0
Time
1558546190171
Theta
0
t_GA - R_GA * R_AB * t_BA
0 0 0
t_wo + t_wo_cam
0.9 0 0
Time
1558546190196
Theta
0
t_GA - R_GA * R_AB * t_BA
0 0 0
t_wo + t_wo_cam
0.9 0 0
Time
1558546190221
Theta
0
t_GA - R_GA * R_AB * t_BA
0 0 0
t_wo + t_wo_cam
0.9 0 0
Time
1558546190245
Theta
0
t_GA - R_GA * R_AB * t_BA
0 0 0
t_wo + t_wo_cam
0.9 0 0
Time
1558546190270
Theta
0
t_GA - R_GA * R_AB * t_BA
0 0 0
t_wo + t_wo_cam
0.9 0 0
Time
1558546190294
Theta
0
t_GA - R_GA * R_AB * t_BA
0 0 0
t_wo + t_wo_cam
0.9 0 0
Time
1558546190315
Theta
0
t_GA - R_GA * R_AB * t_BA
0 0 0
t_wo + t_wo_cam
0.9 0 0
Time
1558546190339
Theta
0
t_GA - R_GA * R_AB * t_BA
0 0 0
t_wo + t_wo_cam
0.9 0 0
Time
1558546190364
Theta
0
t_GA - R_GA * R_AB * t_BA
0 0 0
t_wo + t_wo_cam
0.9 0 0
Time
1558546190389
Theta
0
t_GA - R_GA * R_AB * t_BA
0 0 0
t_wo + t_wo_cam
0.9 0 0
Time
1558546190413
Theta
0
t_GA - R_GA * R_AB * t_BA
0 0 0
t_wo + t_wo_cam
0.9 0 0
Time
1558546190438
Theta
0
t_GA - R_GA * R_AB * t_BA
0 0 0
t_wo + t_wo_cam
0.9 0 0
Time
1558546190458
Theta
0
t_GA - R_GA * R_AB * t_BA
0 0 0
t_wo + t_wo_cam
0.9 0 0
Time
1558546190483
Theta
0
t_GA - R_GA * R_AB * t_BA
0 0 0
t_wo + t_wo_cam
0.9 0 0
Time
1558546190507
Theta
0
t_GA - R_GA * R_AB * t_BA
0 0 0
t_wo + t_wo_cam
0.9 0 0
Time
1558546190532
Theta
0
t_GA - R_GA * R_AB * t_BA
0 0 0
t_wo + t_wo_cam
0.9 0 0
Time
1558546190556
Theta
0
t_GA - R_GA * R_AB * t_BA
-0.18582 1.20595 0.148962
t_wo + t_wo_cam
-0.18582 1.20595 0.148962
Time
1558546190581
Theta
1.85292
t_GA - R_GA * R_AB * t_BA
-0.18582 1.20595 0.148962
t_wo + t_wo_cam
-0.18582 1.20595 0.148962
Time
1558546190606
Theta
1.85292
t_GA - R_GA * R_AB * t_BA
-0.18582 1.20595 0.148962
t_wo + t_wo_cam
-0.18582 1.20595 0.148962
Time
1558546190627
Theta
1.85292
t_GA - R_GA * R_AB * t_BA
-0.195813 1.15986 0.28176
t_wo + t_wo_cam
-0.18582 1.20595 0.148962
Time
1558546190651
Theta
1.85292
t_GA - R_GA * R_AB * t_BA
-0.195813 1.15986 0.28176
t_wo + t_wo_cam
-0.195813 1.15986 0.28176
Time
1558546190675
Theta
1.84843
t_GA - R_GA * R_AB * t_BA
-0.195813 1.15986 0.28176
t_wo + t_wo_cam
-0.195813 1.15986 0.28176
Time
1558546190700
Theta
1.84843
t_GA - R_GA * R_AB * t_BA
-0.195813 1.15986 0.28176
t_wo + t_wo_cam
-0.195813 1.15986 0.28176
Time
1558546190724
Theta
1.84843
t_GA - R_GA * R_AB * t_BA
-0.14886 1.16686 0.279019
t_wo + t_wo_cam
-0.195813 1.15986 0.28176
Time
1558546190749
Theta
1.84843
t_GA - R_GA * R_AB * t_BA
-0.14886 1.16686 0.279019
t_wo + t_wo_cam
-0.14886 1.16686 0.279019
Time
1558546190769
Theta
1.80894
t_GA - R_GA * R_AB * t_BA
-0.14886 1.16686 0.279019
t_wo + t_wo_cam
-0.14886 1.16686 0.279019
Time
1558546190794
Theta
1.80894
t_GA - R_GA * R_AB * t_BA
-0.14886 1.16686 0.279019
t_wo + t_wo_cam
-0.14886 1.16686 0.279019
Time
1558546190819
Theta
1.80894
t_GA - R_GA * R_AB * t_BA
-0.14886 1.16686 0.279019
t_wo + t_wo_cam
-0.14886 1.16686 0.279019
Time
1558546190843
Theta
1.80894
t_GA - R_GA * R_AB * t_BA
-0.14886 1.16686 0.279019
t_wo + t_wo_cam
-0.14886 1.16686 0.279019
Time
1558546190868
Theta
1.80894
t_GA - R_GA * R_AB * t_BA
-0.14886 1.16686 0.279019
t_wo + t_wo_cam
-0.14886 1.16686 0.279019
Time
1558546190892
Theta
1.80894
t_GA - R_GA * R_AB * t_BA
-0.162736 1.1912 0.218799
t_wo + t_wo_cam
-0.14886 1.16686 0.279019
Time
1558546190913
Theta
1.80894
t_GA - R_GA * R_AB * t_BA
-0.162736 1.1912 0.218799
t_wo + t_wo_cam
-0.162736 1.1912 0.218799
Time
1558546190937
Theta
1.81558
t_GA - R_GA * R_AB * t_BA
-0.162736 1.1912 0.218799
t_wo + t_wo_cam
-0.162736 1.1912 0.218799
Time
1558546190962
Theta
1.81558
t_GA - R_GA * R_AB * t_BA
-0.155356 1.20685 0.21132
t_wo + t_wo_cam
-0.162736 1.1912 0.218799
Time
1558546190986
Theta
1.81558
t_GA - R_GA * R_AB * t_BA
-0.155356 1.20685 0.21132
t_wo + t_wo_cam
-0.155356 1.20685 0.21132
Time
1558546191011
Theta
1.81246
t_GA - R_GA * R_AB * t_BA
-0.155356 1.20685 0.21132
t_wo + t_wo_cam
-0.155356 1.20685 0.21132
Time
1558546191036
Theta
1.81246
t_GA - R_GA * R_AB * t_BA
-0.155356 1.20685 0.21132
t_wo + t_wo_cam
-0.155356 1.20685 0.21132
Time
1558546191056
Theta
1.81246
t_GA - R_GA * R_AB * t_BA
-0.191515 1.18954 -0.137148
t_wo + t_wo_cam
-0.155356 1.20685 0.21132
Time
1558546191081
Theta
1.81246
t_GA - R_GA * R_AB * t_BA
-0.191515 1.18954 -0.137148
t_wo + t_wo_cam
-0.191515 1.18954 -0.137148
Time
1558546191105
Theta
1.87955
t_GA - R_GA * R_AB * t_BA
-0.191515 1.18954 -0.137148
t_wo + t_wo_cam
-0.191515 1.18954 -0.137148
Time
1558546191130
Theta
1.87955
t_GA - R_GA * R_AB * t_BA
-0.191515 1.18954 -0.137148
t_wo + t_wo_cam
-0.191515 1.18954 -0.137148
Time
1558546191154
Theta
1.87955
t_GA - R_GA * R_AB * t_BA
0.0573313 1.20529 -0.0127605
t_wo + t_wo_cam
-0.191515 1.18954 -0.137148
Time
1558546191179
Theta
1.87955
t_GA - R_GA * R_AB * t_BA
0.0573313 1.20529 -0.0127605
t_wo + t_wo_cam
0.0573313 1.20529 -0.0127605
Time
1558546191199
Theta
1.67667
t_GA - R_GA * R_AB * t_BA
0.0573313 1.20529 -0.0127605
t_wo + t_wo_cam
0.0573313 1.20529 -0.0127605
Time
1558546191224
Theta
1.67667
t_GA - R_GA * R_AB * t_BA
-0.00515031 1.20852 -0.0615116
t_wo + t_wo_cam
0.0573313 1.20529 -0.0127605
Time
1558546191249
Theta
1.67667
t_GA - R_GA * R_AB * t_BA
-0.00515031 1.20852 -0.0615116
t_wo + t_wo_cam
-0.00515031 1.20852 -0.0615116
Time
1558546191273
Theta
1.72023
t_GA - R_GA * R_AB * t_BA
-0.00515031 1.20852 -0.0615116
t_wo + t_wo_cam
-0.00515031 1.20852 -0.0615116
Time
1558546191298
Theta
1.72023
t_GA - R_GA * R_AB * t_BA
-0.00515031 1.20852 -0.0615116
t_wo + t_wo_cam
-0.00515031 1.20852 -0.0615116
Time
1558546191322
Theta
1.72023
t_GA - R_GA * R_AB * t_BA
-0.0534102 1.19916 -0.146056
t_wo + t_wo_cam
-0.00515031 1.20852 -0.0615116
Time
1558546191343
Theta
1.72023
t_GA - R_GA * R_AB * t_BA
-0.0534102 1.19916 -0.146056
t_wo + t_wo_cam
-0.0534102 1.19916 -0.146056
Time
1558546191367
Theta
1.75044
t_GA - R_GA * R_AB * t_BA
-0.0534102 1.19916 -0.146056
t_wo + t_wo_cam
-0.0534102 1.19916 -0.146056
Time
1558546191392
Theta
1.75044
t_GA - R_GA * R_AB * t_BA
-0.0534102 1.19916 -0.146056
t_wo + t_wo_cam
-0.0534102 1.19916 -0.146056
Time
1558546191417
Theta
1.75044
t_GA - R_GA * R_AB * t_BA
0.00121895 1.20086 -0.102279
t_wo + t_wo_cam
-0.0534102 1.19916 -0.146056
Time
1558546191441
Theta
1.75044
t_GA - R_GA * R_AB * t_BA
0.00121895 1.20086 -0.102279
t_wo + t_wo_cam
0.00121895 1.20086 -0.102279
Time
1558546191466
Theta
1.72105
t_GA - R_GA * R_AB * t_BA
0.00121895 1.20086 -0.102279
t_wo + t_wo_cam
0.00121895 1.20086 -0.102279
Time
1558546191486
Theta
1.72105
t_GA - R_GA * R_AB * t_BA
0.00121895 1.20086 -0.102279
t_wo + t_wo_cam
0.00121895 1.20086 -0.102279
Time
1558546191511
Theta
1.72105
t_GA - R_GA * R_AB * t_BA
0.100017 1.18849 -0.0574557
t_wo + t_wo_cam
0.00121895 1.20086 -0.102279
Time
1558546191535
Theta
1.72105
t_GA - R_GA * R_AB * t_BA
0.100017 1.18849 -0.0574557
t_wo + t_wo_cam
0.100017 1.18849 -0.0574557
Time
1558546191560
Theta
1.64421
t_GA - R_GA * R_AB * t_BA
0.100017 1.18849 -0.0574557
t_wo + t_wo_cam
0.100017 1.18849 -0.0574557
Time
1558546191584
Theta
1.64421
t_GA - R_GA * R_AB * t_BA
0.0390899 1.17298 0.0126383
t_wo + t_wo_cam
0.100017 1.18849 -0.0574557
Time
1558546191609
Theta
1.64421
t_GA - R_GA * R_AB * t_BA
0.0390899 1.17298 0.0126383
t_wo + t_wo_cam
0.0390899 1.17298 0.0126383
Time
1558546191629
Theta
1.67634
t_GA - R_GA * R_AB * t_BA
0.0390899 1.17298 0.0126383
t_wo + t_wo_cam
0.0390899 1.17298 0.0126383
Time
1558546191654
Theta
1.67634
t_GA - R_GA * R_AB * t_BA
0.0390899 1.17298 0.0126383
t_wo + t_wo_cam
0.0390899 1.17298 0.0126383
Time
1558546191679
Theta
1.67634
t_GA - R_GA * R_AB * t_BA
0.0749732 1.16278 0.0248648
t_wo + t_wo_cam
0.0390899 1.17298 0.0126383
Time
1558546191703
Theta
1.67634
t_GA - R_GA * R_AB * t_BA
0.0749732 1.16278 0.0248648
t_wo + t_wo_cam
0.0749732 1.16278 0.0248648
Time
1558546191728
Theta
1.64006
t_GA - R_GA * R_AB * t_BA
0.0749732 1.16278 0.0248648
t_wo + t_wo_cam
0.0749732 1.16278 0.0248648
Time
1558546191752
Theta
1.64006
t_GA - R_GA * R_AB * t_BA
-0.0482846 1.16608 -0.0250334
t_wo + t_wo_cam
0.0749732 1.16278 0.0248648
Time
1558546191777
Theta
1.64006
t_GA - R_GA * R_AB * t_BA
-0.0482846 1.16608 -0.0250334
t_wo + t_wo_cam
-0.0482846 1.16608 -0.0250334
Time
1558546191797
Theta
1.75306
t_GA - R_GA * R_AB * t_BA
-0.0482846 1.16608 -0.0250334
t_wo + t_wo_cam
-0.0482846 1.16608 -0.0250334
Time
1558546191822
Theta
1.75306
t_GA - R_GA * R_AB * t_BA
-0.0482846 1.16608 -0.0250334
t_wo + t_wo_cam
-0.0482846 1.16608 -0.0250334
Time
1558546191847
Theta
1.75306
t_GA - R_GA * R_AB * t_BA
-0.108851 1.1569 -0.0979545
t_wo + t_wo_cam
-0.0482846 1.16608 -0.0250334
Time
1558546191871
Theta
1.75306
t_GA - R_GA * R_AB * t_BA
-0.108851 1.1569 -0.0979545
t_wo + t_wo_cam
-0.108851 1.1569 -0.0979545
Time
1558546191896
Theta
1.794
t_GA - R_GA * R_AB * t_BA
-0.108851 1.1569 -0.0979545
t_wo + t_wo_cam
-0.108851 1.1569 -0.0979545
Time
1558546191920
Theta
1.794
t_GA - R_GA * R_AB * t_BA
-0.108851 1.1569 -0.0979545
t_wo + t_wo_cam
-0.108851 1.1569 -0.0979545
Time
1558546191941
Theta
1.794
t_GA - R_GA * R_AB * t_BA
-0.0828512 1.15778 -0.105379
t_wo + t_wo_cam
-0.108851 1.1569 -0.0979545
Time
1558546191965
Theta
1.794
t_GA - R_GA * R_AB * t_BA
-0.0828512 1.15778 -0.105379
t_wo + t_wo_cam
-0.0828512 1.15778 -0.105379
Time
1558546191990
Theta
1.7709
t_GA - R_GA * R_AB * t_BA
-0.0828512 1.15778 -0.105379
t_wo + t_wo_cam
-0.0828512 1.15778 -0.105379
Time
1558546192014
Theta
1.7709
t_GA - R_GA * R_AB * t_BA
-0.0828512 1.15778 -0.105379
t_wo + t_wo_cam
-0.0828512 1.15778 -0.105379
Time
1558546192039
Theta
1.7709
t_GA - R_GA * R_AB * t_BA
-0.0012846 1.15484 -0.0694231
t_wo + t_wo_cam
-0.0828512 1.15778 -0.105379
Time
1558546192064
Theta
1.7709
t_GA - R_GA * R_AB * t_BA
-0.0012846 1.15484 -0.0694231
t_wo + t_wo_cam
-0.0012846 1.15484 -0.0694231
Time
1558546192084
Theta
1.70243
t_GA - R_GA * R_AB * t_BA
-0.0012846 1.15484 -0.0694231
t_wo + t_wo_cam
-0.0012846 1.15484 -0.0694231
Time
1558546192109
Theta
1.70243
t_GA - R_GA * R_AB * t_BA
0.0283991 1.14968 -0.0602568
t_wo + t_wo_cam
-0.0012846 1.15484 -0.0694231
Time
1558546192133
Theta
1.70243
t_GA - R_GA * R_AB * t_BA
0.0283991 1.14968 -0.0602568
t_wo + t_wo_cam
0.0283991 1.14968 -0.0602568
Time
1558546192158
Theta
1.67611
t_GA - R_GA * R_AB * t_BA
0.0283991 1.14968 -0.0602568
t_wo + t_wo_cam
0.0283991 1.14968 -0.0602568
Time
1558546192182
Theta
1.67611
t_GA - R_GA * R_AB * t_BA
0.0283991 1.14968 -0.0602568
t_wo + t_wo_cam
0.0283991 1.14968 -0.0602568
Time
1558546192207
Theta
1.67611
t_GA - R_GA * R_AB * t_BA
-0.00544638 1.14529 -0.0479417
t_wo + t_wo_cam
0.0283991 1.14968 -0.0602568
Time
1558546192228
Theta
1.67611
t_GA - R_GA * R_AB * t_BA
-0.00544638 1.14529 -0.0479417
t_wo + t_wo_cam
-0.00544638 1.14529 -0.0479417
Time
1558546192252
Theta
1.70461
t_GA - R_GA * R_AB * t_BA
-0.00544638 1.14529 -0.0479417
t_wo + t_wo_cam
-0.00544638 1.14529 -0.0479417
Time
1558546192277
Theta
1.70461
t_GA - R_GA * R_AB * t_BA
-0.00544638 1.14529 -0.0479417
t_wo + t_wo_cam
-0.00544638 1.14529 -0.0479417
Time
1558546192301
Theta
1.70461
t_GA - R_GA * R_AB * t_BA
0.0443261 1.14193 -0.057316
t_wo + t_wo_cam
0.0443261 1.14193 -0.057316
Time
1558546192326
Theta
1.6691
t_GA - R_GA * R_AB * t_BA
0.0443261 1.14193 -0.057316
t_wo + t_wo_cam
0.0443261 1.14193 -0.057316
Time
1558546192350
Theta
1.6691
t_GA - R_GA * R_AB * t_BA
0.0443261 1.14193 -0.057316
t_wo + t_wo_cam
0.0443261 1.14193 -0.057316
Time
1558546192371
Theta
1.6691
t_GA - R_GA * R_AB * t_BA
0.0774489 1.13227 -0.0166843
t_wo + t_wo_cam
0.0443261 1.14193 -0.057316
Time
1558546192395
Theta
1.6691
t_GA - R_GA * R_AB * t_BA
0.0774489 1.13227 -0.0166843
t_wo + t_wo_cam
0.0774489 1.13227 -0.0166843
Time
1558546192420
Theta
1.64564
t_GA - R_GA * R_AB * t_BA
0.0774489 1.13227 -0.0166843
t_wo + t_wo_cam
0.0774489 1.13227 -0.0166843
Time
1558546192445
Theta
1.64564
t_GA - R_GA * R_AB * t_BA
0.0774489 1.13227 -0.0166843
t_wo + t_wo_cam
0.0774489 1.13227 -0.0166843
Time
1558546192469
Theta
1.64564
t_GA - R_GA * R_AB * t_BA
0.07514 1.1278 -0.039657
t_wo + t_wo_cam
0.0774489 1.13227 -0.0166843
Time
1558546192494
Theta
1.64564
t_GA - R_GA * R_AB * t_BA
0.07514 1.1278 -0.039657
t_wo + t_wo_cam
0.07514 1.1278 -0.039657
Time
1558546192514
Theta
1.63736
t_GA - R_GA * R_AB * t_BA
0.07514 1.1278 -0.039657
t_wo + t_wo_cam
0.07514 1.1278 -0.039657
Time
1558546192539
Theta
1.63736
t_GA - R_GA * R_AB * t_BA
0.0716536 1.12531 -0.0301309
t_wo + t_wo_cam
0.07514 1.1278 -0.039657
Time
1558546192563
Theta
1.63736
t_GA - R_GA * R_AB * t_BA
0.0716536 1.12531 -0.0301309
t_wo + t_wo_cam
0.0716536 1.12531 -0.0301309
Time
1558546192588
Theta
1.64029
t_GA - R_GA * R_AB * t_BA
0.0716536 1.12531 -0.0301309
t_wo + t_wo_cam
0.0716536 1.12531 -0.0301309
Time
1558546192612
Theta
1.64029
t_GA - R_GA * R_AB * t_BA
0.0716536 1.12531 -0.0301309
t_wo + t_wo_cam
0.0716536 1.12531 -0.0301309
Time
1558546192637
Theta
1.64029
t_GA - R_GA * R_AB * t_BA
0.0891003 1.11884 -0.0132662
t_wo + t_wo_cam
0.0716536 1.12531 -0.0301309
Time
1558546192658
Theta
1.64029
t_GA - R_GA * R_AB * t_BA
0.0891003 1.11884 -0.0132662
t_wo + t_wo_cam
0.0891003 1.11884 -0.0132662
Time
1558546192682
Theta
1.62389
t_GA - R_GA * R_AB * t_BA
0.0891003 1.11884 -0.0132662
t_wo + t_wo_cam
0.0891003 1.11884 -0.0132662
Time
1558546192707
Theta
1.62389
t_GA - R_GA * R_AB * t_BA
0.0891003 1.11884 -0.0132662
t_wo + t_wo_cam
0.0891003 1.11884 -0.0132662
Time
1558546192731
Theta
1.62389
t_GA - R_GA * R_AB * t_BA
0.0864031 1.11853 -0.0151331
t_wo + t_wo_cam
0.0891003 1.11884 -0.0132662
Time
1558546192756
Theta
1.62389
t_GA - R_GA * R_AB * t_BA
0.0864031 1.11853 -0.0151331
t_wo + t_wo_cam
0.0864031 1.11853 -0.0151331
Time
1558546192780
Theta
1.62425
t_GA - R_GA * R_AB * t_BA
0.0864031 1.11853 -0.0151331
t_wo + t_wo_cam
0.0864031 1.11853 -0.0151331
Time
1558546192805
Theta
1.62425
t_GA - R_GA * R_AB * t_BA
0.0864031 1.11853 -0.0151331
t_wo + t_wo_cam
0.0864031 1.11853 -0.0151331
Time
1558546192825
Theta
1.62425
t_GA - R_GA * R_AB * t_BA
0.0836522 1.11974 -0.0215812
t_wo + t_wo_cam
0.0864031 1.11853 -0.0151331
Time
1558546192850
Theta
1.62425
t_GA - R_GA * R_AB * t_BA
0.0836522 1.11974 -0.0215812
t_wo + t_wo_cam
0.0836522 1.11974 -0.0215812
Time
1558546192875
Theta
1.6268
t_GA - R_GA * R_AB * t_BA
0.0836522 1.11974 -0.0215812
t_wo + t_wo_cam
0.0836522 1.11974 -0.0215812
Time
1558546192899
Theta
1.6268
t_GA - R_GA * R_AB * t_BA
0.0836522 1.11974 -0.0215812
t_wo + t_wo_cam
0.0836522 1.11974 -0.0215812
Time
1558546192924
Theta
1.6268
t_GA - R_GA * R_AB * t_BA
0.0977251 1.1196 -0.0285933
t_wo + t_wo_cam
0.0836522 1.11974 -0.0215812
Time
1558546192948
Theta
1.6268
t_GA - R_GA * R_AB * t_BA
0.0977251 1.1196 -0.0285933
t_wo + t_wo_cam
0.0977251 1.1196 -0.0285933
Time
1558546192969
Theta
1.61433
t_GA - R_GA * R_AB * t_BA
0.0977251 1.1196 -0.0285933
t_wo + t_wo_cam
0.0977251 1.1196 -0.0285933
Time
1558546192993
Theta
1.61433
t_GA - R_GA * R_AB * t_BA
0.0977251 1.1196 -0.0285933
t_wo + t_wo_cam
0.0977251 1.1196 -0.0285933
Time
1558546193018
Theta
1.61433
t_GA - R_GA * R_AB * t_BA
0.097127 1.11848 -0.024152
t_wo + t_wo_cam
0.0977251 1.1196 -0.0285933
Time
1558546193043
Theta
1.61433
t_GA - R_GA * R_AB * t_BA
0.097127 1.11848 -0.024152
t_wo + t_wo_cam
0.097127 1.11848 -0.024152
Time
1558546193067
Theta
1.61449
t_GA - R_GA * R_AB * t_BA
0.097127 1.11848 -0.024152
t_wo + t_wo_cam
0.097127 1.11848 -0.024152
Time
1558546193092
Theta
1.61449
t_GA - R_GA * R_AB * t_BA
0.097127 1.11848 -0.024152
t_wo + t_wo_cam
0.097127 1.11848 -0.024152
Time
1558546193112
Theta
1.61449
t_GA - R_GA * R_AB * t_BA
0.0889873 1.11622 -0.0140192
t_wo + t_wo_cam
0.097127 1.11848 -0.024152
Time
1558546193137
Theta
1.61449
t_GA - R_GA * R_AB * t_BA
0.0889873 1.11622 -0.0140192
t_wo + t_wo_cam
0.0889873 1.11622 -0.0140192
Time
1558546193161
Theta
1.62044
t_GA - R_GA * R_AB * t_BA
0.0889873 1.11622 -0.0140192
t_wo + t_wo_cam
0.0889873 1.11622 -0.0140192
Time
1558546193186
Theta
1.62044
t_GA - R_GA * R_AB * t_BA
0.0889873 1.11622 -0.0140192
t_wo + t_wo_cam
0.0889873 1.11622 -0.0140192
Time
1558546193210
Theta
1.62044
t_GA - R_GA * R_AB * t_BA
0.0851561 1.11543 -0.00768678
t_wo + t_wo_cam
0.0889873 1.11622 -0.0140192
Time
1558546193235
Theta
1.62044
t_GA - R_GA * R_AB * t_BA
0.0851561 1.11543 -0.00768678
t_wo + t_wo_cam
0.0851561 1.11543 -0.00768678
Time
1558546193256
Theta
1.62378
t_GA - R_GA * R_AB * t_BA
0.0851561 1.11543 -0.00768678
t_wo + t_wo_cam
0.0851561 1.11543 -0.00768678
Time
1558546193280
Theta
1.62378
t_GA - R_GA * R_AB * t_BA
0.0851561 1.11543 -0.00768678
t_wo + t_wo_cam
0.0851561 1.11543 -0.00768678
Time
1558546193305
Theta
1.62378
t_GA - R_GA * R_AB * t_BA
0.0840229 1.11571 -0.00527003
t_wo + t_wo_cam
0.0851561 1.11543 -0.00768678
Time
1558546193329
Theta
1.62378
t_GA - R_GA * R_AB * t_BA
0.0840229 1.11571 -0.00527003
t_wo + t_wo_cam
0.0840229 1.11571 -0.00527003
Time
1558546193354
Theta
1.62536
t_GA - R_GA * R_AB * t_BA
0.0840229 1.11571 -0.00527003
t_wo + t_wo_cam
0.0840229 1.11571 -0.00527003
Time
1558546193378
Theta
1.62536
t_GA - R_GA * R_AB * t_BA
0.0840229 1.11571 -0.00527003
t_wo + t_wo_cam
0.0840229 1.11571 -0.00527003
Time
1558546193399
Theta
1.62536
t_GA - R_GA * R_AB * t_BA
0.0887648 1.11717 -0.0134933
t_wo + t_wo_cam
0.0840229 1.11571 -0.00527003
Time
1558546193424
Theta
1.62536
t_GA - R_GA * R_AB * t_BA
0.0887648 1.11717 -0.0134933
t_wo + t_wo_cam
0.0887648 1.11717 -0.0134933
Time
1558546193448
Theta
1.62274
t_GA - R_GA * R_AB * t_BA
0.0887648 1.11717 -0.0134933
t_wo + t_wo_cam
0.0887648 1.11717 -0.0134933
Time
1558546193473
Theta
1.62274
t_GA - R_GA * R_AB * t_BA
0.0878555 1.11786 -0.014284
t_wo + t_wo_cam
0.0887648 1.11717 -0.0134933
Time
1558546193497
Theta
1.62274
t_GA - R_GA * R_AB * t_BA
0.0878555 1.11786 -0.014284
t_wo + t_wo_cam
0.0878555 1.11786 -0.014284
Time
1558546193522
Theta
1.62442
t_GA - R_GA * R_AB * t_BA
0.0878555 1.11786 -0.014284
t_wo + t_wo_cam
0.0878555 1.11786 -0.014284
Time
1558546193542
Theta
1.62442
t_GA - R_GA * R_AB * t_BA
0.0878555 1.11786 -0.014284
t_wo + t_wo_cam
0.0878555 1.11786 -0.014284
Time
1558546193567
Theta
1.62442
t_GA - R_GA * R_AB * t_BA
0.0852015 1.11762 -0.0152257
t_wo + t_wo_cam
0.0878555 1.11786 -0.014284
Time
1558546193591
Theta
1.62442
t_GA - R_GA * R_AB * t_BA
0.0852015 1.11762 -0.0152257
t_wo + t_wo_cam
0.0852015 1.11762 -0.0152257
Time
1558546193616
Theta
1.62681
t_GA - R_GA * R_AB * t_BA
0.0852015 1.11762 -0.0152257
t_wo + t_wo_cam
0.0852015 1.11762 -0.0152257
Time
1558546193641
Theta
1.62681
t_GA - R_GA * R_AB * t_BA
0.0855099 1.1173 -0.0131383
t_wo + t_wo_cam
0.0852015 1.11762 -0.0152257
Time
1558546193665
Theta
1.62681
t_GA - R_GA * R_AB * t_BA
0.0855099 1.1173 -0.0131383
t_wo + t_wo_cam
0.0855099 1.1173 -0.0131383
Time
1558546193686
Theta
1.62664
t_GA - R_GA * R_AB * t_BA
0.0855099 1.1173 -0.0131383
t_wo + t_wo_cam
0.0855099 1.1173 -0.0131383
Time
1558546193710
Theta
1.62664
t_GA - R_GA * R_AB * t_BA
0.0855099 1.1173 -0.0131383
t_wo + t_wo_cam
0.0855099 1.1173 -0.0131383
Time
1558546193735
Theta
1.62664
t_GA - R_GA * R_AB * t_BA
0.0885681 1.1167 -0.0141964
t_wo + t_wo_cam
0.0855099 1.1173 -0.0131383
Time
1558546193759
Theta
1.62664
t_GA - R_GA * R_AB * t_BA
0.0885681 1.1167 -0.0141964
t_wo + t_wo_cam
0.0885681 1.1167 -0.0141964
Time
1558546193784
Theta
1.62307
t_GA - R_GA * R_AB * t_BA
0.0885681 1.1167 -0.0141964
t_wo + t_wo_cam
0.0885681 1.1167 -0.0141964
Time
1558546193809
Theta
1.62307
t_GA - R_GA * R_AB * t_BA
0.0832752 1.11788 -0.0174901
t_wo + t_wo_cam
0.0885681 1.1167 -0.0141964
Time
1558546193833
Theta
1.62307
t_GA - R_GA * R_AB * t_BA
0.0832752 1.11788 -0.0174901
t_wo + t_wo_cam
0.0832752 1.11788 -0.0174901
Time
1558546193854
Theta
1.62702
t_GA - R_GA * R_AB * t_BA
0.0832752 1.11788 -0.0174901
t_wo + t_wo_cam
0.0832752 1.11788 -0.0174901
Time
1558546193878
Theta
1.62702
t_GA - R_GA * R_AB * t_BA
0.0832752 1.11788 -0.0174901
t_wo + t_wo_cam
0.0832752 1.11788 -0.0174901
Time
1558546193903
Theta
1.62702
t_GA - R_GA * R_AB * t_BA
0.0891249 1.11719 -0.0150997
t_wo + t_wo_cam
0.0832752 1.11788 -0.0174901
Time
1558546193927
Theta
1.62702
t_GA - R_GA * R_AB * t_BA
0.0891249 1.11719 -0.0150997
t_wo + t_wo_cam
0.0891249 1.11719 -0.0150997
Time
1558546193952
Theta
1.62262
t_GA - R_GA * R_AB * t_BA
0.0891249 1.11719 -0.0150997
t_wo + t_wo_cam
0.0891249 1.11719 -0.0150997
Time
1558546193976
Theta
1.62262
t_GA - R_GA * R_AB * t_BA
0.0891249 1.11719 -0.0150997
t_wo + t_wo_cam
0.0891249 1.11719 -0.0150997
Time
1558546193997
Theta
1.62262
t_GA - R_GA * R_AB * t_BA
0.0919834 1.11665 -0.0161586
t_wo + t_wo_cam
0.0891249 1.11719 -0.0150997
Time
1558546194021
Theta
1.62262
t_GA - R_GA * R_AB * t_BA
0.0919834 1.11665 -0.0161586
t_wo + t_wo_cam
0.0919834 1.11665 -0.0161586
Time
1558546194046
Theta
1.61956
t_GA - R_GA * R_AB * t_BA
0.0919834 1.11665 -0.0161586
t_wo + t_wo_cam
0.0919834 1.11665 -0.0161586
Time
1558546194071
Theta
1.61956
t_GA - R_GA * R_AB * t_BA
0.0903684 1.11651 -0.0179624
t_wo + t_wo_cam
0.0919834 1.11665 -0.0161586
Time
1558546194095
Theta
1.61956
t_GA - R_GA * R_AB * t_BA
0.0903684 1.11651 -0.0179624
t_wo + t_wo_cam
0.0903684 1.11651 -0.0179624
Time
1558546194120
Theta
1.6191
t_GA - R_GA * R_AB * t_BA
0.0903684 1.11651 -0.0179624
t_wo + t_wo_cam
0.0903684 1.11651 -0.0179624
Time
1558546194140
Theta
1.6191
t_GA - R_GA * R_AB * t_BA
0.0903684 1.11651 -0.0179624
t_wo + t_wo_cam
0.0903684 1.11651 -0.0179624
Time
1558546194165
Theta
1.6191
t_GA - R_GA * R_AB * t_BA
0.0847677 1.11766 -0.0182085
t_wo + t_wo_cam
0.0903684 1.11651 -0.0179624
Time
1558546194189
Theta
1.6191
t_GA - R_GA * R_AB * t_BA
0.0847677 1.11766 -0.0182085
t_wo + t_wo_cam
0.0847677 1.11766 -0.0182085
Time
1558546194214
Theta
1.6255
t_GA - R_GA * R_AB * t_BA
0.0847677 1.11766 -0.0182085
t_wo + t_wo_cam
0.0847677 1.11766 -0.0182085
Time
1558546194239
Theta
1.6255
t_GA - R_GA * R_AB * t_BA
0.0895571 1.11731 -0.0200003
t_wo + t_wo_cam
0.0847677 1.11766 -0.0182085
Time
1558546194263
Theta
1.6255
t_GA - R_GA * R_AB * t_BA
0.0895571 1.11731 -0.0200003
t_wo + t_wo_cam
0.0895571 1.11731 -0.0200003
Time
1558546194284
Theta
1.6213
t_GA - R_GA * R_AB * t_BA
0.0895571 1.11731 -0.0200003
t_wo + t_wo_cam
0.0895571 1.11731 -0.0200003
Time
1558546194308
Theta
1.6213
t_GA - R_GA * R_AB * t_BA
0.0895571 1.11731 -0.0200003
t_wo + t_wo_cam
0.0895571 1.11731 -0.0200003
Time
1558546194333
Theta
1.6213
t_GA - R_GA * R_AB * t_BA
0.0836896 1.11809 -0.0232823
t_wo + t_wo_cam
0.0895571 1.11731 -0.0200003
Time
1558546194357
Theta
1.6213
t_GA - R_GA * R_AB * t_BA
0.0836896 1.11809 -0.0232823
t_wo + t_wo_cam
0.0836896 1.11809 -0.0232823
Time
1558546194382
Theta
1.62533
t_GA - R_GA * R_AB * t_BA
0.0836896 1.11809 -0.0232823
t_wo + t_wo_cam
0.0836896 1.11809 -0.0232823
Time
1558546194407
Theta
1.62533
t_GA - R_GA * R_AB * t_BA
0.0811208 1.11881 -0.0247954
t_wo + t_wo_cam
0.0836896 1.11809 -0.0232823
Time
1558546194427
Theta
1.62533
t_GA - R_GA * R_AB * t_BA
0.0811208 1.11881 -0.0247954
t_wo + t_wo_cam
0.0811208 1.11881 -0.0247954
Time
1558546194452
Theta
1.62844
t_GA - R_GA * R_AB * t_BA
0.0811208 1.11881 -0.0247954
t_wo + t_wo_cam
0.0811208 1.11881 -0.0247954
Time
1558546194476
Theta
1.62844
t_GA - R_GA * R_AB * t_BA
0.0811208 1.11881 -0.0247954
t_wo + t_wo_cam
0.0811208 1.11881 -0.0247954
Time
1558546194501
Theta
1.62844
t_GA - R_GA * R_AB * t_BA
0.0875133 1.11782 -0.0232579
t_wo + t_wo_cam
0.0811208 1.11881 -0.0247954
Time
1558546194525
Theta
1.62844
t_GA - R_GA * R_AB * t_BA
0.0875133 1.11782 -0.0232579
t_wo + t_wo_cam
0.0875133 1.11782 -0.0232579
Time
1558546194550
Theta
1.62291
t_GA - R_GA * R_AB * t_BA
0.0875133 1.11782 -0.0232579
t_wo + t_wo_cam
0.0875133 1.11782 -0.0232579
Time
1558546194570
Theta
1.62291
t_GA - R_GA * R_AB * t_BA
0.0875133 1.11782 -0.0232579
t_wo + t_wo_cam
0.0875133 1.11782 -0.0232579
Time
1558546194595
Theta
1.62291
t_GA - R_GA * R_AB * t_BA
0.0839543 1.11799 -0.0211125
t_wo + t_wo_cam
0.0875133 1.11782 -0.0232579
Time
1558546194619
Theta
1.62291
t_GA - R_GA * R_AB * t_BA
0.0839543 1.11799 -0.0211125
t_wo + t_wo_cam
0.0839543 1.11799 -0.0211125
Time
1558546194644
Theta
1.62568
t_GA - R_GA * R_AB * t_BA
0.0839543 1.11799 -0.0211125
t_wo + t_wo_cam
0.0839543 1.11799 -0.0211125
Time
1558546194669
Theta
1.62568
t_GA - R_GA * R_AB * t_BA
0.0822192 1.11805 -0.0230047
t_wo + t_wo_cam
0.0839543 1.11799 -0.0211125
Time
1558546194693
Theta
1.62568
t_GA - R_GA * R_AB * t_BA
0.0822192 1.11805 -0.0230047
t_wo + t_wo_cam
0.0822192 1.11805 -0.0230047
Time
1558546194714
Theta
1.62674
t_GA - R_GA * R_AB * t_BA
0.0822192 1.11805 -0.0230047
t_wo + t_wo_cam
0.0822192 1.11805 -0.0230047
Time
1558546194738
Theta
1.62674
t_GA - R_GA * R_AB * t_BA
0.0822192 1.11805 -0.0230047
t_wo + t_wo_cam
0.0822192 1.11805 -0.0230047
Time
1558546194763
Theta
1.62674
t_GA - R_GA * R_AB * t_BA
0.0802434 1.11818 -0.0233709
t_wo + t_wo_cam
0.0822192 1.11805 -0.0230047
Time
1558546194787
Theta
1.62674
t_GA - R_GA * R_AB * t_BA
0.0802434 1.11818 -0.0233709
t_wo + t_wo_cam
0.0802434 1.11818 -0.0233709
Time
1558546194812
Theta
1.62883
t_GA - R_GA * R_AB * t_BA
0.0802434 1.11818 -0.0233709
t_wo + t_wo_cam
0.0802434 1.11818 -0.0233709
Time
1558546194837
Theta
1.62883
t_GA - R_GA * R_AB * t_BA
0.086714 1.11735 -0.0210846
t_wo + t_wo_cam
0.0802434 1.11818 -0.0233709
Time
1558546194857
Theta
1.62883
t_GA - R_GA * R_AB * t_BA
0.086714 1.11735 -0.0210846
t_wo + t_wo_cam
0.086714 1.11735 -0.0210846
Time
1558546194882
Theta
1.62314
t_GA - R_GA * R_AB * t_BA
0.086714 1.11735 -0.0210846
t_wo + t_wo_cam
0.086714 1.11735 -0.0210846
Time
1558546194906
Theta
1.62314
t_GA - R_GA * R_AB * t_BA
0.086714 1.11735 -0.0210846
t_wo + t_wo_cam
0.086714 1.11735 -0.0210846
Time
1558546194931
Theta
1.62314
t_GA - R_GA * R_AB * t_BA
0.0846379 1.11764 -0.021854
t_wo + t_wo_cam
0.086714 1.11735 -0.0210846
Time
1558546194955
Theta
1.62314
t_GA - R_GA * R_AB * t_BA
0.0846379 1.11764 -0.021854
t_wo + t_wo_cam
0.0846379 1.11764 -0.021854
Time
1558546194980
Theta
1.62458
t_GA - R_GA * R_AB * t_BA
0.0846379 1.11764 -0.021854
t_wo + t_wo_cam
0.0846379 1.11764 -0.021854
Time
1558546195005
Theta
1.62458
t_GA - R_GA * R_AB * t_BA
0.0846379 1.11764 -0.021854
t_wo + t_wo_cam
0.0846379 1.11764 -0.021854
Time
1558546195025
Theta
1.62458
t_GA - R_GA * R_AB * t_BA
0.0836492 1.11793 -0.0225961
t_wo + t_wo_cam
0.0846379 1.11764 -0.021854
Time
1558546195050
Theta
1.62458
t_GA - R_GA * R_AB * t_BA
0.0836492 1.11793 -0.0225961
t_wo + t_wo_cam
0.0836492 1.11793 -0.0225961
Time
1558546195074
Theta
1.62608
t_GA - R_GA * R_AB * t_BA
0.0836492 1.11793 -0.0225961
t_wo + t_wo_cam
0.0836492 1.11793 -0.0225961
Time
1558546195099
Theta
1.62608
t_GA - R_GA * R_AB * t_BA
0.0865116 1.11767 -0.0227774
t_wo + t_wo_cam
0.0836492 1.11793 -0.0225961
Time
1558546195123
Theta
1.62608
t_GA - R_GA * R_AB * t_BA
0.0865116 1.11767 -0.0227774
t_wo + t_wo_cam
0.0865116 1.11767 -0.0227774
Time
1558546195148
Theta
1.62337
t_GA - R_GA * R_AB * t_BA
0.0865116 1.11767 -0.0227774
t_wo + t_wo_cam
0.0865116 1.11767 -0.0227774
Time
1558546195168
Theta
1.62337
t_GA - R_GA * R_AB * t_BA
0.0865116 1.11767 -0.0227774
t_wo + t_wo_cam
0.0865116 1.11767 -0.0227774
Time
1558546195193
Theta
1.62337
t_GA - R_GA * R_AB * t_BA
0.0829418 1.11805 -0.0245587
t_wo + t_wo_cam
0.0865116 1.11767 -0.0227774
Time
1558546195217
Theta
1.62337
t_GA - R_GA * R_AB * t_BA
0.0829418 1.11805 -0.0245587
t_wo + t_wo_cam
0.0829418 1.11805 -0.0245587
Time
1558546195242
Theta
1.62646
t_GA - R_GA * R_AB * t_BA
0.0829418 1.11805 -0.0245587
t_wo + t_wo_cam
0.0829418 1.11805 -0.0245587
Time
1558546195267
Theta
1.62646
t_GA - R_GA * R_AB * t_BA
0.0844643 1.11813 -0.0257496
t_wo + t_wo_cam
0.0829418 1.11805 -0.0245587
Time
1558546195291
Theta
1.62646
t_GA - R_GA * R_AB * t_BA
0.0844643 1.11813 -0.0257496
t_wo + t_wo_cam
0.0844643 1.11813 -0.0257496
Time
1558546195312
Theta
1.62522
t_GA - R_GA * R_AB * t_BA
0.0844643 1.11813 -0.0257496
t_wo + t_wo_cam
0.0844643 1.11813 -0.0257496
Time
1558546195336
Theta
1.62522
t_GA - R_GA * R_AB * t_BA
0.0844643 1.11813 -0.0257496
t_wo + t_wo_cam
0.0844643 1.11813 -0.0257496
Time
1558546195361
Theta
1.62522
t_GA - R_GA * R_AB * t_BA
0.0849176 1.11798 -0.0263554
t_wo + t_wo_cam
0.0844643 1.11813 -0.0257496
Time
1558546195385
Theta
1.62522
t_GA - R_GA * R_AB * t_BA
0.0849176 1.11798 -0.0263554
t_wo + t_wo_cam
0.0849176 1.11798 -0.0263554
Time
1558546195410
Theta
1.6246
t_GA - R_GA * R_AB * t_BA
0.0849176 1.11798 -0.0263554
t_wo + t_wo_cam
0.0849176 1.11798 -0.0263554
Time
1558546195435
Theta
1.6246
t_GA - R_GA * R_AB * t_BA
0.0849176 1.11798 -0.0263554
t_wo + t_wo_cam
0.0849176 1.11798 -0.0263554
Time
1558546195455
Theta
1.6246
t_GA - R_GA * R_AB * t_BA
0.0845991 1.11778 -0.0272775
t_wo + t_wo_cam
0.0849176 1.11798 -0.0263554
Time
1558546195480
Theta
1.6246
t_GA - R_GA * R_AB * t_BA
0.0845991 1.11778 -0.0272775
t_wo + t_wo_cam
0.0845991 1.11778 -0.0272775
Time
1558546195504
Theta
1.6249
t_GA - R_GA * R_AB * t_BA
0.0845991 1.11778 -0.0272775
t_wo + t_wo_cam
0.0845991 1.11778 -0.0272775
Time
1558546195529
Theta
1.6249
t_GA - R_GA * R_AB * t_BA
0.0849559 1.11707 -0.0260312
t_wo + t_wo_cam
0.0845991 1.11778 -0.0272775
Time
1558546195553
Theta
1.6249
t_GA - R_GA * R_AB * t_BA
0.0849559 1.11707 -0.0260312
t_wo + t_wo_cam
0.0849559 1.11707 -0.0260312
Time
1558546195578
Theta
1.62432
t_GA - R_GA * R_AB * t_BA
0.0849559 1.11707 -0.0260312
t_wo + t_wo_cam
0.0849559 1.11707 -0.0260312
Time
1558546195598
Theta
1.62432
t_GA - R_GA * R_AB * t_BA
0.0849559 1.11707 -0.0260312
t_wo + t_wo_cam
0.0849559 1.11707 -0.0260312
Time
1558546195623
Theta
1.62432
t_GA - R_GA * R_AB * t_BA
0.0842335 1.11715 -0.0229586
t_wo + t_wo_cam
0.0849559 1.11707 -0.0260312
Time
1558546195648
Theta
1.62432
t_GA - R_GA * R_AB * t_BA
0.0842335 1.11715 -0.0229586
t_wo + t_wo_cam
0.0842335 1.11715 -0.0229586
Time
1558546195672
Theta
1.62479
t_GA - R_GA * R_AB * t_BA
0.0842335 1.11715 -0.0229586
t_wo + t_wo_cam
0.0842335 1.11715 -0.0229586
Time
1558546195697
Theta
1.62479
t_GA - R_GA * R_AB * t_BA
0.0807578 1.11751 -0.0242199
t_wo + t_wo_cam
0.0842335 1.11715 -0.0229586
Time
1558546195721
Theta
1.62479
t_GA - R_GA * R_AB * t_BA
0.0807578 1.11751 -0.0242199
t_wo + t_wo_cam
0.0807578 1.11751 -0.0242199
Time
1558546195742
Theta
1.62795
t_GA - R_GA * R_AB * t_BA
0.0807578 1.11751 -0.0242199
t_wo + t_wo_cam
0.0807578 1.11751 -0.0242199
Time
1558546195766
Theta
1.62795
t_GA - R_GA * R_AB * t_BA
0.0807578 1.11751 -0.0242199
t_wo + t_wo_cam
0.0807578 1.11751 -0.0242199
Time
1558546195791
Theta
1.62795
t_GA - R_GA * R_AB * t_BA
0.08589 1.11698 -0.0241291
t_wo + t_wo_cam
0.0807578 1.11751 -0.0242199
Time
1558546195815
Theta
1.62795
t_GA - R_GA * R_AB * t_BA
0.08589 1.11698 -0.0241291
t_wo + t_wo_cam
0.08589 1.11698 -0.0241291
Time
1558546195840
Theta
1.62294
t_GA - R_GA * R_AB * t_BA
0.08589 1.11698 -0.0241291
t_wo + t_wo_cam
0.08589 1.11698 -0.0241291
Time
1558546195865
Theta
1.62294
t_GA - R_GA * R_AB * t_BA
0.08589 1.11698 -0.0241291
t_wo + t_wo_cam
0.08589 1.11698 -0.0241291
Time
1558546195885
Theta
1.62294
t_GA - R_GA * R_AB * t_BA
0.0880982 1.11694 -0.024957
t_wo + t_wo_cam
0.08589 1.11698 -0.0241291
Time
1558546195910
Theta
1.62294
t_GA - R_GA * R_AB * t_BA
0.0880982 1.11694 -0.024957
t_wo + t_wo_cam
0.0880982 1.11694 -0.024957
Time
1558546195934
Theta
1.62113
t_GA - R_GA * R_AB * t_BA
0.0880982 1.11694 -0.024957
t_wo + t_wo_cam
0.0880982 1.11694 -0.024957
Time
1558546195959
Theta
1.62113
t_GA - R_GA * R_AB * t_BA
0.0904238 1.11681 -0.0251837
t_wo + t_wo_cam
0.0880982 1.11694 -0.024957
Time
1558546195983
Theta
1.62113
t_GA - R_GA * R_AB * t_BA
0.0904238 1.11681 -0.0251837
t_wo + t_wo_cam
0.0904238 1.11681 -0.0251837
Time
1558546196008
Theta
1.6194
t_GA - R_GA * R_AB * t_BA
0.0904238 1.11681 -0.0251837
t_wo + t_wo_cam
0.0904238 1.11681 -0.0251837
Time
1558546196033
Theta
1.6194
t_GA - R_GA * R_AB * t_BA
0.0904238 1.11681 -0.0251837
t_wo + t_wo_cam
0.0904238 1.11681 -0.0251837
Time
1558546196053
Theta
1.6194
t_GA - R_GA * R_AB * t_BA
0.0938085 1.11632 -0.0225832
t_wo + t_wo_cam
0.0904238 1.11681 -0.0251837
Time
1558546196078
Theta
1.6194
t_GA - R_GA * R_AB * t_BA
0.0938085 1.11632 -0.0225832
t_wo + t_wo_cam
0.0938085 1.11632 -0.0225832
Time
1558546196102
Theta
1.61605
t_GA - R_GA * R_AB * t_BA
0.0938085 1.11632 -0.0225832
t_wo + t_wo_cam
0.0938085 1.11632 -0.0225832
Time
1558546196127
Theta
1.61605
t_GA - R_GA * R_AB * t_BA
0.0938085 1.11632 -0.0225832
t_wo + t_wo_cam
0.0938085 1.11632 -0.0225832
Time
1558546196151
Theta
1.61605
t_GA - R_GA * R_AB * t_BA
0.0904753 1.11646 -0.021542
t_wo + t_wo_cam
0.0938085 1.11632 -0.0225832
Time
1558546196176
Theta
1.61605
t_GA - R_GA * R_AB * t_BA
0.0904753 1.11646 -0.021542
t_wo + t_wo_cam
0.0904753 1.11646 -0.021542
Time
1558546196196
Theta
1.61902
t_GA - R_GA * R_AB * t_BA
0.0904753 1.11646 -0.021542
t_wo + t_wo_cam
0.0904753 1.11646 -0.021542
Time
1558546196221
Theta
1.61902
t_GA - R_GA * R_AB * t_BA
0.0929464 1.1158 -0.0198235
t_wo + t_wo_cam
0.0904753 1.11646 -0.021542
Time
1558546196245
Theta
1.61902
t_GA - R_GA * R_AB * t_BA
0.0929464 1.1158 -0.0198235
t_wo + t_wo_cam
0.0929464 1.1158 -0.0198235
Time
1558546196270
Theta
1.61694
t_GA - R_GA * R_AB * t_BA
0.0929464 1.1158 -0.0198235
t_wo + t_wo_cam
0.0929464 1.1158 -0.0198235
Time
1558546196295
Theta
1.61694
t_GA - R_GA * R_AB * t_BA
0.0929464 1.1158 -0.0198235
t_wo + t_wo_cam
0.0929464 1.1158 -0.0198235
Time
1558546196319
Theta
1.61694
t_GA - R_GA * R_AB * t_BA
0.0941376 1.11518 -0.017082
t_wo + t_wo_cam
0.0929464 1.1158 -0.0198235
Time
1558546196340
Theta
1.61694
t_GA - R_GA * R_AB * t_BA
0.0941376 1.11518 -0.017082
t_wo + t_wo_cam
0.0941376 1.11518 -0.017082
Time
1558546196364
Theta
1.61556
t_GA - R_GA * R_AB * t_BA
0.0941376 1.11518 -0.017082
t_wo + t_wo_cam
0.0941376 1.11518 -0.017082
Time
1558546196389
Theta
1.61556
t_GA - R_GA * R_AB * t_BA
0.0931055 1.11563 -0.0183285
t_wo + t_wo_cam
0.0941376 1.11518 -0.017082
Time
1558546196413
Theta
1.61556
t_GA - R_GA * R_AB * t_BA
0.0931055 1.11563 -0.0183285
t_wo + t_wo_cam
0.0931055 1.11563 -0.0183285
Time
1558546196438
Theta
1.61655
t_GA - R_GA * R_AB * t_BA
0.0931055 1.11563 -0.0183285
t_wo + t_wo_cam
0.0931055 1.11563 -0.0183285
Time
1558546196463
Theta
1.61655
t_GA - R_GA * R_AB * t_BA
0.0931055 1.11563 -0.0183285
t_wo + t_wo_cam
0.0931055 1.11563 -0.0183285
Time
1558546196483
Theta
1.61655
t_GA - R_GA * R_AB * t_BA
0.0917681 1.11564 -0.0158824
t_wo + t_wo_cam
0.0931055 1.11563 -0.0183285
Time
1558546196508
Theta
1.61655
t_GA - R_GA * R_AB * t_BA
0.0917681 1.11564 -0.0158824
t_wo + t_wo_cam
0.0917681 1.11564 -0.0158824
Time
1558546196532
Theta
1.61786
t_GA - R_GA * R_AB * t_BA
0.0917681 1.11564 -0.0158824
t_wo + t_wo_cam
0.0917681 1.11564 -0.0158824
Time
1558546196557
Theta
1.61786
t_GA - R_GA * R_AB * t_BA
0.0917681 1.11564 -0.0158824
t_wo + t_wo_cam
0.0917681 1.11564 -0.0158824
Time
1558546196581
Theta
1.61786
t_GA - R_GA * R_AB * t_BA
0.0926773 1.11579 -0.0165139
t_wo + t_wo_cam
0.0917681 1.11564 -0.0158824
Time
1558546196606
Theta
1.61786
t_GA - R_GA * R_AB * t_BA
0.0926773 1.11579 -0.0165139
t_wo + t_wo_cam
0.0926773 1.11579 -0.0165139
Time
1558546196626
Theta
1.61693
t_GA - R_GA * R_AB * t_BA
0.0926773 1.11579 -0.0165139
t_wo + t_wo_cam
0.0926773 1.11579 -0.0165139
Time
1558546196651
Theta
1.61693
t_GA - R_GA * R_AB * t_BA
0.0939406 1.11577 -0.0183857
t_wo + t_wo_cam
0.0926773 1.11579 -0.0165139
Time
1558546196676
Theta
1.61693
t_GA - R_GA * R_AB * t_BA
0.0939406 1.11577 -0.0183857
t_wo + t_wo_cam
0.0939406 1.11577 -0.0183857
Time
1558546196700
Theta
1.6156
t_GA - R_GA * R_AB * t_BA
0.0939406 1.11577 -0.0183857
t_wo + t_wo_cam
0.0939406 1.11577 -0.0183857
Time
1558546196725
Theta
1.6156
t_GA - R_GA * R_AB * t_BA
0.0939406 1.11577 -0.0183857
t_wo + t_wo_cam
0.0939406 1.11577 -0.0183857
Time
1558546196749
Theta
1.6156
t_GA - R_GA * R_AB * t_BA
0.0918768 1.11608 -0.018555
t_wo + t_wo_cam
0.0939406 1.11577 -0.0183857
Time
1558546196770
Theta
1.6156
t_GA - R_GA * R_AB * t_BA
0.0918768 1.11608 -0.018555
t_wo + t_wo_cam
0.0918768 1.11608 -0.018555
Time
1558546196794
Theta
1.61757
t_GA - R_GA * R_AB * t_BA
0.0918768 1.11608 -0.018555
t_wo + t_wo_cam
0.0918768 1.11608 -0.018555
Time
1558546196819
Theta
1.61757
t_GA - R_GA * R_AB * t_BA
0.0918768 1.11608 -0.018555
t_wo + t_wo_cam
0.0918768 1.11608 -0.018555
Time
1558546196843
Theta
1.61757
t_GA - R_GA * R_AB * t_BA
0.0958239 1.11487 -0.0151806
t_wo + t_wo_cam
0.0918768 1.11608 -0.018555
Time
1558546196868
Theta
1.61757
t_GA - R_GA * R_AB * t_BA
0.0958239 1.11487 -0.0151806
t_wo + t_wo_cam
0.0958239 1.11487 -0.0151806
Time
1558546196893
Theta
1.61362
t_GA - R_GA * R_AB * t_BA
0.0958239 1.11487 -0.0151806
t_wo + t_wo_cam
0.0958239 1.11487 -0.0151806
Time
1558546196913
Theta
1.61362
t_GA - R_GA * R_AB * t_BA
0.0925237 1.11531 -0.0159
t_wo + t_wo_cam
0.0958239 1.11487 -0.0151806
Time
1558546196938
Theta
1.61362
t_GA - R_GA * R_AB * t_BA
0.0925237 1.11531 -0.0159
t_wo + t_wo_cam
0.0925237 1.11531 -0.0159
Time
1558546196962
Theta
1.61645
t_GA - R_GA * R_AB * t_BA
0.0925237 1.11531 -0.0159
t_wo + t_wo_cam
0.0925237 1.11531 -0.0159
Time
1558546196987
Theta
1.61645
t_GA - R_GA * R_AB * t_BA
0.0925237 1.11531 -0.0159
t_wo + t_wo_cam
0.0925237 1.11531 -0.0159
Time
1558546197011
Theta
1.61645
t_GA - R_GA * R_AB * t_BA
0.0904706 1.1152 -0.0140159
t_wo + t_wo_cam
0.0925237 1.11531 -0.0159
Time
1558546197036
Theta
1.61645
t_GA - R_GA * R_AB * t_BA
0.0904706 1.1152 -0.0140159
t_wo + t_wo_cam
0.0904706 1.1152 -0.0140159
Time
1558546197061
Theta
1.61826
t_GA - R_GA * R_AB * t_BA
0.0904706 1.1152 -0.0140159
t_wo + t_wo_cam
0.0904706 1.1152 -0.0140159
Time
1558546197081
Theta
1.61826
t_GA - R_GA * R_AB * t_BA
0.0911853 1.11516 -0.0148438
t_wo + t_wo_cam
0.0904706 1.1152 -0.0140159
Time
1558546197106
Theta
1.61826
t_GA - R_GA * R_AB * t_BA
0.0911853 1.11516 -0.0148438
t_wo + t_wo_cam
0.0911853 1.11516 -0.0148438
Time
1558546197130
Theta
1.6176
t_GA - R_GA * R_AB * t_BA
0.0911853 1.11516 -0.0148438
t_wo + t_wo_cam
0.0911853 1.11516 -0.0148438
Time
1558546197155
Theta
1.6176
t_GA - R_GA * R_AB * t_BA
0.0911853 1.11516 -0.0148438
t_wo + t_wo_cam
0.0911853 1.11516 -0.0148438
Time
1558546197179
Theta
1.6176
t_GA - R_GA * R_AB * t_BA
0.0915991 1.11519 -0.0154715
t_wo + t_wo_cam
0.0911853 1.11516 -0.0148438
Time
1558546197204
Theta
1.6176
t_GA - R_GA * R_AB * t_BA
0.0915991 1.11519 -0.0154715
t_wo + t_wo_cam
0.0915991 1.11519 -0.0154715
Time
1558546197224
Theta
1.61726
t_GA - R_GA * R_AB * t_BA
0.0915991 1.11519 -0.0154715
t_wo + t_wo_cam
0.0915991 1.11519 -0.0154715
Time
1558546197249
Theta
1.61726
t_GA - R_GA * R_AB * t_BA
0.0917053 1.11523 -0.0147773
t_wo + t_wo_cam
0.0915991 1.11519 -0.0154715
Time
1558546197274
Theta
1.61726
t_GA - R_GA * R_AB * t_BA
0.0917053 1.11523 -0.0147773
t_wo + t_wo_cam
0.0917053 1.11523 -0.0147773
Time
1558546197298
Theta
1.61701
t_GA - R_GA * R_AB * t_BA
0.0917053 1.11523 -0.0147773
t_wo + t_wo_cam
0.0917053 1.11523 -0.0147773
Time
1558546197323
Theta
1.61701
t_GA - R_GA * R_AB * t_BA
0.0917053 1.11523 -0.0147773
t_wo + t_wo_cam
0.0917053 1.11523 -0.0147773
Time
1558546197347
Theta
1.61701
t_GA - R_GA * R_AB * t_BA
0.0920388 1.11495 -0.0141424
t_wo + t_wo_cam
0.0917053 1.11523 -0.0147773
Time
1558546197368
Theta
1.61701
t_GA - R_GA * R_AB * t_BA
0.0920388 1.11495 -0.0141424
t_wo + t_wo_cam
0.0920388 1.11495 -0.0141424
Time
1558546197392
Theta
1.61667
t_GA - R_GA * R_AB * t_BA
0.0920388 1.11495 -0.0141424
t_wo + t_wo_cam
0.0920388 1.11495 -0.0141424
Time
1558546197417
Theta
1.61667
t_GA - R_GA * R_AB * t_BA
0.0920388 1.11495 -0.0141424
t_wo + t_wo_cam
0.0920388 1.11495 -0.0141424
Time
1558546197441
Theta
1.61667
t_GA - R_GA * R_AB * t_BA
0.0873797 1.11543 -0.0140997
t_wo + t_wo_cam
0.0920388 1.11495 -0.0141424
Time
1558546197466
Theta
1.61667
t_GA - R_GA * R_AB * t_BA
0.0873797 1.11543 -0.0140997
t_wo + t_wo_cam
0.0873797 1.11543 -0.0140997
Time
1558546197491
Theta
1.62089
t_GA - R_GA * R_AB * t_BA
0.0873797 1.11543 -0.0140997
t_wo + t_wo_cam
0.0873797 1.11543 -0.0140997
Time
1558546197511
Theta
1.62089
t_GA - R_GA * R_AB * t_BA
0.0873797 1.11543 -0.0140997
t_wo + t_wo_cam
0.0873797 1.11543 -0.0140997
Time
1558546197536
Theta
1.62089
t_GA - R_GA * R_AB * t_BA
0.0862628 1.1158 -0.015311
t_wo + t_wo_cam
0.0873797 1.11543 -0.0140997
Time
1558546197560
Theta
1.62089
t_GA - R_GA * R_AB * t_BA
0.0862628 1.1158 -0.015311
t_wo + t_wo_cam
0.0862628 1.1158 -0.015311
Time
1558546197585
Theta
1.62178
t_GA - R_GA * R_AB * t_BA
0.0862628 1.1158 -0.015311
t_wo + t_wo_cam
0.0862628 1.1158 -0.015311
Time
1558546197609
Theta
1.62178
t_GA - R_GA * R_AB * t_BA
0.0846495 1.11586 -0.0146072
t_wo + t_wo_cam
0.0862628 1.1158 -0.015311
Time
1558546197634
Theta
1.62178
t_GA - R_GA * R_AB * t_BA
0.0846495 1.11586 -0.0146072
t_wo + t_wo_cam
0.0846495 1.11586 -0.0146072
Time
1558546197654
Theta
1.62311
t_GA - R_GA * R_AB * t_BA
0.0846495 1.11586 -0.0146072
t_wo + t_wo_cam
0.0846495 1.11586 -0.0146072
Time
1558546197679
Theta
1.62311
t_GA - R_GA * R_AB * t_BA
0.0846495 1.11586 -0.0146072
t_wo + t_wo_cam
0.0846495 1.11586 -0.0146072
Time
1558546197704
Theta
1.62311
t_GA - R_GA * R_AB * t_BA
0.0811787 1.11695 -0.0208516
t_wo + t_wo_cam
0.0846495 1.11586 -0.0146072
Time
1558546197728
Theta
1.62311
t_GA - R_GA * R_AB * t_BA
0.0811787 1.11695 -0.0208516
t_wo + t_wo_cam
0.0811787 1.11695 -0.0208516
Time
1558546197753
Theta
1.6263
t_GA - R_GA * R_AB * t_BA
0.0811787 1.11695 -0.0208516
t_wo + t_wo_cam
0.0811787 1.11695 -0.0208516
Time
1558546197777
Theta
1.6263
t_GA - R_GA * R_AB * t_BA
0.0820154 1.11691 -0.0220654
t_wo + t_wo_cam
0.0811787 1.11695 -0.0208516
Time
1558546197798
Theta
1.6263
t_GA - R_GA * R_AB * t_BA
0.0820154 1.11691 -0.0220654
t_wo + t_wo_cam
0.0820154 1.11691 -0.0220654
Time
1558546197822
Theta
1.62553
t_GA - R_GA * R_AB * t_BA
0.0820154 1.11691 -0.0220654
t_wo + t_wo_cam
0.0820154 1.11691 -0.0220654
Time
1558546197847
Theta
1.62553
t_GA - R_GA * R_AB * t_BA
0.0820154 1.11691 -0.0220654
t_wo + t_wo_cam
0.0820154 1.11691 -0.0220654
Time
1558546197872
Theta
1.62553
t_GA - R_GA * R_AB * t_BA
0.0845931 1.11639 -0.0178667
t_wo + t_wo_cam
0.0820154 1.11691 -0.0220654
Time
1558546197896
Theta
1.62553
t_GA - R_GA * R_AB * t_BA
0.0845931 1.11639 -0.0178667
t_wo + t_wo_cam
0.0845931 1.11639 -0.0178667
Time
1558546197921
Theta
1.62294
t_GA - R_GA * R_AB * t_BA
0.0845931 1.11639 -0.0178667
t_wo + t_wo_cam
0.0845931 1.11639 -0.0178667
Time
1558546197941
Theta
1.62294
t_GA - R_GA * R_AB * t_BA
0.0845931 1.11639 -0.0178667
t_wo + t_wo_cam
0.0845931 1.11639 -0.0178667
Time
1558546197966
Theta
1.62294
t_GA - R_GA * R_AB * t_BA
0.087556 1.11551 -0.0193236
t_wo + t_wo_cam
0.0845931 1.11639 -0.0178667
Time
1558546197990
Theta
1.62294
t_GA - R_GA * R_AB * t_BA
0.087556 1.11551 -0.0193236
t_wo + t_wo_cam
0.087556 1.11551 -0.0193236
Time
1558546198015
Theta
1.62035
t_GA - R_GA * R_AB * t_BA
0.087556 1.11551 -0.0193236
t_wo + t_wo_cam
0.087556 1.11551 -0.0193236
Time
1558546198040
Theta
1.62035
t_GA - R_GA * R_AB * t_BA
0.0892702 1.11493 -0.015875
t_wo + t_wo_cam
0.087556 1.11551 -0.0193236
Time
1558546198064
Theta
1.62035
t_GA - R_GA * R_AB * t_BA
0.0892702 1.11493 -0.015875
t_wo + t_wo_cam
0.0892702 1.11493 -0.015875
Time
1558546198085
Theta
1.61857
t_GA - R_GA * R_AB * t_BA
0.0892702 1.11493 -0.015875
t_wo + t_wo_cam
0.0892702 1.11493 -0.015875
Time
1558546198109
Theta
1.61857
t_GA - R_GA * R_AB * t_BA
0.0892702 1.11493 -0.015875
t_wo + t_wo_cam
0.0892702 1.11493 -0.015875
Time
1558546198134
Theta
1.61857
t_GA - R_GA * R_AB * t_BA
0.0967358 1.11397 -0.0153041
t_wo + t_wo_cam
0.0892702 1.11493 -0.015875
Time
1558546198158
Theta
1.61857
t_GA - R_GA * R_AB * t_BA
0.0967358 1.11397 -0.0153041
t_wo + t_wo_cam
0.0967358 1.11397 -0.0153041
Time
1558546198183
Theta
1.61198
t_GA - R_GA * R_AB * t_BA
0.0967358 1.11397 -0.0153041
t_wo + t_wo_cam
0.0967358 1.11397 -0.0153041
Time
1558546198207
Theta
1.61198
t_GA - R_GA * R_AB * t_BA
0.0967358 1.11397 -0.0153041
t_wo + t_wo_cam
0.0967358 1.11397 -0.0153041
Time
1558546198232
Theta
1.61198
t_GA - R_GA * R_AB * t_BA
0.102717 1.11351 -0.0192708
t_wo + t_wo_cam
0.0967358 1.11397 -0.0153041
Time
1558546198252
Theta
1.61198
t_GA - R_GA * R_AB * t_BA
0.102717 1.11351 -0.0192708
t_wo + t_wo_cam
0.102717 1.11351 -0.0192708
Time
1558546198277
Theta
1.60683
t_GA - R_GA * R_AB * t_BA
0.102717 1.11351 -0.0192708
t_wo + t_wo_cam
0.102717 1.11351 -0.0192708
Time
1558546198302
Theta
1.60683
t_GA - R_GA * R_AB * t_BA
0.102251 1.11334 -0.0175283
t_wo + t_wo_cam
0.102717 1.11351 -0.0192708
Time
1558546198326
Theta
1.60683
t_GA - R_GA * R_AB * t_BA
0.102251 1.11334 -0.0175283
t_wo + t_wo_cam
0.102251 1.11334 -0.0175283
Time
1558546198351
Theta
1.60657
t_GA - R_GA * R_AB * t_BA
0.102251 1.11334 -0.0175283
t_wo + t_wo_cam
0.102251 1.11334 -0.0175283
Time
1558546198375
Theta
1.60657
t_GA - R_GA * R_AB * t_BA
0.102251 1.11334 -0.0175283
t_wo + t_wo_cam
0.102251 1.11334 -0.0175283
Time
1558546198396
Theta
1.60657
t_GA - R_GA * R_AB * t_BA
0.113864 1.11146 -0.0173668
t_wo + t_wo_cam
0.102251 1.11334 -0.0175283
Time
1558546198420
Theta
1.60657
t_GA - R_GA * R_AB * t_BA
0.113864 1.11146 -0.0173668
t_wo + t_wo_cam
0.113864 1.11146 -0.0173668
Time
1558546198445
Theta
1.59548
t_GA - R_GA * R_AB * t_BA
0.113864 1.11146 -0.0173668
t_wo + t_wo_cam
0.113864 1.11146 -0.0173668
Time
1558546198470
Theta
1.59548
t_GA - R_GA * R_AB * t_BA
0.136834 1.10646 -0.00963743
t_wo + t_wo_cam
0.113864 1.11146 -0.0173668
Time
1558546198494
Theta
1.59548
t_GA - R_GA * R_AB * t_BA
0.136834 1.10646 -0.00963743
t_wo + t_wo_cam
0.136834 1.10646 -0.00963743
Time
1558546198519
Theta
1.57349
t_GA - R_GA * R_AB * t_BA
0.136834 1.10646 -0.00963743
t_wo + t_wo_cam
0.136834 1.10646 -0.00963743
Time
1558546198539
Theta
1.57349
t_GA - R_GA * R_AB * t_BA
0.136834 1.10646 -0.00963743
t_wo + t_wo_cam
0.136834 1.10646 -0.00963743
Time
1558546198564
Theta
1.57349
t_GA - R_GA * R_AB * t_BA
0.319657 1.06381 -0.0233321
t_wo + t_wo_cam
0.136834 1.10646 -0.00963743
Time
1558546198588
Theta
1.57349
t_GA - R_GA * R_AB * t_BA
0.319657 1.06381 -0.0233321
t_wo + t_wo_cam
0.319657 1.06381 -0.0233321
Time
1558546198613
Theta
1.39509
t_GA - R_GA * R_AB * t_BA
0.319657 1.06381 -0.0233321
t_wo + t_wo_cam
0.319657 1.06381 -0.0233321
Time
1558546198637
Theta
1.39509
t_GA - R_GA * R_AB * t_BA
0.319657 1.06381 -0.0233321
t_wo + t_wo_cam
0.319657 1.06381 -0.0233321
Time
1558546198662
Theta
1.39509
t_GA - R_GA * R_AB * t_BA
0.392656 1.03288 -0.0136373
t_wo + t_wo_cam
0.319657 1.06381 -0.0233321
Time
1558546198683
Theta
1.39509
t_GA - R_GA * R_AB * t_BA
0.392656 1.03288 -0.0136373
t_wo + t_wo_cam
0.392656 1.03288 -0.0136373
Time
1558546198707
Theta
1.3187
t_GA - R_GA * R_AB * t_BA
0.392656 1.03288 -0.0136373
t_wo + t_wo_cam
0.392656 1.03288 -0.0136373
Time
1558546198732
Theta
1.3187
t_GA - R_GA * R_AB * t_BA
0.662835 0.881979 -0.00943482
t_wo + t_wo_cam
0.392656 1.03288 -0.0136373
Time
1558546198756
Theta
1.3187
t_GA - R_GA * R_AB * t_BA
0.662835 0.881979 -0.00943482
t_wo + t_wo_cam
0.662835 0.881979 -0.00943482
Time
1558546198781
Theta
1.0489
t_GA - R_GA * R_AB * t_BA
0.662835 0.881979 -0.00943482
t_wo + t_wo_cam
0.662835 0.881979 -0.00943482
Time
1558546198805
Theta
1.0489
t_GA - R_GA * R_AB * t_BA
0.662835 0.881979 -0.00943482
t_wo + t_wo_cam
0.662835 0.881979 -0.00943482
Time
1558546198826
Theta
1.0489
t_GA - R_GA * R_AB * t_BA
0.662835 0.881979 -0.00943482
t_wo + t_wo_cam
0.662835 0.881979 -0.00943482
Time
1558546198850
Theta
1.0489
t_GA - R_GA * R_AB * t_BA
0.740097 0.808452 0.0277134
t_wo + t_wo_cam
0.740097 0.808452 0.0277134
Time
1558546198875
Theta
0.959089
t_GA - R_GA * R_AB * t_BA
0.740097 0.808452 0.0277134
t_wo + t_wo_cam
0.740097 0.808452 0.0277134
Time
1558546198900
Theta
0.959089
t_GA - R_GA * R_AB * t_BA
0.740097 0.808452 0.0277134
t_wo + t_wo_cam
0.740097 0.808452 0.0277134
Time
1558546198924
Theta
0.959089
t_GA - R_GA * R_AB * t_BA
0.740097 0.808452 0.0277134
t_wo + t_wo_cam
0.740097 0.808452 0.0277134
Time
1558546198949
Theta
0.959089
t_GA - R_GA * R_AB * t_BA
0.803151 0.733671 0.0479957
t_wo + t_wo_cam
0.740097 0.808452 0.0277134
Time
1558546198969
Theta
0.959089
t_GA - R_GA * R_AB * t_BA
0.803151 0.733671 0.0479957
t_wo + t_wo_cam
0.803151 0.733671 0.0479957
Time
1558546198994
Theta
0.870012
t_GA - R_GA * R_AB * t_BA
0.803151 0.733671 0.0479957
t_wo + t_wo_cam
0.803151 0.733671 0.0479957
Time
1558546199018
Theta
0.870012
t_GA - R_GA * R_AB * t_BA
0.896491 0.608788 0.042645
t_wo + t_wo_cam
0.803151 0.733671 0.0479957
Time
1558546199043
Theta
0.870012
t_GA - R_GA * R_AB * t_BA
0.896491 0.608788 0.042645
t_wo + t_wo_cam
0.896491 0.608788 0.042645
Time
1558546199067
Theta
0.725916
t_GA - R_GA * R_AB * t_BA
0.896491 0.608788 0.042645
t_wo + t_wo_cam
0.896491 0.608788 0.042645
Time
1558546199092
Theta
0.725916
t_GA - R_GA * R_AB * t_BA
0.896491 0.608788 0.042645
t_wo + t_wo_cam
0.896491 0.608788 0.042645
Time
1558546199113
Theta
0.725916
t_GA - R_GA * R_AB * t_BA
0.92597 0.569052 0.020548
t_wo + t_wo_cam
0.896491 0.608788 0.042645
Time
1558546199137
Theta
0.725916
t_GA - R_GA * R_AB * t_BA
0.92597 0.569052 0.020548
t_wo + t_wo_cam
0.92597 0.569052 0.020548
Time
1558546199162
Theta
0.678098
t_GA - R_GA * R_AB * t_BA
0.92597 0.569052 0.020548
t_wo + t_wo_cam
0.92597 0.569052 0.020548
Time
1558546199186
Theta
0.678098
t_GA - R_GA * R_AB * t_BA
0.923354 0.576105 -0.0143683
t_wo + t_wo_cam
0.92597 0.569052 0.020548
Time
1558546199211
Theta
0.678098
t_GA - R_GA * R_AB * t_BA
0.923354 0.576105 -0.0143683
t_wo + t_wo_cam
0.923354 0.576105 -0.0143683
Time
1558546199235
Theta
0.673494
t_GA - R_GA * R_AB * t_BA
0.923354 0.576105 -0.0143683
t_wo + t_wo_cam
0.923354 0.576105 -0.0143683
Time
1558546199260
Theta
0.673494
t_GA - R_GA * R_AB * t_BA
0.923354 0.576105 -0.0143683
t_wo + t_wo_cam
0.923354 0.576105 -0.0143683
Time
1558546199281
Theta
0.673494
t_GA - R_GA * R_AB * t_BA
0.896991 0.610569 -0.0968063
t_wo + t_wo_cam
0.923354 0.576105 -0.0143683
Time
1558546199305
Theta
0.673494
t_GA - R_GA * R_AB * t_BA
0.896991 0.610569 -0.0968063
t_wo + t_wo_cam
0.896991 0.610569 -0.0968063
Time
1558546199330
Theta
0.690568
t_GA - R_GA * R_AB * t_BA
0.896991 0.610569 -0.0968063
t_wo + t_wo_cam
0.896991 0.610569 -0.0968063
Time
1558546199354
Theta
0.690568
t_GA - R_GA * R_AB * t_BA
0.892887 0.616412 -0.131801
t_wo + t_wo_cam
0.896991 0.610569 -0.0968063
Time
1558546199379
Theta
0.690568
t_GA - R_GA * R_AB * t_BA
0.892887 0.616412 -0.131801
t_wo + t_wo_cam
0.892887 0.616412 -0.131801
Time
1558546199403
Theta
0.695573
t_GA - R_GA * R_AB * t_BA
0.892887 0.616412 -0.131801
t_wo + t_wo_cam
0.892887 0.616412 -0.131801
Time
1558546199424
Theta
0.695573
t_GA - R_GA * R_AB * t_BA
0.892887 0.616412 -0.131801
t_wo + t_wo_cam
0.892887 0.616412 -0.131801
Time
1558546199448
Theta
0.695573
t_GA - R_GA * R_AB * t_BA
0.881827 0.630164 -0.156379
t_wo + t_wo_cam
0.892887 0.616412 -0.131801
Time
1558546199473
Theta
0.695573
t_GA - R_GA * R_AB * t_BA
0.881827 0.630164 -0.156379
t_wo + t_wo_cam
0.881827 0.630164 -0.156379
Time
1558546199498
Theta
0.709856
t_GA - R_GA * R_AB * t_BA
0.881827 0.630164 -0.156379
t_wo + t_wo_cam
0.881827 0.630164 -0.156379
Time
1558546199522
Theta
0.709856
t_GA - R_GA * R_AB * t_BA
0.877507 0.635205 -0.174978
t_wo + t_wo_cam
0.881827 0.630164 -0.156379
Time
1558546199547
Theta
0.709856
t_GA - R_GA * R_AB * t_BA
0.877507 0.635205 -0.174978
t_wo + t_wo_cam
0.877507 0.635205 -0.174978
Time
1558546199567
Theta
0.715242
t_GA - R_GA * R_AB * t_BA
0.877507 0.635205 -0.174978
t_wo + t_wo_cam
0.877507 0.635205 -0.174978
Time
1558546199592
Theta
0.715242
t_GA - R_GA * R_AB * t_BA
0.877507 0.635205 -0.174978
t_wo + t_wo_cam
0.877507 0.635205 -0.174978
Time
1558546199616
Theta
0.715242
t_GA - R_GA * R_AB * t_BA
0.887969 0.622581 -0.163905
t_wo + t_wo_cam
0.877507 0.635205 -0.174978
Time
1558546199641
Theta
0.715242
t_GA - R_GA * R_AB * t_BA
0.887969 0.622581 -0.163905
t_wo + t_wo_cam
0.887969 0.622581 -0.163905
Time
1558546199666
Theta
0.702709
t_GA - R_GA * R_AB * t_BA
0.887969 0.622581 -0.163905
t_wo + t_wo_cam
0.887969 0.622581 -0.163905
Time
1558546199690
Theta
0.702709
t_GA - R_GA * R_AB * t_BA
0.887969 0.622581 -0.163905
t_wo + t_wo_cam
0.887969 0.622581 -0.163905
Time
1558546199711
Theta
0.702709
t_GA - R_GA * R_AB * t_BA
0.902032 0.604138 -0.141912
t_wo + t_wo_cam
0.887969 0.622581 -0.163905
Time
1558546199735
Theta
0.702709
t_GA - R_GA * R_AB * t_BA
0.902032 0.604138 -0.141912
t_wo + t_wo_cam
0.902032 0.604138 -0.141912
Time
1558546199760
Theta
0.68458
t_GA - R_GA * R_AB * t_BA
0.902032 0.604138 -0.141912
t_wo + t_wo_cam
0.902032 0.604138 -0.141912
Time
1558546199784
Theta
0.68458
t_GA - R_GA * R_AB * t_BA
0.913695 0.58652 -0.111908
t_wo + t_wo_cam
0.902032 0.604138 -0.141912
Time
1558546199809
Theta
0.68458
t_GA - R_GA * R_AB * t_BA
0.913695 0.58652 -0.111908
t_wo + t_wo_cam
0.913695 0.58652 -0.111908
Time
1558546199833
Theta
0.668578
t_GA - R_GA * R_AB * t_BA
0.913695 0.58652 -0.111908
t_wo + t_wo_cam
0.913695 0.58652 -0.111908
Time
1558546199854
Theta
0.668578
t_GA - R_GA * R_AB * t_BA
0.913695 0.58652 -0.111908
t_wo + t_wo_cam
0.913695 0.58652 -0.111908
Time
1558546199878
Theta
0.668578
t_GA - R_GA * R_AB * t_BA
0.925259 0.565049 -0.0714382
t_wo + t_wo_cam
0.913695 0.58652 -0.111908
Time
1558546199903
Theta
0.668578
t_GA - R_GA * R_AB * t_BA
0.925259 0.565049 -0.0714382
t_wo + t_wo_cam
0.925259 0.565049 -0.0714382
Time
1558546199928
Theta
0.651802
t_GA - R_GA * R_AB * t_BA
0.925259 0.565049 -0.0714382
t_wo + t_wo_cam
0.925259 0.565049 -0.0714382
Time
1558546199952
Theta
0.651802
t_GA - R_GA * R_AB * t_BA
0.925259 0.565049 -0.0714382
t_wo + t_wo_cam
0.925259 0.565049 -0.0714382
Time
1558546199977
Theta
0.651802
t_GA - R_GA * R_AB * t_BA
0.930442 0.554843 -0.0641394
t_wo + t_wo_cam
0.925259 0.565049 -0.0714382
Time
1558546199997
Theta
0.651802
t_GA - R_GA * R_AB * t_BA
0.930442 0.554843 -0.0641394
t_wo + t_wo_cam
0.930442 0.554843 -0.0641394
Time
1558546200022
Theta
0.64225
t_GA - R_GA * R_AB * t_BA
0.930442 0.554843 -0.0641394
t_wo + t_wo_cam
0.930442 0.554843 -0.0641394
Time
1558546200046
Theta
0.64225
t_GA - R_GA * R_AB * t_BA
0.936887 0.543568 -0.067999
t_wo + t_wo_cam
0.930442 0.554843 -0.0641394
Time
1558546200071
Theta
0.64225
t_GA - R_GA * R_AB * t_BA
0.936887 0.543568 -0.067999
t_wo + t_wo_cam
0.936887 0.543568 -0.067999
Time
1558546200096
Theta
0.629966
t_GA - R_GA * R_AB * t_BA
0.936887 0.543568 -0.067999
t_wo + t_wo_cam
0.936887 0.543568 -0.067999
Time
1558546200120
Theta
0.629966
t_GA - R_GA * R_AB * t_BA
0.936887 0.543568 -0.067999
t_wo + t_wo_cam
0.936887 0.543568 -0.067999
Time
1558546200141
Theta
0.629966
t_GA - R_GA * R_AB * t_BA
0.934637 0.546064 -0.0852339
t_wo + t_wo_cam
0.936887 0.543568 -0.067999
Time
1558546200165
Theta
0.629966
t_GA - R_GA * R_AB * t_BA
0.934637 0.546064 -0.0852339
t_wo + t_wo_cam
0.934637 0.546064 -0.0852339
Time
1558546200190
Theta
0.63009
t_GA - R_GA * R_AB * t_BA
0.934637 0.546064 -0.0852339
t_wo + t_wo_cam
0.934637 0.546064 -0.0852339
Time
1558546200214
Theta
0.63009
t_GA - R_GA * R_AB * t_BA
0.934637 0.546064 -0.0852339
t_wo + t_wo_cam
0.934637 0.546064 -0.0852339
Time
1558546200239
Theta
0.63009
t_GA - R_GA * R_AB * t_BA
0.933285 0.547914 -0.0920051
t_wo + t_wo_cam
0.934637 0.546064 -0.0852339
Time
1558546200264
Theta
0.63009
t_GA - R_GA * R_AB * t_BA
0.933285 0.547914 -0.0920051
t_wo + t_wo_cam
0.933285 0.547914 -0.0920051
Time
1558546200284
Theta
0.630375
t_GA - R_GA * R_AB * t_BA
0.933285 0.547914 -0.0920051
t_wo + t_wo_cam
0.933285 0.547914 -0.0920051
Time
1558546200309
Theta
0.630375
t_GA - R_GA * R_AB * t_BA
0.938297 0.54199 -0.098454
t_wo + t_wo_cam
0.933285 0.547914 -0.0920051
Time
1558546200333
Theta
0.630375
t_GA - R_GA * R_AB * t_BA
0.938297 0.54199 -0.098454
t_wo + t_wo_cam
0.938297 0.54199 -0.098454
Time
1558546200358
Theta
0.623791
t_GA - R_GA * R_AB * t_BA
0.938297 0.54199 -0.098454
t_wo + t_wo_cam
0.938297 0.54199 -0.098454
Time
1558546200382
Theta
0.623791
t_GA - R_GA * R_AB * t_BA
0.938297 0.54199 -0.098454
t_wo + t_wo_cam
0.938297 0.54199 -0.098454
Time
1558546200407
Theta
0.623791
t_GA - R_GA * R_AB * t_BA
0.94259 0.533455 -0.0964512
t_wo + t_wo_cam
0.938297 0.54199 -0.098454
Time
1558546200431
Theta
0.623791
t_GA - R_GA * R_AB * t_BA
0.94259 0.533455 -0.0964512
t_wo + t_wo_cam
0.94259 0.533455 -0.0964512
Time
1558546200452
Theta
0.615337
t_GA - R_GA * R_AB * t_BA
0.94259 0.533455 -0.0964512
t_wo + t_wo_cam
0.94259 0.533455 -0.0964512
Time
1558546200476
Theta
0.615337
t_GA - R_GA * R_AB * t_BA
0.944135 0.528926 -0.0891092
t_wo + t_wo_cam
0.94259 0.533455 -0.0964512
Time
1558546200501
Theta
0.615337
t_GA - R_GA * R_AB * t_BA
0.944135 0.528926 -0.0891092
t_wo + t_wo_cam
0.944135 0.528926 -0.0891092
Time
1558546200526
Theta
0.611784
t_GA - R_GA * R_AB * t_BA
0.944135 0.528926 -0.0891092
t_wo + t_wo_cam
0.944135 0.528926 -0.0891092
Time
1558546200550
Theta
0.611784
t_GA - R_GA * R_AB * t_BA
0.944135 0.528926 -0.0891092
t_wo + t_wo_cam
0.944135 0.528926 -0.0891092
Time
1558546200575
Theta
0.611784
t_GA - R_GA * R_AB * t_BA
0.944119 0.527269 -0.0744827
t_wo + t_wo_cam
0.944135 0.528926 -0.0891092
Time
1558546200595
Theta
0.611784
t_GA - R_GA * R_AB * t_BA
0.944119 0.527269 -0.0744827
t_wo + t_wo_cam
0.944119 0.527269 -0.0744827
Time
1558546200620
Theta
0.612774
t_GA - R_GA * R_AB * t_BA
0.944119 0.527269 -0.0744827
t_wo + t_wo_cam
0.944119 0.527269 -0.0744827
Time
1558546200644
Theta
0.612774
t_GA - R_GA * R_AB * t_BA
0.945404 0.525877 -0.0540351
t_wo + t_wo_cam
0.944119 0.527269 -0.0744827
Time
1558546200669
Theta
0.612774
t_GA - R_GA * R_AB * t_BA
0.945404 0.525877 -0.0540351
t_wo + t_wo_cam
0.945404 0.525877 -0.0540351
Time
1558546200694
Theta
0.615524
t_GA - R_GA * R_AB * t_BA
0.945404 0.525877 -0.0540351
t_wo + t_wo_cam
0.945404 0.525877 -0.0540351
Time
1558546200718
Theta
0.615524
t_GA - R_GA * R_AB * t_BA
0.945404 0.525877 -0.0540351
t_wo + t_wo_cam
0.945404 0.525877 -0.0540351
Time
1558546200739
Theta
0.615524
t_GA - R_GA * R_AB * t_BA
0.942126 0.530623 -0.0502487
t_wo + t_wo_cam
0.945404 0.525877 -0.0540351
Time
1558546200763
Theta
0.615524
t_GA - R_GA * R_AB * t_BA
0.942126 0.530623 -0.0502487
t_wo + t_wo_cam
0.942126 0.530623 -0.0502487
Time
1558546200788
Theta
0.621383
t_GA - R_GA * R_AB * t_BA
0.942126 0.530623 -0.0502487
t_wo + t_wo_cam
0.942126 0.530623 -0.0502487
Time
1558546200812
Theta
0.621383
t_GA - R_GA * R_AB * t_BA
0.942126 0.530623 -0.0502487
t_wo + t_wo_cam
0.942126 0.530623 -0.0502487
Time
1558546200837
Theta
0.621383
t_GA - R_GA * R_AB * t_BA
0.940268 0.532823 -0.0517211
t_wo + t_wo_cam
0.942126 0.530623 -0.0502487
Time
1558546200861
Theta
0.621383
t_GA - R_GA * R_AB * t_BA
0.940268 0.532823 -0.0517211
t_wo + t_wo_cam
0.940268 0.532823 -0.0517211
Time
1558546200882
Theta
0.623446
t_GA - R_GA * R_AB * t_BA
0.940268 0.532823 -0.0517211
t_wo + t_wo_cam
0.940268 0.532823 -0.0517211
Time
1558546200907
Theta
0.623446
t_GA - R_GA * R_AB * t_BA
0.940361 0.535297 -0.0536692
t_wo + t_wo_cam
0.940268 0.532823 -0.0517211
Time
1558546200931
Theta
0.623446
t_GA - R_GA * R_AB * t_BA
0.940361 0.535297 -0.0536692
t_wo + t_wo_cam
0.940361 0.535297 -0.0536692
Time
1558546200956
Theta
0.625559
t_GA - R_GA * R_AB * t_BA
0.940361 0.535297 -0.0536692
t_wo + t_wo_cam
0.940361 0.535297 -0.0536692
Time
1558546200980
Theta
0.625559
t_GA - R_GA * R_AB * t_BA
0.940361 0.535297 -0.0536692
t_wo + t_wo_cam
0.940361 0.535297 -0.0536692
Time
1558546201005
Theta
0.625559
t_GA - R_GA * R_AB * t_BA
0.939161 0.536715 -0.051652
t_wo + t_wo_cam
0.940361 0.535297 -0.0536692
Time
1558546201025
Theta
0.625559
t_GA - R_GA * R_AB * t_BA
0.939161 0.536715 -0.051652
t_wo + t_wo_cam
0.939161 0.536715 -0.051652
Time
1558546201050
Theta
0.627862
t_GA - R_GA * R_AB * t_BA
0.939161 0.536715 -0.051652
t_wo + t_wo_cam
0.939161 0.536715 -0.051652
Time
1558546201074
Theta
0.627862
t_GA - R_GA * R_AB * t_BA
0.937413 0.538243 -0.0513349
t_wo + t_wo_cam
0.939161 0.536715 -0.051652
Time
1558546201099
Theta
0.627862
t_GA - R_GA * R_AB * t_BA
0.937413 0.538243 -0.0513349
t_wo + t_wo_cam
0.937413 0.538243 -0.0513349
Time
1558546201124
Theta
0.629122
t_GA - R_GA * R_AB * t_BA
0.937413 0.538243 -0.0513349
t_wo + t_wo_cam
0.937413 0.538243 -0.0513349
Time
1558546201148
Theta
0.629122
t_GA - R_GA * R_AB * t_BA
0.937413 0.538243 -0.0513349
t_wo + t_wo_cam
0.937413 0.538243 -0.0513349
Time
1558546201169
Theta
0.629122
t_GA - R_GA * R_AB * t_BA
0.935916 0.541399 -0.0487681
t_wo + t_wo_cam
0.937413 0.538243 -0.0513349
Time
1558546201193
Theta
0.629122
t_GA - R_GA * R_AB * t_BA
0.935916 0.541399 -0.0487681
t_wo + t_wo_cam
0.935916 0.541399 -0.0487681
Time
1558546201218
Theta
0.633163
t_GA - R_GA * R_AB * t_BA
0.935916 0.541399 -0.0487681
t_wo + t_wo_cam
0.935916 0.541399 -0.0487681
Time
1558546201242
Theta
0.633163
t_GA - R_GA * R_AB * t_BA
0.928443 0.555211 -0.0436858
t_wo + t_wo_cam
0.935916 0.541399 -0.0487681
Time
1558546201267
Theta
0.633163
t_GA - R_GA * R_AB * t_BA
0.928443 0.555211 -0.0436858
t_wo + t_wo_cam
0.928443 0.555211 -0.0436858
Time
1558546201291
Theta
0.64895
t_GA - R_GA * R_AB * t_BA
0.928443 0.555211 -0.0436858
t_wo + t_wo_cam
0.928443 0.555211 -0.0436858
Time
1558546201312
Theta
0.64895
t_GA - R_GA * R_AB * t_BA
0.928443 0.555211 -0.0436858
t_wo + t_wo_cam
0.928443 0.555211 -0.0436858
Time
1558546201337
Theta
0.64895
t_GA - R_GA * R_AB * t_BA
0.859878 0.653594 -0.0186637
t_wo + t_wo_cam
0.928443 0.555211 -0.0436858
Time
1558546201361
Theta
0.64895
t_GA - R_GA * R_AB * t_BA
0.859878 0.653594 -0.0186637
t_wo + t_wo_cam
0.859878 0.653594 -0.0186637
Time
1558546201386
Theta
0.762759
t_GA - R_GA * R_AB * t_BA
0.859878 0.653594 -0.0186637
t_wo + t_wo_cam
0.859878 0.653594 -0.0186637
Time
1558546201410
Theta
0.762759
t_GA - R_GA * R_AB * t_BA
0.859878 0.653594 -0.0186637
t_wo + t_wo_cam
0.859878 0.653594 -0.0186637
Time
1558546201435
Theta
0.762759
t_GA - R_GA * R_AB * t_BA
0.757783 0.767135 -0.00352229
t_wo + t_wo_cam
0.859878 0.653594 -0.0186637
Time
1558546201460
Theta
0.762759
t_GA - R_GA * R_AB * t_BA
0.757783 0.767135 -0.00352229
t_wo + t_wo_cam
0.757783 0.767135 -0.00352229
Time
1558546201480
Theta
0.904891
t_GA - R_GA * R_AB * t_BA
0.757783 0.767135 -0.00352229
t_wo + t_wo_cam
0.757783 0.767135 -0.00352229
Time
1558546201505
Theta
0.904891
t_GA - R_GA * R_AB * t_BA
0.407202 0.981691 0.0290763
t_wo + t_wo_cam
0.757783 0.767135 -0.00352229
Time
1558546201529
Theta
0.904891
t_GA - R_GA * R_AB * t_BA
0.407202 0.981691 0.0290763
t_wo + t_wo_cam
0.407202 0.981691 0.0290763
Time
1558546201554
Theta
1.28302
t_GA - R_GA * R_AB * t_BA
0.407202 0.981691 0.0290763
t_wo + t_wo_cam
0.407202 0.981691 0.0290763
Time
1558546201578
Theta
1.28302
t_GA - R_GA * R_AB * t_BA
0.407202 0.981691 0.0290763
t_wo + t_wo_cam
0.407202 0.981691 0.0290763
Time
1558546201603
Theta
1.28302
t_GA - R_GA * R_AB * t_BA
0.244751 1.03189 0.0400719
t_wo + t_wo_cam
0.407202 0.981691 0.0290763
Time
1558546201623
Theta
1.28302
t_GA - R_GA * R_AB * t_BA
0.244751 1.03189 0.0400719
t_wo + t_wo_cam
0.244751 1.03189 0.0400719
Time
1558546201648
Theta
1.44061
t_GA - R_GA * R_AB * t_BA
0.244751 1.03189 0.0400719
t_wo + t_wo_cam
0.244751 1.03189 0.0400719
Time
1558546201672
Theta
1.44061
t_GA - R_GA * R_AB * t_BA
0.244751 1.03189 0.0400719
t_wo + t_wo_cam
0.244751 1.03189 0.0400719
Time
1558546201697
Theta
1.44061
t_GA - R_GA * R_AB * t_BA
0.148007 1.05139 0.0621618
t_wo + t_wo_cam
0.244751 1.03189 0.0400719
Time
1558546201722
Theta
1.44061
t_GA - R_GA * R_AB * t_BA
0.148007 1.05139 0.0621618
t_wo + t_wo_cam
0.148007 1.05139 0.0621618
Time
1558546201746
Theta
1.54969
t_GA - R_GA * R_AB * t_BA
0.148007 1.05139 0.0621618
t_wo + t_wo_cam
0.148007 1.05139 0.0621618
Time
1558546201767
Theta
1.54969
t_GA - R_GA * R_AB * t_BA
0.148007 1.05139 0.0621618
t_wo + t_wo_cam
0.148007 1.05139 0.0621618
Time
1558546201791
Theta
1.54969
t_GA - R_GA * R_AB * t_BA
0.0383599 1.07907 -0.0292842
t_wo + t_wo_cam
0.148007 1.05139 0.0621618
Time
1558546201816
Theta
1.54969
t_GA - R_GA * R_AB * t_BA
0.0383599 1.07907 -0.0292842
t_wo + t_wo_cam
0.0383599 1.07907 -0.0292842
Time
1558546201840
Theta
1.66213
t_GA - R_GA * R_AB * t_BA
0.0383599 1.07907 -0.0292842
t_wo + t_wo_cam
0.0383599 1.07907 -0.0292842
Time
1558546201865
Theta
1.66213
t_GA - R_GA * R_AB * t_BA
-0.00770462 1.08529 -0.0623778
t_wo + t_wo_cam
0.0383599 1.07907 -0.0292842
Time
1558546201890
Theta
1.66213
t_GA - R_GA * R_AB * t_BA
-0.00770462 1.08529 -0.0623778
t_wo + t_wo_cam
-0.00770462 1.08529 -0.0623778
Time
1558546201910
Theta
1.69656
t_GA - R_GA * R_AB * t_BA
-0.00770462 1.08529 -0.0623778
t_wo + t_wo_cam
-0.00770462 1.08529 -0.0623778
Time
1558546201935
Theta
1.69656
t_GA - R_GA * R_AB * t_BA
-0.00770462 1.08529 -0.0623778
t_wo + t_wo_cam
-0.00770462 1.08529 -0.0623778
Time
1558546201959
Theta
1.69656
t_GA - R_GA * R_AB * t_BA
-0.050297 1.08968 -0.115591
t_wo + t_wo_cam
-0.00770462 1.08529 -0.0623778
Time
1558546201984
Theta
1.69656
t_GA - R_GA * R_AB * t_BA
-0.050297 1.08968 -0.115591
t_wo + t_wo_cam
-0.050297 1.08968 -0.115591
Time
1558546202008
Theta
1.73492
t_GA - R_GA * R_AB * t_BA
-0.050297 1.08968 -0.115591
t_wo + t_wo_cam
-0.050297 1.08968 -0.115591
Time
1558546202033
Theta
1.73492
t_GA - R_GA * R_AB * t_BA
-0.050297 1.08968 -0.115591
t_wo + t_wo_cam
-0.050297 1.08968 -0.115591
Time
1558546202053
Theta
1.73492
t_GA - R_GA * R_AB * t_BA
-0.0709085 1.09324 -0.197105
t_wo + t_wo_cam
-0.050297 1.08968 -0.115591
Time
1558546202078
Theta
1.73492
t_GA - R_GA * R_AB * t_BA
-0.0709085 1.09324 -0.197105
t_wo + t_wo_cam
-0.0709085 1.09324 -0.197105
Time
1558546202103
Theta
1.76126
t_GA - R_GA * R_AB * t_BA
-0.0709085 1.09324 -0.197105
t_wo + t_wo_cam
-0.0709085 1.09324 -0.197105
Time
1558546202127
Theta
1.76126
t_GA - R_GA * R_AB * t_BA
-0.0745846 1.09404 -0.219032
t_wo + t_wo_cam
-0.0709085 1.09324 -0.197105
Time
1558546202152
Theta
1.76126
t_GA - R_GA * R_AB * t_BA
-0.0745846 1.09404 -0.219032
t_wo + t_wo_cam
-0.0745846 1.09404 -0.219032
Time
1558546202176
Theta
1.76198
t_GA - R_GA * R_AB * t_BA
-0.0745846 1.09404 -0.219032
t_wo + t_wo_cam
-0.0745846 1.09404 -0.219032
Time
1558546202197
Theta
1.76198
t_GA - R_GA * R_AB * t_BA
-0.0745846 1.09404 -0.219032
t_wo + t_wo_cam
-0.0745846 1.09404 -0.219032
Time
1558546202221
Theta
1.76198
t_GA - R_GA * R_AB * t_BA
-0.115869 1.0918 -0.209799
t_wo + t_wo_cam
-0.0745846 1.09404 -0.219032
Time
1558546202246
Theta
1.76198
t_GA - R_GA * R_AB * t_BA
-0.115869 1.0918 -0.209799
t_wo + t_wo_cam
-0.115869 1.0918 -0.209799
Time
1558546202270
Theta
1.79489
t_GA - R_GA * R_AB * t_BA
-0.115869 1.0918 -0.209799
t_wo + t_wo_cam
-0.115869 1.0918 -0.209799
Time
1558546202295
Theta
1.79489
t_GA - R_GA * R_AB * t_BA
-0.12315 1.09464 -0.160936
t_wo + t_wo_cam
-0.115869 1.0918 -0.209799
Time
1558546202320
Theta
1.79489
t_GA - R_GA * R_AB * t_BA
-0.12315 1.09464 -0.160936
t_wo + t_wo_cam
-0.12315 1.09464 -0.160936
Time
1558546202340
Theta
1.79317
t_GA - R_GA * R_AB * t_BA
-0.12315 1.09464 -0.160936
t_wo + t_wo_cam
-0.12315 1.09464 -0.160936
Time
1558546202365
Theta
1.79317
t_GA - R_GA * R_AB * t_BA
-0.12315 1.09464 -0.160936
t_wo + t_wo_cam
-0.12315 1.09464 -0.160936
Time
1558546202389
Theta
1.79317
t_GA - R_GA * R_AB * t_BA
-0.202103 1.07956 -0.16441
t_wo + t_wo_cam
-0.12315 1.09464 -0.160936
Time
1558546202414
Theta
1.79317
t_GA - R_GA * R_AB * t_BA
-0.202103 1.07956 -0.16441
t_wo + t_wo_cam
-0.202103 1.07956 -0.16441
Time
1558546202438
Theta
1.86647
t_GA - R_GA * R_AB * t_BA
-0.202103 1.07956 -0.16441
t_wo + t_wo_cam
-0.202103 1.07956 -0.16441
Time
1558546202463
Theta
1.86647
t_GA - R_GA * R_AB * t_BA
-0.202103 1.07956 -0.16441
t_wo + t_wo_cam
-0.202103 1.07956 -0.16441
Time
1558546202488
Theta
1.86647
t_GA - R_GA * R_AB * t_BA
-0.219517 1.07657 -0.176442
t_wo + t_wo_cam
-0.202103 1.07956 -0.16441
Time
1558546202508
Theta
1.86647
t_GA - R_GA * R_AB * t_BA
-0.219517 1.07657 -0.176442
t_wo + t_wo_cam
-0.219517 1.07657 -0.176442
Time
1558546202533
Theta
1.88316
t_GA - R_GA * R_AB * t_BA
-0.219517 1.07657 -0.176442
t_wo + t_wo_cam
-0.219517 1.07657 -0.176442
Time
1558546202557
Theta
1.88316
t_GA - R_GA * R_AB * t_BA
-0.289312 1.06124 -0.208895
t_wo + t_wo_cam
-0.219517 1.07657 -0.176442
Time
1558546202582
Theta
1.88316
t_GA - R_GA * R_AB * t_BA
-0.289312 1.06124 -0.208895
t_wo + t_wo_cam
-0.289312 1.06124 -0.208895
Time
1558546202606
Theta
1.93144
t_GA - R_GA * R_AB * t_BA
-0.289312 1.06124 -0.208895
t_wo + t_wo_cam
-0.289312 1.06124 -0.208895
Time
1558546202631
Theta
1.93144
t_GA - R_GA * R_AB * t_BA
-0.289312 1.06124 -0.208895
t_wo + t_wo_cam
-0.289312 1.06124 -0.208895
Time
1558546202651
Theta
1.93144
t_GA - R_GA * R_AB * t_BA
-0.293473 1.06408 -0.201246
t_wo + t_wo_cam
-0.289312 1.06124 -0.208895
Time
1558546202676
Theta
1.93144
t_GA - R_GA * R_AB * t_BA
-0.293473 1.06408 -0.201246
t_wo + t_wo_cam
-0.293473 1.06408 -0.201246
Time
1558546202701
Theta
1.92906
t_GA - R_GA * R_AB * t_BA
-0.293473 1.06408 -0.201246
t_wo + t_wo_cam
-0.293473 1.06408 -0.201246
Time
1558546202725
Theta
1.92906
t_GA - R_GA * R_AB * t_BA
-0.293473 1.06408 -0.201246
t_wo + t_wo_cam
-0.293473 1.06408 -0.201246
Time
1558546202750
Theta
1.92906
t_GA - R_GA * R_AB * t_BA
-0.287956 1.06914 -0.186502
t_wo + t_wo_cam
-0.293473 1.06408 -0.201246
Time
1558546202774
Theta
1.92906
t_GA - R_GA * R_AB * t_BA
-0.287956 1.06914 -0.186502
t_wo + t_wo_cam
-0.287956 1.06914 -0.186502
Time
1558546202795
Theta
1.91952
t_GA - R_GA * R_AB * t_BA
-0.287956 1.06914 -0.186502
t_wo + t_wo_cam
-0.287956 1.06914 -0.186502
Time
1558546202819
Theta
1.91952
t_GA - R_GA * R_AB * t_BA
-0.282349 1.07531 -0.144056
t_wo + t_wo_cam
-0.287956 1.06914 -0.186502
Time
1558546202844
Theta
1.91952
t_GA - R_GA * R_AB * t_BA
-0.282349 1.07531 -0.144056
t_wo + t_wo_cam
-0.282349 1.07531 -0.144056
Time
1558546202869
Theta
1.90583
t_GA - R_GA * R_AB * t_BA
-0.282349 1.07531 -0.144056
t_wo + t_wo_cam
-0.282349 1.07531 -0.144056
Time
1558546202893
Theta
1.90583
t_GA - R_GA * R_AB * t_BA
-0.282349 1.07531 -0.144056
t_wo + t_wo_cam
-0.282349 1.07531 -0.144056
Time
1558546202918
Theta
1.90583
t_GA - R_GA * R_AB * t_BA
-0.283895 1.07603 -0.131269
t_wo + t_wo_cam
-0.282349 1.07531 -0.144056
Time
1558546202938
Theta
1.90583
t_GA - R_GA * R_AB * t_BA
-0.283895 1.07603 -0.131269
t_wo + t_wo_cam
-0.283895 1.07603 -0.131269
Time
1558546202963
Theta
1.9025
t_GA - R_GA * R_AB * t_BA
-0.283895 1.07603 -0.131269
t_wo + t_wo_cam
-0.283895 1.07603 -0.131269
Time
1558546202987
Theta
1.9025
t_GA - R_GA * R_AB * t_BA
-0.290156 1.07469 -0.120152
t_wo + t_wo_cam
-0.283895 1.07603 -0.131269
Time
1558546203012
Theta
1.9025
t_GA - R_GA * R_AB * t_BA
-0.290156 1.07469 -0.120152
t_wo + t_wo_cam
-0.290156 1.07469 -0.120152
Time
1558546203036
Theta
1.90511
t_GA - R_GA * R_AB * t_BA
-0.290156 1.07469 -0.120152
t_wo + t_wo_cam
-0.290156 1.07469 -0.120152
Time
1558546203061
Theta
1.90511
t_GA - R_GA * R_AB * t_BA
-0.290156 1.07469 -0.120152
t_wo + t_wo_cam
-0.290156 1.07469 -0.120152
Time
1558546203081
Theta
1.90511
t_GA - R_GA * R_AB * t_BA
-0.303365 1.06975 -0.117116
t_wo + t_wo_cam
-0.290156 1.07469 -0.120152
Time
1558546203106
Theta
1.90511
t_GA - R_GA * R_AB * t_BA
-0.303365 1.06975 -0.117116
t_wo + t_wo_cam
-0.303365 1.06975 -0.117116
Time
1558546203131
Theta
1.91566
t_GA - R_GA * R_AB * t_BA
-0.303365 1.06975 -0.117116
t_wo + t_wo_cam
-0.303365 1.06975 -0.117116
Time
1558546203155
Theta
1.91566
t_GA - R_GA * R_AB * t_BA
-0.306293 1.06765 -0.108534
t_wo + t_wo_cam
-0.303365 1.06975 -0.117116
Time
1558546203180
Theta
1.91566
t_GA - R_GA * R_AB * t_BA
-0.306293 1.06765 -0.108534
t_wo + t_wo_cam
-0.306293 1.06765 -0.108534
Time
1558546203204
Theta
1.91845
t_GA - R_GA * R_AB * t_BA
-0.306293 1.06765 -0.108534
t_wo + t_wo_cam
-0.306293 1.06765 -0.108534
Time
1558546203225
Theta
1.91845
t_GA - R_GA * R_AB * t_BA
-0.306293 1.06765 -0.108534
t_wo + t_wo_cam
-0.306293 1.06765 -0.108534
Time
1558546203249
Theta
1.91845
t_GA - R_GA * R_AB * t_BA
-0.307456 1.06601 -0.0999248
t_wo + t_wo_cam
-0.306293 1.06765 -0.108534
Time
1558546203274
Theta
1.91845
t_GA - R_GA * R_AB * t_BA
-0.307456 1.06601 -0.0999248
t_wo + t_wo_cam
-0.307456 1.06601 -0.0999248
Time
1558546203299
Theta
1.91944
t_GA - R_GA * R_AB * t_BA
-0.307456 1.06601 -0.0999248
t_wo + t_wo_cam
-0.307456 1.06601 -0.0999248
Time
1558546203323
Theta
1.91944
t_GA - R_GA * R_AB * t_BA
-0.30461 1.06416 -0.0844638
t_wo + t_wo_cam
-0.307456 1.06601 -0.0999248
Time
1558546203348
Theta
1.91944
t_GA - R_GA * R_AB * t_BA
-0.30461 1.06416 -0.0844638
t_wo + t_wo_cam
-0.30461 1.06416 -0.0844638
Time
1558546203368
Theta
1.91637
t_GA - R_GA * R_AB * t_BA
-0.30461 1.06416 -0.0844638
t_wo + t_wo_cam
-0.30461 1.06416 -0.0844638
Time
1558546203393
Theta
1.91637
t_GA - R_GA * R_AB * t_BA
-0.30461 1.06416 -0.0844638
t_wo + t_wo_cam
-0.30461 1.06416 -0.0844638
Time
1558546203417
Theta
1.91637
t_GA - R_GA * R_AB * t_BA
-0.283206 1.0669 -0.0540411
t_wo + t_wo_cam
-0.30461 1.06416 -0.0844638
Time
1558546203442
Theta
1.91637
t_GA - R_GA * R_AB * t_BA
-0.283206 1.0669 -0.0540411
t_wo + t_wo_cam
-0.283206 1.0669 -0.0540411
Time
1558546203468
Theta
1.89744
t_GA - R_GA * R_AB * t_BA
-0.283206 1.0669 -0.0540411
t_wo + t_wo_cam
-0.283206 1.0669 -0.0540411
Time
1558546203491
Theta
1.89744
t_GA - R_GA * R_AB * t_BA
-0.283206 1.0669 -0.0540411
t_wo + t_wo_cam
-0.283206 1.0669 -0.0540411
Time
1558546203516
Theta
1.89744
t_GA - R_GA * R_AB * t_BA
-0.26834 1.07106 -0.050252
t_wo + t_wo_cam
-0.283206 1.0669 -0.0540411
Time
1558546203536
Theta
1.89744
t_GA - R_GA * R_AB * t_BA
-0.26834 1.07106 -0.050252
t_wo + t_wo_cam
-0.26834 1.07106 -0.050252
Time
1558546203561
Theta
1.88089
t_GA - R_GA * R_AB * t_BA
-0.26834 1.07106 -0.050252
t_wo + t_wo_cam
-0.26834 1.07106 -0.050252
Time
1558546203585
Theta
1.88089
t_GA - R_GA * R_AB * t_BA
-0.26834 1.07106 -0.050252
t_wo + t_wo_cam
-0.26834 1.07106 -0.050252
Time
1558546203610
Theta
1.88089
t_GA - R_GA * R_AB * t_BA
-0.26593 1.07038 -0.0644502
t_wo + t_wo_cam
-0.26834 1.07106 -0.050252
Time
1558546203634
Theta
1.88089
t_GA - R_GA * R_AB * t_BA
-0.26593 1.07038 -0.0644502
t_wo + t_wo_cam
-0.26593 1.07038 -0.0644502
Time
1558546203659
Theta
1.87765
t_GA - R_GA * R_AB * t_BA
-0.26593 1.07038 -0.0644502
t_wo + t_wo_cam
-0.26593 1.07038 -0.0644502
Time
1558546203679
Theta
1.87765
t_GA - R_GA * R_AB * t_BA
-0.254881 1.06783 -0.037743
t_wo + t_wo_cam
-0.26593 1.07038 -0.0644502
Time
1558546203704
Theta
1.87765
t_GA - R_GA * R_AB * t_BA
-0.254881 1.06783 -0.037743
t_wo + t_wo_cam
-0.254881 1.06783 -0.037743
Time
1558546203729
Theta
1.86603
t_GA - R_GA * R_AB * t_BA
-0.254881 1.06783 -0.037743
t_wo + t_wo_cam
-0.254881 1.06783 -0.037743
Time
1558546203753
Theta
1.86603
t_GA - R_GA * R_AB * t_BA
-0.254881 1.06783 -0.037743
t_wo + t_wo_cam
-0.254881 1.06783 -0.037743
Time
1558546203778
Theta
1.86603
t_GA - R_GA * R_AB * t_BA
-0.238759 1.07008 -0.0234699
t_wo + t_wo_cam
-0.254881 1.06783 -0.037743
Time
1558546203802
Theta
1.86603
t_GA - R_GA * R_AB * t_BA
-0.238759 1.07008 -0.0234699
t_wo + t_wo_cam
-0.238759 1.07008 -0.0234699
Time
1558546203823
Theta
1.84929
