t_wo + t_wo_cam
0.9 0 0
Time
1558622853596
Theta
0
t_wo + t_wo_cam
0.9 0 0
Time
1558622853619
Theta
0
t_wo + t_wo_cam
0.9 0 0
Time
1558622853644
Theta
0
t_wo + t_wo_cam
0.9 0 0
Time
1558622853668
Theta
0
t_wo + t_wo_cam
0.9 0 0
Time
1558622853689
Theta
0
t_wo + t_wo_cam
0.9 0 0
Time
1558622853714
Theta
0
t_wo + t_wo_cam
0.9 0 0
Time
1558622853738
Theta
0
t_wo + t_wo_cam
0.9 0 0
Time
1558622853763
Theta
0
t_wo + t_wo_cam
0.9 0 0
Time
1558622853787
Theta
0
t_wo + t_wo_cam
0.9 0 0
Time
1558622853812
Theta
0
t_wo + t_wo_cam
0.9 0 0
Time
1558622853832
Theta
0
t_wo + t_wo_cam
0.9 0 0
Time
1558622853857
Theta
0
t_wo + t_wo_cam
0.9 0 0
Time
1558622853881
Theta
0
t_wo + t_wo_cam
0.9 0 0
Time
1558622853906
Theta
0
t_wo + t_wo_cam
0.9 0 0
Time
1558622853931
Theta
0
t_wo + t_wo_cam
0.9 0 0
Time
1558622853955
Theta
0
t_wo + t_wo_cam
0.9 0 0
Time
1558622853976
Theta
0
t_wo + t_wo_cam
0.9 0 0
Time
1558622854000
Theta
0
t_wo + t_wo_cam
0.9 0 0
Time
1558622854025
Theta
0
t_wo + t_wo_cam
0.9 0 0
Time
1558622854049
Theta
0
t_wo + t_wo_cam
0.9 0 0
Time
1558622854074
Theta
0
t_wo + t_wo_cam
0.9 0 0
Time
1558622854098
Theta
0
t_wo + t_wo_cam
0.9 0 0
Time
1558622854119
Theta
0
t_wo + t_wo_cam
0.9 0 0
Time
1558622854143
Theta
0
t_wo + t_wo_cam
0.9 0 0
Time
1558622854168
Theta
0
t_wo + t_wo_cam
0.9 0 0
Time
1558622854193
Theta
0
t_wo + t_wo_cam
0.9 0 0
Time
1558622854217
Theta
0
t_wo + t_wo_cam
0.9 0 0
Time
1558622854242
Theta
0
t_wo + t_wo_cam
0.9 0 0
Time
1558622854266
Theta
0
t_wo + t_wo_cam
0.9 0 0
Time
1558622854287
Theta
0
t_wo + t_wo_cam
0.9 0 0
Time
1558622854311
Theta
0
t_wo + t_wo_cam
0.9 0 0
Time
1558622854336
Theta
0
t_wo + t_wo_cam
0.9 0 0
Time
1558622854361
Theta
0
t_wo + t_wo_cam
0.9 0 0
Time
1558622854385
Theta
0
t_wo + t_wo_cam
0.9 0 0
Time
1558622854410
Theta
0
t_wo + t_wo_cam
0.9 0 0
Time
1558622854430
Theta
0
t_wo + t_wo_cam
0.9 0 0
Time
1558622854455
Theta
0
t_wo + t_wo_cam
0.9 0 0
Time
1558622854480
Theta
0
t_wo + t_wo_cam
0.9 0 0
Time
1558622854504
Theta
0
t_wo + t_wo_cam
0.9 0 0
Time
1558622854528
Theta
0
t_wo + t_wo_cam
0.9 0 0
Time
1558622854553
Theta
0
t_wo + t_wo_cam
0.9 0 0
Time
1558622854574
Theta
0
t_wo + t_wo_cam
0.9 0 0
Time
1558622854598
Theta
0
t_wo + t_wo_cam
0.9 0 0
Time
1558622854623
Theta
0
t_wo + t_wo_cam
0.9 0 0
Time
1558622854647
Theta
0
t_wo + t_wo_cam
0.9 0 0
Time
1558622854672
Theta
0
t_wo + t_wo_cam
0.9 0 0
Time
1558622854696
Theta
0
t_wo + t_wo_cam
0.9 0 0
Time
1558622854717
Theta
0
t_wo + t_wo_cam
0.9 0 0
Time
1558622854741
Theta
0
t_wo + t_wo_cam
0.9 0 0
Time
1558622854766
Theta
0
t_wo + t_wo_cam
0.9 0 0
Time
1558622854791
Theta
0
t_wo + t_wo_cam
0.9 0 0
Time
1558622854815
Theta
0
t_wo + t_wo_cam
0.9 0 0
Time
1558622854840
Theta
0
t_wo + t_wo_cam
0.9 0 0
Time
1558622854860
Theta
0
t_wo + t_wo_cam
0.9 0 0
Time
1558622854885
Theta
0
t_wo + t_wo_cam
0.9 0 0
Time
1558622854909
Theta
0
t_wo + t_wo_cam
0.9 0 0
Time
1558622854934
Theta
0
t_wo + t_wo_cam
0.9 0 0
Time
1558622854959
Theta
0
t_wo + t_wo_cam
0.9 0 0
Time
1558622854983
Theta
0
t_wo + t_wo_cam
0.9 0 0
Time
1558622855004
Theta
0
t_wo + t_wo_cam
0.9 0 0
Time
1558622855028
Theta
0
t_wo + t_wo_cam
0.9 0 0
Time
1558622855053
Theta
0
t_wo + t_wo_cam
0.9 0 0
Time
1558622855077
Theta
0
t_wo + t_wo_cam
0.9 0 0
Time
1558622855102
Theta
0
t_wo + t_wo_cam
0.9 0 0
Time
1558622855126
Theta
0
t_wo + t_wo_cam
0.9 0 0
Time
1558622855147
Theta
0
t_wo + t_wo_cam
0.9 0 0
Time
1558622855172
Theta
0
t_wo + t_wo_cam
0.9 0 0
Time
1558622855196
Theta
0
t_wo + t_wo_cam
0.9 0 0
Time
1558622855221
Theta
0
t_wo + t_wo_cam
0.9 0 0
Time
1558622855245
Theta
0
t_wo + t_wo_cam
0.9 0 0
Time
1558622855270
Theta
0
t_wo + t_wo_cam
0.9 0 0
Time
1558622855290
Theta
0
t_wo + t_wo_cam
0.9 0 0
Time
1558622855315
Theta
0
t_wo + t_wo_cam
0.9 0 0
Time
1558622855339
Theta
0
t_wo + t_wo_cam
0.9 0 0
Time
1558622855364
Theta
0
t_wo + t_wo_cam
0.9 0 0
Time
1558622855389
Theta
0
t_wo + t_wo_cam
0.9 0 0
Time
1558622855413
Theta
0
t_wo + t_wo_cam
0.9 0 0
Time
1558622855438
Theta
0
t_wo + t_wo_cam
0.9 0 0
Time
1558622855458
Theta
0
t_wo + t_wo_cam
0.9 0 0
Time
1558622855483
Theta
0
t_wo + t_wo_cam
0.9 0 0
Time
1558622855507
Theta
0
t_wo + t_wo_cam
0.9 0 0
Time
1558622855532
Theta
0
t_wo + t_wo_cam
0.9 0 0
Time
1558622855557
Theta
0
t_wo + t_wo_cam
0.9 0 0
Time
1558622855581
Theta
0
t_wo + t_wo_cam
0.9 0 0
Time
1558622855602
Theta
0
t_wo + t_wo_cam
0.9 0 0
Time
1558622855626
Theta
0
t_wo + t_wo_cam
0.9 0 0
Time
1558622855651
Theta
0
t_wo + t_wo_cam
0.9 0 0
Time
1558622855675
Theta
0
t_wo + t_wo_cam
0.9 0 0
Time
1558622855700
Theta
0
t_wo + t_wo_cam
0.9 0 0
Time
1558622855724
Theta
0
t_wo + t_wo_cam
0.9 0 0
Time
1558622855745
Theta
0
t_wo + t_wo_cam
0.9 0 0
Time
1558622855770
Theta
0
t_wo + t_wo_cam
0.9 0 0
Time
1558622855794
Theta
0
t_wo + t_wo_cam
0.9 0 0
Time
1558622855819
Theta
0
t_wo + t_wo_cam
0.9 0 0
Time
1558622855843
Theta
0
t_wo + t_wo_cam
0.9 0 0
Time
1558622855868
Theta
0
t_wo + t_wo_cam
0.9 0 0
Time
1558622855888
Theta
0
t_wo + t_wo_cam
0.9 0 0
Time
1558622855913
Theta
0
t_wo + t_wo_cam
0.9 0 0
Time
1558622855937
Theta
0
t_wo + t_wo_cam
0.9 0 0
Time
1558622855962
Theta
0
t_wo + t_wo_cam
0.9 0 0
Time
1558622855987
Theta
0
t_wo + t_wo_cam
0.9 0 0
Time
1558622856011
Theta
0
t_wo + t_wo_cam
0.9 0 0
Time
1558622856032
Theta
0
t_wo + t_wo_cam
0.9 0 0
Time
1558622856056
Theta
0
t_wo + t_wo_cam
0.9 0 0
Time
1558622856081
Theta
0
t_wo + t_wo_cam
0.9 0 0
Time
1558622856105
Theta
0
t_wo + t_wo_cam
0.9 0 0
Time
1558622856130
Theta
0
t_wo + t_wo_cam
0.9 0 0
Time
1558622856155
Theta
0
t_wo + t_wo_cam
0.9 0 0
Time
1558622856175
Theta
0
t_wo + t_wo_cam
0.9 0 0
Time
1558622856200
Theta
0
t_wo + t_wo_cam
0.9 0 0
Time
1558622856224
Theta
0
t_wo + t_wo_cam
0.9 0 0
Time
1558622856249
Theta
0
t_wo + t_wo_cam
0.9 0 0
Time
1558622856273
Theta
0
t_wo + t_wo_cam
0.9 0 0
Time
1558622856298
Theta
0
t_wo + t_wo_cam
0.9 0 0
Time
1558622856318
Theta
0
t_wo + t_wo_cam
0.9 0 0
Time
1558622856343
Theta
0
t_wo + t_wo_cam
0.9 0 0
Time
1558622856368
Theta
0
t_wo + t_wo_cam
0.9 0 0
Time
1558622856392
Theta
0
t_wo + t_wo_cam
0.9 0 0
Time
1558622856417
Theta
0
t_wo + t_wo_cam
0.9 0 0
Time
1558622856441
Theta
0
t_wo + t_wo_cam
0.9 0 0
Time
1558622856462
Theta
0
t_wo + t_wo_cam
0.9 0 0
Time
1558622856486
Theta
0
t_wo + t_wo_cam
0.9 0 0
Time
1558622856511
Theta
0
t_wo + t_wo_cam
0.9 0 0
Time
1558622856535
Theta
0
t_wo + t_wo_cam
0.9 0 0
Time
1558622856560
Theta
0
t_wo + t_wo_cam
0.9 0 0
Time
1558622856585
Theta
0
t_wo + t_wo_cam
0.9 0 0
Time
1558622856609
Theta
0
t_wo + t_wo_cam
0.9 0 0
Time
1558622856630
Theta
0
t_wo + t_wo_cam
0.9 0 0
Time
1558622856654
Theta
0
t_wo + t_wo_cam
0.9 0 0
Time
1558622856679
Theta
0
t_wo + t_wo_cam
0.9 0 0
Time
1558622856703
Theta
0
t_wo + t_wo_cam
0.9 0 0
Time
1558622856728
Theta
0
t_wo + t_wo_cam
0.9 0 0
Time
1558622856753
Theta
0
t_wo + t_wo_cam
0.9 0 0
Time
1558622856773
Theta
0
t_wo + t_wo_cam
0.9 0 0
Time
1558622856798
Theta
0
t_wo + t_wo_cam
0.9 0 0
Time
1558622856822
Theta
0
t_wo + t_wo_cam
0.9 0 0
Time
1558622856847
Theta
0
t_wo + t_wo_cam
0.9 0 0
Time
1558622856871
Theta
0
t_wo + t_wo_cam
0.9 0 0
Time
1558622856896
Theta
0
t_wo + t_wo_cam
0.9 0 0
Time
1558622856916
Theta
0
t_wo + t_wo_cam
0.9 0 0
Time
1558622856941
Theta
0
t_wo + t_wo_cam
0.9 0 0
Time
1558622856966
Theta
0
t_wo + t_wo_cam
0.9 0 0
Time
1558622856990
Theta
0
t_wo + t_wo_cam
0.9 0 0
Time
1558622857015
Theta
0
t_wo + t_wo_cam
0.9 0 0
Time
1558622857039
Theta
0
t_wo + t_wo_cam
0.9 0 0
Time
1558622857060
Theta
0
t_wo + t_wo_cam
0.9 0 0
Time
1558622857084
Theta
0
t_wo + t_wo_cam
0.9 0 0
Time
1558622857109
Theta
0
t_wo + t_wo_cam
0.9 0 0
Time
1558622857133
Theta
0
t_wo + t_wo_cam
0.9 0 0
Time
1558622857158
Theta
0
t_wo + t_wo_cam
0.9 0 0
Time
1558622857183
Theta
0
t_wo + t_wo_cam
0.9 0 0
Time
1558622857203
Theta
0
t_wo + t_wo_cam
0.9 0 0
Time
1558622857228
Theta
0
t_wo + t_wo_cam
0.9 0 0
Time
1558622857252
Theta
0
t_wo + t_wo_cam
0.9 0 0
Time
1558622857277
Theta
0
t_wo + t_wo_cam
0.9 0 0
Time
1558622857301
Theta
0
t_wo + t_wo_cam
0.9 0 0
Time
1558622857326
Theta
0
t_wo + t_wo_cam
0.9 0 0
Time
1558622857346
Theta
0
t_wo + t_wo_cam
0.9 0 0
Time
1558622857371
Theta
0
t_wo + t_wo_cam
0.9 0 0
Time
1558622857396
Theta
0
t_wo + t_wo_cam
0.9 0 0
Time
1558622857420
Theta
0
t_wo + t_wo_cam
0.9 0 0
Time
1558622857445
Theta
0
t_wo + t_wo_cam
0.9 0 0
Time
1558622857469
Theta
0
t_wo + t_wo_cam
0.9 0 0
Time
1558622857490
Theta
0
t_wo + t_wo_cam
0.9 0 0
Time
1558622857514
Theta
0
t_wo + t_wo_cam
0.9 0 0
Time
1558622857539
Theta
0
t_wo + t_wo_cam
0.9 0 0
Time
1558622857563
Theta
0
t_wo + t_wo_cam
0.9 0 0
Time
1558622857588
Theta
0
t_wo + t_wo_cam
0.9 0 0
Time
1558622857613
Theta
0
t_wo + t_wo_cam
0.9 0 0
Time
1558622857637
Theta
0
t_wo + t_wo_cam
0.9 0 0
Time
1558622857658
Theta
0
t_wo + t_wo_cam
0.9 0 0
Time
1558622857682
Theta
0
t_wo + t_wo_cam
0.9 0 0
Time
1558622857707
Theta
0
t_wo + t_wo_cam
0.9 0 0
Time
1558622857731
Theta
0
t_wo + t_wo_cam
0.9 0 0
Time
1558622857756
Theta
0
t_wo + t_wo_cam
0.9 0 0
Time
1558622857781
Theta
0
t_wo + t_wo_cam
0.9 0 0
Time
1558622857801
Theta
0
t_wo + t_wo_cam
0.9 0 0
Time
1558622857826
Theta
0
t_wo + t_wo_cam
0.9 0 0
Time
1558622857850
Theta
0
t_wo + t_wo_cam
0.9 0 0
Time
1558622857875
Theta
0
t_wo + t_wo_cam
0.9 0 0
Time
1558622857899
Theta
0
t_wo + t_wo_cam
0.9 0 0
Time
1558622857924
Theta
0
t_wo + t_wo_cam
0.9 0 0
Time
1558622857944
Theta
0
t_wo + t_wo_cam
0.9 0 0
Time
1558622857969
Theta
0
t_wo + t_wo_cam
0.9 0 0
Time
1558622857994
Theta
0
t_wo + t_wo_cam
0.9 0 0
Time
1558622858018
Theta
0
t_wo + t_wo_cam
0.9 0 0
Time
1558622858043
Theta
0
t_wo + t_wo_cam
0.9 0 0
Time
1558622858067
Theta
0
t_wo + t_wo_cam
0.9 0 0
Time
1558622858088
Theta
0
t_wo + t_wo_cam
0.9 0 0
Time
1558622858112
Theta
0
t_wo + t_wo_cam
0.9 0 0
Time
1558622858137
Theta
0
t_wo + t_wo_cam
0.9 0 0
Time
1558622858161
Theta
0
t_wo + t_wo_cam
0.9 0 0
Time
1558622858186
Theta
0
t_wo + t_wo_cam
0.9 0 0
Time
1558622858211
Theta
0
t_wo + t_wo_cam
0.9 0 0
Time
1558622858231
Theta
0
t_wo + t_wo_cam
0.9 0 0
Time
1558622858256
Theta
0
t_wo + t_wo_cam
0.9 0 0
Time
1558622858280
Theta
0
t_wo + t_wo_cam
0.9 0 0
Time
1558622858305
Theta
0
t_wo + t_wo_cam
0.9 0 0
Time
1558622858329
Theta
0
t_wo + t_wo_cam
0.9 0 0
Time
1558622858354
Theta
0
t_wo + t_wo_cam
0.9 0 0
Time
1558622858374
Theta
0
t_wo + t_wo_cam
0.9 0 0
Time
1558622858399
Theta
0
t_wo + t_wo_cam
0.9 0 0
Time
1558622858424
Theta
0
t_wo + t_wo_cam
0.9 0 0
Time
1558622858448
Theta
0
t_wo + t_wo_cam
0.9 0 0
Time
1558622858473
Theta
0
t_wo + t_wo_cam
0.9 0 0
Time
1558622858497
Theta
0
t_wo + t_wo_cam
0.9 0 0
Time
1558622858518
Theta
0
t_wo + t_wo_cam
0.9 0 0
Time
1558622858542
Theta
0
t_wo + t_wo_cam
0.9 0 0
Time
1558622858567
Theta
0
t_wo + t_wo_cam
0.9 0 0
Time
1558622858592
Theta
0
t_wo + t_wo_cam
0.9 0 0
Time
1558622858616
Theta
0
t_wo + t_wo_cam
0.9 0 0
Time
1558622858641
Theta
0
t_wo + t_wo_cam
0.9 0 0
Time
1558622858661
Theta
0
t_wo + t_wo_cam
0.9 0 0
Time
1558622858686
Theta
0
t_wo + t_wo_cam
0.9 0 0
Time
1558622858710
Theta
0
t_wo + t_wo_cam
0.9 0 0
Time
1558622858735
Theta
0
t_wo + t_wo_cam
0.9 0 0
Time
1558622858759
Theta
0
t_wo + t_wo_cam
0.9 0 0
Time
1558622858784
Theta
0
t_wo + t_wo_cam
0.9 0 0
Time
1558622858809
Theta
0
t_wo + t_wo_cam
0.9 0 0
Time
1558622858829
Theta
0
t_wo + t_wo_cam
0.9 0 0
Time
1558622858854
Theta
0
t_wo + t_wo_cam
0.9 0 0
Time
1558622858878
Theta
0
t_wo + t_wo_cam
0.9 0 0
Time
1558622858903
Theta
0
t_wo + t_wo_cam
0.9 0 0
Time
1558622858927
Theta
0
t_wo + t_wo_cam
0.9 0 0
Time
1558622858952
Theta
0
t_wo + t_wo_cam
0.9 0 0
Time
1558622858972
Theta
0
t_wo + t_wo_cam
0.9 0 0
Time
1558622858997
Theta
0
t_wo + t_wo_cam
0.9 0 0
Time
1558622859022
Theta
0
t_wo + t_wo_cam
0.9 0 0
Time
1558622859046
Theta
0
t_wo + t_wo_cam
0.9 0 0
Time
1558622859071
Theta
0
t_wo + t_wo_cam
0.9 0 0
Time
1558622859095
Theta
0
t_wo + t_wo_cam
0.9 0 0
Time
1558622859116
Theta
0
t_wo + t_wo_cam
0.9 0 0
Time
1558622859140
Theta
0
t_wo + t_wo_cam
0.9 0 0
Time
1558622859165
Theta
0
t_wo + t_wo_cam
0.9 0 0
Time
1558622859190
Theta
0
t_wo + t_wo_cam
0.9 0 0
Time
1558622859214
Theta
0
t_wo + t_wo_cam
0.9 0 0
Time
1558622859239
Theta
0
t_wo + t_wo_cam
0.9 0 0
Time
1558622859259
Theta
0
t_wo + t_wo_cam
0.9 0 0
Time
1558622859284
Theta
0
t_wo + t_wo_cam
0.9 0 0
Time
1558622859308
Theta
0
t_wo + t_wo_cam
0.9 0 0
Time
1558622859333
Theta
0
t_wo + t_wo_cam
0.9 0 0
Time
1558622859357
Theta
0
t_wo + t_wo_cam
0.9 0 0
Time
1558622859382
Theta
0
t_wo + t_wo_cam
0.9 0 0
Time
1558622859403
Theta
0
t_wo + t_wo_cam
0.9 0 0
Time
1558622859427
Theta
0
t_wo + t_wo_cam
0.9 0 0
Time
1558622859452
Theta
0
t_wo + t_wo_cam
0.9 0 0
Time
1558622859476
Theta
0
t_wo + t_wo_cam
0.9 0 0
Time
1558622859501
Theta
0
t_wo + t_wo_cam
0.9 0 0
Time
1558622859525
Theta
0
t_wo + t_wo_cam
0.9 0 0
Time
1558622859546
Theta
0
t_wo + t_wo_cam
0.9 0 0
Time
1558622859570
Theta
0
t_wo + t_wo_cam
0.9 0 0
Time
1558622859595
Theta
0
t_wo + t_wo_cam
0.9 0 0
Time
1558622859620
Theta
0
t_wo + t_wo_cam
0.9 0 0
Time
1558622859644
Theta
0
t_wo + t_wo_cam
0.9 0 0
Time
1558622859669
Theta
0
t_wo + t_wo_cam
0.9 0 0
Time
1558622859689
Theta
0
t_wo + t_wo_cam
0.9 0 0
Time
1558622859714
Theta
0
t_wo + t_wo_cam
0.9 0 0
Time
1558622859738
Theta
0
t_wo + t_wo_cam
0.9 0 0
Time
1558622859763
Theta
0
t_wo + t_wo_cam
0.9 0 0
Time
1558622859788
Theta
0
t_wo + t_wo_cam
0.9 0 0
Time
1558622859812
Theta
0
t_wo + t_wo_cam
0.9 0 0
Time
1558622859833
Theta
0
t_wo + t_wo_cam
0.9 0 0
Time
1558622859857
Theta
0
t_wo + t_wo_cam
0.9 0 0
Time
1558622859882
Theta
0
t_wo + t_wo_cam
0.9 0 0
Time
1558622859906
Theta
0
t_wo + t_wo_cam
0.9 0 0
Time
1558622859931
Theta
0
t_wo + t_wo_cam
0.9 0 0
Time
1558622859955
Theta
0
t_wo + t_wo_cam
0.9 0 0
Time
1558622859980
Theta
0
t_wo + t_wo_cam
0.9 0 0
Time
1558622860001
Theta
0
t_wo + t_wo_cam
0.9 0 0
Time
1558622860025
Theta
0
t_wo + t_wo_cam
0.9 0 0
Time
1558622860050
Theta
0
t_wo + t_wo_cam
0.9 0 0
Time
1558622860074
Theta
0
t_wo + t_wo_cam
0.9 0 0
Time
1558622860099
Theta
0
t_wo + t_wo_cam
0.9 0 0
Time
1558622860123
Theta
0
t_wo + t_wo_cam
0.9 0 0
Time
1558622860144
Theta
0
t_wo + t_wo_cam
0.9 0 0
Time
1558622860168
Theta
0
t_wo + t_wo_cam
0.9 0 0
Time
1558622860193
Theta
0
t_wo + t_wo_cam
0.9 0 0
Time
1558622860218
Theta
0
t_wo + t_wo_cam
0.9 0 0
Time
1558622860242
Theta
0
t_wo + t_wo_cam
0.9 0 0
Time
1558622860267
Theta
0
t_wo + t_wo_cam
0.9 0 0
Time
1558622860287
Theta
0
t_wo + t_wo_cam
0.9 0 0
Time
1558622860312
Theta
0
t_wo + t_wo_cam
0.9 0 0
Time
1558622860336
Theta
0
t_wo + t_wo_cam
0.9 0 0
Time
1558622860361
Theta
0
t_wo + t_wo_cam
0.9 0 0
Time
1558622860386
Theta
0
t_wo + t_wo_cam
0.9 0 0
Time
1558622860410
Theta
0
t_wo + t_wo_cam
0.9 0 0
Time
1558622860431
Theta
0
t_wo + t_wo_cam
0.9 0 0
Time
1558622860455
Theta
0
t_wo + t_wo_cam
0.9 0 0
Time
1558622860480
Theta
0
t_wo + t_wo_cam
0.9 0 0
Time
1558622860504
Theta
0
t_wo + t_wo_cam
0.9 0 0
Time
1558622860529
Theta
0
t_wo + t_wo_cam
0.9 0 0
Time
1558622860553
Theta
0
t_wo + t_wo_cam
0.9 0 0
Time
1558622860574
Theta
0
t_wo + t_wo_cam
0.9 0 0
Time
1558622860598
Theta
0
t_wo + t_wo_cam
0.9 0 0
Time
1558622860623
Theta
0
t_wo + t_wo_cam
0.9 0 0
Time
1558622860648
Theta
0
t_wo + t_wo_cam
0.9 0 0
Time
1558622860672
Theta
0
t_wo + t_wo_cam
0.9 0 0
Time
1558622860697
Theta
0
t_wo + t_wo_cam
0.9 0 0
Time
1558622860717
Theta
0
t_wo + t_wo_cam
0.9 0 0
Time
1558622860742
Theta
0
t_wo + t_wo_cam
0.9 0 0
Time
1558622860766
Theta
0
t_wo + t_wo_cam
0.9 0 0
Time
1558622860791
Theta
0
t_wo + t_wo_cam
0.9 0 0
Time
1558622860816
Theta
0
t_wo + t_wo_cam
0.9 0 0
Time
1558622860840
Theta
0
t_wo + t_wo_cam
0.9 0 0
Time
1558622860861
Theta
0
t_wo + t_wo_cam
0.9 0 0
Time
1558622860885
Theta
0
t_wo + t_wo_cam
0.9 0 0
Time
1558622860910
Theta
0
t_wo + t_wo_cam
0.9 0 0
Time
1558622860934
Theta
0
t_wo + t_wo_cam
0.9 0 0
Time
1558622860959
Theta
0
t_wo + t_wo_cam
0.9 0 0
Time
1558622860984
Theta
0
t_wo + t_wo_cam
0.9 0 0
Time
1558622861004
Theta
0
t_wo + t_wo_cam
0.9 0 0
Time
1558622861029
Theta
0
t_wo + t_wo_cam
0.9 0 0
Time
1558622861053
Theta
0
t_wo + t_wo_cam
0.9 0 0
Time
1558622861078
Theta
0
t_wo + t_wo_cam
0.9 0 0
Time
1558622861102
Theta
0
t_wo + t_wo_cam
0.9 0 0
Time
1558622861127
Theta
0
t_wo + t_wo_cam
0.9 0 0
Time
1558622861151
Theta
0
t_wo + t_wo_cam
0.9 0 0
Time
1558622861172
Theta
0
t_wo + t_wo_cam
0.9 0 0
Time
1558622861196
Theta
0
t_wo + t_wo_cam
0.9 0 0
Time
1558622861221
Theta
0
t_wo + t_wo_cam
0.9 0 0
Time
1558622861246
Theta
0
t_wo + t_wo_cam
0.9 0 0
Time
1558622861270
Theta
0
t_wo + t_wo_cam
0.9 0 0
Time
1558622861295
Theta
0
t_wo + t_wo_cam
0.9 0 0
Time
1558622861315
Theta
0
t_wo + t_wo_cam
0.9 0 0
Time
1558622861340
Theta
0
t_wo + t_wo_cam
0.9 0 0
Time
1558622861364
Theta
0
t_wo + t_wo_cam
0.9 0 0
Time
1558622861389
Theta
0
t_wo + t_wo_cam
0.9 0 0
Time
1558622861414
Theta
0
t_wo + t_wo_cam
0.9 0 0
Time
1558622861438
Theta
0
t_wo + t_wo_cam
0.9 0 0
Time
1558622861459
Theta
0
t_wo + t_wo_cam
0.9 0 0
Time
1558622861483
Theta
0
t_wo + t_wo_cam
0.9 0 0
Time
1558622861508
Theta
0
t_wo + t_wo_cam
0.9 0 0
Time
1558622861532
Theta
0
t_wo + t_wo_cam
0.9 0 0
Time
1558622861557
Theta
0
t_wo + t_wo_cam
0.9 0 0
Time
1558622861581
Theta
0
t_wo + t_wo_cam
0.9 0 0
Time
1558622861602
Theta
0
t_wo + t_wo_cam
0.9 0 0
Time
1558622861627
Theta
0
t_wo + t_wo_cam
0.9 0 0
Time
1558622861651
Theta
0
t_wo + t_wo_cam
0.9 0 0
Time
1558622861676
Theta
0
t_wo + t_wo_cam
0.9 0 0
Time
1558622861700
Theta
0
t_wo + t_wo_cam
0.9 0 0
Time
1558622861725
Theta
0
t_wo + t_wo_cam
0.9 0 0
Time
1558622861745
Theta
0
t_wo + t_wo_cam
0.9 0 0
Time
1558622861770
Theta
0
t_wo + t_wo_cam
0.9 0 0
Time
1558622861794
Theta
0
t_wo + t_wo_cam
0.9 0 0
Time
1558622861819
Theta
0
t_wo + t_wo_cam
0.9 0 0
Time
1558622861844
Theta
0
t_wo + t_wo_cam
0.9 0 0
Time
1558622861868
Theta
0
t_wo + t_wo_cam
0.9 0 0
Time
1558622861889
Theta
0
t_wo + t_wo_cam
0.9 0 0
Time
1558622861913
Theta
0
t_wo + t_wo_cam
0.9 0 0
Time
1558622861938
Theta
0
t_wo + t_wo_cam
0.9 0 0
Time
1558622861962
Theta
0
t_wo + t_wo_cam
0.9 0 0
Time
1558622861987
Theta
0
t_wo + t_wo_cam
0.9 0 0
Time
1558622862012
Theta
0
t_wo + t_wo_cam
0.9 0 0
Time
1558622862032
Theta
0
t_wo + t_wo_cam
0.9 0 0
Time
1558622862057
Theta
0
t_wo + t_wo_cam
0.9 0 0
Time
1558622862081
Theta
0
t_wo + t_wo_cam
0.9 0 0
Time
1558622862106
Theta
0
t_wo + t_wo_cam
0.9 0 0
Time
1558622862130
Theta
0
t_wo + t_wo_cam
0.9 0 0
Time
1558622862155
Theta
0
t_wo + t_wo_cam
0.9 0 0
Time
1558622862175
Theta
0
t_wo + t_wo_cam
0.9 0 0
Time
1558622862200
Theta
0
t_wo + t_wo_cam
0.9 0 0
Time
1558622862225
Theta
0
t_wo + t_wo_cam
0.9 0 0
Time
1558622862249
Theta
0
t_wo + t_wo_cam
0.9 0 0
Time
1558622862274
Theta
0
t_wo + t_wo_cam
0.9 0 0
Time
1558622862298
Theta
0
t_wo + t_wo_cam
0.9 0 0
Time
1558622862323
Theta
0
t_wo + t_wo_cam
0.9 0 0
Time
1558622862343
Theta
0
t_wo + t_wo_cam
0.9 0 0
Time
1558622862368
Theta
0
t_wo + t_wo_cam
0.9 0 0
Time
1558622862392
Theta
0
t_wo + t_wo_cam
0.9 0 0
Time
1558622862417
Theta
0
t_wo + t_wo_cam
0.9 0 0
Time
1558622862442
Theta
0
t_wo + t_wo_cam
0.9 0 0
Time
1558622862466
Theta
0
t_wo + t_wo_cam
0.9 0 0
Time
1558622862487
Theta
0
t_wo + t_wo_cam
0.9 0 0
Time
1558622862511
Theta
0
t_wo + t_wo_cam
0.9 0 0
Time
1558622862536
Theta
0
t_wo + t_wo_cam
0.9 0 0
Time
1558622862560
Theta
0
t_wo + t_wo_cam
0.9 0 0
Time
1558622862585
Theta
0
t_wo + t_wo_cam
0.9 0 0
Time
1558622862610
Theta
0
t_wo + t_wo_cam
0.9 0 0
Time
1558622862630
Theta
0
t_wo + t_wo_cam
0.9 0 0
Time
1558622862655
Theta
0
t_wo + t_wo_cam
0.9 0 0
Time
1558622862679
Theta
0
t_wo + t_wo_cam
0.9 0 0
Time
1558622862704
Theta
0
t_wo + t_wo_cam
0.9 0 0
Time
1558622862728
Theta
0
t_wo + t_wo_cam
0.9 0 0
Time
1558622862753
Theta
0
t_wo + t_wo_cam
0.9 0 0
Time
1558622862773
Theta
0
t_wo + t_wo_cam
0.9 0 0
Time
1558622862798
Theta
0
t_wo + t_wo_cam
0.9 0 0
Time
1558622862823
Theta
0
t_wo + t_wo_cam
0.9 0 0
Time
1558622862847
Theta
0
t_wo + t_wo_cam
0.9 0 0
Time
1558622862872
Theta
0
t_wo + t_wo_cam
0.9 0 0
Time
1558622862896
Theta
0
t_wo + t_wo_cam
0.9 0 0
Time
1558622862917
Theta
0
t_wo + t_wo_cam
0.9 0 0
Time
1558622862941
Theta
0
t_wo + t_wo_cam
0.9 0 0
Time
1558622862966
Theta
0
t_wo + t_wo_cam
0.9 0 0
Time
1558622862990
Theta
0
t_wo + t_wo_cam
0.9 0 0
Time
1558622863015
Theta
0
t_wo + t_wo_cam
0.9 0 0
Time
1558622863040
Theta
0
t_wo + t_wo_cam
0.9 0 0
Time
1558622863060
Theta
0
t_wo + t_wo_cam
0.9 0 0
Time
1558622863085
Theta
0
t_wo + t_wo_cam
0.9 0 0
Time
1558622863109
Theta
0
t_wo + t_wo_cam
0.9 0 0
Time
1558622863134
Theta
0
t_wo + t_wo_cam
0.9 0 0
Time
1558622863158
Theta
0
t_wo + t_wo_cam
0.9 0 0
Time
1558622863183
Theta
0
t_wo + t_wo_cam
0.9 0 0
Time
1558622863203
Theta
0
t_wo + t_wo_cam
0.9 0 0
Time
1558622863228
Theta
0
t_wo + t_wo_cam
0.9 0 0
Time
1558622863253
Theta
0
t_wo + t_wo_cam
0.9 0 0
Time
1558622863277
Theta
0
t_wo + t_wo_cam
0.9 0 0
Time
1558622863302
Theta
0
t_wo + t_wo_cam
0.9 0 0
Time
1558622863326
Theta
0
t_wo + t_wo_cam
0.9 0 0
Time
1558622863347
Theta
0
t_wo + t_wo_cam
0.9 0 0
Time
1558622863371
Theta
0
t_wo + t_wo_cam
0.9 0 0
Time
1558622863396
Theta
0
t_wo + t_wo_cam
0.9 0 0
Time
1558622863420
Theta
0
t_wo + t_wo_cam
0.9 0 0
Time
1558622863445
Theta
0
t_wo + t_wo_cam
0.9 0 0
Time
1558622863470
Theta
0
t_wo + t_wo_cam
0.9 0 0
Time
1558622863494
Theta
0
t_wo + t_wo_cam
0.9 0 0
Time
1558622863515
Theta
0
t_wo + t_wo_cam
0.9 0 0
Time
1558622863539
Theta
0
t_wo + t_wo_cam
0.9 0 0
Time
1558622863564
Theta
0
t_wo + t_wo_cam
0.9 0 0
Time
1558622863588
Theta
0
t_wo + t_wo_cam
0.9 0 0
Time
1558622863613
Theta
0
t_wo + t_wo_cam
0.9 0 0
Time
1558622863638
Theta
0
t_wo + t_wo_cam
0.9 0 0
Time
1558622863658
Theta
0
t_wo + t_wo_cam
0.9 0 0
Time
1558622863683
Theta
0
t_wo + t_wo_cam
0.9 0 0
Time
1558622863707
Theta
0
t_wo + t_wo_cam
0.9 0 0
Time
1558622863732
Theta
0
t_wo + t_wo_cam
0.9 0 0
Time
1558622863756
Theta
0
t_wo + t_wo_cam
0.9 0 0
Time
1558622863781
Theta
0
t_wo + t_wo_cam
0.9 0 0
Time
1558622863801
Theta
0
t_wo + t_wo_cam
0.9 0 0
Time
1558622863826
Theta
0
t_wo + t_wo_cam
0.9 0 0
Time
1558622863851
Theta
0
t_wo + t_wo_cam
0.9 0 0
Time
1558622863875
Theta
0
t_wo + t_wo_cam
0.9 0 0
Time
1558622863900
Theta
0
t_wo + t_wo_cam
0.9 0 0
Time
1558622863924
Theta
0
t_wo + t_wo_cam
0.9 0 0
Time
1558622863945
Theta
0
t_wo + t_wo_cam
0.9 0 0
Time
1558622863969
Theta
0
t_wo + t_wo_cam
0.9 0 0
Time
1558622863994
Theta
0
t_wo + t_wo_cam
0.9 0 0
Time
1558622864019
Theta
0
t_wo + t_wo_cam
0.9 0 0
Time
1558622864043
Theta
0
t_wo + t_wo_cam
0.9 0 0
Time
1558622864068
Theta
0
t_wo + t_wo_cam
0.9 0 0
Time
1558622864088
Theta
0
t_wo + t_wo_cam
0.9 0 0
Time
1558622864113
Theta
0
t_wo + t_wo_cam
0.9 0 0
Time
1558622864137
Theta
0
t_wo + t_wo_cam
0.9 0 0
Time
1558622864162
Theta
0
t_wo + t_wo_cam
0.9 0 0
Time
1558622864186
Theta
0
t_wo + t_wo_cam
0.9 0 0
Time
1558622864211
Theta
0
t_wo + t_wo_cam
0.9 0 0
Time
1558622864231
Theta
0
t_wo + t_wo_cam
0.9 0 0
Time
1558622864256
Theta
0
t_wo + t_wo_cam
0.9 0 0
Time
1558622864281
Theta
0
t_wo + t_wo_cam
0.9 0 0
Time
1558622864305
Theta
0
t_wo + t_wo_cam
0.9 0 0
Time
1558622864330
Theta
0
t_wo + t_wo_cam
0.9 0 0
Time
1558622864354
Theta
0
t_wo + t_wo_cam
0.9 0 0
Time
1558622864375
Theta
0
t_wo + t_wo_cam
0.9 0 0
Time
1558622864399
Theta
0
t_wo + t_wo_cam
0.9 0 0
Time
1558622864424
Theta
0
t_wo + t_wo_cam
0.9 0 0
Time
1558622864449
Theta
0
t_wo + t_wo_cam
0.9 0 0
Time
1558622864473
Theta
0
t_wo + t_wo_cam
0.9 0 0
Time
1558622864498
Theta
0
t_wo + t_wo_cam
0.9 0 0
Time
1558622864518
Theta
0
t_wo + t_wo_cam
0.9 0 0
Time
1558622864543
Theta
0
t_wo + t_wo_cam
0.9 0 0
Time
1558622864567
Theta
0
t_wo + t_wo_cam
0.9 0 0
Time
1558622864592
Theta
0
t_wo + t_wo_cam
0.9 0 0
Time
1558622864616
Theta
0
t_wo + t_wo_cam
0.9 0 0
Time
1558622864641
Theta
0
t_wo + t_wo_cam
0.9 0 0
Time
1558622864666
Theta
0
t_wo + t_wo_cam
0.9 0 0
Time
1558622864686
Theta
0
t_wo + t_wo_cam
0.9 0 0
Time
1558622864711
Theta
0
t_wo + t_wo_cam
0.9 0 0
Time
1558622864735
Theta
0
t_wo + t_wo_cam
0.9 0 0
Time
1558622864760
Theta
0
t_wo + t_wo_cam
0.9 0 0
Time
1558622864784
Theta
0
t_wo + t_wo_cam
0.9 0 0
Time
1558622864809
Theta
0
t_wo + t_wo_cam
0.9 0 0
Time
1558622864829
Theta
0
t_wo + t_wo_cam
0.9 0 0
Time
1558622864854
Theta
0
t_wo + t_wo_cam
0.9 0 0
Time
1558622864879
Theta
0
t_wo + t_wo_cam
0.9 0 0
Time
1558622864903
Theta
0
t_wo + t_wo_cam
0.9 0 0
Time
1558622864928
Theta
0
t_wo + t_wo_cam
0.9 0 0
Time
1558622864952
Theta
0
t_wo + t_wo_cam
0.9 0 0
Time
1558622864973
Theta
0
t_wo + t_wo_cam
0.9 0 0
Time
1558622864997
Theta
0
t_wo + t_wo_cam
0.9 0 0
Time
1558622865022
Theta
0
t_wo + t_wo_cam
0.9 0 0
Time
1558622865047
Theta
0
t_wo + t_wo_cam
0.9 0 0
Time
1558622865071
Theta
0
t_wo + t_wo_cam
0.9 0 0
Time
1558622865096
Theta
0
t_wo + t_wo_cam
0.9 0 0
Time
1558622865116
Theta
0
t_wo + t_wo_cam
0.9 0 0
Time
1558622865141
Theta
0
t_wo + t_wo_cam
0.9 0 0
Time
1558622865165
Theta
0
t_wo + t_wo_cam
0.9 0 0
Time
1558622865190
Theta
0
t_wo + t_wo_cam
0.9 0 0
Time
1558622865214
Theta
0
t_wo + t_wo_cam
0.9 0 0
Time
1558622865239
Theta
0
t_wo + t_wo_cam
0.9 0 0
Time
1558622865260
Theta
0
t_wo + t_wo_cam
0.9 0 0
Time
1558622865284
Theta
0
t_wo + t_wo_cam
0.9 0 0
Time
1558622865309
Theta
0
t_wo + t_wo_cam
0.9 0 0
Time
1558622865333
Theta
0
t_wo + t_wo_cam
0.9 0 0
Time
1558622865358
Theta
0
t_wo + t_wo_cam
0.9 0 0
Time
1558622865382
Theta
0
t_wo + t_wo_cam
0.9 0 0
Time
1558622865403
Theta
0
t_wo + t_wo_cam
0.9 0 0
Time
1558622865427
Theta
0
t_wo + t_wo_cam
0.9 0 0
Time
1558622865452
Theta
0
t_wo + t_wo_cam
0.9 0 0
Time
1558622865477
Theta
0
t_wo + t_wo_cam
0.9 0 0
Time
1558622865501
Theta
0
t_wo + t_wo_cam
0.9 0 0
Time
1558622865526
Theta
0
t_wo + t_wo_cam
0.9 0 0
Time
1558622865546
Theta
0
t_wo + t_wo_cam
0.9 0 0
Time
1558622865571
Theta
0
t_wo + t_wo_cam
0.9 0 0
Time
1558622865595
Theta
0
t_wo + t_wo_cam
0.9 0 0
Time
1558622865620
Theta
0
t_wo + t_wo_cam
0.9 0 0
Time
1558622865645
Theta
0
t_wo + t_wo_cam
0.9 0 0
Time
1558622865669
Theta
0
t_wo + t_wo_cam
0.9 0 0
Time
1558622865690
Theta
0
t_wo + t_wo_cam
0.9 0 0
Time
1558622865714
Theta
0
t_wo + t_wo_cam
0.9 0 0
Time
1558622865739
Theta
0
t_wo + t_wo_cam
0.9 0 0
Time
1558622865763
Theta
0
t_wo + t_wo_cam
0.9 0 0
Time
1558622865788
Theta
0
t_wo + t_wo_cam
0.9 0 0
Time
1558622865812
Theta
0
t_wo + t_wo_cam
0.9 0 0
Time
1558622865837
Theta
0
t_wo + t_wo_cam
0.9 0 0
Time
1558622865858
Theta
0
t_wo + t_wo_cam
0.9 0 0
Time
1558622865882
Theta
0
t_wo + t_wo_cam
0.9 0 0
Time
1558622865907
Theta
0
t_wo + t_wo_cam
0.9 0 0
Time
1558622865931
Theta
0
t_wo + t_wo_cam
0.9 0 0
Time
1558622865956
Theta
0
t_wo + t_wo_cam
0.9 0 0
Time
1558622865980
Theta
0
t_wo + t_wo_cam
0.9 0 0
Time
1558622866001
Theta
0
t_wo + t_wo_cam
0.9 0 0
Time
1558622866025
Theta
0
t_wo + t_wo_cam
0.9 0 0
Time
1558622866050
Theta
0
t_wo + t_wo_cam
0.9 0 0
Time
1558622866075
Theta
0
