t_GA - R_GA * R_AB * t_BA
0 0 0
t_wo + t_wo_cam
0.9 0 0
Time
1558545720730
Theta
0
t_GA - R_GA * R_AB * t_BA
0 0 0
t_wo + t_wo_cam
0.9 0 0
Time
1558545720730
Theta
0
t_GA - R_GA * R_AB * t_BA
0 0 0
t_wo + t_wo_cam
0.9 0 0
Time
1558545720730
Theta
0
t_GA - R_GA * R_AB * t_BA
0 0 0
t_wo + t_wo_cam
0.9 0 0
Time
1558545720730
Theta
0
t_GA - R_GA * R_AB * t_BA
0 0 0
t_wo + t_wo_cam
0.9 0 0
Time
1558545720730
Theta
0
t_GA - R_GA * R_AB * t_BA
0 0 0
t_wo + t_wo_cam
0.9 0 0
Time
1558545720730
Theta
0
t_GA - R_GA * R_AB * t_BA
0 0 0
t_wo + t_wo_cam
0.9 0 0
Time
1558545720731
Theta
0
t_GA - R_GA * R_AB * t_BA
0 0 0
t_wo + t_wo_cam
0.9 0 0
Time
1558545720731
Theta
0
t_GA - R_GA * R_AB * t_BA
0 0 0
t_wo + t_wo_cam
0.9 0 0
Time
1558545720731
Theta
0
t_GA - R_GA * R_AB * t_BA
0 0 0
t_wo + t_wo_cam
0.9 0 0
Time
1558545720731
Theta
0
t_GA - R_GA * R_AB * t_BA
0 0 0
t_wo + t_wo_cam
0.9 0 0
Time
1558545720731
Theta
0
t_GA - R_GA * R_AB * t_BA
0 0 0
t_wo + t_wo_cam
0.9 0 0
Time
1558545720731
Theta
0
t_GA - R_GA * R_AB * t_BA
0 0 0
t_wo + t_wo_cam
0.9 0 0
Time
1558545720748
Theta
0
t_GA - R_GA * R_AB * t_BA
0 0 0
t_wo + t_wo_cam
0.9 0 0
Time
1558545720773
Theta
0
t_GA - R_GA * R_AB * t_BA
0 0 0
t_wo + t_wo_cam
0.9 0 0
Time
1558545720797
Theta
0
t_GA - R_GA * R_AB * t_BA
0 0 0
t_wo + t_wo_cam
0.9 0 0
Time
1558545720822
Theta
0
t_GA - R_GA * R_AB * t_BA
0 0 0
t_wo + t_wo_cam
0.9 0 0
Time
1558545720847
Theta
0
t_GA - R_GA * R_AB * t_BA
0 0 0
t_wo + t_wo_cam
0.9 0 0
Time
1558545720867
Theta
0
t_GA - R_GA * R_AB * t_BA
0 0 0
t_wo + t_wo_cam
0.9 0 0
Time
1558545720892
Theta
0
t_GA - R_GA * R_AB * t_BA
0 0 0
t_wo + t_wo_cam
0.9 0 0
Time
1558545720916
Theta
0
t_GA - R_GA * R_AB * t_BA
0 0 0
t_wo + t_wo_cam
0.9 0 0
Time
1558545720941
Theta
0
t_GA - R_GA * R_AB * t_BA
0 0 0
t_wo + t_wo_cam
0.9 0 0
Time
1558545720965
Theta
0
t_GA - R_GA * R_AB * t_BA
0 0 0
t_wo + t_wo_cam
0.9 0 0
Time
1558545720990
Theta
0
t_GA - R_GA * R_AB * t_BA
0 0 0
t_wo + t_wo_cam
0.9 0 0
Time
1558545721014
Theta
0
t_GA - R_GA * R_AB * t_BA
0 0 0
t_wo + t_wo_cam
0.9 0 0
Time
1558545721035
Theta
0
t_GA - R_GA * R_AB * t_BA
0 0 0
t_wo + t_wo_cam
0.9 0 0
Time
1558545721059
Theta
0
t_GA - R_GA * R_AB * t_BA
0 0 0
t_wo + t_wo_cam
0.9 0 0
Time
1558545721084
Theta
0
t_GA - R_GA * R_AB * t_BA
0 0 0
t_wo + t_wo_cam
0.9 0 0
Time
1558545721109
Theta
0
t_GA - R_GA * R_AB * t_BA
0 0 0
t_wo + t_wo_cam
0.9 0 0
Time
1558545721133
Theta
0
t_GA - R_GA * R_AB * t_BA
0 0 0
t_wo + t_wo_cam
0.9 0 0
Time
1558545721158
Theta
0
t_GA - R_GA * R_AB * t_BA
0 0 0
t_wo + t_wo_cam
0.9 0 0
Time
1558545721178
Theta
0
t_GA - R_GA * R_AB * t_BA
0 0 0
t_wo + t_wo_cam
0.9 0 0
Time
1558545721203
Theta
0
t_GA - R_GA * R_AB * t_BA
0 0 0
t_wo + t_wo_cam
0.9 0 0
Time
1558545721227
Theta
0
t_GA - R_GA * R_AB * t_BA
0 0 0
t_wo + t_wo_cam
0.9 0 0
Time
1558545721252
Theta
0
t_GA - R_GA * R_AB * t_BA
0 0 0
t_wo + t_wo_cam
0.9 0 0
Time
1558545721277
Theta
0
t_GA - R_GA * R_AB * t_BA
0 0 0
t_wo + t_wo_cam
0.9 0 0
Time
1558545721301
Theta
0
t_GA - R_GA * R_AB * t_BA
0 0 0
t_wo + t_wo_cam
0.9 0 0
Time
1558545721322
Theta
0
t_GA - R_GA * R_AB * t_BA
0 0 0
t_wo + t_wo_cam
0.9 0 0
Time
1558545721346
Theta
0
t_GA - R_GA * R_AB * t_BA
0 0 0
t_wo + t_wo_cam
0.9 0 0
Time
1558545721371
Theta
0
t_GA - R_GA * R_AB * t_BA
0 0 0
t_wo + t_wo_cam
0.9 0 0
Time
1558545721395
Theta
0
t_GA - R_GA * R_AB * t_BA
0 0 0
t_wo + t_wo_cam
0.9 0 0
Time
1558545721420
Theta
0
t_GA - R_GA * R_AB * t_BA
0 0 0
t_wo + t_wo_cam
0.9 0 0
Time
1558545721445
Theta
0
t_GA - R_GA * R_AB * t_BA
0 0 0
t_wo + t_wo_cam
0.9 0 0
Time
1558545721465
Theta
0
t_GA - R_GA * R_AB * t_BA
0 0 0
t_wo + t_wo_cam
0.9 0 0
Time
1558545721490
Theta
0
t_GA - R_GA * R_AB * t_BA
0 0 0
t_wo + t_wo_cam
0.9 0 0
Time
1558545721514
Theta
0
t_GA - R_GA * R_AB * t_BA
0 0 0
t_wo + t_wo_cam
0.9 0 0
Time
1558545721539
Theta
0
t_GA - R_GA * R_AB * t_BA
0 0 0
t_wo + t_wo_cam
0.9 0 0
Time
1558545721563
Theta
0
t_GA - R_GA * R_AB * t_BA
0 0 0
t_wo + t_wo_cam
0.9 0 0
Time
1558545721588
Theta
0
t_GA - R_GA * R_AB * t_BA
0 0 0
t_wo + t_wo_cam
0.9 0 0
Time
1558545721608
Theta
0
t_GA - R_GA * R_AB * t_BA
0 0 0
t_wo + t_wo_cam
0.9 0 0
Time
1558545721633
Theta
0
t_GA - R_GA * R_AB * t_BA
0 0 0
t_wo + t_wo_cam
0.9 0 0
Time
1558545721658
Theta
0
t_GA - R_GA * R_AB * t_BA
0 0 0
t_wo + t_wo_cam
0.9 0 0
Time
1558545721682
Theta
0
t_GA - R_GA * R_AB * t_BA
0 0 0
t_wo + t_wo_cam
0.9 0 0
Time
1558545721707
Theta
0
t_GA - R_GA * R_AB * t_BA
0 0 0
t_wo + t_wo_cam
0.9 0 0
Time
1558545721731
Theta
0
t_GA - R_GA * R_AB * t_BA
0 0 0
t_wo + t_wo_cam
0.9 0 0
Time
1558545721752
Theta
0
t_GA - R_GA * R_AB * t_BA
0 0 0
t_wo + t_wo_cam
0.9 0 0
Time
1558545721776
Theta
0
t_GA - R_GA * R_AB * t_BA
0 0 0
t_wo + t_wo_cam
0.9 0 0
Time
1558545721801
Theta
0
t_GA - R_GA * R_AB * t_BA
0 0 0
t_wo + t_wo_cam
0.9 0 0
Time
1558545721825
Theta
0
t_GA - R_GA * R_AB * t_BA
0 0 0
t_wo + t_wo_cam
0.9 0 0
Time
1558545721850
Theta
0
t_GA - R_GA * R_AB * t_BA
0 0 0
t_wo + t_wo_cam
0.9 0 0
Time
1558545721875
Theta
0
t_GA - R_GA * R_AB * t_BA
0 0 0
t_wo + t_wo_cam
0.9 0 0
Time
1558545721895
Theta
0
t_GA - R_GA * R_AB * t_BA
0 0 0
t_wo + t_wo_cam
0.9 0 0
Time
1558545721920
Theta
0
t_GA - R_GA * R_AB * t_BA
0 0 0
t_wo + t_wo_cam
0.9 0 0
Time
1558545721944
Theta
0
t_GA - R_GA * R_AB * t_BA
0 0 0
t_wo + t_wo_cam
0.9 0 0
Time
1558545721969
Theta
0
t_GA - R_GA * R_AB * t_BA
0 0 0
t_wo + t_wo_cam
0.9 0 0
Time
1558545721993
Theta
0
t_GA - R_GA * R_AB * t_BA
0 0 0
t_wo + t_wo_cam
0.9 0 0
Time
1558545722018
Theta
0
t_GA - R_GA * R_AB * t_BA
0 0 0
t_wo + t_wo_cam
0.9 0 0
Time
1558545722043
Theta
0
t_GA - R_GA * R_AB * t_BA
0 0 0
t_wo + t_wo_cam
0.9 0 0
Time
1558545722063
Theta
0
t_GA - R_GA * R_AB * t_BA
0 0 0
t_wo + t_wo_cam
0.9 0 0
Time
1558545722088
Theta
0
t_GA - R_GA * R_AB * t_BA
0 0 0
t_wo + t_wo_cam
0.9 0 0
Time
1558545722112
Theta
0
t_GA - R_GA * R_AB * t_BA
0 0 0
t_wo + t_wo_cam
0.9 0 0
Time
1558545722137
Theta
0
t_GA - R_GA * R_AB * t_BA
0 0 0
t_wo + t_wo_cam
0.9 0 0
Time
1558545722161
Theta
0
t_GA - R_GA * R_AB * t_BA
0 0 0
t_wo + t_wo_cam
0.9 0 0
Time
1558545722186
Theta
0
t_GA - R_GA * R_AB * t_BA
0 0 0
t_wo + t_wo_cam
0.9 0 0
Time
1558545722206
Theta
0
t_GA - R_GA * R_AB * t_BA
0 0 0
t_wo + t_wo_cam
0.9 0 0
Time
1558545722231
Theta
0
t_GA - R_GA * R_AB * t_BA
0 0 0
t_wo + t_wo_cam
0.9 0 0
Time
1558545722256
Theta
0
t_GA - R_GA * R_AB * t_BA
0 0 0
t_wo + t_wo_cam
0.9 0 0
Time
1558545722280
Theta
0
t_GA - R_GA * R_AB * t_BA
0 0 0
t_wo + t_wo_cam
0.9 0 0
Time
1558545722305
Theta
0
t_GA - R_GA * R_AB * t_BA
0 0 0
t_wo + t_wo_cam
0.9 0 0
Time
1558545722329
Theta
0
t_GA - R_GA * R_AB * t_BA
0 0 0
t_wo + t_wo_cam
0.9 0 0
Time
1558545722350
Theta
0
t_GA - R_GA * R_AB * t_BA
0 0 0
t_wo + t_wo_cam
0.9 0 0
Time
1558545722374
Theta
0
t_GA - R_GA * R_AB * t_BA
0 0 0
t_wo + t_wo_cam
0.9 0 0
Time
1558545722399
Theta
0
t_GA - R_GA * R_AB * t_BA
0 0 0
t_wo + t_wo_cam
0.9 0 0
Time
1558545722423
Theta
0
t_GA - R_GA * R_AB * t_BA
0 0 0
t_wo + t_wo_cam
0.9 0 0
Time
1558545722448
Theta
0
t_GA - R_GA * R_AB * t_BA
0 0 0
t_wo + t_wo_cam
0.9 0 0
Time
1558545722473
Theta
0
t_GA - R_GA * R_AB * t_BA
0 0 0
t_wo + t_wo_cam
0.9 0 0
Time
1558545722493
Theta
0
t_GA - R_GA * R_AB * t_BA
0 0 0
t_wo + t_wo_cam
0.9 0 0
Time
1558545722518
Theta
0
t_GA - R_GA * R_AB * t_BA
0 0 0
t_wo + t_wo_cam
0.9 0 0
Time
1558545722542
Theta
0
t_GA - R_GA * R_AB * t_BA
0 0 0
t_wo + t_wo_cam
0.9 0 0
Time
1558545722567
Theta
0
t_GA - R_GA * R_AB * t_BA
0 0 0
t_wo + t_wo_cam
0.9 0 0
Time
1558545722591
Theta
0
t_GA - R_GA * R_AB * t_BA
0 0 0
t_wo + t_wo_cam
0.9 0 0
Time
1558545722616
Theta
0
t_GA - R_GA * R_AB * t_BA
0 0 0
t_wo + t_wo_cam
0.9 0 0
Time
1558545722636
Theta
0
t_GA - R_GA * R_AB * t_BA
0 0 0
t_wo + t_wo_cam
0.9 0 0
Time
1558545722661
Theta
0
t_GA - R_GA * R_AB * t_BA
0 0 0
t_wo + t_wo_cam
0.9 0 0
Time
1558545722686
Theta
0
t_GA - R_GA * R_AB * t_BA
0 0 0
t_wo + t_wo_cam
0.9 0 0
Time
1558545722710
Theta
0
t_GA - R_GA * R_AB * t_BA
0 0 0
t_wo + t_wo_cam
0.9 0 0
Time
1558545722735
Theta
0
t_GA - R_GA * R_AB * t_BA
0 0 0
t_wo + t_wo_cam
0.9 0 0
Time
1558545722759
Theta
0
t_GA - R_GA * R_AB * t_BA
0 0 0
t_wo + t_wo_cam
0.9 0 0
Time
1558545722780
Theta
0
t_GA - R_GA * R_AB * t_BA
0 0 0
t_wo + t_wo_cam
0.9 0 0
Time
1558545722804
Theta
0
t_GA - R_GA * R_AB * t_BA
0 0 0
t_wo + t_wo_cam
0.9 0 0
Time
1558545722829
Theta
0
t_GA - R_GA * R_AB * t_BA
0 0 0
t_wo + t_wo_cam
0.9 0 0
Time
1558545722854
Theta
0
t_GA - R_GA * R_AB * t_BA
0 0 0
t_wo + t_wo_cam
0.9 0 0
Time
1558545722878
Theta
0
t_GA - R_GA * R_AB * t_BA
0 0 0
t_wo + t_wo_cam
0.9 0 0
Time
1558545722903
Theta
0
t_GA - R_GA * R_AB * t_BA
0 0 0
t_wo + t_wo_cam
0.9 0 0
Time
1558545722923
Theta
0
t_GA - R_GA * R_AB * t_BA
0 0 0
t_wo + t_wo_cam
0.9 0 0
Time
1558545722948
Theta
0
t_GA - R_GA * R_AB * t_BA
0 0 0
t_wo + t_wo_cam
0.9 0 0
Time
1558545722972
Theta
0
t_GA - R_GA * R_AB * t_BA
0 0 0
t_wo + t_wo_cam
0.9 0 0
Time
1558545722997
Theta
0
t_GA - R_GA * R_AB * t_BA
0 0 0
t_wo + t_wo_cam
0.9 0 0
Time
1558545723021
Theta
0
t_GA - R_GA * R_AB * t_BA
0 0 0
t_wo + t_wo_cam
0.9 0 0
Time
1558545723046
Theta
0
t_GA - R_GA * R_AB * t_BA
0 0 0
t_wo + t_wo_cam
0.9 0 0
Time
1558545723071
Theta
0
t_GA - R_GA * R_AB * t_BA
0 0 0
t_wo + t_wo_cam
0.9 0 0
Time
1558545723091
Theta
0
t_GA - R_GA * R_AB * t_BA
0 0 0
t_wo + t_wo_cam
0.9 0 0
Time
1558545723116
Theta
0
t_GA - R_GA * R_AB * t_BA
0 0 0
t_wo + t_wo_cam
0.9 0 0
Time
1558545723140
Theta
0
t_GA - R_GA * R_AB * t_BA
0 0 0
t_wo + t_wo_cam
0.9 0 0
Time
1558545723165
Theta
0
t_GA - R_GA * R_AB * t_BA
0 0 0
t_wo + t_wo_cam
0.9 0 0
Time
1558545723189
Theta
0
t_GA - R_GA * R_AB * t_BA
0 0 0
t_wo + t_wo_cam
0.9 0 0
Time
1558545723214
Theta
0
t_GA - R_GA * R_AB * t_BA
0 0 0
t_wo + t_wo_cam
0.9 0 0
Time
1558545723234
Theta
0
t_GA - R_GA * R_AB * t_BA
0 0 0
t_wo + t_wo_cam
0.9 0 0
Time
1558545723259
Theta
0
t_GA - R_GA * R_AB * t_BA
0 0 0
t_wo + t_wo_cam
0.9 0 0
Time
1558545723284
Theta
0
t_GA - R_GA * R_AB * t_BA
0 0 0
t_wo + t_wo_cam
0.9 0 0
Time
1558545723308
Theta
0
t_GA - R_GA * R_AB * t_BA
0 0 0
t_wo + t_wo_cam
0.9 0 0
Time
1558545723333
Theta
0
t_GA - R_GA * R_AB * t_BA
0 0 0
t_wo + t_wo_cam
0.9 0 0
Time
1558545723357
Theta
0
t_GA - R_GA * R_AB * t_BA
0 0 0
t_wo + t_wo_cam
0.9 0 0
Time
1558545723378
Theta
0
t_GA - R_GA * R_AB * t_BA
0 0 0
t_wo + t_wo_cam
0.9 0 0
Time
1558545723402
Theta
0
t_GA - R_GA * R_AB * t_BA
0 0 0
t_wo + t_wo_cam
0.9 0 0
Time
1558545723427
Theta
0
t_GA - R_GA * R_AB * t_BA
0 0 0
t_wo + t_wo_cam
0.9 0 0
Time
1558545723451
Theta
0
t_GA - R_GA * R_AB * t_BA
0 0 0
t_wo + t_wo_cam
0.9 0 0
Time
1558545723476
Theta
0
t_GA - R_GA * R_AB * t_BA
0 0 0
t_wo + t_wo_cam
0.9 0 0
Time
1558545723501
Theta
0
t_GA - R_GA * R_AB * t_BA
0 0 0
t_wo + t_wo_cam
0.9 0 0
Time
1558545723521
Theta
0
t_GA - R_GA * R_AB * t_BA
0 0 0
t_wo + t_wo_cam
0.9 0 0
Time
1558545723546
Theta
0
t_GA - R_GA * R_AB * t_BA
0 0 0
t_wo + t_wo_cam
0.9 0 0
Time
1558545723570
Theta
0
t_GA - R_GA * R_AB * t_BA
0.896168 0.0171518 1.02537
t_wo + t_wo_cam
0.896168 0.0171518 1.02537
Time
1558545723595
Theta
-1.29568
t_GA - R_GA * R_AB * t_BA
0.896168 0.0171518 1.02537
t_wo + t_wo_cam
0.896168 0.0171518 1.02537
Time
1558545723619
Theta
-1.29568
t_GA - R_GA * R_AB * t_BA
-0.443244 0.816211 -0.958938
t_wo + t_wo_cam
0.896168 0.0171518 1.02537
Time
1558545723644
Theta
-1.29568
t_GA - R_GA * R_AB * t_BA
-0.443244 0.816211 -0.958938
t_wo + t_wo_cam
-0.443244 0.816211 -0.958938
Time
1558545723664
Theta
-1.95899
t_GA - R_GA * R_AB * t_BA
-0.443244 0.816211 -0.958938
t_wo + t_wo_cam
-0.443244 0.816211 -0.958938
Time
1558545723689
Theta
-1.95899
t_GA - R_GA * R_AB * t_BA
-0.443244 0.816211 -0.958938
t_wo + t_wo_cam
-0.443244 0.816211 -0.958938
Time
1558545723714
Theta
-1.95899
t_GA - R_GA * R_AB * t_BA
-0.512489 0.914903 -0.807358
t_wo + t_wo_cam
-0.443244 0.816211 -0.958938
Time
1558545723738
Theta
-1.95899
t_GA - R_GA * R_AB * t_BA
-0.512489 0.914903 -0.807358
t_wo + t_wo_cam
-0.512489 0.914903 -0.807358
Time
1558545723763
Theta
-2.07166
t_GA - R_GA * R_AB * t_BA
-0.512489 0.914903 -0.807358
t_wo + t_wo_cam
-0.512489 0.914903 -0.807358
Time
1558545723787
Theta
-2.07166
t_GA - R_GA * R_AB * t_BA
-0.546792 1.02076 -0.613981
t_wo + t_wo_cam
-0.512489 0.914903 -0.807358
Time
1558545723808
Theta
-2.07166
t_GA - R_GA * R_AB * t_BA
-0.546792 1.02076 -0.613981
t_wo + t_wo_cam
-0.546792 1.02076 -0.613981
Time
1558545723832
Theta
-2.21576
t_GA - R_GA * R_AB * t_BA
-0.546792 1.02076 -0.613981
t_wo + t_wo_cam
-0.546792 1.02076 -0.613981
Time
1558545723857
Theta
-2.21576
t_GA - R_GA * R_AB * t_BA
-0.546792 1.02076 -0.613981
t_wo + t_wo_cam
-0.546792 1.02076 -0.613981
Time
1558545723882
Theta
-2.21576
t_GA - R_GA * R_AB * t_BA
-0.450879 1.16587 -0.315589
t_wo + t_wo_cam
-0.546792 1.02076 -0.613981
Time
1558545723906
Theta
-2.21576
t_GA - R_GA * R_AB * t_BA
-0.450879 1.16587 -0.315589
t_wo + t_wo_cam
-0.450879 1.16587 -0.315589
Time
1558545723931
Theta
-2.48431
t_GA - R_GA * R_AB * t_BA
-0.450879 1.16587 -0.315589
t_wo + t_wo_cam
-0.450879 1.16587 -0.315589
Time
1558545723951
Theta
-2.48431
t_GA - R_GA * R_AB * t_BA
-0.0423313 1.30822 -0.0323354
t_wo + t_wo_cam
-0.450879 1.16587 -0.315589
Time
1558545723976
Theta
-2.48431
t_GA - R_GA * R_AB * t_BA
-0.0423313 1.30822 -0.0323354
t_wo + t_wo_cam
-0.0423313 1.30822 -0.0323354
Time
1558545724000
Theta
-2.89883
t_GA - R_GA * R_AB * t_BA
-0.0423313 1.30822 -0.0323354
t_wo + t_wo_cam
-0.0423313 1.30822 -0.0323354
Time
1558545724025
Theta
-2.89883
t_GA - R_GA * R_AB * t_BA
-0.0423313 1.30822 -0.0323354
t_wo + t_wo_cam
-0.0423313 1.30822 -0.0323354
Time
1558545724049
Theta
-2.89883
t_GA - R_GA * R_AB * t_BA
-0.0213683 1.29114 -0.00616504
t_wo + t_wo_cam
-0.0423313 1.30822 -0.0323354
Time
1558545724074
Theta
-2.89883
t_GA - R_GA * R_AB * t_BA
-0.0213683 1.29114 -0.00616504
t_wo + t_wo_cam
-0.0213683 1.29114 -0.00616504
Time
1558545724095
Theta
-2.94056
t_GA - R_GA * R_AB * t_BA
-0.0213683 1.29114 -0.00616504
t_wo + t_wo_cam
-0.0213683 1.29114 -0.00616504
Time
1558545724119
Theta
-2.94056
t_GA - R_GA * R_AB * t_BA
0.0742207 1.28475 0.00359073
t_wo + t_wo_cam
-0.0213683 1.29114 -0.00616504
Time
1558545724144
Theta
-2.94056
t_GA - R_GA * R_AB * t_BA
0.0742207 1.28475 0.00359073
t_wo + t_wo_cam
0.0742207 1.28475 0.00359073
Time
1558545724168
Theta
-3.05368
t_GA - R_GA * R_AB * t_BA
0.0742207 1.28475 0.00359073
t_wo + t_wo_cam
0.0742207 1.28475 0.00359073
Time
1558545724193
Theta
-3.05368
t_GA - R_GA * R_AB * t_BA
0.146144 1.28142 0.051018
t_wo + t_wo_cam
0.0742207 1.28475 0.00359073
Time
1558545724217
Theta
-3.05368
t_GA - R_GA * R_AB * t_BA
0.146144 1.28142 0.051018
t_wo + t_wo_cam
0.146144 1.28142 0.051018
Time
1558545724242
Theta
-3.0979
t_GA - R_GA * R_AB * t_BA
0.146144 1.28142 0.051018
t_wo + t_wo_cam
0.146144 1.28142 0.051018
Time
1558545724262
Theta
-3.0979
t_GA - R_GA * R_AB * t_BA
0.146144 1.28142 0.051018
t_wo + t_wo_cam
0.146144 1.28142 0.051018
Time
1558545724287
Theta
-3.0979
t_GA - R_GA * R_AB * t_BA
0.146144 1.28142 0.051018
t_wo + t_wo_cam
0.146144 1.28142 0.051018
Time
1558545724312
Theta
-3.0979
t_GA - R_GA * R_AB * t_BA
0.15143 1.3022 -0.0123741
t_wo + t_wo_cam
0.146144 1.28142 0.051018
Time
1558545724336
Theta
-3.0979
t_GA - R_GA * R_AB * t_BA
0.15143 1.3022 -0.0123741
t_wo + t_wo_cam
0.15143 1.3022 -0.0123741
Time
1558545724361
Theta
-3.12933
t_GA - R_GA * R_AB * t_BA
0.15143 1.3022 -0.0123741
t_wo + t_wo_cam
0.15143 1.3022 -0.0123741
Time
1558545724385
Theta
-3.12933
t_GA - R_GA * R_AB * t_BA
-0.0503295 1.31703 -0.034486
t_wo + t_wo_cam
0.15143 1.3022 -0.0123741
Time
1558545724406
Theta
-3.12933
t_GA - R_GA * R_AB * t_BA
-0.0503295 1.31703 -0.034486
t_wo + t_wo_cam
-0.0503295 1.31703 -0.034486
Time
1558545724430
Theta
-2.98625
t_GA - R_GA * R_AB * t_BA
-0.0503295 1.31703 -0.034486
t_wo + t_wo_cam
-0.0503295 1.31703 -0.034486
Time
1558545724455
Theta
-2.98625
t_GA - R_GA * R_AB * t_BA
-0.0788276 1.31229 -0.0728169
t_wo + t_wo_cam
-0.0503295 1.31703 -0.034486
Time
1558545724480
Theta
-2.98625
t_GA - R_GA * R_AB * t_BA
-0.0788276 1.31229 -0.0728169
t_wo + t_wo_cam
-0.0788276 1.31229 -0.0728169
Time
1558545724504
Theta
-2.95556
t_GA - R_GA * R_AB * t_BA
-0.0788276 1.31229 -0.0728169
t_wo + t_wo_cam
-0.0788276 1.31229 -0.0728169
Time
1558545724529
Theta
-2.95556
t_GA - R_GA * R_AB * t_BA
-0.0788276 1.31229 -0.0728169
t_wo + t_wo_cam
-0.0788276 1.31229 -0.0728169
Time
1558545724549
Theta
-2.95556
t_GA - R_GA * R_AB * t_BA
-0.0676176 1.31861 -0.0142141
t_wo + t_wo_cam
-0.0788276 1.31229 -0.0728169
Time
1558545724574
Theta
-2.95556
t_GA - R_GA * R_AB * t_BA
-0.0676176 1.31861 -0.0142141
t_wo + t_wo_cam
-0.0676176 1.31861 -0.0142141
Time
1558545724598
Theta
-2.96453
t_GA - R_GA * R_AB * t_BA
-0.0676176 1.31861 -0.0142141
t_wo + t_wo_cam
-0.0676176 1.31861 -0.0142141
Time
1558545724623
Theta
-2.96453
t_GA - R_GA * R_AB * t_BA
0.0620087 1.30257 0.128754
t_wo + t_wo_cam
-0.0676176 1.31861 -0.0142141
Time
1558545724647
Theta
-2.96453
t_GA - R_GA * R_AB * t_BA
0.0620087 1.30257 0.128754
t_wo + t_wo_cam
0.0620087 1.30257 0.128754
Time
1558545724672
Theta
-3.02624
t_GA - R_GA * R_AB * t_BA
0.0620087 1.30257 0.128754
t_wo + t_wo_cam
0.0620087 1.30257 0.128754
Time
1558545724693
Theta
-3.02624
t_GA - R_GA * R_AB * t_BA
0.0620087 1.30257 0.128754
t_wo + t_wo_cam
0.0620087 1.30257 0.128754
Time
1558545724717
Theta
-3.02624
t_GA - R_GA * R_AB * t_BA
0.0290415 1.29748 0.148315
t_wo + t_wo_cam
0.0620087 1.30257 0.128754
Time
1558545724742
Theta
-3.02624
t_GA - R_GA * R_AB * t_BA
0.0290415 1.29748 0.148315
t_wo + t_wo_cam
0.0290415 1.29748 0.148315
Time
1558545724766
Theta
-2.99763
t_GA - R_GA * R_AB * t_BA
0.0290415 1.29748 0.148315
t_wo + t_wo_cam
0.0290415 1.29748 0.148315
Time
1558545724791
Theta
-2.99763
t_GA - R_GA * R_AB * t_BA
0.0429474 1.29761 0.128248
t_wo + t_wo_cam
0.0290415 1.29748 0.148315
Time
1558545724815
Theta
-2.99763
t_GA - R_GA * R_AB * t_BA
0.0429474 1.29761 0.128248
t_wo + t_wo_cam
0.0429474 1.29761 0.128248
Time
1558545724836
Theta
-3.0151
t_GA - R_GA * R_AB * t_BA
0.0429474 1.29761 0.128248
t_wo + t_wo_cam
0.0429474 1.29761 0.128248
Time
1558545724860
Theta
-3.0151
t_GA - R_GA * R_AB * t_BA
0.0429474 1.29761 0.128248
t_wo + t_wo_cam
0.0429474 1.29761 0.128248
Time
1558545724885
Theta
-3.0151
t_GA - R_GA * R_AB * t_BA
0.120328 1.28735 0.14183
t_wo + t_wo_cam
0.0429474 1.29761 0.128248
Time
1558545724910
Theta
-3.0151
t_GA - R_GA * R_AB * t_BA
0.120328 1.28735 0.14183
t_wo + t_wo_cam
0.120328 1.28735 0.14183
Time
1558545724934
Theta
-3.03815
t_GA - R_GA * R_AB * t_BA
0.120328 1.28735 0.14183
t_wo + t_wo_cam
0.120328 1.28735 0.14183
Time
1558545724959
Theta
-3.03815
t_GA - R_GA * R_AB * t_BA
0.144769 1.28271 0.152904
t_wo + t_wo_cam
0.120328 1.28735 0.14183
Time
1558545724979
Theta
-3.03815
t_GA - R_GA * R_AB * t_BA
0.144769 1.28271 0.152904
t_wo + t_wo_cam
0.144769 1.28271 0.152904
Time
1558545725004
Theta
-3.03078
t_GA - R_GA * R_AB * t_BA
0.144769 1.28271 0.152904
t_wo + t_wo_cam
0.144769 1.28271 0.152904
Time
1558545725028
Theta
-3.03078
t_GA - R_GA * R_AB * t_BA
0.144769 1.28271 0.152904
t_wo + t_wo_cam
0.144769 1.28271 0.152904
Time
1558545725053
Theta
-3.03078
t_GA - R_GA * R_AB * t_BA
0.144769 1.28271 0.152904
t_wo + t_wo_cam
0.144769 1.28271 0.152904
Time
1558545725078
Theta
-3.03078
t_GA - R_GA * R_AB * t_BA
0.19458 1.27162 0.181241
t_wo + t_wo_cam
0.144769 1.28271 0.152904
Time
1558545725102
Theta
-3.03078
t_GA - R_GA * R_AB * t_BA
0.19458 1.27162 0.181241
t_wo + t_wo_cam
0.19458 1.27162 0.181241
Time
1558545725123
Theta
3.00064
t_GA - R_GA * R_AB * t_BA
0.19458 1.27162 0.181241
t_wo + t_wo_cam
0.19458 1.27162 0.181241
Time
1558545725147
Theta
3.00064
t_GA - R_GA * R_AB * t_BA
0.19458 1.27162 0.181241
t_wo + t_wo_cam
0.19458 1.27162 0.181241
Time
1558545725172
Theta
3.00064
t_GA - R_GA * R_AB * t_BA
0.271022 1.24973 0.211296
t_wo + t_wo_cam
0.19458 1.27162 0.181241
Time
1558545725196
Theta
3.00064
t_GA - R_GA * R_AB * t_BA
0.271022 1.24973 0.211296
t_wo + t_wo_cam
0.271022 1.24973 0.211296
Time
1558545725221
Theta
2.95675
t_GA - R_GA * R_AB * t_BA
0.271022 1.24973 0.211296
t_wo + t_wo_cam
0.271022 1.24973 0.211296
Time
1558545725245
Theta
2.95675
t_GA - R_GA * R_AB * t_BA
0.271022 1.24973 0.211296
t_wo + t_wo_cam
0.271022 1.24973 0.211296
Time
1558545725270
Theta
2.95675
t_GA - R_GA * R_AB * t_BA
0.366829 1.22162 0.226218
t_wo + t_wo_cam
0.271022 1.24973 0.211296
Time
1558545725291
Theta
2.95675
t_GA - R_GA * R_AB * t_BA
0.366829 1.22162 0.226218
t_wo + t_wo_cam
0.366829 1.22162 0.226218
Time
1558545725315
Theta
2.89987
t_GA - R_GA * R_AB * t_BA
0.366829 1.22162 0.226218
t_wo + t_wo_cam
0.366829 1.22162 0.226218
Time
1558545725340
Theta
2.89987
t_GA - R_GA * R_AB * t_BA
0.366829 1.22162 0.226218
t_wo + t_wo_cam
0.366829 1.22162 0.226218
Time
1558545725364
Theta
2.89987
t_GA - R_GA * R_AB * t_BA
0.368441 1.22638 0.20835
t_wo + t_wo_cam
0.366829 1.22162 0.226218
Time
1558545725389
Theta
2.89987
t_GA - R_GA * R_AB * t_BA
0.368441 1.22638 0.20835
t_wo + t_wo_cam
0.368441 1.22638 0.20835
Time
1558545725413
Theta
2.91023
t_GA - R_GA * R_AB * t_BA
0.368441 1.22638 0.20835
t_wo + t_wo_cam
0.368441 1.22638 0.20835
Time
1558545725434
Theta
2.91023
t_GA - R_GA * R_AB * t_BA
0.170641 1.29512 0.126482
t_wo + t_wo_cam
0.368441 1.22638 0.20835
Time
1558545725458
Theta
2.91023
t_GA - R_GA * R_AB * t_BA
0.170641 1.29512 0.126482
t_wo + t_wo_cam
0.170641 1.29512 0.126482
Time
1558545725483
Theta
3.03894
t_GA - R_GA * R_AB * t_BA
0.170641 1.29512 0.126482
t_wo + t_wo_cam
0.170641 1.29512 0.126482
Time
1558545725508
Theta
3.03894
t_GA - R_GA * R_AB * t_BA
0.170641 1.29512 0.126482
t_wo + t_wo_cam
0.170641 1.29512 0.126482
Time
1558545725532
Theta
3.03894
t_GA - R_GA * R_AB * t_BA
-0.330162 1.28 0.0745692
t_wo + t_wo_cam
0.170641 1.29512 0.126482
Time
1558545725557
Theta
3.03894
t_GA - R_GA * R_AB * t_BA
-0.330162 1.28 0.0745692
t_wo + t_wo_cam
-0.330162 1.28 0.0745692
Time
1558545725577
Theta
-2.75415
t_GA - R_GA * R_AB * t_BA
-0.330162 1.28 0.0745692
t_wo + t_wo_cam
-0.330162 1.28 0.0745692
Time
1558545725602
Theta
-2.75415
t_GA - R_GA * R_AB * t_BA
-0.330162 1.28 0.0745692
t_wo + t_wo_cam
-0.330162 1.28 0.0745692
Time
1558545725626
Theta
-2.75415
t_GA - R_GA * R_AB * t_BA
-0.330162 1.28 0.0745692
t_wo + t_wo_cam
-0.330162 1.28 0.0745692
Time
1558545725651
Theta
-2.75415
t_GA - R_GA * R_AB * t_BA
-0.740232 1.09882 0.0310357
t_wo + t_wo_cam
-0.330162 1.28 0.0745692
Time
1558545725676
Theta
-2.75415
t_GA - R_GA * R_AB * t_BA
-0.740232 1.09882 0.0310357
t_wo + t_wo_cam
-0.740232 1.09882 0.0310357
Time
1558545725700
Theta
-2.41618
t_GA - R_GA * R_AB * t_BA
-0.740232 1.09882 0.0310357
t_wo + t_wo_cam
-0.740232 1.09882 0.0310357
Time
1558545725721
Theta
-2.41618
t_GA - R_GA * R_AB * t_BA
-0.740232 1.09882 0.0310357
t_wo + t_wo_cam
-0.740232 1.09882 0.0310357
Time
1558545725745
Theta
-2.41618
t_GA - R_GA * R_AB * t_BA
-0.786894 1.08821 0.0359345
t_wo + t_wo_cam
-0.740232 1.09882 0.0310357
Time
1558545725770
Theta
-2.41618
t_GA - R_GA * R_AB * t_BA
-0.786894 1.08821 0.0359345
t_wo + t_wo_cam
-0.786894 1.08821 0.0359345
Time
1558545725794
Theta
-2.37791
t_GA - R_GA * R_AB * t_BA
-0.786894 1.08821 0.0359345
t_wo + t_wo_cam
-0.786894 1.08821 0.0359345
Time
1558545725819
Theta
-2.37791
t_GA - R_GA * R_AB * t_BA
-0.956503 0.971061 -0.113388
t_wo + t_wo_cam
-0.786894 1.08821 0.0359345
Time
1558545725843
Theta
-2.37791
t_GA - R_GA * R_AB * t_BA
-0.956503 0.971061 -0.113388
t_wo + t_wo_cam
-0.956503 0.971061 -0.113388
Time
1558545725864
Theta
-2.22316
t_GA - R_GA * R_AB * t_BA
-0.956503 0.971061 -0.113388
t_wo + t_wo_cam
-0.956503 0.971061 -0.113388
Time
1558545725888
Theta
-2.22316
t_GA - R_GA * R_AB * t_BA
-0.956503 0.971061 -0.113388
t_wo + t_wo_cam
-0.956503 0.971061 -0.113388
Time
1558545725913
Theta
-2.22316
t_GA - R_GA * R_AB * t_BA
-0.956503 0.971061 -0.113388
t_wo + t_wo_cam
-0.956503 0.971061 -0.113388
Time
1558545725938
Theta
-2.22316
t_GA - R_GA * R_AB * t_BA
-0.956503 0.971061 -0.113388
t_wo + t_wo_cam
-0.956503 0.971061 -0.113388
Time
1558545725962
Theta
-2.22316
t_GA - R_GA * R_AB * t_BA
-0.956503 0.971061 -0.113388
t_wo + t_wo_cam
-0.956503 0.971061 -0.113388
Time
1558545725987
Theta
-2.22316
t_GA - R_GA * R_AB * t_BA
-0.878128 0.368222 -0.812594
t_wo + t_wo_cam
-0.956503 0.971061 -0.113388
Time
1558545726007
Theta
-2.22316
t_GA - R_GA * R_AB * t_BA
-0.878128 0.368222 -0.812594
t_wo + t_wo_cam
-0.878128 0.368222 -0.812594
Time
1558545726032
Theta
-1.70337
t_GA - R_GA * R_AB * t_BA
-0.878128 0.368222 -0.812594
t_wo + t_wo_cam
-0.878128 0.368222 -0.812594
Time
1558545726056
Theta
-1.70337
t_GA - R_GA * R_AB * t_BA
-0.878128 0.368222 -0.812594
t_wo + t_wo_cam
-0.878128 0.368222 -0.812594
Time
1558545726081
Theta
-1.70337
t_GA - R_GA * R_AB * t_BA
1.05197 0.195836 0.695302
t_wo + t_wo_cam
-0.878128 0.368222 -0.812594
Time
1558545726106
Theta
-1.70337
t_GA - R_GA * R_AB * t_BA
1.05197 0.195836 0.695302
t_wo + t_wo_cam
1.05197 0.195836 0.695302
Time
1558545726130
Theta
-1.50828
t_GA - R_GA * R_AB * t_BA
1.05197 0.195836 0.695302
t_wo + t_wo_cam
1.05197 0.195836 0.695302
Time
1558545726151
Theta
-1.50828
t_GA - R_GA * R_AB * t_BA
1.05197 0.195836 0.695302
t_wo + t_wo_cam
1.05197 0.195836 0.695302
Time
1558545726175
Theta
-1.50828
t_GA - R_GA * R_AB * t_BA
1.05197 0.195836 0.695302
t_wo + t_wo_cam
1.05197 0.195836 0.695302
Time
1558545726200
Theta
-1.50828
t_GA - R_GA * R_AB * t_BA
1.05197 0.195836 0.695302
t_wo + t_wo_cam
1.05197 0.195836 0.695302
Time
1558545726224
Theta
-1.50828
t_GA - R_GA * R_AB * t_BA
1.05197 0.195836 0.695302
t_wo + t_wo_cam
1.05197 0.195836 0.695302
Time
1558545726249
Theta
-1.50828
t_GA - R_GA * R_AB * t_BA
1.05197 0.195836 0.695302
t_wo + t_wo_cam
1.05197 0.195836 0.695302
Time
1558545726274
Theta
-1.50828
t_GA - R_GA * R_AB * t_BA
1.05197 0.195836 0.695302
t_wo + t_wo_cam
1.05197 0.195836 0.695302
Time
1558545726294
Theta
-1.50828
t_GA - R_GA * R_AB * t_BA
1.05197 0.195836 0.695302
t_wo + t_wo_cam
1.05197 0.195836 0.695302
Time
1558545726318
Theta
-1.50828
t_GA - R_GA * R_AB * t_BA
1.05197 0.195836 0.695302
t_wo + t_wo_cam
1.05197 0.195836 0.695302
Time
1558545726343
Theta
-1.50828
t_GA - R_GA * R_AB * t_BA
1.05197 0.195836 0.695302
t_wo + t_wo_cam
1.05197 0.195836 0.695302
Time
1558545726368
Theta
-1.50828
t_GA - R_GA * R_AB * t_BA
1.05197 0.195836 0.695302
t_wo + t_wo_cam
1.05197 0.195836 0.695302
Time
1558545726392
Theta
-1.50828
t_GA - R_GA * R_AB * t_BA
1.05197 0.195836 0.695302
t_wo + t_wo_cam
1.05197 0.195836 0.695302
Time
1558545726417
Theta
-1.50828
t_GA - R_GA * R_AB * t_BA
1.05197 0.195836 0.695302
t_wo + t_wo_cam
1.05197 0.195836 0.695302
Time
1558545726441
Theta
-1.50828
t_GA - R_GA * R_AB * t_BA
1.05197 0.195836 0.695302
t_wo + t_wo_cam
1.05197 0.195836 0.695302
Time
1558545726462
Theta
-1.50828
t_GA - R_GA * R_AB * t_BA
1.05197 0.195836 0.695302
t_wo + t_wo_cam
1.05197 0.195836 0.695302
Time
1558545726486
Theta
-1.50828
t_GA - R_GA * R_AB * t_BA
1.05197 0.195836 0.695302
t_wo + t_wo_cam
1.05197 0.195836 0.695302
Time
1558545726511
Theta
-1.50828
t_GA - R_GA * R_AB * t_BA
1.05197 0.195836 0.695302
t_wo + t_wo_cam
1.05197 0.195836 0.695302
Time
1558545726536
Theta
-1.50828
t_GA - R_GA * R_AB * t_BA
1.05197 0.195836 0.695302
t_wo + t_wo_cam
1.05197 0.195836 0.695302
Time
1558545726560
Theta
-1.50828
t_GA - R_GA * R_AB * t_BA
1.05197 0.195836 0.695302
t_wo + t_wo_cam
1.05197 0.195836 0.695302
Time
1558545726585
Theta
-1.50828
t_GA - R_GA * R_AB * t_BA
1.05197 0.195836 0.695302
t_wo + t_wo_cam
1.05197 0.195836 0.695302
Time
1558545726605
Theta
-1.50828
t_GA - R_GA * R_AB * t_BA
1.05197 0.195836 0.695302
t_wo + t_wo_cam
1.05197 0.195836 0.695302
Time
1558545726630
Theta
-1.50828
t_GA - R_GA * R_AB * t_BA
1.05197 0.195836 0.695302
t_wo + t_wo_cam
1.05197 0.195836 0.695302
Time
1558545726654
Theta
-1.50828
t_GA - R_GA * R_AB * t_BA
1.05197 0.195836 0.695302
t_wo + t_wo_cam
1.05197 0.195836 0.695302
Time
1558545726679
Theta
-1.50828
t_GA - R_GA * R_AB * t_BA
1.05197 0.195836 0.695302
t_wo + t_wo_cam
1.05197 0.195836 0.695302
Time
1558545726704
Theta
-1.50828
t_GA - R_GA * R_AB * t_BA
1.05197 0.195836 0.695302
t_wo + t_wo_cam
1.05197 0.195836 0.695302
Time
1558545726728
Theta
-1.50828
t_GA - R_GA * R_AB * t_BA
1.05197 0.195836 0.695302
t_wo + t_wo_cam
1.05197 0.195836 0.695302
Time
1558545726749
Theta
-1.50828
t_GA - R_GA * R_AB * t_BA
1.05197 0.195836 0.695302
t_wo + t_wo_cam
1.05197 0.195836 0.695302
Time
1558545726773
Theta
-1.50828
t_GA - R_GA * R_AB * t_BA
1.05197 0.195836 0.695302
t_wo + t_wo_cam
1.05197 0.195836 0.695302
Time
1558545726798
Theta
-1.50828
t_GA - R_GA * R_AB * t_BA
1.05197 0.195836 0.695302
t_wo + t_wo_cam
1.05197 0.195836 0.695302
Time
1558545726822
Theta
-1.50828
t_GA - R_GA * R_AB * t_BA
1.05197 0.195836 0.695302
t_wo + t_wo_cam
1.05197 0.195836 0.695302
Time
1558545726847
Theta
-1.50828
