t_GA - R_GA * R_AB * t_BA
0 0 0
t_wo + t_wo_cam
0.9 0 0
Time
1558546910946
Theta
0
t_GA - R_GA * R_AB * t_BA
0 0 0
t_wo + t_wo_cam
0.9 0 0
Time
1558546910947
Theta
0
t_GA - R_GA * R_AB * t_BA
0 0 0
t_wo + t_wo_cam
0.9 0 0
Time
1558546910947
Theta
0
t_GA - R_GA * R_AB * t_BA
0 0 0
t_wo + t_wo_cam
0.9 0 0
Time
1558546910947
Theta
0
t_GA - R_GA * R_AB * t_BA
0 0 0
t_wo + t_wo_cam
0.9 0 0
Time
1558546910947
Theta
0
t_GA - R_GA * R_AB * t_BA
0 0 0
t_wo + t_wo_cam
0.9 0 0
Time
1558546910947
Theta
0
t_GA - R_GA * R_AB * t_BA
0 0 0
t_wo + t_wo_cam
0.9 0 0
Time
1558546910947
Theta
0
t_GA - R_GA * R_AB * t_BA
0 0 0
t_wo + t_wo_cam
0.9 0 0
Time
1558546910947
Theta
0
t_GA - R_GA * R_AB * t_BA
0 0 0
t_wo + t_wo_cam
0.9 0 0
Time
1558546910948
Theta
0
t_GA - R_GA * R_AB * t_BA
0 0 0
t_wo + t_wo_cam
0.9 0 0
Time
1558546910948
Theta
0
t_GA - R_GA * R_AB * t_BA
0 0 0
t_wo + t_wo_cam
0.9 0 0
Time
1558546910948
Theta
0
t_GA - R_GA * R_AB * t_BA
0 0 0
t_wo + t_wo_cam
0.9 0 0
Time
1558546910948
Theta
0
t_GA - R_GA * R_AB * t_BA
0 0 0
t_wo + t_wo_cam
0.9 0 0
Time
1558546910948
Theta
0
t_GA - R_GA * R_AB * t_BA
0 0 0
t_wo + t_wo_cam
0.9 0 0
Time
1558546910948
Theta
0
t_GA - R_GA * R_AB * t_BA
0 0 0
t_wo + t_wo_cam
0.9 0 0
Time
1558546910963
Theta
0
t_GA - R_GA * R_AB * t_BA
0 0 0
t_wo + t_wo_cam
0.9 0 0
Time
1558546910988
Theta
0
t_GA - R_GA * R_AB * t_BA
0 0 0
t_wo + t_wo_cam
0.9 0 0
Time
1558546911012
Theta
0
t_GA - R_GA * R_AB * t_BA
0 0 0
t_wo + t_wo_cam
0.9 0 0
Time
1558546911033
Theta
0
t_GA - R_GA * R_AB * t_BA
0 0 0
t_wo + t_wo_cam
0.9 0 0
Time
1558546911057
Theta
0
t_GA - R_GA * R_AB * t_BA
0 0 0
t_wo + t_wo_cam
0.9 0 0
Time
1558546911082
Theta
0
t_GA - R_GA * R_AB * t_BA
0 0 0
t_wo + t_wo_cam
0.9 0 0
Time
1558546911106
Theta
0
t_GA - R_GA * R_AB * t_BA
0 0 0
t_wo + t_wo_cam
0.9 0 0
Time
1558546911131
Theta
0
t_GA - R_GA * R_AB * t_BA
0 0 0
t_wo + t_wo_cam
0.9 0 0
Time
1558546911155
Theta
0
t_GA - R_GA * R_AB * t_BA
0 0 0
t_wo + t_wo_cam
0.9 0 0
Time
1558546911180
Theta
0
t_GA - R_GA * R_AB * t_BA
0 0 0
t_wo + t_wo_cam
0.9 0 0
Time
1558546911200
Theta
0
t_GA - R_GA * R_AB * t_BA
0 0 0
t_wo + t_wo_cam
0.9 0 0
Time
1558546911225
Theta
0
t_GA - R_GA * R_AB * t_BA
0 0 0
t_wo + t_wo_cam
0.9 0 0
Time
1558546911249
Theta
0
t_GA - R_GA * R_AB * t_BA
0 0 0
t_wo + t_wo_cam
0.9 0 0
Time
1558546911274
Theta
0
t_GA - R_GA * R_AB * t_BA
0 0 0
t_wo + t_wo_cam
0.9 0 0
Time
1558546911299
Theta
0
t_GA - R_GA * R_AB * t_BA
0 0 0
t_wo + t_wo_cam
0.9 0 0
Time
1558546911323
Theta
0
t_GA - R_GA * R_AB * t_BA
0 0 0
t_wo + t_wo_cam
0.9 0 0
Time
1558546911344
Theta
0
t_GA - R_GA * R_AB * t_BA
0 0 0
t_wo + t_wo_cam
0.9 0 0
Time
1558546911368
Theta
0
t_GA - R_GA * R_AB * t_BA
0 0 0
t_wo + t_wo_cam
0.9 0 0
Time
1558546911393
Theta
0
t_GA - R_GA * R_AB * t_BA
0 0 0
t_wo + t_wo_cam
0.9 0 0
Time
1558546911417
Theta
0
t_GA - R_GA * R_AB * t_BA
0 0 0
t_wo + t_wo_cam
0.9 0 0
Time
1558546911442
Theta
0
t_GA - R_GA * R_AB * t_BA
0 0 0
t_wo + t_wo_cam
0.9 0 0
Time
1558546911467
Theta
0
t_GA - R_GA * R_AB * t_BA
0 0 0
t_wo + t_wo_cam
0.9 0 0
Time
1558546911487
Theta
0
t_GA - R_GA * R_AB * t_BA
0 0 0
t_wo + t_wo_cam
0.9 0 0
Time
1558546911512
Theta
0
t_GA - R_GA * R_AB * t_BA
0 0 0
t_wo + t_wo_cam
0.9 0 0
Time
1558546911536
Theta
0
t_GA - R_GA * R_AB * t_BA
0 0 0
t_wo + t_wo_cam
0.9 0 0
Time
1558546911561
Theta
0
t_GA - R_GA * R_AB * t_BA
0 0 0
t_wo + t_wo_cam
0.9 0 0
Time
1558546911585
Theta
0
t_GA - R_GA * R_AB * t_BA
0 0 0
t_wo + t_wo_cam
0.9 0 0
Time
1558546911610
Theta
0
t_GA - R_GA * R_AB * t_BA
0 0 0
t_wo + t_wo_cam
0.9 0 0
Time
1558546911630
Theta
0
t_GA - R_GA * R_AB * t_BA
0 0 0
t_wo + t_wo_cam
0.9 0 0
Time
1558546911655
Theta
0
t_GA - R_GA * R_AB * t_BA
0 0 0
t_wo + t_wo_cam
0.9 0 0
Time
1558546911679
Theta
0
t_GA - R_GA * R_AB * t_BA
0 0 0
t_wo + t_wo_cam
0.9 0 0
Time
1558546911704
Theta
0
t_GA - R_GA * R_AB * t_BA
0 0 0
t_wo + t_wo_cam
0.9 0 0
Time
1558546911729
Theta
0
t_GA - R_GA * R_AB * t_BA
0 0 0
t_wo + t_wo_cam
0.9 0 0
Time
1558546911753
Theta
0
t_GA - R_GA * R_AB * t_BA
0 0 0
t_wo + t_wo_cam
0.9 0 0
Time
1558546911774
Theta
0
t_GA - R_GA * R_AB * t_BA
0 0 0
t_wo + t_wo_cam
0.9 0 0
Time
1558546911798
Theta
0
t_GA - R_GA * R_AB * t_BA
-1.25765 -0.349157 -0.129746
t_wo + t_wo_cam
-1.25765 -0.349157 -0.129746
Time
1558546911823
Theta
-0.236623
t_GA - R_GA * R_AB * t_BA
-1.25765 -0.349157 -0.129746
t_wo + t_wo_cam
-1.25765 -0.349157 -0.129746
Time
1558546911847
Theta
-0.236623
t_GA - R_GA * R_AB * t_BA
-1.25765 -0.349157 -0.129746
t_wo + t_wo_cam
-1.25765 -0.349157 -0.129746
Time
1558546911872
Theta
-0.236623
t_GA - R_GA * R_AB * t_BA
-1.24121 -0.340464 -0.152452
t_wo + t_wo_cam
-1.25765 -0.349157 -0.129746
Time
1558546911896
Theta
-0.236623
t_GA - R_GA * R_AB * t_BA
-1.24121 -0.340464 -0.152452
t_wo + t_wo_cam
-1.24121 -0.340464 -0.152452
Time
1558546911917
Theta
-0.22147
t_GA - R_GA * R_AB * t_BA
-1.24121 -0.340464 -0.152452
t_wo + t_wo_cam
-1.24121 -0.340464 -0.152452
Time
1558546911941
Theta
-0.22147
t_GA - R_GA * R_AB * t_BA
-1.23474 -0.347996 -0.115542
t_wo + t_wo_cam
-1.24121 -0.340464 -0.152452
Time
1558546911966
Theta
-0.22147
t_GA - R_GA * R_AB * t_BA
-1.23474 -0.347996 -0.115542
t_wo + t_wo_cam
-1.23474 -0.347996 -0.115542
Time
1558546911990
Theta
-0.225403
t_GA - R_GA * R_AB * t_BA
-1.23474 -0.347996 -0.115542
t_wo + t_wo_cam
-1.23474 -0.347996 -0.115542
Time
1558546912015
Theta
-0.225403
t_GA - R_GA * R_AB * t_BA
-1.23474 -0.347996 -0.115542
t_wo + t_wo_cam
-1.23474 -0.347996 -0.115542
Time
1558546912040
Theta
-0.225403
t_GA - R_GA * R_AB * t_BA
-1.22921 -0.352329 -0.0831383
t_wo + t_wo_cam
-1.23474 -0.347996 -0.115542
Time
1558546912060
Theta
-0.225403
t_GA - R_GA * R_AB * t_BA
-1.22921 -0.352329 -0.0831383
t_wo + t_wo_cam
-1.22921 -0.352329 -0.0831383
Time
1558546912085
Theta
-0.227411
t_GA - R_GA * R_AB * t_BA
-1.22921 -0.352329 -0.0831383
t_wo + t_wo_cam
-1.22921 -0.352329 -0.0831383
Time
1558546912109
Theta
-0.227411
t_GA - R_GA * R_AB * t_BA
-1.22921 -0.352329 -0.0831383
t_wo + t_wo_cam
-1.22921 -0.352329 -0.0831383
Time
1558546912134
Theta
-0.227411
t_GA - R_GA * R_AB * t_BA
-1.22324 -0.358152 -0.0955013
t_wo + t_wo_cam
-1.22921 -0.352329 -0.0831383
Time
1558546912158
Theta
-0.227411
t_GA - R_GA * R_AB * t_BA
-1.22324 -0.358152 -0.0955013
t_wo + t_wo_cam
-1.22324 -0.358152 -0.0955013
Time
1558546912183
Theta
-0.232117
t_GA - R_GA * R_AB * t_BA
-1.22324 -0.358152 -0.0955013
t_wo + t_wo_cam
-1.22324 -0.358152 -0.0955013
Time
1558546912208
Theta
-0.232117
t_GA - R_GA * R_AB * t_BA
-1.22708 -0.342103 -0.0851442
t_wo + t_wo_cam
-1.22324 -0.358152 -0.0955013
Time
1558546912228
Theta
-0.232117
t_GA - R_GA * R_AB * t_BA
-1.22708 -0.342103 -0.0851442
t_wo + t_wo_cam
-1.22708 -0.342103 -0.0851442
Time
1558546912253
Theta
-0.221562
t_GA - R_GA * R_AB * t_BA
-1.22708 -0.342103 -0.0851442
t_wo + t_wo_cam
-1.22708 -0.342103 -0.0851442
Time
1558546912277
Theta
-0.221562
t_GA - R_GA * R_AB * t_BA
-1.22708 -0.342103 -0.0851442
t_wo + t_wo_cam
-1.22708 -0.342103 -0.0851442
Time
1558546912302
Theta
-0.221562
t_GA - R_GA * R_AB * t_BA
-1.2283 -0.336919 -0.0843234
t_wo + t_wo_cam
-1.22708 -0.342103 -0.0851442
Time
1558546912326
Theta
-0.221562
t_GA - R_GA * R_AB * t_BA
-1.2283 -0.336919 -0.0843234
t_wo + t_wo_cam
-1.2283 -0.336919 -0.0843234
Time
1558546912351
Theta
-0.219333
t_GA - R_GA * R_AB * t_BA
-1.2283 -0.336919 -0.0843234
t_wo + t_wo_cam
-1.2283 -0.336919 -0.0843234
Time
1558546912371
Theta
-0.219333
t_GA - R_GA * R_AB * t_BA
-1.22553 -0.34431 -0.0911633
t_wo + t_wo_cam
-1.2283 -0.336919 -0.0843234
Time
1558546912396
Theta
-0.219333
t_GA - R_GA * R_AB * t_BA
-1.22553 -0.34431 -0.0911633
t_wo + t_wo_cam
-1.22553 -0.34431 -0.0911633
Time
1558546912420
Theta
-0.227732
t_GA - R_GA * R_AB * t_BA
-1.22553 -0.34431 -0.0911633
t_wo + t_wo_cam
-1.22553 -0.34431 -0.0911633
Time
1558546912445
Theta
-0.227732
t_GA - R_GA * R_AB * t_BA
-1.22609 -0.350655 -0.10614
t_wo + t_wo_cam
-1.22553 -0.34431 -0.0911633
Time
1558546912470
Theta
-0.227732
t_GA - R_GA * R_AB * t_BA
-1.22609 -0.350655 -0.10614
t_wo + t_wo_cam
-1.22609 -0.350655 -0.10614
Time
1558546912494
Theta
-0.235264
t_GA - R_GA * R_AB * t_BA
-1.22609 -0.350655 -0.10614
t_wo + t_wo_cam
-1.22609 -0.350655 -0.10614
Time
1558546912515
Theta
-0.235264
t_GA - R_GA * R_AB * t_BA
-1.22609 -0.350655 -0.10614
t_wo + t_wo_cam
-1.22609 -0.350655 -0.10614
Time
1558546912539
Theta
-0.235264
t_GA - R_GA * R_AB * t_BA
-1.22592 -0.353833 -0.116258
t_wo + t_wo_cam
-1.22609 -0.350655 -0.10614
Time
1558546912564
Theta
-0.235264
t_GA - R_GA * R_AB * t_BA
-1.22592 -0.353833 -0.116258
t_wo + t_wo_cam
-1.22592 -0.353833 -0.116258
Time
1558546912588
Theta
-0.238623
t_GA - R_GA * R_AB * t_BA
-1.22592 -0.353833 -0.116258
t_wo + t_wo_cam
-1.22592 -0.353833 -0.116258
Time
1558546912613
Theta
-0.238623
t_GA - R_GA * R_AB * t_BA
-1.22592 -0.353833 -0.116258
t_wo + t_wo_cam
-1.22592 -0.353833 -0.116258
Time
1558546912637
Theta
-0.238623
t_GA - R_GA * R_AB * t_BA
-1.22461 -0.357295 -0.111403
t_wo + t_wo_cam
-1.22592 -0.353833 -0.116258
Time
1558546912658
Theta
-0.238623
t_GA - R_GA * R_AB * t_BA
-1.22461 -0.357295 -0.111403
t_wo + t_wo_cam
-1.22461 -0.357295 -0.111403
Time
1558546912682
Theta
-0.241904
t_GA - R_GA * R_AB * t_BA
-1.22461 -0.357295 -0.111403
t_wo + t_wo_cam
-1.22461 -0.357295 -0.111403
Time
1558546912707
Theta
-0.241904
t_GA - R_GA * R_AB * t_BA
-1.22802 -0.348009 -0.106416
t_wo + t_wo_cam
-1.22461 -0.357295 -0.111403
Time
1558546912731
Theta
-0.241904
t_GA - R_GA * R_AB * t_BA
-1.22802 -0.348009 -0.106416
t_wo + t_wo_cam
-1.22802 -0.348009 -0.106416
Time
1558546912756
Theta
-0.234214
t_GA - R_GA * R_AB * t_BA
-1.22802 -0.348009 -0.106416
t_wo + t_wo_cam
-1.22802 -0.348009 -0.106416
Time
1558546912781
Theta
-0.234214
t_GA - R_GA * R_AB * t_BA
-1.22802 -0.348009 -0.106416
t_wo + t_wo_cam
-1.22802 -0.348009 -0.106416
Time
1558546912801
Theta
-0.234214
t_GA - R_GA * R_AB * t_BA
-1.22802 -0.348009 -0.106416
t_wo + t_wo_cam
-1.22802 -0.348009 -0.106416
Time
1558546912826
Theta
-0.234214
t_GA - R_GA * R_AB * t_BA
-1.23168 -0.330257 -0.118768
t_wo + t_wo_cam
-1.22802 -0.348009 -0.106416
Time
1558546912850
Theta
-0.234214
t_GA - R_GA * R_AB * t_BA
-1.23168 -0.330257 -0.118768
t_wo + t_wo_cam
-1.23168 -0.330257 -0.118768
Time
1558546912875
Theta
-0.219935
t_GA - R_GA * R_AB * t_BA
-1.23168 -0.330257 -0.118768
t_wo + t_wo_cam
-1.23168 -0.330257 -0.118768
Time
1558546912899
Theta
-0.219935
t_GA - R_GA * R_AB * t_BA
-1.23844 -0.306766 -0.113933
t_wo + t_wo_cam
-1.23168 -0.330257 -0.118768
Time
1558546912924
Theta
-0.219935
t_GA - R_GA * R_AB * t_BA
-1.23844 -0.306766 -0.113933
t_wo + t_wo_cam
-1.23844 -0.306766 -0.113933
Time
1558546912944
Theta
-0.200265
t_GA - R_GA * R_AB * t_BA
-1.23844 -0.306766 -0.113933
t_wo + t_wo_cam
-1.23844 -0.306766 -0.113933
Time
1558546912969
Theta
-0.200265
t_GA - R_GA * R_AB * t_BA
-1.23844 -0.306766 -0.113933
t_wo + t_wo_cam
-1.23844 -0.306766 -0.113933
Time
1558546912993
Theta
-0.200265
t_GA - R_GA * R_AB * t_BA
-1.26963 -0.194578 -0.0459081
t_wo + t_wo_cam
-1.23844 -0.306766 -0.113933
Time
1558546913018
Theta
-0.200265
t_GA - R_GA * R_AB * t_BA
-1.26963 -0.194578 -0.0459081
t_wo + t_wo_cam
-1.26963 -0.194578 -0.0459081
Time
1558546913043
Theta
-0.109259
t_GA - R_GA * R_AB * t_BA
-1.26963 -0.194578 -0.0459081
t_wo + t_wo_cam
-1.26963 -0.194578 -0.0459081
Time
1558546913067
Theta
-0.109259
t_GA - R_GA * R_AB * t_BA
-1.26963 -0.194578 -0.0459081
t_wo + t_wo_cam
-1.26963 -0.194578 -0.0459081
Time
1558546913088
Theta
-0.109259
t_GA - R_GA * R_AB * t_BA
-1.27596 -0.152307 -0.0694719
t_wo + t_wo_cam
-1.26963 -0.194578 -0.0459081
Time
1558546913112
Theta
-0.109259
t_GA - R_GA * R_AB * t_BA
-1.27596 -0.152307 -0.0694719
t_wo + t_wo_cam
-1.27596 -0.152307 -0.0694719
Time
1558546913137
Theta
-0.0766395
t_GA - R_GA * R_AB * t_BA
-1.27596 -0.152307 -0.0694719
t_wo + t_wo_cam
-1.27596 -0.152307 -0.0694719
Time
1558546913161
Theta
-0.0766395
t_GA - R_GA * R_AB * t_BA
-1.27596 -0.152307 -0.0694719
t_wo + t_wo_cam
-1.27596 -0.152307 -0.0694719
Time
1558546913186
Theta
-0.0766395
t_GA - R_GA * R_AB * t_BA
-1.28014 -0.126811 -0.057311
t_wo + t_wo_cam
-1.27596 -0.152307 -0.0694719
Time
1558546913211
Theta
-0.0766395
t_GA - R_GA * R_AB * t_BA
-1.28014 -0.126811 -0.057311
t_wo + t_wo_cam
-1.28014 -0.126811 -0.057311
Time
1558546913231
Theta
-0.0585747
t_GA - R_GA * R_AB * t_BA
-1.28014 -0.126811 -0.057311
t_wo + t_wo_cam
-1.28014 -0.126811 -0.057311
Time
1558546913256
Theta
-0.0585747
t_GA - R_GA * R_AB * t_BA
-1.28014 -0.126811 -0.057311
t_wo + t_wo_cam
-1.28014 -0.126811 -0.057311
Time
1558546913280
Theta
-0.0585747
t_GA - R_GA * R_AB * t_BA
-1.28834 -0.0412618 -0.0302592
t_wo + t_wo_cam
-1.28014 -0.126811 -0.057311
Time
1558546913305
Theta
-0.0585747
t_GA - R_GA * R_AB * t_BA
-1.28834 -0.0412618 -0.0302592
t_wo + t_wo_cam
-1.28834 -0.0412618 -0.0302592
Time
1558546913329
Theta
0.0163607
t_GA - R_GA * R_AB * t_BA
-1.28834 -0.0412618 -0.0302592
t_wo + t_wo_cam
-1.28834 -0.0412618 -0.0302592
Time
1558546913354
Theta
0.0163607
t_GA - R_GA * R_AB * t_BA
-1.28834 -0.0412618 -0.0302592
t_wo + t_wo_cam
-1.28834 -0.0412618 -0.0302592
Time
1558546913378
Theta
0.0163607
t_GA - R_GA * R_AB * t_BA
-1.28922 0.042679 -0.00425954
t_wo + t_wo_cam
-1.28834 -0.0412618 -0.0302592
Time
1558546913399
Theta
0.0163607
t_GA - R_GA * R_AB * t_BA
-1.28922 0.042679 -0.00425954
t_wo + t_wo_cam
-1.28922 0.042679 -0.00425954
Time
1558546913423
Theta
0.07857
t_GA - R_GA * R_AB * t_BA
-1.28922 0.042679 -0.00425954
t_wo + t_wo_cam
-1.28922 0.042679 -0.00425954
Time
1558546913448
Theta
0.07857
t_GA - R_GA * R_AB * t_BA
-1.28788 0.0791104 0.0162449
t_wo + t_wo_cam
-1.28922 0.042679 -0.00425954
Time
1558546913472
Theta
0.07857
t_GA - R_GA * R_AB * t_BA
-1.28788 0.0791104 0.0162449
t_wo + t_wo_cam
-1.28788 0.0791104 0.0162449
Time
1558546913497
Theta
0.105012
t_GA - R_GA * R_AB * t_BA
-1.28788 0.0791104 0.0162449
t_wo + t_wo_cam
-1.28788 0.0791104 0.0162449
Time
1558546913522
Theta
0.105012
t_GA - R_GA * R_AB * t_BA
-1.28788 0.0791104 0.0162449
t_wo + t_wo_cam
-1.28788 0.0791104 0.0162449
Time
1558546913542
Theta
0.105012
t_GA - R_GA * R_AB * t_BA
-1.28683 0.101732 0.0157173
t_wo + t_wo_cam
-1.28788 0.0791104 0.0162449
Time
1558546913567
Theta
0.105012
t_GA - R_GA * R_AB * t_BA
-1.28683 0.101732 0.0157173
t_wo + t_wo_cam
-1.28683 0.101732 0.0157173
Time
1558546913591
Theta
0.120304
t_GA - R_GA * R_AB * t_BA
-1.28683 0.101732 0.0157173
t_wo + t_wo_cam
-1.28683 0.101732 0.0157173
Time
1558546913616
Theta
0.120304
t_GA - R_GA * R_AB * t_BA
-1.28387 0.122904 0.029816
t_wo + t_wo_cam
-1.28683 0.101732 0.0157173
Time
1558546913640
Theta
0.120304
t_GA - R_GA * R_AB * t_BA
-1.28387 0.122904 0.029816
t_wo + t_wo_cam
-1.28387 0.122904 0.029816
Time
1558546913665
Theta
0.135275
t_GA - R_GA * R_AB * t_BA
-1.28387 0.122904 0.029816
t_wo + t_wo_cam
-1.28387 0.122904 0.029816
Time
1558546913685
Theta
0.135275
t_GA - R_GA * R_AB * t_BA
-1.28387 0.122904 0.029816
t_wo + t_wo_cam
-1.28387 0.122904 0.029816
Time
1558546913710
Theta
0.135275
t_GA - R_GA * R_AB * t_BA
-1.2808 0.158488 0.0272042
t_wo + t_wo_cam
-1.2808 0.158488 0.0272042
Time
1558546913735
Theta
0.16209
t_GA - R_GA * R_AB * t_BA
-1.2808 0.158488 0.0272042
t_wo + t_wo_cam
-1.2808 0.158488 0.0272042
Time
1558546913759
Theta
0.16209
t_GA - R_GA * R_AB * t_BA
-1.2808 0.158488 0.0272042
t_wo + t_wo_cam
-1.2808 0.158488 0.0272042
Time
1558546913784
Theta
0.16209
t_GA - R_GA * R_AB * t_BA
-1.2808 0.158488 0.0272042
t_wo + t_wo_cam
-1.2808 0.158488 0.0272042
Time
1558546913808
Theta
0.16209
t_GA - R_GA * R_AB * t_BA
-1.27513 0.19877 0.0352901
t_wo + t_wo_cam
-1.2808 0.158488 0.0272042
Time
1558546913829
Theta
0.16209
t_GA - R_GA * R_AB * t_BA
-1.27513 0.19877 0.0352901
t_wo + t_wo_cam
-1.27513 0.19877 0.0352901
Time
1558546913853
Theta
0.193638
t_GA - R_GA * R_AB * t_BA
-1.27513 0.19877 0.0352901
t_wo + t_wo_cam
-1.27513 0.19877 0.0352901
Time
1558546913878
Theta
0.193638
t_GA - R_GA * R_AB * t_BA
-1.2735 0.217526 0.0301674
t_wo + t_wo_cam
-1.27513 0.19877 0.0352901
Time
1558546913902
Theta
0.193638
t_GA - R_GA * R_AB * t_BA
-1.2735 0.217526 0.0301674
t_wo + t_wo_cam
-1.2735 0.217526 0.0301674
Time
1558546913927
Theta
0.20831
t_GA - R_GA * R_AB * t_BA
-1.2735 0.217526 0.0301674
t_wo + t_wo_cam
-1.2735 0.217526 0.0301674
Time
1558546913951
Theta
0.20831
t_GA - R_GA * R_AB * t_BA
-1.2735 0.217526 0.0301674
t_wo + t_wo_cam
-1.2735 0.217526 0.0301674
Time
1558546913972
Theta
0.20831
t_GA - R_GA * R_AB * t_BA
-1.2735 0.217526 0.0301674
t_wo + t_wo_cam
-1.2735 0.217526 0.0301674
Time
1558546913996
Theta
0.20831
t_GA - R_GA * R_AB * t_BA
-1.26676 0.265663 0.0250853
t_wo + t_wo_cam
-1.2735 0.217526 0.0301674
Time
1558546914021
Theta
0.20831
t_GA - R_GA * R_AB * t_BA
-1.26676 0.265663 0.0250853
t_wo + t_wo_cam
-1.26676 0.265663 0.0250853
Time
1558546914046
Theta
0.2457
t_GA - R_GA * R_AB * t_BA
-1.26676 0.265663 0.0250853
t_wo + t_wo_cam
-1.26676 0.265663 0.0250853
Time
1558546914070
Theta
0.2457
t_GA - R_GA * R_AB * t_BA
-1.25708 0.310703 0.0355942
t_wo + t_wo_cam
-1.26676 0.265663 0.0250853
Time
1558546914095
Theta
0.2457
t_GA - R_GA * R_AB * t_BA
-1.25708 0.310703 0.0355942
t_wo + t_wo_cam
-1.25708 0.310703 0.0355942
Time
1558546914115
Theta
0.281218
t_GA - R_GA * R_AB * t_BA
-1.25708 0.310703 0.0355942
t_wo + t_wo_cam
-1.25708 0.310703 0.0355942
Time
1558546914140
Theta
0.281218
t_GA - R_GA * R_AB * t_BA
-1.25708 0.310703 0.0355942
t_wo + t_wo_cam
-1.25708 0.310703 0.0355942
Time
1558546914164
Theta
0.281218
t_GA - R_GA * R_AB * t_BA
-1.2422 0.379461 0.0350157
t_wo + t_wo_cam
-1.25708 0.310703 0.0355942
Time
1558546914189
Theta
0.281218
t_GA - R_GA * R_AB * t_BA
-1.2422 0.379461 0.0350157
t_wo + t_wo_cam
-1.2422 0.379461 0.0350157
Time
1558546914213
Theta
0.334409
t_GA - R_GA * R_AB * t_BA
-1.2422 0.379461 0.0350157
t_wo + t_wo_cam
-1.2422 0.379461 0.0350157
Time
1558546914238
Theta
0.334409
t_GA - R_GA * R_AB * t_BA
-1.2422 0.379461 0.0350157
t_wo + t_wo_cam
-1.2422 0.379461 0.0350157
Time
1558546914258
Theta
0.334409
t_GA - R_GA * R_AB * t_BA
-1.23421 0.41221 0.039271
t_wo + t_wo_cam
-1.2422 0.379461 0.0350157
Time
1558546914283
Theta
0.334409
t_GA - R_GA * R_AB * t_BA
-1.23421 0.41221 0.039271
t_wo + t_wo_cam
-1.23421 0.41221 0.039271
Time
1558546914308
Theta
0.359506
t_GA - R_GA * R_AB * t_BA
-1.23421 0.41221 0.039271
t_wo + t_wo_cam
-1.23421 0.41221 0.039271
Time
1558546914332
Theta
0.359506
t_GA - R_GA * R_AB * t_BA
-1.22573 0.441196 0.0404196
t_wo + t_wo_cam
-1.23421 0.41221 0.039271
Time
1558546914357
Theta
0.359506
t_GA - R_GA * R_AB * t_BA
-1.22573 0.441196 0.0404196
t_wo + t_wo_cam
-1.22573 0.441196 0.0404196
Time
1558546914381
Theta
0.38238
t_GA - R_GA * R_AB * t_BA
-1.22573 0.441196 0.0404196
t_wo + t_wo_cam
-1.22573 0.441196 0.0404196
Time
1558546914406
Theta
0.38238
t_GA - R_GA * R_AB * t_BA
-1.22573 0.441196 0.0404196
t_wo + t_wo_cam
-1.22573 0.441196 0.0404196
Time
1558546914426
Theta
0.38238
t_GA - R_GA * R_AB * t_BA
-1.19768 0.519192 0.0360546
t_wo + t_wo_cam
-1.22573 0.441196 0.0404196
Time
1558546914451
Theta
0.38238
t_GA - R_GA * R_AB * t_BA
-1.19768 0.519192 0.0360546
t_wo + t_wo_cam
-1.19768 0.519192 0.0360546
Time
1558546914475
Theta
0.445079
t_GA - R_GA * R_AB * t_BA
-1.19768 0.519192 0.0360546
t_wo + t_wo_cam
-1.19768 0.519192 0.0360546
Time
1558546914500
Theta
0.445079
t_GA - R_GA * R_AB * t_BA
-1.19768 0.519192 0.0360546
t_wo + t_wo_cam
-1.19768 0.519192 0.0360546
Time
1558546914525
Theta
0.445079
t_GA - R_GA * R_AB * t_BA
-1.19768 0.519192 0.0360546
t_wo + t_wo_cam
-1.19768 0.519192 0.0360546
Time
1558546914549
Theta
0.445079
t_GA - R_GA * R_AB * t_BA
-1.18038 0.560304 0.0424603
t_wo + t_wo_cam
-1.19768 0.519192 0.0360546
Time
1558546914570
Theta
0.445079
t_GA - R_GA * R_AB * t_BA
-1.18038 0.560304 0.0424603
t_wo + t_wo_cam
-1.18038 0.560304 0.0424603
Time
1558546914594
Theta
0.47821
t_GA - R_GA * R_AB * t_BA
-1.18038 0.560304 0.0424603
t_wo + t_wo_cam
-1.18038 0.560304 0.0424603
Time
1558546914619
Theta
0.47821
t_GA - R_GA * R_AB * t_BA
-1.15714 0.606478 0.0627906
t_wo + t_wo_cam
-1.18038 0.560304 0.0424603
Time
1558546914643
Theta
0.47821
t_GA - R_GA * R_AB * t_BA
-1.15714 0.606478 0.0627906
t_wo + t_wo_cam
-1.15714 0.606478 0.0627906
Time
1558546914668
Theta
0.516164
t_GA - R_GA * R_AB * t_BA
-1.15714 0.606478 0.0627906
t_wo + t_wo_cam
-1.15714 0.606478 0.0627906
Time
1558546914692
Theta
0.516164
t_GA - R_GA * R_AB * t_BA
-1.15714 0.606478 0.0627906
t_wo + t_wo_cam
-1.15714 0.606478 0.0627906
Time
1558546914713
Theta
0.516164
t_GA - R_GA * R_AB * t_BA
-1.15097 0.619695 0.065631
t_wo + t_wo_cam
-1.15714 0.606478 0.0627906
Time
1558546914737
Theta
0.516164
t_GA - R_GA * R_AB * t_BA
-1.15097 0.619695 0.065631
t_wo + t_wo_cam
-1.15097 0.619695 0.065631
Time
1558546914762
Theta
0.527173
t_GA - R_GA * R_AB * t_BA
-1.15097 0.619695 0.065631
t_wo + t_wo_cam
-1.15097 0.619695 0.065631
Time
1558546914787
Theta
0.527173
t_GA - R_GA * R_AB * t_BA
-1.134 0.652499 0.0700707
t_wo + t_wo_cam
-1.15097 0.619695 0.065631
Time
1558546914811
Theta
0.527173
t_GA - R_GA * R_AB * t_BA
-1.134 0.652499 0.0700707
t_wo + t_wo_cam
-1.134 0.652499 0.0700707
Time
1558546914836
Theta
0.554829
t_GA - R_GA * R_AB * t_BA
-1.134 0.652499 0.0700707
t_wo + t_wo_cam
-1.134 0.652499 0.0700707
Time
1558546914856
Theta
0.554829
t_GA - R_GA * R_AB * t_BA
-1.134 0.652499 0.0700707
t_wo + t_wo_cam
-1.134 0.652499 0.0700707
Time
1558546914881
Theta
0.554829
t_GA - R_GA * R_AB * t_BA
-1.12167 0.678291 0.0621025
t_wo + t_wo_cam
-1.134 0.652499 0.0700707
Time
1558546914905
Theta
0.554829
t_GA - R_GA * R_AB * t_BA
-1.12167 0.678291 0.0621025
t_wo + t_wo_cam
-1.12167 0.678291 0.0621025
Time
1558546914930
Theta
0.576525
t_GA - R_GA * R_AB * t_BA
-1.12167 0.678291 0.0621025
t_wo + t_wo_cam
-1.12167 0.678291 0.0621025
Time
1558546914954
Theta
0.576525
t_GA - R_GA * R_AB * t_BA
-1.12167 0.678291 0.0621025
t_wo + t_wo_cam
-1.12167 0.678291 0.0621025
Time
1558546914979
Theta
0.576525
t_GA - R_GA * R_AB * t_BA
-1.0849 0.747488 0.0454937
t_wo + t_wo_cam
-1.12167 0.678291 0.0621025
Time
1558546914999
Theta
0.576525
t_GA - R_GA * R_AB * t_BA
-1.0849 0.747488 0.0454937
t_wo + t_wo_cam
-1.0849 0.747488 0.0454937
Time
1558546915024
Theta
0.635989
t_GA - R_GA * R_AB * t_BA
-1.0849 0.747488 0.0454937
t_wo + t_wo_cam
-1.0849 0.747488 0.0454937
Time
1558546915049
Theta
0.635989
t_GA - R_GA * R_AB * t_BA
-1.0849 0.747488 0.0454937
t_wo + t_wo_cam
-1.0849 0.747488 0.0454937
Time
1558546915073
Theta
0.635989
t_GA - R_GA * R_AB * t_BA
-1.06921 0.773474 0.0370869
t_wo + t_wo_cam
-1.0849 0.747488 0.0454937
Time
1558546915098
Theta
0.635989
t_GA - R_GA * R_AB * t_BA
-1.06921 0.773474 0.0370869
t_wo + t_wo_cam
-1.06921 0.773474 0.0370869
Time
1558546915122
Theta
0.658946
t_GA - R_GA * R_AB * t_BA
-1.06921 0.773474 0.0370869
t_wo + t_wo_cam
-1.06921 0.773474 0.0370869
Time
1558546915143
Theta
0.658946
t_GA - R_GA * R_AB * t_BA
-1.06921 0.773474 0.0370869
t_wo + t_wo_cam
-1.06921 0.773474 0.0370869
Time
1558546915167
Theta
0.658946
t_GA - R_GA * R_AB * t_BA
-1.02314 0.839724 0.036552
t_wo + t_wo_cam
-1.06921 0.773474 0.0370869
Time
1558546915192
Theta
0.658946
t_GA - R_GA * R_AB * t_BA
-1.02314 0.839724 0.036552
t_wo + t_wo_cam
-1.02314 0.839724 0.036552
Time
1558546915216
Theta
0.718812
t_GA - R_GA * R_AB * t_BA
-1.02314 0.839724 0.036552
t_wo + t_wo_cam
-1.02314 0.839724 0.036552
Time
1558546915241
Theta
0.718812
t_GA - R_GA * R_AB * t_BA
-1.00288 0.86595 0.0358225
t_wo + t_wo_cam
-1.02314 0.839724 0.036552
Time
1558546915266
Theta
0.718812
t_GA - R_GA * R_AB * t_BA
-1.00288 0.86595 0.0358225
t_wo + t_wo_cam
-1.00288 0.86595 0.0358225
Time
1558546915286
Theta
0.743379
t_GA - R_GA * R_AB * t_BA
-1.00288 0.86595 0.0358225
t_wo + t_wo_cam
-1.00288 0.86595 0.0358225
Time
1558546915311
Theta
0.743379
t_GA - R_GA * R_AB * t_BA
-0.970466 0.905589 0.0358395
t_wo + t_wo_cam
-1.00288 0.86595 0.0358225
Time
1558546915335
Theta
0.743379
t_GA - R_GA * R_AB * t_BA
-0.970466 0.905589 0.0358395
t_wo + t_wo_cam
-0.970466 0.905589 0.0358395
Time
1558546915360
Theta
0.781398
t_GA - R_GA * R_AB * t_BA
-0.970466 0.905589 0.0358395
t_wo + t_wo_cam
-0.970466 0.905589 0.0358395
Time
1558546915384
Theta
0.781398
t_GA - R_GA * R_AB * t_BA
-0.970466 0.905589 0.0358395
t_wo + t_wo_cam
-0.970466 0.905589 0.0358395
Time
1558546915409
Theta
0.781398
t_GA - R_GA * R_AB * t_BA
-0.970466 0.905589 0.0358395
t_wo + t_wo_cam
-0.970466 0.905589 0.0358395
Time
1558546915433
Theta
0.781398
t_GA - R_GA * R_AB * t_BA
-0.970466 0.905589 0.0358395
t_wo + t_wo_cam
-0.970466 0.905589 0.0358395
Time
1558546915454
Theta
0.781398
t_GA - R_GA * R_AB * t_BA
-0.970466 0.905589 0.0358395
t_wo + t_wo_cam
-0.970466 0.905589 0.0358395
Time
1558546915478
Theta
0.781398
t_GA - R_GA * R_AB * t_BA
-0.970466 0.905589 0.0358395
t_wo + t_wo_cam
-0.970466 0.905589 0.0358395
Time
1558546915503
Theta
0.781398
t_GA - R_GA * R_AB * t_BA
-0.889947 0.989271 0.0309476
t_wo + t_wo_cam
-0.970466 0.905589 0.0358395
Time
1558546915528
Theta
0.781398
t_GA - R_GA * R_AB * t_BA
-0.889947 0.989271 0.0309476
t_wo + t_wo_cam
-0.889947 0.989271 0.0309476
Time
1558546915552
Theta
0.867587
t_GA - R_GA * R_AB * t_BA
-0.889947 0.989271 0.0309476
t_wo + t_wo_cam
-0.889947 0.989271 0.0309476
Time
1558546915577
Theta
0.867587
t_GA - R_GA * R_AB * t_BA
-0.889947 0.989271 0.0309476
t_wo + t_wo_cam
-0.889947 0.989271 0.0309476
Time
1558546915597
Theta
0.867587
t_GA - R_GA * R_AB * t_BA
-0.889947 0.989271 0.0309476
t_wo + t_wo_cam
-0.889947 0.989271 0.0309476
Time
1558546915622
Theta
0.867587
t_GA - R_GA * R_AB * t_BA
-0.889947 0.989271 0.0309476
t_wo + t_wo_cam
-0.889947 0.989271 0.0309476
Time
1558546915646
Theta
0.867587
t_GA - R_GA * R_AB * t_BA
-0.889947 0.989271 0.0309476
t_wo + t_wo_cam
-0.889947 0.989271 0.0309476
Time
1558546915671
Theta
0.867587
t_GA - R_GA * R_AB * t_BA
-0.889947 0.989271 0.0309476
t_wo + t_wo_cam
-0.889947 0.989271 0.0309476
Time
1558546915695
Theta
0.867587
t_GA - R_GA * R_AB * t_BA
-0.889947 0.989271 0.0309476
t_wo + t_wo_cam
-0.889947 0.989271 0.0309476
Time
1558546915720
Theta
0.867587
t_GA - R_GA * R_AB * t_BA
-0.889947 0.989271 0.0309476
t_wo + t_wo_cam
-0.889947 0.989271 0.0309476
Time
1558546915740
Theta
0.867587
t_GA - R_GA * R_AB * t_BA
-0.889947 0.989271 0.0309476
t_wo + t_wo_cam
-0.889947 0.989271 0.0309476
Time
1558546915765
Theta
0.867587
t_GA - R_GA * R_AB * t_BA
-0.889947 0.989271 0.0309476
t_wo + t_wo_cam
-0.889947 0.989271 0.0309476
Time
1558546915790
Theta
0.867587
t_GA - R_GA * R_AB * t_BA
-0.889947 0.989271 0.0309476
t_wo + t_wo_cam
-0.889947 0.989271 0.0309476
Time
1558546915814
Theta
0.867587
t_GA - R_GA * R_AB * t_BA
-0.889947 0.989271 0.0309476
t_wo + t_wo_cam
-0.889947 0.989271 0.0309476
Time
1558546915839
Theta
0.867587
t_GA - R_GA * R_AB * t_BA
-0.889947 0.989271 0.0309476
t_wo + t_wo_cam
-0.889947 0.989271 0.0309476
Time
1558546915863
Theta
0.867587
t_GA - R_GA * R_AB * t_BA
-0.889947 0.989271 0.0309476
t_wo + t_wo_cam
-0.889947 0.989271 0.0309476
Time
1558546915884
Theta
0.867587
t_GA - R_GA * R_AB * t_BA
-0.889947 0.989271 0.0309476
t_wo + t_wo_cam
-0.889947 0.989271 0.0309476
Time
1558546915908
Theta
0.867587
t_GA - R_GA * R_AB * t_BA
-0.889947 0.989271 0.0309476
t_wo + t_wo_cam
-0.889947 0.989271 0.0309476
Time
1558546915933
Theta
0.867587
t_GA - R_GA * R_AB * t_BA
-0.889947 0.989271 0.0309476
t_wo + t_wo_cam
-0.889947 0.989271 0.0309476
Time
1558546915957
Theta
0.867587
t_GA - R_GA * R_AB * t_BA
-0.889947 0.989271 0.0309476
t_wo + t_wo_cam
-0.889947 0.989271 0.0309476
Time
1558546915982
Theta
0.867587
t_GA - R_GA * R_AB * t_BA
-0.889947 0.989271 0.0309476
t_wo + t_wo_cam
-0.889947 0.989271 0.0309476
Time
1558546916007
Theta
0.867587
t_GA - R_GA * R_AB * t_BA
-0.889947 0.989271 0.0309476
t_wo + t_wo_cam
-0.889947 0.989271 0.0309476
Time
1558546916027
Theta
0.867587
t_GA - R_GA * R_AB * t_BA
-0.722161 1.12335 0.0185368
t_wo + t_wo_cam
-0.889947 0.989271 0.0309476
Time
1558546916052
Theta
0.867587
t_GA - R_GA * R_AB * t_BA
-0.722161 1.12335 0.0185368
t_wo + t_wo_cam
-0.722161 1.12335 0.0185368
Time
1558546916076
Theta
1.02616
t_GA - R_GA * R_AB * t_BA
-0.722161 1.12335 0.0185368
t_wo + t_wo_cam
-0.722161 1.12335 0.0185368
Time
1558546916101
Theta
1.02616
t_GA - R_GA * R_AB * t_BA
-0.722161 1.12335 0.0185368
t_wo + t_wo_cam
-0.722161 1.12335 0.0185368
Time
1558546916125
Theta
1.02616
t_GA - R_GA * R_AB * t_BA
-0.722161 1.12335 0.0185368
t_wo + t_wo_cam
-0.722161 1.12335 0.0185368
Time
1558546916150
Theta
1.02616
t_GA - R_GA * R_AB * t_BA
-0.722161 1.12335 0.0185368
t_wo + t_wo_cam
-0.722161 1.12335 0.0185368
Time
1558546916170
Theta
1.02616
t_GA - R_GA * R_AB * t_BA
-0.722161 1.12335 0.0185368
t_wo + t_wo_cam
-0.722161 1.12335 0.0185368
Time
1558546916195
Theta
1.02616
t_GA - R_GA * R_AB * t_BA
-0.722161 1.12335 0.0185368
t_wo + t_wo_cam
-0.722161 1.12335 0.0185368
Time
1558546916219
Theta
1.02616
t_GA - R_GA * R_AB * t_BA
-0.722161 1.12335 0.0185368
t_wo + t_wo_cam
-0.722161 1.12335 0.0185368
Time
1558546916244
Theta
1.02616
t_GA - R_GA * R_AB * t_BA
-0.722161 1.12335 0.0185368
t_wo + t_wo_cam
-0.722161 1.12335 0.0185368
Time
1558546916269
Theta
1.02616
t_GA - R_GA * R_AB * t_BA
-0.722161 1.12335 0.0185368
t_wo + t_wo_cam
-0.722161 1.12335 0.0185368
Time
1558546916293
Theta
1.02616
t_GA - R_GA * R_AB * t_BA
-0.722161 1.12335 0.0185368
t_wo + t_wo_cam
-0.722161 1.12335 0.0185368
Time
1558546916314
Theta
1.02616
t_GA - R_GA * R_AB * t_BA
-0.722161 1.12335 0.0185368
t_wo + t_wo_cam
-0.722161 1.12335 0.0185368
Time
1558546916338
Theta
1.02616
t_GA - R_GA * R_AB * t_BA
-0.722161 1.12335 0.0185368
t_wo + t_wo_cam
-0.722161 1.12335 0.0185368
Time
1558546916363
Theta
1.02616
t_GA - R_GA * R_AB * t_BA
-0.722161 1.12335 0.0185368
t_wo + t_wo_cam
-0.722161 1.12335 0.0185368
Time
1558546916387
Theta
1.02616
t_GA - R_GA * R_AB * t_BA
-0.722161 1.12335 0.0185368
t_wo + t_wo_cam
-0.722161 1.12335 0.0185368
Time
1558546916412
Theta
1.02616
t_GA - R_GA * R_AB * t_BA
-0.722161 1.12335 0.0185368
t_wo + t_wo_cam
-0.722161 1.12335 0.0185368
Time
1558546916436
Theta
1.02616
t_GA - R_GA * R_AB * t_BA
-0.722161 1.12335 0.0185368
t_wo + t_wo_cam
-0.722161 1.12335 0.0185368
Time
1558546916461
Theta
1.02616
t_GA - R_GA * R_AB * t_BA
-0.722161 1.12335 0.0185368
t_wo + t_wo_cam
-0.722161 1.12335 0.0185368
Time
1558546916481
Theta
1.02616
t_GA - R_GA * R_AB * t_BA
-0.722161 1.12335 0.0185368
t_wo + t_wo_cam
-0.722161 1.12335 0.0185368
Time
1558546916506
Theta
1.02616
t_GA - R_GA * R_AB * t_BA
-0.722161 1.12335 0.0185368
t_wo + t_wo_cam
-0.722161 1.12335 0.0185368
Time
1558546916531
Theta
1.02616
t_GA - R_GA * R_AB * t_BA
-0.722161 1.12335 0.0185368
t_wo + t_wo_cam
-0.722161 1.12335 0.0185368
Time
1558546916555
Theta
1.02616
t_GA - R_GA * R_AB * t_BA
-0.722161 1.12335 0.0185368
t_wo + t_wo_cam
-0.722161 1.12335 0.0185368
Time
1558546916580
Theta
1.02616
t_GA - R_GA * R_AB * t_BA
-0.722161 1.12335 0.0185368
t_wo + t_wo_cam
-0.722161 1.12335 0.0185368
Time
1558546916604
Theta
1.02616
t_GA - R_GA * R_AB * t_BA
-0.965237 0.903354 0.0647052
t_wo + t_wo_cam
-0.722161 1.12335 0.0185368
Time
1558546916625
Theta
1.02616
t_GA - R_GA * R_AB * t_BA
-0.965237 0.903354 0.0647052
t_wo + t_wo_cam
-0.965237 0.903354 0.0647052
Time
1558546916649
Theta
0.779494
t_GA - R_GA * R_AB * t_BA
-0.965237 0.903354 0.0647052
t_wo + t_wo_cam
-0.965237 0.903354 0.0647052
Time
1558546916674
Theta
0.779494
t_GA - R_GA * R_AB * t_BA
-0.965237 0.903354 0.0647052
t_wo + t_wo_cam
-0.965237 0.903354 0.0647052
Time
1558546916698
Theta
0.779494
t_GA - R_GA * R_AB * t_BA
-0.980051 0.887041 0.0541825
t_wo + t_wo_cam
-0.965237 0.903354 0.0647052
Time
1558546916723
Theta
0.779494
t_GA - R_GA * R_AB * t_BA
-0.980051 0.887041 0.0541825
t_wo + t_wo_cam
-0.980051 0.887041 0.0541825
Time
1558546916748
Theta
0.76412
t_GA - R_GA * R_AB * t_BA
-0.980051 0.887041 0.0541825
t_wo + t_wo_cam
-0.980051 0.887041 0.0541825
Time
1558546916768
Theta
0.76412
t_GA - R_GA * R_AB * t_BA
-0.979964 0.890085 0.0543001
t_wo + t_wo_cam
-0.980051 0.887041 0.0541825
Time
1558546916793
Theta
0.76412
t_GA - R_GA * R_AB * t_BA
-0.979964 0.890085 0.0543001
t_wo + t_wo_cam
-0.979964 0.890085 0.0543001
Time
1558546916817
Theta
0.765885
t_GA - R_GA * R_AB * t_BA
-0.979964 0.890085 0.0543001
t_wo + t_wo_cam
-0.979964 0.890085 0.0543001
Time
1558546916842
Theta
0.765885
t_GA - R_GA * R_AB * t_BA
-0.979964 0.890085 0.0543001
t_wo + t_wo_cam
-0.979964 0.890085 0.0543001
Time
1558546916866
Theta
0.765885
t_GA - R_GA * R_AB * t_BA
-0.970065 0.902314 0.0523018
t_wo + t_wo_cam
-0.979964 0.890085 0.0543001
Time
1558546916891
Theta
0.765885
t_GA - R_GA * R_AB * t_BA
-0.970065 0.902314 0.0523018
t_wo + t_wo_cam
-0.970065 0.902314 0.0523018
Time
1558546916911
Theta
0.777226
t_GA - R_GA * R_AB * t_BA
-0.970065 0.902314 0.0523018
t_wo + t_wo_cam
-0.970065 0.902314 0.0523018
Time
1558546916936
Theta
0.777226
t_GA - R_GA * R_AB * t_BA
-0.982212 0.888562 0.0509457
t_wo + t_wo_cam
-0.970065 0.902314 0.0523018
Time
1558546916960
Theta
0.777226
t_GA - R_GA * R_AB * t_BA
-0.982212 0.888562 0.0509457
t_wo + t_wo_cam
-0.982212 0.888562 0.0509457
Time
1558546916985
Theta
0.763542
t_GA - R_GA * R_AB * t_BA
-0.982212 0.888562 0.0509457
t_wo + t_wo_cam
-0.982212 0.888562 0.0509457
Time
1558546917009
Theta
0.763542
t_GA - R_GA * R_AB * t_BA
-0.982212 0.888562 0.0509457
t_wo + t_wo_cam
-0.982212 0.888562 0.0509457
Time
1558546917034
Theta
0.763542
t_GA - R_GA * R_AB * t_BA
-0.982212 0.888562 0.0509457
t_wo + t_wo_cam
-0.982212 0.888562 0.0509457
Time
1558546917055
Theta
0.763542
t_GA - R_GA * R_AB * t_BA
-1.00182 0.866078 0.0444989
t_wo + t_wo_cam
-0.982212 0.888562 0.0509457
Time
1558546917079
Theta
0.763542
t_GA - R_GA * R_AB * t_BA
-1.00182 0.866078 0.0444989
t_wo + t_wo_cam
-1.00182 0.866078 0.0444989
Time
1558546917104
Theta
0.741229
t_GA - R_GA * R_AB * t_BA
-1.00182 0.866078 0.0444989
t_wo + t_wo_cam
-1.00182 0.866078 0.0444989
Time
1558546917128
Theta
0.741229
t_GA - R_GA * R_AB * t_BA
-1.00182 0.866078 0.0444989
t_wo + t_wo_cam
-1.00182 0.866078 0.0444989
Time
1558546917153
Theta
0.741229
t_GA - R_GA * R_AB * t_BA
-1.0115 0.854664 0.04284
t_wo + t_wo_cam
-1.00182 0.866078 0.0444989
Time
1558546917177
Theta
0.741229
t_GA - R_GA * R_AB * t_BA
-1.0115 0.854664 0.04284
t_wo + t_wo_cam
-1.0115 0.854664 0.04284
Time
1558546917198
Theta
0.729521
t_GA - R_GA * R_AB * t_BA
-1.0115 0.854664 0.04284
t_wo + t_wo_cam
-1.0115 0.854664 0.04284
Time
1558546917222
Theta
0.729521
t_GA - R_GA * R_AB * t_BA
-1.01085 0.857174 0.0447122
t_wo + t_wo_cam
-1.0115 0.854664 0.04284
Time
1558546917247
Theta
0.729521
t_GA - R_GA * R_AB * t_BA
-1.01085 0.857174 0.0447122
t_wo + t_wo_cam
-1.01085 0.857174 0.0447122
Time
1558546917271
Theta
0.731146
t_GA - R_GA * R_AB * t_BA
-1.01085 0.857174 0.0447122
t_wo + t_wo_cam
-1.01085 0.857174 0.0447122
Time
1558546917296
Theta
0.731146
t_GA - R_GA * R_AB * t_BA
-1.00879 0.861909 0.0381419
t_wo + t_wo_cam
-1.01085 0.857174 0.0447122
Time
1558546917321
Theta
0.731146
t_GA - R_GA * R_AB * t_BA
-1.00879 0.861909 0.0381419
t_wo + t_wo_cam
-1.00879 0.861909 0.0381419
Time
1558546917341
Theta
0.734765
t_GA - R_GA * R_AB * t_BA
-1.00879 0.861909 0.0381419
t_wo + t_wo_cam
-1.00879 0.861909 0.0381419
Time
1558546917366
Theta
0.734765
t_GA - R_GA * R_AB * t_BA
-1.00879 0.861909 0.0381419
t_wo + t_wo_cam
-1.00879 0.861909 0.0381419
Time
1558546917390
Theta
0.734765
t_GA - R_GA * R_AB * t_BA
-1.02285 0.846518 0.0354965
t_wo + t_wo_cam
-1.00879 0.861909 0.0381419
Time
1558546917415
Theta
0.734765
t_GA - R_GA * R_AB * t_BA
-1.02285 0.846518 0.0354965
t_wo + t_wo_cam
-1.02285 0.846518 0.0354965
Time
1558546917439
Theta
0.7192
t_GA - R_GA * R_AB * t_BA
-1.02285 0.846518 0.0354965
t_wo + t_wo_cam
-1.02285 0.846518 0.0354965
Time
1558546917464
Theta
0.7192
t_GA - R_GA * R_AB * t_BA
-1.02285 0.846518 0.0354965
t_wo + t_wo_cam
-1.02285 0.846518 0.0354965
Time
1558546917484
Theta
0.7192
t_GA - R_GA * R_AB * t_BA
-1.07591 0.778282 0.0248884
t_wo + t_wo_cam
-1.02285 0.846518 0.0354965
Time
1558546917509
Theta
0.7192
t_GA - R_GA * R_AB * t_BA
-1.07591 0.778282 0.0248884
t_wo + t_wo_cam
-1.07591 0.778282 0.0248884
Time
1558546917533
Theta
0.654214
t_GA - R_GA * R_AB * t_BA
-1.07591 0.778282 0.0248884
t_wo + t_wo_cam
-1.07591 0.778282 0.0248884
Time
1558546917558
Theta
0.654214
t_GA - R_GA * R_AB * t_BA
-1.17555 0.612569 -0.00792841
t_wo + t_wo_cam
-1.07591 0.778282 0.0248884
Time
1558546917583
Theta
0.654214
t_GA - R_GA * R_AB * t_BA
-1.17555 0.612569 -0.00792841
t_wo + t_wo_cam
-1.17555 0.612569 -0.00792841
Time
1558546917607
Theta
0.508371
t_GA - R_GA * R_AB * t_BA
-1.17555 0.612569 -0.00792841
t_wo + t_wo_cam
-1.17555 0.612569 -0.00792841
Time
1558546917632
Theta
0.508371
t_GA - R_GA * R_AB * t_BA
-1.17555 0.612569 -0.00792841
t_wo + t_wo_cam
-1.17555 0.612569 -0.00792841
Time
1558546917652
Theta
0.508371
t_GA - R_GA * R_AB * t_BA
-1.27294 0.343669 -0.001469
t_wo + t_wo_cam
-1.17555 0.612569 -0.00792841
Time
1558546917677
Theta
0.508371
t_GA - R_GA * R_AB * t_BA
-1.27294 0.343669 -0.001469
t_wo + t_wo_cam
-1.27294 0.343669 -0.001469
Time
1558546917701
Theta
0.292425
t_GA - R_GA * R_AB * t_BA
-1.27294 0.343669 -0.001469
t_wo + t_wo_cam
-1.27294 0.343669 -0.001469
Time
1558546917726
Theta
0.292425
t_GA - R_GA * R_AB * t_BA
-1.29205 0.243668 -0.0189131
t_wo + t_wo_cam
-1.27294 0.343669 -0.001469
Time
1558546917750
Theta
0.292425
t_GA - R_GA * R_AB * t_BA
-1.29205 0.243668 -0.0189131
t_wo + t_wo_cam
-1.29205 0.243668 -0.0189131
Time
1558546917775
Theta
0.214108
t_GA - R_GA * R_AB * t_BA
-1.29205 0.243668 -0.0189131
t_wo + t_wo_cam
-1.29205 0.243668 -0.0189131
Time
1558546917795
Theta
0.214108
t_GA - R_GA * R_AB * t_BA
-1.30502 0.13394 -0.0282743
t_wo + t_wo_cam
-1.29205 0.243668 -0.0189131
Time
1558546917820
Theta
0.214108
t_GA - R_GA * R_AB * t_BA
-1.30502 0.13394 -0.0282743
t_wo + t_wo_cam
-1.30502 0.13394 -0.0282743
Time
1558546917845
Theta
0.129191
t_GA - R_GA * R_AB * t_BA
-1.30502 0.13394 -0.0282743
t_wo + t_wo_cam
-1.30502 0.13394 -0.0282743
Time
1558546917869
Theta
0.129191
t_GA - R_GA * R_AB * t_BA
-1.30502 0.13394 -0.0282743
t_wo + t_wo_cam
-1.30502 0.13394 -0.0282743
Time
1558546917894
Theta
0.129191
t_GA - R_GA * R_AB * t_BA
-1.30743 0.0119469 -0.0498637
t_wo + t_wo_cam
-1.30502 0.13394 -0.0282743
Time
1558546917918
Theta
0.129191
t_GA - R_GA * R_AB * t_BA
-1.30743 0.0119469 -0.0498637
t_wo + t_wo_cam
-1.30743 0.0119469 -0.0498637
Time
1558546917939
Theta
0.0348946
t_GA - R_GA * R_AB * t_BA
-1.30743 0.0119469 -0.0498637
t_wo + t_wo_cam
-1.30743 0.0119469 -0.0498637
Time
1558546917963
Theta
0.0348946
t_GA - R_GA * R_AB * t_BA
-1.30743 0.0119469 -0.0498637
t_wo + t_wo_cam
-1.30743 0.0119469 -0.0498637
Time
1558546917988
Theta
0.0348946
t_GA - R_GA * R_AB * t_BA
-1.26129 -0.291153 -0.107634
t_wo + t_wo_cam
-1.30743 0.0119469 -0.0498637
Time
1558546918012
Theta
0.0348946
t_GA - R_GA * R_AB * t_BA
-1.26129 -0.291153 -0.107634
t_wo + t_wo_cam
-1.26129 -0.291153 -0.107634
Time
1558546918037
Theta
-0.20674
t_GA - R_GA * R_AB * t_BA
-1.26129 -0.291153 -0.107634
t_wo + t_wo_cam
-1.26129 -0.291153 -0.107634
Time
1558546918062
Theta
-0.20674
t_GA - R_GA * R_AB * t_BA
-1.21277 -0.428891 -0.138356
t_wo + t_wo_cam
-1.26129 -0.291153 -0.107634
Time
1558546918082
Theta
-0.20674
t_GA - R_GA * R_AB * t_BA
-1.21277 -0.428891 -0.138356
t_wo + t_wo_cam
-1.21277 -0.428891 -0.138356
Time
1558546918107
Theta
-0.321332
t_GA - R_GA * R_AB * t_BA
-1.21277 -0.428891 -0.138356
t_wo + t_wo_cam
-1.21277 -0.428891 -0.138356
Time
1558546918131
Theta
-0.321332
t_GA - R_GA * R_AB * t_BA
-1.21277 -0.428891 -0.138356
t_wo + t_wo_cam
-1.21277 -0.428891 -0.138356
Time
1558546918156
Theta
-0.321332
t_GA - R_GA * R_AB * t_BA
-1.17337 -0.510901 -0.144306
t_wo + t_wo_cam
-1.21277 -0.428891 -0.138356
Time
1558546918180
Theta
-0.321332
t_GA - R_GA * R_AB * t_BA
-1.17337 -0.510901 -0.144306
t_wo + t_wo_cam
-1.17337 -0.510901 -0.144306
Time
1558546918205
Theta
-0.393195
t_GA - R_GA * R_AB * t_BA
-1.17337 -0.510901 -0.144306
t_wo + t_wo_cam
-1.17337 -0.510901 -0.144306
Time
1558546918225
Theta
-0.393195
t_GA - R_GA * R_AB * t_BA
-1.11139 -0.621533 -0.154294
t_wo + t_wo_cam
-1.17337 -0.510901 -0.144306
Time
1558546918250
Theta
-0.393195
t_GA - R_GA * R_AB * t_BA
-1.11139 -0.621533 -0.154294
t_wo + t_wo_cam
-1.11139 -0.621533 -0.154294
Time
1558546918274
Theta
-0.494617
t_GA - R_GA * R_AB * t_BA
-1.11139 -0.621533 -0.154294
t_wo + t_wo_cam
-1.11139 -0.621533 -0.154294
Time
1558546918299
Theta
-0.494617
t_GA - R_GA * R_AB * t_BA
-1.11139 -0.621533 -0.154294
t_wo + t_wo_cam
-1.11139 -0.621533 -0.154294
Time
1558546918324
Theta
-0.494617
t_GA - R_GA * R_AB * t_BA
-1.11139 -0.621533 -0.154294
t_wo + t_wo_cam
-1.11139 -0.621533 -0.154294
Time
1558546918348
Theta
-0.494617
t_GA - R_GA * R_AB * t_BA
-1.11139 -0.621533 -0.154294
t_wo + t_wo_cam
-1.11139 -0.621533 -0.154294
Time
1558546918369
Theta
-0.494617
t_GA - R_GA * R_AB * t_BA
-1.11139 -0.621533 -0.154294
t_wo + t_wo_cam
-1.11139 -0.621533 -0.154294
Time
1558546918393
Theta
-0.494617
t_GA - R_GA * R_AB * t_BA
-1.11139 -0.621533 -0.154294
t_wo + t_wo_cam
-1.11139 -0.621533 -0.154294
Time
1558546918418
Theta
-0.494617
t_GA - R_GA * R_AB * t_BA
-1.11139 -0.621533 -0.154294
t_wo + t_wo_cam
-1.11139 -0.621533 -0.154294
Time
1558546918442
Theta
-0.494617
t_GA - R_GA * R_AB * t_BA
-1.11139 -0.621533 -0.154294
t_wo + t_wo_cam
-1.11139 -0.621533 -0.154294
Time
1558546918467
Theta
-0.494617
t_GA - R_GA * R_AB * t_BA
-1.11139 -0.621533 -0.154294
t_wo + t_wo_cam
-1.11139 -0.621533 -0.154294
Time
1558546918491
Theta
-0.494617
t_GA - R_GA * R_AB * t_BA
-1.11139 -0.621533 -0.154294
t_wo + t_wo_cam
-1.11139 -0.621533 -0.154294
Time
1558546918512
Theta
-0.494617
t_GA - R_GA * R_AB * t_BA
-1.11139 -0.621533 -0.154294
t_wo + t_wo_cam
-1.11139 -0.621533 -0.154294
Time
1558546918536
Theta
-0.494617
t_GA - R_GA * R_AB * t_BA
-1.11139 -0.621533 -0.154294
t_wo + t_wo_cam
-1.11139 -0.621533 -0.154294
Time
1558546918561
Theta
-0.494617
t_GA - R_GA * R_AB * t_BA
-1.11139 -0.621533 -0.154294
t_wo + t_wo_cam
-1.11139 -0.621533 -0.154294
Time
1558546918586
Theta
-0.494617
t_GA - R_GA * R_AB * t_BA
-1.11139 -0.621533 -0.154294
t_wo + t_wo_cam
-1.11139 -0.621533 -0.154294
Time
1558546918610
Theta
-0.494617
t_GA - R_GA * R_AB * t_BA
-1.11139 -0.621533 -0.154294
t_wo + t_wo_cam
-1.11139 -0.621533 -0.154294
Time
1558546918635
Theta
-0.494617
t_GA - R_GA * R_AB * t_BA
-1.11139 -0.621533 -0.154294
t_wo + t_wo_cam
-1.11139 -0.621533 -0.154294
Time
1558546918659
Theta
-0.494617
t_GA - R_GA * R_AB * t_BA
-1.11139 -0.621533 -0.154294
t_wo + t_wo_cam
-1.11139 -0.621533 -0.154294
Time
1558546918680
Theta
-0.494617
t_GA - R_GA * R_AB * t_BA
-1.11139 -0.621533 -0.154294
t_wo + t_wo_cam
-1.11139 -0.621533 -0.154294
Time
1558546918704
Theta
-0.494617
t_GA - R_GA * R_AB * t_BA
-1.11139 -0.621533 -0.154294
t_wo + t_wo_cam
-1.11139 -0.621533 -0.154294
Time
1558546918729
Theta
-0.494617
t_GA - R_GA * R_AB * t_BA
-1.11139 -0.621533 -0.154294
t_wo + t_wo_cam
-1.11139 -0.621533 -0.154294
Time
1558546918753
Theta
-0.494617
t_GA - R_GA * R_AB * t_BA
-1.11139 -0.621533 -0.154294
t_wo + t_wo_cam
-1.11139 -0.621533 -0.154294
Time
1558546918778
Theta
-0.494617
t_GA - R_GA * R_AB * t_BA
-1.11139 -0.621533 -0.154294
t_wo + t_wo_cam
-1.11139 -0.621533 -0.154294
Time
1558546918803
Theta
-0.494617
t_GA - R_GA * R_AB * t_BA
-1.11139 -0.621533 -0.154294
t_wo + t_wo_cam
-1.11139 -0.621533 -0.154294
Time
1558546918823
Theta
-0.494617
t_GA - R_GA * R_AB * t_BA
-1.11139 -0.621533 -0.154294
t_wo + t_wo_cam
-1.11139 -0.621533 -0.154294
Time
1558546918848
Theta
-0.494617
t_GA - R_GA * R_AB * t_BA
-1.11139 -0.621533 -0.154294
t_wo + t_wo_cam
-1.11139 -0.621533 -0.154294
Time
1558546918872
Theta
-0.494617
t_GA - R_GA * R_AB * t_BA
-1.11139 -0.621533 -0.154294
t_wo + t_wo_cam
-1.11139 -0.621533 -0.154294
Time
1558546918897
Theta
-0.494617
t_GA - R_GA * R_AB * t_BA
-1.11139 -0.621533 -0.154294
t_wo + t_wo_cam
-1.11139 -0.621533 -0.154294
Time
1558546918921
Theta
-0.494617
t_GA - R_GA * R_AB * t_BA
-1.11139 -0.621533 -0.154294
t_wo + t_wo_cam
-1.11139 -0.621533 -0.154294
Time
1558546918946
Theta
-0.494617
t_GA - R_GA * R_AB * t_BA
-1.11139 -0.621533 -0.154294
t_wo + t_wo_cam
-1.11139 -0.621533 -0.154294
Time
1558546918966
Theta
-0.494617
t_GA - R_GA * R_AB * t_BA
-1.11139 -0.621533 -0.154294
t_wo + t_wo_cam
-1.11139 -0.621533 -0.154294
Time
1558546918991
Theta
-0.494617
t_GA - R_GA * R_AB * t_BA
-1.11139 -0.621533 -0.154294
t_wo + t_wo_cam
-1.11139 -0.621533 -0.154294
Time
1558546919015
Theta
-0.494617
t_GA - R_GA * R_AB * t_BA
-1.11139 -0.621533 -0.154294
t_wo + t_wo_cam
-1.11139 -0.621533 -0.154294
Time
1558546919040
Theta
-0.494617
t_GA - R_GA * R_AB * t_BA
-1.11139 -0.621533 -0.154294
t_wo + t_wo_cam
-1.11139 -0.621533 -0.154294
Time
1558546919065
Theta
-0.494617
t_GA - R_GA * R_AB * t_BA
-1.11139 -0.621533 -0.154294
t_wo + t_wo_cam
-1.11139 -0.621533 -0.154294
Time
1558546919089
Theta
-0.494617
t_GA - R_GA * R_AB * t_BA
-1.11139 -0.621533 -0.154294
t_wo + t_wo_cam
-1.11139 -0.621533 -0.154294
Time
1558546919110
Theta
-0.494617
t_GA - R_GA * R_AB * t_BA
-1.11139 -0.621533 -0.154294
t_wo + t_wo_cam
-1.11139 -0.621533 -0.154294
Time
1558546919134
Theta
-0.494617
t_GA - R_GA * R_AB * t_BA
-1.11139 -0.621533 -0.154294
t_wo + t_wo_cam
-1.11139 -0.621533 -0.154294
Time
1558546919159
Theta
-0.494617
t_GA - R_GA * R_AB * t_BA
-1.11139 -0.621533 -0.154294
t_wo + t_wo_cam
-1.11139 -0.621533 -0.154294
Time
1558546919183
Theta
-0.494617
t_GA - R_GA * R_AB * t_BA
-1.11139 -0.621533 -0.154294
t_wo + t_wo_cam
-1.11139 -0.621533 -0.154294
Time
1558546919208
Theta
-0.494617
t_GA - R_GA * R_AB * t_BA
-1.11139 -0.621533 -0.154294
t_wo + t_wo_cam
-1.11139 -0.621533 -0.154294
Time
1558546919232
Theta
-0.494617
t_GA - R_GA * R_AB * t_BA
-1.11139 -0.621533 -0.154294
t_wo + t_wo_cam
-1.11139 -0.621533 -0.154294
Time
1558546919253
Theta
-0.494617
t_GA - R_GA * R_AB * t_BA
-1.11139 -0.621533 -0.154294
t_wo + t_wo_cam
-1.11139 -0.621533 -0.154294
Time
1558546919277
Theta
-0.494617
t_GA - R_GA * R_AB * t_BA
-1.11139 -0.621533 -0.154294
t_wo + t_wo_cam
-1.11139 -0.621533 -0.154294
Time
1558546919302
Theta
-0.494617
t_GA - R_GA * R_AB * t_BA
-1.11139 -0.621533 -0.154294
t_wo + t_wo_cam
-1.11139 -0.621533 -0.154294
Time
1558546919327
Theta
-0.494617
t_GA - R_GA * R_AB * t_BA
-1.11139 -0.621533 -0.154294
t_wo + t_wo_cam
-1.11139 -0.621533 -0.154294
Time
1558546919351
Theta
-0.494617
t_GA - R_GA * R_AB * t_BA
-1.11139 -0.621533 -0.154294
t_wo + t_wo_cam
-1.11139 -0.621533 -0.154294
Time
1558546919376
Theta
-0.494617
t_GA - R_GA * R_AB * t_BA
-1.11139 -0.621533 -0.154294
t_wo + t_wo_cam
-1.11139 -0.621533 -0.154294
Time
1558546919396
Theta
-0.494617
t_GA - R_GA * R_AB * t_BA
-1.11139 -0.621533 -0.154294
t_wo + t_wo_cam
-1.11139 -0.621533 -0.154294
Time
1558546919421
Theta
-0.494617
t_GA - R_GA * R_AB * t_BA
-1.11139 -0.621533 -0.154294
t_wo + t_wo_cam
-1.11139 -0.621533 -0.154294
Time
1558546919445
Theta
-0.494617
t_GA - R_GA * R_AB * t_BA
-1.11139 -0.621533 -0.154294
t_wo + t_wo_cam
-1.11139 -0.621533 -0.154294
Time
1558546919470
Theta
-0.494617
t_GA - R_GA * R_AB * t_BA
-1.11139 -0.621533 -0.154294
t_wo + t_wo_cam
-1.11139 -0.621533 -0.154294
Time
1558546919494
Theta
-0.494617
t_GA - R_GA * R_AB * t_BA
-1.11139 -0.621533 -0.154294
t_wo + t_wo_cam
-1.11139 -0.621533 -0.154294
Time
1558546919519
Theta
-0.494617
t_GA - R_GA * R_AB * t_BA
-1.11139 -0.621533 -0.154294
t_wo + t_wo_cam
-1.11139 -0.621533 -0.154294
Time
1558546919539
Theta
-0.494617
t_GA - R_GA * R_AB * t_BA
-1.11139 -0.621533 -0.154294
t_wo + t_wo_cam
-1.11139 -0.621533 -0.154294
Time
1558546919564
Theta
-0.494617
t_GA - R_GA * R_AB * t_BA
-1.11139 -0.621533 -0.154294
t_wo + t_wo_cam
-1.11139 -0.621533 -0.154294
Time
1558546919589
Theta
-0.494617
t_GA - R_GA * R_AB * t_BA
-1.11139 -0.621533 -0.154294
t_wo + t_wo_cam
-1.11139 -0.621533 -0.154294
Time
1558546919613
Theta
-0.494617
t_GA - R_GA * R_AB * t_BA
-1.11139 -0.621533 -0.154294
t_wo + t_wo_cam
-1.11139 -0.621533 -0.154294
Time
1558546919638
Theta
-0.494617
t_GA - R_GA * R_AB * t_BA
-1.11139 -0.621533 -0.154294
t_wo + t_wo_cam
-1.11139 -0.621533 -0.154294
Time
1558546919662
Theta
-0.494617
t_GA - R_GA * R_AB * t_BA
-1.11139 -0.621533 -0.154294
t_wo + t_wo_cam
-1.11139 -0.621533 -0.154294
Time
1558546919683
Theta
-0.494617
t_GA - R_GA * R_AB * t_BA
-1.11139 -0.621533 -0.154294
t_wo + t_wo_cam
-1.11139 -0.621533 -0.154294
Time
1558546919707
Theta
-0.494617
t_GA - R_GA * R_AB * t_BA
-1.11139 -0.621533 -0.154294
t_wo + t_wo_cam
-1.11139 -0.621533 -0.154294
Time
1558546919732
Theta
-0.494617
t_GA - R_GA * R_AB * t_BA
-1.11139 -0.621533 -0.154294
t_wo + t_wo_cam
-1.11139 -0.621533 -0.154294
Time
1558546919756
Theta
-0.494617
t_GA - R_GA * R_AB * t_BA
-1.11139 -0.621533 -0.154294
t_wo + t_wo_cam
-1.11139 -0.621533 -0.154294
Time
1558546919781
Theta
-0.494617
t_GA - R_GA * R_AB * t_BA
-1.11139 -0.621533 -0.154294
t_wo + t_wo_cam
-1.11139 -0.621533 -0.154294
Time
1558546919806
Theta
-0.494617
t_GA - R_GA * R_AB * t_BA
-1.11139 -0.621533 -0.154294
t_wo + t_wo_cam
-1.11139 -0.621533 -0.154294
Time
1558546919830
Theta
-0.494617
t_GA - R_GA * R_AB * t_BA
-1.11139 -0.621533 -0.154294
t_wo + t_wo_cam
-1.11139 -0.621533 -0.154294
Time
1558546919851
Theta
-0.494617
t_GA - R_GA * R_AB * t_BA
-1.11139 -0.621533 -0.154294
t_wo + t_wo_cam
-1.11139 -0.621533 -0.154294
Time
1558546919875
Theta
-0.494617
t_GA - R_GA * R_AB * t_BA
-1.11139 -0.621533 -0.154294
t_wo + t_wo_cam
-1.11139 -0.621533 -0.154294
Time
1558546919900
Theta
-0.494617
t_GA - R_GA * R_AB * t_BA
-1.11139 -0.621533 -0.154294
t_wo + t_wo_cam
-1.11139 -0.621533 -0.154294
Time
1558546919924
Theta
-0.494617
t_GA - R_GA * R_AB * t_BA
-1.11139 -0.621533 -0.154294
t_wo + t_wo_cam
-1.11139 -0.621533 -0.154294
Time
1558546919949
Theta
-0.494617
t_GA - R_GA * R_AB * t_BA
-1.11139 -0.621533 -0.154294
t_wo + t_wo_cam
-1.11139 -0.621533 -0.154294
Time
1558546919973
Theta
-0.494617
t_GA - R_GA * R_AB * t_BA
-1.11139 -0.621533 -0.154294
t_wo + t_wo_cam
-1.11139 -0.621533 -0.154294
Time
1558546919994
Theta
-0.494617
t_GA - R_GA * R_AB * t_BA
-1.11139 -0.621533 -0.154294
t_wo + t_wo_cam
-1.11139 -0.621533 -0.154294
Time
1558546920018
Theta
-0.494617
t_GA - R_GA * R_AB * t_BA
-1.11139 -0.621533 -0.154294
t_wo + t_wo_cam
-1.11139 -0.621533 -0.154294
Time
1558546920043
Theta
-0.494617
t_GA - R_GA * R_AB * t_BA
-1.11139 -0.621533 -0.154294
t_wo + t_wo_cam
-1.11139 -0.621533 -0.154294
Time
1558546920068
Theta
-0.494617
t_GA - R_GA * R_AB * t_BA
-1.11139 -0.621533 -0.154294
t_wo + t_wo_cam
-1.11139 -0.621533 -0.154294
Time
1558546920092
Theta
-0.494617
t_GA - R_GA * R_AB * t_BA
-1.11139 -0.621533 -0.154294
t_wo + t_wo_cam
-1.11139 -0.621533 -0.154294
Time
1558546920117
Theta
-0.494617
t_GA - R_GA * R_AB * t_BA
-1.11139 -0.621533 -0.154294
t_wo + t_wo_cam
-1.11139 -0.621533 -0.154294
Time
1558546920137
Theta
-0.494617
t_GA - R_GA * R_AB * t_BA
-1.11139 -0.621533 -0.154294
t_wo + t_wo_cam
-1.11139 -0.621533 -0.154294
Time
1558546920162
Theta
-0.494617
t_GA - R_GA * R_AB * t_BA
-1.11139 -0.621533 -0.154294
t_wo + t_wo_cam
-1.11139 -0.621533 -0.154294
Time
1558546920186
Theta
-0.494617
t_GA - R_GA * R_AB * t_BA
-1.11139 -0.621533 -0.154294
t_wo + t_wo_cam
-1.11139 -0.621533 -0.154294
Time
1558546920211
Theta
-0.494617
t_GA - R_GA * R_AB * t_BA
-1.11139 -0.621533 -0.154294
t_wo + t_wo_cam
-1.11139 -0.621533 -0.154294
Time
1558546920235
Theta
-0.494617
t_GA - R_GA * R_AB * t_BA
-1.11139 -0.621533 -0.154294
t_wo + t_wo_cam
-1.11139 -0.621533 -0.154294
Time
1558546920260
Theta
-0.494617
t_GA - R_GA * R_AB * t_BA
-1.11139 -0.621533 -0.154294
t_wo + t_wo_cam
-1.11139 -0.621533 -0.154294
Time
1558546920280
Theta
-0.494617
t_GA - R_GA * R_AB * t_BA
-1.11139 -0.621533 -0.154294
t_wo + t_wo_cam
-1.11139 -0.621533 -0.154294
Time
1558546920305
Theta
-0.494617
t_GA - R_GA * R_AB * t_BA
-1.11139 -0.621533 -0.154294
t_wo + t_wo_cam
-1.11139 -0.621533 -0.154294
Time
1558546920330
Theta
-0.494617
t_GA - R_GA * R_AB * t_BA
-1.11139 -0.621533 -0.154294
t_wo + t_wo_cam
-1.11139 -0.621533 -0.154294
Time
1558546920354
Theta
-0.494617
t_GA - R_GA * R_AB * t_BA
-1.11139 -0.621533 -0.154294
t_wo + t_wo_cam
-1.11139 -0.621533 -0.154294
Time
1558546920379
Theta
-0.494617
t_GA - R_GA * R_AB * t_BA
-1.11139 -0.621533 -0.154294
t_wo + t_wo_cam
-1.11139 -0.621533 -0.154294
Time
1558546920403
Theta
-0.494617
t_GA - R_GA * R_AB * t_BA
-1.11139 -0.621533 -0.154294
t_wo + t_wo_cam
-1.11139 -0.621533 -0.154294
Time
1558546920424
Theta
-0.494617
t_GA - R_GA * R_AB * t_BA
-1.11139 -0.621533 -0.154294
t_wo + t_wo_cam
-1.11139 -0.621533 -0.154294
Time
1558546920448
Theta
-0.494617
t_GA - R_GA * R_AB * t_BA
-1.11139 -0.621533 -0.154294
t_wo + t_wo_cam
-1.11139 -0.621533 -0.154294
Time
1558546920473
Theta
-0.494617
t_GA - R_GA * R_AB * t_BA
-1.11139 -0.621533 -0.154294
t_wo + t_wo_cam
-1.11139 -0.621533 -0.154294
Time
1558546920497
Theta
-0.494617
t_GA - R_GA * R_AB * t_BA
-1.11139 -0.621533 -0.154294
t_wo + t_wo_cam
-1.11139 -0.621533 -0.154294
Time
1558546920522
Theta
-0.494617
t_GA - R_GA * R_AB * t_BA
-1.11139 -0.621533 -0.154294
t_wo + t_wo_cam
-1.11139 -0.621533 -0.154294
Time
1558546920546
Theta
-0.494617
t_GA - R_GA * R_AB * t_BA
-1.11139 -0.621533 -0.154294
t_wo + t_wo_cam
-1.11139 -0.621533 -0.154294
Time
1558546920567
Theta
-0.494617
t_GA - R_GA * R_AB * t_BA
-1.11139 -0.621533 -0.154294
t_wo + t_wo_cam
-1.11139 -0.621533 -0.154294
Time
1558546920592
Theta
-0.494617
t_GA - R_GA * R_AB * t_BA
-1.11139 -0.621533 -0.154294
t_wo + t_wo_cam
-1.11139 -0.621533 -0.154294
Time
1558546920616
Theta
-0.494617
t_GA - R_GA * R_AB * t_BA
-1.11139 -0.621533 -0.154294
t_wo + t_wo_cam
-1.11139 -0.621533 -0.154294
Time
1558546920641
Theta
-0.494617
t_GA - R_GA * R_AB * t_BA
-1.11139 -0.621533 -0.154294
t_wo + t_wo_cam
-1.11139 -0.621533 -0.154294
Time
1558546920665
Theta
-0.494617
t_GA - R_GA * R_AB * t_BA
-1.11139 -0.621533 -0.154294
t_wo + t_wo_cam
-1.11139 -0.621533 -0.154294
Time
1558546920690
Theta
-0.494617
t_GA - R_GA * R_AB * t_BA
-1.11139 -0.621533 -0.154294
t_wo + t_wo_cam
-1.11139 -0.621533 -0.154294
Time
1558546920710
Theta
-0.494617
t_GA - R_GA * R_AB * t_BA
-1.11139 -0.621533 -0.154294
t_wo + t_wo_cam
-1.11139 -0.621533 -0.154294
Time
1558546920735
Theta
-0.494617
t_GA - R_GA * R_AB * t_BA
-1.11139 -0.621533 -0.154294
t_wo + t_wo_cam
-1.11139 -0.621533 -0.154294
Time
1558546920759
Theta
-0.494617
t_GA - R_GA * R_AB * t_BA
-1.11139 -0.621533 -0.154294
t_wo + t_wo_cam
-1.11139 -0.621533 -0.154294
Time
1558546920784
Theta
-0.494617
t_GA - R_GA * R_AB * t_BA
-1.11139 -0.621533 -0.154294
t_wo + t_wo_cam
-1.11139 -0.621533 -0.154294
Time
1558546920808
Theta
-0.494617
t_GA - R_GA * R_AB * t_BA
-1.11139 -0.621533 -0.154294
t_wo + t_wo_cam
-1.11139 -0.621533 -0.154294
Time
1558546920833
Theta
-0.494617
t_GA - R_GA * R_AB * t_BA
-1.11139 -0.621533 -0.154294
t_wo + t_wo_cam
-1.11139 -0.621533 -0.154294
Time
1558546920858
Theta
-0.494617
t_GA - R_GA * R_AB * t_BA
-1.11139 -0.621533 -0.154294
t_wo + t_wo_cam
-1.11139 -0.621533 -0.154294
Time
1558546920878
Theta
-0.494617
t_GA - R_GA * R_AB * t_BA
-1.11139 -0.621533 -0.154294
t_wo + t_wo_cam
-1.11139 -0.621533 -0.154294
Time
1558546920903
Theta
-0.494617
t_GA - R_GA * R_AB * t_BA
-1.11139 -0.621533 -0.154294
t_wo + t_wo_cam
-1.11139 -0.621533 -0.154294
Time
1558546920927
Theta
-0.494617
t_GA - R_GA * R_AB * t_BA
-1.11139 -0.621533 -0.154294
t_wo + t_wo_cam
-1.11139 -0.621533 -0.154294
Time
1558546920953
Theta
-0.494617
t_GA - R_GA * R_AB * t_BA
-1.11139 -0.621533 -0.154294
t_wo + t_wo_cam
-1.11139 -0.621533 -0.154294
Time
1558546920976
Theta
-0.494617
t_GA - R_GA * R_AB * t_BA
-1.11139 -0.621533 -0.154294
t_wo + t_wo_cam
-1.11139 -0.621533 -0.154294
Time
1558546921001
Theta
-0.494617
t_GA - R_GA * R_AB * t_BA
-1.11139 -0.621533 -0.154294
t_wo + t_wo_cam
-1.11139 -0.621533 -0.154294
Time
1558546921021
Theta
-0.494617
t_GA - R_GA * R_AB * t_BA
-1.11139 -0.621533 -0.154294
t_wo + t_wo_cam
-1.11139 -0.621533 -0.154294
Time
1558546921046
Theta
-0.494617
t_GA - R_GA * R_AB * t_BA
-1.11139 -0.621533 -0.154294
t_wo + t_wo_cam
-1.11139 -0.621533 -0.154294
Time
1558546921071
Theta
-0.494617
t_GA - R_GA * R_AB * t_BA
-1.11139 -0.621533 -0.154294
t_wo + t_wo_cam
-1.11139 -0.621533 -0.154294
Time
1558546921095
Theta
-0.494617
t_GA - R_GA * R_AB * t_BA
-1.11139 -0.621533 -0.154294
t_wo + t_wo_cam
-1.11139 -0.621533 -0.154294
Time
1558546921120
Theta
-0.494617
t_GA - R_GA * R_AB * t_BA
-1.11139 -0.621533 -0.154294
t_wo + t_wo_cam
-1.11139 -0.621533 -0.154294
Time
1558546921144
Theta
-0.494617
t_GA - R_GA * R_AB * t_BA
-1.11139 -0.621533 -0.154294
t_wo + t_wo_cam
-1.11139 -0.621533 -0.154294
Time
1558546921165
Theta
-0.494617
t_GA - R_GA * R_AB * t_BA
-1.11139 -0.621533 -0.154294
t_wo + t_wo_cam
-1.11139 -0.621533 -0.154294
Time
1558546921189
Theta
-0.494617
t_GA - R_GA * R_AB * t_BA
-1.11139 -0.621533 -0.154294
t_wo + t_wo_cam
-1.11139 -0.621533 -0.154294
Time
1558546921214
Theta
-0.494617
t_GA - R_GA * R_AB * t_BA
-1.11139 -0.621533 -0.154294
t_wo + t_wo_cam
-1.11139 -0.621533 -0.154294
Time
1558546921238
Theta
-0.494617
t_GA - R_GA * R_AB * t_BA
-1.11139 -0.621533 -0.154294
t_wo + t_wo_cam
-1.11139 -0.621533 -0.154294
Time
1558546921263
Theta
-0.494617
t_GA - R_GA * R_AB * t_BA
-1.11139 -0.621533 -0.154294
t_wo + t_wo_cam
-1.11139 -0.621533 -0.154294
Time
1558546921288
Theta
-0.494617
t_GA - R_GA * R_AB * t_BA
-1.11139 -0.621533 -0.154294
t_wo + t_wo_cam
-1.11139 -0.621533 -0.154294
Time
1558546921308
Theta
-0.494617
t_GA - R_GA * R_AB * t_BA
-1.11139 -0.621533 -0.154294
t_wo + t_wo_cam
-1.11139 -0.621533 -0.154294
Time
1558546921333
Theta
-0.494617
t_GA - R_GA * R_AB * t_BA
-1.11139 -0.621533 -0.154294
t_wo + t_wo_cam
-1.11139 -0.621533 -0.154294
Time
1558546921357
Theta
-0.494617
t_GA - R_GA * R_AB * t_BA
-1.11139 -0.621533 -0.154294
t_wo + t_wo_cam
-1.11139 -0.621533 -0.154294
Time
1558546921382
Theta
-0.494617
t_GA - R_GA * R_AB * t_BA
-1.11139 -0.621533 -0.154294
t_wo + t_wo_cam
-1.11139 -0.621533 -0.154294
Time
1558546921406
Theta
-0.494617
t_GA - R_GA * R_AB * t_BA
-1.11139 -0.621533 -0.154294
t_wo + t_wo_cam
-1.11139 -0.621533 -0.154294
Time
1558546921431
Theta
-0.494617
t_GA - R_GA * R_AB * t_BA
-1.11139 -0.621533 -0.154294
t_wo + t_wo_cam
-1.11139 -0.621533 -0.154294
Time
1558546921451
Theta
-0.494617
t_GA - R_GA * R_AB * t_BA
-1.11139 -0.621533 -0.154294
t_wo + t_wo_cam
-1.11139 -0.621533 -0.154294
Time
1558546921476
Theta
-0.494617
t_GA - R_GA * R_AB * t_BA
-1.27505 -0.0177957 0.118513
t_wo + t_wo_cam
-1.11139 -0.621533 -0.154294
Time
1558546921500
Theta
-0.494617
t_GA - R_GA * R_AB * t_BA
-1.27505 -0.0177957 0.118513
t_wo + t_wo_cam
-1.27505 -0.0177957 0.118513
Time
1558546921525
Theta
0.0412289
t_GA - R_GA * R_AB * t_BA
-1.27505 -0.0177957 0.118513
t_wo + t_wo_cam
-1.27505 -0.0177957 0.118513
Time
1558546921549
Theta
0.0412289
t_GA - R_GA * R_AB * t_BA
-1.27505 -0.0177957 0.118513
t_wo + t_wo_cam
-1.27505 -0.0177957 0.118513
Time
1558546921574
Theta
0.0412289
t_GA - R_GA * R_AB * t_BA
-1.27505 -0.0177957 0.118513
t_wo + t_wo_cam
-1.27505 -0.0177957 0.118513
Time
1558546921594
Theta
0.0412289
t_GA - R_GA * R_AB * t_BA
-1.27505 -0.0177957 0.118513
t_wo + t_wo_cam
-1.27505 -0.0177957 0.118513
Time
1558546921619
Theta
0.0412289
t_GA - R_GA * R_AB * t_BA
-1.27505 -0.0177957 0.118513
t_wo + t_wo_cam
-1.27505 -0.0177957 0.118513
Time
1558546921644
Theta
0.0412289
t_GA - R_GA * R_AB * t_BA
-1.27505 -0.0177957 0.118513
t_wo + t_wo_cam
-1.27505 -0.0177957 0.118513
Time
1558546921668
Theta
0.0412289
t_GA - R_GA * R_AB * t_BA
-1.23912 0.369261 0.123219
t_wo + t_wo_cam
-1.27505 -0.0177957 0.118513
Time
1558546921693
Theta
0.0412289
t_GA - R_GA * R_AB * t_BA
-1.23912 0.369261 0.123219
t_wo + t_wo_cam
-1.23912 0.369261 0.123219
Time
1558546921717
Theta
0.342567
t_GA - R_GA * R_AB * t_BA
-1.23912 0.369261 0.123219
t_wo + t_wo_cam
-1.23912 0.369261 0.123219
Time
1558546921738
Theta
0.342567
t_GA - R_GA * R_AB * t_BA
-1.23912 0.369261 0.123219
t_wo + t_wo_cam
-1.23912 0.369261 0.123219
Time
1558546921762
Theta
0.342567
t_GA - R_GA * R_AB * t_BA
-1.20001 0.499581 0.124776
t_wo + t_wo_cam
-1.23912 0.369261 0.123219
Time
1558546921787
Theta
0.342567
t_GA - R_GA * R_AB * t_BA
-1.20001 0.499581 0.124776
t_wo + t_wo_cam
-1.20001 0.499581 0.124776
Time
1558546921811
Theta
0.44662
t_GA - R_GA * R_AB * t_BA
-1.20001 0.499581 0.124776
t_wo + t_wo_cam
-1.20001 0.499581 0.124776
Time
1558546921836
Theta
0.44662
t_GA - R_GA * R_AB * t_BA
-1.0787 0.766065 0.0870364
t_wo + t_wo_cam
-1.20001 0.499581 0.124776
Time
1558546921861
Theta
0.44662
t_GA - R_GA * R_AB * t_BA
-1.0787 0.766065 0.0870364
t_wo + t_wo_cam
-1.0787 0.766065 0.0870364
Time
1558546921885
Theta
0.667235
t_GA - R_GA * R_AB * t_BA
-1.0787 0.766065 0.0870364
t_wo + t_wo_cam
-1.0787 0.766065 0.0870364
Time
1558546921906
Theta
0.667235
t_GA - R_GA * R_AB * t_BA
-1.0787 0.766065 0.0870364
t_wo + t_wo_cam
-1.0787 0.766065 0.0870364
Time
1558546921930
Theta
0.667235
t_GA - R_GA * R_AB * t_BA
-1.01716 0.848814 0.0992438
t_wo + t_wo_cam
-1.0787 0.766065 0.0870364
Time
1558546921955
Theta
0.667235
t_GA - R_GA * R_AB * t_BA
-1.01716 0.848814 0.0992438
t_wo + t_wo_cam
-1.01716 0.848814 0.0992438
Time
1558546921979
Theta
0.743093
t_GA - R_GA * R_AB * t_BA
-1.01716 0.848814 0.0992438
t_wo + t_wo_cam
-1.01716 0.848814 0.0992438
Time
1558546922004
Theta
0.743093
t_GA - R_GA * R_AB * t_BA
-1.01716 0.848814 0.0992438
t_wo + t_wo_cam
-1.01716 0.848814 0.0992438
Time
1558546922028
Theta
0.743093
t_GA - R_GA * R_AB * t_BA
-0.950525 0.925027 0.121681
t_wo + t_wo_cam
-1.01716 0.848814 0.0992438
Time
1558546922049
Theta
0.743093
t_GA - R_GA * R_AB * t_BA
-0.950525 0.925027 0.121681
t_wo + t_wo_cam
-0.950525 0.925027 0.121681
Time
1558546922074
Theta
0.818293
t_GA - R_GA * R_AB * t_BA
-0.950525 0.925027 0.121681
t_wo + t_wo_cam
-0.950525 0.925027 0.121681
Time
1558546922098
Theta
0.818293
t_GA - R_GA * R_AB * t_BA
-0.950525 0.925027 0.121681
t_wo + t_wo_cam
-0.950525 0.925027 0.121681
Time
1558546922123
Theta
0.818293
t_GA - R_GA * R_AB * t_BA
-0.906142 0.972002 0.131408
t_wo + t_wo_cam
-0.950525 0.925027 0.121681
Time
1558546922147
Theta
0.818293
t_GA - R_GA * R_AB * t_BA
-0.906142 0.972002 0.131408
t_wo + t_wo_cam
-0.906142 0.972002 0.131408
Time
1558546922172
Theta
0.867
t_GA - R_GA * R_AB * t_BA
-0.906142 0.972002 0.131408
t_wo + t_wo_cam
-0.906142 0.972002 0.131408
Time
1558546922192
Theta
0.867
t_GA - R_GA * R_AB * t_BA
-0.906142 0.972002 0.131408
t_wo + t_wo_cam
-0.906142 0.972002 0.131408
Time
1558546922217
Theta
0.867
t_GA - R_GA * R_AB * t_BA
-0.876484 0.998969 0.139959
t_wo + t_wo_cam
-0.906142 0.972002 0.131408
Time
1558546922241
Theta
0.867
t_GA - R_GA * R_AB * t_BA
-0.876484 0.998969 0.139959
t_wo + t_wo_cam
-0.876484 0.998969 0.139959
Time
1558546922266
Theta
0.897533
t_GA - R_GA * R_AB * t_BA
-0.876484 0.998969 0.139959
t_wo + t_wo_cam
-0.876484 0.998969 0.139959
Time
1558546922291
Theta
0.897533
t_GA - R_GA * R_AB * t_BA
-0.786686 1.079 0.114546
t_wo + t_wo_cam
-0.876484 0.998969 0.139959
Time
1558546922315
Theta
0.897533
t_GA - R_GA * R_AB * t_BA
-0.786686 1.079 0.114546
t_wo + t_wo_cam
-0.786686 1.079 0.114546
Time
1558546922336
Theta
0.985527
t_GA - R_GA * R_AB * t_BA
-0.786686 1.079 0.114546
t_wo + t_wo_cam
-0.786686 1.079 0.114546
Time
1558546922360
Theta
0.985527
t_GA - R_GA * R_AB * t_BA
-0.786686 1.079 0.114546
t_wo + t_wo_cam
-0.786686 1.079 0.114546
Time
1558546922385
Theta
0.985527
t_GA - R_GA * R_AB * t_BA
-0.786686 1.079 0.114546
t_wo + t_wo_cam
-0.786686 1.079 0.114546
Time
1558546922409
Theta
0.985527
t_GA - R_GA * R_AB * t_BA
-0.786686 1.079 0.114546
t_wo + t_wo_cam
-0.786686 1.079 0.114546
Time
1558546922434
Theta
0.985527
t_GA - R_GA * R_AB * t_BA
-0.786686 1.079 0.114546
t_wo + t_wo_cam
-0.786686 1.079 0.114546
Time
1558546922458
Theta
0.985527
t_GA - R_GA * R_AB * t_BA
-0.691325 1.14691 0.0892436
t_wo + t_wo_cam
-0.786686 1.079 0.114546
Time
1558546922479
Theta
0.985527
t_GA - R_GA * R_AB * t_BA
-0.691325 1.14691 0.0892436
t_wo + t_wo_cam
-0.691325 1.14691 0.0892436
Time
1558546922503
Theta
1.06926
t_GA - R_GA * R_AB * t_BA
-0.691325 1.14691 0.0892436
t_wo + t_wo_cam
-0.691325 1.14691 0.0892436
Time
1558546922528
Theta
1.06926
t_GA - R_GA * R_AB * t_BA
-0.691325 1.14691 0.0892436
t_wo + t_wo_cam
-0.691325 1.14691 0.0892436
Time
1558546922553
Theta
1.06926
t_GA - R_GA * R_AB * t_BA
-0.644326 1.1733 0.0945985
t_wo + t_wo_cam
-0.691325 1.14691 0.0892436
Time
1558546922577
Theta
1.06926
t_GA - R_GA * R_AB * t_BA
-0.644326 1.1733 0.0945985
t_wo + t_wo_cam
-0.644326 1.1733 0.0945985
Time
1558546922602
Theta
1.10735
t_GA - R_GA * R_AB * t_BA
-0.644326 1.1733 0.0945985
t_wo + t_wo_cam
-0.644326 1.1733 0.0945985
Time
1558546922622
Theta
1.10735
t_GA - R_GA * R_AB * t_BA
-0.610417 1.19195 0.0949932
t_wo + t_wo_cam
-0.644326 1.1733 0.0945985
Time
1558546922647
Theta
1.10735
t_GA - R_GA * R_AB * t_BA
-0.610417 1.19195 0.0949932
t_wo + t_wo_cam
-0.610417 1.19195 0.0949932
Time
1558546922671
Theta
1.1352
t_GA - R_GA * R_AB * t_BA
-0.610417 1.19195 0.0949932
t_wo + t_wo_cam
-0.610417 1.19195 0.0949932
Time
1558546922696
Theta
1.1352
t_GA - R_GA * R_AB * t_BA
-0.610417 1.19195 0.0949932
t_wo + t_wo_cam
-0.610417 1.19195 0.0949932
Time
1558546922720
Theta
1.1352
t_GA - R_GA * R_AB * t_BA
-0.606018 1.19611 0.0816567
t_wo + t_wo_cam
-0.610417 1.19195 0.0949932
Time
1558546922745
Theta
1.1352
t_GA - R_GA * R_AB * t_BA
-0.606018 1.19611 0.0816567
t_wo + t_wo_cam
-0.606018 1.19611 0.0816567
Time
1558546922766
Theta
1.13945
t_GA - R_GA * R_AB * t_BA
-0.606018 1.19611 0.0816567
t_wo + t_wo_cam
-0.606018 1.19611 0.0816567
Time
1558546922790
Theta
1.13945
t_GA - R_GA * R_AB * t_BA
-0.606018 1.19611 0.0816567
t_wo + t_wo_cam
-0.606018 1.19611 0.0816567
Time
1558546922815
Theta
1.13945
t_GA - R_GA * R_AB * t_BA
-0.606018 1.19611 0.0816567
t_wo + t_wo_cam
-0.606018 1.19611 0.0816567
Time
1558546922839
Theta
1.13945
t_GA - R_GA * R_AB * t_BA
-0.606018 1.19611 0.0816567
t_wo + t_wo_cam
-0.606018 1.19611 0.0816567
Time
1558546922864
Theta
1.13945
t_GA - R_GA * R_AB * t_BA
-0.606018 1.19611 0.0816567
t_wo + t_wo_cam
-0.606018 1.19611 0.0816567
Time
1558546922888
Theta
1.13945
t_GA - R_GA * R_AB * t_BA
-0.606018 1.19611 0.0816567
t_wo + t_wo_cam
-0.606018 1.19611 0.0816567
Time
1558546922913
Theta
1.13945
t_GA - R_GA * R_AB * t_BA
-0.606018 1.19611 0.0816567
t_wo + t_wo_cam
-0.606018 1.19611 0.0816567
Time
1558546922933
Theta
1.13945
t_GA - R_GA * R_AB * t_BA
-0.606018 1.19611 0.0816567
t_wo + t_wo_cam
-0.606018 1.19611 0.0816567
Time
1558546922958
Theta
1.13945
t_GA - R_GA * R_AB * t_BA
-0.606018 1.19611 0.0816567
t_wo + t_wo_cam
-0.606018 1.19611 0.0816567
Time
1558546922982
Theta
1.13945
t_GA - R_GA * R_AB * t_BA
-0.598109 1.1986 0.061067
t_wo + t_wo_cam
-0.606018 1.19611 0.0816567
Time
1558546923007
Theta
1.13945
t_GA - R_GA * R_AB * t_BA
-0.598109 1.1986 0.061067
t_wo + t_wo_cam
-0.598109 1.1986 0.061067
Time
1558546923032
Theta
1.14384
t_GA - R_GA * R_AB * t_BA
-0.598109 1.1986 0.061067
t_wo + t_wo_cam
-0.598109 1.1986 0.061067
Time
1558546923056
Theta
1.14384
t_GA - R_GA * R_AB * t_BA
-0.598109 1.1986 0.061067
t_wo + t_wo_cam
-0.598109 1.1986 0.061067
Time
1558546923077
Theta
1.14384
t_GA - R_GA * R_AB * t_BA
-0.598109 1.1986 0.061067
t_wo + t_wo_cam
-0.598109 1.1986 0.061067
Time
1558546923101
Theta
1.14384
t_GA - R_GA * R_AB * t_BA
-0.598109 1.1986 0.061067
t_wo + t_wo_cam
-0.598109 1.1986 0.061067
Time
1558546923126
Theta
1.14384
t_GA - R_GA * R_AB * t_BA
-0.598109 1.1986 0.061067
t_wo + t_wo_cam
-0.598109 1.1986 0.061067
Time
1558546923150
Theta
1.14384
t_GA - R_GA * R_AB * t_BA
-0.598657 1.19618 0.0674477
t_wo + t_wo_cam
-0.598109 1.1986 0.061067
Time
1558546923175
Theta
1.14384
t_GA - R_GA * R_AB * t_BA
-0.598657 1.19618 0.0674477
t_wo + t_wo_cam
-0.598657 1.19618 0.0674477
Time
1558546923200
Theta
1.14195
t_GA - R_GA * R_AB * t_BA
-0.598657 1.19618 0.0674477
t_wo + t_wo_cam
-0.598657 1.19618 0.0674477
Time
1558546923220
Theta
1.14195
t_GA - R_GA * R_AB * t_BA
-0.598657 1.19618 0.0674477
t_wo + t_wo_cam
-0.598657 1.19618 0.0674477
Time
1558546923245
Theta
1.14195
t_GA - R_GA * R_AB * t_BA
-0.598657 1.19618 0.0674477
t_wo + t_wo_cam
-0.598657 1.19618 0.0674477
Time
1558546923269
Theta
1.14195
t_GA - R_GA * R_AB * t_BA
-0.598657 1.19618 0.0674477
t_wo + t_wo_cam
-0.598657 1.19618 0.0674477
Time
1558546923294
Theta
1.14195
t_GA - R_GA * R_AB * t_BA
-0.598657 1.19618 0.0674477
t_wo + t_wo_cam
-0.598657 1.19618 0.0674477
Time
1558546923318
Theta
1.14195
t_GA - R_GA * R_AB * t_BA
-0.597348 1.19946 0.0630004
t_wo + t_wo_cam
-0.598657 1.19618 0.0674477
Time
1558546923343
Theta
1.14195
t_GA - R_GA * R_AB * t_BA
-0.597348 1.19946 0.0630004
t_wo + t_wo_cam
-0.597348 1.19946 0.0630004
Time
1558546923363
Theta
1.14354
t_GA - R_GA * R_AB * t_BA
-0.597348 1.19946 0.0630004
t_wo + t_wo_cam
-0.597348 1.19946 0.0630004
Time
1558546923388
Theta
1.14354
t_GA - R_GA * R_AB * t_BA
-0.596509 1.20144 0.0625755
t_wo + t_wo_cam
-0.597348 1.19946 0.0630004
Time
1558546923413
Theta
1.14354
t_GA - R_GA * R_AB * t_BA
-0.596509 1.20144 0.0625755
t_wo + t_wo_cam
-0.596509 1.20144 0.0625755
Time
1558546923437
Theta
1.14459
t_GA - R_GA * R_AB * t_BA
-0.596509 1.20144 0.0625755
t_wo + t_wo_cam
-0.596509 1.20144 0.0625755
Time
1558546923462
Theta
1.14459
t_GA - R_GA * R_AB * t_BA
-0.596509 1.20144 0.0625755
t_wo + t_wo_cam
-0.596509 1.20144 0.0625755
Time
1558546923486
Theta
1.14459
t_GA - R_GA * R_AB * t_BA
-0.596509 1.20144 0.0625755
t_wo + t_wo_cam
-0.596509 1.20144 0.0625755
Time
1558546923507
Theta
1.14459
t_GA - R_GA * R_AB * t_BA
-0.596509 1.20144 0.0625755
t_wo + t_wo_cam
-0.596509 1.20144 0.0625755
Time
1558546923531
Theta
1.14459
t_GA - R_GA * R_AB * t_BA
-0.596509 1.20144 0.0625755
t_wo + t_wo_cam
-0.596509 1.20144 0.0625755
Time
1558546923556
Theta
1.14459
t_GA - R_GA * R_AB * t_BA
-0.596509 1.20144 0.0625755
t_wo + t_wo_cam
-0.596509 1.20144 0.0625755
Time
1558546923581
Theta
1.14459
t_GA - R_GA * R_AB * t_BA
-0.596509 1.20144 0.0625755
t_wo + t_wo_cam
-0.596509 1.20144 0.0625755
Time
1558546923605
Theta
1.14459
t_GA - R_GA * R_AB * t_BA
-0.596509 1.20144 0.0625755
t_wo + t_wo_cam
-0.596509 1.20144 0.0625755
Time
1558546923630
Theta
1.14459
t_GA - R_GA * R_AB * t_BA
-0.596509 1.20144 0.0625755
t_wo + t_wo_cam
-0.596509 1.20144 0.0625755
Time
1558546923650
Theta
1.14459
t_GA - R_GA * R_AB * t_BA
-0.596509 1.20144 0.0625755
t_wo + t_wo_cam
-0.596509 1.20144 0.0625755
Time
1558546923675
Theta
1.14459
t_GA - R_GA * R_AB * t_BA
-0.596509 1.20144 0.0625755
t_wo + t_wo_cam
-0.596509 1.20144 0.0625755
Time
1558546923699
Theta
1.14459
t_GA - R_GA * R_AB * t_BA
-0.596509 1.20144 0.0625755
t_wo + t_wo_cam
-0.596509 1.20144 0.0625755
Time
1558546923724
Theta
1.14459
t_GA - R_GA * R_AB * t_BA
-0.596509 1.20144 0.0625755
t_wo + t_wo_cam
-0.596509 1.20144 0.0625755
Time
1558546923748
Theta
1.14459
t_GA - R_GA * R_AB * t_BA
-0.559283 1.22156 0.0559895
t_wo + t_wo_cam
-0.596509 1.20144 0.0625755
Time
1558546923773
Theta
1.14459
t_GA - R_GA * R_AB * t_BA
-0.559283 1.22156 0.0559895
t_wo + t_wo_cam
-0.559283 1.22156 0.0559895
Time
1558546923794
Theta
1.17613
t_GA - R_GA * R_AB * t_BA
-0.559283 1.22156 0.0559895
t_wo + t_wo_cam
-0.559283 1.22156 0.0559895
Time
1558546923818
Theta
1.17613
t_GA - R_GA * R_AB * t_BA
-0.559283 1.22156 0.0559895
t_wo + t_wo_cam
-0.559283 1.22156 0.0559895
Time
1558546923843
Theta
1.17613
t_GA - R_GA * R_AB * t_BA
-0.559283 1.22156 0.0559895
t_wo + t_wo_cam
-0.559283 1.22156 0.0559895
Time
1558546923867
Theta
1.17613
t_GA - R_GA * R_AB * t_BA
-0.559283 1.22156 0.0559895
t_wo + t_wo_cam
-0.559283 1.22156 0.0559895
Time
1558546923892
Theta
1.17613
t_GA - R_GA * R_AB * t_BA
-0.559283 1.22156 0.0559895
t_wo + t_wo_cam
-0.559283 1.22156 0.0559895
Time
1558546923916
Theta
1.17613
t_GA - R_GA * R_AB * t_BA
-0.561773 1.22156 0.0541954
t_wo + t_wo_cam
-0.559283 1.22156 0.0559895
Time
1558546923937
Theta
1.17613
t_GA - R_GA * R_AB * t_BA
-0.561773 1.22156 0.0541954
t_wo + t_wo_cam
-0.561773 1.22156 0.0541954
Time
1558546923961
Theta
1.17411
t_GA - R_GA * R_AB * t_BA
-0.561773 1.22156 0.0541954
t_wo + t_wo_cam
-0.561773 1.22156 0.0541954
Time
1558546923986
Theta
1.17411
t_GA - R_GA * R_AB * t_BA
-0.561773 1.22156 0.0541954
t_wo + t_wo_cam
-0.561773 1.22156 0.0541954
Time
1558546924011
Theta
1.17411
t_GA - R_GA * R_AB * t_BA
-0.561773 1.22156 0.0541954
t_wo + t_wo_cam
-0.561773 1.22156 0.0541954
Time
1558546924035
Theta
1.17411
t_GA - R_GA * R_AB * t_BA
-0.561773 1.22156 0.0541954
t_wo + t_wo_cam
-0.561773 1.22156 0.0541954
Time
1558546924060
Theta
1.17411
t_GA - R_GA * R_AB * t_BA
-0.566404 1.22413 0.042268
t_wo + t_wo_cam
-0.561773 1.22156 0.0541954
Time
1558546924084
Theta
1.17411
t_GA - R_GA * R_AB * t_BA
-0.566404 1.22413 0.042268
t_wo + t_wo_cam
-0.566404 1.22413 0.042268
Time
1558546924105
Theta
1.17264
t_GA - R_GA * R_AB * t_BA
-0.566404 1.22413 0.042268
t_wo + t_wo_cam
-0.566404 1.22413 0.042268
Time
1558546924129
Theta
1.17264
t_GA - R_GA * R_AB * t_BA
-0.566404 1.22413 0.042268
t_wo + t_wo_cam
-0.566404 1.22413 0.042268
Time
1558546924154
Theta
1.17264
t_GA - R_GA * R_AB * t_BA
-0.573615 1.225 0.0405735
t_wo + t_wo_cam
-0.566404 1.22413 0.042268
Time
1558546924179
Theta
1.17264
t_GA - R_GA * R_AB * t_BA
-0.573615 1.225 0.0405735
t_wo + t_wo_cam
-0.573615 1.225 0.0405735
Time
1558546924203
Theta
1.16844
t_GA - R_GA * R_AB * t_BA
-0.573615 1.225 0.0405735
t_wo + t_wo_cam
-0.573615 1.225 0.0405735
Time
1558546924228
Theta
1.16844
t_GA - R_GA * R_AB * t_BA
-0.568087 1.22664 0.0410984
t_wo + t_wo_cam
-0.573615 1.225 0.0405735
Time
1558546924248
Theta
1.16844
t_GA - R_GA * R_AB * t_BA
-0.568087 1.22664 0.0410984
t_wo + t_wo_cam
-0.568087 1.22664 0.0410984
Time
1558546924273
Theta
1.17226
