t_wo + t_wo_cam
0.9 0 0
Time
1558624674209
Theta
0
t_wo + t_wo_cam
0.9 0 0
Time
1558624674209
Theta
0
t_wo + t_wo_cam
0.9 0 0
Time
1558624674209
Theta
0
t_wo + t_wo_cam
0.9 0 0
Time
1558624674209
Theta
0
t_wo + t_wo_cam
0.9 0 0
Time
1558624674210
Theta
0
t_wo + t_wo_cam
0.9 0 0
Time
1558624674210
Theta
0
t_wo + t_wo_cam
0.9 0 0
Time
1558624674210
Theta
0
t_wo + t_wo_cam
0.9 0 0
Time
1558624674210
Theta
0
t_wo + t_wo_cam
0.9 0 0
Time
1558624674210
Theta
0
t_wo + t_wo_cam
0.9 0 0
Time
1558624674211
Theta
0
t_wo + t_wo_cam
0.9 0 0
Time
1558624674211
Theta
0
t_wo + t_wo_cam
0.9 0 0
Time
1558624674211
Theta
0
t_wo + t_wo_cam
0.9 0 0
Time
1558624674211
Theta
0
t_wo + t_wo_cam
0.9 0 0
Time
1558624674233
Theta
0
t_wo + t_wo_cam
0.9 0 0
Time
1558624674262
Theta
0
t_wo + t_wo_cam
0.9 0 0
Time
1558624674291
Theta
0
t_wo + t_wo_cam
0.9 0 0
Time
1558624674320
Theta
0
t_wo + t_wo_cam
0.9 0 0
Time
1558624674344
Theta
0
t_wo + t_wo_cam
0.9 0 0
Time
1558624674373
Theta
0
t_wo + t_wo_cam
0.9 0 0
Time
1558624674401
Theta
0
t_wo + t_wo_cam
0.9 0 0
Time
1558624674430
Theta
0
t_wo + t_wo_cam
0.9 0 0
Time
1558624674459
Theta
0
t_wo + t_wo_cam
0.9 0 0
Time
1558624674487
Theta
0
t_wo + t_wo_cam
0.9 0 0
Time
1558624674512
Theta
0
t_wo + t_wo_cam
0.9 0 0
Time
1558624674541
Theta
0
t_wo + t_wo_cam
0.9 0 0
Time
1558624674569
Theta
0
t_wo + t_wo_cam
0.9 0 0
Time
1558624674598
Theta
0
t_wo + t_wo_cam
0.9 0 0
Time
1558624674627
Theta
0
t_wo + t_wo_cam
0.9 0 0
Time
1558624674655
Theta
0
t_wo + t_wo_cam
0.9 0 0
Time
1558624674684
Theta
0
t_wo + t_wo_cam
0.9 0 0
Time
1558624674709
Theta
0
t_wo + t_wo_cam
0.853337 -0.103122 -0.0227769
Time
1558624674737
Theta
0.0154545
t_wo + t_wo_cam
0.853337 -0.103122 -0.0227769
Time
1558624674766
Theta
0.0154545
t_wo + t_wo_cam
0.853337 -0.103122 -0.0227769
Time
1558624674795
Theta
0.0154545
t_wo + t_wo_cam
0.853337 -0.103122 -0.0227769
Time
1558624674823
Theta
0.0154545
t_wo + t_wo_cam
0.853337 -0.103122 -0.0227769
Time
1558624674852
Theta
0.0154545
t_wo + t_wo_cam
0.853337 -0.103122 -0.0227769
Time
1558624674881
Theta
0.0154545
t_wo + t_wo_cam
0.85318 -0.102465 -0.0169311
Time
1558624674905
Theta
0.015265
t_wo + t_wo_cam
0.85318 -0.102465 -0.0169311
Time
1558624674934
Theta
0.015265
t_wo + t_wo_cam
0.85318 -0.102465 -0.0169311
Time
1558624674963
Theta
0.015265
t_wo + t_wo_cam
0.85318 -0.102465 -0.0169311
Time
1558624674991
Theta
0.015265
t_wo + t_wo_cam
0.853125 -0.10268 -0.0177814
Time
1558624675020
Theta
0.0152519
t_wo + t_wo_cam
0.853125 -0.10268 -0.0177814
Time
1558624675049
Theta
0.0152519
t_wo + t_wo_cam
0.853125 -0.10268 -0.0177814
Time
1558624675077
Theta
0.0152519
t_wo + t_wo_cam
0.853125 -0.10268 -0.0177814
Time
1558624675102
Theta
0.0152519
t_wo + t_wo_cam
0.853125 -0.10268 -0.0177814
Time
1558624675130
Theta
0.0152519
t_wo + t_wo_cam
0.853125 -0.10268 -0.0177814
Time
1558624675159
Theta
0.0152519
t_wo + t_wo_cam
0.852906 -0.101066 -0.0126052
Time
1558624675188
Theta
0.0148865
t_wo + t_wo_cam
0.852906 -0.101066 -0.0126052
Time
1558624675217
Theta
0.0148865
t_wo + t_wo_cam
0.852906 -0.101066 -0.0126052
Time
1558624675245
Theta
0.0148865
t_wo + t_wo_cam
0.852906 -0.101066 -0.0126052
Time
1558624675270
Theta
0.0148865
t_wo + t_wo_cam
0.852825 -0.100432 -0.0194705
Time
1558624675298
Theta
0.0145452
t_wo + t_wo_cam
0.852825 -0.100432 -0.0194705
Time
1558624675327
Theta
0.0145452
t_wo + t_wo_cam
0.852825 -0.100432 -0.0194705
Time
1558624675356
Theta
0.0145452
t_wo + t_wo_cam
0.852825 -0.100432 -0.0194705
Time
1558624675384
Theta
0.0145452
