t_GA - R_GA * R_AB * t_BA
0 0 0
t_wo + t_wo_cam
0.9 0 0
Time
1558556032364
Theta
0
t_GA - R_GA * R_AB * t_BA
0 0 0
t_wo + t_wo_cam
0.9 0 0
Time
1558556032364
Theta
0
t_GA - R_GA * R_AB * t_BA
0 0 0
t_wo + t_wo_cam
0.9 0 0
Time
1558556032365
Theta
0
t_GA - R_GA * R_AB * t_BA
0 0 0
t_wo + t_wo_cam
0.9 0 0
Time
1558556032365
Theta
0
t_GA - R_GA * R_AB * t_BA
0 0 0
t_wo + t_wo_cam
0.9 0 0
Time
1558556032365
Theta
0
t_GA - R_GA * R_AB * t_BA
0 0 0
t_wo + t_wo_cam
0.9 0 0
Time
1558556032365
Theta
0
t_GA - R_GA * R_AB * t_BA
0 0 0
t_wo + t_wo_cam
0.9 0 0
Time
1558556032365
Theta
0
t_GA - R_GA * R_AB * t_BA
0 0 0
t_wo + t_wo_cam
0.9 0 0
Time
1558556032371
Theta
0
t_GA - R_GA * R_AB * t_BA
0 0 0
t_wo + t_wo_cam
0.9 0 0
Time
1558556032391
Theta
0
t_GA - R_GA * R_AB * t_BA
0 0 0
t_wo + t_wo_cam
0.9 0 0
Time
1558556032411
Theta
0
t_GA - R_GA * R_AB * t_BA
0 0 0
t_wo + t_wo_cam
0.9 0 0
Time
1558556032436
Theta
0
t_GA - R_GA * R_AB * t_BA
0 0 0
t_wo + t_wo_cam
0.9 0 0
Time
1558556032457
Theta
0
t_GA - R_GA * R_AB * t_BA
0 0 0
t_wo + t_wo_cam
0.9 0 0
Time
1558556032477
Theta
0
t_GA - R_GA * R_AB * t_BA
0 0 0
t_wo + t_wo_cam
0.9 0 0
Time
1558556032502
Theta
0
t_GA - R_GA * R_AB * t_BA
0 0 0
t_wo + t_wo_cam
0.9 0 0
Time
1558556032522
Theta
0
t_GA - R_GA * R_AB * t_BA
0 0 0
t_wo + t_wo_cam
0.9 0 0
Time
1558556032543
Theta
0
t_GA - R_GA * R_AB * t_BA
0 0 0
t_wo + t_wo_cam
0.9 0 0
Time
1558556032567
Theta
0
t_GA - R_GA * R_AB * t_BA
0 0 0
t_wo + t_wo_cam
0.9 0 0
Time
1558556032588
Theta
0
t_GA - R_GA * R_AB * t_BA
0 0 0
t_wo + t_wo_cam
0.9 0 0
Time
1558556032608
Theta
0
t_GA - R_GA * R_AB * t_BA
0 0 0
t_wo + t_wo_cam
0.9 0 0
Time
1558556032633
Theta
0
t_GA - R_GA * R_AB * t_BA
0 0 0
t_wo + t_wo_cam
0.9 0 0
Time
1558556032653
Theta
0
t_GA - R_GA * R_AB * t_BA
0 0 0
t_wo + t_wo_cam
0.9 0 0
Time
1558556032674
Theta
0
t_GA - R_GA * R_AB * t_BA
0 0 0
t_wo + t_wo_cam
0.9 0 0
Time
1558556032694
Theta
0
t_GA - R_GA * R_AB * t_BA
0 0 0
t_wo + t_wo_cam
0.9 0 0
Time
1558556032719
Theta
0
t_GA - R_GA * R_AB * t_BA
0 0 0
t_wo + t_wo_cam
0.9 0 0
Time
1558556032739
Theta
0
t_GA - R_GA * R_AB * t_BA
0 0 0
t_wo + t_wo_cam
0.9 0 0
Time
1558556032760
Theta
0
t_GA - R_GA * R_AB * t_BA
0 0 0
t_wo + t_wo_cam
0.9 0 0
Time
1558556032784
Theta
0
t_GA - R_GA * R_AB * t_BA
0 0 0
t_wo + t_wo_cam
0.9 0 0
Time
1558556032805
Theta
0
t_GA - R_GA * R_AB * t_BA
0 0 0
t_wo + t_wo_cam
0.9 0 0
Time
1558556032825
Theta
0
t_GA - R_GA * R_AB * t_BA
0 0 0
t_wo + t_wo_cam
0.9 0 0
Time
1558556032850
Theta
0
t_GA - R_GA * R_AB * t_BA
0 0 0
t_wo + t_wo_cam
0.9 0 0
Time
1558556032870
Theta
0
t_GA - R_GA * R_AB * t_BA
0 0 0
t_wo + t_wo_cam
0.9 0 0
Time
1558556032891
Theta
0
t_GA - R_GA * R_AB * t_BA
0 0 0
t_wo + t_wo_cam
0.9 0 0
Time
1558556032915
Theta
0
t_GA - R_GA * R_AB * t_BA
0 0 0
t_wo + t_wo_cam
0.9 0 0
Time
1558556032936
Theta
0
t_GA - R_GA * R_AB * t_BA
0 0 0
t_wo + t_wo_cam
0.9 0 0
Time
1558556032956
Theta
0
t_GA - R_GA * R_AB * t_BA
0 0 0
t_wo + t_wo_cam
0.9 0 0
Time
1558556032981
Theta
0
t_GA - R_GA * R_AB * t_BA
0 0 0
t_wo + t_wo_cam
0.9 0 0
Time
1558556033001
Theta
0
t_GA - R_GA * R_AB * t_BA
0 0 0
t_wo + t_wo_cam
0.9 0 0
Time
1558556033022
Theta
0
t_GA - R_GA * R_AB * t_BA
0 0 0
t_wo + t_wo_cam
0.9 0 0
Time
1558556033046
Theta
0
t_GA - R_GA * R_AB * t_BA
0 0 0
t_wo + t_wo_cam
0.9 0 0
Time
1558556033067
Theta
0
t_GA - R_GA * R_AB * t_BA
0 0 0
t_wo + t_wo_cam
0.9 0 0
Time
1558556033087
Theta
0
t_GA - R_GA * R_AB * t_BA
0 0 0
t_wo + t_wo_cam
0.9 0 0
Time
1558556033112
Theta
0
t_GA - R_GA * R_AB * t_BA
0 0 0
t_wo + t_wo_cam
0.9 0 0
Time
1558556033132
Theta
0
t_GA - R_GA * R_AB * t_BA
0 0 0
t_wo + t_wo_cam
0.9 0 0
Time
1558556033153
Theta
0
t_GA - R_GA * R_AB * t_BA
0 0 0
t_wo + t_wo_cam
0.9 0 0
Time
1558556033177
Theta
0
t_GA - R_GA * R_AB * t_BA
0 0 0
t_wo + t_wo_cam
0.9 0 0
Time
1558556033198
Theta
0
t_GA - R_GA * R_AB * t_BA
0 0 0
t_wo + t_wo_cam
0.9 0 0
Time
1558556033218
Theta
0
t_GA - R_GA * R_AB * t_BA
0 0 0
t_wo + t_wo_cam
0.9 0 0
Time
1558556033243
Theta
0
t_GA - R_GA * R_AB * t_BA
0 0 0
t_wo + t_wo_cam
0.9 0 0
Time
1558556033263
Theta
0
t_GA - R_GA * R_AB * t_BA
0 0 0
t_wo + t_wo_cam
0.9 0 0
Time
1558556033284
Theta
0
t_GA - R_GA * R_AB * t_BA
0 0 0
t_wo + t_wo_cam
0.9 0 0
Time
1558556033309
Theta
0
t_GA - R_GA * R_AB * t_BA
0 0 0
t_wo + t_wo_cam
0.9 0 0
Time
1558556033329
Theta
0
t_GA - R_GA * R_AB * t_BA
0 0 0
t_wo + t_wo_cam
0.9 0 0
Time
1558556033349
Theta
0
t_GA - R_GA * R_AB * t_BA
0 0 0
t_wo + t_wo_cam
0.9 0 0
Time
1558556033374
Theta
0
t_GA - R_GA * R_AB * t_BA
0 0 0
t_wo + t_wo_cam
0.9 0 0
Time
1558556033395
Theta
0
t_GA - R_GA * R_AB * t_BA
0 0 0
t_wo + t_wo_cam
0.9 0 0
Time
1558556033415
Theta
0
t_GA - R_GA * R_AB * t_BA
0 0 0
t_wo + t_wo_cam
0.9 0 0
Time
1558556033440
Theta
0
t_GA - R_GA * R_AB * t_BA
0 0 0
t_wo + t_wo_cam
0.9 0 0
Time
1558556033460
Theta
0
t_GA - R_GA * R_AB * t_BA
0 0 0
t_wo + t_wo_cam
0.9 0 0
Time
1558556033481
Theta
0
t_GA - R_GA * R_AB * t_BA
0 0 0
t_wo + t_wo_cam
0.9 0 0
Time
1558556033505
Theta
0
t_GA - R_GA * R_AB * t_BA
0 0 0
t_wo + t_wo_cam
0.9 0 0
Time
1558556033526
Theta
0
t_GA - R_GA * R_AB * t_BA
0 0 0
t_wo + t_wo_cam
0.9 0 0
Time
1558556033546
Theta
0
t_GA - R_GA * R_AB * t_BA
0 0 0
t_wo + t_wo_cam
0.9 0 0
Time
1558556033571
Theta
0
t_GA - R_GA * R_AB * t_BA
0 0 0
t_wo + t_wo_cam
0.9 0 0
Time
1558556033591
Theta
0
t_GA - R_GA * R_AB * t_BA
0 0 0
t_wo + t_wo_cam
0.9 0 0
Time
1558556033612
Theta
0
t_GA - R_GA * R_AB * t_BA
0 0 0
t_wo + t_wo_cam
0.9 0 0
Time
1558556033636
Theta
0
t_GA - R_GA * R_AB * t_BA
0 0 0
t_wo + t_wo_cam
0.9 0 0
Time
1558556033657
Theta
0
t_GA - R_GA * R_AB * t_BA
0 0 0
t_wo + t_wo_cam
0.9 0 0
Time
1558556033677
Theta
0
t_GA - R_GA * R_AB * t_BA
0 0 0
t_wo + t_wo_cam
0.9 0 0
Time
1558556033702
Theta
0
t_GA - R_GA * R_AB * t_BA
0 0 0
t_wo + t_wo_cam
0.9 0 0
Time
1558556033722
Theta
0
t_GA - R_GA * R_AB * t_BA
0 0 0
t_wo + t_wo_cam
0.9 0 0
Time
1558556033743
Theta
0
t_GA - R_GA * R_AB * t_BA
0 0 0
t_wo + t_wo_cam
0.9 0 0
Time
1558556033767
Theta
0
t_GA - R_GA * R_AB * t_BA
0 0 0
t_wo + t_wo_cam
0.9 0 0
Time
1558556033788
Theta
0
t_GA - R_GA * R_AB * t_BA
0 0 0
t_wo + t_wo_cam
0.9 0 0
Time
1558556033808
Theta
0
t_GA - R_GA * R_AB * t_BA
0 0 0
t_wo + t_wo_cam
0.9 0 0
Time
1558556033833
Theta
0
t_GA - R_GA * R_AB * t_BA
0 0 0
t_wo + t_wo_cam
0.9 0 0
Time
1558556033853
Theta
0
t_GA - R_GA * R_AB * t_BA
0 0 0
t_wo + t_wo_cam
0.9 0 0
Time
1558556033874
Theta
0
t_GA - R_GA * R_AB * t_BA
0 0 0
t_wo + t_wo_cam
0.9 0 0
Time
1558556033898
Theta
0
t_GA - R_GA * R_AB * t_BA
0 0 0
t_wo + t_wo_cam
0.9 0 0
Time
1558556033919
Theta
0
t_GA - R_GA * R_AB * t_BA
0 0 0
t_wo + t_wo_cam
0.9 0 0
Time
1558556033939
Theta
0
t_GA - R_GA * R_AB * t_BA
0 0 0
t_wo + t_wo_cam
0.9 0 0
Time
1558556033964
Theta
0
t_GA - R_GA * R_AB * t_BA
0 0 0
t_wo + t_wo_cam
0.9 0 0
Time
1558556033984
Theta
0
t_GA - R_GA * R_AB * t_BA
0 0 0
t_wo + t_wo_cam
0.9 0 0
Time
1558556034005
Theta
0
t_GA - R_GA * R_AB * t_BA
0 0 0
t_wo + t_wo_cam
0.9 0 0
Time
1558556034029
Theta
0
t_GA - R_GA * R_AB * t_BA
0 0 0
t_wo + t_wo_cam
0.9 0 0
Time
1558556034050
Theta
0
t_GA - R_GA * R_AB * t_BA
0 0 0
t_wo + t_wo_cam
0.9 0 0
Time
1558556034070
Theta
0
t_GA - R_GA * R_AB * t_BA
0 0 0
t_wo + t_wo_cam
0.9 0 0
Time
1558556034095
Theta
0
t_GA - R_GA * R_AB * t_BA
0 0 0
t_wo + t_wo_cam
0.9 0 0
Time
1558556034115
Theta
0
t_GA - R_GA * R_AB * t_BA
0 0 0
t_wo + t_wo_cam
0.9 0 0
Time
1558556034136
Theta
0
t_GA - R_GA * R_AB * t_BA
0 0 0
t_wo + t_wo_cam
0.9 0 0
Time
1558556034160
Theta
0
t_GA - R_GA * R_AB * t_BA
0 0 0
t_wo + t_wo_cam
0.9 0 0
Time
1558556034181
Theta
0
t_GA - R_GA * R_AB * t_BA
0 0 0
t_wo + t_wo_cam
0.9 0 0
Time
1558556034201
Theta
0
t_GA - R_GA * R_AB * t_BA
0 0 0
t_wo + t_wo_cam
0.9 0 0
Time
1558556034226
Theta
0
t_GA - R_GA * R_AB * t_BA
0 0 0
t_wo + t_wo_cam
0.9 0 0
Time
1558556034246
Theta
0
t_GA - R_GA * R_AB * t_BA
0 0 0
t_wo + t_wo_cam
0.9 0 0
Time
1558556034267
Theta
0
t_GA - R_GA * R_AB * t_BA
0 0 0
t_wo + t_wo_cam
0.9 0 0
Time
1558556034291
Theta
0
t_GA - R_GA * R_AB * t_BA
0 0 0
t_wo + t_wo_cam
0.9 0 0
Time
1558556034312
Theta
0
t_GA - R_GA * R_AB * t_BA
0 0 0
t_wo + t_wo_cam
0.9 0 0
Time
1558556034332
Theta
0
t_GA - R_GA * R_AB * t_BA
0 0 0
t_wo + t_wo_cam
0.9 0 0
Time
1558556034357
Theta
0
t_GA - R_GA * R_AB * t_BA
0 0 0
t_wo + t_wo_cam
0.9 0 0
Time
1558556034377
Theta
0
t_GA - R_GA * R_AB * t_BA
0 0 0
t_wo + t_wo_cam
0.9 0 0
Time
1558556034398
Theta
0
t_GA - R_GA * R_AB * t_BA
0 0 0
t_wo + t_wo_cam
0.9 0 0
Time
1558556034423
Theta
0
t_GA - R_GA * R_AB * t_BA
0 0 0
t_wo + t_wo_cam
0.9 0 0
Time
1558556034443
Theta
0
t_GA - R_GA * R_AB * t_BA
0 0 0
t_wo + t_wo_cam
0.9 0 0
Time
1558556034463
Theta
0
t_GA - R_GA * R_AB * t_BA
0 0 0
t_wo + t_wo_cam
0.9 0 0
Time
1558556034488
Theta
0
t_GA - R_GA * R_AB * t_BA
0 0 0
t_wo + t_wo_cam
0.9 0 0
Time
1558556034509
Theta
0
t_GA - R_GA * R_AB * t_BA
0 0 0
t_wo + t_wo_cam
0.9 0 0
Time
1558556034529
Theta
0
t_GA - R_GA * R_AB * t_BA
0 0 0
t_wo + t_wo_cam
0.9 0 0
Time
1558556034550
Theta
0
t_GA - R_GA * R_AB * t_BA
0 0 0
t_wo + t_wo_cam
0.9 0 0
Time
1558556034574
Theta
0
t_GA - R_GA * R_AB * t_BA
0 0 0
t_wo + t_wo_cam
0.9 0 0
Time
1558556034595
Theta
0
t_GA - R_GA * R_AB * t_BA
-1.16882 0.176388 0.0406929
t_wo + t_wo_cam
-1.16882 0.176388 0.0406929
Time
1558556034615
Theta
-0.198532
t_GA - R_GA * R_AB * t_BA
-1.16882 0.176388 0.0406929
t_wo + t_wo_cam
-1.16882 0.176388 0.0406929
Time
1558556034640
Theta
-0.198532
t_GA - R_GA * R_AB * t_BA
-1.16882 0.176388 0.0406929
t_wo + t_wo_cam
-1.16882 0.176388 0.0406929
Time
1558556034660
Theta
-0.198532
t_GA - R_GA * R_AB * t_BA
-1.17561 0.107042 0.0128692
t_wo + t_wo_cam
-1.16882 0.176388 0.0406929
Time
1558556034681
Theta
-0.198532
t_GA - R_GA * R_AB * t_BA
-1.17561 0.107042 0.0128692
t_wo + t_wo_cam
-1.17561 0.107042 0.0128692
Time
1558556034705
Theta
-0.153218
t_GA - R_GA * R_AB * t_BA
-1.17561 0.107042 0.0128692
t_wo + t_wo_cam
-1.17561 0.107042 0.0128692
Time
1558556034726
Theta
-0.153218
t_GA - R_GA * R_AB * t_BA
-1.17561 0.107042 0.0128692
t_wo + t_wo_cam
-1.17561 0.107042 0.0128692
Time
1558556034746
Theta
-0.153218
t_GA - R_GA * R_AB * t_BA
-1.16885 0.0285014 0.0489399
t_wo + t_wo_cam
-1.17561 0.107042 0.0128692
Time
1558556034771
Theta
-0.153218
t_GA - R_GA * R_AB * t_BA
-1.16885 0.0285014 0.0489399
t_wo + t_wo_cam
-1.16885 0.0285014 0.0489399
Time
1558556034791
Theta
-0.123234
t_GA - R_GA * R_AB * t_BA
-1.16885 0.0285014 0.0489399
t_wo + t_wo_cam
-1.16885 0.0285014 0.0489399
Time
1558556034812
Theta
-0.123234
t_GA - R_GA * R_AB * t_BA
-1.16885 0.0285014 0.0489399
t_wo + t_wo_cam
-1.16885 0.0285014 0.0489399
Time
1558556034836
Theta
-0.123234
t_GA - R_GA * R_AB * t_BA
-1.16462 0.0335931 0.065321
t_wo + t_wo_cam
-1.16462 0.0335931 0.065321
Time
1558556034857
Theta
-0.123234
t_GA - R_GA * R_AB * t_BA
-1.16462 0.0335931 0.065321
t_wo + t_wo_cam
-1.16462 0.0335931 0.065321
Time
1558556034877
Theta
-0.127727
t_GA - R_GA * R_AB * t_BA
-1.16462 0.0335931 0.065321
t_wo + t_wo_cam
-1.16462 0.0335931 0.065321
Time
1558556034902
Theta
-0.127727
t_GA - R_GA * R_AB * t_BA
-1.16462 0.0335931 0.065321
t_wo + t_wo_cam
-1.16462 0.0335931 0.065321
Time
1558556034922
Theta
-0.127727
t_GA - R_GA * R_AB * t_BA
-1.16208 0.0349137 0.0746249
t_wo + t_wo_cam
-1.16462 0.0335931 0.065321
Time
1558556034943
Theta
-0.127727
t_GA - R_GA * R_AB * t_BA
-1.16208 0.0349137 0.0746249
t_wo + t_wo_cam
-1.16208 0.0349137 0.0746249
Time
1558556034967
Theta
-0.122343
t_GA - R_GA * R_AB * t_BA
-1.16208 0.0349137 0.0746249
t_wo + t_wo_cam
-1.16208 0.0349137 0.0746249
Time
1558556034988
Theta
-0.122343
t_GA - R_GA * R_AB * t_BA
-1.16208 0.0349137 0.0746249
t_wo + t_wo_cam
-1.16208 0.0349137 0.0746249
Time
1558556035008
Theta
-0.122343
t_GA - R_GA * R_AB * t_BA
-1.15966 0.0267906 0.0931062
t_wo + t_wo_cam
-1.16208 0.0349137 0.0746249
Time
1558556035033
Theta
-0.122343
t_GA - R_GA * R_AB * t_BA
-1.15966 0.0267906 0.0931062
t_wo + t_wo_cam
-1.15966 0.0267906 0.0931062
Time
1558556035053
Theta
-0.118891
t_GA - R_GA * R_AB * t_BA
-1.15966 0.0267906 0.0931062
t_wo + t_wo_cam
-1.15966 0.0267906 0.0931062
Time
1558556035074
Theta
-0.118891
t_GA - R_GA * R_AB * t_BA
-1.15966 0.0267906 0.0931062
t_wo + t_wo_cam
-1.15966 0.0267906 0.0931062
Time
1558556035098
Theta
-0.118891
t_GA - R_GA * R_AB * t_BA
-1.15687 0.0247767 0.115045
t_wo + t_wo_cam
-1.15966 0.0267906 0.0931062
Time
1558556035119
Theta
-0.118891
t_GA - R_GA * R_AB * t_BA
-1.15687 0.0247767 0.115045
t_wo + t_wo_cam
-1.15687 0.0247767 0.115045
Time
1558556035139
Theta
-0.106236
t_GA - R_GA * R_AB * t_BA
-1.15687 0.0247767 0.115045
t_wo + t_wo_cam
-1.15687 0.0247767 0.115045
Time
1558556035164
Theta
-0.106236
t_GA - R_GA * R_AB * t_BA
-1.15687 0.0247767 0.115045
t_wo + t_wo_cam
-1.15687 0.0247767 0.115045
Time
1558556035184
Theta
-0.106236
t_GA - R_GA * R_AB * t_BA
-1.15811 0.026877 0.107286
t_wo + t_wo_cam
-1.15687 0.0247767 0.115045
Time
1558556035205
Theta
-0.106236
t_GA - R_GA * R_AB * t_BA
-1.15811 0.026877 0.107286
t_wo + t_wo_cam
-1.15811 0.026877 0.107286
Time
1558556035229
Theta
-0.107455
t_GA - R_GA * R_AB * t_BA
-1.15811 0.026877 0.107286
t_wo + t_wo_cam
-1.15811 0.026877 0.107286
Time
1558556035250
Theta
-0.107455
t_GA - R_GA * R_AB * t_BA
-1.15908 0.0283335 0.101322
t_wo + t_wo_cam
-1.15811 0.026877 0.107286
Time
1558556035270
Theta
-0.107455
t_GA - R_GA * R_AB * t_BA
-1.15908 0.0283335 0.101322
t_wo + t_wo_cam
-1.15908 0.0283335 0.101322
Time
1558556035295
Theta
-0.103304
t_GA - R_GA * R_AB * t_BA
-1.15908 0.0283335 0.101322
t_wo + t_wo_cam
-1.15908 0.0283335 0.101322
Time
1558556035315
Theta
-0.103304
t_GA - R_GA * R_AB * t_BA
-1.15908 0.0283335 0.101322
t_wo + t_wo_cam
-1.15908 0.0283335 0.101322
Time
1558556035336
Theta
-0.103304
t_GA - R_GA * R_AB * t_BA
-1.15495 0.020614 0.119176
t_wo + t_wo_cam
-1.15908 0.0283335 0.101322
Time
1558556035360
Theta
-0.103304
t_GA - R_GA * R_AB * t_BA
-1.15495 0.020614 0.119176
t_wo + t_wo_cam
-1.15495 0.020614 0.119176
Time
1558556035381
Theta
-0.0963647
t_GA - R_GA * R_AB * t_BA
-1.15495 0.020614 0.119176
t_wo + t_wo_cam
-1.15495 0.020614 0.119176
Time
1558556035401
Theta
-0.0963647
t_GA - R_GA * R_AB * t_BA
-1.15495 0.020614 0.119176
t_wo + t_wo_cam
-1.15495 0.020614 0.119176
Time
1558556035426
Theta
-0.0963647
t_GA - R_GA * R_AB * t_BA
-1.15239 0.0206368 0.130549
t_wo + t_wo_cam
-1.15495 0.020614 0.119176
Time
1558556035446
Theta
-0.0963647
t_GA - R_GA * R_AB * t_BA
-1.15239 0.0206368 0.130549
t_wo + t_wo_cam
-1.15239 0.0206368 0.130549
Time
1558556035467
Theta
-0.0944686
t_GA - R_GA * R_AB * t_BA
-1.15239 0.0206368 0.130549
t_wo + t_wo_cam
-1.15239 0.0206368 0.130549
Time
1558556035492
Theta
-0.0944686
t_GA - R_GA * R_AB * t_BA
-1.15239 0.0206368 0.130549
t_wo + t_wo_cam
-1.15239 0.0206368 0.130549
Time
1558556035512
Theta
-0.0944686
t_GA - R_GA * R_AB * t_BA
-1.1518 0.0255552 0.129026
t_wo + t_wo_cam
-1.15239 0.0206368 0.130549
Time
1558556035532
Theta
-0.0944686
t_GA - R_GA * R_AB * t_BA
-1.1518 0.0255552 0.129026
t_wo + t_wo_cam
-1.1518 0.0255552 0.129026
Time
1558556035557
Theta
-0.0957188
t_GA - R_GA * R_AB * t_BA
-1.1518 0.0255552 0.129026
t_wo + t_wo_cam
-1.1518 0.0255552 0.129026
Time
1558556035578
Theta
-0.0957188
t_GA - R_GA * R_AB * t_BA
-1.15235 0.0359559 0.120373
t_wo + t_wo_cam
-1.1518 0.0255552 0.129026
Time
1558556035598
Theta
-0.0957188
t_GA - R_GA * R_AB * t_BA
-1.15235 0.0359559 0.120373
t_wo + t_wo_cam
-1.15235 0.0359559 0.120373
Time
1558556035623
Theta
-0.0998162
t_GA - R_GA * R_AB * t_BA
-1.15235 0.0359559 0.120373
t_wo + t_wo_cam
-1.15235 0.0359559 0.120373
Time
1558556035643
Theta
-0.0998162
t_GA - R_GA * R_AB * t_BA
-1.15235 0.0359559 0.120373
t_wo + t_wo_cam
-1.15235 0.0359559 0.120373
Time
1558556035664
Theta
-0.0998162
t_GA - R_GA * R_AB * t_BA
-1.15034 0.0292995 0.134305
t_wo + t_wo_cam
-1.15235 0.0359559 0.120373
Time
1558556035688
Theta
-0.0998162
t_GA - R_GA * R_AB * t_BA
-1.15034 0.0292995 0.134305
t_wo + t_wo_cam
-1.15034 0.0292995 0.134305
Time
1558556035709
Theta
-0.0943003
t_GA - R_GA * R_AB * t_BA
-1.15034 0.0292995 0.134305
t_wo + t_wo_cam
-1.15034 0.0292995 0.134305
Time
1558556035729
Theta
-0.0943003
t_GA - R_GA * R_AB * t_BA
-1.15034 0.0292995 0.134305
t_wo + t_wo_cam
-1.15034 0.0292995 0.134305
Time
1558556035754
Theta
-0.0943003
t_GA - R_GA * R_AB * t_BA
-1.15195 0.0207595 0.127615
t_wo + t_wo_cam
-1.15034 0.0292995 0.134305
Time
1558556035774
Theta
-0.0943003
t_GA - R_GA * R_AB * t_BA
-1.15195 0.0207595 0.127615
t_wo + t_wo_cam
-1.15195 0.0207595 0.127615
Time
1558556035795
Theta
-0.0899976
t_GA - R_GA * R_AB * t_BA
-1.15195 0.0207595 0.127615
t_wo + t_wo_cam
-1.15195 0.0207595 0.127615
Time
1558556035819
Theta
-0.0899976
t_GA - R_GA * R_AB * t_BA
-1.15195 0.0207595 0.127615
t_wo + t_wo_cam
-1.15195 0.0207595 0.127615
Time
1558556035840
Theta
-0.0899976
t_GA - R_GA * R_AB * t_BA
-1.15166 0.0253037 0.12872
t_wo + t_wo_cam
-1.15195 0.0207595 0.127615
Time
1558556035860
Theta
-0.0899976
t_GA - R_GA * R_AB * t_BA
-1.15166 0.0253037 0.12872
t_wo + t_wo_cam
-1.15166 0.0253037 0.12872
Time
1558556035885
Theta
-0.0895165
t_GA - R_GA * R_AB * t_BA
-1.15166 0.0253037 0.12872
t_wo + t_wo_cam
-1.15166 0.0253037 0.12872
Time
1558556035905
Theta
-0.0895165
t_GA - R_GA * R_AB * t_BA
-1.15166 0.0253037 0.12872
t_wo + t_wo_cam
-1.15166 0.0253037 0.12872
Time
1558556035926
Theta
-0.0895165
t_GA - R_GA * R_AB * t_BA
-1.15248 0.0174181 0.128688
t_wo + t_wo_cam
-1.15166 0.0253037 0.12872
Time
1558556035950
Theta
-0.0895165
t_GA - R_GA * R_AB * t_BA
-1.15248 0.0174181 0.128688
t_wo + t_wo_cam
-1.15248 0.0174181 0.128688
Time
1558556035971
Theta
-0.0823978
t_GA - R_GA * R_AB * t_BA
-1.15248 0.0174181 0.128688
t_wo + t_wo_cam
-1.15248 0.0174181 0.128688
Time
1558556035991
Theta
-0.0823978
t_GA - R_GA * R_AB * t_BA
-1.15248 0.0174181 0.128688
t_wo + t_wo_cam
-1.15248 0.0174181 0.128688
Time
1558556036016
Theta
-0.0823978
t_GA - R_GA * R_AB * t_BA
-1.1533 0.0171465 0.12268
t_wo + t_wo_cam
-1.15248 0.0174181 0.128688
Time
1558556036036
Theta
-0.0823978
t_GA - R_GA * R_AB * t_BA
-1.1533 0.0171465 0.12268
t_wo + t_wo_cam
-1.1533 0.0171465 0.12268
Time
1558556036057
Theta
-0.0813365
t_GA - R_GA * R_AB * t_BA
-1.1533 0.0171465 0.12268
t_wo + t_wo_cam
-1.1533 0.0171465 0.12268
Time
1558556036081
Theta
-0.0813365
t_GA - R_GA * R_AB * t_BA
-1.1533 0.0171465 0.12268
t_wo + t_wo_cam
-1.1533 0.0171465 0.12268
Time
1558556036102
Theta
-0.0813365
t_GA - R_GA * R_AB * t_BA
-1.1513 0.0223917 0.130011
t_wo + t_wo_cam
-1.1533 0.0171465 0.12268
Time
1558556036122
Theta
-0.0813365
t_GA - R_GA * R_AB * t_BA
-1.1513 0.0223917 0.130011
t_wo + t_wo_cam
-1.1513 0.0223917 0.130011
Time
1558556036147
Theta
-0.0850683
t_GA - R_GA * R_AB * t_BA
-1.1513 0.0223917 0.130011
t_wo + t_wo_cam
-1.1513 0.0223917 0.130011
Time
1558556036167
Theta
-0.0850683
t_GA - R_GA * R_AB * t_BA
-1.1513 0.0223917 0.130011
t_wo + t_wo_cam
-1.1513 0.0223917 0.130011
Time
1558556036188
Theta
-0.0850683
t_GA - R_GA * R_AB * t_BA
-1.14932 0.0298478 0.134735
t_wo + t_wo_cam
-1.1513 0.0223917 0.130011
Time
1558556036212
Theta
-0.0850683
t_GA - R_GA * R_AB * t_BA
-1.14932 0.0298478 0.134735
t_wo + t_wo_cam
-1.14932 0.0298478 0.134735
Time
1558556036233
Theta
-0.0871188
t_GA - R_GA * R_AB * t_BA
-1.14932 0.0298478 0.134735
t_wo + t_wo_cam
-1.14932 0.0298478 0.134735
Time
1558556036253
Theta
-0.0871188
t_GA - R_GA * R_AB * t_BA
-1.14917 0.0298841 0.135349
t_wo + t_wo_cam
-1.14932 0.0298478 0.134735
Time
1558556036278
Theta
-0.0871188
t_GA - R_GA * R_AB * t_BA
-1.14917 0.0298841 0.135349
t_wo + t_wo_cam
-1.14917 0.0298841 0.135349
Time
1558556036298
Theta
-0.0861374
t_GA - R_GA * R_AB * t_BA
-1.14917 0.0298841 0.135349
t_wo + t_wo_cam
-1.14917 0.0298841 0.135349
Time
1558556036319
Theta
-0.0861374
t_GA - R_GA * R_AB * t_BA
-1.14917 0.0298841 0.135349
t_wo + t_wo_cam
-1.14917 0.0298841 0.135349
Time
1558556036343
Theta
-0.0861374
t_GA - R_GA * R_AB * t_BA
-1.14911 0.0302106 0.136523
t_wo + t_wo_cam
-1.14917 0.0298841 0.135349
Time
1558556036364
Theta
-0.0861374
t_GA - R_GA * R_AB * t_BA
-1.14911 0.0302106 0.136523
t_wo + t_wo_cam
-1.14911 0.0302106 0.136523
Time
1558556036385
Theta
-0.0854719
t_GA - R_GA * R_AB * t_BA
-1.14911 0.0302106 0.136523
t_wo + t_wo_cam
-1.14911 0.0302106 0.136523
Time
1558556036409
Theta
-0.0854719
t_GA - R_GA * R_AB * t_BA
-1.14911 0.0302106 0.136523
t_wo + t_wo_cam
-1.14911 0.0302106 0.136523
Time
1558556036430
Theta
-0.0854719
t_GA - R_GA * R_AB * t_BA
-1.14872 0.020982 0.139709
t_wo + t_wo_cam
-1.14911 0.0302106 0.136523
Time
1558556036450
Theta
-0.0854719
t_GA - R_GA * R_AB * t_BA
-1.14872 0.020982 0.139709
t_wo + t_wo_cam
-1.14872 0.020982 0.139709
Time
1558556036470
Theta
-0.0797499
t_GA - R_GA * R_AB * t_BA
-1.14872 0.020982 0.139709
t_wo + t_wo_cam
-1.14872 0.020982 0.139709
Time
1558556036495
Theta
-0.0797499
t_GA - R_GA * R_AB * t_BA
-1.14872 0.020982 0.139709
t_wo + t_wo_cam
-1.14872 0.020982 0.139709
Time
1558556036515
Theta
-0.0797499
t_GA - R_GA * R_AB * t_BA
-1.14364 -0.013814 0.163452
t_wo + t_wo_cam
-1.14872 0.020982 0.139709
Time
1558556036536
Theta
-0.0797499
t_GA - R_GA * R_AB * t_BA
-1.14364 -0.013814 0.163452
t_wo + t_wo_cam
-1.14364 -0.013814 0.163452
Time
1558556036561
Theta
-0.0675152
t_GA - R_GA * R_AB * t_BA
-1.14364 -0.013814 0.163452
t_wo + t_wo_cam
-1.14364 -0.013814 0.163452
Time
1558556036581
Theta
-0.0675152
t_GA - R_GA * R_AB * t_BA
-1.14364 -0.013814 0.163452
t_wo + t_wo_cam
-1.14364 -0.013814 0.163452
Time
1558556036602
Theta
-0.0675152
t_GA - R_GA * R_AB * t_BA
-1.13944 -0.0593903 0.176198
t_wo + t_wo_cam
-1.14364 -0.013814 0.163452
Time
1558556036626
Theta
-0.0675152
t_GA - R_GA * R_AB * t_BA
-1.13944 -0.0593903 0.176198
t_wo + t_wo_cam
-1.13944 -0.0593903 0.176198
Time
1558556036647
Theta
0.0691149
t_GA - R_GA * R_AB * t_BA
-1.13944 -0.0593903 0.176198
t_wo + t_wo_cam
-1.13944 -0.0593903 0.176198
Time
1558556036667
Theta
0.0691149
t_GA - R_GA * R_AB * t_BA
-1.13079 -0.108256 0.199885
t_wo + t_wo_cam
-1.13944 -0.0593903 0.176198
Time
1558556036692
Theta
0.0691149
t_GA - R_GA * R_AB * t_BA
-1.13079 -0.108256 0.199885
t_wo + t_wo_cam
-1.13079 -0.108256 0.199885
Time
1558556036712
Theta
0.0977222
t_GA - R_GA * R_AB * t_BA
-1.13079 -0.108256 0.199885
t_wo + t_wo_cam
-1.13079 -0.108256 0.199885
Time
1558556036733
Theta
0.0977222
t_GA - R_GA * R_AB * t_BA
-1.13079 -0.108256 0.199885
t_wo + t_wo_cam
-1.13079 -0.108256 0.199885
Time
1558556036757
Theta
0.0977222
t_GA - R_GA * R_AB * t_BA
-1.12338 -0.146884 0.213614
t_wo + t_wo_cam
-1.13079 -0.108256 0.199885
Time
1558556036778
Theta
0.0977222
t_GA - R_GA * R_AB * t_BA
-1.12338 -0.146884 0.213614
t_wo + t_wo_cam
-1.12338 -0.146884 0.213614
Time
1558556036798
Theta
0.129424
t_GA - R_GA * R_AB * t_BA
-1.12338 -0.146884 0.213614
t_wo + t_wo_cam
-1.12338 -0.146884 0.213614
Time
1558556036823
Theta
0.129424
t_GA - R_GA * R_AB * t_BA
-1.12338 -0.146884 0.213614
t_wo + t_wo_cam
-1.12338 -0.146884 0.213614
Time
1558556036843
Theta
0.129424
t_GA - R_GA * R_AB * t_BA
-1.10709 -0.201263 0.243369
t_wo + t_wo_cam
-1.12338 -0.146884 0.213614
Time
1558556036864
Theta
0.129424
t_GA - R_GA * R_AB * t_BA
-1.10709 -0.201263 0.243369
t_wo + t_wo_cam
-1.10709 -0.201263 0.243369
Time
1558556036888
Theta
0.176209
t_GA - R_GA * R_AB * t_BA
-1.10709 -0.201263 0.243369
t_wo + t_wo_cam
-1.10709 -0.201263 0.243369
Time
1558556036909
Theta
0.176209
t_GA - R_GA * R_AB * t_BA
-1.10709 -0.201263 0.243369
t_wo + t_wo_cam
-1.10709 -0.201263 0.243369
Time
1558556036929
Theta
0.176209
t_GA - R_GA * R_AB * t_BA
-1.09864 -0.223767 0.257149
t_wo + t_wo_cam
-1.10709 -0.201263 0.243369
Time
1558556036954
Theta
0.176209
t_GA - R_GA * R_AB * t_BA
-1.09864 -0.223767 0.257149
t_wo + t_wo_cam
-1.09864 -0.223767 0.257149
Time
1558556036974
Theta
0.190226
t_GA - R_GA * R_AB * t_BA
-1.09864 -0.223767 0.257149
t_wo + t_wo_cam
-1.09864 -0.223767 0.257149
Time
1558556036995
Theta
0.190226
t_GA - R_GA * R_AB * t_BA
-1.09864 -0.223767 0.257149
t_wo + t_wo_cam
-1.09864 -0.223767 0.257149
Time
1558556037019
Theta
0.190226
t_GA - R_GA * R_AB * t_BA
-1.08851 -0.256432 0.272528
t_wo + t_wo_cam
-1.09864 -0.223767 0.257149
Time
1558556037040
Theta
0.190226
t_GA - R_GA * R_AB * t_BA
-1.08851 -0.256432 0.272528
t_wo + t_wo_cam
-1.08851 -0.256432 0.272528
Time
1558556037060
Theta
0.214953
t_GA - R_GA * R_AB * t_BA
-1.08851 -0.256432 0.272528
t_wo + t_wo_cam
-1.08851 -0.256432 0.272528
Time
1558556037085
Theta
0.214953
t_GA - R_GA * R_AB * t_BA
-1.08851 -0.256432 0.272528
t_wo + t_wo_cam
-1.08851 -0.256432 0.272528
Time
1558556037105
Theta
0.214953
t_GA - R_GA * R_AB * t_BA
-1.08416 -0.276849 0.273689
t_wo + t_wo_cam
-1.08851 -0.256432 0.272528
Time
1558556037126
Theta
0.214953
t_GA - R_GA * R_AB * t_BA
-1.08416 -0.276849 0.273689
t_wo + t_wo_cam
-1.08416 -0.276849 0.273689
Time
1558556037150
Theta
0.229195
t_GA - R_GA * R_AB * t_BA
-1.08416 -0.276849 0.273689
t_wo + t_wo_cam
-1.08416 -0.276849 0.273689
Time
1558556037171
Theta
0.229195
t_GA - R_GA * R_AB * t_BA
-1.08416 -0.276849 0.273689
t_wo + t_wo_cam
-1.08416 -0.276849 0.273689
Time
1558556037191
Theta
0.229195
t_GA - R_GA * R_AB * t_BA
-1.07476 -0.318553 0.27285
t_wo + t_wo_cam
-1.08416 -0.276849 0.273689
Time
1558556037216
Theta
0.229195
t_GA - R_GA * R_AB * t_BA
-1.07476 -0.318553 0.27285
t_wo + t_wo_cam
-1.07476 -0.318553 0.27285
Time
1558556037236
Theta
0.258304
t_GA - R_GA * R_AB * t_BA
-1.07476 -0.318553 0.27285
t_wo + t_wo_cam
-1.07476 -0.318553 0.27285
Time
1558556037257
Theta
0.258304
t_GA - R_GA * R_AB * t_BA
-1.07476 -0.318553 0.27285
t_wo + t_wo_cam
-1.07476 -0.318553 0.27285
Time
1558556037281
Theta
0.258304
t_GA - R_GA * R_AB * t_BA
-1.06698 -0.337738 0.281903
t_wo + t_wo_cam
-1.07476 -0.318553 0.27285
Time
1558556037302
Theta
0.258304
t_GA - R_GA * R_AB * t_BA
-1.06698 -0.337738 0.281903
t_wo + t_wo_cam
-1.06698 -0.337738 0.281903
Time
1558556037322
Theta
0.273628
t_GA - R_GA * R_AB * t_BA
-1.06698 -0.337738 0.281903
t_wo + t_wo_cam
-1.06698 -0.337738 0.281903
Time
1558556037347
Theta
0.273628
t_GA - R_GA * R_AB * t_BA
-1.06698 -0.337738 0.281903
t_wo + t_wo_cam
-1.06698 -0.337738 0.281903
Time
1558556037368
Theta
0.273628
t_GA - R_GA * R_AB * t_BA
-1.0567 -0.361176 0.291752
t_wo + t_wo_cam
-1.06698 -0.337738 0.281903
Time
1558556037388
Theta
0.273628
t_GA - R_GA * R_AB * t_BA
-1.0567 -0.361176 0.291752
t_wo + t_wo_cam
-1.0567 -0.361176 0.291752
Time
1558556037412
Theta
0.294897
t_GA - R_GA * R_AB * t_BA
-1.0567 -0.361176 0.291752
t_wo + t_wo_cam
-1.0567 -0.361176 0.291752
Time
1558556037433
Theta
0.294897
t_GA - R_GA * R_AB * t_BA
-1.0567 -0.361176 0.291752
t_wo + t_wo_cam
-1.0567 -0.361176 0.291752
Time
1558556037453
Theta
0.294897
t_GA - R_GA * R_AB * t_BA
-1.04349 -0.388937 0.302851
t_wo + t_wo_cam
-1.0567 -0.361176 0.291752
Time
1558556037478
Theta
0.294897
t_GA - R_GA * R_AB * t_BA
-1.04349 -0.388937 0.302851
t_wo + t_wo_cam
-1.04349 -0.388937 0.302851
Time
1558556037498
Theta
0.316224
t_GA - R_GA * R_AB * t_BA
-1.04349 -0.388937 0.302851
t_wo + t_wo_cam
-1.04349 -0.388937 0.302851
Time
1558556037519
Theta
0.316224
t_GA - R_GA * R_AB * t_BA
-1.04349 -0.388937 0.302851
t_wo + t_wo_cam
-1.04349 -0.388937 0.302851
Time
1558556037544
Theta
0.316224
t_GA - R_GA * R_AB * t_BA
-1.03548 -0.407512 0.305747
t_wo + t_wo_cam
-1.04349 -0.388937 0.302851
Time
1558556037564
Theta
0.316224
t_GA - R_GA * R_AB * t_BA
-1.03548 -0.407512 0.305747
t_wo + t_wo_cam
-1.03548 -0.407512 0.305747
Time
1558556037585
Theta
0.335687
t_GA - R_GA * R_AB * t_BA
-1.03548 -0.407512 0.305747
t_wo + t_wo_cam
-1.03548 -0.407512 0.305747
Time
1558556037609
Theta
0.335687
t_GA - R_GA * R_AB * t_BA
-1.03548 -0.407512 0.305747
t_wo + t_wo_cam
-1.03548 -0.407512 0.305747
Time
1558556037630
Theta
0.335687
t_GA - R_GA * R_AB * t_BA
-1.0282 -0.424822 0.309086
t_wo + t_wo_cam
-1.03548 -0.407512 0.305747
Time
1558556037650
Theta
0.335687
t_GA - R_GA * R_AB * t_BA
-1.0282 -0.424822 0.309086
t_wo + t_wo_cam
-1.0282 -0.424822 0.309086
Time
1558556037675
Theta
0.352608
t_GA - R_GA * R_AB * t_BA
-1.0282 -0.424822 0.309086
t_wo + t_wo_cam
-1.0282 -0.424822 0.309086
Time
1558556037695
Theta
0.352608
t_GA - R_GA * R_AB * t_BA
-1.0282 -0.424822 0.309086
t_wo + t_wo_cam
-1.0282 -0.424822 0.309086
Time
1558556037716
Theta
0.352608
t_GA - R_GA * R_AB * t_BA
-1.00121 -0.484944 0.323163
t_wo + t_wo_cam
-1.0282 -0.424822 0.309086
Time
1558556037740
Theta
0.352608
t_GA - R_GA * R_AB * t_BA
-1.00121 -0.484944 0.323163
t_wo + t_wo_cam
-1.00121 -0.484944 0.323163
Time
1558556037761
Theta
0.408818
t_GA - R_GA * R_AB * t_BA
-1.00121 -0.484944 0.323163
t_wo + t_wo_cam
-1.00121 -0.484944 0.323163
Time
1558556037781
Theta
0.408818
t_GA - R_GA * R_AB * t_BA
-1.00121 -0.484944 0.323163
t_wo + t_wo_cam
-1.00121 -0.484944 0.323163
Time
1558556037806
Theta
0.408818
t_GA - R_GA * R_AB * t_BA
-0.984939 -0.516927 0.329678
t_wo + t_wo_cam
-1.00121 -0.484944 0.323163
Time
1558556037826
Theta
0.408818
t_GA - R_GA * R_AB * t_BA
-0.984939 -0.516927 0.329678
t_wo + t_wo_cam
-0.984939 -0.516927 0.329678
Time
1558556037847
Theta
0.437393
t_GA - R_GA * R_AB * t_BA
-0.984939 -0.516927 0.329678
t_wo + t_wo_cam
-0.984939 -0.516927 0.329678
Time
1558556037871
Theta
0.437393
t_GA - R_GA * R_AB * t_BA
-0.949765 -0.575306 0.343723
t_wo + t_wo_cam
-0.984939 -0.516927 0.329678
Time
1558556037892
Theta
0.437393
t_GA - R_GA * R_AB * t_BA
-0.949765 -0.575306 0.343723
t_wo + t_wo_cam
-0.949765 -0.575306 0.343723
Time
1558556037912
Theta
0.490523
t_GA - R_GA * R_AB * t_BA
-0.949765 -0.575306 0.343723
t_wo + t_wo_cam
-0.949765 -0.575306 0.343723
Time
1558556037937
Theta
0.490523
t_GA - R_GA * R_AB * t_BA
-0.949765 -0.575306 0.343723
t_wo + t_wo_cam
-0.949765 -0.575306 0.343723
Time
1558556037957
Theta
0.490523
t_GA - R_GA * R_AB * t_BA
-0.891965 -0.668206 0.366286
t_wo + t_wo_cam
-0.949765 -0.575306 0.343723
Time
1558556037978
Theta
0.490523
t_GA - R_GA * R_AB * t_BA
-0.891965 -0.668206 0.366286
t_wo + t_wo_cam
-0.891965 -0.668206 0.366286
Time
1558556038002
Theta
0.586453
t_GA - R_GA * R_AB * t_BA
-0.891965 -0.668206 0.366286
t_wo + t_wo_cam
-0.891965 -0.668206 0.366286
Time
1558556038023
Theta
0.586453
t_GA - R_GA * R_AB * t_BA
-0.891965 -0.668206 0.366286
t_wo + t_wo_cam
-0.891965 -0.668206 0.366286
Time
1558556038043
Theta
0.586453
t_GA - R_GA * R_AB * t_BA
-0.882244 -0.699983 0.34841
t_wo + t_wo_cam
-0.891965 -0.668206 0.366286
Time
1558556038068
Theta
0.586453
t_GA - R_GA * R_AB * t_BA
-0.882244 -0.699983 0.34841
t_wo + t_wo_cam
-0.882244 -0.699983 0.34841
Time
1558556038088
Theta
0.617987
t_GA - R_GA * R_AB * t_BA
-0.882244 -0.699983 0.34841
t_wo + t_wo_cam
-0.882244 -0.699983 0.34841
Time
1558556038109
Theta
0.617987
t_GA - R_GA * R_AB * t_BA
-0.882244 -0.699983 0.34841
t_wo + t_wo_cam
-0.882244 -0.699983 0.34841
Time
1558556038133
Theta
0.617987
t_GA - R_GA * R_AB * t_BA
-0.902967 -0.691829 0.314932
t_wo + t_wo_cam
-0.882244 -0.699983 0.34841
Time
1558556038154
Theta
0.617987
t_GA - R_GA * R_AB * t_BA
-0.902967 -0.691829 0.314932
t_wo + t_wo_cam
-0.902967 -0.691829 0.314932
Time
1558556038174
Theta
0.609126
t_GA - R_GA * R_AB * t_BA
-0.902967 -0.691829 0.314932
t_wo + t_wo_cam
-0.902967 -0.691829 0.314932
Time
1558556038199
Theta
0.609126
t_GA - R_GA * R_AB * t_BA
-0.902967 -0.691829 0.314932
t_wo + t_wo_cam
-0.902967 -0.691829 0.314932
Time
1558556038219
Theta
0.609126
t_GA - R_GA * R_AB * t_BA
-0.902137 -0.68783 0.316859
t_wo + t_wo_cam
-0.902967 -0.691829 0.314932
Time
1558556038240
Theta
0.609126
t_GA - R_GA * R_AB * t_BA
-0.902137 -0.68783 0.316859
t_wo + t_wo_cam
-0.902137 -0.68783 0.316859
Time
1558556038264
Theta
0.61488
t_GA - R_GA * R_AB * t_BA
-0.902137 -0.68783 0.316859
t_wo + t_wo_cam
-0.902137 -0.68783 0.316859
Time
1558556038285
Theta
0.61488
t_GA - R_GA * R_AB * t_BA
-0.902137 -0.68783 0.316859
t_wo + t_wo_cam
-0.902137 -0.68783 0.316859
Time
1558556038305
Theta
0.61488
t_GA - R_GA * R_AB * t_BA
-0.907683 -0.653149 0.342145
t_wo + t_wo_cam
-0.902137 -0.68783 0.316859
Time
1558556038326
Theta
0.61488
t_GA - R_GA * R_AB * t_BA
-0.907683 -0.653149 0.342145
t_wo + t_wo_cam
-0.907683 -0.653149 0.342145
Time
1558556038350
Theta
0.57963
t_GA - R_GA * R_AB * t_BA
-0.907683 -0.653149 0.342145
t_wo + t_wo_cam
-0.907683 -0.653149 0.342145
Time
1558556038371
Theta
0.57963
t_GA - R_GA * R_AB * t_BA
-0.907683 -0.653149 0.342145
t_wo + t_wo_cam
-0.907683 -0.653149 0.342145
Time
1558556038391
Theta
0.57963
t_GA - R_GA * R_AB * t_BA
-0.945994 -0.591354 0.331032
t_wo + t_wo_cam
-0.907683 -0.653149 0.342145
Time
1558556038416
Theta
0.57963
t_GA - R_GA * R_AB * t_BA
-0.945994 -0.591354 0.331032
t_wo + t_wo_cam
-0.945994 -0.591354 0.331032
Time
1558556038436
Theta
0.51349
t_GA - R_GA * R_AB * t_BA
-0.945994 -0.591354 0.331032
t_wo + t_wo_cam
-0.945994 -0.591354 0.331032
Time
1558556038457
Theta
0.51349
t_GA - R_GA * R_AB * t_BA
-0.945994 -0.591354 0.331032
t_wo + t_wo_cam
-0.945994 -0.591354 0.331032
Time
1558556038482
Theta
0.51349
t_GA - R_GA * R_AB * t_BA
-0.982248 -0.515674 0.325849
t_wo + t_wo_cam
-0.945994 -0.591354 0.331032
Time
1558556038502
Theta
0.51349
t_GA - R_GA * R_AB * t_BA
-0.982248 -0.515674 0.325849
t_wo + t_wo_cam
-0.982248 -0.515674 0.325849
Time
1558556038523
Theta
0.440801
t_GA - R_GA * R_AB * t_BA
-0.982248 -0.515674 0.325849
t_wo + t_wo_cam
-0.982248 -0.515674 0.325849
Time
1558556038547
Theta
0.440801
t_GA - R_GA * R_AB * t_BA
-0.982248 -0.515674 0.325849
t_wo + t_wo_cam
-0.982248 -0.515674 0.325849
Time
1558556038568
Theta
0.440801
t_GA - R_GA * R_AB * t_BA
-1.03177 -0.391551 0.309685
t_wo + t_wo_cam
-0.982248 -0.515674 0.325849
Time
1558556038588
Theta
0.440801
t_GA - R_GA * R_AB * t_BA
-1.03177 -0.391551 0.309685
t_wo + t_wo_cam
-1.03177 -0.391551 0.309685
Time
1558556038613
Theta
0.326577
t_GA - R_GA * R_AB * t_BA
-1.03177 -0.391551 0.309685
t_wo + t_wo_cam
-1.03177 -0.391551 0.309685
Time
1558556038633
Theta
0.326577
t_GA - R_GA * R_AB * t_BA
-1.03177 -0.391551 0.309685
t_wo + t_wo_cam
-1.03177 -0.391551 0.309685
Time
1558556038654
Theta
0.326577
t_GA - R_GA * R_AB * t_BA
-1.07441 -0.180932 0.290557
t_wo + t_wo_cam
-1.03177 -0.391551 0.309685
Time
1558556038678
Theta
0.326577
t_GA - R_GA * R_AB * t_BA
-1.07441 -0.180932 0.290557
t_wo + t_wo_cam
-1.07441 -0.180932 0.290557
Time
1558556038699
Theta
0.14236
t_GA - R_GA * R_AB * t_BA
-1.07441 -0.180932 0.290557
t_wo + t_wo_cam
-1.07441 -0.180932 0.290557
Time
1558556038719
Theta
0.14236
t_GA - R_GA * R_AB * t_BA
-1.07474 -0.121671 0.300309
t_wo + t_wo_cam
-1.07441 -0.180932 0.290557
Time
1558556038744
Theta
0.14236
t_GA - R_GA * R_AB * t_BA
-1.07474 -0.121671 0.300309
t_wo + t_wo_cam
-1.07474 -0.121671 0.300309
Time
1558556038764
Theta
0.102625
t_GA - R_GA * R_AB * t_BA
-1.07474 -0.121671 0.300309
t_wo + t_wo_cam
-1.07474 -0.121671 0.300309
Time
1558556038785
Theta
0.102625
t_GA - R_GA * R_AB * t_BA
-1.07474 -0.121671 0.300309
t_wo + t_wo_cam
-1.07474 -0.121671 0.300309
Time
1558556038809
Theta
0.102625
t_GA - R_GA * R_AB * t_BA
-1.07828 -0.0558355 0.294681
t_wo + t_wo_cam
-1.07474 -0.121671 0.300309
Time
1558556038830
Theta
0.102625
t_GA - R_GA * R_AB * t_BA
-1.07828 -0.0558355 0.294681
t_wo + t_wo_cam
-1.07828 -0.0558355 0.294681
Time
1558556038850
Theta
0.0671696
t_GA - R_GA * R_AB * t_BA
-1.07828 -0.0558355 0.294681
t_wo + t_wo_cam
-1.07828 -0.0558355 0.294681
Time
1558556038875
Theta
0.0671696
t_GA - R_GA * R_AB * t_BA
-1.07828 -0.0558355 0.294681
t_wo + t_wo_cam
-1.07828 -0.0558355 0.294681
Time
1558556038895
Theta
0.0671696
t_GA - R_GA * R_AB * t_BA
-1.08279 0.165233 0.214967
t_wo + t_wo_cam
-1.07828 -0.0558355 0.294681
Time
1558556038916
Theta
0.0671696
t_GA - R_GA * R_AB * t_BA
-1.08279 0.165233 0.214967
t_wo + t_wo_cam
-1.08279 0.165233 0.214967
Time
1558556038940
Theta
-0.181104
t_GA - R_GA * R_AB * t_BA
-1.08279 0.165233 0.214967
t_wo + t_wo_cam
-1.08279 0.165233 0.214967
Time
1558556038961
Theta
-0.181104
t_GA - R_GA * R_AB * t_BA
-1.08279 0.165233 0.214967
t_wo + t_wo_cam
-1.08279 0.165233 0.214967
Time
1558556038981
Theta
-0.181104
t_GA - R_GA * R_AB * t_BA
-1.06335 0.242102 0.220952
t_wo + t_wo_cam
-1.08279 0.165233 0.214967
Time
1558556039006
Theta
-0.181104
t_GA - R_GA * R_AB * t_BA
-1.06335 0.242102 0.220952
t_wo + t_wo_cam
-1.06335 0.242102 0.220952
Time
1558556039026
Theta
-0.252434
t_GA - R_GA * R_AB * t_BA
-1.06335 0.242102 0.220952
t_wo + t_wo_cam
-1.06335 0.242102 0.220952
Time
1558556039047
Theta
-0.252434
t_GA - R_GA * R_AB * t_BA
-1.04549 0.283769 0.238042
t_wo + t_wo_cam
-1.06335 0.242102 0.220952
Time
1558556039071
Theta
-0.252434
t_GA - R_GA * R_AB * t_BA
-1.04549 0.283769 0.238042
t_wo + t_wo_cam
-1.04549 0.283769 0.238042
Time
1558556039092
Theta
-0.29162
t_GA - R_GA * R_AB * t_BA
-1.04549 0.283769 0.238042
t_wo + t_wo_cam
-1.04549 0.283769 0.238042
Time
1558556039112
Theta
-0.29162
t_GA - R_GA * R_AB * t_BA
-1.04549 0.283769 0.238042
t_wo + t_wo_cam
-1.04549 0.283769 0.238042
Time
1558556039137
Theta
-0.29162
t_GA - R_GA * R_AB * t_BA
-1.03557 0.314947 0.235582
t_wo + t_wo_cam
-1.04549 0.283769 0.238042
Time
1558556039157
Theta
-0.29162
t_GA - R_GA * R_AB * t_BA
-1.03557 0.314947 0.235582
t_wo + t_wo_cam
-1.03557 0.314947 0.235582
Time
1558556039178
Theta
-0.320858
t_GA - R_GA * R_AB * t_BA
-1.03557 0.314947 0.235582
t_wo + t_wo_cam
-1.03557 0.314947 0.235582
Time
1558556039202
Theta
-0.320858
t_GA - R_GA * R_AB * t_BA
-1.03557 0.314947 0.235582
t_wo + t_wo_cam
-1.03557 0.314947 0.235582
Time
1558556039223
Theta
-0.320858
t_GA - R_GA * R_AB * t_BA
-1.04614 0.296161 0.218262
t_wo + t_wo_cam
-1.03557 0.314947 0.235582
Time
1558556039243
Theta
-0.320858
t_GA - R_GA * R_AB * t_BA
-1.04614 0.296161 0.218262
t_wo + t_wo_cam
-1.04614 0.296161 0.218262
Time
1558556039268
Theta
-0.298875
t_GA - R_GA * R_AB * t_BA
-1.04614 0.296161 0.218262
t_wo + t_wo_cam
-1.04614 0.296161 0.218262
Time
1558556039288
Theta
-0.298875
t_GA - R_GA * R_AB * t_BA
-1.04614 0.296161 0.218262
t_wo + t_wo_cam
-1.04614 0.296161 0.218262
Time
1558556039309
Theta
-0.298875
t_GA - R_GA * R_AB * t_BA
-1.04623 0.302089 0.208369
t_wo + t_wo_cam
-1.04614 0.296161 0.218262
Time
1558556039333
Theta
-0.298875
t_GA - R_GA * R_AB * t_BA
-1.04623 0.302089 0.208369
t_wo + t_wo_cam
-1.04623 0.302089 0.208369
Time
1558556039354
Theta
-0.30556
t_GA - R_GA * R_AB * t_BA
-1.04623 0.302089 0.208369
t_wo + t_wo_cam
-1.04623 0.302089 0.208369
Time
1558556039374
Theta
-0.30556
t_GA - R_GA * R_AB * t_BA
-1.04623 0.302089 0.208369
t_wo + t_wo_cam
-1.04623 0.302089 0.208369
Time
1558556039399
Theta
-0.30556
t_GA - R_GA * R_AB * t_BA
-1.0395 0.327793 0.200237
t_wo + t_wo_cam
-1.04623 0.302089 0.208369
Time
1558556039419
Theta
-0.30556
t_GA - R_GA * R_AB * t_BA
-1.0395 0.327793 0.200237
t_wo + t_wo_cam
-1.0395 0.327793 0.200237
Time
1558556039440
Theta
-0.332178
t_GA - R_GA * R_AB * t_BA
-1.0395 0.327793 0.200237
t_wo + t_wo_cam
-1.0395 0.327793 0.200237
Time
1558556039465
Theta
-0.332178
t_GA - R_GA * R_AB * t_BA
-1.0395 0.327793 0.200237
t_wo + t_wo_cam
-1.0395 0.327793 0.200237
Time
1558556039485
Theta
-0.332178
t_GA - R_GA * R_AB * t_BA
-1.0395 0.327793 0.200237
t_wo + t_wo_cam
-1.0395 0.327793 0.200237
Time
1558556039505
Theta
-0.332178
t_GA - R_GA * R_AB * t_BA
-1.0395 0.327793 0.200237
t_wo + t_wo_cam
-1.0395 0.327793 0.200237
Time
1558556039530
Theta
-0.332178
t_GA - R_GA * R_AB * t_BA
-1.0395 0.327793 0.200237
t_wo + t_wo_cam
-1.0395 0.327793 0.200237
Time
1558556039551
Theta
-0.332178
t_GA - R_GA * R_AB * t_BA
-1.0395 0.327793 0.200237
t_wo + t_wo_cam
-1.0395 0.327793 0.200237
Time
1558556039571
Theta
-0.332178
t_GA - R_GA * R_AB * t_BA
-1.0395 0.327793 0.200237
t_wo + t_wo_cam
-1.0395 0.327793 0.200237
Time
1558556039596
Theta
-0.332178
t_GA - R_GA * R_AB * t_BA
-1.0395 0.327793 0.200237
t_wo + t_wo_cam
-1.0395 0.327793 0.200237
Time
1558556039616
Theta
-0.332178
t_GA - R_GA * R_AB * t_BA
-1.0395 0.327793 0.200237
t_wo + t_wo_cam
-1.0395 0.327793 0.200237
Time
1558556039637
Theta
-0.332178
t_GA - R_GA * R_AB * t_BA
-1.0395 0.327793 0.200237
t_wo + t_wo_cam
-1.0395 0.327793 0.200237
Time
1558556039661
Theta
-0.332178
t_GA - R_GA * R_AB * t_BA
-1.0395 0.327793 0.200237
t_wo + t_wo_cam
-1.0395 0.327793 0.200237
Time
1558556039682
Theta
-0.332178
t_GA - R_GA * R_AB * t_BA
-1.0395 0.327793 0.200237
t_wo + t_wo_cam
-1.0395 0.327793 0.200237
Time
1558556039702
Theta
-0.332178
t_GA - R_GA * R_AB * t_BA
-1.0395 0.327793 0.200237
t_wo + t_wo_cam
-1.0395 0.327793 0.200237
Time
1558556039727
Theta
-0.332178
t_GA - R_GA * R_AB * t_BA
-1.0395 0.327793 0.200237
t_wo + t_wo_cam
-1.0395 0.327793 0.200237
Time
1558556039747
Theta
-0.332178
t_GA - R_GA * R_AB * t_BA
-1.0395 0.327793 0.200237
t_wo + t_wo_cam
-1.0395 0.327793 0.200237
Time
1558556039768
Theta
-0.332178
t_GA - R_GA * R_AB * t_BA
-1.0395 0.327793 0.200237
t_wo + t_wo_cam
-1.0395 0.327793 0.200237
Time
1558556039792
Theta
-0.332178
t_GA - R_GA * R_AB * t_BA
-1.0395 0.327793 0.200237
t_wo + t_wo_cam
-1.0395 0.327793 0.200237
Time
1558556039813
Theta
-0.332178
t_GA - R_GA * R_AB * t_BA
0.136952 0.452241 1.01203
t_wo + t_wo_cam
0.136952 0.452241 1.01203
Time
1558556039833
Theta
2.58456
t_GA - R_GA * R_AB * t_BA
0.136952 0.452241 1.01203
t_wo + t_wo_cam
0.136952 0.452241 1.01203
Time
1558556039858
Theta
2.58456
t_GA - R_GA * R_AB * t_BA
0.136952 0.452241 1.01203
t_wo + t_wo_cam
0.136952 0.452241 1.01203
Time
1558556039878
Theta
2.58456
t_GA - R_GA * R_AB * t_BA
0.136952 0.452241 1.01203
t_wo + t_wo_cam
0.136952 0.452241 1.01203
Time
1558556039899
Theta
2.58456
t_GA - R_GA * R_AB * t_BA
0.136952 0.452241 1.01203
t_wo + t_wo_cam
0.136952 0.452241 1.01203
Time
1558556039923
Theta
2.58456
t_GA - R_GA * R_AB * t_BA
0.136952 0.452241 1.01203
t_wo + t_wo_cam
0.136952 0.452241 1.01203
Time
1558556039944
Theta
2.58456
t_GA - R_GA * R_AB * t_BA
0.136952 0.452241 1.01203
t_wo + t_wo_cam
0.136952 0.452241 1.01203
Time
1558556039964
Theta
2.58456
t_GA - R_GA * R_AB * t_BA
0.136952 0.452241 1.01203
t_wo + t_wo_cam
0.136952 0.452241 1.01203
Time
1558556039989
Theta
2.58456
t_GA - R_GA * R_AB * t_BA
0.136952 0.452241 1.01203
t_wo + t_wo_cam
0.136952 0.452241 1.01203
Time
1558556040009
Theta
2.58456
t_GA - R_GA * R_AB * t_BA
0.136952 0.452241 1.01203
t_wo + t_wo_cam
0.136952 0.452241 1.01203
Time
1558556040030
Theta
2.58456
t_GA - R_GA * R_AB * t_BA
0.136952 0.452241 1.01203
t_wo + t_wo_cam
0.136952 0.452241 1.01203
Time
1558556040054
Theta
2.58456
t_GA - R_GA * R_AB * t_BA
0.136952 0.452241 1.01203
t_wo + t_wo_cam
0.136952 0.452241 1.01203
Time
1558556040075
Theta
2.58456
t_GA - R_GA * R_AB * t_BA
0.136952 0.452241 1.01203
t_wo + t_wo_cam
0.136952 0.452241 1.01203
Time
1558556040095
Theta
2.58456
t_GA - R_GA * R_AB * t_BA
0.136952 0.452241 1.01203
t_wo + t_wo_cam
0.136952 0.452241 1.01203
Time
1558556040120
Theta
2.58456
t_GA - R_GA * R_AB * t_BA
0.136952 0.452241 1.01203
t_wo + t_wo_cam
0.136952 0.452241 1.01203
Time
1558556040142
Theta
2.58456
t_GA - R_GA * R_AB * t_BA
0.136952 0.452241 1.01203
t_wo + t_wo_cam
0.136952 0.452241 1.01203
Time
1558556040161
Theta
2.58456
t_GA - R_GA * R_AB * t_BA
0.136952 0.452241 1.01203
t_wo + t_wo_cam
0.136952 0.452241 1.01203
Time
1558556040185
Theta
2.58456
t_GA - R_GA * R_AB * t_BA
0.136952 0.452241 1.01203
t_wo + t_wo_cam
0.136952 0.452241 1.01203
Time
1558556040206
Theta
2.58456
t_GA - R_GA * R_AB * t_BA
0.136952 0.452241 1.01203
t_wo + t_wo_cam
0.136952 0.452241 1.01203
Time
1558556040226
Theta
2.58456
t_GA - R_GA * R_AB * t_BA
0.136952 0.452241 1.01203
t_wo + t_wo_cam
0.136952 0.452241 1.01203
Time
1558556040247
Theta
2.58456
t_GA - R_GA * R_AB * t_BA
0.136952 0.452241 1.01203
t_wo + t_wo_cam
0.136952 0.452241 1.01203
Time
1558556040271
Theta
2.58456
t_GA - R_GA * R_AB * t_BA
0.136952 0.452241 1.01203
t_wo + t_wo_cam
0.136952 0.452241 1.01203
Time
1558556040292
Theta
2.58456
t_GA - R_GA * R_AB * t_BA
0.136952 0.452241 1.01203
t_wo + t_wo_cam
0.136952 0.452241 1.01203
Time
1558556040312
Theta
2.58456
t_GA - R_GA * R_AB * t_BA
0.136952 0.452241 1.01203
t_wo + t_wo_cam
0.136952 0.452241 1.01203
Time
1558556040337
Theta
2.58456
t_GA - R_GA * R_AB * t_BA
0.136952 0.452241 1.01203
t_wo + t_wo_cam
0.136952 0.452241 1.01203
Time
1558556040357
Theta
2.58456
t_GA - R_GA * R_AB * t_BA
0.136952 0.452241 1.01203
t_wo + t_wo_cam
0.136952 0.452241 1.01203
Time
1558556040378
Theta
2.58456
t_GA - R_GA * R_AB * t_BA
0.136952 0.452241 1.01203
t_wo + t_wo_cam
0.136952 0.452241 1.01203
Time
1558556040402
Theta
2.58456
t_GA - R_GA * R_AB * t_BA
0.136952 0.452241 1.01203
t_wo + t_wo_cam
0.136952 0.452241 1.01203
Time
1558556040423
Theta
2.58456
t_GA - R_GA * R_AB * t_BA
0.136952 0.452241 1.01203
t_wo + t_wo_cam
0.136952 0.452241 1.01203
Time
1558556040446
Theta
2.58456
t_GA - R_GA * R_AB * t_BA
0.136952 0.452241 1.01203
t_wo + t_wo_cam
0.136952 0.452241 1.01203
Time
1558556040468
Theta
2.58456
t_GA - R_GA * R_AB * t_BA
0.136952 0.452241 1.01203
t_wo + t_wo_cam
0.136952 0.452241 1.01203
Time
1558556040488
Theta
2.58456
t_GA - R_GA * R_AB * t_BA
0.136952 0.452241 1.01203
t_wo + t_wo_cam
0.136952 0.452241 1.01203
Time
1558556040510
Theta
2.58456
t_GA - R_GA * R_AB * t_BA
0.136952 0.452241 1.01203
t_wo + t_wo_cam
0.136952 0.452241 1.01203
Time
1558556040534
Theta
2.58456
t_GA - R_GA * R_AB * t_BA
0.136952 0.452241 1.01203
t_wo + t_wo_cam
0.136952 0.452241 1.01203
Time
1558556040554
Theta
2.58456
t_GA - R_GA * R_AB * t_BA
0.136952 0.452241 1.01203
t_wo + t_wo_cam
0.136952 0.452241 1.01203
Time
1558556040574
Theta
2.58456
t_GA - R_GA * R_AB * t_BA
0.136952 0.452241 1.01203
t_wo + t_wo_cam
0.136952 0.452241 1.01203
Time
1558556040600
Theta
2.58456
t_GA - R_GA * R_AB * t_BA
0.136952 0.452241 1.01203
t_wo + t_wo_cam
0.136952 0.452241 1.01203
Time
1558556040620
Theta
2.58456
t_GA - R_GA * R_AB * t_BA
0.136952 0.452241 1.01203
t_wo + t_wo_cam
0.136952 0.452241 1.01203
Time
1558556040640
Theta
2.58456
t_GA - R_GA * R_AB * t_BA
0.136952 0.452241 1.01203
t_wo + t_wo_cam
0.136952 0.452241 1.01203
Time
1558556040665
Theta
2.58456
t_GA - R_GA * R_AB * t_BA
0.136952 0.452241 1.01203
t_wo + t_wo_cam
0.136952 0.452241 1.01203
Time
1558556040685
Theta
2.58456
t_GA - R_GA * R_AB * t_BA
0.136952 0.452241 1.01203
t_wo + t_wo_cam
0.136952 0.452241 1.01203
Time
1558556040706
Theta
2.58456
t_GA - R_GA * R_AB * t_BA
0.136952 0.452241 1.01203
t_wo + t_wo_cam
0.136952 0.452241 1.01203
Time
1558556040730
Theta
2.58456
t_GA - R_GA * R_AB * t_BA
0.136952 0.452241 1.01203
t_wo + t_wo_cam
0.136952 0.452241 1.01203
Time
1558556040751
Theta
2.58456
t_GA - R_GA * R_AB * t_BA
0.136952 0.452241 1.01203
t_wo + t_wo_cam
0.136952 0.452241 1.01203
Time
1558556040771
Theta
2.58456
t_GA - R_GA * R_AB * t_BA
0.136952 0.452241 1.01203
t_wo + t_wo_cam
0.136952 0.452241 1.01203
Time
1558556040796
Theta
2.58456
t_GA - R_GA * R_AB * t_BA
0.136952 0.452241 1.01203
t_wo + t_wo_cam
0.136952 0.452241 1.01203
Time
1558556040816
Theta
2.58456
t_GA - R_GA * R_AB * t_BA
0.136952 0.452241 1.01203
t_wo + t_wo_cam
0.136952 0.452241 1.01203
Time
1558556040837
Theta
2.58456
t_GA - R_GA * R_AB * t_BA
0.136952 0.452241 1.01203
t_wo + t_wo_cam
0.136952 0.452241 1.01203
Time
1558556040861
Theta
2.58456
t_GA - R_GA * R_AB * t_BA
0.136952 0.452241 1.01203
t_wo + t_wo_cam
0.136952 0.452241 1.01203
Time
1558556040882
Theta
2.58456
t_GA - R_GA * R_AB * t_BA
0.136952 0.452241 1.01203
t_wo + t_wo_cam
0.136952 0.452241 1.01203
Time
1558556040902
Theta
2.58456
t_GA - R_GA * R_AB * t_BA
0.136952 0.452241 1.01203
t_wo + t_wo_cam
0.136952 0.452241 1.01203
Time
1558556040927
Theta
2.58456
t_GA - R_GA * R_AB * t_BA
0.136952 0.452241 1.01203
t_wo + t_wo_cam
0.136952 0.452241 1.01203
Time
1558556040947
Theta
2.58456
t_GA - R_GA * R_AB * t_BA
0.136952 0.452241 1.01203
t_wo + t_wo_cam
0.136952 0.452241 1.01203
Time
1558556040968
Theta
2.58456
t_GA - R_GA * R_AB * t_BA
0.136952 0.452241 1.01203
t_wo + t_wo_cam
0.136952 0.452241 1.01203
Time
1558556040992
Theta
2.58456
t_GA - R_GA * R_AB * t_BA
0.136952 0.452241 1.01203
t_wo + t_wo_cam
0.136952 0.452241 1.01203
Time
1558556041013
Theta
2.58456
t_GA - R_GA * R_AB * t_BA
0.136952 0.452241 1.01203
t_wo + t_wo_cam
0.136952 0.452241 1.01203
Time
1558556041033
Theta
2.58456
t_GA - R_GA * R_AB * t_BA
0.136952 0.452241 1.01203
t_wo + t_wo_cam
0.136952 0.452241 1.01203
Time
1558556041058
Theta
2.58456
t_GA - R_GA * R_AB * t_BA
0.136952 0.452241 1.01203
t_wo + t_wo_cam
0.136952 0.452241 1.01203
Time
1558556041078
Theta
2.58456
t_GA - R_GA * R_AB * t_BA
0.136952 0.452241 1.01203
t_wo + t_wo_cam
0.136952 0.452241 1.01203
Time
1558556041099
Theta
2.58456
t_GA - R_GA * R_AB * t_BA
0.136952 0.452241 1.01203
t_wo + t_wo_cam
0.136952 0.452241 1.01203
Time
1558556041123
Theta
2.58456
t_GA - R_GA * R_AB * t_BA
0.136952 0.452241 1.01203
t_wo + t_wo_cam
0.136952 0.452241 1.01203
Time
1558556041144
Theta
2.58456
t_GA - R_GA * R_AB * t_BA
0.136952 0.452241 1.01203
t_wo + t_wo_cam
0.136952 0.452241 1.01203
Time
1558556041164
Theta
2.58456
t_GA - R_GA * R_AB * t_BA
0.136952 0.452241 1.01203
t_wo + t_wo_cam
0.136952 0.452241 1.01203
Time
1558556041189
Theta
2.58456
t_GA - R_GA * R_AB * t_BA
0.136952 0.452241 1.01203
t_wo + t_wo_cam
0.136952 0.452241 1.01203
Time
1558556041209
Theta
2.58456
t_GA - R_GA * R_AB * t_BA
0.136952 0.452241 1.01203
t_wo + t_wo_cam
0.136952 0.452241 1.01203
Time
1558556041230
Theta
2.58456
t_GA - R_GA * R_AB * t_BA
0.136952 0.452241 1.01203
t_wo + t_wo_cam
0.136952 0.452241 1.01203
Time
1558556041254
Theta
2.58456
t_GA - R_GA * R_AB * t_BA
0.136952 0.452241 1.01203
t_wo + t_wo_cam
0.136952 0.452241 1.01203
Time
1558556041275
Theta
2.58456
t_GA - R_GA * R_AB * t_BA
0.136952 0.452241 1.01203
t_wo + t_wo_cam
0.136952 0.452241 1.01203
Time
1558556041296
Theta
2.58456
t_GA - R_GA * R_AB * t_BA
0.136952 0.452241 1.01203
t_wo + t_wo_cam
0.136952 0.452241 1.01203
Time
1558556041320
Theta
2.58456
t_GA - R_GA * R_AB * t_BA
0.136952 0.452241 1.01203
t_wo + t_wo_cam
0.136952 0.452241 1.01203
Time
1558556041340
Theta
2.58456
t_GA - R_GA * R_AB * t_BA
0.136952 0.452241 1.01203
t_wo + t_wo_cam
0.136952 0.452241 1.01203
Time
1558556041361
Theta
2.58456
t_GA - R_GA * R_AB * t_BA
0.136952 0.452241 1.01203
t_wo + t_wo_cam
0.136952 0.452241 1.01203
Time
1558556041385
Theta
2.58456
t_GA - R_GA * R_AB * t_BA
0.136952 0.452241 1.01203
t_wo + t_wo_cam
0.136952 0.452241 1.01203
Time
1558556041406
Theta
2.58456
t_GA - R_GA * R_AB * t_BA
0.136952 0.452241 1.01203
t_wo + t_wo_cam
0.136952 0.452241 1.01203
Time
1558556041426
Theta
2.58456
t_GA - R_GA * R_AB * t_BA
0.136952 0.452241 1.01203
t_wo + t_wo_cam
0.136952 0.452241 1.01203
Time
1558556041451
Theta
2.58456
