t_GA - R_GA * R_AB * t_BA
0 0 0
t_wo + t_wo_cam
0.9 0 0
Time
1558555713105
Theta
0
t_GA - R_GA * R_AB * t_BA
0 0 0
t_wo + t_wo_cam
0.9 0 0
Time
1558555713105
Theta
0
t_GA - R_GA * R_AB * t_BA
0 0 0
t_wo + t_wo_cam
0.9 0 0
Time
1558555713105
Theta
0
t_GA - R_GA * R_AB * t_BA
0 0 0
t_wo + t_wo_cam
0.9 0 0
Time
1558555713106
Theta
0
t_GA - R_GA * R_AB * t_BA
0 0 0
t_wo + t_wo_cam
0.9 0 0
Time
1558555713106
Theta
0
t_GA - R_GA * R_AB * t_BA
0 0 0
t_wo + t_wo_cam
0.9 0 0
Time
1558555713106
Theta
0
t_GA - R_GA * R_AB * t_BA
0 0 0
t_wo + t_wo_cam
0.9 0 0
Time
1558555713106
Theta
0
t_GA - R_GA * R_AB * t_BA
0 0 0
t_wo + t_wo_cam
0.9 0 0
Time
1558555713106
Theta
0
t_GA - R_GA * R_AB * t_BA
0 0 0
t_wo + t_wo_cam
0.9 0 0
Time
1558555713106
Theta
0
t_GA - R_GA * R_AB * t_BA
0 0 0
t_wo + t_wo_cam
0.9 0 0
Time
1558555713119
Theta
0
t_GA - R_GA * R_AB * t_BA
0 0 0
t_wo + t_wo_cam
0.9 0 0
Time
1558555713140
Theta
0
t_GA - R_GA * R_AB * t_BA
0 0 0
t_wo + t_wo_cam
0.9 0 0
Time
1558555713160
Theta
0
t_GA - R_GA * R_AB * t_BA
0 0 0
t_wo + t_wo_cam
0.9 0 0
Time
1558555713185
Theta
0
t_GA - R_GA * R_AB * t_BA
0 0 0
t_wo + t_wo_cam
0.9 0 0
Time
1558555713205
Theta
0
t_GA - R_GA * R_AB * t_BA
0 0 0
t_wo + t_wo_cam
0.9 0 0
Time
1558555713226
Theta
0
t_GA - R_GA * R_AB * t_BA
0 0 0
t_wo + t_wo_cam
0.9 0 0
Time
1558555713250
Theta
0
t_GA - R_GA * R_AB * t_BA
0 0 0
t_wo + t_wo_cam
0.9 0 0
Time
1558555713271
Theta
0
t_GA - R_GA * R_AB * t_BA
0 0 0
t_wo + t_wo_cam
0.9 0 0
Time
1558555713291
Theta
0
t_GA - R_GA * R_AB * t_BA
0 0 0
t_wo + t_wo_cam
0.9 0 0
Time
1558555713316
Theta
0
t_GA - R_GA * R_AB * t_BA
0 0 0
t_wo + t_wo_cam
0.9 0 0
Time
1558555713336
Theta
0
t_GA - R_GA * R_AB * t_BA
0 0 0
t_wo + t_wo_cam
0.9 0 0
Time
1558555713357
Theta
0
t_GA - R_GA * R_AB * t_BA
0 0 0
t_wo + t_wo_cam
0.9 0 0
Time
1558555713381
Theta
0
t_GA - R_GA * R_AB * t_BA
0 0 0
t_wo + t_wo_cam
0.9 0 0
Time
1558555713402
Theta
0
t_GA - R_GA * R_AB * t_BA
0 0 0
t_wo + t_wo_cam
0.9 0 0
Time
1558555713422
Theta
0
t_GA - R_GA * R_AB * t_BA
0 0 0
t_wo + t_wo_cam
0.9 0 0
Time
1558555713447
Theta
0
t_GA - R_GA * R_AB * t_BA
0 0 0
t_wo + t_wo_cam
0.9 0 0
Time
1558555713467
Theta
0
t_GA - R_GA * R_AB * t_BA
0 0 0
t_wo + t_wo_cam
0.9 0 0
Time
1558555713488
Theta
0
t_GA - R_GA * R_AB * t_BA
0 0 0
t_wo + t_wo_cam
0.9 0 0
Time
1558555713512
Theta
0
t_GA - R_GA * R_AB * t_BA
0 0 0
t_wo + t_wo_cam
0.9 0 0
Time
1558555713533
Theta
0
t_GA - R_GA * R_AB * t_BA
0 0 0
t_wo + t_wo_cam
0.9 0 0
Time
1558555713553
Theta
0
t_GA - R_GA * R_AB * t_BA
0 0 0
t_wo + t_wo_cam
0.9 0 0
Time
1558555713578
Theta
0
t_GA - R_GA * R_AB * t_BA
0 0 0
t_wo + t_wo_cam
0.9 0 0
Time
1558555713599
Theta
0
t_GA - R_GA * R_AB * t_BA
0 0 0
t_wo + t_wo_cam
0.9 0 0
Time
1558555713619
Theta
0
t_GA - R_GA * R_AB * t_BA
0 0 0
t_wo + t_wo_cam
0.9 0 0
Time
1558555713639
Theta
0
t_GA - R_GA * R_AB * t_BA
0 0 0
t_wo + t_wo_cam
0.9 0 0
Time
1558555713664
Theta
0
t_GA - R_GA * R_AB * t_BA
0 0 0
t_wo + t_wo_cam
0.9 0 0
Time
1558555713684
Theta
0
t_GA - R_GA * R_AB * t_BA
0 0 0
t_wo + t_wo_cam
0.9 0 0
Time
1558555713705
Theta
0
t_GA - R_GA * R_AB * t_BA
0 0 0
t_wo + t_wo_cam
0.9 0 0
Time
1558555713730
Theta
0
t_GA - R_GA * R_AB * t_BA
0 0 0
t_wo + t_wo_cam
0.9 0 0
Time
1558555713750
Theta
0
t_GA - R_GA * R_AB * t_BA
0 0 0
t_wo + t_wo_cam
0.9 0 0
Time
1558555713771
Theta
0
t_GA - R_GA * R_AB * t_BA
0 0 0
t_wo + t_wo_cam
0.9 0 0
Time
1558555713795
Theta
0
t_GA - R_GA * R_AB * t_BA
0 0 0
t_wo + t_wo_cam
0.9 0 0
Time
1558555713816
Theta
0
t_GA - R_GA * R_AB * t_BA
0 0 0
t_wo + t_wo_cam
0.9 0 0
Time
1558555713836
Theta
0
t_GA - R_GA * R_AB * t_BA
0 0 0
t_wo + t_wo_cam
0.9 0 0
Time
1558555713861
Theta
0
t_GA - R_GA * R_AB * t_BA
0 0 0
t_wo + t_wo_cam
0.9 0 0
Time
1558555713881
Theta
0
t_GA - R_GA * R_AB * t_BA
0 0 0
t_wo + t_wo_cam
0.9 0 0
Time
1558555713902
Theta
0
t_GA - R_GA * R_AB * t_BA
0 0 0
t_wo + t_wo_cam
0.9 0 0
Time
1558555713926
Theta
0
t_GA - R_GA * R_AB * t_BA
0 0 0
t_wo + t_wo_cam
0.9 0 0
Time
1558555713947
Theta
0
t_GA - R_GA * R_AB * t_BA
0 0 0
t_wo + t_wo_cam
0.9 0 0
Time
1558555713967
Theta
0
t_GA - R_GA * R_AB * t_BA
0 0 0
t_wo + t_wo_cam
0.9 0 0
Time
1558555713992
Theta
0
t_GA - R_GA * R_AB * t_BA
0 0 0
t_wo + t_wo_cam
0.9 0 0
Time
1558555714012
Theta
0
t_GA - R_GA * R_AB * t_BA
0 0 0
t_wo + t_wo_cam
0.9 0 0
Time
1558555714033
Theta
0
t_GA - R_GA * R_AB * t_BA
0 0 0
t_wo + t_wo_cam
0.9 0 0
Time
1558555714057
Theta
0
t_GA - R_GA * R_AB * t_BA
0 0 0
t_wo + t_wo_cam
0.9 0 0
Time
1558555714078
Theta
0
t_GA - R_GA * R_AB * t_BA
0 0 0
t_wo + t_wo_cam
0.9 0 0
Time
1558555714098
Theta
0
t_GA - R_GA * R_AB * t_BA
0 0 0
t_wo + t_wo_cam
0.9 0 0
Time
1558555714123
Theta
0
t_GA - R_GA * R_AB * t_BA
0 0 0
t_wo + t_wo_cam
0.9 0 0
Time
1558555714143
Theta
0
t_GA - R_GA * R_AB * t_BA
0 0 0
t_wo + t_wo_cam
0.9 0 0
Time
1558555714164
Theta
0
t_GA - R_GA * R_AB * t_BA
0 0 0
t_wo + t_wo_cam
0.9 0 0
Time
1558555714188
Theta
0
t_GA - R_GA * R_AB * t_BA
0 0 0
t_wo + t_wo_cam
0.9 0 0
Time
1558555714209
Theta
0
t_GA - R_GA * R_AB * t_BA
0 0 0
t_wo + t_wo_cam
0.9 0 0
Time
1558555714229
Theta
0
t_GA - R_GA * R_AB * t_BA
0 0 0
t_wo + t_wo_cam
0.9 0 0
Time
1558555714254
Theta
0
t_GA - R_GA * R_AB * t_BA
0 0 0
t_wo + t_wo_cam
0.9 0 0
Time
1558555714274
Theta
0
t_GA - R_GA * R_AB * t_BA
0 0 0
t_wo + t_wo_cam
0.9 0 0
Time
1558555714295
Theta
0
t_GA - R_GA * R_AB * t_BA
0 0 0
t_wo + t_wo_cam
0.9 0 0
Time
1558555714319
Theta
0
t_GA - R_GA * R_AB * t_BA
0 0 0
t_wo + t_wo_cam
0.9 0 0
Time
1558555714340
Theta
0
t_GA - R_GA * R_AB * t_BA
0 0 0
t_wo + t_wo_cam
0.9 0 0
Time
1558555714360
Theta
0
t_GA - R_GA * R_AB * t_BA
0 0 0
t_wo + t_wo_cam
0.9 0 0
Time
1558555714385
Theta
0
t_GA - R_GA * R_AB * t_BA
0 0 0
t_wo + t_wo_cam
0.9 0 0
Time
1558555714405
Theta
0
t_GA - R_GA * R_AB * t_BA
0 0 0
t_wo + t_wo_cam
0.9 0 0
Time
1558555714426
Theta
0
t_GA - R_GA * R_AB * t_BA
0 0 0
t_wo + t_wo_cam
0.9 0 0
Time
1558555714450
Theta
0
t_GA - R_GA * R_AB * t_BA
0 0 0
t_wo + t_wo_cam
0.9 0 0
Time
1558555714471
Theta
0
t_GA - R_GA * R_AB * t_BA
0 0 0
t_wo + t_wo_cam
0.9 0 0
Time
1558555714491
Theta
0
t_GA - R_GA * R_AB * t_BA
0 0 0
t_wo + t_wo_cam
0.9 0 0
Time
1558555714516
Theta
0
t_GA - R_GA * R_AB * t_BA
0 0 0
t_wo + t_wo_cam
0.9 0 0
Time
1558555714536
Theta
0
t_GA - R_GA * R_AB * t_BA
0 0 0
t_wo + t_wo_cam
0.9 0 0
Time
1558555714557
Theta
0
t_GA - R_GA * R_AB * t_BA
0 0 0
t_wo + t_wo_cam
0.9 0 0
Time
1558555714581
Theta
0
t_GA - R_GA * R_AB * t_BA
0 0 0
t_wo + t_wo_cam
0.9 0 0
Time
1558555714602
Theta
0
t_GA - R_GA * R_AB * t_BA
0 0 0
t_wo + t_wo_cam
0.9 0 0
Time
1558555714622
Theta
0
t_GA - R_GA * R_AB * t_BA
0 0 0
t_wo + t_wo_cam
0.9 0 0
Time
1558555714647
Theta
0
t_GA - R_GA * R_AB * t_BA
0 0 0
t_wo + t_wo_cam
0.9 0 0
Time
1558555714667
Theta
0
t_GA - R_GA * R_AB * t_BA
0 0 0
t_wo + t_wo_cam
0.9 0 0
Time
1558555714688
Theta
0
t_GA - R_GA * R_AB * t_BA
0 0 0
t_wo + t_wo_cam
0.9 0 0
Time
1558555714713
Theta
0
t_GA - R_GA * R_AB * t_BA
0 0 0
t_wo + t_wo_cam
0.9 0 0
Time
1558555714733
Theta
0
t_GA - R_GA * R_AB * t_BA
0 0 0
t_wo + t_wo_cam
0.9 0 0
Time
1558555714754
Theta
0
t_GA - R_GA * R_AB * t_BA
0 0 0
t_wo + t_wo_cam
0.9 0 0
Time
1558555714778
Theta
0
t_GA - R_GA * R_AB * t_BA
0 0 0
t_wo + t_wo_cam
0.9 0 0
Time
1558555714799
Theta
0
t_GA - R_GA * R_AB * t_BA
0 0 0
t_wo + t_wo_cam
0.9 0 0
Time
1558555714819
Theta
0
t_GA - R_GA * R_AB * t_BA
0 0 0
t_wo + t_wo_cam
0.9 0 0
Time
1558555714844
Theta
0
t_GA - R_GA * R_AB * t_BA
0 0 0
t_wo + t_wo_cam
0.9 0 0
Time
1558555714864
Theta
0
t_GA - R_GA * R_AB * t_BA
0 0 0
t_wo + t_wo_cam
0.9 0 0
Time
1558555714885
Theta
0
t_GA - R_GA * R_AB * t_BA
0 0 0
t_wo + t_wo_cam
0.9 0 0
Time
1558555714909
Theta
0
t_GA - R_GA * R_AB * t_BA
0 0 0
t_wo + t_wo_cam
0.9 0 0
Time
1558555714930
Theta
0
t_GA - R_GA * R_AB * t_BA
0 0 0
t_wo + t_wo_cam
0.9 0 0
Time
1558555714950
Theta
0
t_GA - R_GA * R_AB * t_BA
0 0 0
t_wo + t_wo_cam
0.9 0 0
Time
1558555714975
Theta
0
t_GA - R_GA * R_AB * t_BA
0 0 0
t_wo + t_wo_cam
0.9 0 0
Time
1558555714995
Theta
0
t_GA - R_GA * R_AB * t_BA
0 0 0
t_wo + t_wo_cam
0.9 0 0
Time
1558555715016
Theta
0
t_GA - R_GA * R_AB * t_BA
0 0 0
t_wo + t_wo_cam
0.9 0 0
Time
1558555715040
Theta
0
t_GA - R_GA * R_AB * t_BA
0 0 0
t_wo + t_wo_cam
0.9 0 0
Time
1558555715061
Theta
0
t_GA - R_GA * R_AB * t_BA
0 0 0
t_wo + t_wo_cam
0.9 0 0
Time
1558555715081
Theta
0
t_GA - R_GA * R_AB * t_BA
0 0 0
t_wo + t_wo_cam
0.9 0 0
Time
1558555715106
Theta
0
t_GA - R_GA * R_AB * t_BA
0 0 0
t_wo + t_wo_cam
0.9 0 0
Time
1558555715126
Theta
0
t_GA - R_GA * R_AB * t_BA
0 0 0
t_wo + t_wo_cam
0.9 0 0
Time
1558555715147
Theta
0
t_GA - R_GA * R_AB * t_BA
0 0 0
t_wo + t_wo_cam
0.9 0 0
Time
1558555715171
Theta
0
t_GA - R_GA * R_AB * t_BA
0 0 0
t_wo + t_wo_cam
0.9 0 0
Time
1558555715192
Theta
0
t_GA - R_GA * R_AB * t_BA
0 0 0
t_wo + t_wo_cam
0.9 0 0
Time
1558555715212
Theta
0
t_GA - R_GA * R_AB * t_BA
0 0 0
t_wo + t_wo_cam
0.9 0 0
Time
1558555715237
Theta
0
t_GA - R_GA * R_AB * t_BA
0 0 0
t_wo + t_wo_cam
0.9 0 0
Time
1558555715257
Theta
0
t_GA - R_GA * R_AB * t_BA
0 0 0
t_wo + t_wo_cam
0.9 0 0
Time
1558555715278
Theta
0
t_GA - R_GA * R_AB * t_BA
0 0 0
t_wo + t_wo_cam
0.9 0 0
Time
1558555715302
Theta
0
t_GA - R_GA * R_AB * t_BA
0 0 0
t_wo + t_wo_cam
0.9 0 0
Time
1558555715323
Theta
0
t_GA - R_GA * R_AB * t_BA
0 0 0
t_wo + t_wo_cam
0.9 0 0
Time
1558555715343
Theta
0
t_GA - R_GA * R_AB * t_BA
0 0 0
t_wo + t_wo_cam
0.9 0 0
Time
1558555715368
Theta
0
t_GA - R_GA * R_AB * t_BA
0 0 0
t_wo + t_wo_cam
0.9 0 0
Time
1558555715388
Theta
0
t_GA - R_GA * R_AB * t_BA
0 0 0
t_wo + t_wo_cam
0.9 0 0
Time
1558555715409
Theta
0
t_GA - R_GA * R_AB * t_BA
0 0 0
t_wo + t_wo_cam
0.9 0 0
Time
1558555715433
Theta
0
t_GA - R_GA * R_AB * t_BA
0 0 0
t_wo + t_wo_cam
0.9 0 0
Time
1558555715454
Theta
0
t_GA - R_GA * R_AB * t_BA
0 0 0
t_wo + t_wo_cam
0.9 0 0
Time
1558555715474
Theta
0
t_GA - R_GA * R_AB * t_BA
0 0 0
t_wo + t_wo_cam
0.9 0 0
Time
1558555715495
Theta
0
t_GA - R_GA * R_AB * t_BA
0 0 0
t_wo + t_wo_cam
0.9 0 0
Time
1558555715519
Theta
0
t_GA - R_GA * R_AB * t_BA
0 0 0
t_wo + t_wo_cam
0.9 0 0
Time
1558555715540
Theta
0
t_GA - R_GA * R_AB * t_BA
0 0 0
t_wo + t_wo_cam
0.9 0 0
Time
1558555715560
Theta
0
t_GA - R_GA * R_AB * t_BA
0 0 0
t_wo + t_wo_cam
0.9 0 0
Time
1558555715585
Theta
0
t_GA - R_GA * R_AB * t_BA
0 0 0
t_wo + t_wo_cam
0.9 0 0
Time
1558555715605
Theta
0
t_GA - R_GA * R_AB * t_BA
0 0 0
t_wo + t_wo_cam
0.9 0 0
Time
1558555715626
Theta
0
t_GA - R_GA * R_AB * t_BA
0 0 0
t_wo + t_wo_cam
0.9 0 0
Time
1558555715650
Theta
0
t_GA - R_GA * R_AB * t_BA
0 0 0
t_wo + t_wo_cam
0.9 0 0
Time
1558555715671
Theta
0
t_GA - R_GA * R_AB * t_BA
0 0 0
t_wo + t_wo_cam
0.9 0 0
Time
1558555715691
Theta
0
t_GA - R_GA * R_AB * t_BA
0 0 0
t_wo + t_wo_cam
0.9 0 0
Time
1558555715716
Theta
0
t_GA - R_GA * R_AB * t_BA
0 0 0
t_wo + t_wo_cam
0.9 0 0
Time
1558555715737
Theta
0
t_GA - R_GA * R_AB * t_BA
0 0 0
t_wo + t_wo_cam
0.9 0 0
Time
1558555715757
Theta
0
t_GA - R_GA * R_AB * t_BA
0 0 0
t_wo + t_wo_cam
0.9 0 0
Time
1558555715782
Theta
0
t_GA - R_GA * R_AB * t_BA
0 0 0
t_wo + t_wo_cam
0.9 0 0
Time
1558555715802
Theta
0
t_GA - R_GA * R_AB * t_BA
-0.973024 -0.45853 -0.483248
t_wo + t_wo_cam
-0.973024 -0.45853 -0.483248
Time
1558555715823
Theta
0.371597
t_GA - R_GA * R_AB * t_BA
-0.973024 -0.45853 -0.483248
t_wo + t_wo_cam
-0.973024 -0.45853 -0.483248
Time
1558555715847
Theta
0.371597
t_GA - R_GA * R_AB * t_BA
-0.973024 -0.45853 -0.483248
t_wo + t_wo_cam
-0.973024 -0.45853 -0.483248
Time
1558555715868
Theta
0.371597
t_GA - R_GA * R_AB * t_BA
-1.08351 -0.24656 -0.444976
t_wo + t_wo_cam
-0.973024 -0.45853 -0.483248
Time
1558555715888
Theta
0.371597
t_GA - R_GA * R_AB * t_BA
-1.08351 -0.24656 -0.444976
t_wo + t_wo_cam
-1.08351 -0.24656 -0.444976
Time
1558555715913
Theta
0.165653
t_GA - R_GA * R_AB * t_BA
-1.08351 -0.24656 -0.444976
t_wo + t_wo_cam
-1.08351 -0.24656 -0.444976
Time
1558555715933
Theta
0.165653
t_GA - R_GA * R_AB * t_BA
-1.08351 -0.24656 -0.444976
t_wo + t_wo_cam
-1.08351 -0.24656 -0.444976
Time
1558555715954
Theta
0.165653
t_GA - R_GA * R_AB * t_BA
-1.1459 -0.195892 -0.305421
t_wo + t_wo_cam
-1.08351 -0.24656 -0.444976
Time
1558555715978
Theta
0.165653
t_GA - R_GA * R_AB * t_BA
-1.1459 -0.195892 -0.305421
t_wo + t_wo_cam
-1.1459 -0.195892 -0.305421
Time
1558555715999
Theta
0.101677
t_GA - R_GA * R_AB * t_BA
-1.1459 -0.195892 -0.305421
t_wo + t_wo_cam
-1.1459 -0.195892 -0.305421
Time
1558555716019
Theta
0.101677
t_GA - R_GA * R_AB * t_BA
-1.1459 -0.195892 -0.305421
t_wo + t_wo_cam
-1.1459 -0.195892 -0.305421
Time
1558555716044
Theta
0.101677
t_GA - R_GA * R_AB * t_BA
-1.1697 -0.152104 -0.213765
t_wo + t_wo_cam
-1.1459 -0.195892 -0.305421
Time
1558555716064
Theta
0.101677
t_GA - R_GA * R_AB * t_BA
-1.1697 -0.152104 -0.213765
t_wo + t_wo_cam
-1.1697 -0.152104 -0.213765
Time
1558555716085
Theta
0.048775
t_GA - R_GA * R_AB * t_BA
-1.1697 -0.152104 -0.213765
t_wo + t_wo_cam
-1.1697 -0.152104 -0.213765
Time
1558555716109
Theta
0.048775
t_GA - R_GA * R_AB * t_BA
-1.1697 -0.152104 -0.213765
t_wo + t_wo_cam
-1.1697 -0.152104 -0.213765
Time
1558555716130
Theta
0.048775
t_GA - R_GA * R_AB * t_BA
-1.17288 -0.0814098 -0.150446
t_wo + t_wo_cam
-1.1697 -0.152104 -0.213765
Time
1558555716150
Theta
0.048775
t_GA - R_GA * R_AB * t_BA
-1.17288 -0.0814098 -0.150446
t_wo + t_wo_cam
-1.17288 -0.0814098 -0.150446
Time
1558555716175
Theta
-0.0162004
t_GA - R_GA * R_AB * t_BA
-1.17288 -0.0814098 -0.150446
t_wo + t_wo_cam
-1.17288 -0.0814098 -0.150446
Time
1558555716195
Theta
-0.0162004
t_GA - R_GA * R_AB * t_BA
-1.17288 -0.0814098 -0.150446
t_wo + t_wo_cam
-1.17288 -0.0814098 -0.150446
Time
1558555716216
Theta
-0.0162004
t_GA - R_GA * R_AB * t_BA
-1.16903 -0.0832888 -0.0456084
t_wo + t_wo_cam
-1.17288 -0.0814098 -0.150446
Time
1558555716240
Theta
-0.0162004
t_GA - R_GA * R_AB * t_BA
-1.16903 -0.0832888 -0.0456084
t_wo + t_wo_cam
-1.16903 -0.0832888 -0.0456084
Time
1558555716261
Theta
-0.0154462
t_GA - R_GA * R_AB * t_BA
-1.16903 -0.0832888 -0.0456084
t_wo + t_wo_cam
-1.16903 -0.0832888 -0.0456084
Time
1558555716281
Theta
-0.0154462
t_GA - R_GA * R_AB * t_BA
-1.15202 -0.0709411 0.0587921
t_wo + t_wo_cam
-1.16903 -0.0832888 -0.0456084
Time
1558555716306
Theta
-0.0154462
t_GA - R_GA * R_AB * t_BA
-1.15202 -0.0709411 0.0587921
t_wo + t_wo_cam
-1.15202 -0.0709411 0.0587921
Time
1558555716326
Theta
-0.025795
t_GA - R_GA * R_AB * t_BA
-1.15202 -0.0709411 0.0587921
t_wo + t_wo_cam
-1.15202 -0.0709411 0.0587921
Time
1558555716347
Theta
-0.025795
t_GA - R_GA * R_AB * t_BA
-1.15202 -0.0709411 0.0587921
t_wo + t_wo_cam
-1.15202 -0.0709411 0.0587921
Time
1558555716371
Theta
-0.025795
t_GA - R_GA * R_AB * t_BA
-1.13482 -0.117547 0.100804
t_wo + t_wo_cam
-1.15202 -0.0709411 0.0587921
Time
1558555716392
Theta
-0.025795
t_GA - R_GA * R_AB * t_BA
-1.13482 -0.117547 0.100804
t_wo + t_wo_cam
-1.13482 -0.117547 0.100804
Time
1558555716412
Theta
0.0223234
t_GA - R_GA * R_AB * t_BA
-1.13482 -0.117547 0.100804
t_wo + t_wo_cam
-1.13482 -0.117547 0.100804
Time
1558555716437
Theta
0.0223234
t_GA - R_GA * R_AB * t_BA
-1.13482 -0.117547 0.100804
t_wo + t_wo_cam
-1.13482 -0.117547 0.100804
Time
1558555716457
Theta
0.0223234
t_GA - R_GA * R_AB * t_BA
-1.14288 -0.107677 0.0655056
t_wo + t_wo_cam
-1.13482 -0.117547 0.100804
Time
1558555716478
Theta
0.0223234
t_GA - R_GA * R_AB * t_BA
-1.14288 -0.107677 0.0655056
t_wo + t_wo_cam
-1.14288 -0.107677 0.0655056
Time
1558555716502
Theta
0.0237918
t_GA - R_GA * R_AB * t_BA
-1.14288 -0.107677 0.0655056
t_wo + t_wo_cam
-1.14288 -0.107677 0.0655056
Time
1558555716523
Theta
0.0237918
t_GA - R_GA * R_AB * t_BA
-1.14288 -0.107677 0.0655056
t_wo + t_wo_cam
-1.14288 -0.107677 0.0655056
Time
1558555716543
Theta
0.0237918
t_GA - R_GA * R_AB * t_BA
-1.14901 -0.0989412 0.0459977
t_wo + t_wo_cam
-1.14288 -0.107677 0.0655056
Time
1558555716568
Theta
0.0237918
t_GA - R_GA * R_AB * t_BA
-1.14901 -0.0989412 0.0459977
t_wo + t_wo_cam
-1.14901 -0.0989412 0.0459977
Time
1558555716588
Theta
-0.0268036
t_GA - R_GA * R_AB * t_BA
-1.14901 -0.0989412 0.0459977
t_wo + t_wo_cam
-1.14901 -0.0989412 0.0459977
Time
1558555716609
Theta
-0.0268036
t_GA - R_GA * R_AB * t_BA
-1.1504 -0.103886 0.0399116
t_wo + t_wo_cam
-1.14901 -0.0989412 0.0459977
Time
1558555716633
Theta
-0.0268036
t_GA - R_GA * R_AB * t_BA
-1.1504 -0.103886 0.0399116
t_wo + t_wo_cam
-1.1504 -0.103886 0.0399116
Time
1558555716654
Theta
0.0287523
t_GA - R_GA * R_AB * t_BA
-1.1504 -0.103886 0.0399116
t_wo + t_wo_cam
-1.1504 -0.103886 0.0399116
Time
1558555716674
Theta
0.0287523
t_GA - R_GA * R_AB * t_BA
-1.1504 -0.103886 0.0399116
t_wo + t_wo_cam
-1.1504 -0.103886 0.0399116
Time
1558555716699
Theta
0.0287523
t_GA - R_GA * R_AB * t_BA
-1.14989 -0.106125 0.0449573
t_wo + t_wo_cam
-1.1504 -0.103886 0.0399116
Time
1558555716720
Theta
0.0287523
t_GA - R_GA * R_AB * t_BA
-1.14989 -0.106125 0.0449573
t_wo + t_wo_cam
-1.14989 -0.106125 0.0449573
Time
1558555716740
Theta
0.0298203
t_GA - R_GA * R_AB * t_BA
-1.14989 -0.106125 0.0449573
t_wo + t_wo_cam
-1.14989 -0.106125 0.0449573
Time
1558555716765
Theta
0.0298203
t_GA - R_GA * R_AB * t_BA
-1.14989 -0.106125 0.0449573
t_wo + t_wo_cam
-1.14989 -0.106125 0.0449573
Time
1558555716785
Theta
0.0298203
t_GA - R_GA * R_AB * t_BA
-1.14987 -0.116278 0.0396794
t_wo + t_wo_cam
-1.14989 -0.106125 0.0449573
Time
1558555716806
Theta
0.0298203
t_GA - R_GA * R_AB * t_BA
-1.14987 -0.116278 0.0396794
t_wo + t_wo_cam
-1.14987 -0.116278 0.0396794
Time
1558555716830
Theta
0.0336923
t_GA - R_GA * R_AB * t_BA
-1.14987 -0.116278 0.0396794
t_wo + t_wo_cam
-1.14987 -0.116278 0.0396794
Time
1558555716851
Theta
0.0336923
t_GA - R_GA * R_AB * t_BA
-1.14987 -0.116278 0.0396794
t_wo + t_wo_cam
-1.14987 -0.116278 0.0396794
Time
1558555716871
Theta
0.0336923
t_GA - R_GA * R_AB * t_BA
-1.15134 -0.109089 0.0346114
t_wo + t_wo_cam
-1.14987 -0.116278 0.0396794
Time
1558555716896
Theta
0.0336923
t_GA - R_GA * R_AB * t_BA
-1.15134 -0.109089 0.0346114
t_wo + t_wo_cam
-1.15134 -0.109089 0.0346114
Time
1558555716916
Theta
0.0273016
t_GA - R_GA * R_AB * t_BA
-1.15134 -0.109089 0.0346114
t_wo + t_wo_cam
-1.15134 -0.109089 0.0346114
Time
1558555716937
Theta
0.0273016
t_GA - R_GA * R_AB * t_BA
-1.15134 -0.109089 0.0346114
t_wo + t_wo_cam
-1.15134 -0.109089 0.0346114
Time
1558555716961
Theta
0.0273016
t_GA - R_GA * R_AB * t_BA
-1.15123 -0.123827 0.0186379
t_wo + t_wo_cam
-1.15134 -0.109089 0.0346114
Time
1558555716982
Theta
0.0273016
t_GA - R_GA * R_AB * t_BA
-1.15123 -0.123827 0.0186379
t_wo + t_wo_cam
-1.15123 -0.123827 0.0186379
Time
1558555717002
Theta
0.0333445
t_GA - R_GA * R_AB * t_BA
-1.15123 -0.123827 0.0186379
t_wo + t_wo_cam
-1.15123 -0.123827 0.0186379
Time
1558555717027
Theta
0.0333445
t_GA - R_GA * R_AB * t_BA
-1.15123 -0.123827 0.0186379
t_wo + t_wo_cam
-1.15123 -0.123827 0.0186379
Time
1558555717047
Theta
0.0333445
t_GA - R_GA * R_AB * t_BA
-1.15076 -0.127023 0.0156855
t_wo + t_wo_cam
-1.15123 -0.123827 0.0186379
Time
1558555717068
Theta
0.0333445
t_GA - R_GA * R_AB * t_BA
-1.15076 -0.127023 0.0156855
t_wo + t_wo_cam
-1.15076 -0.127023 0.0156855
Time
1558555717092
Theta
0.0365671
t_GA - R_GA * R_AB * t_BA
-1.15076 -0.127023 0.0156855
t_wo + t_wo_cam
-1.15076 -0.127023 0.0156855
Time
1558555717113
Theta
0.0365671
t_GA - R_GA * R_AB * t_BA
-1.15076 -0.127023 0.0156855
t_wo + t_wo_cam
-1.15076 -0.127023 0.0156855
Time
1558555717133
Theta
0.0365671
t_GA - R_GA * R_AB * t_BA
-1.15021 -0.132469 0.0120547
t_wo + t_wo_cam
-1.15076 -0.127023 0.0156855
Time
1558555717158
Theta
0.0365671
t_GA - R_GA * R_AB * t_BA
-1.15021 -0.132469 0.0120547
t_wo + t_wo_cam
-1.15021 -0.132469 0.0120547
Time
1558555717178
Theta
0.0412396
t_GA - R_GA * R_AB * t_BA
-1.15021 -0.132469 0.0120547
t_wo + t_wo_cam
-1.15021 -0.132469 0.0120547
Time
1558555717199
Theta
0.0412396
t_GA - R_GA * R_AB * t_BA
-1.15021 -0.132469 0.0120547
t_wo + t_wo_cam
-1.15021 -0.132469 0.0120547
Time
1558555717223
Theta
0.0412396
t_GA - R_GA * R_AB * t_BA
-1.15112 -0.125875 0.0106968
t_wo + t_wo_cam
-1.15021 -0.132469 0.0120547
Time
1558555717244
Theta
0.0412396
t_GA - R_GA * R_AB * t_BA
-1.15112 -0.125875 0.0106968
t_wo + t_wo_cam
-1.15112 -0.125875 0.0106968
Time
1558555717264
Theta
0.0375727
t_GA - R_GA * R_AB * t_BA
-1.15112 -0.125875 0.0106968
t_wo + t_wo_cam
-1.15112 -0.125875 0.0106968
Time
1558555717289
Theta
0.0375727
t_GA - R_GA * R_AB * t_BA
-1.15107 -0.127355 0.00751676
t_wo + t_wo_cam
-1.15112 -0.125875 0.0106968
Time
1558555717309
Theta
0.0375727
t_GA - R_GA * R_AB * t_BA
-1.15107 -0.127355 0.00751676
t_wo + t_wo_cam
-1.15107 -0.127355 0.00751676
Time
1558555717330
Theta
0.03878
t_GA - R_GA * R_AB * t_BA
-1.15107 -0.127355 0.00751676
t_wo + t_wo_cam
-1.15107 -0.127355 0.00751676
Time
1558555717354
Theta
0.03878
t_GA - R_GA * R_AB * t_BA
-1.15107 -0.127355 0.00751676
t_wo + t_wo_cam
-1.15107 -0.127355 0.00751676
Time
1558555717375
Theta
0.03878
t_GA - R_GA * R_AB * t_BA
-1.15008 -0.133019 0.0220975
t_wo + t_wo_cam
-1.15107 -0.127355 0.00751676
Time
1558555717395
Theta
0.03878
t_GA - R_GA * R_AB * t_BA
-1.15008 -0.133019 0.0220975
t_wo + t_wo_cam
-1.15008 -0.133019 0.0220975
Time
1558555717416
Theta
0.0413528
t_GA - R_GA * R_AB * t_BA
-1.15008 -0.133019 0.0220975
t_wo + t_wo_cam
-1.15008 -0.133019 0.0220975
Time
1558555717440
Theta
0.0413528
t_GA - R_GA * R_AB * t_BA
-1.15008 -0.133019 0.0220975
t_wo + t_wo_cam
-1.15008 -0.133019 0.0220975
Time
1558555717461
Theta
0.0413528
t_GA - R_GA * R_AB * t_BA
-1.15124 -0.123576 0.0149026
t_wo + t_wo_cam
-1.15008 -0.133019 0.0220975
Time
1558555717481
Theta
0.0413528
t_GA - R_GA * R_AB * t_BA
-1.15124 -0.123576 0.0149026
t_wo + t_wo_cam
-1.15124 -0.123576 0.0149026
Time
1558555717506
Theta
0.0369284
t_GA - R_GA * R_AB * t_BA
-1.15124 -0.123576 0.0149026
t_wo + t_wo_cam
-1.15124 -0.123576 0.0149026
Time
1558555717526
Theta
0.0369284
t_GA - R_GA * R_AB * t_BA
-1.15124 -0.123576 0.0149026
t_wo + t_wo_cam
-1.15124 -0.123576 0.0149026
Time
1558555717547
Theta
0.0369284
t_GA - R_GA * R_AB * t_BA
-1.15254 -0.117702 0.0148142
t_wo + t_wo_cam
-1.15124 -0.123576 0.0149026
Time
1558555717571
Theta
0.0369284
t_GA - R_GA * R_AB * t_BA
-1.15254 -0.117702 0.0148142
t_wo + t_wo_cam
-1.15254 -0.117702 0.0148142
Time
1558555717592
Theta
0.0345293
t_GA - R_GA * R_AB * t_BA
-1.15254 -0.117702 0.0148142
t_wo + t_wo_cam
-1.15254 -0.117702 0.0148142
Time
1558555717612
Theta
0.0345293
t_GA - R_GA * R_AB * t_BA
-1.15325 -0.115087 0.00780756
t_wo + t_wo_cam
-1.15254 -0.117702 0.0148142
Time
1558555717637
Theta
0.0345293
t_GA - R_GA * R_AB * t_BA
-1.15325 -0.115087 0.00780756
t_wo + t_wo_cam
-1.15325 -0.115087 0.00780756
Time
1558555717657
Theta
0.0299344
t_GA - R_GA * R_AB * t_BA
-1.15325 -0.115087 0.00780756
t_wo + t_wo_cam
-1.15325 -0.115087 0.00780756
Time
1558555717678
Theta
0.0299344
t_GA - R_GA * R_AB * t_BA
-1.15325 -0.115087 0.00780756
t_wo + t_wo_cam
-1.15325 -0.115087 0.00780756
Time
1558555717703
Theta
0.0299344
t_GA - R_GA * R_AB * t_BA
-1.15294 -0.121259 0.00528336
t_wo + t_wo_cam
-1.15325 -0.115087 0.00780756
Time
1558555717723
Theta
0.0299344
t_GA - R_GA * R_AB * t_BA
-1.15294 -0.121259 0.00528336
t_wo + t_wo_cam
-1.15294 -0.121259 0.00528336
Time
1558555717743
Theta
0.0327211
t_GA - R_GA * R_AB * t_BA
-1.15294 -0.121259 0.00528336
t_wo + t_wo_cam
-1.15294 -0.121259 0.00528336
Time
1558555717768
Theta
0.0327211
t_GA - R_GA * R_AB * t_BA
-1.15294 -0.121259 0.00528336
t_wo + t_wo_cam
-1.15294 -0.121259 0.00528336
Time
1558555717789
Theta
0.0327211
t_GA - R_GA * R_AB * t_BA
-1.15203 -0.125165 0.00934043
t_wo + t_wo_cam
-1.15294 -0.121259 0.00528336
Time
1558555717809
Theta
0.0327211
t_GA - R_GA * R_AB * t_BA
-1.15203 -0.125165 0.00934043
t_wo + t_wo_cam
-1.15203 -0.125165 0.00934043
Time
1558555717834
Theta
0.0364858
t_GA - R_GA * R_AB * t_BA
-1.15203 -0.125165 0.00934043
t_wo + t_wo_cam
-1.15203 -0.125165 0.00934043
Time
1558555717854
Theta
0.0364858
t_GA - R_GA * R_AB * t_BA
-1.15203 -0.125165 0.00934043
t_wo + t_wo_cam
-1.15203 -0.125165 0.00934043
Time
1558555717875
Theta
0.0364858
t_GA - R_GA * R_AB * t_BA
-1.15248 -0.116733 0.0191916
t_wo + t_wo_cam
-1.15203 -0.125165 0.00934043
Time
1558555717899
Theta
0.0364858
t_GA - R_GA * R_AB * t_BA
-1.15248 -0.116733 0.0191916
t_wo + t_wo_cam
-1.15248 -0.116733 0.0191916
Time
1558555717920
Theta
0.0324094
t_GA - R_GA * R_AB * t_BA
-1.15248 -0.116733 0.0191916
t_wo + t_wo_cam
-1.15248 -0.116733 0.0191916
Time
1558555717940
Theta
0.0324094
t_GA - R_GA * R_AB * t_BA
-1.15259 -0.119573 0.0107937
t_wo + t_wo_cam
-1.15248 -0.116733 0.0191916
Time
1558555717965
Theta
0.0324094
t_GA - R_GA * R_AB * t_BA
-1.15259 -0.119573 0.0107937
t_wo + t_wo_cam
-1.15259 -0.119573 0.0107937
Time
1558555717985
Theta
0.0335907
t_GA - R_GA * R_AB * t_BA
-1.15259 -0.119573 0.0107937
t_wo + t_wo_cam
-1.15259 -0.119573 0.0107937
Time
1558555718006
Theta
0.0335907
t_GA - R_GA * R_AB * t_BA
-1.15259 -0.119573 0.0107937
t_wo + t_wo_cam
-1.15259 -0.119573 0.0107937
Time
1558555718030
Theta
0.0335907
t_GA - R_GA * R_AB * t_BA
-1.15241 -0.121562 0.0117598
t_wo + t_wo_cam
-1.15259 -0.119573 0.0107937
Time
1558555718051
Theta
0.0335907
t_GA - R_GA * R_AB * t_BA
-1.15241 -0.121562 0.0117598
t_wo + t_wo_cam
-1.15241 -0.121562 0.0117598
Time
1558555718071
Theta
0.0345676
t_GA - R_GA * R_AB * t_BA
-1.15241 -0.121562 0.0117598
t_wo + t_wo_cam
-1.15241 -0.121562 0.0117598
Time
1558555718096
Theta
0.0345676
t_GA - R_GA * R_AB * t_BA
-1.15241 -0.121562 0.0117598
t_wo + t_wo_cam
-1.15241 -0.121562 0.0117598
Time
1558555718116
Theta
0.0345676
t_GA - R_GA * R_AB * t_BA
-1.15249 -0.122192 0.0103295
t_wo + t_wo_cam
-1.15241 -0.121562 0.0117598
Time
1558555718137
Theta
0.0345676
t_GA - R_GA * R_AB * t_BA
-1.15249 -0.122192 0.0103295
t_wo + t_wo_cam
-1.15249 -0.122192 0.0103295
Time
1558555718161
Theta
0.0341165
t_GA - R_GA * R_AB * t_BA
-1.15249 -0.122192 0.0103295
t_wo + t_wo_cam
-1.15249 -0.122192 0.0103295
Time
1558555718182
Theta
0.0341165
t_GA - R_GA * R_AB * t_BA
-1.15249 -0.122192 0.0103295
t_wo + t_wo_cam
-1.15249 -0.122192 0.0103295
Time
1558555718202
Theta
0.0341165
t_GA - R_GA * R_AB * t_BA
-1.15039 -0.140206 0.00682033
t_wo + t_wo_cam
-1.15249 -0.122192 0.0103295
Time
1558555718227
Theta
0.0341165
t_GA - R_GA * R_AB * t_BA
-1.15039 -0.140206 0.00682033
t_wo + t_wo_cam
-1.15039 -0.140206 0.00682033
Time
1558555718247
Theta
0.0503005
t_GA - R_GA * R_AB * t_BA
-1.15039 -0.140206 0.00682033
t_wo + t_wo_cam
-1.15039 -0.140206 0.00682033
Time
1558555718268
Theta
0.0503005
t_GA - R_GA * R_AB * t_BA
-1.15398 -0.138673 0.0106881
t_wo + t_wo_cam
-1.15039 -0.140206 0.00682033
Time
1558555718292
Theta
0.0503005
t_GA - R_GA * R_AB * t_BA
-1.14737 -0.174568 0.0638809
t_wo + t_wo_cam
-1.14737 -0.174568 0.0638809
Time
1558555718313
Theta
0.101514
t_GA - R_GA * R_AB * t_BA
-1.14737 -0.174568 0.0638809
t_wo + t_wo_cam
-1.14737 -0.174568 0.0638809
Time
1558555718333
Theta
0.101514
t_GA - R_GA * R_AB * t_BA
-1.14737 -0.174568 0.0638809
t_wo + t_wo_cam
-1.14737 -0.174568 0.0638809
Time
1558555718358
Theta
0.101514
t_GA - R_GA * R_AB * t_BA
-0.739785 -0.715655 -0.4346
t_wo + t_wo_cam
-1.14737 -0.174568 0.0638809
Time
1558555718378
Theta
0.101514
t_GA - R_GA * R_AB * t_BA
-0.739785 -0.715655 -0.4346
t_wo + t_wo_cam
-0.739785 -0.715655 -0.4346
Time
1558555718399
Theta
0.76783
t_GA - R_GA * R_AB * t_BA
-0.739785 -0.715655 -0.4346
t_wo + t_wo_cam
-0.739785 -0.715655 -0.4346
Time
1558555718423
Theta
0.76783
t_GA - R_GA * R_AB * t_BA
-0.739785 -0.715655 -0.4346
t_wo + t_wo_cam
-0.739785 -0.715655 -0.4346
Time
1558555718444
Theta
0.76783
t_GA - R_GA * R_AB * t_BA
-0.425598 -0.744709 -0.648808
t_wo + t_wo_cam
-0.739785 -0.715655 -0.4346
Time
1558555718464
Theta
0.76783
t_GA - R_GA * R_AB * t_BA
-0.425598 -0.744709 -0.648808
t_wo + t_wo_cam
-0.425598 -0.744709 -0.648808
Time
1558555718489
Theta
1.16196
t_GA - R_GA * R_AB * t_BA
-0.425598 -0.744709 -0.648808
t_wo + t_wo_cam
-0.425598 -0.744709 -0.648808
Time
1558555718509
Theta
1.16196
t_GA - R_GA * R_AB * t_BA
-0.425598 -0.744709 -0.648808
t_wo + t_wo_cam
-0.425598 -0.744709 -0.648808
Time
1558555718530
Theta
1.16196
t_GA - R_GA * R_AB * t_BA
-0.425598 -0.744709 -0.648808
t_wo + t_wo_cam
-0.425598 -0.744709 -0.648808
Time
1558555718554
Theta
1.16196
t_GA - R_GA * R_AB * t_BA
-0.425598 -0.744709 -0.648808
t_wo + t_wo_cam
-0.425598 -0.744709 -0.648808
Time
1558555718575
Theta
1.16196
t_GA - R_GA * R_AB * t_BA
-0.425598 -0.744709 -0.648808
t_wo + t_wo_cam
-0.425598 -0.744709 -0.648808
Time
1558555718595
Theta
1.16196
t_GA - R_GA * R_AB * t_BA
-0.425598 -0.744709 -0.648808
t_wo + t_wo_cam
-0.425598 -0.744709 -0.648808
Time
1558555718620
Theta
1.16196
t_GA - R_GA * R_AB * t_BA
-0.425598 -0.744709 -0.648808
t_wo + t_wo_cam
-0.425598 -0.744709 -0.648808
Time
1558555718640
Theta
1.16196
t_GA - R_GA * R_AB * t_BA
-0.425598 -0.744709 -0.648808
t_wo + t_wo_cam
-0.425598 -0.744709 -0.648808
Time
1558555718661
Theta
1.16196
t_GA - R_GA * R_AB * t_BA
-0.425598 -0.744709 -0.648808
t_wo + t_wo_cam
-0.425598 -0.744709 -0.648808
Time
1558555718686
Theta
1.16196
t_GA - R_GA * R_AB * t_BA
0.139386 -0.120021 1.05737
t_wo + t_wo_cam
-0.425598 -0.744709 -0.648808
Time
1558555718706
Theta
1.16196
t_GA - R_GA * R_AB * t_BA
0.139386 -0.120021 1.05737
t_wo + t_wo_cam
0.139386 -0.120021 1.05737
Time
1558555718726
Theta
2.35145
t_GA - R_GA * R_AB * t_BA
0.139386 -0.120021 1.05737
t_wo + t_wo_cam
0.139386 -0.120021 1.05737
Time
1558555718751
Theta
2.35145
t_GA - R_GA * R_AB * t_BA
0.139386 -0.120021 1.05737
t_wo + t_wo_cam
0.139386 -0.120021 1.05737
Time
1558555718772
Theta
2.35145
t_GA - R_GA * R_AB * t_BA
0.0789943 -0.356165 -1.031
t_wo + t_wo_cam
0.139386 -0.120021 1.05737
Time
1558555718792
Theta
2.35145
t_GA - R_GA * R_AB * t_BA
0.0789943 -0.356165 -1.031
t_wo + t_wo_cam
0.0789943 -0.356165 -1.031
Time
1558555718817
Theta
2.4524
t_GA - R_GA * R_AB * t_BA
0.0789943 -0.356165 -1.031
t_wo + t_wo_cam
0.0789943 -0.356165 -1.031
Time
1558555718837
Theta
2.4524
t_GA - R_GA * R_AB * t_BA
0.0789943 -0.356165 -1.031
t_wo + t_wo_cam
0.0789943 -0.356165 -1.031
Time
1558555718858
Theta
2.4524
t_GA - R_GA * R_AB * t_BA
0.0789943 -0.356165 -1.031
t_wo + t_wo_cam
0.0789943 -0.356165 -1.031
Time
1558555718882
Theta
2.4524
t_GA - R_GA * R_AB * t_BA
0.0789943 -0.356165 -1.031
t_wo + t_wo_cam
0.0789943 -0.356165 -1.031
Time
1558555718903
Theta
2.4524
t_GA - R_GA * R_AB * t_BA
0.0789943 -0.356165 -1.031
t_wo + t_wo_cam
0.0789943 -0.356165 -1.031
Time
1558555718923
Theta
2.4524
t_GA - R_GA * R_AB * t_BA
0.0789943 -0.356165 -1.031
t_wo + t_wo_cam
0.0789943 -0.356165 -1.031
Time
1558555718948
Theta
2.4524
t_GA - R_GA * R_AB * t_BA
0.0789943 -0.356165 -1.031
t_wo + t_wo_cam
0.0789943 -0.356165 -1.031
Time
1558555718968
Theta
2.4524
t_GA - R_GA * R_AB * t_BA
0.0789943 -0.356165 -1.031
t_wo + t_wo_cam
0.0789943 -0.356165 -1.031
Time
1558555718989
Theta
2.4524
t_GA - R_GA * R_AB * t_BA
0.0789943 -0.356165 -1.031
t_wo + t_wo_cam
0.0789943 -0.356165 -1.031
Time
1558555719013
Theta
2.4524
t_GA - R_GA * R_AB * t_BA
0.0789943 -0.356165 -1.031
t_wo + t_wo_cam
0.0789943 -0.356165 -1.031
Time
1558555719034
Theta
2.4524
t_GA - R_GA * R_AB * t_BA
0.0789943 -0.356165 -1.031
t_wo + t_wo_cam
0.0789943 -0.356165 -1.031
Time
1558555719054
Theta
2.4524
t_GA - R_GA * R_AB * t_BA
0.0789943 -0.356165 -1.031
t_wo + t_wo_cam
0.0789943 -0.356165 -1.031
Time
1558555719079
Theta
2.4524
t_GA - R_GA * R_AB * t_BA
0.0789943 -0.356165 -1.031
t_wo + t_wo_cam
0.0789943 -0.356165 -1.031
Time
1558555719099
Theta
2.4524
t_GA - R_GA * R_AB * t_BA
0.0789943 -0.356165 -1.031
t_wo + t_wo_cam
0.0789943 -0.356165 -1.031
Time
1558555719120
Theta
2.4524
t_GA - R_GA * R_AB * t_BA
0.0789943 -0.356165 -1.031
t_wo + t_wo_cam
0.0789943 -0.356165 -1.031
Time
1558555719144
Theta
2.4524
t_GA - R_GA * R_AB * t_BA
0.0789943 -0.356165 -1.031
t_wo + t_wo_cam
0.0789943 -0.356165 -1.031
Time
1558555719165
Theta
2.4524
t_GA - R_GA * R_AB * t_BA
0.0789943 -0.356165 -1.031
t_wo + t_wo_cam
0.0789943 -0.356165 -1.031
Time
1558555719185
Theta
2.4524
t_GA - R_GA * R_AB * t_BA
0.0789943 -0.356165 -1.031
t_wo + t_wo_cam
0.0789943 -0.356165 -1.031
Time
1558555719210
Theta
2.4524
t_GA - R_GA * R_AB * t_BA
0.0789943 -0.356165 -1.031
t_wo + t_wo_cam
0.0789943 -0.356165 -1.031
Time
1558555719230
Theta
2.4524
t_GA - R_GA * R_AB * t_BA
0.0789943 -0.356165 -1.031
t_wo + t_wo_cam
0.0789943 -0.356165 -1.031
Time
1558555719251
Theta
2.4524
t_GA - R_GA * R_AB * t_BA
0.0789943 -0.356165 -1.031
t_wo + t_wo_cam
0.0789943 -0.356165 -1.031
Time
1558555719271
Theta
2.4524
t_GA - R_GA * R_AB * t_BA
0.0789943 -0.356165 -1.031
t_wo + t_wo_cam
0.0789943 -0.356165 -1.031
Time
1558555719296
Theta
2.4524
t_GA - R_GA * R_AB * t_BA
0.0789943 -0.356165 -1.031
t_wo + t_wo_cam
0.0789943 -0.356165 -1.031
Time
1558555719316
Theta
2.4524
t_GA - R_GA * R_AB * t_BA
0.0789943 -0.356165 -1.031
t_wo + t_wo_cam
0.0789943 -0.356165 -1.031
Time
1558555719337
Theta
2.4524
t_GA - R_GA * R_AB * t_BA
0.0789943 -0.356165 -1.031
t_wo + t_wo_cam
0.0789943 -0.356165 -1.031
Time
1558555719361
Theta
2.4524
t_GA - R_GA * R_AB * t_BA
0.0789943 -0.356165 -1.031
t_wo + t_wo_cam
0.0789943 -0.356165 -1.031
Time
1558555719382
Theta
2.4524
t_GA - R_GA * R_AB * t_BA
0.0789943 -0.356165 -1.031
t_wo + t_wo_cam
0.0789943 -0.356165 -1.031
Time
1558555719402
Theta
2.4524
t_GA - R_GA * R_AB * t_BA
0.0789943 -0.356165 -1.031
t_wo + t_wo_cam
0.0789943 -0.356165 -1.031
Time
1558555719427
Theta
2.4524
t_GA - R_GA * R_AB * t_BA
0.0789943 -0.356165 -1.031
t_wo + t_wo_cam
0.0789943 -0.356165 -1.031
Time
1558555719447
Theta
2.4524
t_GA - R_GA * R_AB * t_BA
0.0789943 -0.356165 -1.031
t_wo + t_wo_cam
0.0789943 -0.356165 -1.031
Time
1558555719468
Theta
2.4524
t_GA - R_GA * R_AB * t_BA
0.0789943 -0.356165 -1.031
t_wo + t_wo_cam
0.0789943 -0.356165 -1.031
Time
1558555719492
Theta
2.4524
t_GA - R_GA * R_AB * t_BA
0.0789943 -0.356165 -1.031
t_wo + t_wo_cam
0.0789943 -0.356165 -1.031
Time
1558555719513
Theta
2.4524
t_GA - R_GA * R_AB * t_BA
0.0789943 -0.356165 -1.031
t_wo + t_wo_cam
0.0789943 -0.356165 -1.031
Time
1558555719533
Theta
2.4524
t_GA - R_GA * R_AB * t_BA
0.0789943 -0.356165 -1.031
t_wo + t_wo_cam
0.0789943 -0.356165 -1.031
Time
1558555719558
Theta
2.4524
t_GA - R_GA * R_AB * t_BA
0.0789943 -0.356165 -1.031
t_wo + t_wo_cam
0.0789943 -0.356165 -1.031
Time
1558555719578
Theta
2.4524
t_GA - R_GA * R_AB * t_BA
0.0789943 -0.356165 -1.031
t_wo + t_wo_cam
0.0789943 -0.356165 -1.031
Time
1558555719599
Theta
2.4524
t_GA - R_GA * R_AB * t_BA
0.0789943 -0.356165 -1.031
t_wo + t_wo_cam
0.0789943 -0.356165 -1.031
Time
1558555719623
Theta
2.4524
t_GA - R_GA * R_AB * t_BA
0.0789943 -0.356165 -1.031
t_wo + t_wo_cam
0.0789943 -0.356165 -1.031
Time
1558555719644
Theta
2.4524
t_GA - R_GA * R_AB * t_BA
0.0789943 -0.356165 -1.031
t_wo + t_wo_cam
0.0789943 -0.356165 -1.031
Time
1558555719664
Theta
2.4524
t_GA - R_GA * R_AB * t_BA
0.0789943 -0.356165 -1.031
t_wo + t_wo_cam
0.0789943 -0.356165 -1.031
Time
1558555719689
Theta
2.4524
t_GA - R_GA * R_AB * t_BA
0.0789943 -0.356165 -1.031
t_wo + t_wo_cam
0.0789943 -0.356165 -1.031
Time
1558555719709
Theta
2.4524
t_GA - R_GA * R_AB * t_BA
0.0789943 -0.356165 -1.031
t_wo + t_wo_cam
0.0789943 -0.356165 -1.031
Time
1558555719730
Theta
2.4524
t_GA - R_GA * R_AB * t_BA
0.0789943 -0.356165 -1.031
t_wo + t_wo_cam
0.0789943 -0.356165 -1.031
Time
1558555719755
Theta
2.4524
t_GA - R_GA * R_AB * t_BA
0.0789943 -0.356165 -1.031
t_wo + t_wo_cam
0.0789943 -0.356165 -1.031
Time
1558555719775
Theta
2.4524
t_GA - R_GA * R_AB * t_BA
0.0789943 -0.356165 -1.031
t_wo + t_wo_cam
0.0789943 -0.356165 -1.031
Time
1558555719795
Theta
2.4524
t_GA - R_GA * R_AB * t_BA
0.0789943 -0.356165 -1.031
t_wo + t_wo_cam
0.0789943 -0.356165 -1.031
Time
1558555719820
Theta
2.4524
t_GA - R_GA * R_AB * t_BA
0.0789943 -0.356165 -1.031
t_wo + t_wo_cam
0.0789943 -0.356165 -1.031
Time
1558555719841
Theta
2.4524
t_GA - R_GA * R_AB * t_BA
0.0789943 -0.356165 -1.031
t_wo + t_wo_cam
0.0789943 -0.356165 -1.031
Time
1558555719861
Theta
2.4524
t_GA - R_GA * R_AB * t_BA
0.0789943 -0.356165 -1.031
t_wo + t_wo_cam
0.0789943 -0.356165 -1.031
Time
1558555719886
Theta
2.4524
t_GA - R_GA * R_AB * t_BA
0.0789943 -0.356165 -1.031
t_wo + t_wo_cam
0.0789943 -0.356165 -1.031
Time
1558555719906
Theta
2.4524
t_GA - R_GA * R_AB * t_BA
0.0789943 -0.356165 -1.031
t_wo + t_wo_cam
0.0789943 -0.356165 -1.031
Time
1558555719927
Theta
2.4524
t_GA - R_GA * R_AB * t_BA
0.0789943 -0.356165 -1.031
t_wo + t_wo_cam
0.0789943 -0.356165 -1.031
Time
1558555719951
Theta
2.4524
t_GA - R_GA * R_AB * t_BA
0.0789943 -0.356165 -1.031
t_wo + t_wo_cam
0.0789943 -0.356165 -1.031
Time
1558555719972
Theta
2.4524
t_GA - R_GA * R_AB * t_BA
0.0789943 -0.356165 -1.031
t_wo + t_wo_cam
0.0789943 -0.356165 -1.031
Time
1558555719992
Theta
2.4524
t_GA - R_GA * R_AB * t_BA
0.0789943 -0.356165 -1.031
t_wo + t_wo_cam
0.0789943 -0.356165 -1.031
Time
1558555720017
Theta
2.4524
t_GA - R_GA * R_AB * t_BA
0.0789943 -0.356165 -1.031
t_wo + t_wo_cam
0.0789943 -0.356165 -1.031
Time
1558555720037
Theta
2.4524
t_GA - R_GA * R_AB * t_BA
0.0789943 -0.356165 -1.031
t_wo + t_wo_cam
0.0789943 -0.356165 -1.031
Time
1558555720058
Theta
2.4524
t_GA - R_GA * R_AB * t_BA
0.0789943 -0.356165 -1.031
t_wo + t_wo_cam
0.0789943 -0.356165 -1.031
Time
1558555720082
Theta
2.4524
t_GA - R_GA * R_AB * t_BA
0.0789943 -0.356165 -1.031
t_wo + t_wo_cam
0.0789943 -0.356165 -1.031
Time
1558555720103
Theta
2.4524
t_GA - R_GA * R_AB * t_BA
0.0789943 -0.356165 -1.031
t_wo + t_wo_cam
0.0789943 -0.356165 -1.031
Time
1558555720123
Theta
2.4524
t_GA - R_GA * R_AB * t_BA
0.0789943 -0.356165 -1.031
t_wo + t_wo_cam
0.0789943 -0.356165 -1.031
Time
1558555720148
Theta
2.4524
t_GA - R_GA * R_AB * t_BA
0.0789943 -0.356165 -1.031
t_wo + t_wo_cam
0.0789943 -0.356165 -1.031
Time
1558555720168
Theta
2.4524
t_GA - R_GA * R_AB * t_BA
0.0789943 -0.356165 -1.031
t_wo + t_wo_cam
0.0789943 -0.356165 -1.031
Time
1558555720189
Theta
2.4524
t_GA - R_GA * R_AB * t_BA
0.0789943 -0.356165 -1.031
t_wo + t_wo_cam
0.0789943 -0.356165 -1.031
Time
1558555720213
Theta
2.4524
t_GA - R_GA * R_AB * t_BA
0.0789943 -0.356165 -1.031
t_wo + t_wo_cam
0.0789943 -0.356165 -1.031
Time
1558555720234
Theta
2.4524
t_GA - R_GA * R_AB * t_BA
0.0789943 -0.356165 -1.031
t_wo + t_wo_cam
0.0789943 -0.356165 -1.031
Time
1558555720254
Theta
2.4524
t_GA - R_GA * R_AB * t_BA
0.0789943 -0.356165 -1.031
t_wo + t_wo_cam
0.0789943 -0.356165 -1.031
Time
1558555720279
Theta
2.4524
t_GA - R_GA * R_AB * t_BA
0.0789943 -0.356165 -1.031
t_wo + t_wo_cam
0.0789943 -0.356165 -1.031
Time
1558555720299
Theta
2.4524
t_GA - R_GA * R_AB * t_BA
0.0789943 -0.356165 -1.031
t_wo + t_wo_cam
0.0789943 -0.356165 -1.031
Time
1558555720320
Theta
2.4524
t_GA - R_GA * R_AB * t_BA
0.0789943 -0.356165 -1.031
t_wo + t_wo_cam
0.0789943 -0.356165 -1.031
Time
1558555720344
Theta
2.4524
t_GA - R_GA * R_AB * t_BA
0.0789943 -0.356165 -1.031
t_wo + t_wo_cam
0.0789943 -0.356165 -1.031
Time
1558555720365
Theta
2.4524
t_GA - R_GA * R_AB * t_BA
0.0789943 -0.356165 -1.031
t_wo + t_wo_cam
0.0789943 -0.356165 -1.031
Time
1558555720385
Theta
2.4524
t_GA - R_GA * R_AB * t_BA
0.0789943 -0.356165 -1.031
t_wo + t_wo_cam
0.0789943 -0.356165 -1.031
Time
1558555720410
Theta
2.4524
t_GA - R_GA * R_AB * t_BA
0.0789943 -0.356165 -1.031
t_wo + t_wo_cam
0.0789943 -0.356165 -1.031
Time
1558555720430
Theta
2.4524
t_GA - R_GA * R_AB * t_BA
0.0789943 -0.356165 -1.031
t_wo + t_wo_cam
0.0789943 -0.356165 -1.031
Time
1558555720451
Theta
2.4524
t_GA - R_GA * R_AB * t_BA
0.0789943 -0.356165 -1.031
t_wo + t_wo_cam
0.0789943 -0.356165 -1.031
Time
1558555720475
Theta
2.4524
t_GA - R_GA * R_AB * t_BA
0.0789943 -0.356165 -1.031
t_wo + t_wo_cam
0.0789943 -0.356165 -1.031
Time
1558555720496
Theta
2.4524
t_GA - R_GA * R_AB * t_BA
0.0789943 -0.356165 -1.031
t_wo + t_wo_cam
0.0789943 -0.356165 -1.031
Time
1558555720516
Theta
2.4524
t_GA - R_GA * R_AB * t_BA
0.0789943 -0.356165 -1.031
t_wo + t_wo_cam
0.0789943 -0.356165 -1.031
Time
1558555720541
Theta
2.4524
t_GA - R_GA * R_AB * t_BA
0.0789943 -0.356165 -1.031
t_wo + t_wo_cam
0.0789943 -0.356165 -1.031
Time
1558555720561
Theta
2.4524
t_GA - R_GA * R_AB * t_BA
0.0789943 -0.356165 -1.031
t_wo + t_wo_cam
0.0789943 -0.356165 -1.031
Time
1558555720582
Theta
2.4524
t_GA - R_GA * R_AB * t_BA
0.0789943 -0.356165 -1.031
t_wo + t_wo_cam
0.0789943 -0.356165 -1.031
Time
1558555720606
Theta
2.4524
t_GA - R_GA * R_AB * t_BA
0.0789943 -0.356165 -1.031
t_wo + t_wo_cam
0.0789943 -0.356165 -1.031
Time
1558555720627
Theta
2.4524
t_GA - R_GA * R_AB * t_BA
0.0789943 -0.356165 -1.031
t_wo + t_wo_cam
0.0789943 -0.356165 -1.031
Time
1558555720647
Theta
2.4524
t_GA - R_GA * R_AB * t_BA
0.0789943 -0.356165 -1.031
t_wo + t_wo_cam
0.0789943 -0.356165 -1.031
Time
1558555720672
Theta
2.4524
t_GA - R_GA * R_AB * t_BA
0.0789943 -0.356165 -1.031
t_wo + t_wo_cam
0.0789943 -0.356165 -1.031
Time
1558555720692
Theta
2.4524
t_GA - R_GA * R_AB * t_BA
0.0789943 -0.356165 -1.031
t_wo + t_wo_cam
0.0789943 -0.356165 -1.031
Time
1558555720713
Theta
2.4524
t_GA - R_GA * R_AB * t_BA
0.0789943 -0.356165 -1.031
t_wo + t_wo_cam
0.0789943 -0.356165 -1.031
Time
1558555720738
Theta
2.4524
t_GA - R_GA * R_AB * t_BA
0.0789943 -0.356165 -1.031
t_wo + t_wo_cam
0.0789943 -0.356165 -1.031
Time
1558555720758
Theta
2.4524
t_GA - R_GA * R_AB * t_BA
0.0789943 -0.356165 -1.031
t_wo + t_wo_cam
0.0789943 -0.356165 -1.031
Time
1558555720778
Theta
2.4524
t_GA - R_GA * R_AB * t_BA
0.0789943 -0.356165 -1.031
t_wo + t_wo_cam
0.0789943 -0.356165 -1.031
Time
1558555720803
Theta
2.4524
t_GA - R_GA * R_AB * t_BA
0.0789943 -0.356165 -1.031
t_wo + t_wo_cam
0.0789943 -0.356165 -1.031
Time
1558555720824
Theta
2.4524
t_GA - R_GA * R_AB * t_BA
0.0789943 -0.356165 -1.031
t_wo + t_wo_cam
0.0789943 -0.356165 -1.031
Time
1558555720844
Theta
2.4524
t_GA - R_GA * R_AB * t_BA
0.0789943 -0.356165 -1.031
t_wo + t_wo_cam
0.0789943 -0.356165 -1.031
Time
1558555720869
Theta
2.4524
t_GA - R_GA * R_AB * t_BA
0.0789943 -0.356165 -1.031
t_wo + t_wo_cam
0.0789943 -0.356165 -1.031
Time
1558555720889
Theta
2.4524
t_GA - R_GA * R_AB * t_BA
0.0789943 -0.356165 -1.031
t_wo + t_wo_cam
0.0789943 -0.356165 -1.031
Time
1558555720910
Theta
2.4524
t_GA - R_GA * R_AB * t_BA
0.0789943 -0.356165 -1.031
t_wo + t_wo_cam
0.0789943 -0.356165 -1.031
Time
1558555720934
Theta
2.4524
t_GA - R_GA * R_AB * t_BA
0.0789943 -0.356165 -1.031
t_wo + t_wo_cam
0.0789943 -0.356165 -1.031
Time
1558555720955
Theta
2.4524
t_GA - R_GA * R_AB * t_BA
0.0789943 -0.356165 -1.031
t_wo + t_wo_cam
0.0789943 -0.356165 -1.031
Time
1558555720975
Theta
2.4524
t_GA - R_GA * R_AB * t_BA
0.0789943 -0.356165 -1.031
t_wo + t_wo_cam
0.0789943 -0.356165 -1.031
Time
1558555721000
Theta
2.4524
t_GA - R_GA * R_AB * t_BA
0.0789943 -0.356165 -1.031
t_wo + t_wo_cam
0.0789943 -0.356165 -1.031
Time
1558555721020
Theta
2.4524
