t_wo + t_wo_cam
0.9 0 0
Time
1558624238840
Theta
0
t_wo + t_wo_cam
0.9 0 0
Time
1558624238840
Theta
0
t_wo + t_wo_cam
0.9 0 0
Time
1558624238840
Theta
0
t_wo + t_wo_cam
0.9 0 0
Time
1558624238841
Theta
0
t_wo + t_wo_cam
0.9 0 0
Time
1558624238841
Theta
0
t_wo + t_wo_cam
0.9 0 0
Time
1558624238841
Theta
0
t_wo + t_wo_cam
0.9 0 0
Time
1558624238841
Theta
0
t_wo + t_wo_cam
0.9 0 0
Time
1558624238861
Theta
0
t_wo + t_wo_cam
0.9 0 0
Time
1558624238889
Theta
0
t_wo + t_wo_cam
0.9 0 0
Time
1558624238914
Theta
0
t_wo + t_wo_cam
0.9 0 0
Time
1558624238942
Theta
0
t_wo + t_wo_cam
0.9 0 0
Time
1558624238971
Theta
0
t_wo + t_wo_cam
0.9 0 0
Time
1558624239000
Theta
0
t_wo + t_wo_cam
0.9 0 0
Time
1558624239028
Theta
0
t_wo + t_wo_cam
0.9 0 0
Time
1558624239057
Theta
0
t_wo + t_wo_cam
0.9 0 0
Time
1558624239086
Theta
0
t_wo + t_wo_cam
0.9 0 0
Time
1558624239110
Theta
0
t_wo + t_wo_cam
0.9 0 0
Time
1558624239139
Theta
0
t_wo + t_wo_cam
0.9 0 0
Time
1558624239168
Theta
0
t_wo + t_wo_cam
0.9 0 0
Time
1558624239196
Theta
0
t_wo + t_wo_cam
0.9 0 0
Time
1558624239225
Theta
0
t_wo + t_wo_cam
0.9 0 0
Time
1558624239254
Theta
0
t_wo + t_wo_cam
0.9 0 0
Time
1558624239282
Theta
0
t_wo + t_wo_cam
0.9 0 0
Time
1558624239307
Theta
0
t_wo + t_wo_cam
0.9 0 0
Time
1558624239335
Theta
0
t_wo + t_wo_cam
0.9 0 0
Time
1558624239364
Theta
0
t_wo + t_wo_cam
0.9 0 0
Time
1558624239393
Theta
0
t_wo + t_wo_cam
0.9 0 0
Time
1558624239421
Theta
0
t_wo + t_wo_cam
0.9 0 0
Time
1558624239450
Theta
0
t_wo + t_wo_cam
0.9 0 0
Time
1558624239475
Theta
0
t_wo + t_wo_cam
0.9 0 0
Time
1558624239503
Theta
0
t_wo + t_wo_cam
0.9 0 0
Time
1558624239532
Theta
0
t_wo + t_wo_cam
0.9 0 0
Time
1558624239561
Theta
0
t_wo + t_wo_cam
0.9 0 0
Time
1558624239589
Theta
0
t_wo + t_wo_cam
0.9 0 0
Time
1558624239618
Theta
0
t_wo + t_wo_cam
0.9 0 0
Time
1558624239647
Theta
0
t_wo + t_wo_cam
0.9 0 0
Time
1558624239671
Theta
0
t_wo + t_wo_cam
0.9 0 0
Time
1558624239700
Theta
0
t_wo + t_wo_cam
0.9 0 0
Time
1558624239729
Theta
0
t_wo + t_wo_cam
0.9 0 0
Time
1558624239757
Theta
0
t_wo + t_wo_cam
0.9 0 0
Time
1558624239786
Theta
0
t_wo + t_wo_cam
0.9 0 0
Time
1558624239815
Theta
0
t_wo + t_wo_cam
0.572535 0.0692958 -0.0527746
Time
1558624239843
Theta
-0.0697592
t_wo + t_wo_cam
0.572535 0.0692958 -0.0527746
Time
1558624239868
Theta
-0.0697592
t_wo + t_wo_cam
0.572535 0.0692958 -0.0527746
Time
1558624239896
Theta
-0.0697592
t_wo + t_wo_cam
0.572535 0.0692958 -0.0527746
Time
1558624239925
Theta
-0.0697592
t_wo + t_wo_cam
0.572535 0.0692958 -0.0527746
Time
1558624239954
Theta
-0.0697592
t_wo + t_wo_cam
0.572347 0.0724826 -0.0425726
Time
1558624239982
Theta
-0.0718448
t_wo + t_wo_cam
0.572347 0.0724826 -0.0425726
Time
1558624240011
Theta
-0.0718448
t_wo + t_wo_cam
0.572347 0.0724826 -0.0425726
Time
1558624240040
Theta
-0.0718448
t_wo + t_wo_cam
0.572347 0.0724826 -0.0425726
Time
1558624240064
Theta
-0.0718448
t_wo + t_wo_cam
0.571698 0.0643663 -0.0397649
Time
1558624240093
Theta
-0.0662961
t_wo + t_wo_cam
0.571698 0.0643663 -0.0397649
Time
1558624240122
Theta
-0.0662961
t_wo + t_wo_cam
0.571698 0.0643663 -0.0397649
Time
1558624240150
Theta
-0.0662961
t_wo + t_wo_cam
0.571698 0.0643663 -0.0397649
Time
1558624240179
Theta
-0.0662961
t_wo + t_wo_cam
0.572129 0.0689247 -0.0347782
Time
1558624240208
Theta
-0.0695166
t_wo + t_wo_cam
0.572129 0.0689247 -0.0347782
Time
1558624240232
Theta
-0.0695166
t_wo + t_wo_cam
0.572129 0.0689247 -0.0347782
Time
1558624240261
Theta
-0.0695166
t_wo + t_wo_cam
0.572129 0.0689247 -0.0347782
Time
1558624240289
Theta
-0.0695166
t_wo + t_wo_cam
0.572129 0.0689247 -0.0347782
Time
1558624240318
Theta
-0.0695166
t_wo + t_wo_cam
0.571473 0.0536999 -0.037346
Time
1558624240347
Theta
-0.0591265
t_wo + t_wo_cam
0.571473 0.0536999 -0.037346
Time
1558624240375
Theta
-0.0591265
t_wo + t_wo_cam
0.571473 0.0536999 -0.037346
Time
1558624240404
Theta
-0.0591265
t_wo + t_wo_cam
0.571359 0.0550225 -0.0367031
Time
1558624240429
Theta
-0.0602381
t_wo + t_wo_cam
0.571359 0.0550225 -0.0367031
Time
1558624240457
Theta
-0.0602381
t_wo + t_wo_cam
0.571359 0.0550225 -0.0367031
Time
1558624240486
Theta
-0.0602381
t_wo + t_wo_cam
0.571359 0.0550225 -0.0367031
Time
1558624240515
Theta
-0.0602381
t_wo + t_wo_cam
0.571359 0.0550225 -0.0367031
Time
1558624240543
Theta
-0.0602381
t_wo + t_wo_cam
0.572869 0.076313 -0.0399134
Time
1558624240572
Theta
-0.0745635
t_wo + t_wo_cam
0.572869 0.076313 -0.0399134
Time
1558624240601
Theta
-0.0745635
t_wo + t_wo_cam
0.572869 0.076313 -0.0399134
Time
1558624240625
Theta
-0.0745635
t_wo + t_wo_cam
0.572869 0.076313 -0.0399134
Time
1558624240654
Theta
-0.0745635
t_wo + t_wo_cam
0.572718 0.0719131 -0.0380827
Time
1558624240683
Theta
-0.0715644
t_wo + t_wo_cam
0.572718 0.0719131 -0.0380827
Time
1558624240711
Theta
-0.0715644
t_wo + t_wo_cam
0.572718 0.0719131 -0.0380827
Time
1558624240740
Theta
-0.0715644
t_wo + t_wo_cam
0.572718 0.0719131 -0.0380827
Time
1558624240769
Theta
-0.0715644
t_wo + t_wo_cam
0.572757 0.0741327 -0.0402372
Time
1558624240797
Theta
-0.0729778
t_wo + t_wo_cam
0.572757 0.0741327 -0.0402372
Time
1558624240822
Theta
-0.0729778
t_wo + t_wo_cam
0.572757 0.0741327 -0.0402372
Time
1558624240851
Theta
-0.0729778
t_wo + t_wo_cam
0.572757 0.0741327 -0.0402372
Time
1558624240879
Theta
-0.0729778
t_wo + t_wo_cam
0.573312 0.074471 -0.0467257
Time
1558624240908
Theta
-0.0733056
t_wo + t_wo_cam
0.573312 0.074471 -0.0467257
Time
1558624240937
Theta
-0.0733056
t_wo + t_wo_cam
0.573312 0.074471 -0.0467257
Time
1558624240965
Theta
-0.0733056
t_wo + t_wo_cam
0.573312 0.074471 -0.0467257
Time
1558624240994
Theta
-0.0733056
t_wo + t_wo_cam
0.572053 0.0621831 -0.0412303
Time
1558624241019
Theta
-0.0648925
t_wo + t_wo_cam
0.572053 0.0621831 -0.0412303
Time
1558624241047
Theta
-0.0648925
t_wo + t_wo_cam
0.572053 0.0621831 -0.0412303
Time
1558624241076
Theta
-0.0648925
t_wo + t_wo_cam
0.572053 0.0621831 -0.0412303
Time
1558624241105
Theta
-0.0648925
t_wo + t_wo_cam
0.573418 0.0763481 -0.0482512
Time
1558624241133
Theta
-0.0746643
t_wo + t_wo_cam
0.573418 0.0763481 -0.0482512
Time
1558624241162
Theta
-0.0746643
t_wo + t_wo_cam
0.573418 0.0763481 -0.0482512
Time
1558624241186
Theta
-0.0746643
t_wo + t_wo_cam
0.573418 0.0763481 -0.0482512
Time
1558624241215
Theta
-0.0746643
t_wo + t_wo_cam
0.572892 0.0734278 -0.0474121
Time
1558624241244
Theta
-0.0725513
t_wo + t_wo_cam
0.572892 0.0734278 -0.0474121
Time
1558624241272
Theta
-0.0725513
t_wo + t_wo_cam
0.572892 0.0734278 -0.0474121
Time
1558624241301
Theta
-0.0725513
t_wo + t_wo_cam
0.572892 0.0734278 -0.0474121
Time
1558624241330
Theta
-0.0725513
t_wo + t_wo_cam
0.57323 0.0713715 -0.050165
Time
1558624241358
Theta
-0.0711595
t_wo + t_wo_cam
0.57323 0.0713715 -0.050165
Time
1558624241383
Theta
-0.0711595
t_wo + t_wo_cam
0.57323 0.0713715 -0.050165
Time
1558624241412
Theta
-0.0711595
t_wo + t_wo_cam
0.57323 0.0713715 -0.050165
Time
1558624241440
Theta
-0.0711595
t_wo + t_wo_cam
0.572036 0.0547614 -0.0510966
Time
1558624241469
Theta
-0.0599262
t_wo + t_wo_cam
0.572036 0.0547614 -0.0510966
Time
1558624241498
Theta
-0.0599262
t_wo + t_wo_cam
0.572036 0.0547614 -0.0510966
Time
1558624241526
Theta
-0.0599262
t_wo + t_wo_cam
0.572036 0.0547614 -0.0510966
Time
1558624241555
Theta
-0.0599262
t_wo + t_wo_cam
0.572161 0.0617787 -0.0449316
Time
1558624241580
Theta
-0.0647181
t_wo + t_wo_cam
0.572161 0.0617787 -0.0449316
Time
1558624241608
Theta
-0.0647181
t_wo + t_wo_cam
0.572161 0.0617787 -0.0449316
Time
1558624241637
Theta
-0.0647181
t_wo + t_wo_cam
0.572161 0.0617787 -0.0449316
Time
1558624241666
Theta
-0.0647181
t_wo + t_wo_cam
0.572731 0.0708333 -0.0475888
Time
1558624241694
Theta
-0.0707851
t_wo + t_wo_cam
0.572731 0.0708333 -0.0475888
Time
1558624241723
Theta
-0.0707851
t_wo + t_wo_cam
0.572731 0.0708333 -0.0475888
Time
1558624241752
Theta
-0.0707851
t_wo + t_wo_cam
0.572731 0.0708333 -0.0475888
Time
1558624241776
Theta
-0.0707851
t_wo + t_wo_cam
0.572644 0.0764727 -0.0488856
Time
1558624241805
Theta
-0.0747261
t_wo + t_wo_cam
0.572644 0.0764727 -0.0488856
Time
1558624241834
Theta
-0.0747261
t_wo + t_wo_cam
0.572644 0.0764727 -0.0488856
Time
1558624241862
Theta
-0.0747261
t_wo + t_wo_cam
0.572644 0.0764727 -0.0488856
Time
1558624241891
Theta
-0.0747261
t_wo + t_wo_cam
0.572626 0.0711433 -0.0450331
Time
1558624241920
Theta
-0.0708784
t_wo + t_wo_cam
0.572626 0.0711433 -0.0450331
Time
1558624241944
Theta
-0.0708784
t_wo + t_wo_cam
0.572626 0.0711433 -0.0450331
Time
1558624241973
Theta
-0.0708784
t_wo + t_wo_cam
0.572626 0.0711433 -0.0450331
Time
1558624242002
Theta
-0.0708784
t_wo + t_wo_cam
0.572626 0.0711433 -0.0450331
Time
1558624242030
Theta
-0.0708784
t_wo + t_wo_cam
0.573494 0.0835548 -0.045092
Time
1558624242059
Theta
-0.0793938
t_wo + t_wo_cam
0.573494 0.0835548 -0.045092
Time
1558624242088
Theta
-0.0793938
t_wo + t_wo_cam
0.573494 0.0835548 -0.045092
Time
1558624242116
Theta
-0.0793938
t_wo + t_wo_cam
0.573494 0.0835548 -0.045092
Time
1558624242141
Theta
-0.0793938
t_wo + t_wo_cam
0.572734 0.0815603 -0.0366863
Time
1558624242169
Theta
-0.0764533
t_wo + t_wo_cam
0.572734 0.0815603 -0.0366863
Time
1558624242198
Theta
-0.0764533
t_wo + t_wo_cam
0.572734 0.0815603 -0.0366863
Time
1558624242227
Theta
-0.0764533
t_wo + t_wo_cam
0.572734 0.0815603 -0.0366863
Time
1558624242255
Theta
-0.0764533
t_wo + t_wo_cam
0.571795 0.0870009 -0.0573769
Time
1558624242284
Theta
-0.0784033
t_wo + t_wo_cam
0.571795 0.0870009 -0.0573769
Time
1558624242313
Theta
-0.0784033
t_wo + t_wo_cam
0.571795 0.0870009 -0.0573769
Time
1558624242337
Theta
-0.0784033
t_wo + t_wo_cam
0.571795 0.0870009 -0.0573769
Time
1558624242366
Theta
-0.0784033
t_wo + t_wo_cam
0.572308 0.0882212 -0.0408254
Time
1558624242395
Theta
-0.0775044
t_wo + t_wo_cam
0.572308 0.0882212 -0.0408254
Time
1558624242423
Theta
-0.0775044
t_wo + t_wo_cam
0.572308 0.0882212 -0.0408254
Time
1558624242452
Theta
-0.0775044
t_wo + t_wo_cam
0.572308 0.0882212 -0.0408254
Time
1558624242481
Theta
-0.0775044
t_wo + t_wo_cam
0.573093 0.0824063 -0.0358328
Time
1558624242509
Theta
-0.0749335
t_wo + t_wo_cam
0.573093 0.0824063 -0.0358328
Time
1558624242534
Theta
-0.0749335
t_wo + t_wo_cam
0.573093 0.0824063 -0.0358328
Time
1558624242563
Theta
-0.0749335
t_wo + t_wo_cam
0.573093 0.0824063 -0.0358328
Time
1558624242591
Theta
-0.0749335
t_wo + t_wo_cam
0.573397 0.0887533 -0.0326581
Time
1558624242620
Theta
-0.0787331
t_wo + t_wo_cam
0.573397 0.0887533 -0.0326581
Time
1558624242649
Theta
-0.0787331
t_wo + t_wo_cam
0.573397 0.0887533 -0.0326581
Time
1558624242677
Theta
-0.0787331
t_wo + t_wo_cam
0.573397 0.0887533 -0.0326581
Time
1558624242702
Theta
-0.0787331
t_wo + t_wo_cam
0.573299 0.0835891 -0.0439759
Time
1558624242730
Theta
-0.0757168
t_wo + t_wo_cam
0.573299 0.0835891 -0.0439759
Time
1558624242759
Theta
-0.0757168
t_wo + t_wo_cam
0.573299 0.0835891 -0.0439759
Time
1558624242788
Theta
-0.0757168
t_wo + t_wo_cam
0.573299 0.0835891 -0.0439759
Time
1558624242817
Theta
-0.0757168
t_wo + t_wo_cam
0.572591 0.0769938 -0.0454916
Time
1558624242845
Theta
-0.0711046
t_wo + t_wo_cam
0.572591 0.0769938 -0.0454916
Time
1558624242874
Theta
-0.0711046
t_wo + t_wo_cam
0.572591 0.0769938 -0.0454916
Time
1558624242898
Theta
-0.0711046
t_wo + t_wo_cam
0.572591 0.0769938 -0.0454916
Time
1558624242927
Theta
-0.0711046
t_wo + t_wo_cam
0.572591 0.0769938 -0.0454916
Time
1558624242956
Theta
-0.0711046
t_wo + t_wo_cam
0.573302 0.079685 -0.0496425
Time
1558624242984
Theta
-0.0730441
t_wo + t_wo_cam
0.573302 0.079685 -0.0496425
Time
1558624243013
Theta
-0.0730441
t_wo + t_wo_cam
0.573302 0.079685 -0.0496425
Time
1558624243042
Theta
-0.0730441
t_wo + t_wo_cam
0.573302 0.079685 -0.0496425
Time
1558624243070
Theta
-0.0730441
t_wo + t_wo_cam
0.573212 0.0780107 -0.0489764
Time
1558624243095
Theta
-0.0718668
t_wo + t_wo_cam
0.573212 0.0780107 -0.0489764
Time
1558624243124
Theta
-0.0718668
t_wo + t_wo_cam
0.573212 0.0780107 -0.0489764
Time
1558624243152
Theta
-0.0718668
t_wo + t_wo_cam
0.573212 0.0780107 -0.0489764
Time
1558624243181
Theta
-0.0718668
t_wo + t_wo_cam
0.573212 0.0780107 -0.0489764
Time
1558624243210
Theta
-0.0718668
t_wo + t_wo_cam
0.573218 0.0735472 -0.0535065
Time
1558624243238
Theta
-0.068945
t_wo + t_wo_cam
0.573218 0.0735472 -0.0535065
Time
1558624243267
Theta
-0.068945
t_wo + t_wo_cam
0.573218 0.0735472 -0.0535065
Time
1558624243292
Theta
-0.068945
t_wo + t_wo_cam
0.573218 0.0735472 -0.0535065
Time
1558624243320
Theta
-0.068945
t_wo + t_wo_cam
0.57269 0.0731402 -0.0452218
Time
1558624243349
Theta
-0.0685212
t_wo + t_wo_cam
0.57269 0.0731402 -0.0452218
Time
1558624243378
Theta
-0.0685212
t_wo + t_wo_cam
0.57269 0.0731402 -0.0452218
Time
1558624243406
Theta
-0.0685212
t_wo + t_wo_cam
0.57269 0.0731402 -0.0452218
Time
1558624243435
Theta
-0.0685212
t_wo + t_wo_cam
0.572444 0.078857 -0.0415323
Time
1558624243460
Theta
-0.07237
t_wo + t_wo_cam
0.572444 0.078857 -0.0415323
Time
1558624243488
Theta
-0.07237
t_wo + t_wo_cam
0.572444 0.078857 -0.0415323
Time
1558624243517
Theta
-0.07237
t_wo + t_wo_cam
0.572444 0.078857 -0.0415323
Time
1558624243546
Theta
-0.07237
t_wo + t_wo_cam
0.572947 0.075076 -0.0498059
Time
1558624243574
Theta
-0.0699607
t_wo + t_wo_cam
0.572947 0.075076 -0.0498059
Time
1558624243603
Theta
-0.0699607
t_wo + t_wo_cam
0.572947 0.075076 -0.0498059
Time
1558624243632
Theta
-0.0699607
t_wo + t_wo_cam
0.572947 0.075076 -0.0498059
Time
1558624243656
Theta
-0.0699607
t_wo + t_wo_cam
0.603407 0.11724 -0.0377963
Time
1558624243685
Theta
-0.00997973
t_wo + t_wo_cam
0.571754 0.0679396 -0.0377963
Time
1558624243714
Theta
-0.0651342
t_wo + t_wo_cam
0.571754 0.0679396 -0.0377963
Time
1558624243742
Theta
-0.0651342
t_wo + t_wo_cam
0.571754 0.0679396 -0.0377963
Time
1558624243771
Theta
-0.0651342
t_wo + t_wo_cam
0.573072 0.079776 -0.0478331
Time
1558624243800
Theta
-0.0735676
t_wo + t_wo_cam
0.573072 0.079776 -0.0478331
Time
1558624243828
Theta
-0.0735676
t_wo + t_wo_cam
0.573072 0.079776 -0.0478331
Time
1558624243853
Theta
-0.0735676
t_wo + t_wo_cam
0.573072 0.079776 -0.0478331
Time
1558624243881
Theta
-0.0735676
t_wo + t_wo_cam
0.571777 0.0679743 -0.0339028
Time
1558624243910
Theta
-0.0664318
t_wo + t_wo_cam
0.571777 0.0679743 -0.0339028
Time
1558624243939
Theta
-0.0664318
t_wo + t_wo_cam
0.571777 0.0679743 -0.0339028
Time
1558624243967
Theta
-0.0664318
t_wo + t_wo_cam
0.571777 0.0679743 -0.0339028
Time
1558624243996
Theta
-0.0664318
t_wo + t_wo_cam
0.573325 0.0775985 -0.0493339
Time
1558624244025
Theta
-0.074193
t_wo + t_wo_cam
0.573325 0.0775985 -0.0493339
Time
1558624244049
Theta
-0.074193
t_wo + t_wo_cam
0.573325 0.0775985 -0.0493339
Time
1558624244078
Theta
-0.074193
t_wo + t_wo_cam
0.573325 0.0775985 -0.0493339
Time
1558624244107
Theta
-0.074193
t_wo + t_wo_cam
0.572983 0.072767 -0.0471251
Time
1558624244135
Theta
-0.0719462
t_wo + t_wo_cam
0.572983 0.072767 -0.0471251
Time
1558624244164
Theta
-0.0719462
t_wo + t_wo_cam
0.572983 0.072767 -0.0471251
Time
1558624244193
Theta
-0.0719462
t_wo + t_wo_cam
0.572983 0.072767 -0.0471251
Time
1558624244217
Theta
-0.0719462
t_wo + t_wo_cam
0.572306 0.0666344 -0.0461889
Time
1558624244246
Theta
-0.0679162
t_wo + t_wo_cam
0.572306 0.0666344 -0.0461889
Time
1558624244275
Theta
-0.0679162
t_wo + t_wo_cam
0.604096 0.115847 -0.0461889
Time
1558624244303
Theta
-0.0127618
t_wo + t_wo_cam
0.572306 0.0666344 -0.0461889
Time
1558624244332
Theta
-0.0679162
t_wo + t_wo_cam
0.598187 0.0291828 -0.0583603
Time
1558624244361
Theta
-0.130971
t_wo + t_wo_cam
0.573774 0.0824411 -0.0583603
Time
1558624244389
Theta
-0.075817
t_wo + t_wo_cam
0.573774 0.0824411 -0.0583603
Time
1558624244414
Theta
-0.075817
t_wo + t_wo_cam
0.573774 0.0824411 -0.0583603
Time
1558624244443
Theta
-0.075817
t_wo + t_wo_cam
0.575908 0.122007 -0.0581974
Time
1558624244471
Theta
-0.0891487
t_wo + t_wo_cam
0.608736 0.170533 -0.0581974
Time
1558624244500
Theta
-0.0339943
t_wo + t_wo_cam
0.599609 0.0684279 -0.0581974
Time
1558624244529
Theta
-0.144303
t_wo + t_wo_cam
0.575908 0.122007 -0.0581974
Time
1558624244557
Theta
-0.0891487
t_wo + t_wo_cam
0.583459 0.186224 -0.0698769
Time
1558624244586
Theta
-0.106159
t_wo + t_wo_cam
0.617107 0.234185 -0.0698769
Time
1558624244611
Theta
-0.0510043
t_wo + t_wo_cam
0.606245 0.13225 -0.0698769
Time
1558624244639
Theta
-0.161313
t_wo + t_wo_cam
0.583459 0.186224 -0.0698769
Time
1558624244668
Theta
-0.106159
t_wo + t_wo_cam
0.585602 0.21475 -0.0775285
Time
1558624244697
Theta
-0.108601
t_wo + t_wo_cam
0.619368 0.262629 -0.0775285
Time
1558624244725
Theta
-0.0534464
t_wo + t_wo_cam
0.608257 0.160721 -0.0775285
Time
1558624244754
Theta
-0.163755
t_wo + t_wo_cam
0.585602 0.21475 -0.0775285
Time
1558624244783
Theta
-0.108601
t_wo + t_wo_cam
0.630999 0.353479 -0.105378
Time
1558624244807
Theta
-0.0755627
t_wo + t_wo_cam
0.617637 0.251841 -0.105378
Time
1558624244836
Theta
-0.185872
t_wo + t_wo_cam
0.596183 0.306359 -0.105378
Time
1558624244864
Theta
-0.130717
t_wo + t_wo_cam
0.630999 0.353479 -0.105378
Time
1558624244893
Theta
-0.0755627
t_wo + t_wo_cam
0.623846 0.359047 -0.115383
Time
1558624244922
Theta
-0.208205
t_wo + t_wo_cam
0.603615 0.41403 -0.115383
Time
1558624244950
Theta
-0.153051
t_wo + t_wo_cam
0.6625 0.404947 -0.115383
Time
1558624244975
Theta
-0.153051
t_wo + t_wo_cam
0.603615 0.41403 -0.115383
Time
1558624245004
Theta
-0.153051
t_wo + t_wo_cam
0.664539 0.468243 -0.102067
Time
1558624245032
Theta
-0.16621
t_wo + t_wo_cam
0.605778 0.478101 -0.102067
Time
1558624245061
Theta
-0.16621
t_wo + t_wo_cam
0.642244 0.523956 -0.102067
Time
1558624245090
Theta
-0.111056
t_wo + t_wo_cam
0.625284 0.422856 -0.102067
Time
1558624245118
Theta
-0.221365
t_wo + t_wo_cam
0.642244 0.523956 -0.102067
Time
1558624245147
Theta
-0.111056
t_wo + t_wo_cam
0.631566 0.568575 -0.103118
Time
1558624245172
Theta
-0.250778
t_wo + t_wo_cam
0.672139 0.612788 -0.103118
Time
1558624245200
Theta
-0.195624
t_wo + t_wo_cam
0.613693 0.624369 -0.103118
Time
1558624245229
Theta
-0.195624
t_wo + t_wo_cam
0.672139 0.612788 -0.103118
Time
1558624245258
Theta
-0.195624
t_wo + t_wo_cam
0.630523 0.796201 -0.090025
Time
1558624245286
Theta
-0.230643
t_wo + t_wo_cam
0.688527 0.782581 -0.090025
Time
1558624245315
Theta
-0.230643
t_wo + t_wo_cam
0.630523 0.796201 -0.090025
Time
1558624245344
Theta
-0.230643
t_wo + t_wo_cam
0.688527 0.782581 -0.090025
Time
1558624245368
Theta
-0.230643
t_wo + t_wo_cam
0.669866 0.839613 -0.090025
Time
1558624245397
Theta
-0.175488
t_wo + t_wo_cam
0.675023 0.941423 -0.0791538
Time
1558624245426
Theta
-0.329982
t_wo + t_wo_cam
0.718967 0.982287 -0.0791538
Time
1558624245454
Theta
-0.274827
t_wo + t_wo_cam
0.661621 0.998456 -0.0791538
Time
1558624245483
Theta
-0.274827
t_wo + t_wo_cam
0.718967 0.982287 -0.0791538
Time
1558624245512
Theta
-0.274827
t_wo + t_wo_cam
0.752987 1.19813 -0.0597144
Time
1558624245540
Theta
-0.317368
t_wo + t_wo_cam
0.696381 1.21672 -0.0597144
Time
1558624245565
Theta
-0.317368
t_wo + t_wo_cam
0.752987 1.19813 -0.0597144
Time
1558624245594
Theta
-0.317368
t_wo + t_wo_cam
0.739336 1.25656 -0.0597144
Time
1558624245622
Theta
-0.262213
t_wo + t_wo_cam
0.740349 1.39218 -0.0573525
Time
1558624245651
Theta
-0.410019
t_wo + t_wo_cam
0.787419 1.4294 -0.0573525
Time
1558624245680
Theta
-0.354864
t_wo + t_wo_cam
0.731549 1.4501 -0.0573525
Time
1558624245708
Theta
-0.354864
t_wo + t_wo_cam
0.787419 1.4294 -0.0573525
Time
1558624245733
Theta
-0.354864
t_wo + t_wo_cam
0.787419 1.4294 -0.0573525
Time
1558624245761
Theta
-0.354864
t_wo + t_wo_cam
0.787419 1.4294 -0.0573525
Time
1558624245790
Theta
-0.354864
t_wo + t_wo_cam
0.843288 1.40869 -0.0573525
Time
1558624245819
Theta
-0.354864
t_wo + t_wo_cam
0.899158 1.38799 -0.0573525
Time
1558624245847
Theta
-0.354864
t_wo + t_wo_cam
0.899158 1.38799 -0.0573525
Time
1558624245876
Theta
-0.354864
t_wo + t_wo_cam
0.955028 1.36729 -0.0573525
Time
1558624245905
Theta
-0.354864
t_wo + t_wo_cam
1.0109 1.34659 -0.0573525
Time
1558624245929
Theta
-0.354864
t_wo + t_wo_cam
1.0109 1.34659 -0.0573525
Time
1558624245958
Theta
-0.354864
t_wo + t_wo_cam
1.06677 1.32588 -0.0573525
Time
1558624245987
Theta
-0.354864
t_wo + t_wo_cam
1.12264 1.30518 -0.0573525
Time
1558624246015
Theta
-0.354864
t_wo + t_wo_cam
1.16706 1.34338 -0.0573525
Time
1558624246044
Theta
-0.29971
t_wo + t_wo_cam
1.17903 1.28603 -0.0573525
Time
1558624246073
Theta
-0.354864
t_wo + t_wo_cam
1.2349 1.26533 -0.0573525
Time
1558624246101
Theta
-0.354864
t_wo + t_wo_cam
1.27932 1.30353 -0.0573525
Time
1558624246126
Theta
-0.29971
t_wo + t_wo_cam
1.2913 1.24619 -0.0573525
Time
1558624246155
Theta
-0.354864
t_wo + t_wo_cam
1.34717 1.22548 -0.0573525
Time
1558624246183
Theta
-0.354864
t_wo + t_wo_cam
1.39159 1.26369 -0.0573525
Time
1558624246212
Theta
-0.29971
t_wo + t_wo_cam
1.40357 1.20634 -0.0573525
Time
1558624246241
Theta
-0.354864
t_wo + t_wo_cam
1.45944 1.18563 -0.0573525
Time
1558624246269
Theta
-0.354864
t_wo + t_wo_cam
1.50386 1.22384 -0.0573525
Time
1558624246298
Theta
-0.29971
t_wo + t_wo_cam
1.51584 1.16649 -0.0573525
Time
1558624246323
Theta
-0.354864
t_wo + t_wo_cam
1.57171 1.14578 -0.0573525
Time
1558624246351
Theta
-0.354864
t_wo + t_wo_cam
1.62758 1.12508 -0.0573525
Time
1558624246380
Theta
-0.354864
t_wo + t_wo_cam
1.62758 1.12508 -0.0573525
Time
1558624246409
Theta
-0.354864
t_wo + t_wo_cam
1.68345 1.10438 -0.0573525
Time
1558624246437
Theta
-0.354864
t_wo + t_wo_cam
1.73931 1.08368 -0.0573525
Time
1558624246466
Theta
-0.354864
t_wo + t_wo_cam
1.73931 1.08368 -0.0573525
Time
1558624246491
Theta
-0.354864
t_wo + t_wo_cam
1.79518 1.06297 -0.0573525
Time
1558624246519
Theta
-0.354864
t_wo + t_wo_cam
1.85105 1.04227 -0.0573525
Time
1558624246548
Theta
-0.354864
t_wo + t_wo_cam
1.85105 1.04227 -0.0573525
Time
1558624246577
Theta
-0.354864
t_wo + t_wo_cam
1.90692 1.02157 -0.0573525
Time
1558624246605
Theta
-0.354864
t_wo + t_wo_cam
1.96279 1.00087 -0.0573525
Time
1558624246634
Theta
-0.354864
t_wo + t_wo_cam
1.96279 1.00087 -0.0573525
Time
1558624246663
Theta
-0.354864
t_wo + t_wo_cam
2.01866 0.980164 -0.0573525
Time
1558624246687
Theta
-0.354864
t_wo + t_wo_cam
2.07453 0.959462 -0.0573525
Time
1558624246716
Theta
-0.354864
t_wo + t_wo_cam
2.07453 0.959462 -0.0573525
Time
1558624246744
Theta
-0.354864
t_wo + t_wo_cam
2.1304 0.938759 -0.0573525
Time
1558624246773
Theta
-0.354864
t_wo + t_wo_cam
2.18627 0.918057 -0.0573525
Time
1558624246802
Theta
-0.354864
t_wo + t_wo_cam
2.18627 0.918057 -0.0573525
Time
1558624246830
Theta
-0.354864
t_wo + t_wo_cam
2.24214 0.897354 -0.0573525
Time
1558624246859
Theta
-0.354864
t_wo + t_wo_cam
2.29801 0.876652 -0.0573525
Time
1558624246884
Theta
-0.354864
t_wo + t_wo_cam
2.34243 0.914854 -0.0573525
Time
1558624246912
Theta
-0.29971
t_wo + t_wo_cam
2.35441 0.857505 -0.0573525
Time
1558624246941
Theta
-0.354864
t_wo + t_wo_cam
2.41028 0.836802 -0.0573525
Time
1558624246970
Theta
-0.354864
t_wo + t_wo_cam
2.4547 0.875005 -0.0573525
Time
1558624246998
Theta
-0.29971
t_wo + t_wo_cam
2.46668 0.817655 -0.0573525
Time
1558624247027
Theta
-0.354864
t_wo + t_wo_cam
2.52255 0.796953 -0.0573525
Time
1558624247056
Theta
-0.354864
t_wo + t_wo_cam
2.56696 0.835155 -0.0573525
Time
1558624247080
Theta
-0.29971
t_wo + t_wo_cam
2.57894 0.777806 -0.0573525
Time
1558624247109
Theta
-0.354864
t_wo + t_wo_cam
2.63481 0.757104 -0.0573525
Time
1558624247138
Theta
-0.354864
t_wo + t_wo_cam
2.67923 0.795306 -0.0573525
Time
1558624247166
Theta
-0.29971
t_wo + t_wo_cam
2.69121 0.737957 -0.0573525
Time
1558624247195
Theta
-0.354864
t_wo + t_wo_cam
2.74708 0.717254 -0.0573525
Time
1558624247224
Theta
-0.354864
t_wo + t_wo_cam
2.7915 0.755457 -0.0573525
Time
1558624247252
Theta
-0.29971
t_wo + t_wo_cam
2.80348 0.698107 -0.0573525
Time
1558624247277
Theta
-0.354864
t_wo + t_wo_cam
2.85935 0.677405 -0.0573525
Time
1558624247306
Theta
-0.354864
t_wo + t_wo_cam
2.90377 0.715607 -0.0573525
Time
1558624247334
Theta
-0.29971
t_wo + t_wo_cam
2.91575 0.658258 -0.0573525
Time
1558624247363
Theta
-0.354864
t_wo + t_wo_cam
2.97161 0.637556 -0.0573525
Time
1558624247392
Theta
-0.354864
t_wo + t_wo_cam
3.01603 0.675758 -0.0573525
Time
1558624247420
Theta
-0.29971
t_wo + t_wo_cam
3.02801 0.618409 -0.0573525
Time
1558624247445
Theta
-0.354864
t_wo + t_wo_cam
3.08388 0.597706 -0.0573525
Time
1558624247473
Theta
-0.354864
t_wo + t_wo_cam
3.1283 0.635909 -0.0573525
Time
1558624247502
Theta
-0.29971
t_wo + t_wo_cam
3.18523 0.618318 -0.0573525
Time
1558624247531
Theta
-0.29971
t_wo + t_wo_cam
3.18523 0.618318 -0.0573525
Time
1558624247560
Theta
-0.29971
t_wo + t_wo_cam
3.24215 0.600726 -0.0573525
Time
1558624247588
Theta
-0.29971
t_wo + t_wo_cam
3.29908 0.583135 -0.0573525
Time
1558624247617
Theta
-0.29971
t_wo + t_wo_cam
3.31106 0.525786 -0.0573525
Time
1558624247641
Theta
-0.354864
t_wo + t_wo_cam
3.35548 0.563988 -0.0573525
Time
1558624247670
Theta
-0.29971
t_wo + t_wo_cam
3.4124 0.546397 -0.0573525
Time
1558624247699
Theta
-0.29971
t_wo + t_wo_cam
3.42438 0.489048 -0.0573525
Time
1558624247727
Theta
-0.354864
t_wo + t_wo_cam
3.4688 0.527251 -0.0573525
Time
1558624247756
Theta
-0.29971
t_wo + t_wo_cam
3.52573 0.509659 -0.0573525
Time
1558624247785
Theta
-0.29971
t_wo + t_wo_cam
3.5377 0.45231 -0.0573525
Time
1558624247813
Theta
-0.354864
t_wo + t_wo_cam
3.58212 0.490513 -0.0573525
Time
1558624247838
Theta
-0.29971
t_wo + t_wo_cam
3.63905 0.472921 -0.0573525
Time
1558624247867
Theta
-0.29971
t_wo + t_wo_cam
3.65103 0.415572 -0.0573525
Time
1558624247895
Theta
-0.354864
t_wo + t_wo_cam
3.69545 0.453775 -0.0573525
Time
1558624247924
Theta
-0.29971
t_wo + t_wo_cam
3.75237 0.436183 -0.0573525
Time
1558624247953
Theta
-0.29971
t_wo + t_wo_cam
3.75237 0.436183 -0.0573525
Time
1558624247981
Theta
-0.29971
t_wo + t_wo_cam
3.8093 0.418592 -0.0573525
Time
1558624248010
Theta
-0.29971
t_wo + t_wo_cam
3.86622 0.401001 -0.0573525
Time
1558624248035
Theta
-0.29971
t_wo + t_wo_cam
3.86622 0.401001 -0.0573525
Time
1558624248063
Theta
-0.29971
t_wo + t_wo_cam
3.92315 0.38341 -0.0573525
Time
1558624248092
Theta
-0.29971
t_wo + t_wo_cam
3.98008 0.365819 -0.0573525
Time
1558624248121
Theta
-0.29971
t_wo + t_wo_cam
3.98008 0.365819 -0.0573525
Time
1558624248149
Theta
-0.29971
t_wo + t_wo_cam
4.037 0.348228 -0.0573525
Time
1558624248178
Theta
-0.29971
t_wo + t_wo_cam
4.09393 0.330637 -0.0573525
Time
1558624248203
Theta
-0.29971
t_wo + t_wo_cam
4.09393 0.330637 -0.0573525
Time
1558624248231
Theta
-0.29971
t_wo + t_wo_cam
4.15085 0.313045 -0.0573525
Time
1558624248260
Theta
-0.29971
t_wo + t_wo_cam
4.20778 0.295454 -0.0573525
Time
1558624248289
Theta
-0.29971
t_wo + t_wo_cam
4.20778 0.295454 -0.0573525
Time
1558624248317
Theta
-0.29971
t_wo + t_wo_cam
4.26471 0.277863 -0.0573525
Time
1558624248346
Theta
-0.29971
t_wo + t_wo_cam
4.32163 0.260272 -0.0573525
Time
1558624248375
Theta
-0.29971
t_wo + t_wo_cam
4.32163 0.260272 -0.0573525
Time
1558624248399
Theta
-0.29971
t_wo + t_wo_cam
4.37856 0.242681 -0.0573525
Time
1558624248428
Theta
-0.29971
t_wo + t_wo_cam
4.4208 0.283274 -0.0573525
Time
1558624248457
Theta
-0.244555
t_wo + t_wo_cam
4.43593 0.226672 -0.0573525
Time
1558624248485
Theta
-0.29971
t_wo + t_wo_cam
4.49285 0.209081 -0.0573525
Time
1558624248514
Theta
-0.29971
t_wo + t_wo_cam
4.5351 0.249674 -0.0573525
Time
1558624248543
Theta
-0.244555
t_wo + t_wo_cam
4.55022 0.193072 -0.0573525
Time
1558624248571
Theta
-0.29971
t_wo + t_wo_cam
4.60714 0.175481 -0.0573525
Time
1558624248596
Theta
-0.29971
t_wo + t_wo_cam
4.64939 0.216074 -0.0573525
Time
1558624248624
Theta
-0.244555
t_wo + t_wo_cam
4.66451 0.159472 -0.0573525
Time
1558624248653
Theta
-0.29971
t_wo + t_wo_cam
4.72144 0.141881 -0.0573525
Time
1558624248682
Theta
-0.29971
t_wo + t_wo_cam
4.76368 0.182474 -0.0573525
Time
1558624248710
Theta
-0.244555
t_wo + t_wo_cam
4.77881 0.125873 -0.0573525
Time
1558624248739
Theta
-0.29971
t_wo + t_wo_cam
4.83573 0.108281 -0.0573525
Time
1558624248768
Theta
-0.29971
t_wo + t_wo_cam
4.87798 0.148875 -0.0573525
Time
1558624248792
Theta
-0.244555
t_wo + t_wo_cam
4.8931 0.0922728 -0.0573525
Time
1558624248821
Theta
-0.29971
t_wo + t_wo_cam
4.95002 0.0746816 -0.0573525
Time
1558624248850
Theta
-0.29971
t_wo + t_wo_cam
4.99227 0.115275 -0.0573525
Time
1558624248878
Theta
-0.244555
t_wo + t_wo_cam
5.00739 0.0586729 -0.0573525
Time
1558624248907
Theta
-0.29971
t_wo + t_wo_cam
5.04964 0.099266 -0.0573525
Time
1558624248936
Theta
-0.244555
t_wo + t_wo_cam
5.10745 0.0848398 -0.0573525
Time
1558624248960
Theta
-0.244555
t_wo + t_wo_cam
5.12257 0.0282379 -0.0573525
Time
1558624248989
Theta
-0.29971
t_wo + t_wo_cam
5.16481 0.0688311 -0.0573525
Time
1558624249018
Theta
-0.244555
t_wo + t_wo_cam
5.22262 0.0544048 -0.0573525
Time
1558624249046
Theta
-0.244555
t_wo + t_wo_cam
5.23775 -0.00219703 -0.0573525
Time
1558624249075
Theta
-0.29971
t_wo + t_wo_cam
5.27999 0.0383961 -0.0573525
Time
1558624249104
Theta
-0.244555
t_wo + t_wo_cam
5.3378 0.0239698 -0.0573525
Time
1558624249132
Theta
-0.244555
t_wo + t_wo_cam
5.3378 0.0239698 -0.0573525
Time
1558624249157
Theta
-0.244555
t_wo + t_wo_cam
5.39561 0.00954355 -0.0573525
Time
1558624249186
Theta
-0.244555
t_wo + t_wo_cam
5.45342 -0.00488272 -0.0573525
Time
1558624249214
Theta
-0.244555
t_wo + t_wo_cam
5.45342 -0.00488272 -0.0573525
Time
1558624249243
Theta
-0.244555
t_wo + t_wo_cam
5.51123 -0.019309 -0.0573525
Time
1558624249272
Theta
-0.244555
t_wo + t_wo_cam
5.51123 -0.019309 -0.0573525
Time
1558624249300
Theta
-0.244555
t_wo + t_wo_cam
5.56904 -0.0337353 -0.0573525
Time
1558624249329
Theta
-0.244555
t_wo + t_wo_cam
5.62684 -0.0481615 -0.0573525
Time
1558624249353
Theta
-0.244555
t_wo + t_wo_cam
5.62684 -0.0481615 -0.0573525
Time
1558624249382
Theta
-0.244555
t_wo + t_wo_cam
5.68465 -0.0625878 -0.0573525
Time
1558624249411
Theta
-0.244555
t_wo + t_wo_cam
5.7246 -0.0197276 -0.0573525
Time
1558624249439
Theta
-0.189401
t_wo + t_wo_cam
5.74282 -0.0754097 -0.0573525
Time
1558624249468
Theta
-0.244555
t_wo + t_wo_cam
5.78276 -0.0325495 -0.0573525
Time
1558624249497
Theta
-0.189401
t_wo + t_wo_cam
5.80098 -0.0882316 -0.0573525
Time
1558624249525
Theta
-0.244555
t_wo + t_wo_cam
5.85879 -0.102658 -0.0573525
Time
1558624249550
Theta
-0.244555
t_wo + t_wo_cam
5.89873 -0.0597976 -0.0573525
Time
1558624249579
Theta
-0.189401
t_wo + t_wo_cam
5.91695 -0.11548 -0.0573525
Time
1558624249607
Theta
-0.244555
t_wo + t_wo_cam
5.95689 -0.0726195 -0.0573525
Time
1558624249636
Theta
-0.189401
t_wo + t_wo_cam
6.01541 -0.083837 -0.0573525
Time
1558624249665
Theta
-0.189401
t_wo + t_wo_cam
6.01541 -0.083837 -0.0573525
Time
1558624249693
Theta
-0.189401
t_wo + t_wo_cam
6.07393 -0.0950546 -0.0573525
Time
1558624249718
Theta
-0.189401
t_wo + t_wo_cam
6.07393 -0.0950546 -0.0573525
Time
1558624249747
Theta
-0.189401
t_wo + t_wo_cam
6.13244 -0.106272 -0.0573525
Time
1558624249775
Theta
-0.189401
t_wo + t_wo_cam
6.19096 -0.11749 -0.0573525
Time
1558624249804
Theta
-0.189401
t_wo + t_wo_cam
6.19096 -0.11749 -0.0573525
Time
1558624249833
Theta
-0.189401
t_wo + t_wo_cam
6.24948 -0.128707 -0.0573525
Time
1558624249861
Theta
-0.189401
t_wo + t_wo_cam
6.287 -0.0837102 -0.0573525
Time
1558624249890
Theta
-0.134246
t_wo + t_wo_cam
6.30826 -0.138303 -0.0573525
Time
1558624249915
Theta
-0.189401
t_wo + t_wo_cam
6.34578 -0.0933062 -0.0573525
Time
1558624249943
Theta
-0.134246
t_wo + t_wo_cam
6.40482 -0.101281 -0.0573525
Time
1558624249972
Theta
-0.134246
t_wo + t_wo_cam
6.40482 -0.101281 -0.0573525
Time
1558624250001
Theta
-0.134246
t_wo + t_wo_cam
6.46387 -0.109256 -0.0573525
Time
1558624250029
Theta
-0.134246
t_wo + t_wo_cam
6.49885 -0.0622587 -0.0573525
Time
1558624250058
Theta
-0.0790919
t_wo + t_wo_cam
6.52309 -0.115597 -0.0573525
Time
1558624250087
Theta
-0.134246
t_wo + t_wo_cam
6.58214 -0.123571 -0.0573525
Time
1558624250111
Theta
-0.134246
t_wo + t_wo_cam
6.58214 -0.123571 -0.0573525
Time
1558624250140
Theta
-0.134246
t_wo + t_wo_cam
6.64118 -0.131546 -0.0573525
Time
1558624250169
Theta
-0.134246
t_wo + t_wo_cam
6.67616 -0.0845491 -0.0573525
Time
1558624250197
Theta
-0.0790919
t_wo + t_wo_cam
6.7004 -0.137887 -0.0573525
Time
1558624250226
Theta
-0.134246
t_wo + t_wo_cam
6.73538 -0.0908902 -0.0573525
Time
1558624250255
Theta
-0.0790919
t_wo + t_wo_cam
6.79478 -0.0955977 -0.0573525
Time
1558624250283
Theta
-0.0790919
t_wo + t_wo_cam
6.79478 -0.0955977 -0.0573525
Time
1558624250308
Theta
-0.0790919
t_wo + t_wo_cam
6.85418 -0.100305 -0.0573525
Time
1558624250336
Theta
-0.0790919
t_wo + t_wo_cam
6.88651 -0.0514514 -0.0573525
Time
1558624250365
Theta
-0.0239374
t_wo + t_wo_cam
6.91366 -0.103372 -0.0573525
Time
1558624250394
Theta
-0.0790919
t_wo + t_wo_cam
6.94599 -0.0545182 -0.0573525
Time
1558624250422
Theta
-0.0239374
t_wo + t_wo_cam
7.00556 -0.0559443 -0.0573525
Time
1558624250451
Theta
-0.0239374
t_wo + t_wo_cam
7.0327 -0.107865 -0.0573525
Time
1558624250476
Theta
-0.0790919
t_wo + t_wo_cam
7.06504 -0.0590112 -0.0573525
Time
1558624250504
Theta
-0.0239374
t_wo + t_wo_cam
7.1246 -0.0604373 -0.0573525
Time
1558624250533
Theta
-0.0239374
t_wo + t_wo_cam
7.1246 -0.0604373 -0.0573525
Time
1558624250562
Theta
-0.0239374
t_wo + t_wo_cam
7.18417 -0.0618634 -0.0573525
Time
1558624250590
Theta
-0.0239374
t_wo + t_wo_cam
7.21376 -0.0113011 -0.0573525
Time
1558624250619
Theta
0.0312171
t_wo + t_wo_cam
7.24373 -0.0616466 -0.0573525
Time
1558624250648
Theta
-0.0239374
t_wo + t_wo_cam
7.27332 -0.0110843 -0.0573525
Time
1558624250672
Theta
0.0312171
t_wo + t_wo_cam
7.33288 -0.00922467 -0.0573525
Time
1558624250701
Theta
0.0312171
t_wo + t_wo_cam
7.33288 -0.00922467 -0.0573525
Time
1558624250730
Theta
0.0312171
t_wo + t_wo_cam
7.39243 -0.007365 -0.0573525
Time
1558624250758
Theta
0.0312171
t_wo + t_wo_cam
7.45198 -0.00550533 -0.0573525
Time
1558624250787
Theta
0.0312171
t_wo + t_wo_cam
7.45198 -0.00550533 -0.0573525
Time
1558624250816
Theta
0.0312171
t_wo + t_wo_cam
7.51154 -0.00364566 -0.0573525
Time
1558624250844
Theta
0.0312171
t_wo + t_wo_cam
7.5383 0.0484712 -0.0573525
Time
1558624250869
Theta
0.0863715
t_wo + t_wo_cam
7.57099 -0.000145928 -0.0573525
Time
1558624250898
Theta
0.0312171
t_wo + t_wo_cam
7.59776 0.0519709 -0.0573525
Time
1558624250926
Theta
0.0863715
t_wo + t_wo_cam
7.65711 0.0571107 -0.0573525
Time
1558624250955
Theta
0.0863715
t_wo + t_wo_cam
7.65711 0.0571107 -0.0573525
Time
1558624250984
Theta
0.0863715
t_wo + t_wo_cam
7.71647 0.0622505 -0.0573525
Time
1558624251012
Theta
0.0863715
t_wo + t_wo_cam
7.74032 0.115763 -0.0573525
Time
1558624251041
Theta
0.141526
t_wo + t_wo_cam
7.77565 0.0690225 -0.0573525
Time
1558624251066
Theta
0.0863715
t_wo + t_wo_cam
7.83501 0.0741623 -0.0573525
Time
1558624251094
Theta
0.0863715
t_wo + t_wo_cam
7.85886 0.127675 -0.0573525
Time
1558624251123
Theta
0.141526
t_wo + t_wo_cam
7.89418 0.0809343 -0.0573525
Time
1558624251152
Theta
0.0863715
t_wo + t_wo_cam
7.91803 0.134447 -0.0573525
Time
1558624251180
Theta
0.141526
t_wo + t_wo_cam
7.97702 0.142852 -0.0573525
Time
1558624251209
Theta
0.141526
t_wo + t_wo_cam
7.99788 0.197598 -0.0573525
Time
1558624251233
Theta
0.19668
t_wo + t_wo_cam
8.03573 0.152875 -0.0573525
Time
1558624251262
Theta
0.141526
t_wo + t_wo_cam
8.05659 0.207622 -0.0573525
Time
1558624251291
Theta
0.19668
t_wo + t_wo_cam
8.11502 0.219265 -0.0573525
Time
1558624251319
Theta
0.19668
t_wo + t_wo_cam
8.15287 0.174542 -0.0573525
Time
1558624251348
Theta
0.141526
t_wo + t_wo_cam
8.17373 0.229289 -0.0573525
Time
1558624251377
Theta
0.19668
t_wo + t_wo_cam
8.23217 0.240932 -0.0573525
Time
1558624251405
Theta
0.19668
t_wo + t_wo_cam
8.23217 0.240932 -0.0573525
Time
1558624251430
Theta
0.19668
t_wo + t_wo_cam
8.2906 0.252575 -0.0573525
Time
1558624251459
Theta
0.19668
t_wo + t_wo_cam
8.30841 0.308388 -0.0573525
Time
1558624251487
Theta
0.251835
t_wo + t_wo_cam
8.34867 0.26582 -0.0573525
Time
1558624251516
Theta
0.19668
t_wo + t_wo_cam
8.4071 0.277463 -0.0573525
Time
1558624251545
Theta
0.19668
t_wo + t_wo_cam
8.42491 0.333276 -0.0573525
Time
1558624251573
Theta
0.251835
t_wo + t_wo_cam
8.48262 0.348123 -0.0573525
Time
1558624251602
Theta
0.251835
t_wo + t_wo_cam
8.48262 0.348123 -0.0573525
Time
1558624251627
Theta
0.251835
t_wo + t_wo_cam
8.54032 0.36297 -0.0573525
Time
1558624251655
Theta
0.251835
t_wo + t_wo_cam
8.59802 0.377817 -0.0573525
Time
1558624251684
Theta
0.251835
t_wo + t_wo_cam
8.59802 0.377817 -0.0573525
Time
1558624251713
Theta
0.251835
t_wo + t_wo_cam
8.65572 0.392663 -0.0573525
Time
1558624251741
Theta
0.251835
t_wo + t_wo_cam
8.67043 0.449374 -0.0573525
Time
1558624251770
Theta
0.306989
t_wo + t_wo_cam
8.71297 0.409089 -0.0573525
Time
1558624251799
Theta
0.251835
t_wo + t_wo_cam
8.77068 0.423936 -0.0573525
Time
1558624251823
Theta
0.251835
t_wo + t_wo_cam
8.78539 0.480646 -0.0573525
Time
1558624251852
Theta
0.306989
t_wo + t_wo_cam
8.82793 0.440362 -0.0573525
Time
1558624251881
Theta
0.251835
t_wo + t_wo_cam
8.84264 0.497072 -0.0573525
Time
1558624251909
Theta
0.306989
t_wo + t_wo_cam
8.89943 0.515077 -0.0573525
Time
1558624251938
Theta
0.306989
t_wo + t_wo_cam
8.95623 0.533082 -0.0573525
Time
1558624251967
Theta
0.306989
t_wo + t_wo_cam
8.95623 0.533082 -0.0573525
Time
1558624251991
Theta
0.306989
t_wo + t_wo_cam
9.01302 0.551087 -0.0573525
Time
1558624252020
Theta
0.306989
t_wo + t_wo_cam
9.02459 0.608522 -0.0573525
Time
1558624252049
Theta
0.362144
t_wo + t_wo_cam
9.06928 0.570644 -0.0573525
Time
1558624252077
Theta
0.306989
t_wo + t_wo_cam
9.12608 0.588649 -0.0573525
Time
1558624252106
Theta
0.306989
t_wo + t_wo_cam
9.13764 0.646084 -0.0573525
Time
1558624252135
Theta
0.362144
t_wo + t_wo_cam
9.18233 0.608206 -0.0573525
Time
1558624252163
Theta
0.306989
t_wo + t_wo_cam
9.1939 0.665641 -0.0573525
Time
1558624252188
Theta
0.362144
t_wo + t_wo_cam
9.24961 0.68675 -0.0573525
Time
1558624252217
Theta
0.362144
t_wo + t_wo_cam
9.30533 0.707859 -0.0573525
Time
1558624252245
Theta
0.362144
t_wo + t_wo_cam
9.30533 0.707859 -0.0573525
Time
1558624252274
Theta
0.362144
t_wo + t_wo_cam
9.36105 0.728967 -0.0573525
Time
1558624252302
Theta
0.362144
t_wo + t_wo_cam
9.41677 0.750076 -0.0573525
Time
1558624252331
Theta
0.362144
t_wo + t_wo_cam
9.41677 0.750076 -0.0573525
Time
1558624252360
Theta
0.362144
t_wo + t_wo_cam
9.47248 0.771185 -0.0573525
Time
1558624252384
Theta
0.362144
t_wo + t_wo_cam
9.48086 0.82917 -0.0573525
Time
1558624252413
Theta
0.417298
t_wo + t_wo_cam
9.52758 0.793813 -0.0573525
Time
1558624252442
Theta
0.362144
t_wo + t_wo_cam
9.58329 0.814922 -0.0573525
Time
1558624252470
Theta
0.362144
t_wo + t_wo_cam
9.59167 0.872907 -0.0573525
Time
1558624252499
Theta
0.417298
t_wo + t_wo_cam
9.64614 0.897055 -0.0573525
Time
1558624252528
Theta
0.417298
t_wo + t_wo_cam
9.64614 0.897055 -0.0573525
Time
1558624252556
Theta
0.417298
t_wo + t_wo_cam
9.70061 0.921203 -0.0573525
Time
1558624252581
Theta
0.417298
t_wo + t_wo_cam
9.75508 0.945351 -0.0573525
Time
1558624252610
Theta
0.417298
t_wo + t_wo_cam
9.75508 0.945351 -0.0573525
Time
1558624252638
Theta
0.417298
t_wo + t_wo_cam
9.80955 0.969499 -0.0573525
Time
1558624252667
Theta
0.417298
t_wo + t_wo_cam
9.81472 1.02786 -0.0573525
Time
1558624252696
Theta
0.472453
t_wo + t_wo_cam
9.86777 1.05497 -0.0573525
Time
1558624252724
Theta
0.472453
t_wo + t_wo_cam
9.91636 1.02224 -0.0573525
Time
1558624252753
Theta
0.417298
t_wo + t_wo_cam
9.92153 1.0806 -0.0573525
Time
1558624252778
Theta
0.472453
t_wo + t_wo_cam
9.97459 1.10772 -0.0573525
Time
1558624252806
Theta
0.472453
t_wo + t_wo_cam
9.97459 1.10772 -0.0573525
Time
1558624252835
Theta
0.472453
t_wo + t_wo_cam
10.0276 1.13483 -0.0573525
Time
1558624252864
Theta
0.472453
t_wo + t_wo_cam
10.0807 1.16195 -0.0573525
Time
1558624252892
Theta
0.472453
t_wo + t_wo_cam
10.0807 1.16195 -0.0573525
Time
1558624252921
Theta
0.472453
t_wo + t_wo_cam
10.1338 1.18906 -0.0573525
Time
1558624252945
Theta
0.472453
t_wo + t_wo_cam
10.1868 1.21617 -0.0573525
Time
1558624252974
Theta
0.472453
t_wo + t_wo_cam
10.1888 1.27473 -0.0573525
Time
1558624253003
Theta
0.527607
t_wo + t_wo_cam
10.2391 1.24473 -0.0573525
Time
1558624253032
Theta
0.472453
t_wo + t_wo_cam
10.241 1.30328 -0.0573525
Time
1558624253060
Theta
0.527607
t_wo + t_wo_cam
10.2925 1.33328 -0.0573525
Time
1558624253089
Theta
0.527607
t_wo + t_wo_cam
10.3428 1.30328 -0.0573525
Time
1558624253118
Theta
0.472453
t_wo + t_wo_cam
10.3448 1.36184 -0.0573525
Time
1558624253142
Theta
0.527607
t_wo + t_wo_cam
10.3962 1.39183 -0.0573525
Time
1558624253171
Theta
0.527607
t_wo + t_wo_cam
10.3962 1.39183 -0.0573525
Time
1558624253199
Theta
0.527607
t_wo + t_wo_cam
10.4477 1.42183 -0.0573525
Time
1558624253228
Theta
0.527607
t_wo + t_wo_cam
10.4992 1.45183 -0.0573525
Time
1558624253257
Theta
0.527607
t_wo + t_wo_cam
10.4979 1.5104 -0.0573525
Time
1558624253286
Theta
0.582762
t_wo + t_wo_cam
10.5498 1.48322 -0.0573525
Time
1558624253314
Theta
0.527607
t_wo + t_wo_cam
10.5485 1.5418 -0.0573525
Time
1558624253339
Theta
0.582762
t_wo + t_wo_cam
10.5983 1.57459 -0.0573525
Time
1558624253367
Theta
0.582762
t_wo + t_wo_cam
10.6502 1.54741 -0.0573525
Time
1558624253396
Theta
0.527607
t_wo + t_wo_cam
10.6489 1.60598 -0.0573525
Time
1558624253425
Theta
0.582762
t_wo + t_wo_cam
10.6986 1.63877 -0.0573525
Time
1558624253453
Theta
0.582762
t_wo + t_wo_cam
10.7484 1.67156 -0.0573525
Time
1558624253482
Theta
0.582762
t_wo + t_wo_cam
10.7484 1.67156 -0.0573525
Time
1558624253511
Theta
0.582762
t_wo + t_wo_cam
10.7981 1.70435 -0.0573525
Time
1558624253535
Theta
0.582762
t_wo + t_wo_cam
10.7936 1.76276 -0.0573525
Time
1558624253564
Theta
0.637916
t_wo + t_wo_cam
10.8469 1.73849 -0.0573525
Time
1558624253593
Theta
0.582762
t_wo + t_wo_cam
10.8424 1.7969 -0.0573525
Time
1558624253621
Theta
0.637916
t_wo + t_wo_cam
10.8903 1.83238 -0.0573525
Time
1558624253650
Theta
0.637916
t_wo + t_wo_cam
10.9382 1.86786 -0.0573525
Time
1558624253679
Theta
0.637916
t_wo + t_wo_cam
10.9382 1.86786 -0.0573525
Time
1558624253703
Theta
0.637916
t_wo + t_wo_cam
10.986 1.90335 -0.0573525
Time
1558624253732
Theta
0.637916
t_wo + t_wo_cam
10.9783 1.96142 -0.0573525
Time
1558624253761
Theta
0.693071
t_wo + t_wo_cam
11.0329 1.94012 -0.0573525
Time
1558624253789
Theta
0.637916
t_wo + t_wo_cam
11.0807 1.9756 -0.0573525
Time
1558624253818
Theta
0.637916
t_wo + t_wo_cam
11.073 2.03368 -0.0573525
Time
1558624253847
Theta
0.693071
t_wo + t_wo_cam
11.1188 2.07175 -0.0573525
Time
1558624253875
Theta
0.693071
t_wo + t_wo_cam
11.1188 2.07175 -0.0573525
Time
1558624253900
Theta
0.693071
t_wo + t_wo_cam
11.1647 2.10981 -0.0573525
Time
1558624253929
Theta
0.693071
t_wo + t_wo_cam
11.1538 2.16737 -0.0573525
Time
1558624253957
Theta
0.748225
t_wo + t_wo_cam
11.2094 2.14911 -0.0573525
Time
1558624253986
Theta
0.693071
t_wo + t_wo_cam
11.2553 2.18718 -0.0573525
Time
1558624254015
Theta
0.693071
t_wo + t_wo_cam
11.2443 2.24474 -0.0573525
Time
1558624254043
Theta
0.748225
t_wo + t_wo_cam
11.3 2.22648 -0.0573525
Time
1558624254072
Theta
0.693071
t_wo + t_wo_cam
11.2891 2.28404 -0.0573525
Time
1558624254096
Theta
0.748225
t_wo + t_wo_cam
11.3328 2.32458 -0.0573525
Time
1558624254125
Theta
0.748225
t_wo + t_wo_cam
11.3764 2.36512 -0.0573525
Time
1558624254154
Theta
0.748225
t_wo + t_wo_cam
11.3764 2.36512 -0.0573525
Time
1558624254182
Theta
0.748225
t_wo + t_wo_cam
11.4201 2.40565 -0.0573525
Time
1558624254211
Theta
0.748225
t_wo + t_wo_cam
11.406 2.46252 -0.0573525
Time
1558624254240
Theta
0.80338
t_wo + t_wo_cam
11.4626 2.44736 -0.0573525
Time
1558624254268
Theta
0.748225
t_wo + t_wo_cam
11.4485 2.50423 -0.0573525
Time
1558624254295
Theta
0.80338
t_wo + t_wo_cam
11.4899 2.54711 -0.0573525
Time
1558624254322
Theta
0.80338
t_wo + t_wo_cam
11.5313 2.58999 -0.0573525
Time
1558624254350
Theta
0.80338
t_wo + t_wo_cam
11.5313 2.58999 -0.0573525
Time
1558624254379
Theta
0.80338
t_wo + t_wo_cam
11.5726 2.63288 -0.0573525
Time
1558624254408
Theta
0.80338
t_wo + t_wo_cam
11.5555 2.68888 -0.0573525
Time
1558624254436
Theta
0.858534
t_wo + t_wo_cam
11.6128 2.67686 -0.0573525
Time
1558624254461
Theta
0.80338
t_wo + t_wo_cam
11.5956 2.73287 -0.0573525
Time
1558624254490
Theta
0.858534
t_wo + t_wo_cam
11.6345 2.77797 -0.0573525
Time
1558624254518
Theta
0.858534
t_wo + t_wo_cam
11.6735 2.82307 -0.0573525
Time
1558624254547
Theta
0.858534
t_wo + t_wo_cam
11.6735 2.82307 -0.0573525
Time
1558624254576
Theta
0.858534
t_wo + t_wo_cam
11.7124 2.86816 -0.0573525
Time
1558624254604
Theta
0.858534
t_wo + t_wo_cam
11.6922 2.92314 -0.0573525
Time
1558624254633
Theta
0.913689
t_wo + t_wo_cam
11.7501 2.9143 -0.0573525
Time
1558624254658
Theta
0.858534
t_wo + t_wo_cam
11.7298 2.96928 -0.0573525
Time
1558624254686
Theta
0.913689
t_wo + t_wo_cam
11.7662 3.01645 -0.0573525
Time
1558624254715
Theta
0.913689
t_wo + t_wo_cam
11.8026 3.06363 -0.0573525
Time
1558624254744
Theta
0.913689
t_wo + t_wo_cam
11.8026 3.06363 -0.0573525
Time
1558624254772
Theta
0.913689
t_wo + t_wo_cam
11.839 3.1108 -0.0573525
Time
1558624254801
Theta
0.913689
t_wo + t_wo_cam
11.8158 3.16458 -0.0573525
Time
1558624254830
Theta
0.968843
t_wo + t_wo_cam
11.8741 3.15894 -0.0573525
Time
1558624254854
Theta
0.913689
t_wo + t_wo_cam
11.8508 3.21272 -0.0573525
Time
1558624254883
Theta
0.968843
t_wo + t_wo_cam
11.8846 3.26183 -0.0573525
Time
1558624254911
Theta
0.968843
t_wo + t_wo_cam
11.9183 3.31094 -0.0573525
Time
1558624254940
Theta
0.968843
t_wo + t_wo_cam
11.9183 3.31094 -0.0573525
Time
1558624254969
Theta
0.968843
t_wo + t_wo_cam
11.9521 3.36005 -0.0573525
Time
1558624254998
Theta
0.968843
t_wo + t_wo_cam
11.9259 3.41246 -0.0573525
Time
1558624255026
Theta
1.024
t_wo + t_wo_cam
11.9844 3.41005 -0.0573525
Time
1558624255051
Theta
0.968843
t_wo + t_wo_cam
12.0182 3.45916 -0.0573525
Time
1558624255079
Theta
0.968843
t_wo + t_wo_cam
11.992 3.51157 -0.0573525
Time
1558624255108
Theta
1.024
t_wo + t_wo_cam
12.0505 3.50916 -0.0573525
Time
1558624255137
Theta
0.968843
t_wo + t_wo_cam
12.0243 3.56157 -0.0573525
Time
1558624255165
Theta
1.024
t_wo + t_wo_cam
12.0553 3.61247 -0.0573525
Time
1558624255194
Theta
1.024
t_wo + t_wo_cam
12.0263 3.66336 -0.0573525
Time
1558624255219
Theta
1.07915
t_wo + t_wo_cam
12.0849 3.66418 -0.0573525
Time
1558624255247
Theta
1.024
t_wo + t_wo_cam
12.1159 3.71507 -0.0573525
Time
1558624255276
Theta
1.024
t_wo + t_wo_cam
12.0868 3.76596 -0.0573525
Time
1558624255305
Theta
1.07915
t_wo + t_wo_cam
12.1454 3.76678 -0.0573525
Time
1558624255333
Theta
1.024
t_wo + t_wo_cam
12.1164 3.81767 -0.0573525
Time
1558624255362
Theta
1.07915
t_wo + t_wo_cam
12.1445 3.8702 -0.0573525
Time
1558624255391
Theta
1.07915
t_wo + t_wo_cam
12.1445 3.8702 -0.0573525
Time
1558624255415
Theta
1.07915
t_wo + t_wo_cam
12.1726 3.92272 -0.0573525
Time
1558624255444
Theta
1.07915
t_wo + t_wo_cam
12.2008 3.97525 -0.0573525
Time
1558624255473
Theta
1.07915
t_wo + t_wo_cam
12.169 4.02446 -0.0573525
Time
1558624255501
Theta
1.13431
t_wo + t_wo_cam
12.2274 4.02851 -0.0573525
Time
1558624255530
Theta
1.07915
t_wo + t_wo_cam
12.1956 4.07772 -0.0573525
Time
1558624255559
Theta
1.13431
t_wo + t_wo_cam
12.2208 4.13172 -0.0573525
Time
1558624255587
Theta
1.13431
t_wo + t_wo_cam
12.2793 4.13576 -0.0573525
Time
1558624255612
Theta
1.07915
t_wo + t_wo_cam
12.2475 4.18498 -0.0573525
Time
1558624255641
Theta
1.13431
t_wo + t_wo_cam
12.2727 4.23897 -0.0573525
Time
1558624255669
Theta
1.13431
t_wo + t_wo_cam
12.3311 4.24302 -0.0573525
Time
1558624255698
Theta
1.07915
t_wo + t_wo_cam
12.2993 4.29223 -0.0573525
Time
1558624255727
Theta
1.13431
t_wo + t_wo_cam
12.3245 4.34623 -0.0573525
Time
1558624255755
Theta
1.13431
t_wo + t_wo_cam
12.2901 4.39361 -0.0573525
Time
1558624255784
Theta
1.18946
t_wo + t_wo_cam
12.3482 4.40088 -0.0573525
Time
1558624255808
Theta
1.13431
t_wo + t_wo_cam
12.3734 4.45487 -0.0573525
Time
1558624255837
Theta
1.13431
t_wo + t_wo_cam
12.3389 4.50226 -0.0573525
Time
1558624255866
Theta
1.18946
t_wo + t_wo_cam
12.3971 4.50952 -0.0573525
Time
1558624255895
Theta
1.13431
t_wo + t_wo_cam
12.3626 4.55691 -0.0573525
Time
1558624255923
Theta
1.18946
t_wo + t_wo_cam
12.3848 4.61221 -0.0573525
Time
1558624255952
Theta
1.18946
t_wo + t_wo_cam
12.4429 4.61947 -0.0573525
Time
1558624255976
Theta
1.13431
t_wo + t_wo_cam
12.4085 4.66686 -0.0573525
Time
1558624256005
Theta
1.18946
t_wo + t_wo_cam
12.4306 4.72216 -0.0573525
Time
1558624256034
Theta
1.18946
t_wo + t_wo_cam
12.4888 4.72942 -0.0573525
Time
1558624256062
Theta
1.13431
t_wo + t_wo_cam
12.4543 4.77681 -0.0573525
Time
1558624256091
Theta
1.18946
t_wo + t_wo_cam
12.4765 4.83211 -0.0573525
Time
1558624256120
Theta
1.18946
t_wo + t_wo_cam
12.4765 4.83211 -0.0573525
Time
1558624256148
Theta
1.18946
t_wo + t_wo_cam
12.4987 4.88741 -0.0573525
Time
1558624256173
Theta
1.18946
t_wo + t_wo_cam
12.5208 4.94271 -0.0573525
Time
1558624256202
Theta
1.18946
t_wo + t_wo_cam
12.5208 4.94271 -0.0573525
Time
1558624256230
Theta
1.18946
t_wo + t_wo_cam
12.543 4.99802 -0.0573525
Time
1558624256259
Theta
1.18946
t_wo + t_wo_cam
12.506 5.04343 -0.0573525
Time
1558624256288
Theta
1.24462
t_wo + t_wo_cam
12.5637 5.05389 -0.0573525
Time
1558624256316
Theta
1.18946
t_wo + t_wo_cam
12.5858 5.10919 -0.0573525
Time
1558624256345
Theta
1.18946
t_wo + t_wo_cam
12.5488 5.1546 -0.0573525
Time
1558624256370
Theta
1.24462
t_wo + t_wo_cam
12.6065 5.16506 -0.0573525
Time
1558624256398
Theta
1.18946
t_wo + t_wo_cam
12.5694 5.21047 -0.0573525
Time
1558624256427
Theta
1.24462
t_wo + t_wo_cam
12.5885 5.26692 -0.0573525
Time
1558624256456
Theta
1.24462
t_wo + t_wo_cam
12.6462 5.27737 -0.0573525
Time
1558624256484
Theta
1.18946
t_wo + t_wo_cam
12.6092 5.32279 -0.0573525
Time
1558624256513
Theta
1.24462
t_wo + t_wo_cam
12.6283 5.37923 -0.0573525
Time
1558624256542
Theta
1.24462
t_wo + t_wo_cam
12.6283 5.37923 -0.0573525
Time
1558624256566
Theta
1.24462
t_wo + t_wo_cam
12.6474 5.43567 -0.0573525
Time
1558624256595
Theta
1.24462
t_wo + t_wo_cam
12.6664 5.49211 -0.0573525
Time
1558624256624
Theta
1.24462
t_wo + t_wo_cam
12.6664 5.49211 -0.0573525
Time
1558624256652
Theta
1.24462
t_wo + t_wo_cam
12.6855 5.54855 -0.0573525
Time
1558624256681
Theta
1.24462
t_wo + t_wo_cam
12.6461 5.59185 -0.0573525
Time
1558624256710
Theta
1.29977
t_wo + t_wo_cam
12.7031 5.60547 -0.0573525
Time
1558624256734
Theta
1.24462
t_wo + t_wo_cam
12.7221 5.66191 -0.0573525
Time
1558624256763
Theta
1.24462
t_wo + t_wo_cam
12.6827 5.70522 -0.0573525
Time
1558624256791
Theta
1.29977
t_wo + t_wo_cam
12.7397 5.71884 -0.0573525
Time
1558624256820
Theta
1.24462
t_wo + t_wo_cam
12.7588 5.77528 -0.0573525
Time
1558624256849
Theta
1.24462
t_wo + t_wo_cam
12.7193 5.81858 -0.0573525
Time
1558624256878
Theta
1.29977
t_wo + t_wo_cam
12.7763 5.8322 -0.0573525
Time
1558624256906
Theta
1.24462
t_wo + t_wo_cam
12.7368 5.8755 -0.0573525
Time
1558624256931
Theta
1.29977
t_wo + t_wo_cam
12.7938 5.88912 -0.0573525
Time
1558624256959
Theta
1.24462
t_wo + t_wo_cam
12.8129 5.94556 -0.0573525
Time
1558624256988
Theta
1.24462
t_wo + t_wo_cam
12.7734 5.98887 -0.0573525
Time
1558624257017
Theta
1.29977
t_wo + t_wo_cam
12.8304 6.00249 -0.0573525
Time
1558624257045
Theta
1.24462
t_wo + t_wo_cam
12.8495 6.05893 -0.0573525
Time
1558624257074
Theta
1.24462
t_wo + t_wo_cam
12.81 6.10223 -0.0573525
Time
1558624257103
Theta
1.29977
t_wo + t_wo_cam
12.867 6.11585 -0.0573525
Time
1558624257127
Theta
1.24462
t_wo + t_wo_cam
12.8861 6.17229 -0.0573525
Time
1558624257156
Theta
1.24462
t_wo + t_wo_cam
12.8861 6.17229 -0.0573525
Time
1558624257185
Theta
1.24462
t_wo + t_wo_cam
12.9052 6.22873 -0.0573525
Time
1558624257213
Theta
1.24462
t_wo + t_wo_cam
12.8658 6.27204 -0.0573525
Time
1558624257242
Theta
1.29977
t_wo + t_wo_cam
12.9227 6.28566 -0.0573525
Time
1558624257271
Theta
1.24462
t_wo + t_wo_cam
12.9418 6.3421 -0.0573525
Time
1558624257299
Theta
1.24462
t_wo + t_wo_cam
12.9024 6.3854 -0.0573525
Time
1558624257324
Theta
1.29977
t_wo + t_wo_cam
12.9593 6.39902 -0.0573525
Time
1558624257353
Theta
1.24462
t_wo + t_wo_cam
12.9784 6.45546 -0.0573525
Time
1558624257381
Theta
1.24462
t_wo + t_wo_cam
12.9784 6.45546 -0.0573525
Time
1558624257410
Theta
1.24462
t_wo + t_wo_cam
12.9975 6.5119 -0.0573525
Time
1558624257439
Theta
1.24462
t_wo + t_wo_cam
12.9581 6.55521 -0.0573525
Time
1558624257467
Theta
1.29977
t_wo + t_wo_cam
13.0151 6.56882 -0.0573525
Time
1558624257492
Theta
1.24462
t_wo + t_wo_cam
13.0341 6.62526 -0.0573525
Time
1558624257521
Theta
1.24462
t_wo + t_wo_cam
12.9947 6.66857 -0.0573525
Time
1558624257549
Theta
1.29977
t_wo + t_wo_cam
13.0517 6.68219 -0.0573525
Time
1558624257578
Theta
1.24462
t_wo + t_wo_cam
13.0708 6.73863 -0.0573525
Time
1558624257607
Theta
1.24462
t_wo + t_wo_cam
13.0708 6.73863 -0.0573525
Time
1558624257635
Theta
1.24462
t_wo + t_wo_cam
13.0899 6.79507 -0.0573525
Time
1558624257664
Theta
1.24462
t_wo + t_wo_cam
13.1089 6.85151 -0.0573525
Time
1558624257688
Theta
1.24462
t_wo + t_wo_cam
13.1089 6.85151 -0.0573525
Time
1558624257717
Theta
1.24462
t_wo + t_wo_cam
13.128 6.90795 -0.0573525
Time
1558624257746
Theta
1.24462
t_wo + t_wo_cam
13.0886 6.95125 -0.0573525
Time
1558624257774
Theta
1.29977
t_wo + t_wo_cam
13.1456 6.96487 -0.0573525
Time
1558624257803
Theta
1.24462
t_wo + t_wo_cam
13.1646 7.02131 -0.0573525
Time
1558624257832
Theta
1.24462
t_wo + t_wo_cam
13.1646 7.02131 -0.0573525
Time
1558624257860
Theta
1.24462
t_wo + t_wo_cam
13.1837 7.07775 -0.0573525
Time
1558624257885
Theta
1.24462
t_wo + t_wo_cam
13.2028 7.13419 -0.0573525
Time
1558624257914
Theta
1.24462
t_wo + t_wo_cam
13.2028 7.13419 -0.0573525
Time
1558624257942
Theta
1.24462
t_wo + t_wo_cam
13.2219 7.19063 -0.0573525
Time
1558624257971
Theta
1.24462
t_wo + t_wo_cam
13.2219 7.19063 -0.0573525
Time
1558624258000
Theta
1.24462
t_wo + t_wo_cam
13.241 7.24707 -0.0573525
Time
1558624258028
Theta
1.24462
t_wo + t_wo_cam
13.2601 7.30352 -0.0573525
Time
1558624258057
Theta
1.24462
t_wo + t_wo_cam
13.2601 7.30352 -0.0573525
Time
1558624258082
Theta
1.24462
t_wo + t_wo_cam
13.2792 7.35996 -0.0573525
Time
1558624258110
Theta
1.24462
t_wo + t_wo_cam
13.2983 7.4164 -0.0573525
Time
1558624258139
Theta
1.24462
t_wo + t_wo_cam
13.2983 7.4164 -0.0573525
Time
1558624258168
Theta
1.24462
t_wo + t_wo_cam
13.3174 7.47284 -0.0573525
Time
1558624258196
Theta
1.24462
t_wo + t_wo_cam
13.3365 7.52928 -0.0573525
Time
1558624258225
Theta
1.24462
t_wo + t_wo_cam
13.3365 7.52928 -0.0573525
Time
1558624258250
Theta
1.24462
t_wo + t_wo_cam
13.3556 7.58572 -0.0573525
Time
1558624258278
Theta
1.24462
t_wo + t_wo_cam
13.3556 7.58572 -0.0573525
Time
1558624258307
Theta
1.24462
t_wo + t_wo_cam
13.3747 7.64216 -0.0573525
Time
1558624258336
Theta
1.24462
t_wo + t_wo_cam
13.3937 7.6986 -0.0573525
Time
1558624258364
Theta
1.24462
t_wo + t_wo_cam
13.3937 7.6986 -0.0573525
Time
1558624258393
Theta
1.24462
t_wo + t_wo_cam
13.4128 7.75504 -0.0573525
Time
1558624258422
Theta
1.24462
t_wo + t_wo_cam
13.4319 7.81148 -0.0573525
Time
1558624258446
Theta
1.24462
t_wo + t_wo_cam
13.4319 7.81148 -0.0573525
Time
1558624258475
Theta
1.24462
t_wo + t_wo_cam
13.451 7.86792 -0.0573525
Time
1558624258504
Theta
1.24462
t_wo + t_wo_cam
13.4701 7.92436 -0.0573525
Time
1558624258532
Theta
1.24462
t_wo + t_wo_cam
13.4701 7.92436 -0.0573525
Time
1558624258561
Theta
1.24462
t_wo + t_wo_cam
13.4892 7.9808 -0.0573525
Time
1558624258590
Theta
1.24462
t_wo + t_wo_cam
13.4497 8.0241 -0.0573525
Time
1558624258618
Theta
1.29977
t_wo + t_wo_cam
13.5067 8.03772 -0.0573525
Time
1558624258643
Theta
1.24462
t_wo + t_wo_cam
13.5258 8.09416 -0.0573525
Time
1558624258672
Theta
1.24462
t_wo + t_wo_cam
13.4864 8.13747 -0.0573525
Time
1558624258700
Theta
1.29977
t_wo + t_wo_cam
13.5433 8.15109 -0.0573525
Time
1558624258729
Theta
1.24462
t_wo + t_wo_cam
13.5624 8.20753 -0.0573525
Time
1558624258757
Theta
1.24462
t_wo + t_wo_cam
13.523 8.25083 -0.0573525
Time
1558624258786
Theta
1.29977
t_wo + t_wo_cam
13.58 8.26445 -0.0573525
Time
1558624258815
Theta
1.24462
t_wo + t_wo_cam
13.5405 8.30776 -0.0573525
Time
1558624258839
Theta
1.29977
t_wo + t_wo_cam
13.5564 8.36516 -0.0573525
Time
1558624258868
Theta
1.29977
t_wo + t_wo_cam
13.6134 8.37878 -0.0573525
Time
1558624258897
Theta
1.24462
t_wo + t_wo_cam
13.574 8.42209 -0.0573525
Time
1558624258925
Theta
1.29977
t_wo + t_wo_cam
13.5899 8.47949 -0.0573525
Time
1558624258954
Theta
1.29977
t_wo + t_wo_cam
13.6469 8.49311 -0.0573525
Time
1558624258983
Theta
1.24462
t_wo + t_wo_cam
13.6074 8.53642 -0.0573525
Time
1558624259011
Theta
1.29977
t_wo + t_wo_cam
13.6234 8.59382 -0.0573525
Time
1558624259036
Theta
1.29977
t_wo + t_wo_cam
13.6234 8.59382 -0.0573525
Time
1558624259065
Theta
1.29977
t_wo + t_wo_cam
13.6393 8.65123 -0.0573525
Time
1558624259093
Theta
1.29977
t_wo + t_wo_cam
13.6553 8.70864 -0.0573525
Time
1558624259122
Theta
1.29977
t_wo + t_wo_cam
13.6553 8.70864 -0.0573525
Time
1558624259151
Theta
1.29977
t_wo + t_wo_cam
13.6712 8.76605 -0.0573525
Time
1558624259179
Theta
1.29977
t_wo + t_wo_cam
13.6872 8.82345 -0.0573525
Time
1558624259204
Theta
1.29977
t_wo + t_wo_cam
13.6872 8.82345 -0.0573525
Time
1558624259233
Theta
1.29977
t_wo + t_wo_cam
13.7031 8.88086 -0.0573525
Time
1558624259261
Theta
1.29977
t_wo + t_wo_cam
13.6614 8.92192 -0.0573525
Time
1558624259290
Theta
1.35492
t_wo + t_wo_cam
13.7175 8.93866 -0.0573525
Time
1558624259320
Theta
1.29977
t_wo + t_wo_cam
13.7335 8.99607 -0.0573525
Time
1558624259347
Theta
1.29977
t_wo + t_wo_cam
13.6917 9.03713 -0.0573525
Time
1558624259376
Theta
1.35492
t_wo + t_wo_cam
13.7478 9.05387 -0.0573525
Time
1558624259400
Theta
1.29977
t_wo + t_wo_cam
13.706 9.09494 -0.0573525
Time
1558624259429
Theta
1.35492
t_wo + t_wo_cam
13.7188 9.15313 -0.0573525
Time
1558624259458
Theta
1.35492
t_wo + t_wo_cam
13.7749 9.16987 -0.0573525
Time
1558624259487
Theta
1.29977
t_wo + t_wo_cam
13.7331 9.21094 -0.0573525
Time
1558624259515
Theta
1.35492
t_wo + t_wo_cam
13.7459 9.26914 -0.0573525
Time
1558624259544
Theta
1.35492
t_wo + t_wo_cam
13.8021 9.28588 -0.0573525
Time
1558624259573
Theta
1.29977
t_wo + t_wo_cam
13.7603 9.32694 -0.0573525
Time
1558624259597
Theta
1.35492
t_wo + t_wo_cam
13.773 9.38514 -0.0573525
Time
1558624259626
Theta
1.35492
t_wo + t_wo_cam
13.773 9.38514 -0.0573525
Time
1558624259654
Theta
1.35492
t_wo + t_wo_cam
13.7858 9.44334 -0.0573525
Time
1558624259683
Theta
1.35492
t_wo + t_wo_cam
13.7986 9.50154 -0.0573525
Time
1558624259712
Theta
1.35492
t_wo + t_wo_cam
13.7546 9.54023 -0.0573525
Time
1558624259740
Theta
1.41008
t_wo + t_wo_cam
13.8097 9.56004 -0.0573525
Time
1558624259769
Theta
1.35492
t_wo + t_wo_cam
13.7657 9.59874 -0.0573525
Time
1558624259794
Theta
1.41008
t_wo + t_wo_cam
13.7752 9.65756 -0.0573525
Time
1558624259822
Theta
1.41008
t_wo + t_wo_cam
13.8304 9.67736 -0.0573525
Time
1558624259851
Theta
1.35492
t_wo + t_wo_cam
13.7864 9.71606 -0.0573525
Time
1558624259880
Theta
1.41008
t_wo + t_wo_cam
13.7959 9.77488 -0.0573525
Time
1558624259908
Theta
1.41008
t_wo + t_wo_cam
13.7959 9.77488 -0.0573525
Time
1558624259937
Theta
1.41008
t_wo + t_wo_cam
13.8055 9.83369 -0.0573525
Time
1558624259962
Theta
1.41008
t_wo + t_wo_cam
13.815 9.8925 -0.0573525
Time
1558624259990
Theta
1.41008
t_wo + t_wo_cam
13.815 9.8925 -0.0573525
Time
1558624260019
Theta
1.41008
t_wo + t_wo_cam
13.8245 9.95132 -0.0573525
Time
1558624260048
Theta
1.41008
t_wo + t_wo_cam
13.8341 10.0101 -0.0573525
Time
1558624260076
Theta
1.41008
t_wo + t_wo_cam
13.8341 10.0101 -0.0573525
Time
1558624260105
Theta
1.41008
t_wo + t_wo_cam
13.8436 10.0689 -0.0573525
Time
1558624260134
Theta
1.41008
t_wo + t_wo_cam
13.7975 10.1052 -0.0573525
Time
1558624260158
Theta
1.46523
t_wo + t_wo_cam
13.8038 10.1644 -0.0573525
Time
1558624260187
Theta
1.46523
t_wo + t_wo_cam
13.8578 10.1872 -0.0573525
Time
1558624260216
Theta
1.41008
t_wo + t_wo_cam
13.8117 10.2234 -0.0573525
Time
1558624260244
Theta
1.46523
t_wo + t_wo_cam
13.818 10.2827 -0.0573525
Time
1558624260273
Theta
1.46523
t_wo + t_wo_cam
13.818 10.2827 -0.0573525
Time
1558624260302
Theta
1.46523
t_wo + t_wo_cam
13.8243 10.3419 -0.0573525
Time
1558624260330
Theta
1.46523
t_wo + t_wo_cam
13.8306 10.4012 -0.0573525
Time
1558624260355
Theta
1.46523
t_wo + t_wo_cam
13.8306 10.4012 -0.0573525
Time
1558624260383
Theta
1.46523
t_wo + t_wo_cam
13.8368 10.4604 -0.0573525
Time
1558624260412
Theta
1.46523
t_wo + t_wo_cam
13.7889 10.4941 -0.0573525
Time
1558624260441
Theta
1.52039
t_wo + t_wo_cam
13.8415 10.5198 -0.0573525
Time
1558624260470
Theta
1.46523
t_wo + t_wo_cam
13.8478 10.5791 -0.0573525
Time
1558624260498
Theta
1.46523
t_wo + t_wo_cam
13.7998 10.6127 -0.0573525
Time
1558624260527
Theta
1.52039
t_wo + t_wo_cam
13.8524 10.6385 -0.0573525
Time
1558624260551
Theta
1.46523
t_wo + t_wo_cam
13.8044 10.6721 -0.0573525
Time
1558624260580
Theta
1.52039
t_wo + t_wo_cam
13.8074 10.7316 -0.0573525
Time
1558624260609
Theta
1.52039
t_wo + t_wo_cam
13.86 10.7573 -0.0573525
Time
1558624260637
Theta
1.46523
t_wo + t_wo_cam
13.8121 10.791 -0.0573525
Time
1558624260666
Theta
1.52039
t_wo + t_wo_cam
13.8151 10.8505 -0.0573525
Time
1558624260695
Theta
1.52039
t_wo + t_wo_cam
13.8151 10.8505 -0.0573525
Time
1558624260719
Theta
1.52039
t_wo + t_wo_cam
13.8181 10.91 -0.0573525
Time
1558624260748
Theta
1.52039
t_wo + t_wo_cam
13.7683 10.9409 -0.0573525
Time
1558624260777
Theta
1.57554
t_wo + t_wo_cam
13.768 11.0005 -0.0573525
Time
1558624260805
Theta
1.57554
t_wo + t_wo_cam
13.8191 11.0291 -0.0573525
Time
1558624260834
Theta
1.52039
t_wo + t_wo_cam
13.7694 11.06 -0.0573525
Time
1558624260863
Theta
1.57554
t_wo + t_wo_cam
13.7691 11.1196 -0.0573525
Time
1558624260891
Theta
1.57554
t_wo + t_wo_cam
13.7691 11.1196 -0.0573525
Time
1558624260916
Theta
1.57554
t_wo + t_wo_cam
13.7688 11.1792 -0.0573525
Time
1558624260945
Theta
1.57554
t_wo + t_wo_cam
13.7174 11.2073 -0.0573525
Time
1558624260973
Theta
1.6307
t_wo + t_wo_cam
13.7669 11.2387 -0.0573525
Time
1558624261002
Theta
1.57554
t_wo + t_wo_cam
13.7666 11.2983 -0.0573525
Time
1558624261031
Theta
1.57554
t_wo + t_wo_cam
13.7152 11.3264 -0.0573525
Time
1558624261059
Theta
1.6307
t_wo + t_wo_cam
13.7647 11.3578 -0.0573525
Time
1558624261088
Theta
1.57554
t_wo + t_wo_cam
13.7133 11.3859 -0.0573525
Time
1558624261113
Theta
1.6307
t_wo + t_wo_cam
13.7097 11.4454 -0.0573525
Time
1558624261141
Theta
1.6307
t_wo + t_wo_cam
13.6569 11.4707 -0.0573525
Time
1558624261170
Theta
1.68585
t_wo + t_wo_cam
13.7045 11.5048 -0.0573525
Time
1558624261199
Theta
1.6307
t_wo + t_wo_cam
13.6517 11.53 -0.0573525
Time
1558624261227
Theta
1.68585
t_wo + t_wo_cam
13.6448 11.5892 -0.0573525
Time
1558624261256
Theta
1.68585
t_wo + t_wo_cam
13.6448 11.5892 -0.0573525
Time
1558624261285
Theta
1.68585
t_wo + t_wo_cam
13.638 11.6484 -0.0573525
Time
1558624261309
Theta
1.68585
t_wo + t_wo_cam
13.6311 11.7076 -0.0573525
Time
1558624261338
Theta
1.68585
t_wo + t_wo_cam
13.6311 11.7076 -0.0573525
Time
1558624261367
Theta
1.68585
t_wo + t_wo_cam
13.6243 11.7668 -0.0573525
Time
1558624261395
Theta
1.68585
t_wo + t_wo_cam
13.5701 11.7891 -0.0573525
Time
1558624261424
Theta
1.74101
t_wo + t_wo_cam
13.56 11.8478 -0.0573525
Time
1558624261453
Theta
1.74101
t_wo + t_wo_cam
13.56 11.8478 -0.0573525
Time
1558624261477
Theta
1.74101
t_wo + t_wo_cam
13.5499 11.9065 -0.0573525
Time
1558624261506
Theta
1.74101
t_wo + t_wo_cam
13.4946 11.9258 -0.0573525
Time
1558624261534
Theta
1.79616
t_wo + t_wo_cam
13.5382 11.9649 -0.0573525
Time
1558624261563
Theta
1.74101
t_wo + t_wo_cam
13.4829 11.9842 -0.0573525
Time
1558624261592
Theta
1.79616
t_wo + t_wo_cam
13.4696 12.0423 -0.0573525
Time
1558624261620
Theta
1.79616
t_wo + t_wo_cam
13.4696 12.0423 -0.0573525
Time
1558624261649
Theta
1.79616
t_wo + t_wo_cam
13.4563 12.1003 -0.0573525
Time
1558624261674
Theta
1.79616
t_wo + t_wo_cam
13.443 12.1584 -0.0573525
Time
1558624261702
Theta
1.79616
t_wo + t_wo_cam
13.3867 12.1746 -0.0573525
Time
1558624261731
Theta
1.85131
t_wo + t_wo_cam
13.4281 12.2161 -0.0573525
Time
1558624261760
Theta
1.79616
t_wo + t_wo_cam
13.3718 12.2323 -0.0573525
Time
1558624261788
Theta
1.85131
t_wo + t_wo_cam
13.3553 12.2895 -0.0573525
Time
1558624261817
Theta
1.85131
t_wo + t_wo_cam
13.3553 12.2895 -0.0573525
Time
1558624261846
Theta
1.85131
t_wo + t_wo_cam
13.3388 12.3468 -0.0573525
Time
1558624261870
Theta
1.85131
t_wo + t_wo_cam
13.2817 12.3599 -0.0573525
Time
1558624261899
Theta
1.90647
t_wo + t_wo_cam
13.262 12.4161 -0.0573525
Time
1558624261928
Theta
1.90647
t_wo + t_wo_cam
13.262 12.4161 -0.0573525
Time
1558624261956
Theta
1.90647
t_wo + t_wo_cam
13.2424 12.4724 -0.0573525
Time
1558624261985
Theta
1.90647
t_wo + t_wo_cam
13.2228 12.5286 -0.0573525
Time
1558624262014
Theta
1.90647
t_wo + t_wo_cam
13.2228 12.5286 -0.0573525
Time
1558624262042
Theta
1.90647
t_wo + t_wo_cam
13.2032 12.5849 -0.0573525
Time
1558624262067
Theta
1.90647
t_wo + t_wo_cam
13.1454 12.5948 -0.0573525
Time
1558624262096
Theta
1.96162
t_wo + t_wo_cam
13.182 12.6406 -0.0573525
Time
1558624262124
Theta
1.90647
t_wo + t_wo_cam
13.1243 12.6505 -0.0573525
Time
1558624262153
Theta
1.96162
t_wo + t_wo_cam
13.1016 12.7056 -0.0573525
Time
1558624262182
Theta
1.96162
t_wo + t_wo_cam
13.0434 12.7123 -0.0573525
Time
1558624262210
Theta
2.01678
t_wo + t_wo_cam
13.0774 12.76 -0.0573525
Time
1558624262235
Theta
1.96162
t_wo + t_wo_cam
13.0192 12.7667 -0.0573525
Time
1558624262263
Theta
2.01678
t_wo + t_wo_cam
12.9935 12.8205 -0.0573525
Time
1558624262292
Theta
2.01678
t_wo + t_wo_cam
12.9678 12.8742 -0.0573525
Time
1558624262321
Theta
2.01678
t_wo + t_wo_cam
12.9678 12.8742 -0.0573525
Time
1558624262350
Theta
2.01678
t_wo + t_wo_cam
12.9421 12.928 -0.0573525
Time
1558624262378
Theta
2.01678
t_wo + t_wo_cam
12.8836 12.9315 -0.0573525
Time
1558624262407
Theta
2.07193
t_wo + t_wo_cam
12.9149 12.981 -0.0573525
Time
1558624262431
Theta
2.01678
t_wo + t_wo_cam
12.8564 12.9845 -0.0573525
Time
1558624262460
Theta
2.07193
t_wo + t_wo_cam
12.8278 13.0367 -0.0573525
Time
1558624262489
Theta
2.07193
t_wo + t_wo_cam
12.7992 13.089 -0.0573525
Time
1558624262517
Theta
2.07193
t_wo + t_wo_cam
12.7992 13.089 -0.0573525
Time
1558624262546
Theta
2.07193
t_wo + t_wo_cam
12.7705 13.1412 -0.0573525
Time
1558624262575
Theta
2.07193
t_wo + t_wo_cam
12.712 13.1415 -0.0573525
Time
1558624262603
Theta
2.12709
t_wo + t_wo_cam
12.7405 13.1927 -0.0573525
Time
1558624262628
Theta
2.07193
t_wo + t_wo_cam
12.6819 13.1929 -0.0573525
Time
1558624262657
Theta
2.12709
t_wo + t_wo_cam
12.6504 13.2435 -0.0573525
Time
1558624262685
Theta
2.12709
t_wo + t_wo_cam
12.5919 13.2406 -0.0573525
Time
1558624262714
Theta
2.18224
t_wo + t_wo_cam
12.6176 13.2932 -0.0573525
Time
1558624262743
Theta
2.12709
t_wo + t_wo_cam
12.5862 13.3438 -0.0573525
Time
1558624262771
Theta
2.12709
t_wo + t_wo_cam
12.5276 13.3408 -0.0573525
Time
1558624262800
Theta
2.18224
t_wo + t_wo_cam
12.4934 13.3896 -0.0573525
Time
1558624262825
Theta
2.18224
t_wo + t_wo_cam
12.4934 13.3896 -0.0573525
Time
1558624262853
Theta
2.18224
t_wo + t_wo_cam
12.4592 13.4384 -0.0573525
Time
1558624262882
Theta
2.18224
t_wo + t_wo_cam
12.401 13.4322 -0.0573525
Time
1558624262911
Theta
2.2374
t_wo + t_wo_cam
12.4237 13.4862 -0.0573525
Time
1558624262939
Theta
2.18224
t_wo + t_wo_cam
12.3655 13.48 -0.0573525
Time
1558624262968
Theta
2.2374
t_wo + t_wo_cam
12.3286 13.5269 -0.0573525
Time
1558624262993
Theta
2.2374
t_wo + t_wo_cam
12.2708 13.5175 -0.0573525
Time
1558624263021
Theta
2.29255
t_wo + t_wo_cam
12.2905 13.5726 -0.0573525
Time
1558624263050
Theta
2.2374
t_wo + t_wo_cam
12.2327 13.5632 -0.0573525
Time
1558624263079
Theta
2.29255
t_wo + t_wo_cam
12.1933 13.608 -0.0573525
Time
1558624263107
Theta
2.29255
t_wo + t_wo_cam
12.1361 13.5954 -0.0573525
Time
1558624263136
Theta
2.3477
t_wo + t_wo_cam
12.1527 13.6516 -0.0573525
Time
1558624263165
Theta
2.29255
t_wo + t_wo_cam
12.0955 13.639 -0.0573525
Time
1558624263189
Theta
2.3477
t_wo + t_wo_cam
12.0538 13.6815 -0.0573525
Time
1558624263218
Theta
2.3477
t_wo + t_wo_cam
11.9973 13.6658 -0.0573525
Time
1558624263246
Theta
2.40286
t_wo + t_wo_cam
12.0108 13.7228 -0.0573525
Time
1558624263275
Theta
2.3477
t_wo + t_wo_cam
11.9691 13.7653 -0.0573525
Time
1558624263304
Theta
2.3477
t_wo + t_wo_cam
11.9126 13.7496 -0.0573525
Time
1558624263333
Theta
2.40286
t_wo + t_wo_cam
11.8686 13.7897 -0.0573525
Time
1558624263361
Theta
2.40286
t_wo + t_wo_cam
11.8686 13.7897 -0.0573525
Time
1558624263386
Theta
2.40286
t_wo + t_wo_cam
11.8245 13.8298 -0.0573525
Time
1558624263414
Theta
2.40286
t_wo + t_wo_cam
11.769 13.811 -0.0573525
Time
1558624263443
Theta
2.45801
t_wo + t_wo_cam
11.7228 13.8487 -0.0573525
Time
1558624263472
Theta
2.45801
t_wo + t_wo_cam
11.7228 13.8487 -0.0573525
Time
1558624263500
Theta
2.45801
t_wo + t_wo_cam
11.6766 13.8863 -0.0573525
Time
1558624263529
Theta
2.45801
t_wo + t_wo_cam
11.6223 13.8645 -0.0573525
Time
1558624263558
Theta
2.51317
t_wo + t_wo_cam
11.5741 13.8995 -0.0573525
Time
1558624263582
Theta
2.51317
t_wo + t_wo_cam
11.5741 13.8995 -0.0573525
Time
1558624263611
Theta
2.51317
t_wo + t_wo_cam
11.5259 13.9345 -0.0573525
Time
1558624263640
Theta
2.51317
t_wo + t_wo_cam
11.4728 13.9098 -0.0573525
Time
1558624263668
Theta
2.56832
t_wo + t_wo_cam
11.4227 13.9421 -0.0573525
Time
1558624263697
Theta
2.56832
t_wo + t_wo_cam
11.4227 13.9421 -0.0573525
Time
1558624263726
Theta
2.56832
t_wo + t_wo_cam
11.3727 13.9744 -0.0573525
Time
1558624263750
Theta
2.56832
t_wo + t_wo_cam
11.321 13.9467 -0.0573525
Time
1558624263779
Theta
2.62348
t_wo + t_wo_cam
11.2693 13.9762 -0.0573525
Time
1558624263808
Theta
2.62348
t_wo + t_wo_cam
-5.0725 2.32184 5.82025
Time
1558624263836
Theta
-0.93754
t_wo + t_wo_cam
-5.03724 2.27381 5.82025
Time
1558624263865
Theta
-0.93754
t_wo + t_wo_cam
-5.01439 2.3293 5.82025
Time
1558624263894
Theta
-0.882385
t_wo + t_wo_cam
-5.03724 2.27381 5.82025
Time
1558624263922
Theta
-0.93754
t_wo + t_wo_cam
-5.03724 2.27381 5.82025
Time
1558624263947
Theta
-0.93754
t_wo + t_wo_cam
-5.00198 2.22578 5.82025
Time
1558624263976
Theta
-0.93754
t_wo + t_wo_cam
-4.94387 2.23324 5.82025
Time
1558624264004
Theta
-0.882385
t_wo + t_wo_cam
-4.88626 2.24389 5.82025
Time
1558624264033
Theta
-0.827231
t_wo + t_wo_cam
-4.84593 2.20003 5.82025
Time
1558624264062
Theta
-0.827231
t_wo + t_wo_cam
-4.84593 2.20003 5.82025
Time
1558624264090
Theta
-0.827231
t_wo + t_wo_cam
-4.8056 2.15618 5.82025
Time
1558624264119
Theta
-0.827231
t_wo + t_wo_cam
-4.74866 2.16999 5.82025
Time
1558624264143
Theta
-0.772076
t_wo + t_wo_cam
-4.70597 2.12842 5.82025
Time
1558624264172
Theta
-0.772076
t_wo + t_wo_cam
-4.70597 2.12842 5.82025
Time
1558624264201
Theta
-0.772076
t_wo + t_wo_cam
-4.66329 2.08686 5.82025
Time
1558624264229
Theta
-0.772076
t_wo + t_wo_cam
-4.6072 2.10378 5.82025
Time
1558624264258
Theta
-0.716922
t_wo + t_wo_cam
-4.56228 2.06463 5.82025
Time
1558624264287
Theta
-0.716922
t_wo + t_wo_cam
-4.50721 2.08463 5.82025
Time
1558624264317
Theta
-0.661767
t_wo + t_wo_cam
-4.51632 2.02675 5.82025
Time
1558624264340
Theta
-0.716922
t_wo + t_wo_cam
-4.46125 2.04674 5.82025
Time
1558624264369
Theta
-0.661767
t_wo + t_wo_cam
-4.41425 2.01013 5.82025
Time
1558624264397
Theta
-0.661767
t_wo + t_wo_cam
-4.36036 2.03313 5.82025
Time
1558624264426
Theta
-0.606613
t_wo + t_wo_cam
-4.36627 1.97484 5.82025
Time
1558624264455
Theta
-0.661767
t_wo + t_wo_cam
-4.31238 1.99784 5.82025
Time
1558624264483
Theta
-0.606613
t_wo + t_wo_cam
-4.26343 1.96387 5.82025
Time
1558624264508
Theta
-0.606613
t_wo + t_wo_cam
-4.2109 1.98981 5.82025
Time
1558624264537
Theta
-0.551458
t_wo + t_wo_cam
-4.16015 1.95859 5.82025
Time
1558624264565
Theta
-0.551458
t_wo + t_wo_cam
-4.16015 1.95859 5.82025
Time
1558624264594
Theta
-0.551458
t_wo + t_wo_cam
-4.1094 1.92737 5.82025
Time
1558624264623
Theta
-0.551458
t_wo + t_wo_cam
-4.05837 1.95616 5.82025
Time
1558624264651
Theta
-0.496304
t_wo + t_wo_cam
-4.00598 1.92779 5.82025
Time
1558624264680
Theta
-0.496304
t_wo + t_wo_cam
-4.00598 1.92779 5.82025
Time
1558624264705
Theta
-0.496304
t_wo + t_wo_cam
-3.95359 1.89942 5.82025
Time
1558624264733
Theta
-0.496304
t_wo + t_wo_cam
-3.90423 1.93098 5.82025
Time
1558624264762
Theta
-0.441149
t_wo + t_wo_cam
-3.85035 1.90554 5.82025
Time
1558624264791
Theta
-0.441149
t_wo + t_wo_cam
-3.8028 1.93977 5.82025
Time
1558624264819
Theta
-0.385995
t_wo + t_wo_cam
-3.79581 1.8816 5.82025
Time
1558624264848
Theta
-0.441149
t_wo + t_wo_cam
-3.74827 1.91583 5.82025
Time
1558624264877
Theta
-0.385995
t_wo + t_wo_cam
-3.69307 1.8934 5.82025
Time
1558624264901
Theta
-0.385995
t_wo + t_wo_cam
-3.64748 1.9302 5.82025
Time
1558624264930
Theta
-0.33084
t_wo + t_wo_cam
-3.60399 1.96946 5.82025
Time
1558624264959
Theta
-0.275686
t_wo + t_wo_cam
-3.59064 1.91242 5.82025
Time
1558624264987
Theta
-0.33084
t_wo + t_wo_cam
-3.54715 1.95168 5.82025
Time
1558624265016
Theta
-0.275686
t_wo + t_wo_cam
-3.48982 1.93546 5.82025
Time
1558624265045
Theta
-0.275686
t_wo + t_wo_cam
-3.44856 1.97705 5.82025
Time
1558624265073
Theta
-0.220531
t_wo + t_wo_cam
-3.39042 1.96402 5.82025
Time
1558624265098
Theta
-0.220531
t_wo + t_wo_cam
-3.39042 1.96402 5.82025
Time
1558624265126
Theta
-0.220531
t_wo + t_wo_cam
-3.33228 1.95099 5.82025
Time
1558624265155
Theta
-0.220531
t_wo + t_wo_cam
-3.29338 1.99479 5.82025
Time
1558624265184
Theta
-0.165377
t_wo + t_wo_cam
-3.23461 1.98499 5.82025
Time
1558624265213
Theta
-0.165377
t_wo + t_wo_cam
-3.19819 2.03087 5.82025
Time
1558624265241
Theta
-0.110223
t_wo + t_wo_cam
-3.17562 1.9768 5.82025
Time
1558624265270
Theta
-0.165377
t_wo + t_wo_cam
-3.13919 2.02269 5.82025
Time
1558624265294
Theta
-0.110223
t_wo + t_wo_cam
-3.07997 2.01614 5.82025
Time
1558624265323
Theta
-0.110223
t_wo + t_wo_cam
-3.04613 2.06396 5.82025
Time
1558624265352
Theta
-0.0550681
t_wo + t_wo_cam
-2.98664 2.06068 5.82025
Time
1558624265380
Theta
-0.0550681
t_wo + t_wo_cam
-2.98664 2.06068 5.82025
Time
1558624265409
Theta
-0.0550681
t_wo + t_wo_cam
-2.92714 2.0574 5.82025
Time
1558624265438
Theta
-0.0550681
t_wo + t_wo_cam
-2.89599 2.10702 5.82025
Time
1558624265462
Theta
8.63937e-05
t_wo + t_wo_cam
-2.83641 2.10702 5.82025
Time
1558624265491
Theta
8.63937e-05
t_wo + t_wo_cam
-2.80803 2.15828 5.82025
Time
1558624265520
Theta
0.0552409
t_wo + t_wo_cam
-2.77687 2.10867 5.82025
Time
1558624265548
Theta
8.63937e-05
t_wo + t_wo_cam
-2.7485 2.15993 5.82025
Time
1558624265577
Theta
0.0552409
t_wo + t_wo_cam
-2.68901 2.16322 5.82025
Time
1558624265606
Theta
0.0552409
t_wo + t_wo_cam
-2.6635 2.21596 5.82025
Time
1558624265634
Theta
0.110395
t_wo + t_wo_cam
-2.60428 2.22253 5.82025
Time
1558624265659
Theta
0.110395
t_wo + t_wo_cam
-2.60428 2.22253 5.82025
Time
1558624265688
Theta
0.110395
t_wo + t_wo_cam
-2.54506 2.22909 5.82025
Time
1558624265716
Theta
0.110395
t_wo + t_wo_cam
-2.52251 2.28316 5.82025
Time
1558624265745
Theta
0.16555
t_wo + t_wo_cam
-2.46374 2.29298 5.82025
Time
1558624265774
Theta
0.16555
t_wo + t_wo_cam
-2.4442 2.34821 5.82025
Time
1558624265802
Theta
0.220704
t_wo + t_wo_cam
-2.40529 2.30441 5.82025
Time
1558624265831
Theta
0.16555
t_wo + t_wo_cam
-2.38575 2.35964 5.82025
Time
1558624265856
Theta
0.220704
t_wo + t_wo_cam
-2.32761 2.37269 5.82025
Time
1558624265884
Theta
0.220704
t_wo + t_wo_cam
-2.31114 2.42891 5.82025
Time
1558624265913
Theta
0.275859
t_wo + t_wo_cam
-2.25381 2.44514 5.82025
Time
1558624265942
Theta
0.275859
t_wo + t_wo_cam
-2.19648 2.46137 5.82025
Time
1558624265970
Theta
0.275859
t_wo + t_wo_cam
-2.19648 2.46137 5.82025
Time
1558624265999
Theta
0.275859
t_wo + t_wo_cam
-2.13915 2.4776 5.82025
Time
1558624266028
Theta
0.275859
t_wo + t_wo_cam
-2.12581 2.53464 5.82025
Time
1558624266052
Theta
0.331013
t_wo + t_wo_cam
-2.06946 2.55401 5.82025
Time
1558624266081
Theta
0.331013
t_wo + t_wo_cam
-2.05928 2.61171 5.82025
Time
1558624266110
Theta
0.386168
t_wo + t_wo_cam
-2.01369 2.57491 5.82025
Time
1558624266138
Theta
0.331013
t_wo + t_wo_cam
-2.00351 2.63261 5.82025
Time
1558624266167
Theta
0.386168
t_wo + t_wo_cam
-1.94832 2.65505 5.82025
Time
1558624266196
Theta
0.386168
t_wo + t_wo_cam
-1.94134 2.71322 5.82025
Time
1558624266220
Theta
0.441322
t_wo + t_wo_cam
-1.88746 2.73867 5.82025
Time
1558624266249
Theta
0.441322
t_wo + t_wo_cam
-1.88746 2.73867 5.82025
Time
1558624266277
Theta
0.441322
t_wo + t_wo_cam
-1.83359 2.76412 5.82025
Time
1558624266306
Theta
0.441322
t_wo + t_wo_cam
-1.82983 2.82258 5.82025
Time
1558624266335
Theta
0.496477
t_wo + t_wo_cam
-1.77744 2.85096 5.82025
Time
1558624266363
Theta
0.496477
t_wo + t_wo_cam
-1.7769 2.90955 5.82025
Time
1558624266392
Theta
0.551631
t_wo + t_wo_cam
-1.72587 2.88077 5.82025
Time
1558624266417
Theta
0.496477
t_wo + t_wo_cam
-1.72533 2.93935 5.82025
Time
1558624266445
Theta
0.551631
t_wo + t_wo_cam
-1.67459 2.97058 5.82025
Time
1558624266474
Theta
0.551631
t_wo + t_wo_cam
-1.67728 3.0291 5.82025
Time
1558624266503
Theta
0.606786
t_wo + t_wo_cam
-1.62834 3.06308 5.82025
Time
1558624266531
Theta
0.606786
t_wo + t_wo_cam
-1.62834 3.06308 5.82025
Time
1558624266560
Theta
0.606786
t_wo + t_wo_cam
-1.57939 3.09705 5.82025
Time
1558624266589
Theta
0.606786
t_wo + t_wo_cam
-1.58531 3.15534 5.82025
Time
1558624266613
Theta
0.66194
t_wo + t_wo_cam
-1.59443 3.21321 5.82025
Time
1558624266642
Theta
0.717094
t_wo + t_wo_cam
-1.54952 3.25237 5.82025
Time
1558624266671
Theta
0.717094
t_wo + t_wo_cam
-1.54952 3.25237 5.82025
Time
1558624266699
Theta
0.717094
t_wo + t_wo_cam
-1.50461 3.29153 5.82025
Time
1558624266728
Theta
0.717094
t_wo + t_wo_cam
-1.51691 3.34881 5.82025
Time
1558624266757
Theta
0.772249
t_wo + t_wo_cam
-1.47423 3.39038 5.82025
Time
1558624266785
Theta
0.772249
t_wo + t_wo_cam
-1.48967 3.4469 5.82025
Time
1558624266810
Theta
0.827403
t_wo + t_wo_cam
-1.43273 3.4331 5.82025
Time
1558624266839
Theta
0.772249
t_wo + t_wo_cam
-1.44816 3.48962 5.82025
Time
1558624266867
Theta
0.827403
t_wo + t_wo_cam
-1.40784 3.53348 5.82025
Time
1558624266896
Theta
0.827403
t_wo + t_wo_cam
-1.42637 3.58906 5.82025
Time
1558624266924
Theta
0.882558
t_wo + t_wo_cam
-1.38852 3.63508 5.82025
Time
1558624266953
Theta
0.882558
t_wo + t_wo_cam
-1.38852 3.63508 5.82025
Time
1558624266978
Theta
0.882558
t_wo + t_wo_cam
-1.35068 3.6811 5.82025
Time
1558624267006
Theta
0.882558
t_wo + t_wo_cam
-1.37224 3.73557 5.82025
Time
1558624267035
Theta
0.937712
t_wo + t_wo_cam
-1.33699 3.78361 5.82025
Time
1558624267064
Theta
0.937712
t_wo + t_wo_cam
-1.36152 3.83681 5.82025
Time
1558624267092
Theta
0.992867
t_wo + t_wo_cam
-1.30309 3.83258 5.82025
Time
1558624267121
Theta
0.937712
t_wo + t_wo_cam
-1.32762 3.88578 5.82025
Time
1558624267150
Theta
0.992867
t_wo + t_wo_cam
-1.29508 3.93569 5.82025
Time
1558624267174
Theta
0.992867
t_wo + t_wo_cam
-1.32251 3.98746 5.82025
Time
1558624267203
Theta
1.04802
t_wo + t_wo_cam
-1.26393 3.98645 5.82025
Time
1558624267232
Theta
0.992867
t_wo + t_wo_cam
-1.29136 4.03822 5.82025
Time
1558624267260
Theta
1.04802
t_wo + t_wo_cam
-1.26161 4.08985 5.82025
Time
1558624267289
Theta
1.04802
t_wo + t_wo_cam
-1.29185 4.14002 5.82025
Time
1558624267318
Theta
1.10318
t_wo + t_wo_cam
-1.26499 4.19321 5.82025
Time
1558624267346
Theta
1.10318
t_wo + t_wo_cam
-1.26499 4.19321 5.82025
Time
1558624267371
Theta
1.10318
t_wo + t_wo_cam
-1.23814 4.2464 5.82025
Time
1558624267400
Theta
1.10318
t_wo + t_wo_cam
-1.2711 4.29483 5.82025
Time
1558624267428
Theta
1.15833
t_wo + t_wo_cam
-1.24721 4.34942 5.82025
Time
1558624267457
Theta
1.15833
t_wo + t_wo_cam
-1.24721 4.34942 5.82025
Time
1558624267486
Theta
1.15833
t_wo + t_wo_cam
-1.22333 4.404 5.82025
Time
1558624267514
Theta
1.15833
t_wo + t_wo_cam
-1.25891 4.45054 5.82025
Time
1558624267543
Theta
1.21348
t_wo + t_wo_cam
-1.23807 4.50636 5.82025
Time
1558624267568
Theta
1.21348
t_wo + t_wo_cam
-1.27616 4.55088 5.82025
Time
1558624267596
Theta
1.26864
t_wo + t_wo_cam
-1.21879 4.56271 5.82025
Time
1558624267625
Theta
1.21348
t_wo + t_wo_cam
-1.25688 4.60723 5.82025
Time
1558624267654
Theta
1.26864
t_wo + t_wo_cam
-1.23915 4.66411 5.82025
Time
1558624267682
Theta
1.26864
t_wo + t_wo_cam
-1.27964 4.70645 5.82025
Time
1558624267711
Theta
1.32379
t_wo + t_wo_cam
-1.223 4.72144 5.82025
Time
1558624267735
Theta
1.26864
t_wo + t_wo_cam
-1.26349 4.76378 5.82025
Time
1558624267764
Theta
1.32379
t_wo + t_wo_cam
-1.24892 4.82155 5.82025
Time
1558624267793
Theta
1.32379
t_wo + t_wo_cam
-1.29168 4.8616 5.82025
Time
1558624267822
Theta
1.37895
t_wo + t_wo_cam
-1.28032 4.92009 5.82025
Time
1558624267850
Theta
1.37895
t_wo + t_wo_cam
-1.28032 4.92009 5.82025
Time
1558624267879
Theta
1.37895
t_wo + t_wo_cam
-1.32523 4.95772 5.82025
Time
1558624267908
Theta
1.4341
t_wo + t_wo_cam
-1.31711 5.01675 5.82025
Time
1558624267932
Theta
1.4341
t_wo + t_wo_cam
-1.36402 5.05184 5.82025
Time
1558624267961
Theta
1.48926
t_wo + t_wo_cam
-1.31062 5.07595 5.82025
Time
1558624267989
Theta
1.4341
t_wo + t_wo_cam
-1.35753 5.11105 5.82025
Time
1558624268018
Theta
1.48926
t_wo + t_wo_cam
-1.35268 5.17043 5.82025
Time
1558624268047
Theta
1.48926
t_wo + t_wo_cam
-1.40146 5.20289 5.82025
Time
1558624268075
Theta
1.54441
t_wo + t_wo_cam
-1.39988 5.26245 5.82025
Time
1558624268104
Theta
1.54441
t_wo + t_wo_cam
-1.39988 5.26245 5.82025
Time
1558624268129
Theta
1.54441
t_wo + t_wo_cam
-1.39831 5.32201 5.82025
Time
1558624268157
Theta
1.54441
t_wo + t_wo_cam
-1.4488 5.35173 5.82025
Time
1558624268186
Theta
1.59957
t_wo + t_wo_cam
-1.45052 5.41129 5.82025
Time
1558624268215
Theta
1.59957
t_wo + t_wo_cam
-1.45052 5.41129 5.82025
Time
1558624268243
Theta
1.59957
t_wo + t_wo_cam
-1.45223 5.47085 5.82025
Time
1558624268272
Theta
1.59957
t_wo + t_wo_cam
-1.50428 5.49774 5.82025
Time
1558624268301
Theta
1.65472
t_wo + t_wo_cam
-1.50928 5.55711 5.82025
Time
1558624268325
Theta
1.65472
t_wo + t_wo_cam
-1.56273 5.58109 5.82025
Time
1558624268354
Theta
1.70987
t_wo + t_wo_cam
-1.5159 5.6163 5.82025
Time
1558624268383
Theta
1.65472
t_wo + t_wo_cam
-1.56936 5.64028 5.82025
Time
1558624268411
Theta
1.70987
t_wo + t_wo_cam
-1.57762 5.69929 5.82025
Time
1558624268440
Theta
1.70987
t_wo + t_wo_cam
-1.63231 5.72028 5.82025
Time
1558624268469
Theta
1.76503
t_wo + t_wo_cam
-1.5875 5.75802 5.82025
Time
1558624268493
Theta
1.70987
t_wo + t_wo_cam
-1.64219 5.77902 5.82025
Time
1558624268522
Theta
1.76503
t_wo + t_wo_cam
-1.65369 5.83748 5.82025
Time
1558624268551
Theta
1.76503
t_wo + t_wo_cam
-1.70946 5.85543 5.82025
Time
1558624268579
Theta
1.82018
t_wo + t_wo_cam
-1.72417 5.91317 5.82025
Time
1558624268608
Theta
1.82018
t_wo + t_wo_cam
-1.72417 5.91317 5.82025
Time
1558624268637
Theta
1.82018
t_wo + t_wo_cam
-1.73887 5.97091 5.82025
Time
1558624268665
Theta
1.82018
t_wo + t_wo_cam
-1.79555 5.98576 5.82025
Time
1558624268690
Theta
1.87534
t_wo + t_wo_cam
-1.81341 6.0426 5.82025
Time
1558624268719
Theta
1.87534
t_wo + t_wo_cam
-1.87082 6.0543 5.82025
Time
1558624268747
Theta
1.93049
t_wo + t_wo_cam
-1.83283 6.0989 5.82025
Time
1558624268776
Theta
1.87534
t_wo + t_wo_cam
-1.89024 6.1106 5.82025
Time
1558624268804
Theta
1.93049
t_wo + t_wo_cam
-1.91121 6.16637 5.82025
Time
1558624268833
Theta
1.93049
t_wo + t_wo_cam
-1.96918 6.17489 5.82025
Time
1558624268862
Theta
1.98565
t_wo + t_wo_cam
-1.9337 6.22152 5.82025
Time
1558624268886
Theta
1.93049
t_wo + t_wo_cam
-1.99167 6.23004 5.82025
Time
1558624268915
Theta
1.98565
t_wo + t_wo_cam
-2.05001 6.23535 5.82025
Time
1558624268944
Theta
2.0408
t_wo + t_wo_cam
-2.077 6.28847 5.82025
Time
1558624268972
Theta
2.0408
t_wo + t_wo_cam
-2.13555 6.29056 5.82025
Time
1558624269001
Theta
2.09596
t_wo + t_wo_cam
-2.10543 6.34081 5.82025
Time
1558624269030
Theta
2.0408
t_wo + t_wo_cam
-2.16398 6.3429 5.82025
Time
1558624269058
Theta
2.09596
t_wo + t_wo_cam
-2.19385 6.39445 5.82025
Time
1558624269083
Theta
2.09596
t_wo + t_wo_cam
-2.25242 6.3933 5.82025
Time
1558624269112
Theta
2.15111
t_wo + t_wo_cam
-2.28509 6.44313 5.82025
Time
1558624269140
Theta
2.15111
t_wo + t_wo_cam
-2.28509 6.44313 5.82025
Time
1558624269169
Theta
2.15111
t_wo + t_wo_cam
-2.31776 6.49296 5.82025
Time
1558624269198
Theta
2.15111
t_wo + t_wo_cam
-2.37618 6.48859 5.82025
Time
1558624269226
Theta
2.20627
t_wo + t_wo_cam
-2.41155 6.53654 5.82025
Time
1558624269251
Theta
2.20627
t_wo + t_wo_cam
-2.46964 6.52895 5.82025
Time
1558624269280
Theta
2.26142
t_wo + t_wo_cam
-2.44821 6.58348 5.82025
Time
1558624269308
Theta
2.20627
t_wo + t_wo_cam
-2.5063 6.57589 5.82025
Time
1558624269337
Theta
2.26142
t_wo + t_wo_cam
-2.54426 6.62182 5.82025
Time
1558624269365
Theta
2.26142
t_wo + t_wo_cam
-2.60185 6.61105 5.82025
Time
1558624269394
Theta
2.31657
t_wo + t_wo_cam
-2.64227 6.65481 5.82025
Time
1558624269423
Theta
2.31657
t_wo + t_wo_cam
-2.64227 6.65481 5.82025
Time
1558624269447
Theta
2.31657
t_wo + t_wo_cam
-2.6827 6.69858 5.82025
Time
1558624269476
Theta
2.31657
t_wo + t_wo_cam
-2.73961 6.68464 5.82025
Time
1558624269505
Theta
2.37173
t_wo + t_wo_cam
-2.78239 6.72612 5.82025
Time
1558624269533
Theta
2.37173
t_wo + t_wo_cam
-2.78239 6.72612 5.82025
Time
1558624269562
Theta
2.37173
t_wo + t_wo_cam
-2.82517 6.76759 5.82025
Time
1558624269591
Theta
2.37173
t_wo + t_wo_cam
-2.88122 6.75054 5.82025
Time
1558624269619
Theta
2.42688
t_wo + t_wo_cam
-2.92622 6.78959 5.82025
Time
1558624269644
Theta
2.42688
t_wo + t_wo_cam
-2.98125 6.76947 5.82025
Time
1558624269673
Theta
2.48204
t_wo + t_wo_cam
-2.97226 6.82737 5.82025
Time
1558624269701
Theta
2.42688
t_wo + t_wo_cam
-3.02729 6.80725 5.82025
Time
1558624269730
Theta
2.48204
t_wo + t_wo_cam
-3.07438 6.84376 5.82025
Time
1558624269758
Theta
2.48204
t_wo + t_wo_cam
-3.12821 6.82064 5.82025
Time
1558624269787
Theta
2.53719
t_wo + t_wo_cam
-3.17724 6.8545 5.82025
Time
1558624269816
Theta
2.53719
t_wo + t_wo_cam
-3.17724 6.8545 5.82025
Time
1558624269840
Theta
2.53719
t_wo + t_wo_cam
-3.22626 6.88836 5.82025
Time
1558624269869
Theta
2.53719
t_wo + t_wo_cam
-3.27874 6.86231 5.82025
Time
1558624269898
Theta
2.59235
t_wo + t_wo_cam
-3.32956 6.89342 5.82025
Time
1558624269926
Theta
2.59235
t_wo + t_wo_cam
-3.32956 6.89342 5.82025
Time
1558624269955
Theta
2.59235
t_wo + t_wo_cam
-3.38038 6.92452 5.82025
Time
1558624269984
Theta
2.59235
t_wo + t_wo_cam
-3.43134 6.89562 5.82025
Time
1558624270008
Theta
2.6475
t_wo + t_wo_cam
-3.48379 6.92387 5.82025
Time
1558624270037
Theta
2.6475
t_wo + t_wo_cam
-3.53308 6.8922 5.82025
Time
1558624270065
Theta
2.70266
t_wo + t_wo_cam
-3.53699 6.95066 5.82025
Time
1558624270094
Theta
2.6475
t_wo + t_wo_cam
-3.58628 6.91899 5.82025
Time
1558624270123
Theta
2.70266
t_wo + t_wo_cam
-3.64021 6.94431 5.82025
Time
1558624270151
Theta
2.70266
t_wo + t_wo_cam
-3.68768 6.90998 5.82025
Time
1558624270180
Theta
2.75781
t_wo + t_wo_cam
-3.74293 6.93229 5.82025
Time
1558624270205
Theta
2.75781
t_wo + t_wo_cam
-3.74293 6.93229 5.82025
Time
1558624270233
Theta
2.75781
t_wo + t_wo_cam
-3.79818 6.95459 5.82025
Time
1558624270262
Theta
2.75781
t_wo + t_wo_cam
-3.84368 6.91769 5.82025
Time
1558624270291
Theta
2.81296
t_wo + t_wo_cam
-3.90008 6.93692 5.82025
Time
1558624270319
Theta
2.81296
t_wo + t_wo_cam
-3.94348 6.89757 5.82025
Time
1558624270348
Theta
2.86812
t_wo + t_wo_cam
-3.95696 6.95458 5.82025
Time
1558624270377
Theta
2.81296
t_wo + t_wo_cam
-4.00036 6.91523 5.82025
Time
1558624270401
Theta
2.86812
t_wo + t_wo_cam
-4.05773 6.93132 5.82025
Time
1558624270430
Theta
2.86812
