t_GA - R_GA * R_AB * t_BA
0 0 0
t_wo + t_wo_cam
0.9 0 0
Time
1558546338320
Theta
0
t_GA - R_GA * R_AB * t_BA
0 0 0
t_wo + t_wo_cam
0.9 0 0
Time
1558546338320
Theta
0
t_GA - R_GA * R_AB * t_BA
0 0 0
t_wo + t_wo_cam
0.9 0 0
Time
1558546338320
Theta
0
t_GA - R_GA * R_AB * t_BA
0 0 0
t_wo + t_wo_cam
0.9 0 0
Time
1558546338321
Theta
0
t_GA - R_GA * R_AB * t_BA
0 0 0
t_wo + t_wo_cam
0.9 0 0
Time
1558546338321
Theta
0
t_GA - R_GA * R_AB * t_BA
0 0 0
t_wo + t_wo_cam
0.9 0 0
Time
1558546338321
Theta
0
t_GA - R_GA * R_AB * t_BA
0 0 0
t_wo + t_wo_cam
0.9 0 0
Time
1558546338321
Theta
0
t_GA - R_GA * R_AB * t_BA
0 0 0
t_wo + t_wo_cam
0.9 0 0
Time
1558546338321
Theta
0
t_GA - R_GA * R_AB * t_BA
0 0 0
t_wo + t_wo_cam
0.9 0 0
Time
1558546338321
Theta
0
t_GA - R_GA * R_AB * t_BA
0 0 0
t_wo + t_wo_cam
0.9 0 0
Time
1558546338321
Theta
0
t_GA - R_GA * R_AB * t_BA
0 0 0
t_wo + t_wo_cam
0.9 0 0
Time
1558546338322
Theta
0
t_GA - R_GA * R_AB * t_BA
0 0 0
t_wo + t_wo_cam
0.9 0 0
Time
1558546338342
Theta
0
t_GA - R_GA * R_AB * t_BA
0 0 0
t_wo + t_wo_cam
0.9 0 0
Time
1558546338366
Theta
0
t_GA - R_GA * R_AB * t_BA
0 0 0
t_wo + t_wo_cam
0.9 0 0
Time
1558546338391
Theta
0
t_GA - R_GA * R_AB * t_BA
0 0 0
t_wo + t_wo_cam
0.9 0 0
Time
1558546338416
Theta
0
t_GA - R_GA * R_AB * t_BA
0 0 0
t_wo + t_wo_cam
0.9 0 0
Time
1558546338440
Theta
0
t_GA - R_GA * R_AB * t_BA
0 0 0
t_wo + t_wo_cam
0.9 0 0
Time
1558546338465
Theta
0
t_GA - R_GA * R_AB * t_BA
0 0 0
t_wo + t_wo_cam
0.9 0 0
Time
1558546338485
Theta
0
t_GA - R_GA * R_AB * t_BA
0 0 0
t_wo + t_wo_cam
0.9 0 0
Time
1558546338510
Theta
0
t_GA - R_GA * R_AB * t_BA
0 0 0
t_wo + t_wo_cam
0.9 0 0
Time
1558546338534
Theta
0
t_GA - R_GA * R_AB * t_BA
0 0 0
t_wo + t_wo_cam
0.9 0 0
Time
1558546338559
Theta
0
t_GA - R_GA * R_AB * t_BA
0 0 0
t_wo + t_wo_cam
0.9 0 0
Time
1558546338583
Theta
0
t_GA - R_GA * R_AB * t_BA
0 0 0
t_wo + t_wo_cam
0.9 0 0
Time
1558546338608
Theta
0
t_GA - R_GA * R_AB * t_BA
0 0 0
t_wo + t_wo_cam
0.9 0 0
Time
1558546338628
Theta
0
t_GA - R_GA * R_AB * t_BA
0 0 0
t_wo + t_wo_cam
0.9 0 0
Time
1558546338653
Theta
0
t_GA - R_GA * R_AB * t_BA
0 0 0
t_wo + t_wo_cam
0.9 0 0
Time
1558546338678
Theta
0
t_GA - R_GA * R_AB * t_BA
0 0 0
t_wo + t_wo_cam
0.9 0 0
Time
1558546338702
Theta
0
t_GA - R_GA * R_AB * t_BA
0 0 0
t_wo + t_wo_cam
0.9 0 0
Time
1558546338727
Theta
0
t_GA - R_GA * R_AB * t_BA
0 0 0
t_wo + t_wo_cam
0.9 0 0
Time
1558546338751
Theta
0
t_GA - R_GA * R_AB * t_BA
0 0 0
t_wo + t_wo_cam
0.9 0 0
Time
1558546338772
Theta
0
t_GA - R_GA * R_AB * t_BA
0 0 0
t_wo + t_wo_cam
0.9 0 0
Time
1558546338796
Theta
0
t_GA - R_GA * R_AB * t_BA
0 0 0
t_wo + t_wo_cam
0.9 0 0
Time
1558546338821
Theta
0
t_GA - R_GA * R_AB * t_BA
0 0 0
t_wo + t_wo_cam
0.9 0 0
Time
1558546338846
Theta
0
t_GA - R_GA * R_AB * t_BA
0 0 0
t_wo + t_wo_cam
0.9 0 0
Time
1558546338870
Theta
0
t_GA - R_GA * R_AB * t_BA
0 0 0
t_wo + t_wo_cam
0.9 0 0
Time
1558546338895
Theta
0
t_GA - R_GA * R_AB * t_BA
0 0 0
t_wo + t_wo_cam
0.9 0 0
Time
1558546338915
Theta
0
t_GA - R_GA * R_AB * t_BA
0 0 0
t_wo + t_wo_cam
0.9 0 0
Time
1558546338940
Theta
0
t_GA - R_GA * R_AB * t_BA
0 0 0
t_wo + t_wo_cam
0.9 0 0
Time
1558546338964
Theta
0
t_GA - R_GA * R_AB * t_BA
0 0 0
t_wo + t_wo_cam
0.9 0 0
Time
1558546338989
Theta
0
t_GA - R_GA * R_AB * t_BA
0 0 0
t_wo + t_wo_cam
0.9 0 0
Time
1558546339014
Theta
0
t_GA - R_GA * R_AB * t_BA
0 0 0
t_wo + t_wo_cam
0.9 0 0
Time
1558546339038
Theta
0
t_GA - R_GA * R_AB * t_BA
0 0 0
t_wo + t_wo_cam
0.9 0 0
Time
1558546339059
Theta
0
t_GA - R_GA * R_AB * t_BA
0 0 0
t_wo + t_wo_cam
0.9 0 0
Time
1558546339083
Theta
0
t_GA - R_GA * R_AB * t_BA
0 0 0
t_wo + t_wo_cam
0.9 0 0
Time
1558546339108
Theta
0
t_GA - R_GA * R_AB * t_BA
0 0 0
t_wo + t_wo_cam
0.9 0 0
Time
1558546339132
Theta
0
t_GA - R_GA * R_AB * t_BA
0 0 0
t_wo + t_wo_cam
0.9 0 0
Time
1558546339157
Theta
0
t_GA - R_GA * R_AB * t_BA
0 0 0
t_wo + t_wo_cam
0.9 0 0
Time
1558546339181
Theta
0
t_GA - R_GA * R_AB * t_BA
0 0 0
t_wo + t_wo_cam
0.9 0 0
Time
1558546339202
Theta
0
t_GA - R_GA * R_AB * t_BA
0 0 0
t_wo + t_wo_cam
0.9 0 0
Time
1558546339227
Theta
0
t_GA - R_GA * R_AB * t_BA
0 0 0
t_wo + t_wo_cam
0.9 0 0
Time
1558546339251
Theta
0
t_GA - R_GA * R_AB * t_BA
0 0 0
t_wo + t_wo_cam
0.9 0 0
Time
1558546339276
Theta
0
t_GA - R_GA * R_AB * t_BA
0 0 0
t_wo + t_wo_cam
0.9 0 0
Time
1558546339300
Theta
0
t_GA - R_GA * R_AB * t_BA
0 0 0
t_wo + t_wo_cam
0.9 0 0
Time
1558546339325
Theta
0
t_GA - R_GA * R_AB * t_BA
0 0 0
t_wo + t_wo_cam
0.9 0 0
Time
1558546339349
Theta
0
t_GA - R_GA * R_AB * t_BA
0 0 0
t_wo + t_wo_cam
0.9 0 0
Time
1558546339370
Theta
0
t_GA - R_GA * R_AB * t_BA
0 0 0
t_wo + t_wo_cam
0.9 0 0
Time
1558546339394
Theta
0
t_GA - R_GA * R_AB * t_BA
0 0 0
t_wo + t_wo_cam
0.9 0 0
Time
1558546339419
Theta
0
t_GA - R_GA * R_AB * t_BA
0 0 0
t_wo + t_wo_cam
0.9 0 0
Time
1558546339444
Theta
0
t_GA - R_GA * R_AB * t_BA
0 0 0
t_wo + t_wo_cam
0.9 0 0
Time
1558546339468
Theta
0
t_GA - R_GA * R_AB * t_BA
0 0 0
t_wo + t_wo_cam
0.9 0 0
Time
1558546339493
Theta
0
t_GA - R_GA * R_AB * t_BA
0 0 0
t_wo + t_wo_cam
0.9 0 0
Time
1558546339513
Theta
0
t_GA - R_GA * R_AB * t_BA
0 0 0
t_wo + t_wo_cam
0.9 0 0
Time
1558546339538
Theta
0
t_GA - R_GA * R_AB * t_BA
0 0 0
t_wo + t_wo_cam
0.9 0 0
Time
1558546339562
Theta
0
t_GA - R_GA * R_AB * t_BA
0 0 0
t_wo + t_wo_cam
0.9 0 0
Time
1558546339587
Theta
0
t_GA - R_GA * R_AB * t_BA
0 0 0
t_wo + t_wo_cam
0.9 0 0
Time
1558546339611
Theta
0
t_GA - R_GA * R_AB * t_BA
0 0 0
t_wo + t_wo_cam
0.9 0 0
Time
1558546339636
Theta
0
t_GA - R_GA * R_AB * t_BA
0 0 0
t_wo + t_wo_cam
0.9 0 0
Time
1558546339657
Theta
0
t_GA - R_GA * R_AB * t_BA
0 0 0
t_wo + t_wo_cam
0.9 0 0
Time
1558546339681
Theta
0
t_GA - R_GA * R_AB * t_BA
0 0 0
t_wo + t_wo_cam
0.9 0 0
Time
1558546339706
Theta
0
t_GA - R_GA * R_AB * t_BA
0 0 0
t_wo + t_wo_cam
0.9 0 0
Time
1558546339730
Theta
0
t_GA - R_GA * R_AB * t_BA
0 0 0
t_wo + t_wo_cam
0.9 0 0
Time
1558546339755
Theta
0
t_GA - R_GA * R_AB * t_BA
0 0 0
t_wo + t_wo_cam
0.9 0 0
Time
1558546339780
Theta
0
t_GA - R_GA * R_AB * t_BA
0 0 0
t_wo + t_wo_cam
0.9 0 0
Time
1558546339800
Theta
0
t_GA - R_GA * R_AB * t_BA
0 0 0
t_wo + t_wo_cam
0.9 0 0
Time
1558546339824
Theta
0
t_GA - R_GA * R_AB * t_BA
0 0 0
t_wo + t_wo_cam
0.9 0 0
Time
1558546339849
Theta
0
t_GA - R_GA * R_AB * t_BA
0 0 0
t_wo + t_wo_cam
0.9 0 0
Time
1558546339874
Theta
0
t_GA - R_GA * R_AB * t_BA
0 0 0
t_wo + t_wo_cam
0.9 0 0
Time
1558546339898
Theta
0
t_GA - R_GA * R_AB * t_BA
0 0 0
t_wo + t_wo_cam
0.9 0 0
Time
1558546339923
Theta
0
t_GA - R_GA * R_AB * t_BA
0 0 0
t_wo + t_wo_cam
0.9 0 0
Time
1558546339943
Theta
0
t_GA - R_GA * R_AB * t_BA
0 0 0
t_wo + t_wo_cam
0.9 0 0
Time
1558546339968
Theta
0
t_GA - R_GA * R_AB * t_BA
0 0 0
t_wo + t_wo_cam
0.9 0 0
Time
1558546339992
Theta
0
t_GA - R_GA * R_AB * t_BA
0 0 0
t_wo + t_wo_cam
0.9 0 0
Time
1558546340017
Theta
0
t_GA - R_GA * R_AB * t_BA
0 0 0
t_wo + t_wo_cam
0.9 0 0
Time
1558546340042
Theta
0
t_GA - R_GA * R_AB * t_BA
0 0 0
t_wo + t_wo_cam
0.9 0 0
Time
1558546340066
Theta
0
t_GA - R_GA * R_AB * t_BA
0 0 0
t_wo + t_wo_cam
0.9 0 0
Time
1558546340087
Theta
0
t_GA - R_GA * R_AB * t_BA
0 0 0
t_wo + t_wo_cam
0.9 0 0
Time
1558546340111
Theta
0
t_GA - R_GA * R_AB * t_BA
0 0 0
t_wo + t_wo_cam
0.9 0 0
Time
1558546340136
Theta
0
t_GA - R_GA * R_AB * t_BA
0 0 0
t_wo + t_wo_cam
0.9 0 0
Time
1558546340160
Theta
0
t_GA - R_GA * R_AB * t_BA
0 0 0
t_wo + t_wo_cam
0.9 0 0
Time
1558546340185
Theta
0
t_GA - R_GA * R_AB * t_BA
0 0 0
t_wo + t_wo_cam
0.9 0 0
Time
1558546340209
Theta
0
t_GA - R_GA * R_AB * t_BA
0 0 0
t_wo + t_wo_cam
0.9 0 0
Time
1558546340230
Theta
0
t_GA - R_GA * R_AB * t_BA
0 0 0
t_wo + t_wo_cam
0.9 0 0
Time
1558546340255
Theta
0
t_GA - R_GA * R_AB * t_BA
0 0 0
t_wo + t_wo_cam
0.9 0 0
Time
1558546340279
Theta
0
t_GA - R_GA * R_AB * t_BA
0 0 0
t_wo + t_wo_cam
0.9 0 0
Time
1558546340304
Theta
0
t_GA - R_GA * R_AB * t_BA
0 0 0
t_wo + t_wo_cam
0.9 0 0
Time
1558546340328
Theta
0
t_GA - R_GA * R_AB * t_BA
0 0 0
t_wo + t_wo_cam
0.9 0 0
Time
1558546340353
Theta
0
t_GA - R_GA * R_AB * t_BA
0 0 0
t_wo + t_wo_cam
0.9 0 0
Time
1558546340377
Theta
0
t_GA - R_GA * R_AB * t_BA
0 0 0
t_wo + t_wo_cam
0.9 0 0
Time
1558546340398
Theta
0
t_GA - R_GA * R_AB * t_BA
0 0 0
t_wo + t_wo_cam
0.9 0 0
Time
1558546340423
Theta
0
t_GA - R_GA * R_AB * t_BA
0 0 0
t_wo + t_wo_cam
0.9 0 0
Time
1558546340447
Theta
0
t_GA - R_GA * R_AB * t_BA
0 0 0
t_wo + t_wo_cam
0.9 0 0
Time
1558546340472
Theta
0
t_GA - R_GA * R_AB * t_BA
0 0 0
t_wo + t_wo_cam
0.9 0 0
Time
1558546340496
Theta
0
t_GA - R_GA * R_AB * t_BA
0 0 0
t_wo + t_wo_cam
0.9 0 0
Time
1558546340521
Theta
0
t_GA - R_GA * R_AB * t_BA
0 0 0
t_wo + t_wo_cam
0.9 0 0
Time
1558546340541
Theta
0
t_GA - R_GA * R_AB * t_BA
0 0 0
t_wo + t_wo_cam
0.9 0 0
Time
1558546340566
Theta
0
t_GA - R_GA * R_AB * t_BA
0 0 0
t_wo + t_wo_cam
0.9 0 0
Time
1558546340590
Theta
0
t_GA - R_GA * R_AB * t_BA
0 0 0
t_wo + t_wo_cam
0.9 0 0
Time
1558546340615
Theta
0
t_GA - R_GA * R_AB * t_BA
0 0 0
t_wo + t_wo_cam
0.9 0 0
Time
1558546340640
Theta
0
t_GA - R_GA * R_AB * t_BA
0 0 0
t_wo + t_wo_cam
0.9 0 0
Time
1558546340664
Theta
0
t_GA - R_GA * R_AB * t_BA
0 0 0
t_wo + t_wo_cam
0.9 0 0
Time
1558546340685
Theta
0
t_GA - R_GA * R_AB * t_BA
0 0 0
t_wo + t_wo_cam
0.9 0 0
Time
1558546340709
Theta
0
t_GA - R_GA * R_AB * t_BA
0 0 0
t_wo + t_wo_cam
0.9 0 0
Time
1558546340734
Theta
0
t_GA - R_GA * R_AB * t_BA
0 0 0
t_wo + t_wo_cam
0.9 0 0
Time
1558546340758
Theta
0
t_GA - R_GA * R_AB * t_BA
0 0 0
t_wo + t_wo_cam
0.9 0 0
Time
1558546340783
Theta
0
t_GA - R_GA * R_AB * t_BA
0 0 0
t_wo + t_wo_cam
0.9 0 0
Time
1558546340808
Theta
0
t_GA - R_GA * R_AB * t_BA
0 0 0
t_wo + t_wo_cam
0.9 0 0
Time
1558546340828
Theta
0
t_GA - R_GA * R_AB * t_BA
0 0 0
t_wo + t_wo_cam
0.9 0 0
Time
1558546340853
Theta
0
t_GA - R_GA * R_AB * t_BA
0 0 0
t_wo + t_wo_cam
0.9 0 0
Time
1558546340877
Theta
0
t_GA - R_GA * R_AB * t_BA
0 0 0
t_wo + t_wo_cam
0.9 0 0
Time
1558546340902
Theta
0
t_GA - R_GA * R_AB * t_BA
0 0 0
t_wo + t_wo_cam
0.9 0 0
Time
1558546340926
Theta
0
t_GA - R_GA * R_AB * t_BA
0 0 0
t_wo + t_wo_cam
0.9 0 0
Time
1558546340951
Theta
0
t_GA - R_GA * R_AB * t_BA
0 0 0
t_wo + t_wo_cam
0.9 0 0
Time
1558546340971
Theta
0
t_GA - R_GA * R_AB * t_BA
0 0 0
t_wo + t_wo_cam
0.9 0 0
Time
1558546340996
Theta
0
t_GA - R_GA * R_AB * t_BA
0 0 0
t_wo + t_wo_cam
0.9 0 0
Time
1558546341021
Theta
0
t_GA - R_GA * R_AB * t_BA
0 0 0
t_wo + t_wo_cam
0.9 0 0
Time
1558546341045
Theta
0
t_GA - R_GA * R_AB * t_BA
0 0 0
t_wo + t_wo_cam
0.9 0 0
Time
1558546341070
Theta
0
t_GA - R_GA * R_AB * t_BA
0 0 0
t_wo + t_wo_cam
0.9 0 0
Time
1558546341094
Theta
0
t_GA - R_GA * R_AB * t_BA
0 0 0
t_wo + t_wo_cam
0.9 0 0
Time
1558546341115
Theta
0
t_GA - R_GA * R_AB * t_BA
0 0 0
t_wo + t_wo_cam
0.9 0 0
Time
1558546341139
Theta
0
t_GA - R_GA * R_AB * t_BA
0 0 0
t_wo + t_wo_cam
0.9 0 0
Time
1558546341164
Theta
0
t_GA - R_GA * R_AB * t_BA
0 0 0
t_wo + t_wo_cam
0.9 0 0
Time
1558546341188
Theta
0
t_GA - R_GA * R_AB * t_BA
0 0 0
t_wo + t_wo_cam
0.9 0 0
Time
1558546341213
Theta
0
t_GA - R_GA * R_AB * t_BA
0 0 0
t_wo + t_wo_cam
0.9 0 0
Time
1558546341238
Theta
0
t_GA - R_GA * R_AB * t_BA
-1.28 0.302186 -0.156686
t_wo + t_wo_cam
-1.28 0.302186 -0.156686
Time
1558546341258
Theta
0.0578414
t_GA - R_GA * R_AB * t_BA
-1.28 0.302186 -0.156686
t_wo + t_wo_cam
-1.28 0.302186 -0.156686
Time
1558546341283
Theta
0.0578414
t_GA - R_GA * R_AB * t_BA
-1.28 0.302186 -0.156686
t_wo + t_wo_cam
-1.28 0.302186 -0.156686
Time
1558546341307
Theta
0.0578414
t_GA - R_GA * R_AB * t_BA
-1.26769 0.299644 -0.154443
t_wo + t_wo_cam
-1.28 0.302186 -0.156686
Time
1558546341332
Theta
0.0578414
t_GA - R_GA * R_AB * t_BA
-1.26769 0.299644 -0.154443
t_wo + t_wo_cam
-1.26769 0.299644 -0.154443
Time
1558546341356
Theta
0.104256
t_GA - R_GA * R_AB * t_BA
-1.26769 0.299644 -0.154443
t_wo + t_wo_cam
-1.26769 0.299644 -0.154443
Time
1558546341381
Theta
0.104256
t_GA - R_GA * R_AB * t_BA
-1.26769 0.299644 -0.154443
t_wo + t_wo_cam
-1.26769 0.299644 -0.154443
Time
1558546341406
Theta
0.104256
t_GA - R_GA * R_AB * t_BA
-1.24269 0.310818 -0.0877057
t_wo + t_wo_cam
-1.26769 0.299644 -0.154443
Time
1558546341426
Theta
0.104256
t_GA - R_GA * R_AB * t_BA
-1.24269 0.310818 -0.0877057
t_wo + t_wo_cam
-1.24269 0.310818 -0.0877057
Time
1558546341451
Theta
0.115334
t_GA - R_GA * R_AB * t_BA
-1.24269 0.310818 -0.0877057
t_wo + t_wo_cam
-1.24269 0.310818 -0.0877057
Time
1558546341475
Theta
0.115334
t_GA - R_GA * R_AB * t_BA
-1.24269 0.310818 -0.0877057
t_wo + t_wo_cam
-1.24269 0.310818 -0.0877057
Time
1558546341500
Theta
0.115334
t_GA - R_GA * R_AB * t_BA
-1.18382 0.36194 -0.0120273
t_wo + t_wo_cam
-1.24269 0.310818 -0.0877057
Time
1558546341524
Theta
0.115334
t_GA - R_GA * R_AB * t_BA
-1.18382 0.36194 -0.0120273
t_wo + t_wo_cam
-1.18382 0.36194 -0.0120273
Time
1558546341549
Theta
-0.14149
t_GA - R_GA * R_AB * t_BA
-1.18382 0.36194 -0.0120273
t_wo + t_wo_cam
-1.18382 0.36194 -0.0120273
Time
1558546341569
Theta
-0.14149
t_GA - R_GA * R_AB * t_BA
-1.18382 0.36194 -0.0120273
t_wo + t_wo_cam
-1.18382 0.36194 -0.0120273
Time
1558546341594
Theta
-0.14149
t_GA - R_GA * R_AB * t_BA
-1.16203 0.360565 0.0317715
t_wo + t_wo_cam
-1.18382 0.36194 -0.0120273
Time
1558546341618
Theta
-0.14149
t_GA - R_GA * R_AB * t_BA
-1.16203 0.360565 0.0317715
t_wo + t_wo_cam
-1.16203 0.360565 0.0317715
Time
1558546341643
Theta
-0.140704
t_GA - R_GA * R_AB * t_BA
-1.16203 0.360565 0.0317715
t_wo + t_wo_cam
-1.16203 0.360565 0.0317715
Time
1558546341668
Theta
-0.140704
t_GA - R_GA * R_AB * t_BA
-1.14645 0.356951 0.0552943
t_wo + t_wo_cam
-1.16203 0.360565 0.0317715
Time
1558546341692
Theta
-0.140704
t_GA - R_GA * R_AB * t_BA
-1.14645 0.356951 0.0552943
t_wo + t_wo_cam
-1.14645 0.356951 0.0552943
Time
1558546341713
Theta
-0.136524
t_GA - R_GA * R_AB * t_BA
-1.14645 0.356951 0.0552943
t_wo + t_wo_cam
-1.14645 0.356951 0.0552943
Time
1558546341737
Theta
-0.136524
t_GA - R_GA * R_AB * t_BA
-1.14079 0.335251 0.0872189
t_wo + t_wo_cam
-1.14645 0.356951 0.0552943
Time
1558546341762
Theta
-0.136524
t_GA - R_GA * R_AB * t_BA
-1.14079 0.335251 0.0872189
t_wo + t_wo_cam
-1.14079 0.335251 0.0872189
Time
1558546341786
Theta
-0.121142
t_GA - R_GA * R_AB * t_BA
-1.14079 0.335251 0.0872189
t_wo + t_wo_cam
-1.14079 0.335251 0.0872189
Time
1558546341811
Theta
-0.121142
t_GA - R_GA * R_AB * t_BA
-1.14079 0.335251 0.0872189
t_wo + t_wo_cam
-1.14079 0.335251 0.0872189
Time
1558546341836
Theta
-0.121142
t_GA - R_GA * R_AB * t_BA
-1.14257 0.326736 0.102657
t_wo + t_wo_cam
-1.14079 0.335251 0.0872189
Time
1558546341856
Theta
-0.121142
t_GA - R_GA * R_AB * t_BA
-1.14257 0.326736 0.102657
t_wo + t_wo_cam
-1.14257 0.326736 0.102657
Time
1558546341881
Theta
-0.130831
t_GA - R_GA * R_AB * t_BA
-1.14257 0.326736 0.102657
t_wo + t_wo_cam
-1.14257 0.326736 0.102657
Time
1558546341905
Theta
-0.130831
t_GA - R_GA * R_AB * t_BA
-1.14257 0.326736 0.102657
t_wo + t_wo_cam
-1.14257 0.326736 0.102657
Time
1558546341930
Theta
-0.130831
t_GA - R_GA * R_AB * t_BA
-1.15958 0.287804 0.104549
t_wo + t_wo_cam
-1.14257 0.326736 0.102657
Time
1558546341954
Theta
-0.130831
t_GA - R_GA * R_AB * t_BA
-1.15958 0.287804 0.104549
t_wo + t_wo_cam
-1.15958 0.287804 0.104549
Time
1558546341979
Theta
-0.113648
t_GA - R_GA * R_AB * t_BA
-1.15958 0.287804 0.104549
t_wo + t_wo_cam
-1.15958 0.287804 0.104549
Time
1558546341999
Theta
-0.113648
t_GA - R_GA * R_AB * t_BA
-1.15958 0.287804 0.104549
t_wo + t_wo_cam
-1.15958 0.287804 0.104549
Time
1558546342024
Theta
-0.113648
t_GA - R_GA * R_AB * t_BA
-1.19095 0.247067 0.0735219
t_wo + t_wo_cam
-1.15958 0.287804 0.104549
Time
1558546342048
Theta
-0.113648
t_GA - R_GA * R_AB * t_BA
-1.19095 0.247067 0.0735219
t_wo + t_wo_cam
-1.19095 0.247067 0.0735219
Time
1558546342073
Theta
-0.126115
t_GA - R_GA * R_AB * t_BA
-1.19095 0.247067 0.0735219
t_wo + t_wo_cam
-1.19095 0.247067 0.0735219
Time
1558546342098
Theta
-0.126115
t_GA - R_GA * R_AB * t_BA
-1.19095 0.247067 0.0735219
t_wo + t_wo_cam
-1.19095 0.247067 0.0735219
Time
1558546342122
Theta
-0.126115
t_GA - R_GA * R_AB * t_BA
-1.19495 0.247674 0.071167
t_wo + t_wo_cam
-1.19095 0.247067 0.0735219
Time
1558546342143
Theta
-0.126115
t_GA - R_GA * R_AB * t_BA
-1.19495 0.247674 0.071167
t_wo + t_wo_cam
-1.19495 0.247674 0.071167
Time
1558546342167
Theta
0.131954
t_GA - R_GA * R_AB * t_BA
-1.19495 0.247674 0.071167
t_wo + t_wo_cam
-1.19495 0.247674 0.071167
Time
1558546342192
Theta
0.131954
t_GA - R_GA * R_AB * t_BA
-1.19256 0.261482 0.0780412
t_wo + t_wo_cam
-1.19495 0.247674 0.071167
Time
1558546342216
Theta
0.131954
t_GA - R_GA * R_AB * t_BA
-1.19256 0.261482 0.0780412
t_wo + t_wo_cam
-1.19256 0.261482 0.0780412
Time
1558546342241
Theta
-0.128368
t_GA - R_GA * R_AB * t_BA
-1.19256 0.261482 0.0780412
t_wo + t_wo_cam
-1.19256 0.261482 0.0780412
Time
1558546342266
Theta
-0.128368
t_GA - R_GA * R_AB * t_BA
-1.19256 0.261482 0.0780412
t_wo + t_wo_cam
-1.19256 0.261482 0.0780412
Time
1558546342286
Theta
-0.128368
t_GA - R_GA * R_AB * t_BA
-1.19325 0.258757 0.0839774
t_wo + t_wo_cam
-1.19256 0.261482 0.0780412
Time
1558546342311
Theta
-0.128368
t_GA - R_GA * R_AB * t_BA
-1.19325 0.258757 0.0839774
t_wo + t_wo_cam
-1.19325 0.258757 0.0839774
Time
1558546342335
Theta
-0.130027
t_GA - R_GA * R_AB * t_BA
-1.19325 0.258757 0.0839774
t_wo + t_wo_cam
-1.19325 0.258757 0.0839774
Time
1558546342360
Theta
-0.130027
t_GA - R_GA * R_AB * t_BA
-1.18956 0.266075 0.0907885
t_wo + t_wo_cam
-1.19325 0.258757 0.0839774
Time
1558546342384
Theta
-0.130027
t_GA - R_GA * R_AB * t_BA
-1.18956 0.266075 0.0907885
t_wo + t_wo_cam
-1.18956 0.266075 0.0907885
Time
1558546342409
Theta
-0.136697
t_GA - R_GA * R_AB * t_BA
-1.18956 0.266075 0.0907885
t_wo + t_wo_cam
-1.18956 0.266075 0.0907885
Time
1558546342429
Theta
-0.136697
t_GA - R_GA * R_AB * t_BA
-1.18956 0.266075 0.0907885
t_wo + t_wo_cam
-1.18956 0.266075 0.0907885
Time
1558546342454
Theta
-0.136697
t_GA - R_GA * R_AB * t_BA
-1.19293 0.26012 0.0859339
t_wo + t_wo_cam
-1.18956 0.266075 0.0907885
Time
1558546342479
Theta
-0.136697
t_GA - R_GA * R_AB * t_BA
-1.19293 0.26012 0.0859339
t_wo + t_wo_cam
-1.19293 0.26012 0.0859339
Time
1558546342503
Theta
-0.119332
t_GA - R_GA * R_AB * t_BA
-1.19293 0.26012 0.0859339
t_wo + t_wo_cam
-1.19293 0.26012 0.0859339
Time
1558546342528
Theta
-0.119332
t_GA - R_GA * R_AB * t_BA
-1.19918 0.243374 0.0838083
t_wo + t_wo_cam
-1.19293 0.26012 0.0859339
Time
1558546342552
Theta
-0.119332
t_GA - R_GA * R_AB * t_BA
-1.19918 0.243374 0.0838083
t_wo + t_wo_cam
-1.19918 0.243374 0.0838083
Time
1558546342577
Theta
0.110198
t_GA - R_GA * R_AB * t_BA
-1.19918 0.243374 0.0838083
t_wo + t_wo_cam
-1.19918 0.243374 0.0838083
Time
1558546342597
Theta
0.110198
t_GA - R_GA * R_AB * t_BA
-1.19918 0.243374 0.0838083
t_wo + t_wo_cam
-1.19918 0.243374 0.0838083
Time
1558546342622
Theta
0.110198
t_GA - R_GA * R_AB * t_BA
-1.20101 0.240295 0.0811789
t_wo + t_wo_cam
-1.19918 0.243374 0.0838083
Time
1558546342647
Theta
0.110198
t_GA - R_GA * R_AB * t_BA
-1.20101 0.240295 0.0811789
t_wo + t_wo_cam
-1.20101 0.240295 0.0811789
Time
1558546342671
Theta
0.100305
t_GA - R_GA * R_AB * t_BA
-1.20101 0.240295 0.0811789
t_wo + t_wo_cam
-1.20101 0.240295 0.0811789
Time
1558546342696
Theta
0.100305
t_GA - R_GA * R_AB * t_BA
-1.2014 0.239668 0.0784641
t_wo + t_wo_cam
-1.20101 0.240295 0.0811789
Time
1558546342720
Theta
0.100305
t_GA - R_GA * R_AB * t_BA
-1.2014 0.239668 0.0784641
t_wo + t_wo_cam
-1.2014 0.239668 0.0784641
Time
1558546342741
Theta
0.0988255
t_GA - R_GA * R_AB * t_BA
-1.2014 0.239668 0.0784641
t_wo + t_wo_cam
-1.2014 0.239668 0.0784641
Time
1558546342765
Theta
0.0988255
t_GA - R_GA * R_AB * t_BA
-1.2014 0.239668 0.0784641
t_wo + t_wo_cam
-1.2014 0.239668 0.0784641
Time
1558546342790
Theta
0.0988255
t_GA - R_GA * R_AB * t_BA
-1.20519 0.236246 0.0763689
t_wo + t_wo_cam
-1.2014 0.239668 0.0784641
Time
1558546342814
Theta
0.0988255
t_GA - R_GA * R_AB * t_BA
-1.20519 0.236246 0.0763689
t_wo + t_wo_cam
-1.20519 0.236246 0.0763689
Time
1558546342839
Theta
0.098459
t_GA - R_GA * R_AB * t_BA
-1.20519 0.236246 0.0763689
t_wo + t_wo_cam
-1.20519 0.236246 0.0763689
Time
1558546342864
Theta
0.098459
t_GA - R_GA * R_AB * t_BA
-1.20519 0.236246 0.0763689
t_wo + t_wo_cam
-1.20519 0.236246 0.0763689
Time
1558546342884
Theta
0.098459
t_GA - R_GA * R_AB * t_BA
-1.20768 0.228005 0.0767809
t_wo + t_wo_cam
-1.20519 0.236246 0.0763689
Time
1558546342909
Theta
0.098459
t_GA - R_GA * R_AB * t_BA
-1.20768 0.228005 0.0767809
t_wo + t_wo_cam
-1.20768 0.228005 0.0767809
Time
1558546342933
Theta
0.0954422
t_GA - R_GA * R_AB * t_BA
-1.20768 0.228005 0.0767809
t_wo + t_wo_cam
-1.20768 0.228005 0.0767809
Time
1558546342958
Theta
0.0954422
t_GA - R_GA * R_AB * t_BA
-1.20768 0.228005 0.0767809
t_wo + t_wo_cam
-1.20768 0.228005 0.0767809
Time
1558546342982
Theta
0.0954422
t_GA - R_GA * R_AB * t_BA
-1.20695 0.228681 0.0743505
t_wo + t_wo_cam
-1.20768 0.228005 0.0767809
Time
1558546343007
Theta
0.0954422
t_GA - R_GA * R_AB * t_BA
-1.20695 0.228681 0.0743505
t_wo + t_wo_cam
-1.20695 0.228681 0.0743505
Time
1558546343027
Theta
0.0964832
t_GA - R_GA * R_AB * t_BA
-1.20695 0.228681 0.0743505
t_wo + t_wo_cam
-1.20695 0.228681 0.0743505
Time
1558546343052
Theta
0.0964832
t_GA - R_GA * R_AB * t_BA
-1.20318 0.232133 0.0806472
t_wo + t_wo_cam
-1.20695 0.228681 0.0743505
Time
1558546343077
Theta
0.0964832
t_GA - R_GA * R_AB * t_BA
-1.20318 0.232133 0.0806472
t_wo + t_wo_cam
-1.20318 0.232133 0.0806472
Time
1558546343101
Theta
0.0945403
t_GA - R_GA * R_AB * t_BA
-1.20318 0.232133 0.0806472
t_wo + t_wo_cam
-1.20318 0.232133 0.0806472
Time
1558546343126
Theta
0.0945403
t_GA - R_GA * R_AB * t_BA
-1.20631 0.227409 0.0713876
t_wo + t_wo_cam
-1.20318 0.232133 0.0806472
Time
1558546343150
Theta
0.0945403
t_GA - R_GA * R_AB * t_BA
-1.20631 0.227409 0.0713876
t_wo + t_wo_cam
-1.20631 0.227409 0.0713876
Time
1558546343171
Theta
0.0967769
t_GA - R_GA * R_AB * t_BA
-1.20631 0.227409 0.0713876
t_wo + t_wo_cam
-1.20631 0.227409 0.0713876
Time
1558546343195
Theta
0.0967769
t_GA - R_GA * R_AB * t_BA
-1.20631 0.227409 0.0713876
t_wo + t_wo_cam
-1.20631 0.227409 0.0713876
Time
1558546343220
Theta
0.0967769
t_GA - R_GA * R_AB * t_BA
-1.20867 0.225629 0.0668467
t_wo + t_wo_cam
-1.20631 0.227409 0.0713876
Time
1558546343245
Theta
0.0967769
t_GA - R_GA * R_AB * t_BA
-1.20867 0.225629 0.0668467
t_wo + t_wo_cam
-1.20867 0.225629 0.0668467
Time
1558546343269
Theta
0.096861
t_GA - R_GA * R_AB * t_BA
-1.20867 0.225629 0.0668467
t_wo + t_wo_cam
-1.20867 0.225629 0.0668467
Time
1558546343294
Theta
0.096861
t_GA - R_GA * R_AB * t_BA
-1.20867 0.225629 0.0668467
t_wo + t_wo_cam
-1.20867 0.225629 0.0668467
Time
1558546343314
Theta
0.096861
t_GA - R_GA * R_AB * t_BA
-1.21099 0.222049 0.0677678
t_wo + t_wo_cam
-1.20867 0.225629 0.0668467
Time
1558546343339
Theta
0.096861
t_GA - R_GA * R_AB * t_BA
-1.21099 0.222049 0.0677678
t_wo + t_wo_cam
-1.21099 0.222049 0.0677678
Time
1558546343363
Theta
0.0955068
t_GA - R_GA * R_AB * t_BA
-1.21099 0.222049 0.0677678
t_wo + t_wo_cam
-1.21099 0.222049 0.0677678
Time
1558546343388
Theta
0.0955068
t_GA - R_GA * R_AB * t_BA
-1.21099 0.222049 0.0677678
t_wo + t_wo_cam
-1.21099 0.222049 0.0677678
Time
1558546343413
Theta
0.0955068
t_GA - R_GA * R_AB * t_BA
-1.21273 0.217969 0.0724338
t_wo + t_wo_cam
-1.21099 0.222049 0.0677678
Time
1558546343437
Theta
0.0955068
t_GA - R_GA * R_AB * t_BA
-1.21273 0.217969 0.0724338
t_wo + t_wo_cam
-1.21273 0.217969 0.0724338
Time
1558546343457
Theta
0.0959587
t_GA - R_GA * R_AB * t_BA
-1.21273 0.217969 0.0724338
t_wo + t_wo_cam
-1.21273 0.217969 0.0724338
Time
1558546343482
Theta
0.0959587
t_GA - R_GA * R_AB * t_BA
-1.21273 0.217969 0.0724338
t_wo + t_wo_cam
-1.21273 0.217969 0.0724338
Time
1558546343507
Theta
0.0959587
t_GA - R_GA * R_AB * t_BA
-1.21359 0.217278 0.0709991
t_wo + t_wo_cam
-1.21273 0.217969 0.0724338
Time
1558546343531
Theta
0.0959587
t_GA - R_GA * R_AB * t_BA
-1.21359 0.217278 0.0709991
t_wo + t_wo_cam
-1.21359 0.217278 0.0709991
Time
1558546343556
Theta
0.0971945
t_GA - R_GA * R_AB * t_BA
-1.21359 0.217278 0.0709991
t_wo + t_wo_cam
-1.21359 0.217278 0.0709991
Time
1558546343580
Theta
0.0971945
t_GA - R_GA * R_AB * t_BA
-1.21454 0.215495 0.0752097
t_wo + t_wo_cam
-1.21359 0.217278 0.0709991
Time
1558546343605
Theta
0.0971945
t_GA - R_GA * R_AB * t_BA
-1.21454 0.215495 0.0752097
t_wo + t_wo_cam
-1.21454 0.215495 0.0752097
Time
1558546343625
Theta
0.0954761
t_GA - R_GA * R_AB * t_BA
-1.21454 0.215495 0.0752097
t_wo + t_wo_cam
-1.21454 0.215495 0.0752097
Time
1558546343650
Theta
0.0954761
t_GA - R_GA * R_AB * t_BA
-1.21454 0.215495 0.0752097
t_wo + t_wo_cam
-1.21454 0.215495 0.0752097
Time
1558546343675
Theta
0.0954761
t_GA - R_GA * R_AB * t_BA
-1.21563 0.211586 0.0717881
t_wo + t_wo_cam
-1.21563 0.211586 0.0717881
Time
1558546343699
Theta
0.0948216
t_GA - R_GA * R_AB * t_BA
-1.21563 0.211586 0.0717881
t_wo + t_wo_cam
-1.21563 0.211586 0.0717881
Time
1558546343724
Theta
0.0948216
t_GA - R_GA * R_AB * t_BA
-1.21563 0.211586 0.0717881
t_wo + t_wo_cam
-1.21563 0.211586 0.0717881
Time
1558546343748
Theta
0.0948216
t_GA - R_GA * R_AB * t_BA
-1.22017 0.18933 0.0736361
t_wo + t_wo_cam
-1.21563 0.211586 0.0717881
Time
1558546343769
Theta
0.0948216
t_GA - R_GA * R_AB * t_BA
-1.22017 0.18933 0.0736361
t_wo + t_wo_cam
-1.22017 0.18933 0.0736361
Time
1558546343793
Theta
0.102216
t_GA - R_GA * R_AB * t_BA
-1.22017 0.18933 0.0736361
t_wo + t_wo_cam
-1.22017 0.18933 0.0736361
Time
1558546343818
Theta
0.102216
t_GA - R_GA * R_AB * t_BA
-1.21551 0.200684 0.0760656
t_wo + t_wo_cam
-1.22017 0.18933 0.0736361
Time
1558546343843
Theta
0.102216
t_GA - R_GA * R_AB * t_BA
-1.21551 0.200684 0.0760656
t_wo + t_wo_cam
-1.21551 0.200684 0.0760656
Time
1558546343867
Theta
0.0979207
t_GA - R_GA * R_AB * t_BA
-1.21551 0.200684 0.0760656
t_wo + t_wo_cam
-1.21551 0.200684 0.0760656
Time
1558546343892
Theta
0.0979207
t_GA - R_GA * R_AB * t_BA
-1.21551 0.200684 0.0760656
t_wo + t_wo_cam
-1.21551 0.200684 0.0760656
Time
1558546343912
Theta
0.0979207
t_GA - R_GA * R_AB * t_BA
-1.21446 0.204747 0.0796248
t_wo + t_wo_cam
-1.21551 0.200684 0.0760656
Time
1558546343937
Theta
0.0979207
t_GA - R_GA * R_AB * t_BA
-1.21446 0.204747 0.0796248
t_wo + t_wo_cam
-1.21446 0.204747 0.0796248
Time
1558546343961
Theta
0.0970054
t_GA - R_GA * R_AB * t_BA
-1.21446 0.204747 0.0796248
t_wo + t_wo_cam
-1.21446 0.204747 0.0796248
Time
1558546343988
Theta
0.0970054
t_GA - R_GA * R_AB * t_BA
-1.21446 0.204747 0.0796248
t_wo + t_wo_cam
-1.21446 0.204747 0.0796248
Time
1558546344010
Theta
0.0970054
t_GA - R_GA * R_AB * t_BA
-1.21843 0.1964 0.0655707
t_wo + t_wo_cam
-1.21446 0.204747 0.0796248
Time
1558546344035
Theta
0.0970054
t_GA - R_GA * R_AB * t_BA
-1.21843 0.1964 0.0655707
t_wo + t_wo_cam
-1.21843 0.1964 0.0655707
Time
1558546344055
Theta
0.102894
t_GA - R_GA * R_AB * t_BA
-1.21843 0.1964 0.0655707
t_wo + t_wo_cam
-1.21843 0.1964 0.0655707
Time
1558546344080
Theta
0.102894
t_GA - R_GA * R_AB * t_BA
-1.21843 0.1964 0.0655707
t_wo + t_wo_cam
-1.21843 0.1964 0.0655707
Time
1558546344105
Theta
0.102894
t_GA - R_GA * R_AB * t_BA
-1.21807 0.197273 0.0720491
t_wo + t_wo_cam
-1.21843 0.1964 0.0655707
Time
1558546344131
Theta
0.102894
t_GA - R_GA * R_AB * t_BA
-1.21807 0.197273 0.0720491
t_wo + t_wo_cam
-1.21807 0.197273 0.0720491
Time
1558546344154
Theta
0.102202
t_GA - R_GA * R_AB * t_BA
-1.21807 0.197273 0.0720491
t_wo + t_wo_cam
-1.21807 0.197273 0.0720491
Time
1558546344178
Theta
0.102202
t_GA - R_GA * R_AB * t_BA
-1.21807 0.197273 0.0720491
t_wo + t_wo_cam
-1.21807 0.197273 0.0720491
Time
1558546344199
Theta
0.102202
t_GA - R_GA * R_AB * t_BA
-1.21807 0.197273 0.0720491
t_wo + t_wo_cam
-1.21807 0.197273 0.0720491
Time
1558546344223
Theta
0.102202
t_GA - R_GA * R_AB * t_BA
-1.21632 0.203499 0.0782045
t_wo + t_wo_cam
-1.21807 0.197273 0.0720491
Time
1558546344250
Theta
0.102202
t_GA - R_GA * R_AB * t_BA
-1.21632 0.203499 0.0782045
t_wo + t_wo_cam
-1.21632 0.203499 0.0782045
Time
1558546344273
Theta
0.0968385
t_GA - R_GA * R_AB * t_BA
-1.21632 0.203499 0.0782045
t_wo + t_wo_cam
-1.21632 0.203499 0.0782045
Time
1558546344297
Theta
0.0968385
t_GA - R_GA * R_AB * t_BA
-1.21632 0.203499 0.0782045
t_wo + t_wo_cam
-1.21632 0.203499 0.0782045
Time
1558546344322
Theta
0.0968385
t_GA - R_GA * R_AB * t_BA
-1.21425 0.211244 0.0747981
t_wo + t_wo_cam
-1.21632 0.203499 0.0782045
Time
1558546344346
Theta
0.0968385
t_GA - R_GA * R_AB * t_BA
-1.21425 0.211244 0.0747981
t_wo + t_wo_cam
-1.21425 0.211244 0.0747981
Time
1558546344367
Theta
0.0928679
t_GA - R_GA * R_AB * t_BA
-1.21425 0.211244 0.0747981
t_wo + t_wo_cam
-1.21425 0.211244 0.0747981
Time
1558546344391
Theta
0.0928679
t_GA - R_GA * R_AB * t_BA
-1.21425 0.211244 0.0747981
t_wo + t_wo_cam
-1.21425 0.211244 0.0747981
Time
1558546344416
Theta
0.0928679
t_GA - R_GA * R_AB * t_BA
-1.21425 0.211244 0.0747981
t_wo + t_wo_cam
-1.21425 0.211244 0.0747981
Time
1558546344440
Theta
0.0928679
t_GA - R_GA * R_AB * t_BA
-1.21982 0.200359 0.0720697
t_wo + t_wo_cam
-1.21425 0.211244 0.0747981
Time
1558546344465
Theta
0.0928679
t_GA - R_GA * R_AB * t_BA
-1.21982 0.200359 0.0720697
t_wo + t_wo_cam
-1.21982 0.200359 0.0720697
Time
1558546344486
Theta
0.0973732
t_GA - R_GA * R_AB * t_BA
-1.21982 0.200359 0.0720697
t_wo + t_wo_cam
-1.21982 0.200359 0.0720697
Time
1558546344510
Theta
0.0973732
t_GA - R_GA * R_AB * t_BA
-1.21982 0.200359 0.0720697
t_wo + t_wo_cam
-1.21982 0.200359 0.0720697
Time
1558546344535
Theta
0.0973732
t_GA - R_GA * R_AB * t_BA
-1.21982 0.200359 0.0720697
t_wo + t_wo_cam
-1.21982 0.200359 0.0720697
Time
1558546344559
Theta
0.0973732
t_GA - R_GA * R_AB * t_BA
-1.21982 0.200359 0.0720697
t_wo + t_wo_cam
-1.21982 0.200359 0.0720697
Time
1558546344584
Theta
0.0973732
t_GA - R_GA * R_AB * t_BA
-1.21748 0.206727 0.0706759
t_wo + t_wo_cam
-1.21982 0.200359 0.0720697
Time
1558546344608
Theta
0.0973732
t_GA - R_GA * R_AB * t_BA
-1.21748 0.206727 0.0706759
t_wo + t_wo_cam
-1.21748 0.206727 0.0706759
Time
1558546344633
Theta
0.0960411
t_GA - R_GA * R_AB * t_BA
-1.21748 0.206727 0.0706759
t_wo + t_wo_cam
-1.21748 0.206727 0.0706759
Time
1558546344654
Theta
0.0960411
t_GA - R_GA * R_AB * t_BA
-1.21748 0.206727 0.0706759
t_wo + t_wo_cam
-1.21748 0.206727 0.0706759
Time
1558546344678
Theta
0.0960411
t_GA - R_GA * R_AB * t_BA
-1.21658 0.202234 0.0752192
t_wo + t_wo_cam
-1.21748 0.206727 0.0706759
Time
1558546344703
Theta
0.0960411
t_GA - R_GA * R_AB * t_BA
-1.21658 0.202234 0.0752192
t_wo + t_wo_cam
-1.21658 0.202234 0.0752192
Time
1558546344727
Theta
0.0938006
t_GA - R_GA * R_AB * t_BA
-1.21658 0.202234 0.0752192
t_wo + t_wo_cam
-1.21658 0.202234 0.0752192
Time
1558546344752
Theta
0.0938006
t_GA - R_GA * R_AB * t_BA
-1.21658 0.202234 0.0752192
t_wo + t_wo_cam
-1.21658 0.202234 0.0752192
Time
1558546344776
Theta
0.0938006
t_GA - R_GA * R_AB * t_BA
-1.217 0.20621 0.0761603
t_wo + t_wo_cam
-1.21658 0.202234 0.0752192
Time
1558546344797
Theta
0.0938006
t_GA - R_GA * R_AB * t_BA
-1.217 0.20621 0.0761603
t_wo + t_wo_cam
-1.217 0.20621 0.0761603
Time
1558546344821
Theta
0.0938004
t_GA - R_GA * R_AB * t_BA
-1.217 0.20621 0.0761603
t_wo + t_wo_cam
-1.217 0.20621 0.0761603
Time
1558546344846
Theta
0.0938004
t_GA - R_GA * R_AB * t_BA
-1.21678 0.203476 0.0737978
t_wo + t_wo_cam
-1.217 0.20621 0.0761603
Time
1558546344871
Theta
0.0938004
t_GA - R_GA * R_AB * t_BA
-1.21678 0.203476 0.0737978
t_wo + t_wo_cam
-1.21678 0.203476 0.0737978
Time
1558546344895
Theta
0.0972511
t_GA - R_GA * R_AB * t_BA
-1.21678 0.203476 0.0737978
t_wo + t_wo_cam
-1.21678 0.203476 0.0737978
Time
1558546344920
Theta
0.0972511
t_GA - R_GA * R_AB * t_BA
-1.21678 0.203476 0.0737978
t_wo + t_wo_cam
-1.21678 0.203476 0.0737978
Time
1558546344940
Theta
0.0972511
t_GA - R_GA * R_AB * t_BA
-1.21329 0.213735 0.0759039
t_wo + t_wo_cam
-1.21678 0.203476 0.0737978
Time
1558546344965
Theta
0.0972511
t_GA - R_GA * R_AB * t_BA
-1.21329 0.213735 0.0759039
t_wo + t_wo_cam
-1.21329 0.213735 0.0759039
Time
1558546344989
Theta
0.0913832
t_GA - R_GA * R_AB * t_BA
-1.21329 0.213735 0.0759039
t_wo + t_wo_cam
-1.21329 0.213735 0.0759039
Time
1558546345014
Theta
0.0913832
t_GA - R_GA * R_AB * t_BA
-1.21329 0.213735 0.0759039
t_wo + t_wo_cam
-1.21329 0.213735 0.0759039
Time
1558546345039
Theta
0.0913832
t_GA - R_GA * R_AB * t_BA
-1.21679 0.202999 0.0772915
t_wo + t_wo_cam
-1.21329 0.213735 0.0759039
Time
1558546345063
Theta
0.0913832
t_GA - R_GA * R_AB * t_BA
-1.21679 0.202999 0.0772915
t_wo + t_wo_cam
-1.21679 0.202999 0.0772915
Time
1558546345084
Theta
0.0952786
t_GA - R_GA * R_AB * t_BA
-1.21679 0.202999 0.0772915
t_wo + t_wo_cam
-1.21679 0.202999 0.0772915
Time
1558546345108
Theta
0.0952786
t_GA - R_GA * R_AB * t_BA
-1.21857 0.195277 0.0814274
t_wo + t_wo_cam
-1.21679 0.202999 0.0772915
Time
1558546345133
Theta
0.0952786
t_GA - R_GA * R_AB * t_BA
-1.21857 0.195277 0.0814274
t_wo + t_wo_cam
-1.21857 0.195277 0.0814274
Time
1558546345157
Theta
0.0982345
t_GA - R_GA * R_AB * t_BA
-1.21857 0.195277 0.0814274
t_wo + t_wo_cam
-1.21857 0.195277 0.0814274
Time
1558546345182
Theta
0.0982345
t_GA - R_GA * R_AB * t_BA
-1.21857 0.195277 0.0814274
t_wo + t_wo_cam
-1.21857 0.195277 0.0814274
Time
1558546345206
Theta
0.0982345
t_GA - R_GA * R_AB * t_BA
-1.22224 0.191202 0.0711046
t_wo + t_wo_cam
-1.21857 0.195277 0.0814274
Time
1558546345227
Theta
0.0982345
t_GA - R_GA * R_AB * t_BA
-1.22224 0.191202 0.0711046
t_wo + t_wo_cam
-1.22224 0.191202 0.0711046
Time
1558546345251
Theta
0.0998322
t_GA - R_GA * R_AB * t_BA
-1.22224 0.191202 0.0711046
t_wo + t_wo_cam
-1.22224 0.191202 0.0711046
Time
1558546345276
Theta
0.0998322
t_GA - R_GA * R_AB * t_BA
-1.22224 0.191202 0.0711046
t_wo + t_wo_cam
-1.22224 0.191202 0.0711046
Time
1558546345301
Theta
0.0998322
t_GA - R_GA * R_AB * t_BA
-1.22303 0.187175 0.0817118
t_wo + t_wo_cam
-1.22224 0.191202 0.0711046
Time
1558546345325
Theta
0.0998322
t_GA - R_GA * R_AB * t_BA
-1.22303 0.187175 0.0817118
t_wo + t_wo_cam
-1.22303 0.187175 0.0817118
Time
1558546345350
Theta
0.102263
t_GA - R_GA * R_AB * t_BA
-1.22303 0.187175 0.0817118
t_wo + t_wo_cam
-1.22303 0.187175 0.0817118
Time
1558546345370
Theta
0.102263
t_GA - R_GA * R_AB * t_BA
-1.2238 0.186595 0.0778114
t_wo + t_wo_cam
-1.22303 0.187175 0.0817118
Time
1558546345395
Theta
0.102263
t_GA - R_GA * R_AB * t_BA
-1.2238 0.186595 0.0778114
t_wo + t_wo_cam
-1.2238 0.186595 0.0778114
Time
1558546345419
Theta
0.101988
t_GA - R_GA * R_AB * t_BA
-1.2238 0.186595 0.0778114
t_wo + t_wo_cam
-1.2238 0.186595 0.0778114
Time
1558546345444
Theta
0.101988
t_GA - R_GA * R_AB * t_BA
-1.2238 0.186595 0.0778114
t_wo + t_wo_cam
-1.2238 0.186595 0.0778114
Time
1558546345469
Theta
0.101988
t_GA - R_GA * R_AB * t_BA
-1.2232 0.192148 0.0754577
t_wo + t_wo_cam
-1.2238 0.186595 0.0778114
Time
1558546345493
Theta
0.101988
t_GA - R_GA * R_AB * t_BA
-1.2232 0.192148 0.0754577
t_wo + t_wo_cam
-1.2232 0.192148 0.0754577
Time
1558546345514
Theta
0.100174
t_GA - R_GA * R_AB * t_BA
-1.2232 0.192148 0.0754577
t_wo + t_wo_cam
-1.2232 0.192148 0.0754577
Time
1558546345538
Theta
0.100174
t_GA - R_GA * R_AB * t_BA
-1.2232 0.192148 0.0754577
t_wo + t_wo_cam
-1.2232 0.192148 0.0754577
Time
1558546345563
Theta
0.100174
t_GA - R_GA * R_AB * t_BA
-1.21843 0.207858 0.0772852
t_wo + t_wo_cam
-1.2232 0.192148 0.0754577
Time
1558546345587
Theta
0.100174
t_GA - R_GA * R_AB * t_BA
-1.21843 0.207858 0.0772852
t_wo + t_wo_cam
-1.21843 0.207858 0.0772852
Time
1558546345612
Theta
0.0938031
t_GA - R_GA * R_AB * t_BA
-1.21843 0.207858 0.0772852
t_wo + t_wo_cam
-1.21843 0.207858 0.0772852
Time
1558546345637
Theta
0.0938031
t_GA - R_GA * R_AB * t_BA
-1.21843 0.207858 0.0772852
t_wo + t_wo_cam
-1.21843 0.207858 0.0772852
Time
1558546345657
Theta
0.0938031
t_GA - R_GA * R_AB * t_BA
-1.22015 0.201599 0.0791081
t_wo + t_wo_cam
-1.21843 0.207858 0.0772852
Time
1558546345682
Theta
0.0938031
t_GA - R_GA * R_AB * t_BA
-1.22015 0.201599 0.0791081
t_wo + t_wo_cam
-1.22015 0.201599 0.0791081
Time
1558546345706
Theta
0.0956311
t_GA - R_GA * R_AB * t_BA
-1.22015 0.201599 0.0791081
t_wo + t_wo_cam
-1.22015 0.201599 0.0791081
Time
1558546345731
Theta
0.0956311
t_GA - R_GA * R_AB * t_BA
-1.22102 0.198502 0.075519
t_wo + t_wo_cam
-1.22015 0.201599 0.0791081
Time
1558546345755
Theta
0.0956311
t_GA - R_GA * R_AB * t_BA
-1.22102 0.198502 0.075519
t_wo + t_wo_cam
-1.22102 0.198502 0.075519
Time
1558546345780
Theta
0.0961045
t_GA - R_GA * R_AB * t_BA
-1.22102 0.198502 0.075519
t_wo + t_wo_cam
-1.22102 0.198502 0.075519
Time
1558546345804
Theta
0.0961045
t_GA - R_GA * R_AB * t_BA
-1.22144 0.197627 0.0739792
t_wo + t_wo_cam
-1.22102 0.198502 0.075519
Time
1558546345825
Theta
0.0961045
t_GA - R_GA * R_AB * t_BA
-1.22144 0.197627 0.0739792
t_wo + t_wo_cam
-1.22144 0.197627 0.0739792
Time
1558546345849
Theta
0.0953624
t_GA - R_GA * R_AB * t_BA
-1.22144 0.197627 0.0739792
t_wo + t_wo_cam
-1.22144 0.197627 0.0739792
Time
1558546345874
Theta
0.0953624
t_GA - R_GA * R_AB * t_BA
-1.22144 0.197627 0.0739792
t_wo + t_wo_cam
-1.22144 0.197627 0.0739792
Time
1558546345899
Theta
0.0953624
t_GA - R_GA * R_AB * t_BA
-1.22053 0.198811 0.0742268
t_wo + t_wo_cam
-1.22144 0.197627 0.0739792
Time
1558546345923
Theta
0.0953624
t_GA - R_GA * R_AB * t_BA
-1.22053 0.198811 0.0742268
t_wo + t_wo_cam
-1.22053 0.198811 0.0742268
Time
1558546345948
Theta
0.0933974
t_GA - R_GA * R_AB * t_BA
-1.22053 0.198811 0.0742268
t_wo + t_wo_cam
-1.22053 0.198811 0.0742268
Time
1558546345968
Theta
0.0933974
t_GA - R_GA * R_AB * t_BA
-1.22053 0.198811 0.0742268
t_wo + t_wo_cam
-1.22053 0.198811 0.0742268
Time
1558546345993
Theta
0.0933974
t_GA - R_GA * R_AB * t_BA
-1.22053 0.198811 0.0742268
t_wo + t_wo_cam
-1.22053 0.198811 0.0742268
Time
1558546346017
Theta
0.0933974
t_GA - R_GA * R_AB * t_BA
-1.223 0.185645 0.0817017
t_wo + t_wo_cam
-1.22053 0.198811 0.0742268
Time
1558546346042
Theta
0.0933974
t_GA - R_GA * R_AB * t_BA
-1.223 0.185645 0.0817017
t_wo + t_wo_cam
-1.223 0.185645 0.0817017
Time
1558546346067
Theta
0.0979186
t_GA - R_GA * R_AB * t_BA
-1.223 0.185645 0.0817017
t_wo + t_wo_cam
-1.223 0.185645 0.0817017
Time
1558546346091
Theta
0.0979186
t_GA - R_GA * R_AB * t_BA
-1.223 0.185645 0.0817017
t_wo + t_wo_cam
-1.223 0.185645 0.0817017
Time
1558546346112
Theta
0.0979186
t_GA - R_GA * R_AB * t_BA
-1.22026 0.200588 0.0759663
t_wo + t_wo_cam
-1.223 0.185645 0.0817017
Time
1558546346136
Theta
0.0979186
t_GA - R_GA * R_AB * t_BA
-1.22026 0.200588 0.0759663
t_wo + t_wo_cam
-1.22026 0.200588 0.0759663
Time
1558546346161
Theta
0.0904832
t_GA - R_GA * R_AB * t_BA
-1.22026 0.200588 0.0759663
t_wo + t_wo_cam
-1.22026 0.200588 0.0759663
Time
1558546346185
Theta
0.0904832
t_GA - R_GA * R_AB * t_BA
-1.22026 0.200588 0.0759663
t_wo + t_wo_cam
-1.22026 0.200588 0.0759663
Time
1558546346210
Theta
0.0904832
t_GA - R_GA * R_AB * t_BA
-1.22142 0.201964 0.0729295
t_wo + t_wo_cam
-1.22026 0.200588 0.0759663
Time
1558546346234
Theta
0.0904832
t_GA - R_GA * R_AB * t_BA
-1.22142 0.201964 0.0729295
t_wo + t_wo_cam
-1.22142 0.201964 0.0729295
Time
1558546346255
Theta
0.0885495
t_GA - R_GA * R_AB * t_BA
-1.22142 0.201964 0.0729295
t_wo + t_wo_cam
-1.22142 0.201964 0.0729295
Time
1558546346280
Theta
0.0885495
t_GA - R_GA * R_AB * t_BA
-1.22502 0.191655 0.0705792
t_wo + t_wo_cam
-1.22142 0.201964 0.0729295
Time
1558546346304
Theta
0.0885495
t_GA - R_GA * R_AB * t_BA
-1.22502 0.191655 0.0705792
t_wo + t_wo_cam
-1.22502 0.191655 0.0705792
Time
1558546346329
Theta
0.0923809
t_GA - R_GA * R_AB * t_BA
-1.22502 0.191655 0.0705792
t_wo + t_wo_cam
-1.22502 0.191655 0.0705792
Time
1558546346353
Theta
0.0923809
t_GA - R_GA * R_AB * t_BA
-1.22663 0.185579 0.0730449
t_wo + t_wo_cam
-1.22502 0.191655 0.0705792
Time
1558546346378
Theta
0.0923809
t_GA - R_GA * R_AB * t_BA
-1.22663 0.185579 0.0730449
t_wo + t_wo_cam
-1.22663 0.185579 0.0730449
Time
1558546346398
Theta
0.0937024
t_GA - R_GA * R_AB * t_BA
-1.22663 0.185579 0.0730449
t_wo + t_wo_cam
-1.22663 0.185579 0.0730449
Time
1558546346423
Theta
0.0937024
t_GA - R_GA * R_AB * t_BA
-1.22663 0.185579 0.0730449
t_wo + t_wo_cam
-1.22663 0.185579 0.0730449
Time
1558546346447
Theta
0.0937024
t_GA - R_GA * R_AB * t_BA
-1.22723 0.184268 0.0727995
t_wo + t_wo_cam
-1.22663 0.185579 0.0730449
Time
1558546346472
Theta
0.0937024
t_GA - R_GA * R_AB * t_BA
-1.22723 0.184268 0.0727995
t_wo + t_wo_cam
-1.22723 0.184268 0.0727995
Time
1558546346497
Theta
0.0939066
t_GA - R_GA * R_AB * t_BA
-1.22723 0.184268 0.0727995
t_wo + t_wo_cam
-1.22723 0.184268 0.0727995
Time
1558546346521
Theta
0.0939066
t_GA - R_GA * R_AB * t_BA
-1.22914 0.177722 0.0704004
t_wo + t_wo_cam
-1.22723 0.184268 0.0727995
Time
1558546346542
Theta
0.0939066
t_GA - R_GA * R_AB * t_BA
-1.22914 0.177722 0.0704004
t_wo + t_wo_cam
-1.22914 0.177722 0.0704004
Time
1558546346566
Theta
0.098596
t_GA - R_GA * R_AB * t_BA
-1.22914 0.177722 0.0704004
t_wo + t_wo_cam
-1.22914 0.177722 0.0704004
Time
1558546346591
Theta
0.098596
t_GA - R_GA * R_AB * t_BA
-1.22461 0.196489 0.0705125
t_wo + t_wo_cam
-1.22914 0.177722 0.0704004
Time
1558546346615
Theta
0.098596
t_GA - R_GA * R_AB * t_BA
-1.22461 0.196489 0.0705125
t_wo + t_wo_cam
-1.22461 0.196489 0.0705125
Time
1558546346640
Theta
0.0901572
t_GA - R_GA * R_AB * t_BA
-1.22461 0.196489 0.0705125
t_wo + t_wo_cam
-1.22461 0.196489 0.0705125
Time
1558546346665
Theta
0.0901572
t_GA - R_GA * R_AB * t_BA
-1.22461 0.196489 0.0705125
t_wo + t_wo_cam
-1.22461 0.196489 0.0705125
Time
1558546346685
Theta
0.0901572
t_GA - R_GA * R_AB * t_BA
-1.22656 0.187835 0.0719774
t_wo + t_wo_cam
-1.22461 0.196489 0.0705125
Time
1558546346710
Theta
0.0901572
t_GA - R_GA * R_AB * t_BA
-1.22656 0.187835 0.0719774
t_wo + t_wo_cam
-1.22656 0.187835 0.0719774
Time
1558546346734
Theta
0.0936367
t_GA - R_GA * R_AB * t_BA
-1.22656 0.187835 0.0719774
t_wo + t_wo_cam
-1.22656 0.187835 0.0719774
Time
1558546346759
Theta
0.0936367
t_GA - R_GA * R_AB * t_BA
-1.22656 0.187835 0.0719774
t_wo + t_wo_cam
-1.22656 0.187835 0.0719774
Time
1558546346783
Theta
0.0936367
t_GA - R_GA * R_AB * t_BA
-1.22467 0.196791 0.0700819
t_wo + t_wo_cam
-1.22656 0.187835 0.0719774
Time
1558546346808
Theta
0.0936367
t_GA - R_GA * R_AB * t_BA
-1.22467 0.196791 0.0700819
t_wo + t_wo_cam
-1.22467 0.196791 0.0700819
Time
1558546346832
Theta
0.0901247
t_GA - R_GA * R_AB * t_BA
-1.22467 0.196791 0.0700819
t_wo + t_wo_cam
-1.22467 0.196791 0.0700819
Time
1558546346853
Theta
0.0901247
t_GA - R_GA * R_AB * t_BA
-1.22533 0.196176 0.0681163
t_wo + t_wo_cam
-1.22467 0.196791 0.0700819
Time
1558546346878
Theta
0.0901247
t_GA - R_GA * R_AB * t_BA
-1.22533 0.196176 0.0681163
t_wo + t_wo_cam
-1.22533 0.196176 0.0681163
Time
1558546346902
Theta
0.089945
t_GA - R_GA * R_AB * t_BA
-1.22533 0.196176 0.0681163
t_wo + t_wo_cam
-1.22533 0.196176 0.0681163
Time
1558546346927
Theta
0.089945
t_GA - R_GA * R_AB * t_BA
-1.22533 0.196176 0.0681163
t_wo + t_wo_cam
-1.22533 0.196176 0.0681163
Time
1558546346951
Theta
0.089945
t_GA - R_GA * R_AB * t_BA
-1.22878 0.181583 0.0742066
t_wo + t_wo_cam
-1.22533 0.196176 0.0681163
Time
1558546346976
Theta
0.089945
t_GA - R_GA * R_AB * t_BA
-1.22878 0.181583 0.0742066
t_wo + t_wo_cam
-1.22878 0.181583 0.0742066
Time
1558546346996
Theta
0.0970399
t_GA - R_GA * R_AB * t_BA
-1.22878 0.181583 0.0742066
t_wo + t_wo_cam
-1.22878 0.181583 0.0742066
Time
1558546347021
Theta
0.0970399
t_GA - R_GA * R_AB * t_BA
-1.22878 0.181583 0.0742066
t_wo + t_wo_cam
-1.22878 0.181583 0.0742066
Time
1558546347046
Theta
0.0970399
t_GA - R_GA * R_AB * t_BA
-1.22878 0.181583 0.0742066
t_wo + t_wo_cam
-1.22878 0.181583 0.0742066
Time
1558546347070
Theta
0.0970399
t_GA - R_GA * R_AB * t_BA
-1.22581 0.193149 0.0725376
t_wo + t_wo_cam
-1.22878 0.181583 0.0742066
Time
1558546347095
Theta
0.0970399
t_GA - R_GA * R_AB * t_BA
-1.22581 0.193149 0.0725376
t_wo + t_wo_cam
-1.22581 0.193149 0.0725376
Time
1558546347119
Theta
0.0914606
t_GA - R_GA * R_AB * t_BA
-1.22581 0.193149 0.0725376
t_wo + t_wo_cam
-1.22581 0.193149 0.0725376
Time
1558546347140
Theta
0.0914606
t_GA - R_GA * R_AB * t_BA
-1.22581 0.193149 0.0725376
t_wo + t_wo_cam
-1.22581 0.193149 0.0725376
Time
1558546347164
Theta
0.0914606
t_GA - R_GA * R_AB * t_BA
-1.22606 0.189888 0.0735314
t_wo + t_wo_cam
-1.22581 0.193149 0.0725376
Time
1558546347189
Theta
0.0914606
t_GA - R_GA * R_AB * t_BA
-1.22606 0.189888 0.0735314
t_wo + t_wo_cam
-1.22606 0.189888 0.0735314
Time
1558546347213
Theta
0.0910224
t_GA - R_GA * R_AB * t_BA
-1.22606 0.189888 0.0735314
t_wo + t_wo_cam
-1.22606 0.189888 0.0735314
Time
1558546347238
Theta
0.0910224
t_GA - R_GA * R_AB * t_BA
-1.22606 0.189888 0.0735314
t_wo + t_wo_cam
-1.22606 0.189888 0.0735314
Time
1558546347263
Theta
0.0910224
t_GA - R_GA * R_AB * t_BA
-1.22494 0.195745 0.0712043
t_wo + t_wo_cam
-1.22606 0.189888 0.0735314
Time
1558546347283
Theta
0.0910224
t_GA - R_GA * R_AB * t_BA
-1.22494 0.195745 0.0712043
t_wo + t_wo_cam
-1.22494 0.195745 0.0712043
Time
1558546347308
Theta
0.0882511
t_GA - R_GA * R_AB * t_BA
-1.22494 0.195745 0.0712043
t_wo + t_wo_cam
-1.22494 0.195745 0.0712043
Time
1558546347332
Theta
0.0882511
t_GA - R_GA * R_AB * t_BA
-1.22494 0.195745 0.0712043
t_wo + t_wo_cam
-1.22494 0.195745 0.0712043
Time
1558546347357
Theta
0.0882511
t_GA - R_GA * R_AB * t_BA
-1.22278 0.204254 0.0709623
t_wo + t_wo_cam
-1.22494 0.195745 0.0712043
Time
1558546347381
Theta
0.0882511
t_GA - R_GA * R_AB * t_BA
-1.22278 0.204254 0.0709623
t_wo + t_wo_cam
-1.22278 0.204254 0.0709623
Time
1558546347406
Theta
0.0848944
t_GA - R_GA * R_AB * t_BA
-1.22278 0.204254 0.0709623
t_wo + t_wo_cam
-1.22278 0.204254 0.0709623
Time
1558546347426
Theta
0.0848944
t_GA - R_GA * R_AB * t_BA
-1.22493 0.195129 0.0711758
t_wo + t_wo_cam
-1.22278 0.204254 0.0709623
Time
1558546347451
Theta
0.0848944
t_GA - R_GA * R_AB * t_BA
-1.22493 0.195129 0.0711758
t_wo + t_wo_cam
-1.22493 0.195129 0.0711758
Time
1558546347476
Theta
0.0867739
t_GA - R_GA * R_AB * t_BA
-1.22493 0.195129 0.0711758
t_wo + t_wo_cam
-1.22493 0.195129 0.0711758
Time
1558546347500
Theta
0.0867739
t_GA - R_GA * R_AB * t_BA
-1.22493 0.195129 0.0711758
t_wo + t_wo_cam
-1.22493 0.195129 0.0711758
Time
1558546347525
Theta
0.0867739
t_GA - R_GA * R_AB * t_BA
-1.2251 0.194047 0.0696107
t_wo + t_wo_cam
-1.22493 0.195129 0.0711758
Time
1558546347549
Theta
0.0867739
t_GA - R_GA * R_AB * t_BA
-1.2251 0.194047 0.0696107
t_wo + t_wo_cam
-1.2251 0.194047 0.0696107
Time
1558546347570
Theta
0.0872593
t_GA - R_GA * R_AB * t_BA
-1.2251 0.194047 0.0696107
t_wo + t_wo_cam
-1.2251 0.194047 0.0696107
Time
1558546347594
Theta
0.0872593
t_GA - R_GA * R_AB * t_BA
-1.22454 0.195987 0.0694361
t_wo + t_wo_cam
-1.2251 0.194047 0.0696107
Time
1558546347619
Theta
0.0872593
t_GA - R_GA * R_AB * t_BA
-1.22454 0.195987 0.0694361
t_wo + t_wo_cam
-1.22454 0.195987 0.0694361
Time
1558546347643
Theta
0.0850602
t_GA - R_GA * R_AB * t_BA
-1.22454 0.195987 0.0694361
t_wo + t_wo_cam
-1.22454 0.195987 0.0694361
Time
1558546347668
Theta
0.0850602
t_GA - R_GA * R_AB * t_BA
-1.22454 0.195987 0.0694361
t_wo + t_wo_cam
-1.22454 0.195987 0.0694361
Time
1558546347693
Theta
0.0850602
t_GA - R_GA * R_AB * t_BA
-1.2271 0.188648 0.0687303
t_wo + t_wo_cam
-1.22454 0.195987 0.0694361
Time
1558546347713
Theta
0.0850602
t_GA - R_GA * R_AB * t_BA
-1.2271 0.188648 0.0687303
t_wo + t_wo_cam
-1.2271 0.188648 0.0687303
Time
1558546347738
Theta
0.0896755
t_GA - R_GA * R_AB * t_BA
-1.2271 0.188648 0.0687303
t_wo + t_wo_cam
-1.2271 0.188648 0.0687303
Time
1558546347762
Theta
0.0896755
t_GA - R_GA * R_AB * t_BA
-1.22717 0.190049 0.068613
t_wo + t_wo_cam
-1.2271 0.188648 0.0687303
Time
1558546347787
Theta
0.0896755
t_GA - R_GA * R_AB * t_BA
-1.22717 0.190049 0.068613
t_wo + t_wo_cam
-1.22717 0.190049 0.068613
Time
1558546347811
Theta
0.0895367
t_GA - R_GA * R_AB * t_BA
-1.22717 0.190049 0.068613
t_wo + t_wo_cam
-1.22717 0.190049 0.068613
Time
1558546347836
Theta
0.0895367
t_GA - R_GA * R_AB * t_BA
-1.22717 0.190049 0.068613
t_wo + t_wo_cam
-1.22717 0.190049 0.068613
Time
1558546347861
Theta
0.0895367
t_GA - R_GA * R_AB * t_BA
-1.22717 0.190049 0.068613
t_wo + t_wo_cam
-1.22717 0.190049 0.068613
Time
1558546347881
Theta
0.0895367
t_GA - R_GA * R_AB * t_BA
-1.2258 0.198299 0.0666978
t_wo + t_wo_cam
-1.2258 0.198299 0.0666978
Time
1558546347906
Theta
0.0895367
t_GA - R_GA * R_AB * t_BA
-1.2258 0.198299 0.0666978
t_wo + t_wo_cam
-1.2258 0.198299 0.0666978
Time
1558546347930
Theta
0.0840948
t_GA - R_GA * R_AB * t_BA
-1.2258 0.198299 0.0666978
t_wo + t_wo_cam
-1.2258 0.198299 0.0666978
Time
1558546347955
Theta
0.0840948
t_GA - R_GA * R_AB * t_BA
-1.22845 0.186511 0.0683705
t_wo + t_wo_cam
-1.2258 0.198299 0.0666978
Time
1558546347979
Theta
0.0840948
t_GA - R_GA * R_AB * t_BA
-1.22845 0.186511 0.0683705
t_wo + t_wo_cam
-1.22845 0.186511 0.0683705
Time
1558546348004
Theta
0.0893307
t_GA - R_GA * R_AB * t_BA
-1.22845 0.186511 0.0683705
t_wo + t_wo_cam
-1.22845 0.186511 0.0683705
Time
1558546348024
Theta
0.0893307
t_GA - R_GA * R_AB * t_BA
-1.22624 0.190069 0.0688672
t_wo + t_wo_cam
-1.22845 0.186511 0.0683705
Time
1558546348049
Theta
0.0893307
t_GA - R_GA * R_AB * t_BA
-1.22624 0.190069 0.0688672
t_wo + t_wo_cam
-1.22624 0.190069 0.0688672
Time
1558546348074
Theta
0.0873463
t_GA - R_GA * R_AB * t_BA
-1.22624 0.190069 0.0688672
t_wo + t_wo_cam
-1.22624 0.190069 0.0688672
Time
1558546348098
Theta
0.0873463
t_GA - R_GA * R_AB * t_BA
-1.22624 0.190069 0.0688672
t_wo + t_wo_cam
-1.22624 0.190069 0.0688672
Time
1558546348123
Theta
0.0873463
t_GA - R_GA * R_AB * t_BA
-1.22616 0.186916 0.0716891
t_wo + t_wo_cam
-1.22624 0.190069 0.0688672
Time
1558546348147
Theta
0.0873463
t_GA - R_GA * R_AB * t_BA
-1.22616 0.186916 0.0716891
t_wo + t_wo_cam
-1.22616 0.186916 0.0716891
Time
1558546348168
Theta
0.0887378
t_GA - R_GA * R_AB * t_BA
-1.22616 0.186916 0.0716891
t_wo + t_wo_cam
-1.22616 0.186916 0.0716891
Time
1558546348192
Theta
0.0887378
t_GA - R_GA * R_AB * t_BA
-1.22616 0.186916 0.0716891
t_wo + t_wo_cam
-1.22616 0.186916 0.0716891
Time
1558546348217
Theta
0.0887378
t_GA - R_GA * R_AB * t_BA
-1.2246 0.193822 0.0695889
t_wo + t_wo_cam
-1.22616 0.186916 0.0716891
Time
1558546348241
Theta
0.0887378
t_GA - R_GA * R_AB * t_BA
-1.2246 0.193822 0.0695889
t_wo + t_wo_cam
-1.2246 0.193822 0.0695889
Time
1558546348266
Theta
0.0845739
t_GA - R_GA * R_AB * t_BA
-1.2246 0.193822 0.0695889
t_wo + t_wo_cam
-1.2246 0.193822 0.0695889
Time
1558546348291
Theta
0.0845739
t_GA - R_GA * R_AB * t_BA
-1.2246 0.193822 0.0695889
t_wo + t_wo_cam
-1.2246 0.193822 0.0695889
Time
1558546348311
Theta
0.0845739
t_GA - R_GA * R_AB * t_BA
-1.22389 0.196121 0.0688902
t_wo + t_wo_cam
-1.2246 0.193822 0.0695889
Time
1558546348336
Theta
0.0845739
t_GA - R_GA * R_AB * t_BA
-1.22389 0.196121 0.0688902
t_wo + t_wo_cam
-1.22389 0.196121 0.0688902
Time
1558546348360
Theta
0.0826868
t_GA - R_GA * R_AB * t_BA
-1.22389 0.196121 0.0688902
t_wo + t_wo_cam
-1.22389 0.196121 0.0688902
Time
1558546348385
Theta
0.0826868
t_GA - R_GA * R_AB * t_BA
-1.22551 0.190005 0.0743181
t_wo + t_wo_cam
-1.22389 0.196121 0.0688902
Time
1558546348409
Theta
0.0826868
t_GA - R_GA * R_AB * t_BA
-1.22551 0.190005 0.0743181
t_wo + t_wo_cam
-1.22551 0.190005 0.0743181
Time
1558546348434
Theta
0.0843285
t_GA - R_GA * R_AB * t_BA
-1.22551 0.190005 0.0743181
t_wo + t_wo_cam
-1.22551 0.190005 0.0743181
Time
1558546348454
Theta
0.0843285
t_GA - R_GA * R_AB * t_BA
-1.22551 0.190005 0.0743181
t_wo + t_wo_cam
-1.22551 0.190005 0.0743181
Time
1558546348479
Theta
0.0843285
t_GA - R_GA * R_AB * t_BA
-1.22839 0.177515 0.0741888
t_wo + t_wo_cam
-1.22551 0.190005 0.0743181
Time
1558546348504
Theta
0.0843285
t_GA - R_GA * R_AB * t_BA
-1.22839 0.177515 0.0741888
t_wo + t_wo_cam
-1.22839 0.177515 0.0741888
Time
1558546348528
Theta
0.0894883
t_GA - R_GA * R_AB * t_BA
-1.22839 0.177515 0.0741888
t_wo + t_wo_cam
-1.22839 0.177515 0.0741888
Time
1558546348553
Theta
0.0894883
t_GA - R_GA * R_AB * t_BA
-1.22705 0.183384 0.0726011
t_wo + t_wo_cam
-1.22839 0.177515 0.0741888
Time
1558546348577
Theta
0.0894883
t_GA - R_GA * R_AB * t_BA
-1.22705 0.183384 0.0726011
t_wo + t_wo_cam
-1.22705 0.183384 0.0726011
Time
1558546348598
Theta
0.0861419
t_GA - R_GA * R_AB * t_BA
-1.22705 0.183384 0.0726011
t_wo + t_wo_cam
-1.22705 0.183384 0.0726011
Time
1558546348622
Theta
0.0861419
t_GA - R_GA * R_AB * t_BA
-1.22705 0.183384 0.0726011
t_wo + t_wo_cam
-1.22705 0.183384 0.0726011
Time
1558546348647
Theta
0.0861419
t_GA - R_GA * R_AB * t_BA
-1.23039 0.165427 0.0697604
t_wo + t_wo_cam
-1.22705 0.183384 0.0726011
Time
1558546348672
Theta
0.0861419
t_GA - R_GA * R_AB * t_BA
-1.23039 0.165427 0.0697604
t_wo + t_wo_cam
-1.23039 0.165427 0.0697604
Time
1558546348696
Theta
0.0949419
t_GA - R_GA * R_AB * t_BA
-1.23039 0.165427 0.0697604
t_wo + t_wo_cam
-1.23039 0.165427 0.0697604
Time
1558546348721
Theta
0.0949419
t_GA - R_GA * R_AB * t_BA
-1.23005 0.166256 0.0729326
t_wo + t_wo_cam
-1.23039 0.165427 0.0697604
Time
1558546348741
Theta
0.0949419
t_GA - R_GA * R_AB * t_BA
-1.23005 0.166256 0.0729326
t_wo + t_wo_cam
-1.23005 0.166256 0.0729326
Time
1558546348766
Theta
0.0944762
t_GA - R_GA * R_AB * t_BA
-1.23005 0.166256 0.0729326
t_wo + t_wo_cam
-1.23005 0.166256 0.0729326
Time
1558546348790
Theta
0.0944762
t_GA - R_GA * R_AB * t_BA
-1.23005 0.166256 0.0729326
t_wo + t_wo_cam
-1.23005 0.166256 0.0729326
Time
1558546348815
Theta
0.0944762
t_GA - R_GA * R_AB * t_BA
-1.22791 0.178559 0.0703598
t_wo + t_wo_cam
-1.23005 0.166256 0.0729326
Time
1558546348839
Theta
0.0944762
t_GA - R_GA * R_AB * t_BA
-1.22791 0.178559 0.0703598
t_wo + t_wo_cam
-1.22791 0.178559 0.0703598
Time
1558546348864
Theta
0.0877932
t_GA - R_GA * R_AB * t_BA
-1.22791 0.178559 0.0703598
t_wo + t_wo_cam
-1.22791 0.178559 0.0703598
Time
1558546348884
Theta
0.0877932
t_GA - R_GA * R_AB * t_BA
-1.22791 0.178559 0.0703598
t_wo + t_wo_cam
-1.22791 0.178559 0.0703598
Time
1558546348909
Theta
0.0877932
t_GA - R_GA * R_AB * t_BA
-1.22764 0.179202 0.068034
t_wo + t_wo_cam
-1.22791 0.178559 0.0703598
Time
1558546348934
Theta
0.0877932
t_GA - R_GA * R_AB * t_BA
-1.22764 0.179202 0.068034
t_wo + t_wo_cam
-1.22764 0.179202 0.068034
Time
1558546348958
Theta
0.0887853
t_GA - R_GA * R_AB * t_BA
-1.22764 0.179202 0.068034
t_wo + t_wo_cam
-1.22764 0.179202 0.068034
Time
1558546348983
Theta
0.0887853
t_GA - R_GA * R_AB * t_BA
-1.22563 0.183426 0.0742011
t_wo + t_wo_cam
-1.22764 0.179202 0.068034
Time
1558546349007
Theta
0.0887853
t_GA - R_GA * R_AB * t_BA
-1.22563 0.183426 0.0742011
t_wo + t_wo_cam
-1.22563 0.183426 0.0742011
Time
1558546349032
Theta
0.0850187
t_GA - R_GA * R_AB * t_BA
-1.22563 0.183426 0.0742011
t_wo + t_wo_cam
-1.22563 0.183426 0.0742011
Time
1558546349052
Theta
0.0850187
t_GA - R_GA * R_AB * t_BA
-1.22563 0.183426 0.0742011
t_wo + t_wo_cam
-1.22563 0.183426 0.0742011
Time
1558546349077
Theta
0.0850187
t_GA - R_GA * R_AB * t_BA
-1.22634 0.184436 0.0669962
t_wo + t_wo_cam
-1.22563 0.183426 0.0742011
Time
1558546349102
Theta
0.0850187
t_GA - R_GA * R_AB * t_BA
-1.22634 0.184436 0.0669962
t_wo + t_wo_cam
-1.22634 0.184436 0.0669962
Time
1558546349126
Theta
0.084243
t_GA - R_GA * R_AB * t_BA
-1.22634 0.184436 0.0669962
t_wo + t_wo_cam
-1.22634 0.184436 0.0669962
Time
1558546349151
Theta
0.084243
t_GA - R_GA * R_AB * t_BA
-1.22917 0.172649 0.0671458
t_wo + t_wo_cam
-1.22634 0.184436 0.0669962
Time
1558546349175
Theta
0.084243
t_GA - R_GA * R_AB * t_BA
-1.22917 0.172649 0.0671458
t_wo + t_wo_cam
-1.22917 0.172649 0.0671458
Time
1558546349196
Theta
0.0917765
t_GA - R_GA * R_AB * t_BA
-1.22917 0.172649 0.0671458
t_wo + t_wo_cam
-1.22917 0.172649 0.0671458
Time
1558546349220
Theta
0.0917765
t_GA - R_GA * R_AB * t_BA
-1.22917 0.172649 0.0671458
t_wo + t_wo_cam
-1.22917 0.172649 0.0671458
Time
1558546349245
Theta
0.0917765
t_GA - R_GA * R_AB * t_BA
-1.22917 0.172649 0.0671458
t_wo + t_wo_cam
-1.22917 0.172649 0.0671458
Time
1558546349269
Theta
0.0917765
t_GA - R_GA * R_AB * t_BA
-1.22726 0.182931 0.0681156
t_wo + t_wo_cam
-1.22917 0.172649 0.0671458
Time
1558546349294
Theta
0.0917765
t_GA - R_GA * R_AB * t_BA
-1.22726 0.182931 0.0681156
t_wo + t_wo_cam
-1.22726 0.182931 0.0681156
Time
1558546349319
Theta
0.0871605
t_GA - R_GA * R_AB * t_BA
-1.22726 0.182931 0.0681156
t_wo + t_wo_cam
-1.22726 0.182931 0.0681156
Time
1558546349339
Theta
0.0871605
t_GA - R_GA * R_AB * t_BA
-1.22726 0.182931 0.0681156
t_wo + t_wo_cam
-1.22726 0.182931 0.0681156
Time
1558546349364
Theta
0.0871605
t_GA - R_GA * R_AB * t_BA
-1.22561 0.185866 0.0679304
t_wo + t_wo_cam
-1.22726 0.182931 0.0681156
Time
1558546349388
Theta
0.0871605
t_GA - R_GA * R_AB * t_BA
-1.22561 0.185866 0.0679304
t_wo + t_wo_cam
-1.22561 0.185866 0.0679304
Time
1558546349413
Theta
0.0851924
t_GA - R_GA * R_AB * t_BA
-1.22561 0.185866 0.0679304
t_wo + t_wo_cam
-1.22561 0.185866 0.0679304
Time
1558546349437
Theta
0.0851924
t_GA - R_GA * R_AB * t_BA
-1.22561 0.185866 0.0679304
t_wo + t_wo_cam
-1.22561 0.185866 0.0679304
Time
1558546349462
Theta
0.0851924
t_GA - R_GA * R_AB * t_BA
-1.22566 0.182583 0.0723154
t_wo + t_wo_cam
-1.22566 0.182583 0.0723154
Time
1558546349482
Theta
0.0851924
t_GA - R_GA * R_AB * t_BA
-1.22566 0.182583 0.0723154
t_wo + t_wo_cam
-1.22566 0.182583 0.0723154
Time
1558546349507
Theta
0.0867886
t_GA - R_GA * R_AB * t_BA
-1.22566 0.182583 0.0723154
t_wo + t_wo_cam
-1.22566 0.182583 0.0723154
Time
1558546349532
Theta
0.0867886
t_GA - R_GA * R_AB * t_BA
-1.22739 0.176835 0.0747305
t_wo + t_wo_cam
-1.22566 0.182583 0.0723154
Time
1558546349556
Theta
0.0867886
t_GA - R_GA * R_AB * t_BA
-1.22739 0.176835 0.0747305
t_wo + t_wo_cam
-1.22739 0.176835 0.0747305
Time
1558546349581
Theta
0.0895941
t_GA - R_GA * R_AB * t_BA
-1.22739 0.176835 0.0747305
t_wo + t_wo_cam
-1.22739 0.176835 0.0747305
Time
1558546349605
Theta
0.0895941
t_GA - R_GA * R_AB * t_BA
-1.22729 0.1785 0.0688473
t_wo + t_wo_cam
-1.22739 0.176835 0.0747305
Time
1558546349626
Theta
0.0895941
t_GA - R_GA * R_AB * t_BA
-1.22729 0.1785 0.0688473
t_wo + t_wo_cam
-1.22729 0.1785 0.0688473
Time
1558546349650
Theta
0.0908364
t_GA - R_GA * R_AB * t_BA
-1.22729 0.1785 0.0688473
t_wo + t_wo_cam
-1.22729 0.1785 0.0688473
Time
1558546349675
Theta
0.0908364
t_GA - R_GA * R_AB * t_BA
-1.22729 0.1785 0.0688473
t_wo + t_wo_cam
-1.22729 0.1785 0.0688473
Time
1558546349700
Theta
0.0908364
t_GA - R_GA * R_AB * t_BA
-1.22808 0.171791 0.0743995
t_wo + t_wo_cam
-1.22729 0.1785 0.0688473
Time
1558546349724
Theta
0.0908364
t_GA - R_GA * R_AB * t_BA
-1.22808 0.171791 0.0743995
t_wo + t_wo_cam
-1.22808 0.171791 0.0743995
Time
1558546349749
Theta
0.093328
t_GA - R_GA * R_AB * t_BA
-1.22808 0.171791 0.0743995
t_wo + t_wo_cam
-1.22808 0.171791 0.0743995
Time
1558546349769
Theta
0.093328
t_GA - R_GA * R_AB * t_BA
-1.22592 0.182123 0.0685389
t_wo + t_wo_cam
-1.22808 0.171791 0.0743995
Time
1558546349794
Theta
0.093328
t_GA - R_GA * R_AB * t_BA
-1.22592 0.182123 0.0685389
t_wo + t_wo_cam
-1.22592 0.182123 0.0685389
Time
1558546349818
Theta
0.087708
t_GA - R_GA * R_AB * t_BA
-1.22592 0.182123 0.0685389
t_wo + t_wo_cam
-1.22592 0.182123 0.0685389
Time
1558546349843
Theta
0.087708
t_GA - R_GA * R_AB * t_BA
-1.22592 0.182123 0.0685389
t_wo + t_wo_cam
-1.22592 0.182123 0.0685389
Time
1558546349867
Theta
0.087708
t_GA - R_GA * R_AB * t_BA
-1.22758 0.174584 0.0741722
t_wo + t_wo_cam
-1.22592 0.182123 0.0685389
Time
1558546349892
Theta
0.087708
t_GA - R_GA * R_AB * t_BA
-1.22758 0.174584 0.0741722
t_wo + t_wo_cam
-1.22758 0.174584 0.0741722
Time
1558546349913
Theta
0.0897874
t_GA - R_GA * R_AB * t_BA
-1.22758 0.174584 0.0741722
t_wo + t_wo_cam
-1.22758 0.174584 0.0741722
Time
1558546349937
Theta
0.0897874
t_GA - R_GA * R_AB * t_BA
-1.22671 0.181244 0.0700004
t_wo + t_wo_cam
-1.22758 0.174584 0.0741722
Time
1558546349962
Theta
0.0897874
t_GA - R_GA * R_AB * t_BA
-1.22671 0.181244 0.0700004
t_wo + t_wo_cam
-1.22671 0.181244 0.0700004
Time
1558546349986
Theta
0.0863264
t_GA - R_GA * R_AB * t_BA
-1.22671 0.181244 0.0700004
t_wo + t_wo_cam
-1.22671 0.181244 0.0700004
Time
1558546350011
Theta
0.0863264
t_GA - R_GA * R_AB * t_BA
-1.22671 0.181244 0.0700004
t_wo + t_wo_cam
-1.22671 0.181244 0.0700004
Time
1558546350035
Theta
0.0863264
t_GA - R_GA * R_AB * t_BA
-1.226 0.182595 0.071142
t_wo + t_wo_cam
-1.22671 0.181244 0.0700004
Time
1558546350060
Theta
0.0863264
t_GA - R_GA * R_AB * t_BA
-1.226 0.182595 0.071142
t_wo + t_wo_cam
-1.226 0.182595 0.071142
Time
1558546350080
Theta
0.0865845
t_GA - R_GA * R_AB * t_BA
-1.226 0.182595 0.071142
t_wo + t_wo_cam
-1.226 0.182595 0.071142
Time
1558546350105
Theta
0.0865845
t_GA - R_GA * R_AB * t_BA
-1.22768 0.176345 0.0714463
t_wo + t_wo_cam
-1.226 0.182595 0.071142
Time
1558546350130
Theta
0.0865845
t_GA - R_GA * R_AB * t_BA
-1.22768 0.176345 0.0714463
t_wo + t_wo_cam
-1.22768 0.176345 0.0714463
Time
1558546350154
Theta
0.0870672
t_GA - R_GA * R_AB * t_BA
-1.22768 0.176345 0.0714463
t_wo + t_wo_cam
-1.22768 0.176345 0.0714463
Time
1558546350179
Theta
0.0870672
t_GA - R_GA * R_AB * t_BA
-1.22768 0.176345 0.0714463
t_wo + t_wo_cam
-1.22768 0.176345 0.0714463
Time
1558546350203
Theta
0.0870672
t_GA - R_GA * R_AB * t_BA
-1.22824 0.172759 0.0718932
t_wo + t_wo_cam
-1.22768 0.176345 0.0714463
Time
1558546350224
Theta
0.0870672
t_GA - R_GA * R_AB * t_BA
-1.22824 0.172759 0.0718932
t_wo + t_wo_cam
-1.22824 0.172759 0.0718932
Time
1558546350248
Theta
0.0893102
t_GA - R_GA * R_AB * t_BA
-1.22824 0.172759 0.0718932
t_wo + t_wo_cam
-1.22824 0.172759 0.0718932
Time
1558546350273
Theta
0.0893102
t_GA - R_GA * R_AB * t_BA
-1.22824 0.172759 0.0718932
t_wo + t_wo_cam
-1.22824 0.172759 0.0718932
Time
1558546350298
Theta
0.0893102
t_GA - R_GA * R_AB * t_BA
-1.22824 0.172759 0.0718932
t_wo + t_wo_cam
-1.22824 0.172759 0.0718932
Time
1558546350322
Theta
0.0893102
t_GA - R_GA * R_AB * t_BA
-1.22591 0.183157 0.0707776
t_wo + t_wo_cam
-1.22824 0.172759 0.0718932
Time
1558546350347
Theta
0.0893102
t_GA - R_GA * R_AB * t_BA
-1.22591 0.183157 0.0707776
t_wo + t_wo_cam
-1.22591 0.183157 0.0707776
Time
1558546350367
Theta
0.0834663
t_GA - R_GA * R_AB * t_BA
-1.22591 0.183157 0.0707776
t_wo + t_wo_cam
-1.22591 0.183157 0.0707776
Time
1558546350392
Theta
0.0834663
t_GA - R_GA * R_AB * t_BA
-1.22636 0.179094 0.0717198
t_wo + t_wo_cam
-1.22591 0.183157 0.0707776
Time
1558546350416
Theta
0.0834663
t_GA - R_GA * R_AB * t_BA
-1.22636 0.179094 0.0717198
t_wo + t_wo_cam
-1.22636 0.179094 0.0717198
Time
1558546350441
Theta
0.0848454
t_GA - R_GA * R_AB * t_BA
-1.22636 0.179094 0.0717198
t_wo + t_wo_cam
-1.22636 0.179094 0.0717198
Time
1558546350465
Theta
0.0848454
t_GA - R_GA * R_AB * t_BA
-1.22876 0.167753 0.0687407
t_wo + t_wo_cam
-1.22636 0.179094 0.0717198
Time
1558546350490
Theta
0.0848454
t_GA - R_GA * R_AB * t_BA
-1.22876 0.167753 0.0687407
t_wo + t_wo_cam
-1.22876 0.167753 0.0687407
Time
1558546350510
Theta
0.0898135
t_GA - R_GA * R_AB * t_BA
-1.22876 0.167753 0.0687407
t_wo + t_wo_cam
-1.22876 0.167753 0.0687407
Time
1558546350535
Theta
0.0898135
t_GA - R_GA * R_AB * t_BA
-1.22876 0.167753 0.0687407
t_wo + t_wo_cam
-1.22876 0.167753 0.0687407
Time
1558546350560
Theta
0.0898135
t_GA - R_GA * R_AB * t_BA
-1.22894 0.166339 0.0743852
t_wo + t_wo_cam
-1.22876 0.167753 0.0687407
Time
1558546350584
Theta
0.0898135
t_GA - R_GA * R_AB * t_BA
-1.22894 0.166339 0.0743852
t_wo + t_wo_cam
-1.22894 0.166339 0.0743852
Time
1558546350609
Theta
0.0896783
t_GA - R_GA * R_AB * t_BA
-1.22894 0.166339 0.0743852
t_wo + t_wo_cam
-1.22894 0.166339 0.0743852
Time
1558546350633
Theta
0.0896783
t_GA - R_GA * R_AB * t_BA
-1.2301 0.164932 0.0695617
t_wo + t_wo_cam
-1.22894 0.166339 0.0743852
Time
1558546350654
Theta
0.0896783
t_GA - R_GA * R_AB * t_BA
-1.2301 0.164932 0.0695617
t_wo + t_wo_cam
-1.2301 0.164932 0.0695617
Time
1558546350678
Theta
0.0896117
t_GA - R_GA * R_AB * t_BA
-1.2301 0.164932 0.0695617
t_wo + t_wo_cam
-1.2301 0.164932 0.0695617
Time
1558546350703
Theta
0.0896117
t_GA - R_GA * R_AB * t_BA
-1.2301 0.164932 0.0695617
t_wo + t_wo_cam
-1.2301 0.164932 0.0695617
Time
1558546350728
Theta
0.0896117
t_GA - R_GA * R_AB * t_BA
-0.875003 -3.70951 -3.86999
t_wo + t_wo_cam
-1.2301 0.164932 0.0695617
Time
1558546350752
Theta
0.0896117
