awdqwd
t_GA - R_GA * R_AB * t_BA
1558436451002 0 0 0
t_wo
1558436451003 0 0 0
Theta
0
t_GA - R_GA * R_AB * t_BA
1558436451004 0 0 0
t_wo
1558436451004 0.143394 -0.040321 0
Theta
-0.274113
t_GA - R_GA * R_AB * t_BA
1558436451006 0 0 0
t_wo
1558436451006 -0.0917405 -0.00143666 0
Theta
-0.163888
t_GA - R_GA * R_AB * t_BA
1558436457642 0 0 0
t_wo
1558436457642 0.137689 -0.0659503 0
Theta
-0.274113
t_GA - R_GA * R_AB * t_BA
1558436457644 0 0 0
t_wo
1558436457644 0.137689 -0.0659503 0
Theta
-0.274113
t_GA - R_GA * R_AB * t_BA
1558436457646 0 0 0
t_wo
1558436457646 0.137689 -0.0659503 0
Theta
-0.274113
t_GA - R_GA * R_AB * t_BA
1558436457647 0 0 0
t_wo
1558436457647 0.137689 -0.0659503 0
Theta
-0.274113
t_GA - R_GA * R_AB * t_BA
1558436468795 0 0 0
t_wo
1558436468795 0.137689 -0.0659503 0
Theta
-0.274113
