t_GA - R_GA * R_AB * t_BA
0 0 0
t_wo + cam_pos
0.9 0 0
Time
1558446317971
Theta
0
t_GA - R_GA * R_AB * t_BA
0 0 0
t_wo + cam_pos
0.9 0 0
Time
1558446318021
Theta
0
t_GA - R_GA * R_AB * t_BA
0 0 0
t_wo + cam_pos
0.9 0 0
Time
1558446318072
Theta
0
t_GA - R_GA * R_AB * t_BA
0 0 0
t_wo + cam_pos
0.9 0 0
Time
1558446318122
Theta
0
t_GA - R_GA * R_AB * t_BA
0 0 0
t_wo + cam_pos
0.9 0 0
Time
1558446318172
Theta
0
t_GA - R_GA * R_AB * t_BA
0 0 0
t_wo + cam_pos
0.9 0 0
Time
1558446318223
Theta
0
t_GA - R_GA * R_AB * t_BA
0 0 0
t_wo + cam_pos
0.9 0 0
Time
1558446318273
Theta
0
t_GA - R_GA * R_AB * t_BA
0 0 0
t_wo + cam_pos
0.9 0 0
Time
1558446318324
Theta
0
t_GA - R_GA * R_AB * t_BA
0 0 0
t_wo + cam_pos
0.9 0 0
Time
1558446318375
Theta
0
t_GA - R_GA * R_AB * t_BA
0 0 0
t_wo + cam_pos
0.9 0 0
Time
1558446318425
Theta
0
t_GA - R_GA * R_AB * t_BA
0 0 0
t_wo + cam_pos
0.9 0 0
Time
1558446318475
Theta
0
t_GA - R_GA * R_AB * t_BA
0 0 0
t_wo + cam_pos
0.9 0 0
Time
1558446318526
Theta
0
t_GA - R_GA * R_AB * t_BA
0 0 0
t_wo + cam_pos
0.9 0 0
Time
1558446318576
Theta
0
t_GA - R_GA * R_AB * t_BA
0 0 0
t_wo + cam_pos
0.9 0 0
Time
1558446318626
Theta
0
t_GA - R_GA * R_AB * t_BA
0 0 0
t_wo + cam_pos
0.9 0 0
Time
1558446318677
Theta
0
t_GA - R_GA * R_AB * t_BA
0 0 0
t_wo + cam_pos
0.9 0 0
Time
1558446318727
Theta
0
t_GA - R_GA * R_AB * t_BA
0 0 0
t_wo + cam_pos
0.9 0 0
Time
1558446318777
Theta
0
t_GA - R_GA * R_AB * t_BA
0 0 0
t_wo + cam_pos
0.9 0 0
Time
1558446318828
Theta
0
t_GA - R_GA * R_AB * t_BA
0 0 0
t_wo + cam_pos
0.9 0 0
Time
1558446318878
Theta
0
t_GA - R_GA * R_AB * t_BA
0 0 0
t_wo + cam_pos
0.9 0 0
Time
1558446318928
Theta
0
t_GA - R_GA * R_AB * t_BA
0 0 0
t_wo + cam_pos
0.9 0 0
Time
1558446318979
Theta
0
t_GA - R_GA * R_AB * t_BA
0 0 0
t_wo + cam_pos
0.9 0 0
Time
1558446319029
Theta
0
t_GA - R_GA * R_AB * t_BA
0 0 0
t_wo + cam_pos
0.9 0 0
Time
1558446319080
Theta
0
t_GA - R_GA * R_AB * t_BA
0 0 0
t_wo + cam_pos
0.9 0 0
Time
1558446319130
Theta
0
t_GA - R_GA * R_AB * t_BA
0 0 0
t_wo + cam_pos
0.9 0 0
Time
1558446319180
Theta
0
t_GA - R_GA * R_AB * t_BA
0 0 0
t_wo + cam_pos
0.9 0 0
Time
1558446319231
Theta
0
t_GA - R_GA * R_AB * t_BA
0 0 0
t_wo + cam_pos
0.9 0 0
Time
1558446319281
Theta
0
t_GA - R_GA * R_AB * t_BA
0 0 0
t_wo + cam_pos
0.9 0 0
Time
1558446319331
Theta
0
t_GA - R_GA * R_AB * t_BA
0 0 0
t_wo + cam_pos
0.9 0 0
Time
1558446319382
Theta
0
t_GA - R_GA * R_AB * t_BA
0 0 0
t_wo + cam_pos
0.9 0 0
Time
1558446319432
Theta
0
t_GA - R_GA * R_AB * t_BA
0 0 0
t_wo + cam_pos
0.9 0 0
Time
1558446319482
Theta
0
t_GA - R_GA * R_AB * t_BA
0 0 0
t_wo + cam_pos
0.9 0 0
Time
1558446319533
Theta
0
t_GA - R_GA * R_AB * t_BA
0 0 0
t_wo + cam_pos
0.9 0 0
Time
1558446319583
Theta
0
t_GA - R_GA * R_AB * t_BA
0 0 0
t_wo + cam_pos
0.9 0 0
Time
1558446319633
Theta
0
t_GA - R_GA * R_AB * t_BA
0 0 0
t_wo + cam_pos
0.9 0 0
Time
1558446319684
Theta
0
t_GA - R_GA * R_AB * t_BA
0 0 0
t_wo + cam_pos
0.9 0 0
Time
1558446319734
Theta
0
t_GA - R_GA * R_AB * t_BA
0 0 0
t_wo + cam_pos
0.9 0 0
Time
1558446319784
Theta
0
t_GA - R_GA * R_AB * t_BA
0 0 0
t_wo + cam_pos
0.9 0 0
Time
1558446319835
Theta
0
t_GA - R_GA * R_AB * t_BA
0 0 0
t_wo + cam_pos
0.9 0 0
Time
1558446319885
Theta
0
t_GA - R_GA * R_AB * t_BA
0 0 0
t_wo + cam_pos
0.9 0 0
Time
1558446319936
Theta
0
t_GA - R_GA * R_AB * t_BA
0 0 0
t_wo + cam_pos
0.9 0 0
Time
1558446319986
Theta
0
t_GA - R_GA * R_AB * t_BA
0 0 0
t_wo + cam_pos
0.9 0 0
Time
1558446320036
Theta
0
t_GA - R_GA * R_AB * t_BA
0 0 0
t_wo + cam_pos
0.9 0 0
Time
1558446320087
Theta
0
t_GA - R_GA * R_AB * t_BA
0 0 0
t_wo + cam_pos
0.9 0 0
Time
1558446320137
Theta
0
t_GA - R_GA * R_AB * t_BA
0 0 0
t_wo + cam_pos
0.9 0 0
Time
1558446320188
Theta
0
t_GA - R_GA * R_AB * t_BA
0 0 0
t_wo + cam_pos
0.9 0 0
Time
1558446320238
Theta
0
t_GA - R_GA * R_AB * t_BA
0 0 0
t_wo + cam_pos
0.9 0 0
Time
1558446320288
Theta
0
t_GA - R_GA * R_AB * t_BA
0 0 0
t_wo + cam_pos
0.9 0 0
Time
1558446320339
Theta
0
t_GA - R_GA * R_AB * t_BA
0 0 0
t_wo + cam_pos
0.9 0 0
Time
1558446320389
Theta
0
t_GA - R_GA * R_AB * t_BA
0 0 0
t_wo + cam_pos
0.9 0 0
Time
1558446320440
Theta
0
t_GA - R_GA * R_AB * t_BA
0 0 0
t_wo + cam_pos
0.9 0 0
Time
1558446320491
Theta
0
t_GA - R_GA * R_AB * t_BA
0 0 0
t_wo + cam_pos
0.9 0 0
Time
1558446320541
Theta
0
t_GA - R_GA * R_AB * t_BA
0 0 0
t_wo + cam_pos
0.9 0 0
Time
1558446320592
Theta
0
t_GA - R_GA * R_AB * t_BA
0 0 0
t_wo + cam_pos
0.9 0 0
Time
1558446320642
Theta
0
t_GA - R_GA * R_AB * t_BA
0 0 0
t_wo + cam_pos
0.9 0 0
Time
1558446320692
Theta
0
t_GA - R_GA * R_AB * t_BA
0 0 0
t_wo + cam_pos
0.9 0 0
Time
1558446320743
Theta
0
t_GA - R_GA * R_AB * t_BA
0 0 0
t_wo + cam_pos
0.9 0 0
Time
1558446320793
Theta
0
t_GA - R_GA * R_AB * t_BA
0 0 0
t_wo + cam_pos
0.9 0 0
Time
1558446320843
Theta
0
t_GA - R_GA * R_AB * t_BA
0 0 0
t_wo + cam_pos
0.9 0 0
Time
1558446320893
Theta
0
t_GA - R_GA * R_AB * t_BA
0 0 0
t_wo + cam_pos
0.9 0 0
Time
1558446320944
Theta
0
t_GA - R_GA * R_AB * t_BA
0 0 0
t_wo + cam_pos
0.9 0 0
Time
1558446320994
Theta
0
t_GA - R_GA * R_AB * t_BA
0 0 0
t_wo + cam_pos
0.9 0 0
Time
1558446321044
Theta
0
t_GA - R_GA * R_AB * t_BA
0 0 0
t_wo + cam_pos
0.9 0 0
Time
1558446321095
Theta
0
t_GA - R_GA * R_AB * t_BA
0 0 0
t_wo + cam_pos
0.9 0 0
Time
1558446321145
Theta
0
t_GA - R_GA * R_AB * t_BA
0 0 0
t_wo + cam_pos
0.9 0 0
Time
1558446321196
Theta
0
t_GA - R_GA * R_AB * t_BA
0 0 0
t_wo + cam_pos
0.9 0 0
Time
1558446321246
Theta
0
t_GA - R_GA * R_AB * t_BA
0 0 0
t_wo + cam_pos
0.9 0 0
Time
1558446321296
Theta
0
t_GA - R_GA * R_AB * t_BA
0 0 0
t_wo + cam_pos
0.9 0 0
Time
1558446321347
Theta
0
t_GA - R_GA * R_AB * t_BA
0 0 0
t_wo + cam_pos
0.9 0 0
Time
1558446321397
Theta
0
t_GA - R_GA * R_AB * t_BA
0 0 0
t_wo + cam_pos
0.9 0 0
Time
1558446321448
Theta
0
t_GA - R_GA * R_AB * t_BA
0 0 0
t_wo + cam_pos
0.9 0 0
Time
1558446321498
Theta
0
t_GA - R_GA * R_AB * t_BA
0 0 0
t_wo + cam_pos
0.9 0 0
Time
1558446321548
Theta
0
t_GA - R_GA * R_AB * t_BA
0 0 0
t_wo + cam_pos
0.9 0 0
Time
1558446321599
Theta
0
t_GA - R_GA * R_AB * t_BA
0 0 0
t_wo + cam_pos
0.9 0 0
Time
1558446321649
Theta
0
t_GA - R_GA * R_AB * t_BA
0 0 0
t_wo + cam_pos
0.9 0 0
Time
1558446321699
Theta
0
t_GA - R_GA * R_AB * t_BA
0 0 0
t_wo + cam_pos
0.9 0 0
Time
1558446321750
Theta
0
t_GA - R_GA * R_AB * t_BA
0 0 0
t_wo + cam_pos
0.9 0 0
Time
1558446321800
Theta
0
t_GA - R_GA * R_AB * t_BA
0 0 0
t_wo + cam_pos
0.9 0 0
Time
1558446321850
Theta
0
t_GA - R_GA * R_AB * t_BA
0 0 0
t_wo + cam_pos
0.9 0 0
Time
1558446321901
Theta
0
t_GA - R_GA * R_AB * t_BA
0 0 0
t_wo + cam_pos
0.9 0 0
Time
1558446321951
Theta
0
t_GA - R_GA * R_AB * t_BA
0 0 0
t_wo + cam_pos
0.9 0 0
Time
1558446322001
Theta
0
t_GA - R_GA * R_AB * t_BA
0 0 0
t_wo + cam_pos
0.9 0 0
Time
1558446322052
Theta
0
t_GA - R_GA * R_AB * t_BA
0 0 0
t_wo + cam_pos
0.9 0 0
Time
1558446322102
Theta
0
t_GA - R_GA * R_AB * t_BA
0 0 0
t_wo + cam_pos
0.9 0 0
Time
1558446322152
Theta
0
t_GA - R_GA * R_AB * t_BA
0 0 0
t_wo + cam_pos
0.9 0 0
Time
1558446322203
Theta
0
t_GA - R_GA * R_AB * t_BA
0 0 0
t_wo + cam_pos
0.9 0 0
Time
1558446322253
Theta
0
t_GA - R_GA * R_AB * t_BA
0 0 0
t_wo + cam_pos
0.9 0 0
Time
1558446322303
Theta
0
t_GA - R_GA * R_AB * t_BA
0 0 0
t_wo + cam_pos
0.9 0 0
Time
1558446322354
Theta
0
t_GA - R_GA * R_AB * t_BA
0 0 0
t_wo + cam_pos
0.9 0 0
Time
1558446322404
Theta
0
t_GA - R_GA * R_AB * t_BA
0 0 0
t_wo + cam_pos
0.9 0 0
Time
1558446322454
Theta
0
t_GA - R_GA * R_AB * t_BA
0 0 0
t_wo + cam_pos
0.9 0 0
Time
1558446322505
Theta
0
t_GA - R_GA * R_AB * t_BA
0 0 0
t_wo + cam_pos
0.9 0 0
Time
1558446322555
Theta
0
t_GA - R_GA * R_AB * t_BA
0 0 0
t_wo + cam_pos
0.9 0 0
Time
1558446322606
Theta
0
t_GA - R_GA * R_AB * t_BA
0 0 0
t_wo + cam_pos
0.9 0 0
Time
1558446322656
Theta
0
t_GA - R_GA * R_AB * t_BA
0 0 0
t_wo + cam_pos
0.9 0 0
Time
1558446322706
Theta
0
t_GA - R_GA * R_AB * t_BA
0 0 0
t_wo + cam_pos
0.9 0 0
Time
1558446322757
Theta
0
t_GA - R_GA * R_AB * t_BA
0 0 0
t_wo + cam_pos
0.9 0 0
Time
1558446322807
Theta
0
t_GA - R_GA * R_AB * t_BA
0 0 0
t_wo + cam_pos
0.9 0 0
Time
1558446322857
Theta
0
t_GA - R_GA * R_AB * t_BA
0 0 0
t_wo + cam_pos
0.9 0 0
Time
1558446322908
Theta
0
t_GA - R_GA * R_AB * t_BA
0 0 0
t_wo + cam_pos
0.9 0 0
Time
1558446322958
Theta
0
t_GA - R_GA * R_AB * t_BA
0 0 0
t_wo + cam_pos
0.9 0 0
Time
1558446323008
Theta
0
t_GA - R_GA * R_AB * t_BA
0 0 0
t_wo + cam_pos
0.9 0 0
Time
1558446323059
Theta
0
t_GA - R_GA * R_AB * t_BA
0 0 0
t_wo + cam_pos
0.9 0 0
Time
1558446323109
Theta
0
t_GA - R_GA * R_AB * t_BA
0 0 0
t_wo + cam_pos
0.9 0 0
Time
1558446323159
Theta
0
t_GA - R_GA * R_AB * t_BA
0 0 0
t_wo + cam_pos
0.9 0 0
Time
1558446323209
Theta
0
t_GA - R_GA * R_AB * t_BA
0 0 0
t_wo + cam_pos
0.9 0 0
Time
1558446323260
Theta
0
t_GA - R_GA * R_AB * t_BA
0 0 0
t_wo + cam_pos
0.9 0 0
Time
1558446323310
Theta
0
t_GA - R_GA * R_AB * t_BA
0 0 0
t_wo + cam_pos
0.9 0 0
Time
1558446323361
Theta
0
t_GA - R_GA * R_AB * t_BA
0 0 0
t_wo + cam_pos
0.9 0 0
Time
1558446323411
Theta
0
t_GA - R_GA * R_AB * t_BA
0 0 0
t_wo + cam_pos
0.9 0 0
Time
1558446323461
Theta
0
t_GA - R_GA * R_AB * t_BA
0 0 0
t_wo + cam_pos
0.9 0 0
Time
1558446323512
Theta
0
t_GA - R_GA * R_AB * t_BA
0 0 0
t_wo + cam_pos
0.9 0 0
Time
1558446323562
Theta
0
t_GA - R_GA * R_AB * t_BA
0 0 0
t_wo + cam_pos
0.9 0 0
Time
1558446323612
Theta
0
t_GA - R_GA * R_AB * t_BA
0 0 0
t_wo + cam_pos
0.9 0 0
Time
1558446323663
Theta
0
t_GA - R_GA * R_AB * t_BA
0 0 0
t_wo + cam_pos
0.9 0 0
Time
1558446323713
Theta
0
t_GA - R_GA * R_AB * t_BA
0 0 0
t_wo + cam_pos
0.9 0 0
Time
1558446323764
Theta
0
t_GA - R_GA * R_AB * t_BA
0 0 0
t_wo + cam_pos
0.9 0 0
Time
1558446323814
Theta
0
t_GA - R_GA * R_AB * t_BA
0 0 0
t_wo + cam_pos
0.9 0 0
Time
1558446323864
Theta
0
t_GA - R_GA * R_AB * t_BA
0 0 0
t_wo + cam_pos
0.9 0 0
Time
1558446323915
Theta
0
t_GA - R_GA * R_AB * t_BA
0 0 0
t_wo + cam_pos
0.9 0 0
Time
1558446323965
Theta
0
t_GA - R_GA * R_AB * t_BA
0 0 0
t_wo + cam_pos
0.9 0 0
Time
1558446324015
Theta
0
t_GA - R_GA * R_AB * t_BA
0 0 0
t_wo + cam_pos
0.9 0 0
Time
1558446324066
Theta
0
t_GA - R_GA * R_AB * t_BA
0 0 0
t_wo + cam_pos
0.9 0 0
Time
1558446324116
Theta
0
t_GA - R_GA * R_AB * t_BA
0 0 0
t_wo + cam_pos
0.9 0 0
Time
1558446324166
Theta
0
t_GA - R_GA * R_AB * t_BA
0 0 0
t_wo + cam_pos
0.9 0 0
Time
1558446324217
Theta
0
t_GA - R_GA * R_AB * t_BA
0 0 0
t_wo + cam_pos
0.9 0 0
Time
1558446324267
Theta
0
t_GA - R_GA * R_AB * t_BA
0 0 0
t_wo + cam_pos
0.9 0 0
Time
1558446324317
Theta
0
t_GA - R_GA * R_AB * t_BA
0 0 0
t_wo + cam_pos
0.9 0 0
Time
1558446324368
Theta
0
t_GA - R_GA * R_AB * t_BA
0 0 0
t_wo + cam_pos
0.9 0 0
Time
1558446324418
Theta
0
t_GA - R_GA * R_AB * t_BA
0 0 0
t_wo + cam_pos
0.9 0 0
Time
1558446324469
Theta
0
t_GA - R_GA * R_AB * t_BA
0 0 0
t_wo + cam_pos
0.9 0 0
Time
1558446324519
Theta
0
t_GA - R_GA * R_AB * t_BA
0 0 0
t_wo + cam_pos
0.9 0 0
Time
1558446324569
Theta
0
t_GA - R_GA * R_AB * t_BA
0 0 0
t_wo + cam_pos
0.9 0 0
Time
1558446324620
Theta
0
t_GA - R_GA * R_AB * t_BA
0 0 0
t_wo + cam_pos
0.9 0 0
Time
1558446324670
Theta
0
t_GA - R_GA * R_AB * t_BA
0 0 0
t_wo + cam_pos
0.9 0 0
Time
1558446324720
Theta
0
t_GA - R_GA * R_AB * t_BA
0 0 0
t_wo + cam_pos
0.9 0 0
Time
1558446324771
Theta
0
t_GA - R_GA * R_AB * t_BA
0 0 0
t_wo + cam_pos
0.9 0 0
Time
1558446324821
Theta
0
t_GA - R_GA * R_AB * t_BA
0 0 0
t_wo + cam_pos
0.9 0 0
Time
1558446324871
Theta
0
t_GA - R_GA * R_AB * t_BA
0 0 0
t_wo + cam_pos
0.9 0 0
Time
1558446324922
Theta
0
t_GA - R_GA * R_AB * t_BA
0 0 0
t_wo + cam_pos
0.9 0 0
Time
1558446324972
Theta
0
t_GA - R_GA * R_AB * t_BA
0 0 0
t_wo + cam_pos
0.9 0 0
Time
1558446325023
Theta
0
t_GA - R_GA * R_AB * t_BA
0 0 0
t_wo + cam_pos
0.9 0 0
Time
1558446325073
Theta
0
t_GA - R_GA * R_AB * t_BA
0 0 0
t_wo + cam_pos
0.9 0 0
Time
1558446325124
Theta
0
t_GA - R_GA * R_AB * t_BA
0 0 0
t_wo + cam_pos
0.9 0 0
Time
1558446325174
Theta
0
t_GA - R_GA * R_AB * t_BA
0 0 0
t_wo + cam_pos
0.9 0 0
Time
1558446325224
Theta
0
t_GA - R_GA * R_AB * t_BA
0 0 0
t_wo + cam_pos
0.9 0 0
Time
1558446325275
Theta
0
t_GA - R_GA * R_AB * t_BA
0 0 0
t_wo + cam_pos
0.9 0 0
Time
1558446325325
Theta
0
t_GA - R_GA * R_AB * t_BA
0 0 0
t_wo + cam_pos
0.9 0 0
Time
1558446325375
Theta
0
t_GA - R_GA * R_AB * t_BA
0 0 0
t_wo + cam_pos
0.9 0 0
Time
1558446325426
Theta
0
t_GA - R_GA * R_AB * t_BA
0 0 0
t_wo + cam_pos
0.9 0 0
Time
1558446325476
Theta
0
t_GA - R_GA * R_AB * t_BA
0 0 0
t_wo + cam_pos
0.9 0 0
Time
1558446325527
Theta
0
t_GA - R_GA * R_AB * t_BA
0 0 0
t_wo + cam_pos
0.9 0 0
Time
1558446325577
Theta
0
t_GA - R_GA * R_AB * t_BA
0 0 0
t_wo + cam_pos
0.9 0 0
Time
1558446325627
Theta
0
t_GA - R_GA * R_AB * t_BA
0 0 0
t_wo + cam_pos
0.9 0 0
Time
1558446325678
Theta
0
t_GA - R_GA * R_AB * t_BA
0 0 0
t_wo + cam_pos
0.9 0 0
Time
1558446325728
Theta
0
t_GA - R_GA * R_AB * t_BA
0 0 0
t_wo + cam_pos
0.9 0 0
Time
1558446325778
Theta
0
t_GA - R_GA * R_AB * t_BA
0 0 0
t_wo + cam_pos
0.9 0 0
Time
1558446325829
Theta
0
t_GA - R_GA * R_AB * t_BA
0 0 0
t_wo + cam_pos
0.9 0 0
Time
1558446325879
Theta
0
t_GA - R_GA * R_AB * t_BA
0 0 0
t_wo + cam_pos
0.9 0 0
Time
1558446325929
Theta
0
t_GA - R_GA * R_AB * t_BA
0 0 0
t_wo + cam_pos
0.9 0 0
Time
1558446325980
Theta
0
t_GA - R_GA * R_AB * t_BA
0 0 0
t_wo + cam_pos
0.9 0 0
Time
1558446326030
Theta
0
t_GA - R_GA * R_AB * t_BA
0 0 0
t_wo + cam_pos
0.9 0 0
Time
1558446326080
Theta
0
t_GA - R_GA * R_AB * t_BA
0 0 0
t_wo + cam_pos
0.9 0 0
Time
1558446326131
Theta
0
t_GA - R_GA * R_AB * t_BA
0 0 0
t_wo + cam_pos
0.9 0 0
Time
1558446326181
Theta
0
t_GA - R_GA * R_AB * t_BA
0 0 0
t_wo + cam_pos
0.9 0 0
Time
1558446326232
Theta
0
t_GA - R_GA * R_AB * t_BA
0 0 0
t_wo + cam_pos
0.9 0 0
Time
1558446326282
Theta
0
t_GA - R_GA * R_AB * t_BA
0 0 0
t_wo + cam_pos
1.00979 0.283945 0
Time
1558446326332
Theta
0.274113
t_GA - R_GA * R_AB * t_BA
0 0 0
t_wo + cam_pos
1.00979 0.283945 0
Time
1558446326383
Theta
0.274113
t_GA - R_GA * R_AB * t_BA
0 0 0
t_wo + cam_pos
1.00979 0.283945 0
Time
1558446326433
Theta
0.274113
t_GA - R_GA * R_AB * t_BA
0 0 0
t_wo + cam_pos
1.00979 0.283945 0
Time
1558446326483
Theta
0.274113
t_GA - R_GA * R_AB * t_BA
0 0 0
t_wo + cam_pos
1.00979 0.283945 0
Time
1558446326534
Theta
0.274113
t_GA - R_GA * R_AB * t_BA
0 0 0
t_wo + cam_pos
1.03862 0.587009 0
Time
1558446326584
Theta
0.548226
t_GA - R_GA * R_AB * t_BA
0 0 0
t_wo + cam_pos
1.03862 0.587009 0
Time
1558446326635
Theta
0.548226
t_GA - R_GA * R_AB * t_BA
0 0 0
t_wo + cam_pos
1.03862 0.587009 0
Time
1558446326686
Theta
0.548226
t_GA - R_GA * R_AB * t_BA
0 0 0
t_wo + cam_pos
1.03862 0.587009 0
Time
1558446326736
Theta
0.548226
t_GA - R_GA * R_AB * t_BA
0 0 0
t_wo + cam_pos
1.03862 0.587009 0
Time
1558446326786
Theta
0.548226
t_GA - R_GA * R_AB * t_BA
0 0 0
t_wo + cam_pos
1.03862 0.587009 0
Time
1558446326837
Theta
0.548226
t_GA - R_GA * R_AB * t_BA
0 0 0
t_wo + cam_pos
1.03862 0.587009 0
Time
1558446326887
Theta
0.548226
t_GA - R_GA * R_AB * t_BA
0 0 0
t_wo + cam_pos
1.03862 0.587009 0
Time
1558446326938
Theta
0.548226
t_GA - R_GA * R_AB * t_BA
0 0 0
t_wo + cam_pos
1.03862 0.587009 0
Time
1558446326988
Theta
0.548226
t_GA - R_GA * R_AB * t_BA
0 0 0
t_wo + cam_pos
1.03862 0.587009 0
Time
1558446327038
Theta
0.548226
t_GA - R_GA * R_AB * t_BA
0 0 0
t_wo + cam_pos
1.03862 0.587009 0
Time
1558446327089
Theta
0.548226
t_GA - R_GA * R_AB * t_BA
0 0 0
t_wo + cam_pos
1.03862 0.587009 0
Time
1558446327139
Theta
0.548226
t_GA - R_GA * R_AB * t_BA
0 0 0
t_wo + cam_pos
1.03862 0.587009 0
Time
1558446327189
Theta
0.548226
t_GA - R_GA * R_AB * t_BA
0 0 0
t_wo + cam_pos
1.03862 0.587009 0
Time
1558446327240
Theta
0.548226
t_GA - R_GA * R_AB * t_BA
0 0 0
t_wo + cam_pos
1.03862 0.587009 0
Time
1558446327290
Theta
0.548226
t_GA - R_GA * R_AB * t_BA
0 0 0
t_wo + cam_pos
1.03862 0.587009 0
Time
1558446327340
Theta
0.548226
t_GA - R_GA * R_AB * t_BA
0 0 0
t_wo + cam_pos
1.03862 0.587009 0
Time
1558446327391
Theta
0.548226
t_GA - R_GA * R_AB * t_BA
0 0 0
t_wo + cam_pos
1.03862 0.587009 0
Time
1558446327441
Theta
0.548226
t_GA - R_GA * R_AB * t_BA
0 0 0
t_wo + cam_pos
1.03862 0.587009 0
Time
1558446327491
Theta
0.548226
t_GA - R_GA * R_AB * t_BA
0 0 0
t_wo + cam_pos
1.03862 0.587009 0
Time
1558446327542
Theta
0.548226
t_GA - R_GA * R_AB * t_BA
0 0 0
t_wo + cam_pos
1.03862 0.587009 0
Time
1558446327592
Theta
0.548226
t_GA - R_GA * R_AB * t_BA
0 0 0
t_wo + cam_pos
1.03862 0.587009 0
Time
1558446327642
Theta
0.548226
t_GA - R_GA * R_AB * t_BA
0 0 0
t_wo + cam_pos
1.03862 0.587009 0
Time
1558446327693
Theta
0.548226
t_GA - R_GA * R_AB * t_BA
0 0 0
t_wo + cam_pos
1.03862 0.587009 0
Time
1558446327743
Theta
0.548226
t_GA - R_GA * R_AB * t_BA
0 0 0
t_wo + cam_pos
1.03862 0.587009 0
Time
1558446327794
Theta
0.548226
t_GA - R_GA * R_AB * t_BA
0 0 0
t_wo + cam_pos
1.03862 0.587009 0
Time
1558446327844
Theta
0.548226
t_GA - R_GA * R_AB * t_BA
0 0 0
t_wo + cam_pos
1.03862 0.587009 0
Time
1558446327894
Theta
0.548226
t_GA - R_GA * R_AB * t_BA
0 0 0
t_wo + cam_pos
1.03862 0.587009 0
Time
1558446327945
Theta
0.548226
t_GA - R_GA * R_AB * t_BA
0 0 0
t_wo + cam_pos
1.03862 0.587009 0
Time
1558446327995
Theta
0.548226
t_GA - R_GA * R_AB * t_BA
0 0 0
t_wo + cam_pos
1.03862 0.587009 0
Time
1558446328045
Theta
0.548226
t_GA - R_GA * R_AB * t_BA
0 0 0
t_wo + cam_pos
1.03862 0.587009 0
Time
1558446328096
Theta
0.548226
t_GA - R_GA * R_AB * t_BA
0 0 0
t_wo + cam_pos
1.03862 0.587009 0
Time
1558446328146
Theta
0.548226
t_GA - R_GA * R_AB * t_BA
0 0 0
t_wo + cam_pos
1.03862 0.587009 0
Time
1558446328197
Theta
0.548226
t_GA - R_GA * R_AB * t_BA
0 0 0
t_wo + cam_pos
1.03862 0.587009 0
Time
1558446328247
Theta
0.548226
t_GA - R_GA * R_AB * t_BA
0 0 0
t_wo + cam_pos
1.03862 0.587009 0
Time
1558446328297
Theta
0.548226
t_GA - R_GA * R_AB * t_BA
0 0 0
t_wo + cam_pos
1.03862 0.587009 0
Time
1558446328348
Theta
0.548226
t_GA - R_GA * R_AB * t_BA
0 0 0
t_wo + cam_pos
1.03862 0.587009 0
Time
1558446328398
Theta
0.548226
t_GA - R_GA * R_AB * t_BA
0 0 0
t_wo + cam_pos
1.03862 0.587009 0
Time
1558446328448
Theta
0.548226
t_GA - R_GA * R_AB * t_BA
0 0 0
t_wo + cam_pos
1.03862 0.587009 0
Time
1558446328499
Theta
0.548226
t_GA - R_GA * R_AB * t_BA
0 0 0
t_wo + cam_pos
1.03862 0.587009 0
Time
1558446328549
Theta
0.548226
t_GA - R_GA * R_AB * t_BA
0 0 0
t_wo + cam_pos
1.03862 0.587009 0
Time
1558446328600
Theta
0.548226
t_GA - R_GA * R_AB * t_BA
0 0 0
t_wo + cam_pos
1.03862 0.587009 0
Time
1558446328650
Theta
0.548226
t_GA - R_GA * R_AB * t_BA
0 0 0
t_wo + cam_pos
1.03862 0.587009 0
Time
1558446328700
Theta
0.548226
t_GA - R_GA * R_AB * t_BA
0 0 0
t_wo + cam_pos
1.03862 0.587009 0
Time
1558446328751
Theta
0.548226
t_GA - R_GA * R_AB * t_BA
0 0 0
t_wo + cam_pos
1.03862 0.587009 0
Time
1558446328801
Theta
0.548226
t_GA - R_GA * R_AB * t_BA
0 0 0
t_wo + cam_pos
1.03862 0.587009 0
Time
1558446328851
Theta
0.548226
t_GA - R_GA * R_AB * t_BA
0 0 0
t_wo + cam_pos
1.03862 0.587009 0
Time
1558446328902
Theta
0.548226
t_GA - R_GA * R_AB * t_BA
0 0 0
t_wo + cam_pos
1.03862 0.587009 0
Time
1558446328952
Theta
0.548226
t_GA - R_GA * R_AB * t_BA
0 0 0
t_wo + cam_pos
1.03862 0.587009 0
Time
1558446329003
Theta
0.548226
t_GA - R_GA * R_AB * t_BA
0 0 0
t_wo + cam_pos
1.03862 0.587009 0
Time
1558446329053
Theta
0.548226
t_GA - R_GA * R_AB * t_BA
0 0 0
t_wo + cam_pos
1.03862 0.587009 0
Time
1558446329103
Theta
0.548226
t_GA - R_GA * R_AB * t_BA
0 0 0
t_wo + cam_pos
1.03862 0.587009 0
Time
1558446329154
Theta
0.548226
t_GA - R_GA * R_AB * t_BA
0 0 0
t_wo + cam_pos
1.03862 0.587009 0
Time
1558446329204
Theta
0.548226
t_GA - R_GA * R_AB * t_BA
0 0 0
t_wo + cam_pos
1.03862 0.587009 0
Time
1558446329255
Theta
0.548226
t_GA - R_GA * R_AB * t_BA
0 0 0
t_wo + cam_pos
1.03862 0.587009 0
Time
1558446329305
Theta
0.548226
t_GA - R_GA * R_AB * t_BA
0 0 0
t_wo + cam_pos
1.03862 0.587009 0
Time
1558446329356
Theta
0.548226
t_GA - R_GA * R_AB * t_BA
0 0 0
t_wo + cam_pos
1.03862 0.587009 0
Time
1558446329406
Theta
0.548226
t_GA - R_GA * R_AB * t_BA
0 0 0
t_wo + cam_pos
1.03862 0.587009 0
Time
1558446329456
Theta
0.548226
t_GA - R_GA * R_AB * t_BA
0 0 0
t_wo + cam_pos
1.03862 0.587009 0
Time
1558446329507
Theta
0.548226
t_GA - R_GA * R_AB * t_BA
0 0 0
t_wo + cam_pos
1.03862 0.587009 0
Time
1558446329557
Theta
0.548226
t_GA - R_GA * R_AB * t_BA
0 0 0
t_wo + cam_pos
1.03862 0.587009 0
Time
1558446329607
Theta
0.548226
t_GA - R_GA * R_AB * t_BA
0 0 0
t_wo + cam_pos
1.03862 0.587009 0
Time
1558446329658
Theta
0.548226
t_GA - R_GA * R_AB * t_BA
0 0 0
t_wo + cam_pos
1.03862 0.587009 0
Time
1558446329708
Theta
0.548226
t_GA - R_GA * R_AB * t_BA
0 0 0
t_wo + cam_pos
1.03862 0.587009 0
Time
1558446329758
Theta
0.548226
t_GA - R_GA * R_AB * t_BA
0 0 0
t_wo + cam_pos
1.03862 0.587009 0
Time
1558446329809
Theta
0.548226
t_GA - R_GA * R_AB * t_BA
0 0 0
t_wo + cam_pos
1.03862 0.587009 0
Time
1558446329859
Theta
0.548226
t_GA - R_GA * R_AB * t_BA
0 0 0
t_wo + cam_pos
1.03862 0.587009 0
Time
1558446329910
Theta
0.548226
t_GA - R_GA * R_AB * t_BA
0 0 0
t_wo + cam_pos
1.03862 0.587009 0
Time
1558446329960
Theta
0.548226
t_GA - R_GA * R_AB * t_BA
0 0 0
t_wo + cam_pos
1.03862 0.587009 0
Time
1558446330010
Theta
0.548226
t_GA - R_GA * R_AB * t_BA
0 0 0
t_wo + cam_pos
1.03862 0.587009 0
Time
1558446330061
Theta
0.548226
t_GA - R_GA * R_AB * t_BA
0 0 0
t_wo + cam_pos
1.03862 0.587009 0
Time
1558446330111
Theta
0.548226
t_GA - R_GA * R_AB * t_BA
0 0 0
t_wo + cam_pos
1.03862 0.587009 0
Time
1558446330162
Theta
0.548226
t_GA - R_GA * R_AB * t_BA
0 0 0
t_wo + cam_pos
1.03862 0.587009 0
Time
1558446330212
Theta
0.548226
t_GA - R_GA * R_AB * t_BA
0 0 0
t_wo + cam_pos
1.03862 0.587009 0
Time
1558446330262
Theta
0.548226
t_GA - R_GA * R_AB * t_BA
0 0 0
t_wo + cam_pos
1.03862 0.587009 0
Time
1558446330313
Theta
0.548226
t_GA - R_GA * R_AB * t_BA
0 0 0
t_wo + cam_pos
1.03862 0.587009 0
Time
1558446330363
Theta
0.548226
t_GA - R_GA * R_AB * t_BA
0 0 0
t_wo + cam_pos
1.03862 0.587009 0
Time
1558446330413
Theta
0.548226
t_GA - R_GA * R_AB * t_BA
0 0 0
t_wo + cam_pos
1.03862 0.587009 0
Time
1558446330464
Theta
0.548226
t_GA - R_GA * R_AB * t_BA
0 0 0
t_wo + cam_pos
1.03862 0.587009 0
Time
1558446330514
Theta
0.548226
t_GA - R_GA * R_AB * t_BA
0 0 0
t_wo + cam_pos
1.03862 0.587009 0
Time
1558446330564
Theta
0.548226
t_GA - R_GA * R_AB * t_BA
0 0 0
t_wo + cam_pos
1.03862 0.587009 0
Time
1558446330615
Theta
0.548226
t_GA - R_GA * R_AB * t_BA
0 0 0
t_wo + cam_pos
1.03862 0.587009 0
Time
1558446330665
Theta
0.548226
t_GA - R_GA * R_AB * t_BA
0 0 0
t_wo + cam_pos
1.03862 0.587009 0
Time
1558446330715
Theta
0.548226
t_GA - R_GA * R_AB * t_BA
0 0 0
t_wo + cam_pos
1.03862 0.587009 0
Time
1558446330766
Theta
0.548226
t_GA - R_GA * R_AB * t_BA
0 0 0
t_wo + cam_pos
1.03862 0.587009 0
Time
1558446330816
Theta
0.548226
t_GA - R_GA * R_AB * t_BA
0 0 0
t_wo + cam_pos
1.03862 0.587009 0
Time
1558446330866
Theta
0.548226
t_GA - R_GA * R_AB * t_BA
0 0 0
t_wo + cam_pos
1.03862 0.587009 0
Time
1558446330917
Theta
0.548226
t_GA - R_GA * R_AB * t_BA
0 0 0
t_wo + cam_pos
1.03862 0.587009 0
Time
1558446330967
Theta
0.548226
t_GA - R_GA * R_AB * t_BA
0 0 0
t_wo + cam_pos
1.03862 0.587009 0
Time
1558446331018
Theta
0.548226
t_GA - R_GA * R_AB * t_BA
0 0 0
t_wo + cam_pos
1.03862 0.587009 0
Time
1558446331068
Theta
0.548226
t_GA - R_GA * R_AB * t_BA
0 0 0
t_wo + cam_pos
1.03862 0.587009 0
Time
1558446331118
Theta
0.548226
t_GA - R_GA * R_AB * t_BA
0 0 0
t_wo + cam_pos
1.03862 0.587009 0
Time
1558446331169
Theta
0.548226
t_GA - R_GA * R_AB * t_BA
0 0 0
t_wo + cam_pos
1.03862 0.587009 0
Time
1558446331219
Theta
0.548226
t_GA - R_GA * R_AB * t_BA
0 0 0
t_wo + cam_pos
1.03862 0.587009 0
Time
1558446331269
Theta
0.548226
t_GA - R_GA * R_AB * t_BA
0 0 0
t_wo + cam_pos
1.03862 0.587009 0
Time
1558446331320
Theta
0.548226
t_GA - R_GA * R_AB * t_BA
0 0 0
t_wo + cam_pos
1.03862 0.587009 0
Time
1558446331370
Theta
0.548226
t_GA - R_GA * R_AB * t_BA
0 0 0
t_wo + cam_pos
1.03862 0.587009 0
Time
1558446331420
Theta
0.548226
t_GA - R_GA * R_AB * t_BA
0 0 0
t_wo + cam_pos
1.03862 0.587009 0
Time
1558446331471
Theta
0.548226
t_GA - R_GA * R_AB * t_BA
0 0 0
t_wo + cam_pos
1.03862 0.587009 0
Time
1558446331521
Theta
0.548226
t_GA - R_GA * R_AB * t_BA
0 0 0
t_wo + cam_pos
1.03862 0.587009 0
Time
1558446331572
Theta
0.548226
t_GA - R_GA * R_AB * t_BA
0 0 0
t_wo + cam_pos
1.03862 0.587009 0
Time
1558446331622
Theta
0.548226
t_GA - R_GA * R_AB * t_BA
0 0 0
t_wo + cam_pos
1.03862 0.587009 0
Time
1558446331672
Theta
0.548226
t_GA - R_GA * R_AB * t_BA
0 0 0
t_wo + cam_pos
1.03862 0.587009 0
Time
1558446331723
Theta
0.548226
t_GA - R_GA * R_AB * t_BA
0 0 0
t_wo + cam_pos
1.03862 0.587009 0
Time
1558446331773
Theta
0.548226
t_GA - R_GA * R_AB * t_BA
0 0 0
t_wo + cam_pos
1.03862 0.587009 0
Time
1558446331823
Theta
0.548226
t_GA - R_GA * R_AB * t_BA
0 0 0
t_wo + cam_pos
1.03862 0.587009 0
Time
1558446331874
Theta
0.548226
t_GA - R_GA * R_AB * t_BA
0 0 0
t_wo + cam_pos
1.03862 0.587009 0
Time
1558446331924
Theta
0.548226
t_GA - R_GA * R_AB * t_BA
0 0 0
t_wo + cam_pos
1.03862 0.587009 0
Time
1558446331975
Theta
0.548226
t_GA - R_GA * R_AB * t_BA
0 0 0
t_wo + cam_pos
1.03862 0.587009 0
Time
1558446332025
Theta
0.548226
t_GA - R_GA * R_AB * t_BA
0 0 0
t_wo + cam_pos
1.03862 0.587009 0
Time
1558446332075
Theta
0.548226
t_GA - R_GA * R_AB * t_BA
0 0 0
t_wo + cam_pos
1.03862 0.587009 0
Time
1558446332126
Theta
0.548226
t_GA - R_GA * R_AB * t_BA
0 0 0
t_wo + cam_pos
1.03862 0.587009 0
Time
1558446332176
Theta
0.548226
t_GA - R_GA * R_AB * t_BA
0 0 0
t_wo + cam_pos
1.03862 0.587009 0
Time
1558446332226
Theta
0.548226
t_GA - R_GA * R_AB * t_BA
0 0 0
t_wo + cam_pos
1.03862 0.587009 0
Time
1558446332277
Theta
0.548226
t_GA - R_GA * R_AB * t_BA
0 0 0
t_wo + cam_pos
1.03862 0.587009 0
Time
1558446332327
Theta
0.548226
t_GA - R_GA * R_AB * t_BA
0 0 0
t_wo + cam_pos
1.03862 0.587009 0
Time
1558446332377
Theta
0.548226
t_GA - R_GA * R_AB * t_BA
0 0 0
t_wo + cam_pos
1.03862 0.587009 0
Time
1558446332428
Theta
0.548226
t_GA - R_GA * R_AB * t_BA
0 0 0
t_wo + cam_pos
1.03862 0.587009 0
Time
1558446332478
Theta
0.548226
t_GA - R_GA * R_AB * t_BA
0 0 0
t_wo + cam_pos
1.03862 0.587009 0
Time
1558446332529
Theta
0.548226
t_GA - R_GA * R_AB * t_BA
0 0 0
t_wo + cam_pos
1.03862 0.587009 0
Time
1558446332579
Theta
0.548226
t_GA - R_GA * R_AB * t_BA
0 0 0
t_wo + cam_pos
1.03862 0.587009 0
Time
1558446332630
Theta
0.548226
t_GA - R_GA * R_AB * t_BA
0 0 0
t_wo + cam_pos
1.03862 0.587009 0
Time
1558446332680
Theta
0.548226
t_GA - R_GA * R_AB * t_BA
0 0 0
t_wo + cam_pos
1.03862 0.587009 0
Time
1558446332730
Theta
0.548226
t_GA - R_GA * R_AB * t_BA
0 0 0
t_wo + cam_pos
1.03862 0.587009 0
Time
1558446332781
Theta
0.548226
t_GA - R_GA * R_AB * t_BA
0 0 0
t_wo + cam_pos
1.03862 0.587009 0
Time
1558446332831
Theta
0.548226
t_GA - R_GA * R_AB * t_BA
0 0 0
t_wo + cam_pos
1.03862 0.587009 0
Time
1558446332882
Theta
0.548226
t_GA - R_GA * R_AB * t_BA
0 0 0
t_wo + cam_pos
1.03862 0.587009 0
Time
1558446332932
Theta
0.548226
t_GA - R_GA * R_AB * t_BA
0 0 0
t_wo + cam_pos
1.03862 0.587009 0
Time
1558446332982
Theta
0.548226
t_GA - R_GA * R_AB * t_BA
0 0 0
t_wo + cam_pos
1.03862 0.587009 0
Time
1558446333033
Theta
0.548226
t_GA - R_GA * R_AB * t_BA
0 0 0
t_wo + cam_pos
1.03862 0.587009 0
Time
1558446333083
Theta
0.548226
t_GA - R_GA * R_AB * t_BA
0 0 0
t_wo + cam_pos
1.03862 0.587009 0
Time
1558446333133
Theta
0.548226
t_GA - R_GA * R_AB * t_BA
0 0 0
t_wo + cam_pos
1.03862 0.587009 0
Time
1558446333184
Theta
0.548226
t_GA - R_GA * R_AB * t_BA
0 0 0
t_wo + cam_pos
1.03862 0.587009 0
Time
1558446333234
Theta
0.548226
t_GA - R_GA * R_AB * t_BA
0 0 0
t_wo + cam_pos
1.03862 0.587009 0
Time
1558446333284
Theta
0.548226
t_GA - R_GA * R_AB * t_BA
0 0 0
t_wo + cam_pos
1.03862 0.587009 0
Time
1558446333335
Theta
0.548226
t_GA - R_GA * R_AB * t_BA
0 0 0
t_wo + cam_pos
1.03862 0.587009 0
Time
1558446333385
Theta
0.548226
t_GA - R_GA * R_AB * t_BA
0 0 0
t_wo + cam_pos
1.03862 0.587009 0
Time
1558446333436
Theta
0.548226
t_GA - R_GA * R_AB * t_BA
0 0 0
t_wo + cam_pos
1.03862 0.587009 0
Time
1558446333486
Theta
0.548226
t_GA - R_GA * R_AB * t_BA
0 0 0
t_wo + cam_pos
1.03862 0.587009 0
Time
1558446333536
Theta
0.548226
t_GA - R_GA * R_AB * t_BA
0 0 0
t_wo + cam_pos
1.03862 0.587009 0
Time
1558446333587
Theta
0.548226
t_GA - R_GA * R_AB * t_BA
0 0 0
t_wo + cam_pos
1.03862 0.587009 0
Time
1558446333637
Theta
0.548226
t_GA - R_GA * R_AB * t_BA
0 0 0
t_wo + cam_pos
1.03862 0.587009 0
Time
1558446333687
Theta
0.548226
t_GA - R_GA * R_AB * t_BA
0 0 0
t_wo + cam_pos
1.03862 0.587009 0
Time
1558446333738
Theta
0.548226
t_GA - R_GA * R_AB * t_BA
0 0 0
t_wo + cam_pos
1.03862 0.587009 0
Time
1558446333788
Theta
0.548226
t_GA - R_GA * R_AB * t_BA
0 0 0
t_wo + cam_pos
1.03862 0.587009 0
Time
1558446333839
Theta
0.548226
t_GA - R_GA * R_AB * t_BA
0 0 0
t_wo + cam_pos
1.03862 0.587009 0
Time
1558446333889
Theta
0.548226
t_GA - R_GA * R_AB * t_BA
0 0 0
t_wo + cam_pos
1.03862 0.587009 0
Time
1558446333939
Theta
0.548226
t_GA - R_GA * R_AB * t_BA
0 0 0
t_wo + cam_pos
1.03862 0.587009 0
Time
1558446333990
Theta
0.548226
t_GA - R_GA * R_AB * t_BA
0 0 0
t_wo + cam_pos
1.03862 0.587009 0
Time
1558446334040
Theta
0.548226
t_GA - R_GA * R_AB * t_BA
0 0 0
t_wo + cam_pos
1.03862 0.587009 0
Time
1558446334090
Theta
0.548226
t_GA - R_GA * R_AB * t_BA
0 0 0
t_wo + cam_pos
1.03862 0.587009 0
Time
1558446334141
Theta
0.548226
t_GA - R_GA * R_AB * t_BA
0 0 0
t_wo + cam_pos
1.03862 0.587009 0
Time
1558446334191
Theta
0.548226
t_GA - R_GA * R_AB * t_BA
0 0 0
t_wo + cam_pos
1.03862 0.587009 0
Time
1558446334242
Theta
0.548226
t_GA - R_GA * R_AB * t_BA
0 0 0
t_wo + cam_pos
1.03862 0.587009 0
Time
1558446334292
Theta
0.548226
t_GA - R_GA * R_AB * t_BA
0 0 0
t_wo + cam_pos
1.03862 0.587009 0
Time
1558446334342
Theta
0.548226
t_GA - R_GA * R_AB * t_BA
0 0 0
t_wo + cam_pos
1.03862 0.587009 0
Time
1558446334393
Theta
0.548226
t_GA - R_GA * R_AB * t_BA
0 0 0
t_wo + cam_pos
1.03862 0.587009 0
Time
1558446334443
Theta
0.548226
t_GA - R_GA * R_AB * t_BA
0 0 0
t_wo + cam_pos
1.03862 0.587009 0
Time
1558446334493
Theta
0.548226
t_GA - R_GA * R_AB * t_BA
0 0 0
t_wo + cam_pos
1.03862 0.587009 0
Time
1558446334544
Theta
0.548226
t_GA - R_GA * R_AB * t_BA
0 0 0
t_wo + cam_pos
1.03862 0.587009 0
Time
1558446334594
Theta
0.548226
t_GA - R_GA * R_AB * t_BA
0 0 0
t_wo + cam_pos
1.03862 0.587009 0
Time
1558446334644
Theta
0.548226
t_GA - R_GA * R_AB * t_BA
0 0 0
t_wo + cam_pos
1.03862 0.587009 0
Time
1558446334695
Theta
0.548226
t_GA - R_GA * R_AB * t_BA
0 0 0
t_wo + cam_pos
1.03862 0.587009 0
Time
1558446334745
Theta
0.548226
t_GA - R_GA * R_AB * t_BA
0 0 0
t_wo + cam_pos
1.03862 0.587009 0
Time
1558446334796
Theta
0.548226
t_GA - R_GA * R_AB * t_BA
0 0 0
t_wo + cam_pos
1.03862 0.587009 0
Time
1558446334846
Theta
0.548226
t_GA - R_GA * R_AB * t_BA
0 0 0
t_wo + cam_pos
1.03862 0.587009 0
Time
1558446334896
Theta
0.548226
t_GA - R_GA * R_AB * t_BA
0 0 0
t_wo + cam_pos
1.03862 0.587009 0
Time
1558446334947
Theta
0.548226
t_GA - R_GA * R_AB * t_BA
0 0 0
t_wo + cam_pos
1.03862 0.587009 0
Time
1558446334997
Theta
0.548226
t_GA - R_GA * R_AB * t_BA
0 0 0
t_wo + cam_pos
1.03862 0.587009 0
Time
1558446335047
Theta
0.548226
t_GA - R_GA * R_AB * t_BA
0 0 0
t_wo + cam_pos
1.03862 0.587009 0
Time
1558446335098
Theta
0.548226
t_GA - R_GA * R_AB * t_BA
0 0 0
t_wo + cam_pos
1.03862 0.587009 0
Time
1558446335148
Theta
0.548226
t_GA - R_GA * R_AB * t_BA
0 0 0
t_wo + cam_pos
1.03862 0.587009 0
Time
1558446335198
Theta
0.548226
t_GA - R_GA * R_AB * t_BA
0 0 0
t_wo + cam_pos
1.03862 0.587009 0
Time
1558446335249
Theta
0.548226
t_GA - R_GA * R_AB * t_BA
0 0 0
t_wo + cam_pos
1.03862 0.587009 0
Time
1558446335299
Theta
0.548226
t_GA - R_GA * R_AB * t_BA
0 0 0
t_wo + cam_pos
1.03862 0.587009 0
Time
1558446335350
Theta
0.548226
t_GA - R_GA * R_AB * t_BA
0 0 0
t_wo + cam_pos
1.03862 0.587009 0
Time
1558446335400
Theta
0.548226
t_GA - R_GA * R_AB * t_BA
0 0 0
t_wo + cam_pos
1.03862 0.587009 0
Time
1558446335450
Theta
0.548226
t_GA - R_GA * R_AB * t_BA
0 0 0
t_wo + cam_pos
1.03862 0.587009 0
Time
1558446335501
Theta
0.548226
t_GA - R_GA * R_AB * t_BA
0 0 0
t_wo + cam_pos
1.03862 0.587009 0
Time
1558446335551
Theta
0.548226
t_GA - R_GA * R_AB * t_BA
0 0 0
t_wo + cam_pos
1.03862 0.587009 0
Time
1558446335601
Theta
0.548226
t_GA - R_GA * R_AB * t_BA
0 0 0
t_wo + cam_pos
1.03862 0.587009 0
Time
1558446335652
Theta
0.548226
t_GA - R_GA * R_AB * t_BA
0 0 0
t_wo + cam_pos
1.03862 0.587009 0
Time
1558446335702
Theta
0.548226
t_GA - R_GA * R_AB * t_BA
0 0 0
t_wo + cam_pos
1.03862 0.587009 0
Time
1558446335753
Theta
0.548226
t_GA - R_GA * R_AB * t_BA
0 0 0
t_wo + cam_pos
1.03862 0.587009 0
Time
1558446335803
Theta
0.548226
t_GA - R_GA * R_AB * t_BA
0 0 0
t_wo + cam_pos
1.03862 0.587009 0
Time
1558446335853
Theta
0.548226
t_GA - R_GA * R_AB * t_BA
0 0 0
t_wo + cam_pos
1.03862 0.587009 0
Time
1558446335904
Theta
0.548226
t_GA - R_GA * R_AB * t_BA
0 0 0
t_wo + cam_pos
1.03862 0.587009 0
Time
1558446335954
Theta
0.548226
t_GA - R_GA * R_AB * t_BA
0 0 0
t_wo + cam_pos
1.03862 0.587009 0
Time
1558446336004
Theta
0.548226
t_GA - R_GA * R_AB * t_BA
0 0 0
t_wo + cam_pos
1.03862 0.587009 0
Time
1558446336055
Theta
0.548226
t_GA - R_GA * R_AB * t_BA
0 0 0
t_wo + cam_pos
1.03862 0.587009 0
Time
1558446336105
Theta
0.548226
t_GA - R_GA * R_AB * t_BA
0 0 0
t_wo + cam_pos
1.03862 0.587009 0
Time
1558446336155
Theta
0.548226
t_GA - R_GA * R_AB * t_BA
0 0 0
t_wo + cam_pos
1.03862 0.587009 0
Time
1558446336206
Theta
0.548226
t_GA - R_GA * R_AB * t_BA
0 0 0
t_wo + cam_pos
1.03862 0.587009 0
Time
1558446336256
Theta
0.548226
t_GA - R_GA * R_AB * t_BA
0 0 0
t_wo + cam_pos
1.03862 0.587009 0
Time
1558446336306
Theta
0.548226
t_GA - R_GA * R_AB * t_BA
0 0 0
t_wo + cam_pos
1.03862 0.587009 0
Time
1558446336357
Theta
0.548226
t_GA - R_GA * R_AB * t_BA
0 0 0
t_wo + cam_pos
1.03862 0.587009 0
Time
1558446336407
Theta
0.548226
t_GA - R_GA * R_AB * t_BA
0 0 0
t_wo + cam_pos
1.03862 0.587009 0
Time
1558446336458
Theta
0.548226
t_GA - R_GA * R_AB * t_BA
0 0 0
t_wo + cam_pos
1.03862 0.587009 0
Time
1558446336508
Theta
0.548226
t_GA - R_GA * R_AB * t_BA
0 0 0
t_wo + cam_pos
1.03862 0.587009 0
Time
1558446336558
Theta
0.548226
t_GA - R_GA * R_AB * t_BA
0 0 0
t_wo + cam_pos
1.03862 0.587009 0
Time
1558446336609
Theta
0.548226
t_GA - R_GA * R_AB * t_BA
0 0 0
t_wo + cam_pos
1.03862 0.587009 0
Time
1558446336659
Theta
0.548226
t_GA - R_GA * R_AB * t_BA
0 0 0
t_wo + cam_pos
1.03862 0.587009 0
Time
1558446336710
Theta
0.548226
t_GA - R_GA * R_AB * t_BA
0 0 0
t_wo + cam_pos
1.03862 0.587009 0
Time
1558446336760
Theta
0.548226
t_GA - R_GA * R_AB * t_BA
0 0 0
t_wo + cam_pos
1.03862 0.587009 0
Time
1558446336810
Theta
0.548226
t_GA - R_GA * R_AB * t_BA
0 0 0
t_wo + cam_pos
1.03862 0.587009 0
Time
1558446336861
Theta
0.548226
t_GA - R_GA * R_AB * t_BA
0 0 0
t_wo + cam_pos
1.03862 0.587009 0
Time
1558446336911
Theta
0.548226
t_GA - R_GA * R_AB * t_BA
0 0 0
t_wo + cam_pos
1.03862 0.587009 0
Time
1558446336961
Theta
0.548226
t_GA - R_GA * R_AB * t_BA
0 0 0
t_wo + cam_pos
1.03862 0.587009 0
Time
1558446337012
Theta
0.548226
t_GA - R_GA * R_AB * t_BA
0 0 0
t_wo + cam_pos
1.03862 0.587009 0
Time
1558446337062
Theta
0.548226
t_GA - R_GA * R_AB * t_BA
0 0 0
t_wo + cam_pos
1.03862 0.587009 0
Time
1558446337112
Theta
0.548226
t_GA - R_GA * R_AB * t_BA
0 0 0
t_wo + cam_pos
1.03862 0.587009 0
Time
1558446337163
Theta
0.548226
t_GA - R_GA * R_AB * t_BA
0 0 0
t_wo + cam_pos
1.03862 0.587009 0
Time
1558446337213
Theta
0.548226
t_GA - R_GA * R_AB * t_BA
0 0 0
t_wo + cam_pos
1.03862 0.587009 0
Time
1558446337263
Theta
0.548226
t_GA - R_GA * R_AB * t_BA
0 0 0
t_wo + cam_pos
1.03862 0.587009 0
Time
1558446337314
Theta
0.548226
t_GA - R_GA * R_AB * t_BA
0 0 0
t_wo + cam_pos
1.03862 0.587009 0
Time
1558446337364
Theta
0.548226
t_GA - R_GA * R_AB * t_BA
0 0 0
t_wo + cam_pos
1.03862 0.587009 0
Time
1558446337414
Theta
0.548226
t_GA - R_GA * R_AB * t_BA
0 0 0
t_wo + cam_pos
1.03862 0.587009 0
Time
1558446337465
Theta
0.548226
t_GA - R_GA * R_AB * t_BA
0 0 0
t_wo + cam_pos
1.03862 0.587009 0
Time
1558446337515
Theta
0.548226
t_GA - R_GA * R_AB * t_BA
0 0 0
t_wo + cam_pos
1.03862 0.587009 0
Time
1558446337565
Theta
0.548226
t_GA - R_GA * R_AB * t_BA
0 0 0
t_wo + cam_pos
1.03862 0.587009 0
Time
1558446337616
Theta
0.548226
t_GA - R_GA * R_AB * t_BA
0 0 0
t_wo + cam_pos
1.03862 0.587009 0
Time
1558446337666
Theta
0.548226
t_GA - R_GA * R_AB * t_BA
0 0 0
t_wo + cam_pos
1.03862 0.587009 0
Time
1558446337717
Theta
0.548226
t_GA - R_GA * R_AB * t_BA
0 0 0
t_wo + cam_pos
1.03862 0.587009 0
Time
1558446337767
Theta
0.548226
t_GA - R_GA * R_AB * t_BA
0 0 0
t_wo + cam_pos
1.03862 0.587009 0
Time
1558446337817
Theta
0.548226
t_GA - R_GA * R_AB * t_BA
0 0 0
t_wo + cam_pos
1.03862 0.587009 0
Time
1558446337868
Theta
0.548226
t_GA - R_GA * R_AB * t_BA
0 0 0
t_wo + cam_pos
1.03862 0.587009 0
Time
1558446337918
Theta
0.548226
t_GA - R_GA * R_AB * t_BA
0 0 0
t_wo + cam_pos
1.03862 0.587009 0
Time
1558446337968
Theta
0.548226
t_GA - R_GA * R_AB * t_BA
0 0 0
t_wo + cam_pos
1.03862 0.587009 0
Time
1558446338019
Theta
0.548226
t_GA - R_GA * R_AB * t_BA
0 0 0
t_wo + cam_pos
1.03862 0.587009 0
Time
1558446338069
Theta
0.548226
t_GA - R_GA * R_AB * t_BA
0 0 0
t_wo + cam_pos
1.03862 0.587009 0
Time
1558446338119
Theta
0.548226
t_GA - R_GA * R_AB * t_BA
0 0 0
t_wo + cam_pos
1.03862 0.587009 0
Time
1558446338170
Theta
0.548226
t_GA - R_GA * R_AB * t_BA
0 0 0
t_wo + cam_pos
1.03862 0.587009 0
Time
1558446338220
Theta
0.548226
t_GA - R_GA * R_AB * t_BA
0 0 0
t_wo + cam_pos
1.03862 0.587009 0
Time
1558446338271
Theta
0.548226
t_GA - R_GA * R_AB * t_BA
0 0 0
t_wo + cam_pos
1.03862 0.587009 0
Time
1558446338321
Theta
0.548226
t_GA - R_GA * R_AB * t_BA
0 0 0
t_wo + cam_pos
1.03862 0.587009 0
Time
1558446338371
Theta
0.548226
t_GA - R_GA * R_AB * t_BA
0 0 0
t_wo + cam_pos
1.03862 0.587009 0
Time
1558446338422
Theta
0.548226
t_GA - R_GA * R_AB * t_BA
0 0 0
t_wo + cam_pos
1.03862 0.587009 0
Time
1558446338472
Theta
0.548226
t_GA - R_GA * R_AB * t_BA
0 0 0
t_wo + cam_pos
1.03862 0.587009 0
Time
1558446338522
Theta
0.548226
t_GA - R_GA * R_AB * t_BA
0 0 0
t_wo + cam_pos
1.03862 0.587009 0
Time
1558446338573
Theta
0.548226
t_GA - R_GA * R_AB * t_BA
0 0 0
t_wo + cam_pos
1.03862 0.587009 0
Time
1558446338623
Theta
0.548226
t_GA - R_GA * R_AB * t_BA
0 0 0
t_wo + cam_pos
1.03862 0.587009 0
Time
1558446338674
Theta
0.548226
t_GA - R_GA * R_AB * t_BA
0 0 0
t_wo + cam_pos
1.03862 0.587009 0
Time
1558446338724
Theta
0.548226
t_GA - R_GA * R_AB * t_BA
0 0 0
t_wo + cam_pos
1.03862 0.587009 0
Time
1558446338774
Theta
0.548226
t_GA - R_GA * R_AB * t_BA
0 0 0
t_wo + cam_pos
1.03862 0.587009 0
Time
1558446338825
Theta
0.548226
t_GA - R_GA * R_AB * t_BA
0 0 0
t_wo + cam_pos
1.03862 0.587009 0
Time
1558446338875
Theta
0.548226
t_GA - R_GA * R_AB * t_BA
0 0 0
t_wo + cam_pos
1.03862 0.587009 0
Time
1558446338925
Theta
0.548226
t_GA - R_GA * R_AB * t_BA
0 0 0
t_wo + cam_pos
1.03862 0.587009 0
Time
1558446338976
Theta
0.548226
t_GA - R_GA * R_AB * t_BA
0 0 0
t_wo + cam_pos
1.03862 0.587009 0
Time
1558446339026
Theta
0.548226
t_GA - R_GA * R_AB * t_BA
0 0 0
t_wo + cam_pos
1.03862 0.587009 0
Time
1558446339076
Theta
0.548226
t_GA - R_GA * R_AB * t_BA
0 0 0
t_wo + cam_pos
1.03862 0.587009 0
Time
1558446339127
Theta
0.548226
t_GA - R_GA * R_AB * t_BA
0 0 0
t_wo + cam_pos
1.03862 0.587009 0
Time
1558446339177
Theta
0.548226
t_GA - R_GA * R_AB * t_BA
0 0 0
t_wo + cam_pos
1.03862 0.587009 0
Time
1558446339227
Theta
0.548226
t_GA - R_GA * R_AB * t_BA
0 0 0
t_wo + cam_pos
1.03862 0.587009 0
Time
1558446339278
Theta
0.548226
t_GA - R_GA * R_AB * t_BA
0 0 0
t_wo + cam_pos
1.03862 0.587009 0
Time
1558446339328
Theta
0.548226
t_GA - R_GA * R_AB * t_BA
0 0 0
t_wo + cam_pos
1.03862 0.587009 0
Time
1558446339378
Theta
0.548226
t_GA - R_GA * R_AB * t_BA
0 0 0
t_wo + cam_pos
1.03862 0.587009 0
Time
1558446339429
Theta
0.548226
t_GA - R_GA * R_AB * t_BA
0 0 0
t_wo + cam_pos
1.03862 0.587009 0
Time
1558446339479
Theta
0.548226
t_GA - R_GA * R_AB * t_BA
0 0 0
t_wo + cam_pos
1.03862 0.587009 0
Time
1558446339529
Theta
0.548226
t_GA - R_GA * R_AB * t_BA
0 0 0
t_wo + cam_pos
1.03862 0.587009 0
Time
1558446339580
Theta
0.548226
t_GA - R_GA * R_AB * t_BA
0 0 0
t_wo + cam_pos
1.03862 0.587009 0
Time
1558446339630
Theta
0.548226
t_GA - R_GA * R_AB * t_BA
0 0 0
t_wo + cam_pos
1.03862 0.587009 0
Time
1558446339680
Theta
0.548226
t_GA - R_GA * R_AB * t_BA
0 0 0
t_wo + cam_pos
1.03862 0.587009 0
Time
1558446339731
Theta
0.548226
t_GA - R_GA * R_AB * t_BA
0 0 0
t_wo + cam_pos
1.03862 0.587009 0
Time
1558446339781
Theta
0.548226
t_GA - R_GA * R_AB * t_BA
0 0 0
t_wo + cam_pos
1.03862 0.587009 0
Time
1558446339831
Theta
0.548226
t_GA - R_GA * R_AB * t_BA
0 0 0
t_wo + cam_pos
1.03862 0.587009 0
Time
1558446339882
Theta
0.548226
t_GA - R_GA * R_AB * t_BA
0 0 0
t_wo + cam_pos
1.03862 0.587009 0
Time
1558446339932
Theta
0.548226
t_GA - R_GA * R_AB * t_BA
0 0 0
t_wo + cam_pos
1.03862 0.587009 0
Time
1558446339983
Theta
0.548226
t_GA - R_GA * R_AB * t_BA
0 0 0
t_wo + cam_pos
1.03862 0.587009 0
Time
1558446340033
Theta
0.548226
t_GA - R_GA * R_AB * t_BA
0 0 0
t_wo + cam_pos
1.03862 0.587009 0
Time
1558446340083
Theta
0.548226
t_GA - R_GA * R_AB * t_BA
0 0 0
t_wo + cam_pos
1.03862 0.587009 0
Time
1558446340134
Theta
0.548226
t_GA - R_GA * R_AB * t_BA
0 0 0
t_wo + cam_pos
1.03862 0.587009 0
Time
1558446340184
Theta
0.548226
t_GA - R_GA * R_AB * t_BA
0 0 0
t_wo + cam_pos
1.03862 0.587009 0
Time
1558446340234
Theta
0.548226
t_GA - R_GA * R_AB * t_BA
0 0 0
t_wo + cam_pos
1.03862 0.587009 0
Time
1558446340285
Theta
0.548226
t_GA - R_GA * R_AB * t_BA
0 0 0
t_wo + cam_pos
1.03862 0.587009 0
Time
1558446340335
Theta
0.548226
t_GA - R_GA * R_AB * t_BA
0 0 0
t_wo + cam_pos
1.03862 0.587009 0
Time
1558446340385
Theta
0.548226
t_GA - R_GA * R_AB * t_BA
0 0 0
t_wo + cam_pos
1.03862 0.587009 0
Time
1558446340436
Theta
0.548226
t_GA - R_GA * R_AB * t_BA
0 0 0
t_wo + cam_pos
1.03862 0.587009 0
Time
1558446340486
Theta
0.548226
t_GA - R_GA * R_AB * t_BA
0 0 0
t_wo + cam_pos
1.03862 0.587009 0
Time
1558446340536
Theta
0.548226
t_GA - R_GA * R_AB * t_BA
0 0 0
t_wo + cam_pos
1.03862 0.587009 0
Time
1558446340587
Theta
0.548226
t_GA - R_GA * R_AB * t_BA
0 0 0
t_wo + cam_pos
1.03862 0.587009 0
Time
1558446340637
Theta
0.548226
t_GA - R_GA * R_AB * t_BA
0 0 0
t_wo + cam_pos
1.03862 0.587009 0
Time
1558446340687
Theta
0.548226
t_GA - R_GA * R_AB * t_BA
0 0 0
t_wo + cam_pos
1.03862 0.587009 0
Time
1558446340738
Theta
0.548226
t_GA - R_GA * R_AB * t_BA
0 0 0
t_wo + cam_pos
1.03862 0.587009 0
Time
1558446340788
Theta
0.548226
t_GA - R_GA * R_AB * t_BA
0 0 0
t_wo + cam_pos
1.03862 0.587009 0
Time
1558446340838
Theta
0.548226
t_GA - R_GA * R_AB * t_BA
0 0 0
t_wo + cam_pos
1.03862 0.587009 0
Time
1558446340889
Theta
0.548226
t_GA - R_GA * R_AB * t_BA
0 0 0
t_wo + cam_pos
1.03862 0.587009 0
Time
1558446340939
Theta
0.548226
t_GA - R_GA * R_AB * t_BA
0 0 0
t_wo + cam_pos
1.03862 0.587009 0
Time
1558446340990
Theta
0.548226
t_GA - R_GA * R_AB * t_BA
0 0 0
t_wo + cam_pos
1.03862 0.587009 0
Time
1558446341040
Theta
0.548226
t_GA - R_GA * R_AB * t_BA
0 0 0
t_wo + cam_pos
1.03862 0.587009 0
Time
1558446341090
Theta
0.548226
t_GA - R_GA * R_AB * t_BA
0 0 0
t_wo + cam_pos
1.03862 0.587009 0
Time
1558446341141
Theta
0.548226
t_GA - R_GA * R_AB * t_BA
0 0 0
t_wo + cam_pos
1.03862 0.587009 0
Time
1558446341191
Theta
0.548226
t_GA - R_GA * R_AB * t_BA
0 0 0
t_wo + cam_pos
0.984343 0.886563 0
Time
1558446341241
Theta
0.822339
t_GA - R_GA * R_AB * t_BA
0 0 0
t_wo + cam_pos
0.984343 0.886563 0
Time
1558446341292
Theta
0.822339
t_GA - R_GA * R_AB * t_BA
0 0 0
t_wo + cam_pos
0.984343 0.886563 0
Time
1558446341342
Theta
0.822339
t_GA - R_GA * R_AB * t_BA
0 0 0
t_wo + cam_pos
0.984343 0.886563 0
Time
1558446341392
Theta
0.822339
t_GA - R_GA * R_AB * t_BA
0 0 0
t_wo + cam_pos
0.984343 0.886563 0
Time
1558446341443
Theta
0.822339
t_GA - R_GA * R_AB * t_BA
0 0 0
t_wo + cam_pos
0.984343 0.886563 0
Time
1558446341493
Theta
0.822339
t_GA - R_GA * R_AB * t_BA
0 0 0
t_wo + cam_pos
0.984343 0.886563 0
Time
1558446341543
Theta
0.822339
t_GA - R_GA * R_AB * t_BA
0 0 0
t_wo + cam_pos
0.984343 0.886563 0
Time
1558446341594
Theta
0.822339
t_GA - R_GA * R_AB * t_BA
0 0 0
t_wo + cam_pos
0.984343 0.886563 0
Time
1558446341644
Theta
0.822339
t_GA - R_GA * R_AB * t_BA
0 0 0
t_wo + cam_pos
0.984343 0.886563 0
Time
1558446341695
Theta
0.822339
t_GA - R_GA * R_AB * t_BA
0 0 0
t_wo + cam_pos
0.984343 0.886563 0
Time
1558446341745
Theta
0.822339
t_GA - R_GA * R_AB * t_BA
0 0 0
t_wo + cam_pos
0.984343 0.886563 0
Time
1558446341795
Theta
0.822339
t_GA - R_GA * R_AB * t_BA
0 0 0
t_wo + cam_pos
0.984343 0.886563 0
Time
1558446341846
Theta
0.822339
t_GA - R_GA * R_AB * t_BA
0 0 0
t_wo + cam_pos
0.984343 0.886563 0
Time
1558446341896
Theta
0.822339
t_GA - R_GA * R_AB * t_BA
0 0 0
t_wo + cam_pos
0.984343 0.886563 0
Time
1558446341946
Theta
0.822339
t_GA - R_GA * R_AB * t_BA
0 0 0
t_wo + cam_pos
0.984343 0.886563 0
Time
1558446341997
Theta
0.822339
t_GA - R_GA * R_AB * t_BA
0 0 0
t_wo + cam_pos
0.984343 0.886563 0
Time
1558446342047
Theta
0.822339
t_GA - R_GA * R_AB * t_BA
0 0 0
t_wo + cam_pos
0.984343 0.886563 0
Time
1558446342097
Theta
0.822339
t_GA - R_GA * R_AB * t_BA
0 0 0
t_wo + cam_pos
0.984343 0.886563 0
Time
1558446342148
Theta
0.822339
t_GA - R_GA * R_AB * t_BA
0 0 0
t_wo + cam_pos
0.984343 0.886563 0
Time
1558446342198
Theta
0.822339
t_GA - R_GA * R_AB * t_BA
0 0 0
t_wo + cam_pos
0.984343 0.886563 0
Time
1558446342248
Theta
0.822339
t_GA - R_GA * R_AB * t_BA
0 0 0
t_wo + cam_pos
0.984343 0.886563 0
Time
1558446342299
Theta
0.822339
t_GA - R_GA * R_AB * t_BA
0 0 0
t_wo + cam_pos
0.984343 0.886563 0
Time
1558446342349
Theta
0.822339
t_GA - R_GA * R_AB * t_BA
0 0 0
t_wo + cam_pos
0.984343 0.886563 0
Time
1558446342399
Theta
0.822339
t_GA - R_GA * R_AB * t_BA
0 0 0
t_wo + cam_pos
0.984343 0.886563 0
Time
1558446342450
Theta
0.822339
t_GA - R_GA * R_AB * t_BA
0 0 0
t_wo + cam_pos
0.984343 0.886563 0
Time
1558446342500
Theta
0.822339
t_GA - R_GA * R_AB * t_BA
0 0 0
t_wo + cam_pos
0.984343 0.886563 0
Time
1558446342551
Theta
0.822339
t_GA - R_GA * R_AB * t_BA
0 0 0
t_wo + cam_pos
0.984343 0.886563 0
Time
1558446342601
Theta
0.822339
t_GA - R_GA * R_AB * t_BA
0 0 0
t_wo + cam_pos
0.984343 0.886563 0
Time
1558446342651
Theta
0.822339
t_GA - R_GA * R_AB * t_BA
0 0 0
t_wo + cam_pos
0.984343 0.886563 0
Time
1558446342702
Theta
0.822339
t_GA - R_GA * R_AB * t_BA
0 0 0
t_wo + cam_pos
0.984343 0.886563 0
Time
1558446342752
Theta
0.822339
t_GA - R_GA * R_AB * t_BA
0 0 0
t_wo + cam_pos
0.984343 0.886563 0
Time
1558446342802
Theta
0.822339
t_GA - R_GA * R_AB * t_BA
0 0 0
t_wo + cam_pos
0.984343 0.886563 0
Time
1558446342853
Theta
0.822339
t_GA - R_GA * R_AB * t_BA
0 0 0
t_wo + cam_pos
0.984343 0.886563 0
Time
1558446342903
Theta
0.822339
t_GA - R_GA * R_AB * t_BA
0 0 0
t_wo + cam_pos
0.984343 0.886563 0
Time
1558446342953
Theta
0.822339
t_GA - R_GA * R_AB * t_BA
0 0 0
t_wo + cam_pos
0.984343 0.886563 0
Time
1558446343004
Theta
0.822339
t_GA - R_GA * R_AB * t_BA
0 0 0
t_wo + cam_pos
0.984343 0.886563 0
Time
1558446343054
Theta
0.822339
t_GA - R_GA * R_AB * t_BA
0 0 0
t_wo + cam_pos
0.984343 0.886563 0
Time
1558446343104
Theta
0.822339
t_GA - R_GA * R_AB * t_BA
0 0 0
t_wo + cam_pos
0.984343 0.886563 0
Time
1558446343155
Theta
0.822339
t_GA - R_GA * R_AB * t_BA
0 0 0
t_wo + cam_pos
0.984343 0.886563 0
Time
1558446343205
Theta
0.822339
t_GA - R_GA * R_AB * t_BA
0 0 0
t_wo + cam_pos
0.984343 0.886563 0
Time
1558446343255
Theta
0.822339
t_GA - R_GA * R_AB * t_BA
0 0 0
t_wo + cam_pos
0.984343 0.886563 0
Time
1558446343306
Theta
0.822339
t_GA - R_GA * R_AB * t_BA
0 0 0
t_wo + cam_pos
0.984343 0.886563 0
Time
1558446343356
Theta
0.822339
t_GA - R_GA * R_AB * t_BA
0 0 0
t_wo + cam_pos
0.984343 0.886563 0
Time
1558446343407
Theta
0.822339
t_GA - R_GA * R_AB * t_BA
0 0 0
t_wo + cam_pos
0.984343 0.886563 0
Time
1558446343457
Theta
0.822339
t_GA - R_GA * R_AB * t_BA
0 0 0
t_wo + cam_pos
0.984343 0.886563 0
Time
1558446343507
Theta
0.822339
t_GA - R_GA * R_AB * t_BA
0 0 0
t_wo + cam_pos
0.984343 0.886563 0
Time
1558446343558
Theta
0.822339
t_GA - R_GA * R_AB * t_BA
0 0 0
t_wo + cam_pos
0.984343 0.886563 0
Time
1558446343608
Theta
0.822339
t_GA - R_GA * R_AB * t_BA
0 0 0
t_wo + cam_pos
0.984343 0.886563 0
Time
1558446343658
Theta
0.822339
t_GA - R_GA * R_AB * t_BA
0 0 0
t_wo + cam_pos
0.984343 0.886563 0
Time
1558446343709
Theta
0.822339
t_GA - R_GA * R_AB * t_BA
0 0 0
t_wo + cam_pos
0.984343 0.886563 0
Time
1558446343759
Theta
0.822339
t_GA - R_GA * R_AB * t_BA
0 0 0
t_wo + cam_pos
0.984343 0.886563 0
Time
1558446343809
Theta
0.822339
t_GA - R_GA * R_AB * t_BA
0 0 0
t_wo + cam_pos
0.984343 0.886563 0
Time
1558446343860
Theta
0.822339
t_GA - R_GA * R_AB * t_BA
0 0 0
t_wo + cam_pos
0.984343 0.886563 0
Time
1558446343910
Theta
0.822339
t_GA - R_GA * R_AB * t_BA
0 0 0
t_wo + cam_pos
0.984343 0.886563 0
Time
1558446343960
Theta
0.822339
t_GA - R_GA * R_AB * t_BA
0 0 0
t_wo + cam_pos
0.984343 0.886563 0
Time
1558446344011
Theta
0.822339
t_GA - R_GA * R_AB * t_BA
0 0 0
t_wo + cam_pos
0.984343 0.886563 0
Time
1558446344061
Theta
0.822339
t_GA - R_GA * R_AB * t_BA
0 0 0
t_wo + cam_pos
0.984343 0.886563 0
Time
1558446344111
Theta
0.822339
t_GA - R_GA * R_AB * t_BA
0 0 0
t_wo + cam_pos
0.984343 0.886563 0
Time
1558446344162
Theta
0.822339
t_GA - R_GA * R_AB * t_BA
0 0 0
t_wo + cam_pos
0.984343 0.886563 0
Time
1558446344212
Theta
0.822339
t_GA - R_GA * R_AB * t_BA
0 0 0
t_wo + cam_pos
0.984343 0.886563 0
Time
1558446344262
Theta
0.822339
t_GA - R_GA * R_AB * t_BA
0 0 0
t_wo + cam_pos
0.984343 0.886563 0
Time
1558446344313
Theta
0.822339
t_GA - R_GA * R_AB * t_BA
0 0 0
t_wo + cam_pos
0.984343 0.886563 0
Time
1558446344363
Theta
0.822339
t_GA - R_GA * R_AB * t_BA
0 0 0
t_wo + cam_pos
0.984343 0.886563 0
Time
1558446344414
Theta
0.822339
t_GA - R_GA * R_AB * t_BA
0 0 0
t_wo + cam_pos
0.984343 0.886563 0
Time
1558446344464
Theta
0.822339
t_GA - R_GA * R_AB * t_BA
0 0 0
t_wo + cam_pos
0.984343 0.886563 0
Time
1558446344514
Theta
0.822339
t_GA - R_GA * R_AB * t_BA
0 0 0
t_wo + cam_pos
0.984343 0.886563 0
Time
1558446344565
Theta
0.822339
t_GA - R_GA * R_AB * t_BA
0 0 0
t_wo + cam_pos
0.984343 0.886563 0
Time
1558446344615
Theta
0.822339
t_GA - R_GA * R_AB * t_BA
0 0 0
t_wo + cam_pos
0.984343 0.886563 0
Time
1558446344665
Theta
0.822339
t_GA - R_GA * R_AB * t_BA
0 0 0
t_wo + cam_pos
0.984343 0.886563 0
Time
1558446344716
Theta
0.822339
t_GA - R_GA * R_AB * t_BA
0 0 0
t_wo + cam_pos
0.984343 0.886563 0
Time
1558446344766
Theta
0.822339
t_GA - R_GA * R_AB * t_BA
0 0 0
t_wo + cam_pos
0.984343 0.886563 0
Time
1558446344816
Theta
0.822339
t_GA - R_GA * R_AB * t_BA
0 0 0
t_wo + cam_pos
0.984343 0.886563 0
Time
1558446344867
Theta
0.822339
t_GA - R_GA * R_AB * t_BA
0 0 0
t_wo + cam_pos
0.984343 0.886563 0
Time
1558446344917
Theta
0.822339
t_GA - R_GA * R_AB * t_BA
0 0 0
t_wo + cam_pos
0.984343 0.886563 0
Time
1558446344967
Theta
0.822339
t_GA - R_GA * R_AB * t_BA
0 0 0
t_wo + cam_pos
0.984343 0.886563 0
Time
1558446345018
Theta
0.822339
t_GA - R_GA * R_AB * t_BA
0 0 0
t_wo + cam_pos
0.984343 0.886563 0
Time
1558446345068
Theta
0.822339
t_GA - R_GA * R_AB * t_BA
0 0 0
t_wo + cam_pos
0.984343 0.886563 0
Time
1558446345118
Theta
0.822339
t_GA - R_GA * R_AB * t_BA
0 0 0
t_wo + cam_pos
0.984343 0.886563 0
Time
1558446345169
Theta
0.822339
t_GA - R_GA * R_AB * t_BA
0 0 0
t_wo + cam_pos
0.984343 0.886563 0
Time
1558446345219
Theta
0.822339
t_GA - R_GA * R_AB * t_BA
0 0 0
t_wo + cam_pos
0.984343 0.886563 0
Time
1558446345270
Theta
0.822339
t_GA - R_GA * R_AB * t_BA
0 0 0
t_wo + cam_pos
0.984343 0.886563 0
Time
1558446345320
Theta
0.822339
t_GA - R_GA * R_AB * t_BA
0 0 0
t_wo + cam_pos
0.984343 0.886563 0
Time
1558446345370
Theta
0.822339
t_GA - R_GA * R_AB * t_BA
0 0 0
t_wo + cam_pos
0.984343 0.886563 0
Time
1558446345421
Theta
0.822339
t_GA - R_GA * R_AB * t_BA
0 0 0
t_wo + cam_pos
0.984343 0.886563 0
Time
1558446345471
Theta
0.822339
t_GA - R_GA * R_AB * t_BA
0 0 0
t_wo + cam_pos
0.984343 0.886563 0
Time
1558446345521
Theta
0.822339
t_GA - R_GA * R_AB * t_BA
0 0 0
t_wo + cam_pos
0.984343 0.886563 0
Time
1558446345572
Theta
0.822339
t_GA - R_GA * R_AB * t_BA
0 0 0
t_wo + cam_pos
0.984343 0.886563 0
Time
1558446345622
Theta
0.822339
t_GA - R_GA * R_AB * t_BA
0 0 0
t_wo + cam_pos
0.984343 0.886563 0
Time
1558446345673
Theta
0.822339
t_GA - R_GA * R_AB * t_BA
0 0 0
t_wo + cam_pos
0.984343 0.886563 0
Time
1558446345723
Theta
0.822339
t_GA - R_GA * R_AB * t_BA
0 0 0
t_wo + cam_pos
0.984343 0.886563 0
Time
1558446345773
Theta
0.822339
t_GA - R_GA * R_AB * t_BA
0 0 0
t_wo + cam_pos
0.984343 0.886563 0
Time
1558446345824
Theta
0.822339
t_GA - R_GA * R_AB * t_BA
0 0 0
t_wo + cam_pos
0.984343 0.886563 0
Time
1558446345874
Theta
0.822339
t_GA - R_GA * R_AB * t_BA
0 0 0
t_wo + cam_pos
0.984343 0.886563 0
Time
1558446345924
Theta
0.822339
t_GA - R_GA * R_AB * t_BA
0 0 0
t_wo + cam_pos
0.984343 0.886563 0
Time
1558446345975
Theta
0.822339
t_GA - R_GA * R_AB * t_BA
0 0 0
t_wo + cam_pos
0.984343 0.886563 0
Time
1558446346025
Theta
0.822339
t_GA - R_GA * R_AB * t_BA
0 0 0
t_wo + cam_pos
0.984343 0.886563 0
Time
1558446346075
Theta
0.822339
t_GA - R_GA * R_AB * t_BA
0 0 0
t_wo + cam_pos
0.984343 0.886563 0
Time
1558446346126
Theta
0.822339
t_GA - R_GA * R_AB * t_BA
0 0 0
t_wo + cam_pos
0.984343 0.886563 0
Time
1558446346176
Theta
0.822339
t_GA - R_GA * R_AB * t_BA
0 0 0
t_wo + cam_pos
0.984343 0.886563 0
Time
1558446346226
Theta
0.822339
t_GA - R_GA * R_AB * t_BA
0 0 0
t_wo + cam_pos
0.984343 0.886563 0
Time
1558446346277
Theta
0.822339
t_GA - R_GA * R_AB * t_BA
0 0 0
t_wo + cam_pos
0.984343 0.886563 0
Time
1558446346327
Theta
0.822339
t_GA - R_GA * R_AB * t_BA
0 0 0
t_wo + cam_pos
0.984343 0.886563 0
Time
1558446346377
Theta
0.822339
t_GA - R_GA * R_AB * t_BA
0 0 0
t_wo + cam_pos
0.984343 0.886563 0
Time
1558446346428
Theta
0.822339
t_GA - R_GA * R_AB * t_BA
0 0 0
t_wo + cam_pos
0.984343 0.886563 0
Time
1558446346478
Theta
0.822339
t_GA - R_GA * R_AB * t_BA
0 0 0
t_wo + cam_pos
0.984343 0.886563 0
Time
1558446346528
Theta
0.822339
t_GA - R_GA * R_AB * t_BA
0 0 0
t_wo + cam_pos
0.984343 0.886563 0
Time
1558446346579
Theta
0.822339
t_GA - R_GA * R_AB * t_BA
0 0 0
t_wo + cam_pos
0.984343 0.886563 0
Time
1558446346629
Theta
0.822339
t_GA - R_GA * R_AB * t_BA
0 0 0
t_wo + cam_pos
0.984343 0.886563 0
Time
1558446346680
Theta
0.822339
t_GA - R_GA * R_AB * t_BA
0 0 0
t_wo + cam_pos
0.984343 0.886563 0
Time
1558446346730
Theta
0.822339
t_GA - R_GA * R_AB * t_BA
0 0 0
t_wo + cam_pos
0.984343 0.886563 0
Time
1558446346780
Theta
0.822339
t_GA - R_GA * R_AB * t_BA
0 0 0
t_wo + cam_pos
0.984343 0.886563 0
Time
1558446346831
Theta
0.822339
t_GA - R_GA * R_AB * t_BA
0 0 0
t_wo + cam_pos
0.984343 0.886563 0
Time
1558446346881
Theta
0.822339
t_GA - R_GA * R_AB * t_BA
0 0 0
t_wo + cam_pos
0.984343 0.886563 0
Time
1558446346931
Theta
0.822339
t_GA - R_GA * R_AB * t_BA
0 0 0
t_wo + cam_pos
0.984343 0.886563 0
Time
1558446346982
Theta
0.822339
t_GA - R_GA * R_AB * t_BA
0 0 0
t_wo + cam_pos
0.984343 0.886563 0
Time
1558446347032
Theta
0.822339
t_GA - R_GA * R_AB * t_BA
0 0 0
t_wo + cam_pos
0.984343 0.886563 0
Time
1558446347082
Theta
0.822339
t_GA - R_GA * R_AB * t_BA
0 0 0
t_wo + cam_pos
0.984343 0.886563 0
Time
1558446347133
Theta
0.822339
t_GA - R_GA * R_AB * t_BA
0 0 0
t_wo + cam_pos
0.984343 0.886563 0
Time
1558446347183
Theta
0.822339
t_GA - R_GA * R_AB * t_BA
0 0 0
t_wo + cam_pos
0.984343 0.886563 0
Time
1558446347234
Theta
0.822339
t_GA - R_GA * R_AB * t_BA
0 0 0
t_wo + cam_pos
0.984343 0.886563 0
Time
1558446347284
Theta
0.822339
t_GA - R_GA * R_AB * t_BA
0 0 0
t_wo + cam_pos
0.984343 0.886563 0
Time
1558446347334
Theta
0.822339
t_GA - R_GA * R_AB * t_BA
0 0 0
t_wo + cam_pos
0.984343 0.886563 0
Time
1558446347385
Theta
0.822339
t_GA - R_GA * R_AB * t_BA
0 0 0
t_wo + cam_pos
0.984343 0.886563 0
Time
1558446347435
Theta
0.822339
t_GA - R_GA * R_AB * t_BA
0 0 0
t_wo + cam_pos
0.984343 0.886563 0
Time
1558446347485
Theta
0.822339
t_GA - R_GA * R_AB * t_BA
0 0 0
t_wo + cam_pos
0.984343 0.886563 0
Time
1558446347536
Theta
0.822339
t_GA - R_GA * R_AB * t_BA
0 0 0
t_wo + cam_pos
0.984343 0.886563 0
Time
1558446347586
Theta
0.822339
t_GA - R_GA * R_AB * t_BA
0 0 0
t_wo + cam_pos
0.984343 0.886563 0
Time
1558446347636
Theta
0.822339
t_GA - R_GA * R_AB * t_BA
0 0 0
t_wo + cam_pos
0.984343 0.886563 0
Time
1558446347687
Theta
0.822339
t_GA - R_GA * R_AB * t_BA
0 0 0
t_wo + cam_pos
0.984343 0.886563 0
Time
1558446347737
Theta
0.822339
t_GA - R_GA * R_AB * t_BA
0 0 0
t_wo + cam_pos
0.984343 0.886563 0
Time
1558446347787
Theta
0.822339
t_GA - R_GA * R_AB * t_BA
0 0 0
t_wo + cam_pos
0.984343 0.886563 0
Time
1558446347838
Theta
0.822339
t_GA - R_GA * R_AB * t_BA
0 0 0
t_wo + cam_pos
0.984343 0.886563 0
Time
1558446347888
Theta
0.822339
t_GA - R_GA * R_AB * t_BA
0 0 0
t_wo + cam_pos
0.984343 0.886563 0
Time
1558446347939
Theta
0.822339
t_GA - R_GA * R_AB * t_BA
0 0 0
t_wo + cam_pos
0.984343 0.886563 0
Time
1558446347989
Theta
0.822339
t_GA - R_GA * R_AB * t_BA
0 0 0
t_wo + cam_pos
0.984343 0.886563 0
Time
1558446348039
Theta
0.822339
t_GA - R_GA * R_AB * t_BA
0 0 0
t_wo + cam_pos
0.984343 0.886563 0
Time
1558446348090
Theta
0.822339
t_GA - R_GA * R_AB * t_BA
0 0 0
t_wo + cam_pos
0.984343 0.886563 0
Time
1558446348140
Theta
0.822339
t_GA - R_GA * R_AB * t_BA
0 0 0
t_wo + cam_pos
0.984343 0.886563 0
Time
1558446348190
Theta
0.822339
t_GA - R_GA * R_AB * t_BA
0 0 0
t_wo + cam_pos
0.984343 0.886563 0
Time
1558446348241
Theta
0.822339
t_GA - R_GA * R_AB * t_BA
0 0 0
t_wo + cam_pos
0.984343 0.886563 0
Time
1558446348291
Theta
0.822339
t_GA - R_GA * R_AB * t_BA
0 0 0
t_wo + cam_pos
0.984343 0.886563 0
Time
1558446348341
Theta
0.822339
t_GA - R_GA * R_AB * t_BA
0 0 0
t_wo + cam_pos
0.984343 0.886563 0
Time
1558446348392
Theta
0.822339
t_GA - R_GA * R_AB * t_BA
0 0 0
t_wo + cam_pos
0.984343 0.886563 0
Time
1558446348442
Theta
0.822339
t_GA - R_GA * R_AB * t_BA
0 0 0
t_wo + cam_pos
0.984343 0.886563 0
Time
1558446348493
Theta
0.822339
t_GA - R_GA * R_AB * t_BA
0 0 0
t_wo + cam_pos
0.984343 0.886563 0
Time
1558446348543
Theta
0.822339
t_GA - R_GA * R_AB * t_BA
0 0 0
t_wo + cam_pos
0.984343 0.886563 0
Time
1558446348593
Theta
0.822339
t_GA - R_GA * R_AB * t_BA
0 0 0
t_wo + cam_pos
0.984343 0.886563 0
Time
1558446348644
Theta
0.822339
t_GA - R_GA * R_AB * t_BA
0 0 0
t_wo + cam_pos
0.984343 0.886563 0
Time
1558446348694
Theta
0.822339
t_GA - R_GA * R_AB * t_BA
0 0 0
t_wo + cam_pos
0.984343 0.886563 0
Time
1558446348744
Theta
0.822339
t_GA - R_GA * R_AB * t_BA
0 0 0
t_wo + cam_pos
0.984343 0.886563 0
Time
1558446348795
Theta
0.822339
t_GA - R_GA * R_AB * t_BA
0 0 0
t_wo + cam_pos
0.984343 0.886563 0
Time
1558446348845
Theta
0.822339
t_GA - R_GA * R_AB * t_BA
0 0 0
t_wo + cam_pos
0.984343 0.886563 0
Time
1558446348895
Theta
0.822339
t_GA - R_GA * R_AB * t_BA
0 0 0
t_wo + cam_pos
0.984343 0.886563 0
Time
1558446348946
Theta
0.822339
t_GA - R_GA * R_AB * t_BA
0 0 0
t_wo + cam_pos
0.984343 0.886563 0
Time
1558446348996
Theta
0.822339
t_GA - R_GA * R_AB * t_BA
0 0 0
t_wo + cam_pos
0.984343 0.886563 0
Time
1558446349046
Theta
0.822339
t_GA - R_GA * R_AB * t_BA
0 0 0
t_wo + cam_pos
0.984343 0.886563 0
Time
1558446349097
Theta
0.822339
t_GA - R_GA * R_AB * t_BA
0 0 0
t_wo + cam_pos
0.984343 0.886563 0
Time
1558446349147
Theta
0.822339
t_GA - R_GA * R_AB * t_BA
0 0 0
t_wo + cam_pos
0.984343 0.886563 0
Time
1558446349198
Theta
0.822339
t_GA - R_GA * R_AB * t_BA
0 0 0
t_wo + cam_pos
0.984343 0.886563 0
Time
1558446349248
Theta
0.822339
t_GA - R_GA * R_AB * t_BA
0 0 0
t_wo + cam_pos
0.984343 0.886563 0
Time
1558446349298
Theta
0.822339
t_GA - R_GA * R_AB * t_BA
0 0 0
t_wo + cam_pos
0.984343 0.886563 0
Time
1558446349349
Theta
0.822339
t_GA - R_GA * R_AB * t_BA
0 0 0
t_wo + cam_pos
0.984343 0.886563 0
Time
1558446349399
Theta
0.822339
t_GA - R_GA * R_AB * t_BA
0 0 0
t_wo + cam_pos
0.984343 0.886563 0
Time
1558446349449
Theta
0.822339
t_GA - R_GA * R_AB * t_BA
0 0 0
t_wo + cam_pos
0.984343 0.886563 0
Time
1558446349500
Theta
0.822339
t_GA - R_GA * R_AB * t_BA
0 0 0
t_wo + cam_pos
0.984343 0.886563 0
Time
1558446349550
Theta
0.822339
t_GA - R_GA * R_AB * t_BA
0 0 0
t_wo + cam_pos
0.984343 0.886563 0
Time
1558446349600
Theta
0.822339
t_GA - R_GA * R_AB * t_BA
0 0 0
t_wo + cam_pos
0.984343 0.886563 0
Time
1558446349651
Theta
0.822339
t_GA - R_GA * R_AB * t_BA
0 0 0
t_wo + cam_pos
0.984343 0.886563 0
Time
1558446349701
Theta
0.822339
t_GA - R_GA * R_AB * t_BA
0 0 0
t_wo + cam_pos
0.984343 0.886563 0
Time
1558446349752
Theta
0.822339
t_GA - R_GA * R_AB * t_BA
0 0 0
t_wo + cam_pos
0.984343 0.886563 0
Time
1558446349802
Theta
0.822339
t_GA - R_GA * R_AB * t_BA
0 0 0
t_wo + cam_pos
0.984343 0.886563 0
Time
1558446349853
Theta
0.822339
t_GA - R_GA * R_AB * t_BA
0 0 0
t_wo + cam_pos
0.984343 0.886563 0
Time
1558446349903
Theta
0.822339
t_GA - R_GA * R_AB * t_BA
0 0 0
t_wo + cam_pos
0.984343 0.886563 0
Time
1558446349953
Theta
0.822339
t_GA - R_GA * R_AB * t_BA
0 0 0
t_wo + cam_pos
0.984343 0.886563 0
Time
1558446350004
Theta
0.822339
t_GA - R_GA * R_AB * t_BA
0 0 0
t_wo + cam_pos
0.984343 0.886563 0
Time
1558446350054
Theta
0.822339
t_GA - R_GA * R_AB * t_BA
0 0 0
t_wo + cam_pos
0.984343 0.886563 0
Time
1558446350105
Theta
0.822339
t_GA - R_GA * R_AB * t_BA
0 0 0
t_wo + cam_pos
0.984343 0.886563 0
Time
1558446350155
Theta
0.822339
t_GA - R_GA * R_AB * t_BA
0 0 0
t_wo + cam_pos
0.984343 0.886563 0
Time
1558446350205
Theta
0.822339
t_GA - R_GA * R_AB * t_BA
0 0 0
t_wo + cam_pos
0.984343 0.886563 0
Time
1558446350256
Theta
0.822339
t_GA - R_GA * R_AB * t_BA
0 0 0
t_wo + cam_pos
0.984343 0.886563 0
Time
1558446350306
Theta
0.822339
t_GA - R_GA * R_AB * t_BA
0 0 0
t_wo + cam_pos
0.984343 0.886563 0
Time
1558446350356
Theta
0.822339
t_GA - R_GA * R_AB * t_BA
0 0 0
t_wo + cam_pos
0.984343 0.886563 0
Time
1558446350407
Theta
0.822339
t_GA - R_GA * R_AB * t_BA
0 0 0
t_wo + cam_pos
0.984343 0.886563 0
Time
1558446350457
Theta
0.822339
t_GA - R_GA * R_AB * t_BA
0 0 0
t_wo + cam_pos
0.984343 0.886563 0
Time
1558446350508
Theta
0.822339
t_GA - R_GA * R_AB * t_BA
0 0 0
t_wo + cam_pos
0.984343 0.886563 0
Time
1558446350558
Theta
0.822339
t_GA - R_GA * R_AB * t_BA
0 0 0
t_wo + cam_pos
0.984343 0.886563 0
Time
1558446350608
Theta
0.822339
t_GA - R_GA * R_AB * t_BA
0 0 0
t_wo + cam_pos
0.984343 0.886563 0
Time
1558446350659
Theta
0.822339
t_GA - R_GA * R_AB * t_BA
0 0 0
t_wo + cam_pos
0.984343 0.886563 0
Time
1558446350709
Theta
0.822339
t_GA - R_GA * R_AB * t_BA
0 0 0
t_wo + cam_pos
0.984343 0.886563 0
Time
1558446350759
Theta
0.822339
t_GA - R_GA * R_AB * t_BA
0 0 0
t_wo + cam_pos
0.984343 0.886563 0
Time
1558446350810
Theta
0.822339
t_GA - R_GA * R_AB * t_BA
0 0 0
t_wo + cam_pos
0.984343 0.886563 0
Time
1558446350860
Theta
0.822339
t_GA - R_GA * R_AB * t_BA
0 0 0
t_wo + cam_pos
0.984343 0.886563 0
Time
1558446350911
Theta
0.822339
t_GA - R_GA * R_AB * t_BA
0 0 0
t_wo + cam_pos
0.984343 0.886563 0
Time
1558446350961
Theta
0.822339
t_GA - R_GA * R_AB * t_BA
0 0 0
t_wo + cam_pos
0.984343 0.886563 0
Time
1558446351011
Theta
0.822339
t_GA - R_GA * R_AB * t_BA
0 0 0
t_wo + cam_pos
0.984343 0.886563 0
Time
1558446351062
Theta
0.822339
t_GA - R_GA * R_AB * t_BA
0 0 0
t_wo + cam_pos
0.984343 0.886563 0
Time
1558446351112
Theta
0.822339
t_GA - R_GA * R_AB * t_BA
0 0 0
t_wo + cam_pos
0.984343 0.886563 0
Time
1558446351162
Theta
0.822339
t_GA - R_GA * R_AB * t_BA
0 0 0
t_wo + cam_pos
0.984343 0.886563 0
Time
1558446351213
Theta
0.822339
t_GA - R_GA * R_AB * t_BA
0 0 0
t_wo + cam_pos
0.984343 0.886563 0
Time
1558446351263
Theta
0.822339
t_GA - R_GA * R_AB * t_BA
0 0 0
t_wo + cam_pos
0.984343 0.886563 0
Time
1558446351313
Theta
0.822339
t_GA - R_GA * R_AB * t_BA
0 0 0
t_wo + cam_pos
0.984343 0.886563 0
Time
1558446351364
Theta
0.822339
t_GA - R_GA * R_AB * t_BA
0 0 0
t_wo + cam_pos
0.984343 0.886563 0
Time
1558446351414
Theta
0.822339
t_GA - R_GA * R_AB * t_BA
0 0 0
t_wo + cam_pos
0.984343 0.886563 0
Time
1558446351464
Theta
0.822339
t_GA - R_GA * R_AB * t_BA
0 0 0
t_wo + cam_pos
0.984343 0.886563 0
Time
1558446351515
Theta
0.822339
t_GA - R_GA * R_AB * t_BA
0 0 0
t_wo + cam_pos
0.984343 0.886563 0
Time
1558446351565
Theta
0.822339
t_GA - R_GA * R_AB * t_BA
0 0 0
t_wo + cam_pos
0.984343 0.886563 0
Time
1558446351616
Theta
0.822339
t_GA - R_GA * R_AB * t_BA
0 0 0
t_wo + cam_pos
0.984343 0.886563 0
Time
1558446351666
Theta
0.822339
t_GA - R_GA * R_AB * t_BA
0 0 0
t_wo + cam_pos
0.984343 0.886563 0
Time
1558446351716
Theta
0.822339
t_GA - R_GA * R_AB * t_BA
0 0 0
t_wo + cam_pos
0.984343 0.886563 0
Time
1558446351767
Theta
0.822339
t_GA - R_GA * R_AB * t_BA
0 0 0
t_wo + cam_pos
0.984343 0.886563 0
Time
1558446351817
Theta
0.822339
t_GA - R_GA * R_AB * t_BA
0 0 0
t_wo + cam_pos
0.984343 0.886563 0
Time
1558446351867
Theta
0.822339
t_GA - R_GA * R_AB * t_BA
0 0 0
t_wo + cam_pos
0.984343 0.886563 0
Time
1558446351918
Theta
0.822339
t_GA - R_GA * R_AB * t_BA
0 0 0
t_wo + cam_pos
0.984343 0.886563 0
Time
1558446351968
Theta
0.822339
t_GA - R_GA * R_AB * t_BA
0 0 0
t_wo + cam_pos
0.984343 0.886563 0
Time
1558446352018
Theta
0.822339
t_GA - R_GA * R_AB * t_BA
0 0 0
t_wo + cam_pos
0.984343 0.886563 0
Time
1558446352069
Theta
0.822339
t_GA - R_GA * R_AB * t_BA
0 0 0
t_wo + cam_pos
0.984343 0.886563 0
Time
1558446352119
Theta
0.822339
t_GA - R_GA * R_AB * t_BA
0 0 0
t_wo + cam_pos
0.984343 0.886563 0
Time
1558446352170
Theta
0.822339
t_GA - R_GA * R_AB * t_BA
0 0 0
t_wo + cam_pos
0.984343 0.886563 0
Time
1558446352220
Theta
0.822339
t_GA - R_GA * R_AB * t_BA
0 0 0
t_wo + cam_pos
0.984343 0.886563 0
Time
1558446352270
Theta
0.822339
t_GA - R_GA * R_AB * t_BA
0 0 0
t_wo + cam_pos
0.984343 0.886563 0
Time
1558446352321
Theta
0.822339
t_GA - R_GA * R_AB * t_BA
0 0 0
t_wo + cam_pos
0.984343 0.886563 0
Time
1558446352371
Theta
0.822339
t_GA - R_GA * R_AB * t_BA
0 0 0
t_wo + cam_pos
0.984343 0.886563 0
Time
1558446352421
Theta
0.822339
t_GA - R_GA * R_AB * t_BA
0 0 0
t_wo + cam_pos
0.984343 0.886563 0
Time
1558446352472
Theta
0.822339
t_GA - R_GA * R_AB * t_BA
0 0 0
t_wo + cam_pos
0.984343 0.886563 0
Time
1558446352522
Theta
0.822339
t_GA - R_GA * R_AB * t_BA
0 0 0
t_wo + cam_pos
0.984343 0.886563 0
Time
1558446352572
Theta
0.822339
t_GA - R_GA * R_AB * t_BA
0 0 0
t_wo + cam_pos
0.984343 0.886563 0
Time
1558446352623
Theta
0.822339
t_GA - R_GA * R_AB * t_BA
0 0 0
t_wo + cam_pos
0.984343 0.886563 0
Time
1558446352673
Theta
0.822339
t_GA - R_GA * R_AB * t_BA
0 0 0
t_wo + cam_pos
0.984343 0.886563 0
Time
1558446352724
Theta
0.822339
t_GA - R_GA * R_AB * t_BA
0 0 0
t_wo + cam_pos
0.984343 0.886563 0
Time
1558446352774
Theta
0.822339
t_GA - R_GA * R_AB * t_BA
0 0 0
t_wo + cam_pos
0.984343 0.886563 0
Time
1558446352824
Theta
0.822339
t_GA - R_GA * R_AB * t_BA
0 0 0
t_wo + cam_pos
0.984343 0.886563 0
Time
1558446352875
Theta
0.822339
t_GA - R_GA * R_AB * t_BA
0 0 0
t_wo + cam_pos
0.984343 0.886563 0
Time
1558446352925
Theta
0.822339
t_GA - R_GA * R_AB * t_BA
0 0 0
t_wo + cam_pos
0.984343 0.886563 0
Time
1558446352975
Theta
0.822339
t_GA - R_GA * R_AB * t_BA
0 0 0
t_wo + cam_pos
0.984343 0.886563 0
Time
1558446353026
Theta
0.822339
t_GA - R_GA * R_AB * t_BA
0 0 0
t_wo + cam_pos
0.984343 0.886563 0
Time
1558446353076
Theta
0.822339
t_GA - R_GA * R_AB * t_BA
0 0 0
t_wo + cam_pos
0.984343 0.886563 0
Time
1558446353126
Theta
0.822339
t_GA - R_GA * R_AB * t_BA
0 0 0
t_wo + cam_pos
0.984343 0.886563 0
Time
1558446353177
Theta
0.822339
t_GA - R_GA * R_AB * t_BA
0 0 0
t_wo + cam_pos
0.984343 0.886563 0
Time
1558446353227
Theta
0.822339
t_GA - R_GA * R_AB * t_BA
0 0 0
t_wo + cam_pos
0.984343 0.886563 0
Time
1558446353278
Theta
0.822339
t_GA - R_GA * R_AB * t_BA
0 0 0
t_wo + cam_pos
0.984343 0.886563 0
Time
1558446353328
Theta
0.822339
t_GA - R_GA * R_AB * t_BA
0 0 0
t_wo + cam_pos
0.984343 0.886563 0
Time
1558446353378
Theta
0.822339
t_GA - R_GA * R_AB * t_BA
0 0 0
t_wo + cam_pos
0.984343 0.886563 0
Time
1558446353429
Theta
0.822339
t_GA - R_GA * R_AB * t_BA
0 0 0
t_wo + cam_pos
0.984343 0.886563 0
Time
1558446353479
Theta
0.822339
t_GA - R_GA * R_AB * t_BA
0 0 0
t_wo + cam_pos
0.984343 0.886563 0
Time
1558446353529
Theta
0.822339
t_GA - R_GA * R_AB * t_BA
0 0 0
t_wo + cam_pos
0.984343 0.886563 0
Time
1558446353580
Theta
0.822339
t_GA - R_GA * R_AB * t_BA
0 0 0
t_wo + cam_pos
0.984343 0.886563 0
Time
1558446353630
Theta
0.822339
t_GA - R_GA * R_AB * t_BA
0 0 0
t_wo + cam_pos
0.984343 0.886563 0
Time
1558446353680
Theta
0.822339
t_GA - R_GA * R_AB * t_BA
0 0 0
t_wo + cam_pos
0.984343 0.886563 0
Time
1558446353731
Theta
0.822339
t_GA - R_GA * R_AB * t_BA
0 0 0
t_wo + cam_pos
0.984343 0.886563 0
Time
1558446353781
Theta
0.822339
t_GA - R_GA * R_AB * t_BA
0 0 0
t_wo + cam_pos
0.984343 0.886563 0
Time
1558446353832
Theta
0.822339
t_GA - R_GA * R_AB * t_BA
0 0 0
t_wo + cam_pos
0.984343 0.886563 0
Time
1558446353882
Theta
0.822339
t_GA - R_GA * R_AB * t_BA
0 0 0
t_wo + cam_pos
0.984343 0.886563 0
Time
1558446353932
Theta
0.822339
t_GA - R_GA * R_AB * t_BA
0 0 0
t_wo + cam_pos
0.984343 0.886563 0
Time
1558446353983
Theta
0.822339
t_GA - R_GA * R_AB * t_BA
0 0 0
t_wo + cam_pos
0.984343 0.886563 0
Time
1558446354033
Theta
0.822339
t_GA - R_GA * R_AB * t_BA
0 0 0
t_wo + cam_pos
0.984343 0.886563 0
Time
1558446354083
Theta
0.822339
t_GA - R_GA * R_AB * t_BA
0 0 0
t_wo + cam_pos
0.984343 0.886563 0
Time
1558446354134
Theta
0.822339
t_GA - R_GA * R_AB * t_BA
0 0 0
t_wo + cam_pos
0.984343 0.886563 0
Time
1558446354184
Theta
0.822339
t_GA - R_GA * R_AB * t_BA
0 0 0
t_wo + cam_pos
0.984343 0.886563 0
Time
1558446354234
Theta
0.822339
t_GA - R_GA * R_AB * t_BA
0 0 0
t_wo + cam_pos
0.984343 0.886563 0
Time
1558446354285
Theta
0.822339
t_GA - R_GA * R_AB * t_BA
0 0 0
t_wo + cam_pos
0.984343 0.886563 0
Time
1558446354335
Theta
0.822339
t_GA - R_GA * R_AB * t_BA
0 0 0
t_wo + cam_pos
0.984343 0.886563 0
Time
1558446354386
Theta
0.822339
t_GA - R_GA * R_AB * t_BA
0 0 0
t_wo + cam_pos
0.984343 0.886563 0
Time
1558446354436
Theta
0.822339
t_GA - R_GA * R_AB * t_BA
0 0 0
t_wo + cam_pos
0.984343 0.886563 0
Time
1558446354486
Theta
0.822339
t_GA - R_GA * R_AB * t_BA
0 0 0
t_wo + cam_pos
0.984343 0.886563 0
Time
1558446354537
Theta
0.822339
t_GA - R_GA * R_AB * t_BA
0 0 0
t_wo + cam_pos
0.984343 0.886563 0
Time
1558446354587
Theta
0.822339
t_GA - R_GA * R_AB * t_BA
0 0 0
t_wo + cam_pos
0.984343 0.886563 0
Time
1558446354637
Theta
0.822339
t_GA - R_GA * R_AB * t_BA
0 0 0
t_wo + cam_pos
0.984343 0.886563 0
Time
1558446354688
Theta
0.822339
t_GA - R_GA * R_AB * t_BA
0 0 0
t_wo + cam_pos
0.984343 0.886563 0
Time
1558446354738
Theta
0.822339
t_GA - R_GA * R_AB * t_BA
0 0 0
t_wo + cam_pos
0.984343 0.886563 0
Time
1558446354788
Theta
0.822339
t_GA - R_GA * R_AB * t_BA
0 0 0
t_wo + cam_pos
0.984343 0.886563 0
Time
1558446354839
Theta
0.822339
t_GA - R_GA * R_AB * t_BA
0 0 0
t_wo + cam_pos
0.984343 0.886563 0
Time
1558446354889
Theta
0.822339
t_GA - R_GA * R_AB * t_BA
0 0 0
t_wo + cam_pos
0.984343 0.886563 0
Time
1558446354940
Theta
0.822339
t_GA - R_GA * R_AB * t_BA
0 0 0
t_wo + cam_pos
0.984343 0.886563 0
Time
1558446354990
Theta
0.822339
t_GA - R_GA * R_AB * t_BA
0 0 0
t_wo + cam_pos
0.984343 0.886563 0
Time
1558446355040
Theta
0.822339
t_GA - R_GA * R_AB * t_BA
0 0 0
t_wo + cam_pos
0.984343 0.886563 0
Time
1558446355091
Theta
0.822339
t_GA - R_GA * R_AB * t_BA
0 0 0
t_wo + cam_pos
0.984343 0.886563 0
Time
1558446355141
Theta
0.822339
t_GA - R_GA * R_AB * t_BA
0 0 0
t_wo + cam_pos
0.984343 0.886563 0
Time
1558446355191
Theta
0.822339
t_GA - R_GA * R_AB * t_BA
0 0 0
t_wo + cam_pos
0.984343 0.886563 0
Time
1558446355242
Theta
0.822339
t_GA - R_GA * R_AB * t_BA
0 0 0
t_wo + cam_pos
0.984343 0.886563 0
Time
1558446355292
Theta
0.822339
t_GA - R_GA * R_AB * t_BA
0 0 0
t_wo + cam_pos
0.984343 0.886563 0
Time
1558446355342
Theta
0.822339
t_GA - R_GA * R_AB * t_BA
0 0 0
t_wo + cam_pos
0.984343 0.886563 0
Time
1558446355393
Theta
0.822339
t_GA - R_GA * R_AB * t_BA
0 0 0
t_wo + cam_pos
0.984343 0.886563 0
Time
1558446355443
Theta
0.822339
t_GA - R_GA * R_AB * t_BA
0 0 0
t_wo + cam_pos
0.984343 0.886563 0
Time
1558446355493
Theta
0.822339
t_GA - R_GA * R_AB * t_BA
0 0 0
t_wo + cam_pos
0.984343 0.886563 0
Time
1558446355544
Theta
0.822339
t_GA - R_GA * R_AB * t_BA
0 0 0
t_wo + cam_pos
0.984343 0.886563 0
Time
1558446355594
Theta
0.822339
t_GA - R_GA * R_AB * t_BA
0 0 0
t_wo + cam_pos
0.984343 0.886563 0
Time
1558446355645
Theta
0.822339
t_GA - R_GA * R_AB * t_BA
0 0 0
t_wo + cam_pos
0.984343 0.886563 0
Time
1558446355695
Theta
0.822339
t_GA - R_GA * R_AB * t_BA
0 0 0
t_wo + cam_pos
0.984343 0.886563 0
Time
1558446355745
Theta
0.822339
t_GA - R_GA * R_AB * t_BA
0 0 0
t_wo + cam_pos
0.984343 0.886563 0
Time
1558446355796
Theta
0.822339
t_GA - R_GA * R_AB * t_BA
0 0 0
t_wo + cam_pos
0.984343 0.886563 0
Time
1558446355846
Theta
0.822339
t_GA - R_GA * R_AB * t_BA
0 0 0
t_wo + cam_pos
0.984343 0.886563 0
Time
1558446355896
Theta
0.822339
t_GA - R_GA * R_AB * t_BA
0 0 0
t_wo + cam_pos
0.984343 0.886563 0
Time
1558446355947
Theta
0.822339
t_GA - R_GA * R_AB * t_BA
0 0 0
t_wo + cam_pos
0.984343 0.886563 0
Time
1558446355997
Theta
0.822339
t_GA - R_GA * R_AB * t_BA
0 0 0
t_wo + cam_pos
0.984343 0.886563 0
Time
1558446356047
Theta
0.822339
t_GA - R_GA * R_AB * t_BA
0 0 0
t_wo + cam_pos
0.984343 0.886563 0
Time
1558446356098
Theta
0.822339
t_GA - R_GA * R_AB * t_BA
0 0 0
t_wo + cam_pos
0.984343 0.886563 0
Time
1558446356148
Theta
0.822339
t_GA - R_GA * R_AB * t_BA
0 0 0
t_wo + cam_pos
0.984343 0.886563 0
Time
1558446356199
Theta
0.822339
t_GA - R_GA * R_AB * t_BA
0 0 0
t_wo + cam_pos
0.984343 0.886563 0
Time
1558446356249
Theta
0.822339
t_GA - R_GA * R_AB * t_BA
0 0 0
t_wo + cam_pos
0.984343 0.886563 0
Time
1558446356299
Theta
0.822339
t_GA - R_GA * R_AB * t_BA
0 0 0
t_wo + cam_pos
0.984343 0.886563 0
Time
1558446356350
Theta
0.822339
t_GA - R_GA * R_AB * t_BA
0 0 0
t_wo + cam_pos
0.984343 0.886563 0
Time
1558446356400
Theta
0.822339
t_GA - R_GA * R_AB * t_BA
0 0 0
t_wo + cam_pos
0.984343 0.886563 0
Time
1558446356450
Theta
0.822339
t_GA - R_GA * R_AB * t_BA
0 0 0
t_wo + cam_pos
0.984343 0.886563 0
Time
1558446356501
Theta
0.822339
t_GA - R_GA * R_AB * t_BA
0 0 0
t_wo + cam_pos
0.984343 0.886563 0
Time
1558446356551
Theta
0.822339
t_GA - R_GA * R_AB * t_BA
0 0 0
t_wo + cam_pos
0.984343 0.886563 0
Time
1558446356601
Theta
0.822339
t_GA - R_GA * R_AB * t_BA
0 0 0
t_wo + cam_pos
0.984343 0.886563 0
Time
1558446356652
Theta
0.822339
t_GA - R_GA * R_AB * t_BA
0 0 0
t_wo + cam_pos
0.984343 0.886563 0
Time
1558446356702
Theta
0.822339
t_GA - R_GA * R_AB * t_BA
0 0 0
t_wo + cam_pos
0.984343 0.886563 0
Time
1558446356753
Theta
0.822339
t_GA - R_GA * R_AB * t_BA
0 0 0
t_wo + cam_pos
0.984343 0.886563 0
Time
1558446356803
Theta
0.822339
t_GA - R_GA * R_AB * t_BA
0 0 0
t_wo + cam_pos
0.984343 0.886563 0
Time
1558446356853
Theta
0.822339
t_GA - R_GA * R_AB * t_BA
0 0 0
t_wo + cam_pos
0.984343 0.886563 0
Time
1558446356904
Theta
0.822339
t_GA - R_GA * R_AB * t_BA
0 0 0
t_wo + cam_pos
0.984343 0.886563 0
Time
1558446356954
Theta
0.822339
t_GA - R_GA * R_AB * t_BA
0 0 0
t_wo + cam_pos
0.984343 0.886563 0
Time
1558446357004
Theta
0.822339
t_GA - R_GA * R_AB * t_BA
0 0 0
t_wo + cam_pos
0.984343 0.886563 0
Time
1558446357055
Theta
0.822339
t_GA - R_GA * R_AB * t_BA
0 0 0
t_wo + cam_pos
0.984343 0.886563 0
Time
1558446357105
Theta
0.822339
t_GA - R_GA * R_AB * t_BA
0 0 0
t_wo + cam_pos
0.984343 0.886563 0
Time
1558446357155
Theta
0.822339
t_GA - R_GA * R_AB * t_BA
0 0 0
t_wo + cam_pos
0.984343 0.886563 0
Time
1558446357206
Theta
0.822339
t_GA - R_GA * R_AB * t_BA
0 0 0
t_wo + cam_pos
0.984343 0.886563 0
Time
1558446357256
Theta
0.822339
t_GA - R_GA * R_AB * t_BA
0 0 0
t_wo + cam_pos
0.984343 0.886563 0
Time
1558446357306
Theta
0.822339
t_GA - R_GA * R_AB * t_BA
0 0 0
t_wo + cam_pos
0.984343 0.886563 0
Time
1558446357357
Theta
0.822339
t_GA - R_GA * R_AB * t_BA
0 0 0
t_wo + cam_pos
0.984343 0.886563 0
Time
1558446357407
Theta
0.822339
t_GA - R_GA * R_AB * t_BA
0 0 0
t_wo + cam_pos
0.984343 0.886563 0
Time
1558446357457
Theta
0.822339
t_GA - R_GA * R_AB * t_BA
0 0 0
t_wo + cam_pos
0.984343 0.886563 0
Time
1558446357508
Theta
0.822339
t_GA - R_GA * R_AB * t_BA
0 0 0
t_wo + cam_pos
0.984343 0.886563 0
Time
1558446357558
Theta
0.822339
t_GA - R_GA * R_AB * t_BA
0 0 0
t_wo + cam_pos
0.984343 0.886563 0
Time
1558446357609
Theta
0.822339
t_GA - R_GA * R_AB * t_BA
0 0 0
t_wo + cam_pos
0.984343 0.886563 0
Time
1558446357659
Theta
0.822339
t_GA - R_GA * R_AB * t_BA
0 0 0
t_wo + cam_pos
0.984343 0.886563 0
Time
1558446357709
Theta
0.822339
t_GA - R_GA * R_AB * t_BA
0 0 0
t_wo + cam_pos
0.984343 0.886563 0
Time
1558446357760
Theta
0.822339
t_GA - R_GA * R_AB * t_BA
0 0 0
t_wo + cam_pos
0.984343 0.886563 0
Time
1558446357810
Theta
0.822339
t_GA - R_GA * R_AB * t_BA
0 0 0
t_wo + cam_pos
0.984343 0.886563 0
Time
1558446357860
Theta
0.822339
t_GA - R_GA * R_AB * t_BA
0 0 0
t_wo + cam_pos
0.984343 0.886563 0
Time
1558446357911
Theta
0.822339
t_GA - R_GA * R_AB * t_BA
0 0 0
t_wo + cam_pos
0.984343 0.886563 0
Time
1558446357961
Theta
0.822339
t_GA - R_GA * R_AB * t_BA
0 0 0
t_wo + cam_pos
0.984343 0.886563 0
Time
1558446358012
Theta
0.822339
t_GA - R_GA * R_AB * t_BA
0 0 0
t_wo + cam_pos
0.984343 0.886563 0
Time
1558446358062
Theta
0.822339
t_GA - R_GA * R_AB * t_BA
0 0 0
t_wo + cam_pos
0.984343 0.886563 0
Time
1558446358112
Theta
0.822339
t_GA - R_GA * R_AB * t_BA
0 0 0
t_wo + cam_pos
0.984343 0.886563 0
Time
1558446358163
Theta
0.822339
t_GA - R_GA * R_AB * t_BA
0 0 0
t_wo + cam_pos
0.984343 0.886563 0
Time
1558446358213
Theta
0.822339
t_GA - R_GA * R_AB * t_BA
0 0 0
t_wo + cam_pos
0.984343 0.886563 0
Time
1558446358263
Theta
0.822339
t_GA - R_GA * R_AB * t_BA
0 0 0
t_wo + cam_pos
0.984343 0.886563 0
Time
1558446358314
Theta
0.822339
t_GA - R_GA * R_AB * t_BA
0 0 0
t_wo + cam_pos
0.984343 0.886563 0
Time
1558446358364
Theta
0.822339
t_GA - R_GA * R_AB * t_BA
0 0 0
t_wo + cam_pos
0.984343 0.886563 0
Time
1558446358414
Theta
0.822339
t_GA - R_GA * R_AB * t_BA
0 0 0
t_wo + cam_pos
0.984343 0.886563 0
Time
1558446358465
Theta
0.822339
t_GA - R_GA * R_AB * t_BA
0 0 0
t_wo + cam_pos
0.984343 0.886563 0
Time
1558446358515
Theta
0.822339
t_GA - R_GA * R_AB * t_BA
0 0 0
t_wo + cam_pos
0.984343 0.886563 0
Time
1558446358565
Theta
0.822339
t_GA - R_GA * R_AB * t_BA
0 0 0
t_wo + cam_pos
0.984343 0.886563 0
Time
1558446358616
Theta
0.822339
t_GA - R_GA * R_AB * t_BA
0 0 0
t_wo + cam_pos
0.984343 0.886563 0
Time
1558446358666
Theta
0.822339
t_GA - R_GA * R_AB * t_BA
0 0 0
t_wo + cam_pos
0.984343 0.886563 0
Time
1558446358717
Theta
0.822339
t_GA - R_GA * R_AB * t_BA
0 0 0
t_wo + cam_pos
0.984343 0.886563 0
Time
1558446358767
Theta
0.822339
t_GA - R_GA * R_AB * t_BA
0 0 0
t_wo + cam_pos
0.984343 0.886563 0
Time
1558446358817
Theta
0.822339
t_GA - R_GA * R_AB * t_BA
0 0 0
t_wo + cam_pos
0.984343 0.886563 0
Time
1558446358868
Theta
0.822339
t_GA - R_GA * R_AB * t_BA
0 0 0
t_wo + cam_pos
0.984343 0.886563 0
Time
1558446358918
Theta
0.822339
t_GA - R_GA * R_AB * t_BA
0 0 0
t_wo + cam_pos
0.984343 0.886563 0
Time
1558446358968
Theta
0.822339
t_GA - R_GA * R_AB * t_BA
0 0 0
t_wo + cam_pos
0.984343 0.886563 0
Time
1558446359019
Theta
0.822339
t_GA - R_GA * R_AB * t_BA
0 0 0
t_wo + cam_pos
0.984343 0.886563 0
Time
1558446359069
Theta
0.822339
t_GA - R_GA * R_AB * t_BA
0 0 0
t_wo + cam_pos
0.984343 0.886563 0
Time
1558446359119
Theta
0.822339
t_GA - R_GA * R_AB * t_BA
0 0 0
t_wo + cam_pos
0.984343 0.886563 0
Time
1558446359170
Theta
0.822339
t_GA - R_GA * R_AB * t_BA
0 0 0
t_wo + cam_pos
0.984343 0.886563 0
Time
1558446359220
Theta
0.822339
t_GA - R_GA * R_AB * t_BA
0 0 0
t_wo + cam_pos
0.984343 0.886563 0
Time
1558446359270
Theta
0.822339
t_GA - R_GA * R_AB * t_BA
0 0 0
t_wo + cam_pos
0.984343 0.886563 0
Time
1558446359321
Theta
0.822339
t_GA - R_GA * R_AB * t_BA
0 0 0
t_wo + cam_pos
0.984343 0.886563 0
Time
1558446359371
Theta
0.822339
t_GA - R_GA * R_AB * t_BA
0 0 0
t_wo + cam_pos
0.984343 0.886563 0
Time
1558446359421
Theta
0.822339
t_GA - R_GA * R_AB * t_BA
0 0 0
t_wo + cam_pos
0.984343 0.886563 0
Time
1558446359472
Theta
0.822339
t_GA - R_GA * R_AB * t_BA
0 0 0
t_wo + cam_pos
0.984343 0.886563 0
Time
1558446359522
Theta
0.822339
t_GA - R_GA * R_AB * t_BA
0 0 0
t_wo + cam_pos
0.984343 0.886563 0
Time
1558446359572
Theta
0.822339
t_GA - R_GA * R_AB * t_BA
0 0 0
t_wo + cam_pos
0.984343 0.886563 0
Time
1558446359623
Theta
0.822339
t_GA - R_GA * R_AB * t_BA
0 0 0
t_wo + cam_pos
0.984343 0.886563 0
Time
1558446359673
Theta
0.822339
t_GA - R_GA * R_AB * t_BA
0 0 0
t_wo + cam_pos
0.984343 0.886563 0
Time
1558446359724
Theta
0.822339
t_GA - R_GA * R_AB * t_BA
0 0 0
t_wo + cam_pos
0.984343 0.886563 0
Time
1558446359774
Theta
0.822339
t_GA - R_GA * R_AB * t_BA
0 0 0
t_wo + cam_pos
0.984343 0.886563 0
Time
1558446359824
Theta
0.822339
t_GA - R_GA * R_AB * t_BA
0 0 0
t_wo + cam_pos
0.984343 0.886563 0
Time
1558446359875
Theta
0.822339
t_GA - R_GA * R_AB * t_BA
0 0 0
t_wo + cam_pos
0.984343 0.886563 0
Time
1558446359925
Theta
0.822339
t_GA - R_GA * R_AB * t_BA
0 0 0
t_wo + cam_pos
0.984343 0.886563 0
Time
1558446359975
Theta
0.822339
t_GA - R_GA * R_AB * t_BA
0 0 0
t_wo + cam_pos
0.984343 0.886563 0
Time
1558446360026
Theta
0.822339
t_GA - R_GA * R_AB * t_BA
0 0 0
t_wo + cam_pos
0.984343 0.886563 0
Time
1558446360076
Theta
0.822339
t_GA - R_GA * R_AB * t_BA
0 0 0
t_wo + cam_pos
0.984343 0.886563 0
Time
1558446360126
Theta
0.822339
t_GA - R_GA * R_AB * t_BA
0 0 0
t_wo + cam_pos
0.984343 0.886563 0
Time
1558446360177
Theta
0.822339
t_GA - R_GA * R_AB * t_BA
0 0 0
t_wo + cam_pos
0.984343 0.886563 0
Time
1558446360227
Theta
0.822339
t_GA - R_GA * R_AB * t_BA
0 0 0
t_wo + cam_pos
0.984343 0.886563 0
Time
1558446360277
Theta
0.822339
t_GA - R_GA * R_AB * t_BA
0 0 0
t_wo + cam_pos
0.984343 0.886563 0
Time
1558446360328
Theta
0.822339
t_GA - R_GA * R_AB * t_BA
0 0 0
t_wo + cam_pos
0.984343 0.886563 0
Time
1558446360378
Theta
0.822339
t_GA - R_GA * R_AB * t_BA
0 0 0
t_wo + cam_pos
0.984343 0.886563 0
Time
1558446360429
Theta
0.822339
t_GA - R_GA * R_AB * t_BA
0 0 0
t_wo + cam_pos
0.984343 0.886563 0
Time
1558446360479
Theta
0.822339
t_GA - R_GA * R_AB * t_BA
0 0 0
t_wo + cam_pos
0.984343 0.886563 0
Time
1558446360529
Theta
0.822339
t_GA - R_GA * R_AB * t_BA
0 0 0
t_wo + cam_pos
0.984343 0.886563 0
Time
1558446360580
Theta
0.822339
t_GA - R_GA * R_AB * t_BA
0 0 0
t_wo + cam_pos
0.984343 0.886563 0
Time
1558446360630
Theta
0.822339
t_GA - R_GA * R_AB * t_BA
0 0 0
t_wo + cam_pos
0.984343 0.886563 0
Time
1558446360680
Theta
0.822339
t_GA - R_GA * R_AB * t_BA
0 0 0
t_wo + cam_pos
0.984343 0.886563 0
Time
1558446360731
Theta
0.822339
t_GA - R_GA * R_AB * t_BA
0 0 0
t_wo + cam_pos
0.984343 0.886563 0
Time
1558446360781
Theta
0.822339
t_GA - R_GA * R_AB * t_BA
0 0 0
t_wo + cam_pos
0.984343 0.886563 0
Time
1558446360832
Theta
0.822339
t_GA - R_GA * R_AB * t_BA
0 0 0
t_wo + cam_pos
0.984343 0.886563 0
Time
1558446360882
Theta
0.822339
t_GA - R_GA * R_AB * t_BA
0 0 0
t_wo + cam_pos
0.984343 0.886563 0
Time
1558446360932
Theta
0.822339
t_GA - R_GA * R_AB * t_BA
0 0 0
t_wo + cam_pos
0.984343 0.886563 0
Time
1558446360983
Theta
0.822339
t_GA - R_GA * R_AB * t_BA
0 0 0
t_wo + cam_pos
0.984343 0.886563 0
Time
1558446361033
Theta
0.822339
t_GA - R_GA * R_AB * t_BA
0 0 0
t_wo + cam_pos
0.984343 0.886563 0
Time
1558446361083
Theta
0.822339
t_GA - R_GA * R_AB * t_BA
0 0 0
t_wo + cam_pos
0.984343 0.886563 0
Time
1558446361134
Theta
0.822339
t_GA - R_GA * R_AB * t_BA
0 0 0
t_wo + cam_pos
0.984343 0.886563 0
Time
1558446361184
Theta
0.822339
t_GA - R_GA * R_AB * t_BA
0 0 0
t_wo + cam_pos
0.984343 0.886563 0
Time
1558446361234
Theta
0.822339
t_GA - R_GA * R_AB * t_BA
0 0 0
t_wo + cam_pos
0.984343 0.886563 0
Time
1558446361285
Theta
0.822339
t_GA - R_GA * R_AB * t_BA
0 0 0
t_wo + cam_pos
0.984343 0.886563 0
Time
1558446384185
Theta
0.822339
