awdqwd
t_GA - R_GA * R_AB * t_BA
1558437716216 0 0 0
t_wo + cam_pos
1558437716216 0.9 0 0
Theta
0
t_GA - R_GA * R_AB * t_BA
1558437716221 0 0 0
t_wo + cam_pos
1558437716221 0.9 0 0
Theta
0
t_GA - R_GA * R_AB * t_BA
1558437716226 0 0 0
t_wo + cam_pos
1558437716226 0.0920732 -0.0258902 0
Theta
-0.274113
t_GA - R_GA * R_AB * t_BA
1558437716232 0 0 0
t_wo + cam_pos
1558437716232 0.0920732 -0.0258902 0
Theta
-0.274113
t_GA - R_GA * R_AB * t_BA
1558437716237 0 0 0
t_wo + cam_pos
1558437716237 0.0920732 -0.0258902 0
Theta
-0.274113
t_GA - R_GA * R_AB * t_BA
1558437716242 0 0 0
t_wo + cam_pos
1558437716242 0.0920732 -0.0258902 0
Theta
-0.274113
t_GA - R_GA * R_AB * t_BA
1558437716247 0 0 0
t_wo + cam_pos
1558437716247 0.0920732 -0.0258902 0
Theta
-0.274113
t_GA - R_GA * R_AB * t_BA
1558437716253 0 0 0
t_wo + cam_pos
1558437716253 0.0920732 -0.0258902 0
Theta
-0.274113
t_GA - R_GA * R_AB * t_BA
1558437716258 0 0 0
t_wo + cam_pos
1558437716258 -0.692699 0.167886 0
Theta
-0.548226
t_GA - R_GA * R_AB * t_BA
1558437716263 0 0 0
t_wo + cam_pos
1558437716263 -0.692699 0.167886 0
Theta
-0.548226
t_GA - R_GA * R_AB * t_BA
1558437716268 0 0 0
t_wo + cam_pos
1558437716268 -0.692699 0.167886 0
Theta
-0.548226
t_GA - R_GA * R_AB * t_BA
1558437716274 0 0 0
t_wo + cam_pos
1558437716274 -0.692699 0.167886 0
Theta
-0.548226
t_GA - R_GA * R_AB * t_BA
1558437716279 0 0 0
t_wo + cam_pos
1558437716279 -0.692699 0.167886 0
Theta
-0.548226
t_GA - R_GA * R_AB * t_BA
1558437716284 0 0 0
t_wo + cam_pos
1558437716284 -0.692699 0.167886 0
Theta
-0.548226
t_GA - R_GA * R_AB * t_BA
1558437716290 0 0 0
t_wo + cam_pos
1558437716290 -0.692699 0.167886 0
Theta
-0.548226
t_GA - R_GA * R_AB * t_BA
1558437716295 0 0 0
t_wo + cam_pos
1558437716295 -0.692699 0.167886 0
Theta
-0.548226
t_GA - R_GA * R_AB * t_BA
1558437716300 0 0 0
t_wo + cam_pos
1558437716300 -0.692699 0.167886 0
Theta
-0.548226
t_GA - R_GA * R_AB * t_BA
1558437716306 0 0 0
t_wo + cam_pos
1558437716306 -0.692699 0.167886 0
Theta
-0.548226
t_GA - R_GA * R_AB * t_BA
1558437716327 0 0 0
t_wo + cam_pos
1558437716327 -0.692699 0.167886 0
Theta
-0.548226
t_GA - R_GA * R_AB * t_BA
1558437716351 0 0 0
t_wo + cam_pos
1558437716351 -0.692699 0.167886 0
Theta
-0.548226
t_GA - R_GA * R_AB * t_BA
1558437716376 0 0 0
t_wo + cam_pos
1558437716376 -0.692699 0.167886 0
Theta
-0.548226
t_GA - R_GA * R_AB * t_BA
1558437716396 0 0 0
t_wo + cam_pos
1558437716396 -0.692699 0.167886 0
Theta
-0.548226
t_GA - R_GA * R_AB * t_BA
1558437716421 0 0 0
t_wo + cam_pos
1558437716421 -0.692699 0.167886 0
Theta
-0.548226
t_GA - R_GA * R_AB * t_BA
1558437716445 0 0 0
t_wo + cam_pos
1558437716446 -0.692699 0.167886 0
Theta
-0.548226
t_GA - R_GA * R_AB * t_BA
1558437716470 0 0 0
t_wo + cam_pos
1558437716470 -0.692699 0.167886 0
Theta
-0.548226
t_GA - R_GA * R_AB * t_BA
1558437716495 0 0 0
t_wo + cam_pos
1558437716495 -0.692699 0.167886 0
Theta
-0.548226
t_GA - R_GA * R_AB * t_BA
1558437716519 0 0 0
t_wo + cam_pos
1558437716519 -0.692699 0.167886 0
Theta
-0.548226
t_GA - R_GA * R_AB * t_BA
1558437716540 0 0 0
t_wo + cam_pos
1558437716540 -0.692699 0.167886 0
Theta
-0.548226
t_GA - R_GA * R_AB * t_BA
1558437716564 0 0 0
t_wo + cam_pos
1558437716564 -0.692699 0.167886 0
Theta
-0.548226
t_GA - R_GA * R_AB * t_BA
1558437716589 0 0 0
t_wo + cam_pos
1558437716589 -0.692699 0.167886 0
Theta
-0.548226
t_GA - R_GA * R_AB * t_BA
1558437716613 0 0 0
t_wo + cam_pos
1558437716614 -0.692699 0.167886 0
Theta
-0.548226
t_GA - R_GA * R_AB * t_BA
1558437716638 0 0 0
t_wo + cam_pos
1558437716638 -0.692699 0.167886 0
Theta
-0.548226
t_GA - R_GA * R_AB * t_BA
1558437716663 0 0 0
t_wo + cam_pos
1558437716663 -0.692699 0.167886 0
Theta
-0.548226
t_GA - R_GA * R_AB * t_BA
1558437716683 0 0 0
t_wo + cam_pos
1558437716683 -0.692699 0.167886 0
Theta
-0.548226
t_GA - R_GA * R_AB * t_BA
1558437716708 0 0 0
t_wo + cam_pos
1558437716708 -0.692699 0.167886 0
Theta
-0.548226
t_GA - R_GA * R_AB * t_BA
1558437716732 0 0 0
t_wo + cam_pos
1558437716732 -0.692699 0.167886 0
Theta
-0.548226
t_GA - R_GA * R_AB * t_BA
1558437716757 0 0 0
t_wo + cam_pos
1558437716757 -0.692699 0.167886 0
Theta
-0.548226
t_GA - R_GA * R_AB * t_BA
1558437716781 0 0 0
t_wo + cam_pos
1558437716781 -0.692699 0.167886 0
Theta
-0.548226
t_GA - R_GA * R_AB * t_BA
1558437716806 0 0 0
t_wo + cam_pos
1558437716806 -0.692699 0.167886 0
Theta
-0.548226
t_GA - R_GA * R_AB * t_BA
1558437716826 0 0 0
t_wo + cam_pos
1558437716826 -0.692699 0.167886 0
Theta
-0.548226
t_GA - R_GA * R_AB * t_BA
1558437716851 0 0 0
t_wo + cam_pos
1558437716851 -0.692699 0.167886 0
Theta
-0.548226
t_GA - R_GA * R_AB * t_BA
1558437716876 0 0 0
t_wo + cam_pos
1558437716876 -0.692699 0.167886 0
Theta
-0.548226
t_GA - R_GA * R_AB * t_BA
1558437716900 0 0 0
t_wo + cam_pos
1558437716900 -0.692699 0.167886 0
Theta
-0.548226
t_GA - R_GA * R_AB * t_BA
1558437716925 0 0 0
t_wo + cam_pos
1558437716925 -0.692699 0.167886 0
Theta
-0.548226
t_GA - R_GA * R_AB * t_BA
1558437716949 0 0 0
t_wo + cam_pos
1558437716949 -0.692699 0.167886 0
Theta
-0.548226
t_GA - R_GA * R_AB * t_BA
1558437716970 0 0 0
t_wo + cam_pos
1558437716970 -0.692699 0.167886 0
Theta
-0.548226
t_GA - R_GA * R_AB * t_BA
1558437716994 0 0 0
t_wo + cam_pos
1558437716994 -0.692699 0.167886 0
Theta
-0.548226
t_GA - R_GA * R_AB * t_BA
1558437717019 0 0 0
t_wo + cam_pos
1558437717019 -0.692699 0.167886 0
Theta
-0.548226
t_GA - R_GA * R_AB * t_BA
1558437717043 0 0 0
t_wo + cam_pos
1558437717043 -0.692699 0.167886 0
Theta
-0.548226
t_GA - R_GA * R_AB * t_BA
1558437717068 0 0 0
t_wo + cam_pos
1558437717068 -0.692699 0.167886 0
Theta
-0.548226
t_GA - R_GA * R_AB * t_BA
1558437717093 0 0 0
t_wo + cam_pos
1558437717093 -0.692699 0.167886 0
Theta
-0.548226
t_GA - R_GA * R_AB * t_BA
1558437717113 0 0 0
t_wo + cam_pos
1558437717113 -0.692699 0.167886 0
Theta
-0.548226
t_GA - R_GA * R_AB * t_BA
1558437717138 0 0 0
t_wo + cam_pos
1558437717138 -0.692699 0.167886 0
Theta
-0.548226
t_GA - R_GA * R_AB * t_BA
1558437717162 0 0 0
t_wo + cam_pos
1558437717162 -0.692699 0.167886 0
Theta
-0.548226
t_GA - R_GA * R_AB * t_BA
1558437717187 0 0 0
t_wo + cam_pos
1558437717187 -0.692699 0.167886 0
Theta
-0.548226
t_GA - R_GA * R_AB * t_BA
1558437717211 0 0 0
t_wo + cam_pos
1558437717211 -0.692699 0.167886 0
Theta
-0.548226
t_GA - R_GA * R_AB * t_BA
1558437717236 0 0 0
t_wo + cam_pos
1558437717236 -0.692699 0.167886 0
Theta
-0.548226
t_GA - R_GA * R_AB * t_BA
1558437717256 0 0 0
t_wo + cam_pos
1558437717256 -0.692699 0.167886 0
Theta
-0.548226
t_GA - R_GA * R_AB * t_BA
1558437717281 0 0 0
t_wo + cam_pos
1558437717281 -0.692699 0.167886 0
Theta
-0.548226
t_GA - R_GA * R_AB * t_BA
1558437717306 0 0 0
t_wo + cam_pos
1558437717306 -0.692699 0.167886 0
Theta
-0.548226
t_GA - R_GA * R_AB * t_BA
1558437717330 0 0 0
t_wo + cam_pos
1558437717330 -0.692699 0.167886 0
Theta
-0.548226
t_GA - R_GA * R_AB * t_BA
1558437717355 0 0 0
t_wo + cam_pos
1558437717355 -0.692699 0.167886 0
Theta
-0.548226
t_GA - R_GA * R_AB * t_BA
1558437717379 0 0 0
t_wo + cam_pos
1558437717379 -0.692699 0.167886 0
Theta
-0.548226
t_GA - R_GA * R_AB * t_BA
1558437717404 0 0 0
t_wo + cam_pos
1558437717404 -0.692699 0.167886 0
Theta
-0.548226
t_GA - R_GA * R_AB * t_BA
1558437717424 0 0 0
t_wo + cam_pos
1558437717424 -0.692699 0.167886 0
Theta
-0.548226
t_GA - R_GA * R_AB * t_BA
1558437717449 0 0 0
t_wo + cam_pos
1558437717449 -0.692699 0.167886 0
Theta
-0.548226
t_GA - R_GA * R_AB * t_BA
1558437717474 0 0 0
t_wo + cam_pos
1558437717474 -0.692699 0.167886 0
Theta
-0.548226
t_GA - R_GA * R_AB * t_BA
1558437717498 0 0 0
t_wo + cam_pos
1558437717498 -0.692699 0.167886 0
Theta
-0.548226
t_GA - R_GA * R_AB * t_BA
1558437717523 0 0 0
t_wo + cam_pos
1558437717523 -0.692699 0.167886 0
Theta
-0.548226
t_GA - R_GA * R_AB * t_BA
1558437717547 0 0 0
t_wo + cam_pos
1558437717547 -0.692699 0.167886 0
Theta
-0.548226
t_GA - R_GA * R_AB * t_BA
1558437717568 0 0 0
t_wo + cam_pos
1558437717568 -0.692699 0.167886 0
Theta
-0.548226
t_GA - R_GA * R_AB * t_BA
1558437717592 0 0 0
t_wo + cam_pos
1558437717592 -0.692699 0.167886 0
Theta
-0.548226
t_GA - R_GA * R_AB * t_BA
1558437717617 0 0 0
t_wo + cam_pos
1558437717617 -0.692699 0.167886 0
Theta
-0.548226
t_GA - R_GA * R_AB * t_BA
1558437717642 0 0 0
t_wo + cam_pos
1558437717642 -0.692699 0.167886 0
Theta
-0.548226
t_GA - R_GA * R_AB * t_BA
1558437717666 0 0 0
t_wo + cam_pos
1558437717666 -0.692699 0.167886 0
Theta
-0.548226
t_GA - R_GA * R_AB * t_BA
1558437717691 0 0 0
t_wo + cam_pos
1558437717691 -0.692699 0.167886 0
Theta
-0.548226
t_GA - R_GA * R_AB * t_BA
1558437717711 0 0 0
t_wo + cam_pos
1558437717711 -0.692699 0.167886 0
Theta
-0.548226
t_GA - R_GA * R_AB * t_BA
1558437717736 0 0 0
t_wo + cam_pos
1558437717736 -0.692699 0.167886 0
Theta
-0.548226
t_GA - R_GA * R_AB * t_BA
1558437717760 0 0 0
t_wo + cam_pos
1558437717760 -0.692699 0.167886 0
Theta
-0.548226
t_GA - R_GA * R_AB * t_BA
1558437717785 0 0 0
t_wo + cam_pos
1558437717785 -0.692699 0.167886 0
Theta
-0.548226
t_GA - R_GA * R_AB * t_BA
1558437717809 0 0 0
t_wo + cam_pos
1558437717809 -0.692699 0.167886 0
Theta
-0.548226
t_GA - R_GA * R_AB * t_BA
1558437717834 0 0 0
t_wo + cam_pos
1558437717834 -0.692699 0.167886 0
Theta
-0.548226
t_GA - R_GA * R_AB * t_BA
1558437717854 0 0 0
t_wo + cam_pos
1558437717854 -0.692699 0.167886 0
Theta
-0.548226
t_GA - R_GA * R_AB * t_BA
1558437717879 0 0 0
t_wo + cam_pos
1558437717879 -0.692699 0.167886 0
Theta
-0.548226
