t_GA - R_GA * R_AB * t_BA
0 0 0
t_wo + t_wo_cam
1.19791 0 0
Time
1558536542810
Theta
0
t_GA - R_GA * R_AB * t_BA
0 0 0
t_wo + t_wo_cam
1.19791 0 0
Time
1558536542860
Theta
0
t_GA - R_GA * R_AB * t_BA
0 0 0
t_wo + t_wo_cam
1.3077 -0.283945 0
Time
1558536542911
Theta
-0.274113
t_GA - R_GA * R_AB * t_BA
0 0 0
t_wo + t_wo_cam
1.3077 -0.283945 0
Time
1558536542961
Theta
-0.274113
t_GA - R_GA * R_AB * t_BA
0 0 0
t_wo + t_wo_cam
1.3077 -0.283945 0
Time
1558536543011
Theta
-0.274113
t_GA - R_GA * R_AB * t_BA
0 0 0
t_wo + t_wo_cam
1.3077 -0.283945 0
Time
1558536543062
Theta
-0.274113
t_GA - R_GA * R_AB * t_BA
0 0 0
t_wo + t_wo_cam
1.3077 -0.283945 0
Time
1558536543112
Theta
-0.274113
t_GA - R_GA * R_AB * t_BA
0 0 0
t_wo + t_wo_cam
1.3077 -0.283945 0
Time
1558536543163
Theta
-0.274113
t_GA - R_GA * R_AB * t_BA
0 0 0
t_wo + t_wo_cam
1.33653 -0.587009 0
Time
1558536543213
Theta
-0.548226
t_GA - R_GA * R_AB * t_BA
0 0 0
t_wo + t_wo_cam
1.33653 -0.587009 0
Time
1558536543263
Theta
-0.548226
t_GA - R_GA * R_AB * t_BA
0 0 0
t_wo + t_wo_cam
1.33653 -0.587009 0
Time
1558536543314
Theta
-0.548226
t_GA - R_GA * R_AB * t_BA
0 0 0
t_wo + t_wo_cam
1.33653 -0.587009 0
Time
1558536543364
Theta
-0.548226
t_GA - R_GA * R_AB * t_BA
0 0 0
t_wo + t_wo_cam
1.33653 -0.587009 0
Time
1558536543414
Theta
-0.548226
t_GA - R_GA * R_AB * t_BA
0 0 0
t_wo + t_wo_cam
1.33653 -0.587009 0
Time
1558536543465
Theta
-0.548226
t_GA - R_GA * R_AB * t_BA
0 0 0
t_wo + t_wo_cam
1.33653 -0.587009 0
Time
1558536543515
Theta
-0.548226
t_GA - R_GA * R_AB * t_BA
0 0 0
t_wo + t_wo_cam
1.33653 -0.587009 0
Time
1558536543566
Theta
-0.548226
t_GA - R_GA * R_AB * t_BA
0 0 0
t_wo + t_wo_cam
1.33653 -0.587009 0
Time
1558536543616
Theta
-0.548226
t_GA - R_GA * R_AB * t_BA
0 0 0
t_wo + t_wo_cam
1.33653 -0.587009 0
Time
1558536543667
Theta
-0.548226
t_GA - R_GA * R_AB * t_BA
0 0 0
t_wo + t_wo_cam
1.33653 -0.587009 0
Time
1558536543717
Theta
-0.548226
t_GA - R_GA * R_AB * t_BA
0 0 0
t_wo + t_wo_cam
1.33653 -0.587009 0
Time
1558536543767
Theta
-0.548226
t_GA - R_GA * R_AB * t_BA
0 0 0
t_wo + t_wo_cam
1.33653 -0.587009 0
Time
1558536543818
Theta
-0.548226
t_GA - R_GA * R_AB * t_BA
0 0 0
t_wo + t_wo_cam
1.33653 -0.587009 0
Time
1558536543868
Theta
-0.548226
t_GA - R_GA * R_AB * t_BA
0 0 0
t_wo + t_wo_cam
1.33653 -0.587009 0
Time
1558536543918
Theta
-0.548226
t_GA - R_GA * R_AB * t_BA
0 0 0
t_wo + t_wo_cam
1.33653 -0.587009 0
Time
1558536543969
Theta
-0.548226
t_GA - R_GA * R_AB * t_BA
0 0 0
t_wo + t_wo_cam
1.33653 -0.587009 0
Time
1558536544019
Theta
-0.548226
t_GA - R_GA * R_AB * t_BA
0 0 0
t_wo + t_wo_cam
1.33653 -0.587009 0
Time
1558536544069
Theta
-0.548226
t_GA - R_GA * R_AB * t_BA
0 0 0
t_wo + t_wo_cam
1.33653 -0.587009 0
Time
1558536544120
Theta
-0.548226
t_GA - R_GA * R_AB * t_BA
0 0 0
t_wo + t_wo_cam
1.33653 -0.587009 0
Time
1558536544170
Theta
-0.548226
t_GA - R_GA * R_AB * t_BA
0 0 0
t_wo + t_wo_cam
1.33653 -0.587009 0
Time
1558536544221
Theta
-0.548226
t_GA - R_GA * R_AB * t_BA
0 0 0
t_wo + t_wo_cam
1.33653 -0.587009 0
Time
1558536544271
Theta
-0.548226
t_GA - R_GA * R_AB * t_BA
0 0 0
t_wo + t_wo_cam
1.33653 -0.587009 0
Time
1558536544321
Theta
-0.548226
t_GA - R_GA * R_AB * t_BA
0 0 0
t_wo + t_wo_cam
1.33653 -0.587009 0
Time
1558536544372
Theta
-0.548226
t_GA - R_GA * R_AB * t_BA
0 0 0
t_wo + t_wo_cam
1.33653 -0.587009 0
Time
1558536544422
Theta
-0.548226
t_GA - R_GA * R_AB * t_BA
0 0 0
t_wo + t_wo_cam
1.33653 -0.587009 0
Time
1558536544472
Theta
-0.548226
t_GA - R_GA * R_AB * t_BA
0 0 0
t_wo + t_wo_cam
1.33653 -0.587009 0
Time
1558536544523
Theta
-0.548226
t_GA - R_GA * R_AB * t_BA
0 0 0
t_wo + t_wo_cam
1.33653 -0.587009 0
Time
1558536544573
Theta
-0.548226
t_GA - R_GA * R_AB * t_BA
0 0 0
t_wo + t_wo_cam
1.33653 -0.587009 0
Time
1558536544623
Theta
-0.548226
t_GA - R_GA * R_AB * t_BA
0 0 0
t_wo + t_wo_cam
1.33653 -0.587009 0
Time
1558536544674
Theta
-0.548226
t_GA - R_GA * R_AB * t_BA
0 0 0
t_wo + t_wo_cam
1.33653 -0.587009 0
Time
1558536544724
Theta
-0.548226
t_GA - R_GA * R_AB * t_BA
0 0 0
t_wo + t_wo_cam
1.33653 -0.587009 0
Time
1558536544775
Theta
-0.548226
t_GA - R_GA * R_AB * t_BA
0 0 0
t_wo + t_wo_cam
1.33653 -0.587009 0
Time
1558536544825
Theta
-0.548226
t_GA - R_GA * R_AB * t_BA
0 0 0
t_wo + t_wo_cam
1.33653 -0.587009 0
Time
1558536544875
Theta
-0.548226
t_GA - R_GA * R_AB * t_BA
0 0 0
t_wo + t_wo_cam
1.33653 -0.587009 0
Time
1558536544926
Theta
-0.548226
t_GA - R_GA * R_AB * t_BA
0 0 0
t_wo + t_wo_cam
1.33653 -0.587009 0
Time
1558536544977
Theta
-0.548226
t_GA - R_GA * R_AB * t_BA
0 0 0
t_wo + t_wo_cam
1.33653 -0.587009 0
Time
1558536545027
Theta
-0.548226
t_GA - R_GA * R_AB * t_BA
0 0 0
t_wo + t_wo_cam
1.33653 -0.587009 0
Time
1558536545077
Theta
-0.548226
t_GA - R_GA * R_AB * t_BA
0 0 0
t_wo + t_wo_cam
1.33653 -0.587009 0
Time
1558536545128
Theta
-0.548226
t_GA - R_GA * R_AB * t_BA
0 0 0
t_wo + t_wo_cam
1.33653 -0.587009 0
Time
1558536545178
Theta
-0.548226
t_GA - R_GA * R_AB * t_BA
0 0 0
t_wo + t_wo_cam
1.33653 -0.587009 0
Time
1558536545228
Theta
-0.548226
t_GA - R_GA * R_AB * t_BA
0 0 0
t_wo + t_wo_cam
1.33653 -0.587009 0
Time
1558536545279
Theta
-0.548226
t_GA - R_GA * R_AB * t_BA
0 0 0
t_wo + t_wo_cam
1.33653 -0.587009 0
Time
1558536545329
Theta
-0.548226
t_GA - R_GA * R_AB * t_BA
0 0 0
t_wo + t_wo_cam
1.33653 -0.587009 0
Time
1558536545379
Theta
-0.548226
t_GA - R_GA * R_AB * t_BA
0 0 0
t_wo + t_wo_cam
1.33653 -0.587009 0
Time
1558536545430
Theta
-0.548226
t_GA - R_GA * R_AB * t_BA
0 0 0
t_wo + t_wo_cam
1.33653 -0.587009 0
Time
1558536545480
Theta
-0.548226
t_GA - R_GA * R_AB * t_BA
0 0 0
t_wo + t_wo_cam
1.33653 -0.587009 0
Time
1558536545530
Theta
-0.548226
t_GA - R_GA * R_AB * t_BA
0 0 0
t_wo + t_wo_cam
1.33653 -0.587009 0
Time
1558536545581
Theta
-0.548226
t_GA - R_GA * R_AB * t_BA
0 0 0
t_wo + t_wo_cam
1.33653 -0.587009 0
Time
1558536545631
Theta
-0.548226
t_GA - R_GA * R_AB * t_BA
0 0 0
t_wo + t_wo_cam
1.33653 -0.587009 0
Time
1558536545682
Theta
-0.548226
t_GA - R_GA * R_AB * t_BA
0 0 0
t_wo + t_wo_cam
1.33653 -0.587009 0
Time
1558536545732
Theta
-0.548226
t_GA - R_GA * R_AB * t_BA
0 0 0
t_wo + t_wo_cam
1.33653 -0.587009 0
Time
1558536545782
Theta
-0.548226
t_GA - R_GA * R_AB * t_BA
0 0 0
t_wo + t_wo_cam
1.33653 -0.587009 0
Time
1558536545833
Theta
-0.548226
t_GA - R_GA * R_AB * t_BA
0 0 0
t_wo + t_wo_cam
1.33653 -0.587009 0
Time
1558536545887
Theta
-0.548226
t_GA - R_GA * R_AB * t_BA
0 0 0
t_wo + t_wo_cam
1.33653 -0.587009 0
Time
1558536545938
Theta
-0.548226
t_GA - R_GA * R_AB * t_BA
0 0 0
t_wo + t_wo_cam
1.33653 -0.587009 0
Time
1558536545990
Theta
-0.548226
t_GA - R_GA * R_AB * t_BA
0 0 0
t_wo + t_wo_cam
1.33653 -0.587009 0
Time
1558536546041
Theta
-0.548226
t_GA - R_GA * R_AB * t_BA
0 0 0
t_wo + t_wo_cam
1.33653 -0.587009 0
Time
1558536546091
Theta
-0.548226
t_GA - R_GA * R_AB * t_BA
0 0 0
t_wo + t_wo_cam
1.33653 -0.587009 0
Time
1558536546141
Theta
-0.548226
t_GA - R_GA * R_AB * t_BA
0 0 0
t_wo + t_wo_cam
1.33653 -0.587009 0
Time
1558536546192
Theta
-0.548226
t_GA - R_GA * R_AB * t_BA
0 0 0
t_wo + t_wo_cam
1.33653 -0.587009 0
Time
1558536546242
Theta
-0.548226
t_GA - R_GA * R_AB * t_BA
0 0 0
t_wo + t_wo_cam
1.33653 -0.587009 0
Time
1558536546292
Theta
-0.548226
t_GA - R_GA * R_AB * t_BA
0 0 0
t_wo + t_wo_cam
1.33653 -0.587009 0
Time
1558536546343
Theta
-0.548226
t_GA - R_GA * R_AB * t_BA
0 0 0
t_wo + t_wo_cam
1.33653 -0.587009 0
Time
1558536546393
Theta
-0.548226
t_GA - R_GA * R_AB * t_BA
0 0 0
t_wo + t_wo_cam
1.33653 -0.587009 0
Time
1558536546444
Theta
-0.548226
t_GA - R_GA * R_AB * t_BA
0 0 0
t_wo + t_wo_cam
1.33653 -0.587009 0
Time
1558536546494
Theta
-0.548226
t_GA - R_GA * R_AB * t_BA
0 0 0
t_wo + t_wo_cam
1.33653 -0.587009 0
Time
1558536546544
Theta
-0.548226
t_GA - R_GA * R_AB * t_BA
0 0 0
t_wo + t_wo_cam
1.33653 -0.587009 0
Time
1558536546595
Theta
-0.548226
t_GA - R_GA * R_AB * t_BA
0 0 0
t_wo + t_wo_cam
1.33653 -0.587009 0
Time
1558536546645
Theta
-0.548226
t_GA - R_GA * R_AB * t_BA
0 0 0
t_wo + t_wo_cam
1.33653 -0.587009 0
Time
1558536546695
Theta
-0.548226
t_GA - R_GA * R_AB * t_BA
0 0 0
t_wo + t_wo_cam
1.33653 -0.587009 0
Time
1558536546745
Theta
-0.548226
t_GA - R_GA * R_AB * t_BA
0 0 0
t_wo + t_wo_cam
1.33653 -0.587009 0
Time
1558536546796
Theta
-0.548226
t_GA - R_GA * R_AB * t_BA
0 0 0
t_wo + t_wo_cam
1.33653 -0.587009 0
Time
1558536546846
Theta
-0.548226
t_GA - R_GA * R_AB * t_BA
0 0 0
t_wo + t_wo_cam
1.33653 -0.587009 0
Time
1558536546897
Theta
-0.548226
t_GA - R_GA * R_AB * t_BA
0 0 0
t_wo + t_wo_cam
1.33653 -0.587009 0
Time
1558536546947
Theta
-0.548226
t_GA - R_GA * R_AB * t_BA
0 0 0
t_wo + t_wo_cam
1.33653 -0.587009 0
Time
1558536546997
Theta
-0.548226
t_GA - R_GA * R_AB * t_BA
0 0 0
t_wo + t_wo_cam
1.33653 -0.587009 0
Time
1558536547048
Theta
-0.548226
t_GA - R_GA * R_AB * t_BA
0 0 0
t_wo + t_wo_cam
1.33653 -0.587009 0
Time
1558536547098
Theta
-0.548226
t_GA - R_GA * R_AB * t_BA
0 0 0
t_wo + t_wo_cam
1.33653 -0.587009 0
Time
1558536547149
Theta
-0.548226
t_GA - R_GA * R_AB * t_BA
0 0 0
t_wo + t_wo_cam
1.33653 -0.587009 0
Time
1558536547199
Theta
-0.548226
t_GA - R_GA * R_AB * t_BA
0 0 0
t_wo + t_wo_cam
1.33653 -0.587009 0
Time
1558536547249
Theta
-0.548226
t_GA - R_GA * R_AB * t_BA
0 0 0
t_wo + t_wo_cam
1.33653 -0.587009 0
Time
1558536547300
Theta
-0.548226
t_GA - R_GA * R_AB * t_BA
0 0 0
t_wo + t_wo_cam
1.33653 -0.587009 0
Time
1558536547350
Theta
-0.548226
t_GA - R_GA * R_AB * t_BA
0 0 0
t_wo + t_wo_cam
1.33653 -0.587009 0
Time
1558536547400
Theta
-0.548226
t_GA - R_GA * R_AB * t_BA
0 0 0
t_wo + t_wo_cam
1.33653 -0.587009 0
Time
1558536547451
Theta
-0.548226
t_GA - R_GA * R_AB * t_BA
0 0 0
t_wo + t_wo_cam
1.33653 -0.587009 0
Time
1558536547501
Theta
-0.548226
t_GA - R_GA * R_AB * t_BA
0 0 0
t_wo + t_wo_cam
1.33653 -0.587009 0
Time
1558536547551
Theta
-0.548226
t_GA - R_GA * R_AB * t_BA
0 0 0
t_wo + t_wo_cam
1.33653 -0.587009 0
Time
1558536547602
Theta
-0.548226
t_GA - R_GA * R_AB * t_BA
0 0 0
t_wo + t_wo_cam
1.33653 -0.587009 0
Time
1558536547652
Theta
-0.548226
t_GA - R_GA * R_AB * t_BA
0 0 0
t_wo + t_wo_cam
1.33653 -0.587009 0
Time
1558536547702
Theta
-0.548226
t_GA - R_GA * R_AB * t_BA
0 0 0
t_wo + t_wo_cam
1.33653 -0.587009 0
Time
1558536547753
Theta
-0.548226
t_GA - R_GA * R_AB * t_BA
0 0 0
t_wo + t_wo_cam
1.33653 -0.587009 0
Time
1558536547803
Theta
-0.548226
t_GA - R_GA * R_AB * t_BA
0 0 0
t_wo + t_wo_cam
1.33653 -0.587009 0
Time
1558536547854
Theta
-0.548226
t_GA - R_GA * R_AB * t_BA
0 0 0
t_wo + t_wo_cam
1.33653 -0.587009 0
Time
1558536547904
Theta
-0.548226
t_GA - R_GA * R_AB * t_BA
0 0 0
t_wo + t_wo_cam
1.33653 -0.587009 0
Time
1558536547954
Theta
-0.548226
t_GA - R_GA * R_AB * t_BA
0 0 0
t_wo + t_wo_cam
1.33653 -0.587009 0
Time
1558536548005
Theta
-0.548226
t_GA - R_GA * R_AB * t_BA
0 0 0
t_wo + t_wo_cam
1.33653 -0.587009 0
Time
1558536548055
Theta
-0.548226
t_GA - R_GA * R_AB * t_BA
0 0 0
t_wo + t_wo_cam
1.33653 -0.587009 0
Time
1558536548105
Theta
-0.548226
t_GA - R_GA * R_AB * t_BA
0 0 0
t_wo + t_wo_cam
1.33653 -0.587009 0
Time
1558536548156
Theta
-0.548226
t_GA - R_GA * R_AB * t_BA
0 0 0
t_wo + t_wo_cam
1.33653 -0.587009 0
Time
1558536548206
Theta
-0.548226
t_GA - R_GA * R_AB * t_BA
0 0 0
t_wo + t_wo_cam
1.33653 -0.587009 0
Time
1558536548256
Theta
-0.548226
t_GA - R_GA * R_AB * t_BA
0 0 0
t_wo + t_wo_cam
1.33653 -0.587009 0
Time
1558536548307
Theta
-0.548226
t_GA - R_GA * R_AB * t_BA
0 0 0
t_wo + t_wo_cam
1.33653 -0.587009 0
Time
1558536548357
Theta
-0.548226
t_GA - R_GA * R_AB * t_BA
0 0 0
t_wo + t_wo_cam
1.33653 -0.587009 0
Time
1558536548408
Theta
-0.548226
t_GA - R_GA * R_AB * t_BA
0 0 0
t_wo + t_wo_cam
1.33653 -0.587009 0
Time
1558536548458
Theta
-0.548226
t_GA - R_GA * R_AB * t_BA
0 0 0
t_wo + t_wo_cam
1.33653 -0.587009 0
Time
1558536548508
Theta
-0.548226
t_GA - R_GA * R_AB * t_BA
0 0 0
t_wo + t_wo_cam
1.33653 -0.587009 0
Time
1558536548559
Theta
-0.548226
t_GA - R_GA * R_AB * t_BA
0 0 0
t_wo + t_wo_cam
1.33653 -0.587009 0
Time
1558536548609
Theta
-0.548226
t_GA - R_GA * R_AB * t_BA
0 0 0
t_wo + t_wo_cam
1.33653 -0.587009 0
Time
1558536548659
Theta
-0.548226
t_GA - R_GA * R_AB * t_BA
0 0 0
t_wo + t_wo_cam
1.33653 -0.587009 0
Time
1558536548710
Theta
-0.548226
t_GA - R_GA * R_AB * t_BA
0 0 0
t_wo + t_wo_cam
1.33653 -0.587009 0
Time
1558536548760
Theta
-0.548226
t_GA - R_GA * R_AB * t_BA
0 0 0
t_wo + t_wo_cam
1.33653 -0.587009 0
Time
1558536548811
Theta
-0.548226
t_GA - R_GA * R_AB * t_BA
0 0 0
t_wo + t_wo_cam
1.33653 -0.587009 0
Time
1558536548861
Theta
-0.548226
t_GA - R_GA * R_AB * t_BA
0 0 0
t_wo + t_wo_cam
1.33653 -0.587009 0
Time
1558536548911
Theta
-0.548226
t_GA - R_GA * R_AB * t_BA
0 0 0
t_wo + t_wo_cam
1.33653 -0.587009 0
Time
1558536548962
Theta
-0.548226
t_GA - R_GA * R_AB * t_BA
0 0 0
t_wo + t_wo_cam
1.33653 -0.587009 0
Time
1558536549012
Theta
-0.548226
t_GA - R_GA * R_AB * t_BA
0 0 0
t_wo + t_wo_cam
1.33653 -0.587009 0
Time
1558536549063
Theta
-0.548226
t_GA - R_GA * R_AB * t_BA
0 0 0
t_wo + t_wo_cam
1.33653 -0.587009 0
Time
1558536549113
Theta
-0.548226
t_GA - R_GA * R_AB * t_BA
0 0 0
t_wo + t_wo_cam
1.33653 -0.587009 0
Time
1558536549164
Theta
-0.548226
t_GA - R_GA * R_AB * t_BA
0 0 0
t_wo + t_wo_cam
1.33653 -0.587009 0
Time
1558536549214
Theta
-0.548226
t_GA - R_GA * R_AB * t_BA
0 0 0
t_wo + t_wo_cam
1.33653 -0.587009 0
Time
1558536549264
Theta
-0.548226
t_GA - R_GA * R_AB * t_BA
0 0 0
t_wo + t_wo_cam
1.33653 -0.587009 0
Time
1558536549315
Theta
-0.548226
t_GA - R_GA * R_AB * t_BA
0 0 0
t_wo + t_wo_cam
1.33653 -0.587009 0
Time
1558536549365
Theta
-0.548226
t_GA - R_GA * R_AB * t_BA
0 0 0
t_wo + t_wo_cam
1.33653 -0.587009 0
Time
1558536549415
Theta
-0.548226
t_GA - R_GA * R_AB * t_BA
0 0 0
t_wo + t_wo_cam
1.33653 -0.587009 0
Time
1558536549466
Theta
-0.548226
t_GA - R_GA * R_AB * t_BA
0 0 0
t_wo + t_wo_cam
1.33653 -0.587009 0
Time
1558536549516
Theta
-0.548226
t_GA - R_GA * R_AB * t_BA
0 0 0
t_wo + t_wo_cam
1.33653 -0.587009 0
Time
1558536549567
Theta
-0.548226
t_GA - R_GA * R_AB * t_BA
0 0 0
t_wo + t_wo_cam
1.33653 -0.587009 0
Time
1558536549617
Theta
-0.548226
t_GA - R_GA * R_AB * t_BA
0 0 0
t_wo + t_wo_cam
1.33653 -0.587009 0
Time
1558536549667
Theta
-0.548226
t_GA - R_GA * R_AB * t_BA
0 0 0
t_wo + t_wo_cam
1.33653 -0.587009 0
Time
1558536549718
Theta
-0.548226
t_GA - R_GA * R_AB * t_BA
0 0 0
t_wo + t_wo_cam
1.33653 -0.587009 0
Time
1558536549768
Theta
-0.548226
t_GA - R_GA * R_AB * t_BA
0 0 0
t_wo + t_wo_cam
1.33653 -0.587009 0
Time
1558536549818
Theta
-0.548226
t_GA - R_GA * R_AB * t_BA
0 0 0
t_wo + t_wo_cam
1.33653 -0.587009 0
Time
1558536549869
Theta
-0.548226
t_GA - R_GA * R_AB * t_BA
0 0 0
t_wo + t_wo_cam
1.33653 -0.587009 0
Time
1558536549919
Theta
-0.548226
t_GA - R_GA * R_AB * t_BA
0 0 0
t_wo + t_wo_cam
1.33653 -0.587009 0
Time
1558536549969
Theta
-0.548226
t_GA - R_GA * R_AB * t_BA
0 0 0
t_wo + t_wo_cam
1.33653 -0.587009 0
Time
1558536550020
Theta
-0.548226
t_GA - R_GA * R_AB * t_BA
0 0 0
t_wo + t_wo_cam
1.33653 -0.587009 0
Time
1558536550070
Theta
-0.548226
t_GA - R_GA * R_AB * t_BA
0 0 0
t_wo + t_wo_cam
1.33653 -0.587009 0
Time
1558536550120
Theta
-0.548226
t_GA - R_GA * R_AB * t_BA
0 0 0
t_wo + t_wo_cam
1.33653 -0.587009 0
Time
1558536550171
Theta
-0.548226
t_GA - R_GA * R_AB * t_BA
0 0 0
t_wo + t_wo_cam
1.33653 -0.587009 0
Time
1558536550221
Theta
-0.548226
t_GA - R_GA * R_AB * t_BA
0 0 0
t_wo + t_wo_cam
1.33653 -0.587009 0
Time
1558536550271
Theta
-0.548226
t_GA - R_GA * R_AB * t_BA
0 0 0
t_wo + t_wo_cam
1.33653 -0.587009 0
Time
1558536550322
Theta
-0.548226
t_GA - R_GA * R_AB * t_BA
0 0 0
t_wo + t_wo_cam
1.33653 -0.587009 0
Time
1558536550372
Theta
-0.548226
t_GA - R_GA * R_AB * t_BA
0 0 0
t_wo + t_wo_cam
1.33653 -0.587009 0
Time
1558536550422
Theta
-0.548226
t_GA - R_GA * R_AB * t_BA
0 0 0
t_wo + t_wo_cam
1.33653 -0.587009 0
Time
1558536550473
Theta
-0.548226
t_GA - R_GA * R_AB * t_BA
0 0 0
t_wo + t_wo_cam
1.33653 -0.587009 0
Time
1558536550523
Theta
-0.548226
t_GA - R_GA * R_AB * t_BA
0 0 0
t_wo + t_wo_cam
1.33653 -0.587009 0
Time
1558536550574
Theta
-0.548226
t_GA - R_GA * R_AB * t_BA
0 0 0
t_wo + t_wo_cam
1.33653 -0.587009 0
Time
1558536550624
Theta
-0.548226
t_GA - R_GA * R_AB * t_BA
0 0 0
t_wo + t_wo_cam
1.33653 -0.587009 0
Time
1558536550674
Theta
-0.548226
t_GA - R_GA * R_AB * t_BA
0 0 0
t_wo + t_wo_cam
1.33653 -0.587009 0
Time
1558536550725
Theta
-0.548226
t_GA - R_GA * R_AB * t_BA
0 0 0
t_wo + t_wo_cam
1.33653 -0.587009 0
Time
1558536550775
Theta
-0.548226
t_GA - R_GA * R_AB * t_BA
0 0 0
t_wo + t_wo_cam
1.33653 -0.587009 0
Time
1558536550825
Theta
-0.548226
t_GA - R_GA * R_AB * t_BA
0 0 0
t_wo + t_wo_cam
1.33653 -0.587009 0
Time
1558536550876
Theta
-0.548226
t_GA - R_GA * R_AB * t_BA
0 0 0
t_wo + t_wo_cam
1.33653 -0.587009 0
Time
1558536550926
Theta
-0.548226
t_GA - R_GA * R_AB * t_BA
0 0 0
t_wo + t_wo_cam
1.33653 -0.587009 0
Time
1558536550976
Theta
-0.548226
t_GA - R_GA * R_AB * t_BA
0 0 0
t_wo + t_wo_cam
1.33653 -0.587009 0
Time
1558536551027
Theta
-0.548226
t_GA - R_GA * R_AB * t_BA
0 0 0
t_wo + t_wo_cam
1.33653 -0.587009 0
Time
1558536551077
Theta
-0.548226
t_GA - R_GA * R_AB * t_BA
0 0 0
t_wo + t_wo_cam
1.33653 -0.587009 0
Time
1558536551127
Theta
-0.548226
t_GA - R_GA * R_AB * t_BA
0 0 0
t_wo + t_wo_cam
1.33653 -0.587009 0
Time
1558536551178
Theta
-0.548226
t_GA - R_GA * R_AB * t_BA
0 0 0
t_wo + t_wo_cam
1.33653 -0.587009 0
Time
1558536551229
Theta
-0.548226
t_GA - R_GA * R_AB * t_BA
0 0 0
t_wo + t_wo_cam
1.33653 -0.587009 0
Time
1558536551279
Theta
-0.548226
t_GA - R_GA * R_AB * t_BA
0 0 0
t_wo + t_wo_cam
1.33653 -0.587009 0
Time
1558536551329
Theta
-0.548226
t_GA - R_GA * R_AB * t_BA
0 0 0
t_wo + t_wo_cam
1.33653 -0.587009 0
Time
1558536551380
Theta
-0.548226
t_GA - R_GA * R_AB * t_BA
0 0 0
t_wo + t_wo_cam
1.33653 -0.587009 0
Time
1558536551431
Theta
-0.548226
t_GA - R_GA * R_AB * t_BA
0 0 0
t_wo + t_wo_cam
1.33653 -0.587009 0
Time
1558536551481
Theta
-0.548226
t_GA - R_GA * R_AB * t_BA
0 0 0
t_wo + t_wo_cam
1.33653 -0.587009 0
Time
1558536551532
Theta
-0.548226
t_GA - R_GA * R_AB * t_BA
0 0 0
t_wo + t_wo_cam
1.33653 -0.587009 0
Time
1558536551582
Theta
-0.548226
t_GA - R_GA * R_AB * t_BA
0 0 0
t_wo + t_wo_cam
1.33653 -0.587009 0
Time
1558536551632
Theta
-0.548226
t_GA - R_GA * R_AB * t_BA
0 0 0
t_wo + t_wo_cam
1.33653 -0.587009 0
Time
1558536551683
Theta
-0.548226
t_GA - R_GA * R_AB * t_BA
0 0 0
t_wo + t_wo_cam
1.33653 -0.587009 0
Time
1558536551733
Theta
-0.548226
t_GA - R_GA * R_AB * t_BA
0 0 0
t_wo + t_wo_cam
1.33653 -0.587009 0
Time
1558536551783
Theta
-0.548226
t_GA - R_GA * R_AB * t_BA
0 0 0
t_wo + t_wo_cam
1.33653 -0.587009 0
Time
1558536551834
Theta
-0.548226
t_GA - R_GA * R_AB * t_BA
0 0 0
t_wo + t_wo_cam
1.33653 -0.587009 0
Time
1558536551884
Theta
-0.548226
t_GA - R_GA * R_AB * t_BA
0 0 0
t_wo + t_wo_cam
1.33653 -0.587009 0
Time
1558536551934
Theta
-0.548226
t_GA - R_GA * R_AB * t_BA
0 0 0
t_wo + t_wo_cam
1.33653 -0.587009 0
Time
1558536551985
Theta
-0.548226
t_GA - R_GA * R_AB * t_BA
0 0 0
t_wo + t_wo_cam
1.33653 -0.587009 0
Time
1558536552035
Theta
-0.548226
t_GA - R_GA * R_AB * t_BA
0 0 0
t_wo + t_wo_cam
1.33653 -0.587009 0
Time
1558536552085
Theta
-0.548226
t_GA - R_GA * R_AB * t_BA
0 0 0
t_wo + t_wo_cam
1.33653 -0.587009 0
Time
1558536552136
Theta
-0.548226
