t_GA - R_GA * R_AB * t_BA
0 0 0
t_wo + t_wo_cam
0.9 0 0
Time
1558555859696
Theta
0
t_GA - R_GA * R_AB * t_BA
0 0 0
t_wo + t_wo_cam
0.9 0 0
Time
1558555859697
Theta
0
t_GA - R_GA * R_AB * t_BA
0 0 0
t_wo + t_wo_cam
0.9 0 0
Time
1558555859698
Theta
0
t_GA - R_GA * R_AB * t_BA
0 0 0
t_wo + t_wo_cam
0.9 0 0
Time
1558555859698
Theta
0
t_GA - R_GA * R_AB * t_BA
0 0 0
t_wo + t_wo_cam
0.9 0 0
Time
1558555859698
Theta
0
t_GA - R_GA * R_AB * t_BA
0 0 0
t_wo + t_wo_cam
0.9 0 0
Time
1558555859698
Theta
0
t_GA - R_GA * R_AB * t_BA
0 0 0
t_wo + t_wo_cam
0.9 0 0
Time
1558555859698
Theta
0
t_GA - R_GA * R_AB * t_BA
0 0 0
t_wo + t_wo_cam
0.9 0 0
Time
1558555859699
Theta
0
t_GA - R_GA * R_AB * t_BA
0 0 0
t_wo + t_wo_cam
0.9 0 0
Time
1558555859699
Theta
0
t_GA - R_GA * R_AB * t_BA
0 0 0
t_wo + t_wo_cam
0.9 0 0
Time
1558555859719
Theta
0
t_GA - R_GA * R_AB * t_BA
0 0 0
t_wo + t_wo_cam
0.9 0 0
Time
1558555859743
Theta
0
t_GA - R_GA * R_AB * t_BA
0 0 0
t_wo + t_wo_cam
0.9 0 0
Time
1558555859764
Theta
0
t_GA - R_GA * R_AB * t_BA
0 0 0
t_wo + t_wo_cam
0.9 0 0
Time
1558555859784
Theta
0
t_GA - R_GA * R_AB * t_BA
0 0 0
t_wo + t_wo_cam
0.9 0 0
Time
1558555859809
Theta
0
t_GA - R_GA * R_AB * t_BA
0 0 0
t_wo + t_wo_cam
0.9 0 0
Time
1558555859829
Theta
0
t_GA - R_GA * R_AB * t_BA
0 0 0
t_wo + t_wo_cam
0.9 0 0
Time
1558555859850
Theta
0
t_GA - R_GA * R_AB * t_BA
0 0 0
t_wo + t_wo_cam
0.9 0 0
Time
1558555859875
Theta
0
t_GA - R_GA * R_AB * t_BA
0 0 0
t_wo + t_wo_cam
0.9 0 0
Time
1558555859895
Theta
0
t_GA - R_GA * R_AB * t_BA
0 0 0
t_wo + t_wo_cam
0.9 0 0
Time
1558555859916
Theta
0
t_GA - R_GA * R_AB * t_BA
0 0 0
t_wo + t_wo_cam
0.9 0 0
Time
1558555859940
Theta
0
t_GA - R_GA * R_AB * t_BA
0 0 0
t_wo + t_wo_cam
0.9 0 0
Time
1558555859961
Theta
0
t_GA - R_GA * R_AB * t_BA
0 0 0
t_wo + t_wo_cam
0.9 0 0
Time
1558555859981
Theta
0
t_GA - R_GA * R_AB * t_BA
0 0 0
t_wo + t_wo_cam
0.9 0 0
Time
1558555860006
Theta
0
t_GA - R_GA * R_AB * t_BA
0 0 0
t_wo + t_wo_cam
0.9 0 0
Time
1558555860026
Theta
0
t_GA - R_GA * R_AB * t_BA
0 0 0
t_wo + t_wo_cam
0.9 0 0
Time
1558555860047
Theta
0
t_GA - R_GA * R_AB * t_BA
0 0 0
t_wo + t_wo_cam
0.9 0 0
Time
1558555860071
Theta
0
t_GA - R_GA * R_AB * t_BA
0 0 0
t_wo + t_wo_cam
0.9 0 0
Time
1558555860092
Theta
0
t_GA - R_GA * R_AB * t_BA
0 0 0
t_wo + t_wo_cam
0.9 0 0
Time
1558555860112
Theta
0
t_GA - R_GA * R_AB * t_BA
0 0 0
t_wo + t_wo_cam
0.9 0 0
Time
1558555860137
Theta
0
t_GA - R_GA * R_AB * t_BA
0 0 0
t_wo + t_wo_cam
0.9 0 0
Time
1558555860157
Theta
0
t_GA - R_GA * R_AB * t_BA
0 0 0
t_wo + t_wo_cam
0.9 0 0
Time
1558555860178
Theta
0
t_GA - R_GA * R_AB * t_BA
0 0 0
t_wo + t_wo_cam
0.9 0 0
Time
1558555860202
Theta
0
t_GA - R_GA * R_AB * t_BA
0 0 0
t_wo + t_wo_cam
0.9 0 0
Time
1558555860223
Theta
0
t_GA - R_GA * R_AB * t_BA
0 0 0
t_wo + t_wo_cam
0.9 0 0
Time
1558555860243
Theta
0
t_GA - R_GA * R_AB * t_BA
0 0 0
t_wo + t_wo_cam
0.9 0 0
Time
1558555860268
Theta
0
t_GA - R_GA * R_AB * t_BA
0 0 0
t_wo + t_wo_cam
0.9 0 0
Time
1558555860288
Theta
0
t_GA - R_GA * R_AB * t_BA
0 0 0
t_wo + t_wo_cam
0.9 0 0
Time
1558555860309
Theta
0
t_GA - R_GA * R_AB * t_BA
0 0 0
t_wo + t_wo_cam
0.9 0 0
Time
1558555860333
Theta
0
t_GA - R_GA * R_AB * t_BA
0 0 0
t_wo + t_wo_cam
0.9 0 0
Time
1558555860354
Theta
0
t_GA - R_GA * R_AB * t_BA
0 0 0
t_wo + t_wo_cam
0.9 0 0
Time
1558555860374
Theta
0
t_GA - R_GA * R_AB * t_BA
0 0 0
t_wo + t_wo_cam
0.9 0 0
Time
1558555860399
Theta
0
t_GA - R_GA * R_AB * t_BA
0 0 0
t_wo + t_wo_cam
0.9 0 0
Time
1558555860419
Theta
0
t_GA - R_GA * R_AB * t_BA
0 0 0
t_wo + t_wo_cam
0.9 0 0
Time
1558555860440
Theta
0
t_GA - R_GA * R_AB * t_BA
0 0 0
t_wo + t_wo_cam
0.9 0 0
Time
1558555860464
Theta
0
t_GA - R_GA * R_AB * t_BA
0 0 0
t_wo + t_wo_cam
0.9 0 0
Time
1558555860485
Theta
0
t_GA - R_GA * R_AB * t_BA
0 0 0
t_wo + t_wo_cam
0.9 0 0
Time
1558555860505
Theta
0
t_GA - R_GA * R_AB * t_BA
0 0 0
t_wo + t_wo_cam
0.9 0 0
Time
1558555860530
Theta
0
t_GA - R_GA * R_AB * t_BA
0 0 0
t_wo + t_wo_cam
0.9 0 0
Time
1558555860550
Theta
0
t_GA - R_GA * R_AB * t_BA
0 0 0
t_wo + t_wo_cam
0.9 0 0
Time
1558555860571
Theta
0
t_GA - R_GA * R_AB * t_BA
0 0 0
t_wo + t_wo_cam
0.9 0 0
Time
1558555860595
Theta
0
t_GA - R_GA * R_AB * t_BA
0 0 0
t_wo + t_wo_cam
0.9 0 0
Time
1558555860616
Theta
0
t_GA - R_GA * R_AB * t_BA
0 0 0
t_wo + t_wo_cam
0.9 0 0
Time
1558555860636
Theta
0
t_GA - R_GA * R_AB * t_BA
0 0 0
t_wo + t_wo_cam
0.9 0 0
Time
1558555860661
Theta
0
t_GA - R_GA * R_AB * t_BA
0 0 0
t_wo + t_wo_cam
0.9 0 0
Time
1558555860681
Theta
0
t_GA - R_GA * R_AB * t_BA
0 0 0
t_wo + t_wo_cam
0.9 0 0
Time
1558555860702
Theta
0
t_GA - R_GA * R_AB * t_BA
0 0 0
t_wo + t_wo_cam
0.9 0 0
Time
1558555860727
Theta
0
t_GA - R_GA * R_AB * t_BA
0 0 0
t_wo + t_wo_cam
0.9 0 0
Time
1558555860747
Theta
0
t_GA - R_GA * R_AB * t_BA
0 0 0
t_wo + t_wo_cam
0.9 0 0
Time
1558555860767
Theta
0
t_GA - R_GA * R_AB * t_BA
0 0 0
t_wo + t_wo_cam
0.9 0 0
Time
1558555860792
Theta
0
t_GA - R_GA * R_AB * t_BA
0 0 0
t_wo + t_wo_cam
0.9 0 0
Time
1558555860812
Theta
0
t_GA - R_GA * R_AB * t_BA
0 0 0
t_wo + t_wo_cam
0.9 0 0
Time
1558555860833
Theta
0
t_GA - R_GA * R_AB * t_BA
0 0 0
t_wo + t_wo_cam
0.9 0 0
Time
1558555860858
Theta
0
t_GA - R_GA * R_AB * t_BA
0 0 0
t_wo + t_wo_cam
0.9 0 0
Time
1558555860878
Theta
0
t_GA - R_GA * R_AB * t_BA
0 0 0
t_wo + t_wo_cam
0.9 0 0
Time
1558555860898
Theta
0
t_GA - R_GA * R_AB * t_BA
0 0 0
t_wo + t_wo_cam
0.9 0 0
Time
1558555860919
Theta
0
t_GA - R_GA * R_AB * t_BA
0 0 0
t_wo + t_wo_cam
0.9 0 0
Time
1558555860944
Theta
0
t_GA - R_GA * R_AB * t_BA
0 0 0
t_wo + t_wo_cam
0.9 0 0
Time
1558555860964
Theta
0
t_GA - R_GA * R_AB * t_BA
0 0 0
t_wo + t_wo_cam
0.9 0 0
Time
1558555860985
Theta
0
t_GA - R_GA * R_AB * t_BA
0 0 0
t_wo + t_wo_cam
0.9 0 0
Time
1558555861009
Theta
0
t_GA - R_GA * R_AB * t_BA
0 0 0
t_wo + t_wo_cam
0.9 0 0
Time
1558555861030
Theta
0
t_GA - R_GA * R_AB * t_BA
0 0 0
t_wo + t_wo_cam
0.9 0 0
Time
1558555861050
Theta
0
t_GA - R_GA * R_AB * t_BA
0 0 0
t_wo + t_wo_cam
0.9 0 0
Time
1558555861075
Theta
0
t_GA - R_GA * R_AB * t_BA
0 0 0
t_wo + t_wo_cam
0.9 0 0
Time
1558555861095
Theta
0
t_GA - R_GA * R_AB * t_BA
0 0 0
t_wo + t_wo_cam
0.9 0 0
Time
1558555861116
Theta
0
t_GA - R_GA * R_AB * t_BA
0 0 0
t_wo + t_wo_cam
0.9 0 0
Time
1558555861140
Theta
0
t_GA - R_GA * R_AB * t_BA
0 0 0
t_wo + t_wo_cam
0.9 0 0
Time
1558555861161
Theta
0
t_GA - R_GA * R_AB * t_BA
0 0 0
t_wo + t_wo_cam
0.9 0 0
Time
1558555861181
Theta
0
t_GA - R_GA * R_AB * t_BA
0 0 0
t_wo + t_wo_cam
0.9 0 0
Time
1558555861206
Theta
0
t_GA - R_GA * R_AB * t_BA
0 0 0
t_wo + t_wo_cam
0.9 0 0
Time
1558555861226
Theta
0
t_GA - R_GA * R_AB * t_BA
0 0 0
t_wo + t_wo_cam
0.9 0 0
Time
1558555861247
Theta
0
t_GA - R_GA * R_AB * t_BA
0 0 0
t_wo + t_wo_cam
0.9 0 0
Time
1558555861271
Theta
0
t_GA - R_GA * R_AB * t_BA
0 0 0
t_wo + t_wo_cam
0.9 0 0
Time
1558555861292
Theta
0
t_GA - R_GA * R_AB * t_BA
0 0 0
t_wo + t_wo_cam
0.9 0 0
Time
1558555861312
Theta
0
t_GA - R_GA * R_AB * t_BA
0 0 0
t_wo + t_wo_cam
0.9 0 0
Time
1558555861337
Theta
0
t_GA - R_GA * R_AB * t_BA
0 0 0
t_wo + t_wo_cam
0.9 0 0
Time
1558555861357
Theta
0
t_GA - R_GA * R_AB * t_BA
0 0 0
t_wo + t_wo_cam
0.9 0 0
Time
1558555861378
Theta
0
t_GA - R_GA * R_AB * t_BA
0 0 0
t_wo + t_wo_cam
0.9 0 0
Time
1558555861402
Theta
0
t_GA - R_GA * R_AB * t_BA
0 0 0
t_wo + t_wo_cam
0.9 0 0
Time
1558555861423
Theta
0
t_GA - R_GA * R_AB * t_BA
0 0 0
t_wo + t_wo_cam
0.9 0 0
Time
1558555861443
Theta
0
t_GA - R_GA * R_AB * t_BA
0 0 0
t_wo + t_wo_cam
0.9 0 0
Time
1558555861468
Theta
0
t_GA - R_GA * R_AB * t_BA
0 0 0
t_wo + t_wo_cam
0.9 0 0
Time
1558555861488
Theta
0
t_GA - R_GA * R_AB * t_BA
0 0 0
t_wo + t_wo_cam
0.9 0 0
Time
1558555861509
Theta
0
t_GA - R_GA * R_AB * t_BA
0 0 0
t_wo + t_wo_cam
0.9 0 0
Time
1558555861533
Theta
0
t_GA - R_GA * R_AB * t_BA
0 0 0
t_wo + t_wo_cam
0.9 0 0
Time
1558555861554
Theta
0
t_GA - R_GA * R_AB * t_BA
0 0 0
t_wo + t_wo_cam
0.9 0 0
Time
1558555861574
Theta
0
t_GA - R_GA * R_AB * t_BA
0 0 0
t_wo + t_wo_cam
0.9 0 0
Time
1558555861599
Theta
0
t_GA - R_GA * R_AB * t_BA
0 0 0
t_wo + t_wo_cam
0.9 0 0
Time
1558555861619
Theta
0
t_GA - R_GA * R_AB * t_BA
0 0 0
t_wo + t_wo_cam
0.9 0 0
Time
1558555861640
Theta
0
t_GA - R_GA * R_AB * t_BA
0 0 0
t_wo + t_wo_cam
0.9 0 0
Time
1558555861664
Theta
0
t_GA - R_GA * R_AB * t_BA
0 0 0
t_wo + t_wo_cam
0.9 0 0
Time
1558555861685
Theta
0
t_GA - R_GA * R_AB * t_BA
0 0 0
t_wo + t_wo_cam
0.9 0 0
Time
1558555861705
Theta
0
t_GA - R_GA * R_AB * t_BA
0 0 0
t_wo + t_wo_cam
0.9 0 0
Time
1558555861730
Theta
0
