t_GA - R_GA * R_AB * t_BA
0 0 0
t_wo + t_wo_cam
0.9 0 0
Time
1558451394083
Theta
0
t_GA - R_GA * R_AB * t_BA
0 0 0
t_wo + t_wo_cam
0.9 0 0
Time
1558451394166
Theta
0
t_GA - R_GA * R_AB * t_BA
0 0 0
t_wo + t_wo_cam
0.9 0 0
Time
1558451394235
Theta
0
t_GA - R_GA * R_AB * t_BA
0 0 0
t_wo + t_wo_cam
0.9 0 0
Time
1558451394309
Theta
0
t_GA - R_GA * R_AB * t_BA
0 0 0
t_wo + t_wo_cam
0.9 0 0
Time
1558451394379
Theta
0
t_GA - R_GA * R_AB * t_BA
0 0 0
t_wo + t_wo_cam
0.9 0 0
Time
1558451394453
Theta
0
t_GA - R_GA * R_AB * t_BA
0 0 0
t_wo + t_wo_cam
0.9 0 0
Time
1558451394522
Theta
0
t_GA - R_GA * R_AB * t_BA
0 0 0
t_wo + t_wo_cam
0.9 0 0
Time
1558451394596
Theta
0
t_GA - R_GA * R_AB * t_BA
0 0 0
t_wo + t_wo_cam
0.9 0 0
Time
1558451394669
Theta
0
t_GA - R_GA * R_AB * t_BA
0 0 0
t_wo + t_wo_cam
0.9 0 0
Time
1558451394740
Theta
0
t_GA - R_GA * R_AB * t_BA
0 0 0
t_wo + t_wo_cam
0.9 0 0
Time
1558451394813
Theta
0
t_GA - R_GA * R_AB * t_BA
0 0 0
t_wo + t_wo_cam
0.9 0 0
Time
1558451394883
Theta
0
t_GA - R_GA * R_AB * t_BA
0 0 0
t_wo + t_wo_cam
0.9 0 0
Time
1558451394956
Theta
0
t_GA - R_GA * R_AB * t_BA
0 0 0
t_wo + t_wo_cam
0.9 0 0
Time
1558451395028
Theta
0
t_GA - R_GA * R_AB * t_BA
0 0 0
t_wo + t_wo_cam
0.9 0 0
Time
1558451395100
Theta
0
t_GA - R_GA * R_AB * t_BA
0 0 0
t_wo + t_wo_cam
0.9 0 0
Time
1558451395169
Theta
0
t_GA - R_GA * R_AB * t_BA
0 0 0
t_wo + t_wo_cam
0.9 0 0
Time
1558451395243
Theta
0
t_GA - R_GA * R_AB * t_BA
0 0 0
t_wo + t_wo_cam
0.9 0 0
Time
1558451395313
Theta
0
t_GA - R_GA * R_AB * t_BA
0 0 0
t_wo + t_wo_cam
0.9 0 0
Time
1558451395387
Theta
0
t_GA - R_GA * R_AB * t_BA
0 0 0
t_wo + t_wo_cam
0.9 0 0
Time
1558451395456
Theta
0
t_GA - R_GA * R_AB * t_BA
0 0 0
t_wo + t_wo_cam
0.9 0 0
Time
1558451395530
Theta
0
t_GA - R_GA * R_AB * t_BA
0 0 0
t_wo + t_wo_cam
0.9 0 0
Time
1558451395600
Theta
0
t_GA - R_GA * R_AB * t_BA
0 0 0
t_wo + t_wo_cam
0.9 0 0
Time
1558451395673
Theta
0
t_GA - R_GA * R_AB * t_BA
0 0 0
t_wo + t_wo_cam
0.9 0 0
Time
1558451395743
Theta
0
t_GA - R_GA * R_AB * t_BA
0 0 0
t_wo + t_wo_cam
0.9 0 0
Time
1558451395817
Theta
0
t_GA - R_GA * R_AB * t_BA
0 0 0
t_wo + t_wo_cam
0.9 0 0
Time
1558451395886
Theta
0
t_GA - R_GA * R_AB * t_BA
0 0 0
t_wo + t_wo_cam
0.9 0 0
Time
1558451395960
Theta
0
t_GA - R_GA * R_AB * t_BA
0 0 0
t_wo + t_wo_cam
0.9 0 0
Time
1558451396030
Theta
0
t_GA - R_GA * R_AB * t_BA
0 0 0
t_wo + t_wo_cam
0.9 0 0
Time
1558451396103
Theta
0
t_GA - R_GA * R_AB * t_BA
0 0 0
t_wo + t_wo_cam
0.9 0 0
Time
1558451396173
Theta
0
t_GA - R_GA * R_AB * t_BA
0 0 0
t_wo + t_wo_cam
0.9 0 0
Time
1558451396247
Theta
0
t_GA - R_GA * R_AB * t_BA
0 0 0
t_wo + t_wo_cam
0.9 0 0
Time
1558451396316
Theta
0
t_GA - R_GA * R_AB * t_BA
0 0 0
t_wo + t_wo_cam
0.9 0 0
Time
1558451396390
Theta
0
t_GA - R_GA * R_AB * t_BA
0 0 0
t_wo + t_wo_cam
0.9 0 0
Time
1558451396460
Theta
0
t_GA - R_GA * R_AB * t_BA
0 0 0
t_wo + t_wo_cam
0.9 0 0
Time
1558451396533
Theta
0
t_GA - R_GA * R_AB * t_BA
0 0 0
t_wo + t_wo_cam
0.9 0 0
Time
1558451396603
Theta
0
t_GA - R_GA * R_AB * t_BA
0 0 0
t_wo + t_wo_cam
0.9 0 0
Time
1558451396677
Theta
0
t_GA - R_GA * R_AB * t_BA
0 0 0
t_wo + t_wo_cam
0.9 0 0
Time
1558451396746
Theta
0
t_GA - R_GA * R_AB * t_BA
0 0 0
t_wo + t_wo_cam
0.9 0 0
Time
1558451396820
Theta
0
t_GA - R_GA * R_AB * t_BA
0 0 0
t_wo + t_wo_cam
0.9 0 0
Time
1558451396890
Theta
0
t_GA - R_GA * R_AB * t_BA
0 0 0
t_wo + t_wo_cam
0.9 0 0
Time
1558451396963
Theta
0
t_GA - R_GA * R_AB * t_BA
0 0 0
t_wo + t_wo_cam
0.9 0 0
Time
1558451397033
Theta
0
t_GA - R_GA * R_AB * t_BA
0 0 0
t_wo + t_wo_cam
0.9 0 0
Time
1558451397107
Theta
0
t_GA - R_GA * R_AB * t_BA
0 0 0
t_wo + t_wo_cam
0.9 0 0
Time
1558451397176
Theta
0
t_GA - R_GA * R_AB * t_BA
0 0 0
t_wo + t_wo_cam
0.9 0 0
Time
1558451397250
Theta
0
t_GA - R_GA * R_AB * t_BA
0 0 0
t_wo + t_wo_cam
0.9 0 0
Time
1558451397320
Theta
0
t_GA - R_GA * R_AB * t_BA
0 0 0
t_wo + t_wo_cam
0.9 0 0
Time
1558451397393
Theta
0
t_GA - R_GA * R_AB * t_BA
0 0 0
t_wo + t_wo_cam
0.9 0 0
Time
1558451397463
Theta
0
t_GA - R_GA * R_AB * t_BA
0 0 0
t_wo + t_wo_cam
0.9 0 0
Time
1558451397537
Theta
0
t_GA - R_GA * R_AB * t_BA
0 0 0
t_wo + t_wo_cam
0.9 0 0
Time
1558451397606
Theta
0
t_GA - R_GA * R_AB * t_BA
0 0 0
t_wo + t_wo_cam
0.9 0 0
Time
1558451397680
Theta
0
t_GA - R_GA * R_AB * t_BA
0 0 0
t_wo + t_wo_cam
0.9 0 0
Time
1558451397750
Theta
0
t_GA - R_GA * R_AB * t_BA
0 0 0
t_wo + t_wo_cam
0.9 0 0
Time
1558451397823
Theta
0
t_GA - R_GA * R_AB * t_BA
0 0 0
t_wo + t_wo_cam
0.9 0 0
Time
1558451397897
Theta
0
t_GA - R_GA * R_AB * t_BA
0 0 0
t_wo + t_wo_cam
0.9 0 0
Time
1558451397967
Theta
0
t_GA - R_GA * R_AB * t_BA
0 0 0
t_wo + t_wo_cam
0.9 0 0
Time
1558451398041
Theta
0
t_GA - R_GA * R_AB * t_BA
0 0 0
t_wo + t_wo_cam
0.9 0 0
Time
1558451398110
Theta
0
t_GA - R_GA * R_AB * t_BA
0 0 0
t_wo + t_wo_cam
0.9 0 0
Time
1558451398184
Theta
0
t_GA - R_GA * R_AB * t_BA
0 0 0
t_wo + t_wo_cam
0.9 0 0
Time
1558451398253
Theta
0
t_GA - R_GA * R_AB * t_BA
0 0 0
t_wo + t_wo_cam
0.9 0 0
Time
1558451398327
Theta
0
t_GA - R_GA * R_AB * t_BA
0 0 0
t_wo + t_wo_cam
0.9 0 0
Time
1558451398397
Theta
0
t_GA - R_GA * R_AB * t_BA
0 0 0
t_wo + t_wo_cam
0.9 0 0
Time
1558451398471
Theta
0
t_GA - R_GA * R_AB * t_BA
0 0 0
t_wo + t_wo_cam
0.9 0 0
Time
1558451398540
Theta
0
t_GA - R_GA * R_AB * t_BA
0 0 0
t_wo + t_wo_cam
0.9 0 0
Time
1558451398614
Theta
0
t_GA - R_GA * R_AB * t_BA
0 0 0
t_wo + t_wo_cam
0.9 0 0
Time
1558451398684
Theta
0
t_GA - R_GA * R_AB * t_BA
0 0 0
t_wo + t_wo_cam
0.9 0 0
Time
1558451398757
Theta
0
t_GA - R_GA * R_AB * t_BA
0 0 0
t_wo + t_wo_cam
0.9 0 0
Time
1558451398827
Theta
0
t_GA - R_GA * R_AB * t_BA
0 0 0
t_wo + t_wo_cam
0.9 0 0
Time
1558451398901
Theta
0
t_GA - R_GA * R_AB * t_BA
0 0 0
t_wo + t_wo_cam
0.9 0 0
Time
1558451398970
Theta
0
t_GA - R_GA * R_AB * t_BA
0 0 0
t_wo + t_wo_cam
0.9 0 0
Time
1558451399044
Theta
0
t_GA - R_GA * R_AB * t_BA
0 0 0
t_wo + t_wo_cam
0.9 0 0
Time
1558451399114
Theta
0
t_GA - R_GA * R_AB * t_BA
0 0 0
t_wo + t_wo_cam
0.9 0 0
Time
1558451399187
Theta
0
t_GA - R_GA * R_AB * t_BA
0 0 0
t_wo + t_wo_cam
0.9 0 0
Time
1558451399257
Theta
0
t_GA - R_GA * R_AB * t_BA
0 0 0
t_wo + t_wo_cam
0.9 0 0
Time
1558451399331
Theta
0
t_GA - R_GA * R_AB * t_BA
0 0 0
t_wo + t_wo_cam
0.9 0 0
Time
1558451399400
Theta
0
t_GA - R_GA * R_AB * t_BA
0 0 0
t_wo + t_wo_cam
0.9 0 0
Time
1558451399474
Theta
0
t_GA - R_GA * R_AB * t_BA
0 0 0
t_wo + t_wo_cam
0.9 0 0
Time
1558451399544
Theta
0
t_GA - R_GA * R_AB * t_BA
0 0 0
t_wo + t_wo_cam
0.9 0 0
Time
1558451399618
Theta
0
t_GA - R_GA * R_AB * t_BA
0 0 0
t_wo + t_wo_cam
0.9 0 0
Time
1558451399687
Theta
0
t_GA - R_GA * R_AB * t_BA
0 0 0
t_wo + t_wo_cam
0.9 0 0
Time
1558451399761
Theta
0
t_GA - R_GA * R_AB * t_BA
0 0 0
t_wo + t_wo_cam
0.9 0 0
Time
1558451399831
Theta
0
t_GA - R_GA * R_AB * t_BA
0 0 0
t_wo + t_wo_cam
0.9 0 0
Time
1558451399904
Theta
0
t_GA - R_GA * R_AB * t_BA
0 0 0
t_wo + t_wo_cam
0.9 0 0
Time
1558451399974
Theta
0
t_GA - R_GA * R_AB * t_BA
0 0 0
t_wo + t_wo_cam
0.9 0 0
Time
1558451400047
Theta
0
t_GA - R_GA * R_AB * t_BA
0 0 0
t_wo + t_wo_cam
0.9 0 0
Time
1558451400117
Theta
0
t_GA - R_GA * R_AB * t_BA
0 0 0
t_wo + t_wo_cam
0.9 0 0
Time
1558451400191
Theta
0
t_GA - R_GA * R_AB * t_BA
0 0 0
t_wo + t_wo_cam
0.9 0 0
Time
1558451400260
Theta
0
t_GA - R_GA * R_AB * t_BA
0 0 0
t_wo + t_wo_cam
0.9 0 0
Time
1558451400334
Theta
0
t_GA - R_GA * R_AB * t_BA
0 0 0
t_wo + t_wo_cam
0.9 0 0
Time
1558451400404
Theta
0
t_GA - R_GA * R_AB * t_BA
0 0 0
t_wo + t_wo_cam
0.9 0 0
Time
1558451400478
Theta
0
t_GA - R_GA * R_AB * t_BA
0 0 0
t_wo + t_wo_cam
0.9 0 0
Time
1558451400547
Theta
0
t_GA - R_GA * R_AB * t_BA
0 0 0
t_wo + t_wo_cam
0.9 0 0
Time
1558451400621
Theta
0
t_GA - R_GA * R_AB * t_BA
0 0 0
t_wo + t_wo_cam
0.9 0 0
Time
1558451400691
Theta
0
t_GA - R_GA * R_AB * t_BA
0 0 0
t_wo + t_wo_cam
0.9 0 0
Time
1558451400764
Theta
0
t_GA - R_GA * R_AB * t_BA
0 0 0
t_wo + t_wo_cam
0.9 0 0
Time
1558451400834
Theta
0
t_GA - R_GA * R_AB * t_BA
0 0 0
t_wo + t_wo_cam
0.9 0 0
Time
1558451400908
Theta
0
t_GA - R_GA * R_AB * t_BA
0 0 0
t_wo + t_wo_cam
0.9 0 0
Time
1558451400977
Theta
0
t_GA - R_GA * R_AB * t_BA
0 0 0
t_wo + t_wo_cam
0.9 0 0
Time
1558451401051
Theta
0
t_GA - R_GA * R_AB * t_BA
0 0 0
t_wo + t_wo_cam
0.9 0 0
Time
1558451401125
Theta
0
t_GA - R_GA * R_AB * t_BA
0 0 0
t_wo + t_wo_cam
0.9 0 0
Time
1558451401194
Theta
0
t_GA - R_GA * R_AB * t_BA
0 0 0
t_wo + t_wo_cam
0.9 0 0
Time
1558451401268
Theta
0
t_GA - R_GA * R_AB * t_BA
0 0 0
t_wo + t_wo_cam
0.9 0 0
Time
1558451401338
Theta
0
t_GA - R_GA * R_AB * t_BA
0 0 0
t_wo + t_wo_cam
0.9 0 0
Time
1558451401411
Theta
0
t_GA - R_GA * R_AB * t_BA
0 0 0
t_wo + t_wo_cam
0.9 0 0
Time
1558451401481
Theta
0
t_GA - R_GA * R_AB * t_BA
0 0 0
t_wo + t_wo_cam
0.9 0 0
Time
1558451401555
Theta
0
t_GA - R_GA * R_AB * t_BA
0 0 0
t_wo + t_wo_cam
0.9 0 0
Time
1558451401624
Theta
0
t_GA - R_GA * R_AB * t_BA
0 0 0
t_wo + t_wo_cam
0.9 0 0
Time
1558451401698
Theta
0
t_GA - R_GA * R_AB * t_BA
0 0 0
t_wo + t_wo_cam
0.9 0 0
Time
1558451401768
Theta
0
t_GA - R_GA * R_AB * t_BA
0 0 0
t_wo + t_wo_cam
0.9 0 0
Time
1558451401841
Theta
0
t_GA - R_GA * R_AB * t_BA
0 0 0
t_wo + t_wo_cam
0.9 0 0
Time
1558451401911
Theta
0
t_GA - R_GA * R_AB * t_BA
0 0 0
t_wo + t_wo_cam
0.9 0 0
Time
1558451401985
Theta
0
t_GA - R_GA * R_AB * t_BA
0 0 0
t_wo + t_wo_cam
0.9 0 0
Time
1558451402054
Theta
0
t_GA - R_GA * R_AB * t_BA
0 0 0
t_wo + t_wo_cam
0.9 0 0
Time
1558451402128
Theta
0
t_GA - R_GA * R_AB * t_BA
0 0 0
t_wo + t_wo_cam
0.9 0 0
Time
1558451402198
Theta
0
t_GA - R_GA * R_AB * t_BA
0 0 0
t_wo + t_wo_cam
0.9 0 0
Time
1558451402271
Theta
0
t_GA - R_GA * R_AB * t_BA
0 0 0
t_wo + t_wo_cam
0.9 0 0
Time
1558451402341
Theta
0
t_GA - R_GA * R_AB * t_BA
0 0 0
t_wo + t_wo_cam
0.9 0 0
Time
1558451402415
Theta
0
t_GA - R_GA * R_AB * t_BA
0 0 0
t_wo + t_wo_cam
0.9 0 0
Time
1558451402485
Theta
0
t_GA - R_GA * R_AB * t_BA
0 0 0
t_wo + t_wo_cam
0.9 0 0
Time
1558451402558
Theta
0
t_GA - R_GA * R_AB * t_BA
0 0 0
t_wo + t_wo_cam
0.9 0 0
Time
1558451402628
Theta
0
t_GA - R_GA * R_AB * t_BA
0 0 0
t_wo + t_wo_cam
0.9 0 0
Time
1558451402702
Theta
0
t_GA - R_GA * R_AB * t_BA
0 0 0
t_wo + t_wo_cam
0.9 0 0
Time
1558451402771
Theta
0
t_GA - R_GA * R_AB * t_BA
0 0 0
t_wo + t_wo_cam
0.9 0 0
Time
1558451402845
Theta
0
t_GA - R_GA * R_AB * t_BA
0 0 0
t_wo + t_wo_cam
0.9 0 0
Time
1558451402914
Theta
0
t_GA - R_GA * R_AB * t_BA
0 0 0
t_wo + t_wo_cam
0.9 0 0
Time
1558451402988
Theta
0
t_GA - R_GA * R_AB * t_BA
0 0 0
t_wo + t_wo_cam
0.9 0 0
Time
1558451403058
Theta
0
t_GA - R_GA * R_AB * t_BA
0 0 0
t_wo + t_wo_cam
0.9 0 0
Time
1558451403131
Theta
0
t_GA - R_GA * R_AB * t_BA
0 0 0
t_wo + t_wo_cam
0.9 0 0
Time
1558451403201
Theta
0
t_GA - R_GA * R_AB * t_BA
0 0 0
t_wo + t_wo_cam
0.9 0 0
Time
1558451403275
Theta
0
t_GA - R_GA * R_AB * t_BA
0 0 0
t_wo + t_wo_cam
0.9 0 0
Time
1558451403344
Theta
0
t_GA - R_GA * R_AB * t_BA
0 0 0
t_wo + t_wo_cam
0.9 0 0
Time
1558451403418
Theta
0
t_GA - R_GA * R_AB * t_BA
0 0 0
t_wo + t_wo_cam
0.9 0 0
Time
1558451403488
Theta
0
t_GA - R_GA * R_AB * t_BA
0 0 0
t_wo + t_wo_cam
0.9 0 0
Time
1558451403562
Theta
0
t_GA - R_GA * R_AB * t_BA
0 0 0
t_wo + t_wo_cam
0.9 0 0
Time
1558451403631
Theta
0
t_GA - R_GA * R_AB * t_BA
0 0 0
t_wo + t_wo_cam
0.9 0 0
Time
1558451403705
Theta
0
t_GA - R_GA * R_AB * t_BA
0 0 0
t_wo + t_wo_cam
0.9 0 0
Time
1558451403775
Theta
0
t_GA - R_GA * R_AB * t_BA
0 0 0
t_wo + t_wo_cam
0.9 0 0
Time
1558451403849
Theta
0
t_GA - R_GA * R_AB * t_BA
0 0 0
t_wo + t_wo_cam
0.9 0 0
Time
1558451403918
Theta
0
t_GA - R_GA * R_AB * t_BA
0 0 0
t_wo + t_wo_cam
0.9 0 0
Time
1558451403992
Theta
0
t_GA - R_GA * R_AB * t_BA
0 0 0
t_wo + t_wo_cam
0.9 0 0
Time
1558451404061
Theta
0
t_GA - R_GA * R_AB * t_BA
0 0 0
t_wo + t_wo_cam
0.9 0 0
Time
1558451404135
Theta
0
t_GA - R_GA * R_AB * t_BA
0 0 0
t_wo + t_wo_cam
0.9 0 0
Time
1558451404205
Theta
0
t_GA - R_GA * R_AB * t_BA
0 0 0
t_wo + t_wo_cam
0.9 0 0
Time
1558451404278
Theta
0
t_GA - R_GA * R_AB * t_BA
0 0 0
t_wo + t_wo_cam
0.9 0 0
Time
1558451404352
Theta
0
t_GA - R_GA * R_AB * t_BA
0 0 0
t_wo + t_wo_cam
0.9 0 0
Time
1558451404422
Theta
0
t_GA - R_GA * R_AB * t_BA
0 0 0
t_wo + t_wo_cam
0.9 0 0
Time
1558451404496
Theta
0
t_GA - R_GA * R_AB * t_BA
0 0 0
t_wo + t_wo_cam
0.9 0 0
Time
1558451404565
Theta
0
t_GA - R_GA * R_AB * t_BA
0 0 0
t_wo + t_wo_cam
0.9 0 0
Time
1558451404639
Theta
0
t_GA - R_GA * R_AB * t_BA
0 0 0
t_wo + t_wo_cam
0.9 0 0
Time
1558451404709
Theta
0
t_GA - R_GA * R_AB * t_BA
0 0 0
t_wo + t_wo_cam
0.9 0 0
Time
1558451404782
Theta
0
t_GA - R_GA * R_AB * t_BA
0 0 0
t_wo + t_wo_cam
0.9 0 0
Time
1558451404852
Theta
0
t_GA - R_GA * R_AB * t_BA
0 0 0
t_wo + t_wo_cam
0.9 0 0
Time
1558451404926
Theta
0
t_GA - R_GA * R_AB * t_BA
0 0 0
t_wo + t_wo_cam
0.9 0 0
Time
1558451404995
Theta
0
t_GA - R_GA * R_AB * t_BA
0 0 0
t_wo + t_wo_cam
0.9 0 0
Time
1558451405069
Theta
0
t_GA - R_GA * R_AB * t_BA
0 0 0
t_wo + t_wo_cam
0.9 0 0
Time
1558451405139
Theta
0
t_GA - R_GA * R_AB * t_BA
0 0 0
t_wo + t_wo_cam
0.9 0 0
Time
1558451405213
Theta
0
t_GA - R_GA * R_AB * t_BA
0 0 0
t_wo + t_wo_cam
0.9 0 0
Time
1558451405282
Theta
0
t_GA - R_GA * R_AB * t_BA
0 0 0
t_wo + t_wo_cam
0.9 0 0
Time
1558451405356
Theta
0
t_GA - R_GA * R_AB * t_BA
0 0 0
t_wo + t_wo_cam
0.9 0 0
Time
1558451405426
Theta
0
t_GA - R_GA * R_AB * t_BA
0 0 0
t_wo + t_wo_cam
0.9 0 0
Time
1558451405499
Theta
0
t_GA - R_GA * R_AB * t_BA
0 0 0
t_wo + t_wo_cam
0.9 0 0
Time
1558451405569
Theta
0
t_GA - R_GA * R_AB * t_BA
0 0 0
t_wo + t_wo_cam
0.9 0 0
Time
1558451405643
Theta
0
t_GA - R_GA * R_AB * t_BA
0 0 0
t_wo + t_wo_cam
0.9 0 0
Time
1558451405712
Theta
0
t_GA - R_GA * R_AB * t_BA
0 0 0
t_wo + t_wo_cam
0.9 0 0
Time
1558451405786
Theta
0
t_GA - R_GA * R_AB * t_BA
0 0 0
t_wo + t_wo_cam
0.9 0 0
Time
1558451405856
Theta
0
t_GA - R_GA * R_AB * t_BA
0 0 0
t_wo + t_wo_cam
0.9 0 0
Time
1558451405929
Theta
0
t_GA - R_GA * R_AB * t_BA
0 0 0
t_wo + t_wo_cam
0.9 0 0
Time
1558451405999
Theta
0
t_GA - R_GA * R_AB * t_BA
0 0 0
t_wo + t_wo_cam
0.9 0 0
Time
1558451406072
Theta
0
t_GA - R_GA * R_AB * t_BA
0 0 0
t_wo + t_wo_cam
0.9 0 0
Time
1558451406142
Theta
0
t_GA - R_GA * R_AB * t_BA
0 0 0
t_wo + t_wo_cam
0.9 0 0
Time
1558451406216
Theta
0
t_GA - R_GA * R_AB * t_BA
0 0 0
t_wo + t_wo_cam
0.9 0 0
Time
1558451406285
Theta
0
t_GA - R_GA * R_AB * t_BA
0 0 0
t_wo + t_wo_cam
0.9 0 0
Time
1558451406359
Theta
0
t_GA - R_GA * R_AB * t_BA
0 0 0
t_wo + t_wo_cam
0.9 0 0
Time
1558451406429
Theta
0
t_GA - R_GA * R_AB * t_BA
0 0 0
t_wo + t_wo_cam
0.9 0 0
Time
1558451406503
Theta
0
t_GA - R_GA * R_AB * t_BA
0 0 0
t_wo + t_wo_cam
0.9 0 0
Time
1558451406572
Theta
0
t_GA - R_GA * R_AB * t_BA
0 0 0
t_wo + t_wo_cam
0.9 0 0
Time
1558451406646
Theta
0
t_GA - R_GA * R_AB * t_BA
0 0 0
t_wo + t_wo_cam
0.9 0 0
Time
1558451406716
Theta
0
t_GA - R_GA * R_AB * t_BA
0 0 0
t_wo + t_wo_cam
0.9 0 0
Time
1558451406789
Theta
0
t_GA - R_GA * R_AB * t_BA
0 0 0
t_wo + t_wo_cam
0.9 0 0
Time
1558451406859
Theta
0
t_GA - R_GA * R_AB * t_BA
0 0 0
t_wo + t_wo_cam
0.9 0 0
Time
1558451406933
Theta
0
t_GA - R_GA * R_AB * t_BA
0 0 0
t_wo + t_wo_cam
0.9 0 0
Time
1558451407002
Theta
0
t_GA - R_GA * R_AB * t_BA
0 0 0
t_wo + t_wo_cam
0.9 0 0
Time
1558451407076
Theta
0
t_GA - R_GA * R_AB * t_BA
0 0 0
t_wo + t_wo_cam
0.9 0 0
Time
1558451407145
Theta
0
t_GA - R_GA * R_AB * t_BA
0 0 0
t_wo + t_wo_cam
0.9 0 0
Time
1558451407219
Theta
0
t_GA - R_GA * R_AB * t_BA
0 0 0
t_wo + t_wo_cam
0.9 0 0
Time
1558451407289
Theta
0
t_GA - R_GA * R_AB * t_BA
0 0 0
t_wo + t_wo_cam
0.9 0 0
Time
1558451407363
Theta
0
t_GA - R_GA * R_AB * t_BA
0 0 0
t_wo + t_wo_cam
0.9 0 0
Time
1558451407432
Theta
0
t_GA - R_GA * R_AB * t_BA
0 0 0
t_wo + t_wo_cam
0.9 0 0
Time
1558451407506
Theta
0
t_GA - R_GA * R_AB * t_BA
0 0 0
t_wo + t_wo_cam
0.9 0 0
Time
1558451407580
Theta
0
t_GA - R_GA * R_AB * t_BA
0 0 0
t_wo + t_wo_cam
0.9 0 0
Time
1558451407650
Theta
0
t_GA - R_GA * R_AB * t_BA
0 0 0
t_wo + t_wo_cam
0.9 0 0
Time
1558451407723
Theta
0
t_GA - R_GA * R_AB * t_BA
0 0 0
t_wo + t_wo_cam
0.9 0 0
Time
1558451407793
Theta
0
t_GA - R_GA * R_AB * t_BA
0 0 0
t_wo + t_wo_cam
0.9 0 0
Time
1558451407866
Theta
0
t_GA - R_GA * R_AB * t_BA
0 0 0
t_wo + t_wo_cam
0.9 0 0
Time
1558451407936
Theta
0
t_GA - R_GA * R_AB * t_BA
0 0 0
t_wo + t_wo_cam
0.9 0 0
Time
1558451408010
Theta
0
t_GA - R_GA * R_AB * t_BA
0 0 0
t_wo + t_wo_cam
0.9 0 0
Time
1558451408079
Theta
0
t_GA - R_GA * R_AB * t_BA
0 0 0
t_wo + t_wo_cam
0.9 0 0
Time
1558451408153
Theta
0
t_GA - R_GA * R_AB * t_BA
0 0 0
t_wo + t_wo_cam
0.9 0 0
Time
1558451408223
Theta
0
t_GA - R_GA * R_AB * t_BA
0 0 0
t_wo + t_wo_cam
0.9 0 0
Time
1558451408296
Theta
0
t_GA - R_GA * R_AB * t_BA
0 0 0
t_wo + t_wo_cam
0.9 0 0
Time
1558451408366
Theta
0
t_GA - R_GA * R_AB * t_BA
0 0 0
t_wo + t_wo_cam
0.9 0 0
Time
1558451408440
Theta
0
t_GA - R_GA * R_AB * t_BA
0 0 0
t_wo + t_wo_cam
0.9 0 0
Time
1558451408510
Theta
0
t_GA - R_GA * R_AB * t_BA
0 0 0
t_wo + t_wo_cam
0.9 0 0
Time
1558451408583
Theta
0
t_GA - R_GA * R_AB * t_BA
0 0 0
t_wo + t_wo_cam
0.9 0 0
Time
1558451408653
Theta
0
t_GA - R_GA * R_AB * t_BA
0 0 0
t_wo + t_wo_cam
0.9 0 0
Time
1558451408727
Theta
0
t_GA - R_GA * R_AB * t_BA
0 0 0
t_wo + t_wo_cam
0.9 0 0
Time
1558451408796
Theta
0
t_GA - R_GA * R_AB * t_BA
0 0 0
t_wo + t_wo_cam
0.9 0 0
Time
1558451408870
Theta
0
t_GA - R_GA * R_AB * t_BA
0 0 0
t_wo + t_wo_cam
0.9 0 0
Time
1558451408939
Theta
0
t_GA - R_GA * R_AB * t_BA
0 0 0
t_wo + t_wo_cam
0.9 0 0
Time
1558451409013
Theta
0
t_GA - R_GA * R_AB * t_BA
0 0 0
t_wo + t_wo_cam
0.9 0 0
Time
1558451409083
Theta
0
t_GA - R_GA * R_AB * t_BA
0 0 0
t_wo + t_wo_cam
0.9 0 0
Time
1558451409157
Theta
0
t_GA - R_GA * R_AB * t_BA
0 0 0
t_wo + t_wo_cam
0.9 0 0
Time
1558451409226
Theta
0
t_GA - R_GA * R_AB * t_BA
0 0 0
t_wo + t_wo_cam
0.9 0 0
Time
1558451409300
Theta
0
t_GA - R_GA * R_AB * t_BA
0 0 0
t_wo + t_wo_cam
0.9 0 0
Time
1558451409370
Theta
0
t_GA - R_GA * R_AB * t_BA
0 0 0
t_wo + t_wo_cam
0.9 0 0
Time
1558451409443
Theta
0
t_GA - R_GA * R_AB * t_BA
0 0 0
t_wo + t_wo_cam
0.9 0 0
Time
1558451409513
Theta
0
t_GA - R_GA * R_AB * t_BA
0 0 0
t_wo + t_wo_cam
0.9 0 0
Time
1558451409587
Theta
0
t_GA - R_GA * R_AB * t_BA
0 0 0
t_wo + t_wo_cam
0.9 0 0
Time
1558451409656
Theta
0
t_GA - R_GA * R_AB * t_BA
0 0 0
t_wo + t_wo_cam
0.9 0 0
Time
1558451409730
Theta
0
t_GA - R_GA * R_AB * t_BA
0 0 0
t_wo + t_wo_cam
0.9 0 0
Time
1558451409800
Theta
0
t_GA - R_GA * R_AB * t_BA
0 0 0
t_wo + t_wo_cam
0.9 0 0
Time
1558451409873
Theta
0
t_GA - R_GA * R_AB * t_BA
0 0 0
t_wo + t_wo_cam
0.9 0 0
Time
1558451409942
Theta
0
t_GA - R_GA * R_AB * t_BA
0 0 0
t_wo + t_wo_cam
0.9 0 0
Time
1558451410016
Theta
0
t_GA - R_GA * R_AB * t_BA
0 0 0
t_wo + t_wo_cam
0.9 0 0
Time
1558451410087
Theta
0
t_GA - R_GA * R_AB * t_BA
0 0 0
t_wo + t_wo_cam
0.9 0 0
Time
1558451410160
Theta
0
t_GA - R_GA * R_AB * t_BA
0 0 0
t_wo + t_wo_cam
0.9 0 0
Time
1558451410229
Theta
0
t_GA - R_GA * R_AB * t_BA
0 0 0
t_wo + t_wo_cam
0.9 0 0
Time
1558451410303
Theta
0
t_GA - R_GA * R_AB * t_BA
0 0 0
t_wo + t_wo_cam
0.9 0 0
Time
1558451410372
Theta
0
t_GA - R_GA * R_AB * t_BA
0 0 0
t_wo + t_wo_cam
0.9 0 0
Time
1558451410446
Theta
0
t_GA - R_GA * R_AB * t_BA
0 0 0
t_wo + t_wo_cam
0.9 0 0
Time
1558451410516
Theta
0
t_GA - R_GA * R_AB * t_BA
0 0 0
t_wo + t_wo_cam
0.9 0 0
Time
1558451410589
Theta
0
t_GA - R_GA * R_AB * t_BA
0 0 0
t_wo + t_wo_cam
0.9 0 0
Time
1558451410659
Theta
0
t_GA - R_GA * R_AB * t_BA
0 0 0
t_wo + t_wo_cam
0.9 0 0
Time
1558451410733
Theta
0
t_GA - R_GA * R_AB * t_BA
0 0 0
t_wo + t_wo_cam
0.9 0 0
Time
1558451410806
Theta
0
t_GA - R_GA * R_AB * t_BA
0 0 0
t_wo + t_wo_cam
0.9 0 0
Time
1558451410876
Theta
0
t_GA - R_GA * R_AB * t_BA
0 0 0
t_wo + t_wo_cam
0.9 0 0
Time
1558451410950
Theta
0
t_GA - R_GA * R_AB * t_BA
0 0 0
t_wo + t_wo_cam
0.9 0 0
Time
1558451411019
Theta
0
t_GA - R_GA * R_AB * t_BA
0 0 0
t_wo + t_wo_cam
0.9 0 0
Time
1558451411093
Theta
0
t_GA - R_GA * R_AB * t_BA
0 0 0
t_wo + t_wo_cam
0.9 0 0
Time
1558451411162
Theta
0
t_GA - R_GA * R_AB * t_BA
0 0 0
t_wo + t_wo_cam
0.9 0 0
Time
1558451411236
Theta
0
t_GA - R_GA * R_AB * t_BA
0 0 0
t_wo + t_wo_cam
0.9 0 0
Time
1558451411306
Theta
0
t_GA - R_GA * R_AB * t_BA
0 0 0
t_wo + t_wo_cam
0.9 0 0
Time
1558451411380
Theta
0
t_GA - R_GA * R_AB * t_BA
0 0 0
t_wo + t_wo_cam
0.9 0 0
Time
1558451411449
Theta
0
t_GA - R_GA * R_AB * t_BA
0 0 0
t_wo + t_wo_cam
0.9 0 0
Time
1558451411523
Theta
0
t_GA - R_GA * R_AB * t_BA
0 0 0
t_wo + t_wo_cam
0.9 0 0
Time
1558451411593
Theta
0
t_GA - R_GA * R_AB * t_BA
0 0 0
t_wo + t_wo_cam
0.9 0 0
Time
1558451411666
Theta
0
t_GA - R_GA * R_AB * t_BA
0 0 0
t_wo + t_wo_cam
0.9 0 0
Time
1558451411736
Theta
0
t_GA - R_GA * R_AB * t_BA
0 0 0
t_wo + t_wo_cam
0.9 0 0
Time
1558451411809
Theta
0
t_GA - R_GA * R_AB * t_BA
0 0 0
t_wo + t_wo_cam
0.9 0 0
Time
1558451411879
Theta
0
t_GA - R_GA * R_AB * t_BA
0 0 0
t_wo + t_wo_cam
0.9 0 0
Time
1558451411953
Theta
0
t_GA - R_GA * R_AB * t_BA
0 0 0
t_wo + t_wo_cam
0.9 0 0
Time
1558451412022
Theta
0
t_GA - R_GA * R_AB * t_BA
0 0 0
t_wo + t_wo_cam
0.9 0 0
Time
1558451412096
Theta
0
t_GA - R_GA * R_AB * t_BA
0 0 0
t_wo + t_wo_cam
0.9 0 0
Time
1558451412166
Theta
0
t_GA - R_GA * R_AB * t_BA
0 0 0
t_wo + t_wo_cam
0.9 0 0
Time
1558451412239
Theta
0
t_GA - R_GA * R_AB * t_BA
0 0 0
t_wo + t_wo_cam
0.9 0 0
Time
1558451412309
Theta
0
t_GA - R_GA * R_AB * t_BA
0 0 0
t_wo + t_wo_cam
0.9 0 0
Time
1558451412383
Theta
0
t_GA - R_GA * R_AB * t_BA
0 0 0
t_wo + t_wo_cam
0.9 0 0
Time
1558451412452
Theta
0
t_GA - R_GA * R_AB * t_BA
0 0 0
t_wo + t_wo_cam
0.9 0 0
Time
1558451412526
Theta
0
t_GA - R_GA * R_AB * t_BA
0 0 0
t_wo + t_wo_cam
0.9 0 0
Time
1558451412595
Theta
0
t_GA - R_GA * R_AB * t_BA
0 0 0
t_wo + t_wo_cam
0.9 0 0
Time
1558451412669
Theta
0
t_GA - R_GA * R_AB * t_BA
0 0 0
t_wo + t_wo_cam
0.9 0 0
Time
1558451412739
Theta
0
t_GA - R_GA * R_AB * t_BA
0 0 0
t_wo + t_wo_cam
0.9 0 0
Time
1558451412812
Theta
0
t_GA - R_GA * R_AB * t_BA
0 0 0
t_wo + t_wo_cam
0.9 0 0
Time
1558451412882
Theta
0
t_GA - R_GA * R_AB * t_BA
0 0 0
t_wo + t_wo_cam
0.9 0 0
Time
1558451412955
Theta
0
t_GA - R_GA * R_AB * t_BA
0 0 0
t_wo + t_wo_cam
0.9 0 0
Time
1558451413025
Theta
0
t_GA - R_GA * R_AB * t_BA
0 0 0
t_wo + t_wo_cam
0.9 0 0
Time
1558451413099
Theta
0
t_GA - R_GA * R_AB * t_BA
0 0 0
t_wo + t_wo_cam
0.9 0 0
Time
1558451413168
Theta
0
t_GA - R_GA * R_AB * t_BA
0 0 0
t_wo + t_wo_cam
0.9 0 0
Time
1558451413242
Theta
0
t_GA - R_GA * R_AB * t_BA
0 0 0
t_wo + t_wo_cam
0.9 0 0
Time
1558451413312
Theta
0
t_GA - R_GA * R_AB * t_BA
0 0 0
t_wo + t_wo_cam
0.9 0 0
Time
1558451413386
Theta
0
t_GA - R_GA * R_AB * t_BA
0 0 0
t_wo + t_wo_cam
0.9 0 0
Time
1558451413455
Theta
0
t_GA - R_GA * R_AB * t_BA
0 0 0
t_wo + t_wo_cam
0.9 0 0
Time
1558451413529
Theta
0
t_GA - R_GA * R_AB * t_BA
0 0 0
t_wo + t_wo_cam
0.9 0 0
Time
1558451413598
Theta
0
t_GA - R_GA * R_AB * t_BA
0 0 0
t_wo + t_wo_cam
0.9 0 0
Time
1558451413672
Theta
0
t_GA - R_GA * R_AB * t_BA
0 0 0
t_wo + t_wo_cam
0.9 0 0
Time
1558451413742
Theta
0
t_GA - R_GA * R_AB * t_BA
0 0 0
t_wo + t_wo_cam
0.9 0 0
Time
1558451413815
Theta
0
t_GA - R_GA * R_AB * t_BA
0 0 0
t_wo + t_wo_cam
0.9 0 0
Time
1558451413885
Theta
0
t_GA - R_GA * R_AB * t_BA
0 0 0
t_wo + t_wo_cam
0.9 0 0
Time
1558451413959
Theta
0
t_GA - R_GA * R_AB * t_BA
0 0 0
t_wo + t_wo_cam
0.9 0 0
Time
1558451414032
Theta
0
t_GA - R_GA * R_AB * t_BA
0 0 0
t_wo + t_wo_cam
0.9 0 0
Time
1558451414102
Theta
0
t_GA - R_GA * R_AB * t_BA
0 0 0
t_wo + t_wo_cam
0.9 0 0
Time
1558451414175
Theta
0
t_GA - R_GA * R_AB * t_BA
0 0 0
t_wo + t_wo_cam
0.9 0 0
Time
1558451414245
Theta
0
t_GA - R_GA * R_AB * t_BA
0 0 0
t_wo + t_wo_cam
0.9 0 0
Time
1558451414319
Theta
0
t_GA - R_GA * R_AB * t_BA
0 0 0
t_wo + t_wo_cam
0.9 0 0
Time
1558451414389
Theta
0
t_GA - R_GA * R_AB * t_BA
0 0 0
t_wo + t_wo_cam
0.9 0 0
Time
1558451414462
Theta
0
t_GA - R_GA * R_AB * t_BA
0 0 0
t_wo + t_wo_cam
0.9 0 0
Time
1558451414532
Theta
0
t_GA - R_GA * R_AB * t_BA
0 0 0
t_wo + t_wo_cam
0.9 0 0
Time
1558451414605
Theta
0
t_GA - R_GA * R_AB * t_BA
0 0 0
t_wo + t_wo_cam
0.9 0 0
Time
1558451414675
Theta
0
t_GA - R_GA * R_AB * t_BA
0 0 0
t_wo + t_wo_cam
0.9 0 0
Time
1558451414749
Theta
0
t_GA - R_GA * R_AB * t_BA
0 0 0
t_wo + t_wo_cam
0.9 0 0
Time
1558451414818
Theta
0
t_GA - R_GA * R_AB * t_BA
0 0 0
t_wo + t_wo_cam
0.9 0 0
Time
1558451414892
Theta
0
t_GA - R_GA * R_AB * t_BA
0 0 0
t_wo + t_wo_cam
0.9 0 0
Time
1558451414961
Theta
0
t_GA - R_GA * R_AB * t_BA
0 0 0
t_wo + t_wo_cam
0.9 0 0
Time
1558451415035
Theta
0
t_GA - R_GA * R_AB * t_BA
0 0 0
t_wo + t_wo_cam
0.9 0 0
Time
1558451415106
Theta
0
t_GA - R_GA * R_AB * t_BA
0 0 0
t_wo + t_wo_cam
0.9 0 0
Time
1558451415179
Theta
0
t_GA - R_GA * R_AB * t_BA
0 0 0
t_wo + t_wo_cam
0.9 0 0
Time
1558451415248
Theta
0
t_GA - R_GA * R_AB * t_BA
0 0 0
t_wo + t_wo_cam
0.9 0 0
Time
1558451415322
Theta
0
t_GA - R_GA * R_AB * t_BA
0 0 0
t_wo + t_wo_cam
0.9 0 0
Time
1558451415391
Theta
0
t_GA - R_GA * R_AB * t_BA
0 0 0
t_wo + t_wo_cam
0.9 0 0
Time
1558451415465
Theta
0
t_GA - R_GA * R_AB * t_BA
0 0 0
t_wo + t_wo_cam
0.9 0 0
Time
1558451415535
Theta
0
t_GA - R_GA * R_AB * t_BA
0 0 0
t_wo + t_wo_cam
0.9 0 0
Time
1558451415608
Theta
0
t_GA - R_GA * R_AB * t_BA
0 0 0
t_wo + t_wo_cam
0.9 0 0
Time
1558451415678
Theta
0
t_GA - R_GA * R_AB * t_BA
0 0 0
t_wo + t_wo_cam
0.9 0 0
Time
1558451415752
Theta
0
t_GA - R_GA * R_AB * t_BA
0 0 0
t_wo + t_wo_cam
0.9 0 0
Time
1558451415821
Theta
0
t_GA - R_GA * R_AB * t_BA
0 0 0
t_wo + t_wo_cam
0.9 0 0
Time
1558451415895
Theta
0
t_GA - R_GA * R_AB * t_BA
0 0 0
t_wo + t_wo_cam
0.9 0 0
Time
1558451415964
Theta
0
t_GA - R_GA * R_AB * t_BA
0 0 0
t_wo + t_wo_cam
0.9 0 0
Time
1558451416038
Theta
0
t_GA - R_GA * R_AB * t_BA
0 0 0
t_wo + t_wo_cam
0.9 0 0
Time
1558451416108
Theta
0
t_GA - R_GA * R_AB * t_BA
0 0 0
t_wo + t_wo_cam
0.9 0 0
Time
1558451416182
Theta
0
t_GA - R_GA * R_AB * t_BA
0 0 0
t_wo + t_wo_cam
0.9 0 0
Time
1558451416251
Theta
0
t_GA - R_GA * R_AB * t_BA
0 0 0
t_wo + t_wo_cam
0.9 0 0
Time
1558451416325
Theta
0
t_GA - R_GA * R_AB * t_BA
0 0 0
t_wo + t_wo_cam
0.9 0 0
Time
1558451416394
Theta
0
t_GA - R_GA * R_AB * t_BA
0 0 0
t_wo + t_wo_cam
0.9 0 0
Time
1558451416468
Theta
0
t_GA - R_GA * R_AB * t_BA
0 0 0
t_wo + t_wo_cam
0.9 0 0
Time
1558451416538
Theta
0
t_GA - R_GA * R_AB * t_BA
0 0 0
t_wo + t_wo_cam
0.9 0 0
Time
1558451416611
Theta
0
t_GA - R_GA * R_AB * t_BA
0 0 0
t_wo + t_wo_cam
0.9 0 0
Time
1558451416681
Theta
0
t_GA - R_GA * R_AB * t_BA
0 0 0
t_wo + t_wo_cam
0.9 0 0
Time
1558451416755
Theta
0
t_GA - R_GA * R_AB * t_BA
0 0 0
t_wo + t_wo_cam
0.9 0 0
Time
1558451416824
Theta
0
t_GA - R_GA * R_AB * t_BA
0 0 0
t_wo + t_wo_cam
0.9 0 0
Time
1558451416898
Theta
0
t_GA - R_GA * R_AB * t_BA
0 0 0
t_wo + t_wo_cam
0.9 0 0
Time
1558451416967
Theta
0
t_GA - R_GA * R_AB * t_BA
0 0 0
t_wo + t_wo_cam
0.9 0 0
Time
1558451417041
Theta
0
t_GA - R_GA * R_AB * t_BA
0 0 0
t_wo + t_wo_cam
0.9 0 0
Time
1558451417111
Theta
0
t_GA - R_GA * R_AB * t_BA
0 0 0
t_wo + t_wo_cam
0.9 0 0
Time
1558451417185
Theta
0
t_GA - R_GA * R_AB * t_BA
0 0 0
t_wo + t_wo_cam
0.9 0 0
Time
1558451417258
Theta
0
t_GA - R_GA * R_AB * t_BA
0 0 0
t_wo + t_wo_cam
0.9 0 0
Time
1558451417328
Theta
0
t_GA - R_GA * R_AB * t_BA
0 0 0
t_wo + t_wo_cam
0.9 0 0
Time
1558451417401
Theta
0
t_GA - R_GA * R_AB * t_BA
0 0 0
t_wo + t_wo_cam
0.9 0 0
Time
1558451417471
Theta
0
t_GA - R_GA * R_AB * t_BA
0 0 0
t_wo + t_wo_cam
0.9 0 0
Time
1558451417545
Theta
0
t_GA - R_GA * R_AB * t_BA
0 0 0
t_wo + t_wo_cam
0.9 0 0
Time
1558451417614
Theta
0
t_GA - R_GA * R_AB * t_BA
0 0 0
t_wo + t_wo_cam
0.9 0 0
Time
1558451417688
Theta
0
t_GA - R_GA * R_AB * t_BA
0 0 0
t_wo + t_wo_cam
0.9 0 0
Time
1558451417758
Theta
0
t_GA - R_GA * R_AB * t_BA
0 0 0
t_wo + t_wo_cam
0.9 0 0
Time
1558451417831
Theta
0
t_GA - R_GA * R_AB * t_BA
0 0 0
t_wo + t_wo_cam
0.9 0 0
Time
1558451417901
Theta
0
t_GA - R_GA * R_AB * t_BA
0 0 0
t_wo + t_wo_cam
0.9 0 0
Time
1558451417975
Theta
0
t_GA - R_GA * R_AB * t_BA
0 0 0
t_wo + t_wo_cam
0.9 0 0
Time
1558451418045
Theta
0
t_GA - R_GA * R_AB * t_BA
0 0 0
t_wo + t_wo_cam
0.9 0 0
Time
1558451418118
Theta
0
t_GA - R_GA * R_AB * t_BA
0 0 0
t_wo + t_wo_cam
0.9 0 0
Time
1558451418188
Theta
0
t_GA - R_GA * R_AB * t_BA
0 0 0
t_wo + t_wo_cam
0.9 0 0
Time
1558451418261
Theta
0
t_GA - R_GA * R_AB * t_BA
0 0 0
t_wo + t_wo_cam
0.9 0 0
Time
1558451418331
Theta
0
t_GA - R_GA * R_AB * t_BA
0 0 0
t_wo + t_wo_cam
0.9 0 0
Time
1558451418405
Theta
0
t_GA - R_GA * R_AB * t_BA
0 0 0
t_wo + t_wo_cam
0.9 0 0
Time
1558451418474
Theta
0
t_GA - R_GA * R_AB * t_BA
0 0 0
t_wo + t_wo_cam
0.9 0 0
Time
1558451418548
Theta
0
t_GA - R_GA * R_AB * t_BA
0 0 0
t_wo + t_wo_cam
0.9 0 0
Time
1558451418618
Theta
0
t_GA - R_GA * R_AB * t_BA
0 0 0
t_wo + t_wo_cam
0.9 0 0
Time
1558451418692
Theta
0
t_GA - R_GA * R_AB * t_BA
0 0 0
t_wo + t_wo_cam
0.9 0 0
Time
1558451418761
Theta
0
t_GA - R_GA * R_AB * t_BA
0 0 0
t_wo + t_wo_cam
0.9 0 0
Time
1558451418835
Theta
0
t_GA - R_GA * R_AB * t_BA
0 0 0
t_wo + t_wo_cam
0.9 0 0
Time
1558451418904
Theta
0
t_GA - R_GA * R_AB * t_BA
0 0 0
t_wo + t_wo_cam
0.9 0 0
Time
1558451418978
Theta
0
t_GA - R_GA * R_AB * t_BA
0 0 0
t_wo + t_wo_cam
0.9 0 0
Time
1558451419048
Theta
0
t_GA - R_GA * R_AB * t_BA
0 0 0
t_wo + t_wo_cam
0.9 0 0
Time
1558451419122
Theta
0
t_GA - R_GA * R_AB * t_BA
0 0 0
t_wo + t_wo_cam
0.9 0 0
Time
1558451419191
Theta
0
t_GA - R_GA * R_AB * t_BA
0 0 0
t_wo + t_wo_cam
0.9 0 0
Time
1558451419265
Theta
0
t_GA - R_GA * R_AB * t_BA
0 0 0
t_wo + t_wo_cam
0.9 0 0
Time
1558451419335
Theta
0
t_GA - R_GA * R_AB * t_BA
0 0 0
t_wo + t_wo_cam
0.9 0 0
Time
1558451419408
Theta
0
t_GA - R_GA * R_AB * t_BA
0 0 0
t_wo + t_wo_cam
0.9 0 0
Time
1558451419478
Theta
0
t_GA - R_GA * R_AB * t_BA
0 0 0
t_wo + t_wo_cam
0.9 0 0
Time
1558451419552
Theta
0
t_GA - R_GA * R_AB * t_BA
0 0 0
t_wo + t_wo_cam
0.9 0 0
Time
1558451419621
Theta
0
t_GA - R_GA * R_AB * t_BA
0 0 0
t_wo + t_wo_cam
0.9 0 0
Time
1558451419695
Theta
0
t_GA - R_GA * R_AB * t_BA
0 0 0
t_wo + t_wo_cam
0.9 0 0
Time
1558451419765
Theta
0
t_GA - R_GA * R_AB * t_BA
0 0 0
t_wo + t_wo_cam
0.9 0 0
Time
1558451419838
Theta
0
t_GA - R_GA * R_AB * t_BA
0 0 0
t_wo + t_wo_cam
0.9 0 0
Time
1558451419908
Theta
0
t_GA - R_GA * R_AB * t_BA
0 0 0
t_wo + t_wo_cam
0.9 0 0
Time
1558451419982
Theta
0
t_GA - R_GA * R_AB * t_BA
0 0 0
t_wo + t_wo_cam
0.9 0 0
Time
1558451420051
Theta
0
t_GA - R_GA * R_AB * t_BA
0 0 0
t_wo + t_wo_cam
0.9 0 0
Time
1558451420125
Theta
0
t_GA - R_GA * R_AB * t_BA
0 0 0
t_wo + t_wo_cam
0.9 0 0
Time
1558451420195
Theta
0
t_GA - R_GA * R_AB * t_BA
0 0 0
t_wo + t_wo_cam
0.9 0 0
Time
1558451420268
Theta
0
t_GA - R_GA * R_AB * t_BA
0 0 0
t_wo + t_wo_cam
0.9 0 0
Time
1558451420338
Theta
0
t_GA - R_GA * R_AB * t_BA
0 0 0
t_wo + t_wo_cam
0.9 0 0
Time
1558451420412
Theta
0
t_GA - R_GA * R_AB * t_BA
0 0 0
t_wo + t_wo_cam
0.9 0 0
Time
1558451420486
Theta
0
t_GA - R_GA * R_AB * t_BA
0 0 0
t_wo + t_wo_cam
0.9 0 0
Time
1558451420555
Theta
0
t_GA - R_GA * R_AB * t_BA
0 0 0
t_wo + t_wo_cam
0.9 0 0
Time
1558451420629
Theta
0
t_GA - R_GA * R_AB * t_BA
0 0 0
t_wo + t_wo_cam
0.9 0 0
Time
1558451420699
Theta
0
t_GA - R_GA * R_AB * t_BA
0 0 0
t_wo + t_wo_cam
0.9 0 0
Time
1558451420772
Theta
0
t_GA - R_GA * R_AB * t_BA
0 0 0
t_wo + t_wo_cam
0.9 0 0
Time
1558451420842
Theta
0
t_GA - R_GA * R_AB * t_BA
0 0 0
t_wo + t_wo_cam
0.9 0 0
Time
1558451420915
Theta
0
t_GA - R_GA * R_AB * t_BA
0 0 0
t_wo + t_wo_cam
0.9 0 0
Time
1558451420985
Theta
0
t_GA - R_GA * R_AB * t_BA
0 0 0
t_wo + t_wo_cam
0.9 0 0
Time
1558451421059
Theta
0
t_GA - R_GA * R_AB * t_BA
0 0 0
t_wo + t_wo_cam
0.9 0 0
Time
1558451421129
Theta
0
t_GA - R_GA * R_AB * t_BA
0 0 0
t_wo + t_wo_cam
0.9 0 0
Time
1558451421202
Theta
0
t_GA - R_GA * R_AB * t_BA
0 0 0
t_wo + t_wo_cam
0.9 0 0
Time
1558451421272
Theta
0
t_GA - R_GA * R_AB * t_BA
0 0 0
t_wo + t_wo_cam
0.9 0 0
Time
1558451421346
Theta
0
t_GA - R_GA * R_AB * t_BA
0 0 0
t_wo + t_wo_cam
0.9 0 0
Time
1558451421415
Theta
0
t_GA - R_GA * R_AB * t_BA
0 0 0
t_wo + t_wo_cam
0.9 0 0
Time
1558451421489
Theta
0
t_GA - R_GA * R_AB * t_BA
0 0 0
t_wo + t_wo_cam
0.9 0 0
Time
1558451421559
Theta
0
t_GA - R_GA * R_AB * t_BA
0 0 0
t_wo + t_wo_cam
0.9 0 0
Time
1558451421632
Theta
0
t_GA - R_GA * R_AB * t_BA
0 0 0
t_wo + t_wo_cam
0.9 0 0
Time
1558451421702
Theta
0
t_GA - R_GA * R_AB * t_BA
0 0 0
t_wo + t_wo_cam
0.9 0 0
Time
1558451421776
Theta
0
t_GA - R_GA * R_AB * t_BA
0 0 0
t_wo + t_wo_cam
0.9 0 0
Time
1558451421845
Theta
0
t_GA - R_GA * R_AB * t_BA
0 0 0
t_wo + t_wo_cam
0.9 0 0
Time
1558451421919
Theta
0
t_GA - R_GA * R_AB * t_BA
0 0 0
t_wo + t_wo_cam
0.9 0 0
Time
1558451421989
Theta
0
t_GA - R_GA * R_AB * t_BA
0 0 0
t_wo + t_wo_cam
0.9 0 0
Time
1558451422062
Theta
0
t_GA - R_GA * R_AB * t_BA
0 0 0
t_wo + t_wo_cam
0.9 0 0
Time
1558451422132
Theta
0
t_GA - R_GA * R_AB * t_BA
0 0 0
t_wo + t_wo_cam
0.9 0 0
Time
1558451422206
Theta
0
t_GA - R_GA * R_AB * t_BA
0 0 0
t_wo + t_wo_cam
0.9 0 0
Time
1558451422275
Theta
0
t_GA - R_GA * R_AB * t_BA
0 0 0
t_wo + t_wo_cam
0.9 0 0
Time
1558451422349
Theta
0
t_GA - R_GA * R_AB * t_BA
0 0 0
t_wo + t_wo_cam
0.9 0 0
Time
1558451422419
Theta
0
t_GA - R_GA * R_AB * t_BA
0 0 0
t_wo + t_wo_cam
0.9 0 0
Time
1558451422493
Theta
0
t_GA - R_GA * R_AB * t_BA
0 0 0
t_wo + t_wo_cam
0.9 0 0
Time
1558451422562
Theta
0
t_GA - R_GA * R_AB * t_BA
0 0 0
t_wo + t_wo_cam
0.9 0 0
Time
1558451422636
Theta
0
t_GA - R_GA * R_AB * t_BA
0 0 0
t_wo + t_wo_cam
0.9 0 0
Time
1558451422706
Theta
0
t_GA - R_GA * R_AB * t_BA
0 0 0
t_wo + t_wo_cam
0.9 0 0
Time
1558451422779
Theta
0
t_GA - R_GA * R_AB * t_BA
0 0 0
t_wo + t_wo_cam
0.9 0 0
Time
1558451422849
Theta
0
t_GA - R_GA * R_AB * t_BA
0 0 0
t_wo + t_wo_cam
0.9 0 0
Time
1558451422923
Theta
0
t_GA - R_GA * R_AB * t_BA
0 0 0
t_wo + t_wo_cam
0.9 0 0
Time
1558451422992
Theta
0
t_GA - R_GA * R_AB * t_BA
0 0 0
t_wo + t_wo_cam
0.9 0 0
Time
1558451423066
Theta
0
t_GA - R_GA * R_AB * t_BA
0 0 0
t_wo + t_wo_cam
0.9 0 0
Time
1558451423135
Theta
0
t_GA - R_GA * R_AB * t_BA
0 0 0
t_wo + t_wo_cam
0.9 0 0
Time
1558451423209
Theta
0
t_GA - R_GA * R_AB * t_BA
0 0 0
t_wo + t_wo_cam
0.9 0 0
Time
1558451423279
Theta
0
t_GA - R_GA * R_AB * t_BA
0 0 0
t_wo + t_wo_cam
0.9 0 0
Time
1558451423353
Theta
0
t_GA - R_GA * R_AB * t_BA
0 0 0
t_wo + t_wo_cam
0.9 0 0
Time
1558451423422
Theta
0
t_GA - R_GA * R_AB * t_BA
0 0 0
t_wo + t_wo_cam
0.9 0 0
Time
1558451423496
Theta
0
t_GA - R_GA * R_AB * t_BA
0 0 0
t_wo + t_wo_cam
0.9 0 0
Time
1558451423566
Theta
0
t_GA - R_GA * R_AB * t_BA
0 0 0
t_wo + t_wo_cam
0.9 0 0
Time
1558451423639
Theta
0
t_GA - R_GA * R_AB * t_BA
0 0 0
t_wo + t_wo_cam
0.9 0 0
Time
1558451423713
Theta
0
t_GA - R_GA * R_AB * t_BA
0 0 0
t_wo + t_wo_cam
0.9 0 0
Time
1558451423783
Theta
0
t_GA - R_GA * R_AB * t_BA
0 0 0
t_wo + t_wo_cam
0.9 0 0
Time
1558451423857
Theta
0
t_GA - R_GA * R_AB * t_BA
0 0 0
t_wo + t_wo_cam
0.9 0 0
Time
1558451423926
Theta
0
t_GA - R_GA * R_AB * t_BA
0 0 0
t_wo + t_wo_cam
0.9 0 0
Time
1558451424001
Theta
0
t_GA - R_GA * R_AB * t_BA
0 0 0
t_wo + t_wo_cam
0.9 0 0
Time
1558451424069
Theta
0
t_GA - R_GA * R_AB * t_BA
0 0 0
t_wo + t_wo_cam
0.9 0 0
Time
1558451424143
Theta
0
t_GA - R_GA * R_AB * t_BA
0 0 0
t_wo + t_wo_cam
0.9 0 0
Time
1558451424213
Theta
0
t_GA - R_GA * R_AB * t_BA
0 0 0
t_wo + t_wo_cam
0.9 0 0
Time
1558451424286
Theta
0
t_GA - R_GA * R_AB * t_BA
0 0 0
t_wo + t_wo_cam
0.9 0 0
Time
1558451424356
Theta
0
t_GA - R_GA * R_AB * t_BA
0 0 0
t_wo + t_wo_cam
0.9 0 0
Time
1558451424430
Theta
0
t_GA - R_GA * R_AB * t_BA
0 0 0
t_wo + t_wo_cam
0.9 0 0
Time
1558451424499
Theta
0
t_GA - R_GA * R_AB * t_BA
0 0 0
t_wo + t_wo_cam
0.9 0 0
Time
1558451424573
Theta
0
t_GA - R_GA * R_AB * t_BA
0 0 0
t_wo + t_wo_cam
0.9 0 0
Time
1558451424643
Theta
0
t_GA - R_GA * R_AB * t_BA
0 0 0
t_wo + t_wo_cam
0.9 0 0
Time
1558451424717
Theta
0
t_GA - R_GA * R_AB * t_BA
0 0 0
t_wo + t_wo_cam
0.9 0 0
Time
1558451424786
Theta
0
t_GA - R_GA * R_AB * t_BA
0 0 0
t_wo + t_wo_cam
0.9 0 0
Time
1558451424860
Theta
0
t_GA - R_GA * R_AB * t_BA
0 0 0
t_wo + t_wo_cam
0.9 0 0
Time
1558451424929
Theta
0
t_GA - R_GA * R_AB * t_BA
0 0 0
t_wo + t_wo_cam
0.9 0 0
Time
1558451425003
Theta
0
t_GA - R_GA * R_AB * t_BA
0 0 0
t_wo + t_wo_cam
0.9 0 0
Time
1558451425073
Theta
0
t_GA - R_GA * R_AB * t_BA
0 0 0
t_wo + t_wo_cam
0.9 0 0
Time
1558451425147
Theta
0
t_GA - R_GA * R_AB * t_BA
0 0 0
t_wo + t_wo_cam
0.9 0 0
Time
1558451425216
Theta
0
t_GA - R_GA * R_AB * t_BA
0 0 0
t_wo + t_wo_cam
0.9 0 0
Time
1558451425290
Theta
0
t_GA - R_GA * R_AB * t_BA
0 0 0
t_wo + t_wo_cam
0.9 0 0
Time
1558451425360
Theta
0
t_GA - R_GA * R_AB * t_BA
0 0 0
t_wo + t_wo_cam
0.9 0 0
Time
1558451425433
Theta
0
t_GA - R_GA * R_AB * t_BA
0 0 0
t_wo + t_wo_cam
0.9 0 0
Time
1558451425503
Theta
0
t_GA - R_GA * R_AB * t_BA
0 0 0
t_wo + t_wo_cam
0.9 0 0
Time
1558451425577
Theta
0
t_GA - R_GA * R_AB * t_BA
0 0 0
t_wo + t_wo_cam
0.9 0 0
Time
1558451425646
Theta
0
t_GA - R_GA * R_AB * t_BA
0 0 0
t_wo + t_wo_cam
0.9 0 0
Time
1558451425720
Theta
0
t_GA - R_GA * R_AB * t_BA
0 0 0
t_wo + t_wo_cam
0.9 0 0
Time
1558451425790
Theta
0
t_GA - R_GA * R_AB * t_BA
0 0 0
t_wo + t_wo_cam
0.9 0 0
Time
1558451425863
Theta
0
t_GA - R_GA * R_AB * t_BA
0 0 0
t_wo + t_wo_cam
0.9 0 0
Time
1558451425933
Theta
0
t_GA - R_GA * R_AB * t_BA
0 0 0
t_wo + t_wo_cam
0.9 0 0
Time
1558451426007
Theta
0
t_GA - R_GA * R_AB * t_BA
0 0 0
t_wo + t_wo_cam
0.9 0 0
Time
1558451426076
Theta
0
t_GA - R_GA * R_AB * t_BA
0 0 0
t_wo + t_wo_cam
0.9 0 0
Time
1558451426150
Theta
0
t_GA - R_GA * R_AB * t_BA
0 0 0
t_wo + t_wo_cam
0.9 0 0
Time
1558451426220
Theta
0
t_GA - R_GA * R_AB * t_BA
0 0 0
t_wo + t_wo_cam
0.9 0 0
Time
1558451426293
Theta
0
t_GA - R_GA * R_AB * t_BA
0 0 0
t_wo + t_wo_cam
0.9 0 0
Time
1558451426363
Theta
0
t_GA - R_GA * R_AB * t_BA
0 0 0
t_wo + t_wo_cam
0.9 0 0
Time
1558451426437
Theta
0
t_GA - R_GA * R_AB * t_BA
0 0 0
t_wo + t_wo_cam
0.9 0 0
Time
1558451426507
Theta
0
t_GA - R_GA * R_AB * t_BA
0 0 0
t_wo + t_wo_cam
0.9 0 0
Time
1558451426580
Theta
0
t_GA - R_GA * R_AB * t_BA
0 0 0
t_wo + t_wo_cam
0.9 0 0
Time
1558451426650
Theta
0
t_GA - R_GA * R_AB * t_BA
0 0 0
t_wo + t_wo_cam
0.9 0 0
Time
1558451426724
Theta
0
t_GA - R_GA * R_AB * t_BA
0 0 0
t_wo + t_wo_cam
0.9 0 0
Time
1558451426793
Theta
0
t_GA - R_GA * R_AB * t_BA
0 0 0
t_wo + t_wo_cam
0.9 0 0
Time
1558451426867
Theta
0
t_GA - R_GA * R_AB * t_BA
0 0 0
t_wo + t_wo_cam
0.9 0 0
Time
1558451426941
Theta
0
t_GA - R_GA * R_AB * t_BA
0 0 0
t_wo + t_wo_cam
0.9 0 0
Time
1558451427010
Theta
0
t_GA - R_GA * R_AB * t_BA
0 0 0
t_wo + t_wo_cam
0.9 0 0
Time
1558451427084
Theta
0
t_GA - R_GA * R_AB * t_BA
0 0 0
t_wo + t_wo_cam
0.9 0 0
Time
1558451427154
Theta
0
t_GA - R_GA * R_AB * t_BA
0 0 0
t_wo + t_wo_cam
0.9 0 0
Time
1558451427227
Theta
0
t_GA - R_GA * R_AB * t_BA
0 0 0
t_wo + t_wo_cam
0.9 0 0
Time
1558451427297
Theta
0
t_GA - R_GA * R_AB * t_BA
0 0 0
t_wo + t_wo_cam
0.9 0 0
Time
1558451427371
Theta
0
t_GA - R_GA * R_AB * t_BA
0 0 0
t_wo + t_wo_cam
0.9 0 0
Time
1558451427440
Theta
0
t_GA - R_GA * R_AB * t_BA
0 0 0
t_wo + t_wo_cam
0.9 0 0
Time
1558451427514
Theta
0
t_GA - R_GA * R_AB * t_BA
0 0 0
t_wo + t_wo_cam
0.9 0 0
Time
1558451427584
Theta
0
t_GA - R_GA * R_AB * t_BA
0 0 0
t_wo + t_wo_cam
0.9 0 0
Time
1558451427658
Theta
0
t_GA - R_GA * R_AB * t_BA
0 0 0
t_wo + t_wo_cam
0.9 0 0
Time
1558451427727
Theta
0
t_GA - R_GA * R_AB * t_BA
0 0 0
t_wo + t_wo_cam
0.9 0 0
Time
1558451427801
Theta
0
t_GA - R_GA * R_AB * t_BA
0 0 0
t_wo + t_wo_cam
0.9 0 0
Time
1558451427870
Theta
0
t_GA - R_GA * R_AB * t_BA
0 0 0
t_wo + t_wo_cam
0.9 0 0
Time
1558451427944
Theta
0
t_GA - R_GA * R_AB * t_BA
0 0 0
t_wo + t_wo_cam
0.9 0 0
Time
1558451428014
Theta
0
t_GA - R_GA * R_AB * t_BA
0 0 0
t_wo + t_wo_cam
0.9 0 0
Time
1558451428088
Theta
0
t_GA - R_GA * R_AB * t_BA
0 0 0
t_wo + t_wo_cam
0.9 0 0
Time
1558451428157
Theta
0
t_GA - R_GA * R_AB * t_BA
0 0 0
t_wo + t_wo_cam
0.9 0 0
Time
1558451428231
Theta
0
t_GA - R_GA * R_AB * t_BA
0 0 0
t_wo + t_wo_cam
0.9 0 0
Time
1558451428300
Theta
0
t_GA - R_GA * R_AB * t_BA
0 0 0
t_wo + t_wo_cam
0.9 0 0
Time
1558451428374
Theta
0
t_GA - R_GA * R_AB * t_BA
0 0 0
t_wo + t_wo_cam
0.9 0 0
Time
1558451428444
Theta
0
t_GA - R_GA * R_AB * t_BA
0 0 0
t_wo + t_wo_cam
0.9 0 0
Time
1558451428518
Theta
0
t_GA - R_GA * R_AB * t_BA
0 0 0
t_wo + t_wo_cam
0.9 0 0
Time
1558451428587
Theta
0
t_GA - R_GA * R_AB * t_BA
0 0 0
t_wo + t_wo_cam
0.9 0 0
Time
1558451428661
Theta
0
t_GA - R_GA * R_AB * t_BA
0 0 0
t_wo + t_wo_cam
0.9 0 0
Time
1558451428731
Theta
0
t_GA - R_GA * R_AB * t_BA
0 0 0
t_wo + t_wo_cam
0.9 0 0
Time
1558451428804
Theta
0
t_GA - R_GA * R_AB * t_BA
0 0 0
t_wo + t_wo_cam
0.9 0 0
Time
1558451428874
Theta
0
t_GA - R_GA * R_AB * t_BA
0 0 0
t_wo + t_wo_cam
0.9 0 0
Time
1558451428948
Theta
0
t_GA - R_GA * R_AB * t_BA
0 0 0
t_wo + t_wo_cam
0.9 0 0
Time
1558451429019
Theta
0
t_GA - R_GA * R_AB * t_BA
0 0 0
t_wo + t_wo_cam
0.9 0 0
Time
1558451429091
Theta
0
t_GA - R_GA * R_AB * t_BA
0 0 0
t_wo + t_wo_cam
0.9 0 0
Time
1558451429160
Theta
0
t_GA - R_GA * R_AB * t_BA
0 0 0
t_wo + t_wo_cam
0.9 0 0
Time
1558451429234
Theta
0
t_GA - R_GA * R_AB * t_BA
0 0 0
t_wo + t_wo_cam
0.9 0 0
Time
1558451429304
Theta
0
t_GA - R_GA * R_AB * t_BA
0 0 0
t_wo + t_wo_cam
0.9 0 0
Time
1558451429378
Theta
0
t_GA - R_GA * R_AB * t_BA
0 0 0
t_wo + t_wo_cam
0.9 0 0
Time
1558451429447
Theta
0
t_GA - R_GA * R_AB * t_BA
0 0 0
t_wo + t_wo_cam
0.9 0 0
Time
1558451429521
Theta
0
t_GA - R_GA * R_AB * t_BA
0 0 0
t_wo + t_wo_cam
0.9 0 0
Time
1558451429591
Theta
0
t_GA - R_GA * R_AB * t_BA
0 0 0
t_wo + t_wo_cam
0.9 0 0
Time
1558451429664
Theta
0
t_GA - R_GA * R_AB * t_BA
0 0 0
t_wo + t_wo_cam
0.9 0 0
Time
1558451429734
Theta
0
t_GA - R_GA * R_AB * t_BA
0 0 0
t_wo + t_wo_cam
0.9 0 0
Time
1558451429808
Theta
0
t_GA - R_GA * R_AB * t_BA
0 0 0
t_wo + t_wo_cam
0.9 0 0
Time
1558451429877
Theta
0
t_GA - R_GA * R_AB * t_BA
0 0 0
t_wo + t_wo_cam
0.9 0 0
Time
1558451429951
Theta
0
t_GA - R_GA * R_AB * t_BA
0 0 0
t_wo + t_wo_cam
0.9 0 0
Time
1558451430021
Theta
0
t_GA - R_GA * R_AB * t_BA
0 0 0
t_wo + t_wo_cam
0.9 0 0
Time
1558451430094
Theta
0
t_GA - R_GA * R_AB * t_BA
0 0 0
t_wo + t_wo_cam
0.9 0 0
Time
1558451430168
Theta
0
t_GA - R_GA * R_AB * t_BA
0 0 0
t_wo + t_wo_cam
0.9 0 0
Time
1558451430238
Theta
0
t_GA - R_GA * R_AB * t_BA
0 0 0
t_wo + t_wo_cam
0.9 0 0
Time
1558451430311
Theta
0
t_GA - R_GA * R_AB * t_BA
0 0 0
t_wo + t_wo_cam
0.9 0 0
Time
1558451430381
Theta
0
t_GA - R_GA * R_AB * t_BA
0 0 0
t_wo + t_wo_cam
0.9 0 0
Time
1558451430455
Theta
0
t_GA - R_GA * R_AB * t_BA
0 0 0
t_wo + t_wo_cam
0.9 0 0
Time
1558451430525
Theta
0
t_GA - R_GA * R_AB * t_BA
0 0 0
t_wo + t_wo_cam
0.9 0 0
Time
1558451430598
Theta
0
t_GA - R_GA * R_AB * t_BA
0 0 0
t_wo + t_wo_cam
0.9 0 0
Time
1558451430668
Theta
0
t_GA - R_GA * R_AB * t_BA
0 0 0
t_wo + t_wo_cam
0.9 0 0
Time
1558451430742
Theta
0
t_GA - R_GA * R_AB * t_BA
0 0 0
t_wo + t_wo_cam
0.9 0 0
Time
1558451430811
Theta
0
t_GA - R_GA * R_AB * t_BA
0 0 0
t_wo + t_wo_cam
0.9 0 0
Time
1558451430885
Theta
0
t_GA - R_GA * R_AB * t_BA
0 0 0
t_wo + t_wo_cam
0.9 0 0
Time
1558451430955
Theta
0
t_GA - R_GA * R_AB * t_BA
0 0 0
t_wo + t_wo_cam
0.9 0 0
Time
1558451431028
Theta
0
t_GA - R_GA * R_AB * t_BA
0 0 0
t_wo + t_wo_cam
0.9 0 0
Time
1558451431098
Theta
0
t_GA - R_GA * R_AB * t_BA
0 0 0
t_wo + t_wo_cam
0.928377 -0.0512561 0
Time
1558451431172
Theta
-0.0551545
t_GA - R_GA * R_AB * t_BA
0 0 0
t_wo + t_wo_cam
0.928377 -0.0512561 0
Time
1558451431241
Theta
-0.0551545
t_GA - R_GA * R_AB * t_BA
0 0 0
t_wo + t_wo_cam
0.928377 -0.0512561 0
Time
1558451431315
Theta
-0.0551545
t_GA - R_GA * R_AB * t_BA
0 0 0
t_wo + t_wo_cam
0.928377 -0.0512561 0
Time
1558451431384
Theta
-0.0551545
t_GA - R_GA * R_AB * t_BA
0 0 0
t_wo + t_wo_cam
0.928377 -0.0512561 0
Time
1558451431458
Theta
-0.0551545
t_GA - R_GA * R_AB * t_BA
0 0 0
t_wo + t_wo_cam
0.928377 -0.0512561 0
Time
1558451431528
Theta
-0.0551545
t_GA - R_GA * R_AB * t_BA
0 0 0
t_wo + t_wo_cam
0.928377 -0.0512561 0
Time
1558451431602
Theta
-0.0551545
t_GA - R_GA * R_AB * t_BA
0 0 0
t_wo + t_wo_cam
0.928377 -0.0512561 0
Time
1558451431671
Theta
-0.0551545
t_GA - R_GA * R_AB * t_BA
0 0 0
t_wo + t_wo_cam
0.928377 -0.0512561 0
Time
1558451431745
Theta
-0.0551545
t_GA - R_GA * R_AB * t_BA
0 0 0
t_wo + t_wo_cam
0.928377 -0.0512561 0
Time
1558451431815
Theta
-0.0551545
t_GA - R_GA * R_AB * t_BA
0 0 0
t_wo + t_wo_cam
0.928377 -0.0512561 0
Time
1558451431889
Theta
-0.0551545
t_GA - R_GA * R_AB * t_BA
0 0 0
t_wo + t_wo_cam
0.928377 -0.0512561 0
Time
1558451431958
Theta
-0.0551545
t_GA - R_GA * R_AB * t_BA
0 0 0
t_wo + t_wo_cam
0.928377 -0.0512561 0
Time
1558451432032
Theta
-0.0551545
t_GA - R_GA * R_AB * t_BA
0 0 0
t_wo + t_wo_cam
0.928377 -0.0512561 0
Time
1558451432101
Theta
-0.0551545
t_GA - R_GA * R_AB * t_BA
0 0 0
t_wo + t_wo_cam
0.928377 -0.0512561 0
Time
1558451432175
Theta
-0.0551545
t_GA - R_GA * R_AB * t_BA
0 0 0
t_wo + t_wo_cam
0.928377 -0.0512561 0
Time
1558451432245
Theta
-0.0551545
t_GA - R_GA * R_AB * t_BA
0 0 0
t_wo + t_wo_cam
0.928377 -0.0512561 0
Time
1558451432318
Theta
-0.0551545
t_GA - R_GA * R_AB * t_BA
0 0 0
t_wo + t_wo_cam
0.928377 -0.0512561 0
Time
1558451432388
Theta
-0.0551545
t_GA - R_GA * R_AB * t_BA
0 0 0
t_wo + t_wo_cam
0.928377 -0.0512561 0
Time
1558451432462
Theta
-0.0551545
t_GA - R_GA * R_AB * t_BA
0 0 0
t_wo + t_wo_cam
0.928377 -0.0512561 0
Time
1558451432531
Theta
-0.0551545
t_GA - R_GA * R_AB * t_BA
0 0 0
t_wo + t_wo_cam
0.928377 -0.0512561 0
Time
1558451432605
Theta
-0.0551545
t_GA - R_GA * R_AB * t_BA
0 0 0
t_wo + t_wo_cam
0.928377 -0.0512561 0
Time
1558451432675
Theta
-0.0551545
t_GA - R_GA * R_AB * t_BA
0 0 0
t_wo + t_wo_cam
0.928377 -0.0512561 0
Time
1558451432749
Theta
-0.0551545
t_GA - R_GA * R_AB * t_BA
0 0 0
t_wo + t_wo_cam
0.928377 -0.0512561 0
Time
1558451432818
Theta
-0.0551545
t_GA - R_GA * R_AB * t_BA
0 0 0
t_wo + t_wo_cam
0.928377 -0.0512561 0
Time
1558451432892
Theta
-0.0551545
t_GA - R_GA * R_AB * t_BA
0 0 0
t_wo + t_wo_cam
0.928377 -0.0512561 0
Time
1558451432961
Theta
-0.0551545
t_GA - R_GA * R_AB * t_BA
0 0 0
t_wo + t_wo_cam
0.928377 -0.0512561 0
Time
1558451433035
Theta
-0.0551545
t_GA - R_GA * R_AB * t_BA
0 0 0
t_wo + t_wo_cam
0.928377 -0.0512561 0
Time
1558451433105
Theta
-0.0551545
t_GA - R_GA * R_AB * t_BA
0 0 0
t_wo + t_wo_cam
0.928377 -0.0512561 0
Time
1558451433178
Theta
-0.0551545
t_GA - R_GA * R_AB * t_BA
0 0 0
t_wo + t_wo_cam
0.928377 -0.0512561 0
Time
1558451433248
Theta
-0.0551545
t_GA - R_GA * R_AB * t_BA
0 0 0
t_wo + t_wo_cam
0.928377 -0.0512561 0
Time
1558451433322
Theta
-0.0551545
t_GA - R_GA * R_AB * t_BA
0 0 0
t_wo + t_wo_cam
0.928377 -0.0512561 0
Time
1558451433395
Theta
-0.0551545
t_GA - R_GA * R_AB * t_BA
0 0 0
t_wo + t_wo_cam
0.928377 -0.0512561 0
Time
1558451433465
Theta
-0.0551545
t_GA - R_GA * R_AB * t_BA
0 0 0
t_wo + t_wo_cam
0.928377 -0.0512561 0
Time
1558451433539
Theta
-0.0551545
t_GA - R_GA * R_AB * t_BA
0 0 0
t_wo + t_wo_cam
0.928377 -0.0512561 0
Time
1558451433609
Theta
-0.0551545
t_GA - R_GA * R_AB * t_BA
0 0 0
t_wo + t_wo_cam
0.928377 -0.0512561 0
Time
1558451433682
Theta
-0.0551545
t_GA - R_GA * R_AB * t_BA
0 0 0
t_wo + t_wo_cam
0.928377 -0.0512561 0
Time
1558451433752
Theta
-0.0551545
t_GA - R_GA * R_AB * t_BA
0 0 0
t_wo + t_wo_cam
0.928377 -0.0512561 0
Time
1558451433826
Theta
-0.0551545
t_GA - R_GA * R_AB * t_BA
0 0 0
t_wo + t_wo_cam
0.928377 -0.0512561 0
Time
1558451433895
Theta
-0.0551545
t_GA - R_GA * R_AB * t_BA
0 0 0
t_wo + t_wo_cam
0.928377 -0.0512561 0
Time
1558451433969
Theta
-0.0551545
t_GA - R_GA * R_AB * t_BA
0 0 0
t_wo + t_wo_cam
0.928377 -0.0512561 0
Time
1558451434040
Theta
-0.0551545
t_GA - R_GA * R_AB * t_BA
0 0 0
t_wo + t_wo_cam
0.928377 -0.0512561 0
Time
1558451434112
Theta
-0.0551545
t_GA - R_GA * R_AB * t_BA
0 0 0
t_wo + t_wo_cam
0.928377 -0.0512561 0
Time
1558451434182
Theta
-0.0551545
t_GA - R_GA * R_AB * t_BA
0 0 0
t_wo + t_wo_cam
0.928377 -0.0512561 0
Time
1558451434256
Theta
-0.0551545
t_GA - R_GA * R_AB * t_BA
0 0 0
t_wo + t_wo_cam
0.928377 -0.0512561 0
Time
1558451434325
Theta
-0.0551545
t_GA - R_GA * R_AB * t_BA
0 0 0
t_wo + t_wo_cam
0.928377 -0.0512561 0
Time
1558451434399
Theta
-0.0551545
t_GA - R_GA * R_AB * t_BA
0 0 0
t_wo + t_wo_cam
0.928377 -0.0512561 0
Time
1558451434469
Theta
-0.0551545
t_GA - R_GA * R_AB * t_BA
0 0 0
t_wo + t_wo_cam
0.928377 -0.0512561 0
Time
1558451434542
Theta
-0.0551545
t_GA - R_GA * R_AB * t_BA
0 0 0
t_wo + t_wo_cam
0.928377 -0.0512561 0
Time
1558451434612
Theta
-0.0551545
t_GA - R_GA * R_AB * t_BA
0 0 0
t_wo + t_wo_cam
0.928377 -0.0512561 0
Time
1558451434686
Theta
-0.0551545
t_GA - R_GA * R_AB * t_BA
0 0 0
t_wo + t_wo_cam
0.928377 -0.0512561 0
Time
1558451434756
Theta
-0.0551545
t_GA - R_GA * R_AB * t_BA
0 0 0
t_wo + t_wo_cam
0.928377 -0.0512561 0
Time
1558451434829
Theta
-0.0551545
t_GA - R_GA * R_AB * t_BA
0 0 0
t_wo + t_wo_cam
0.928377 -0.0512561 0
Time
1558451434899
Theta
-0.0551545
t_GA - R_GA * R_AB * t_BA
0 0 0
t_wo + t_wo_cam
0.928377 -0.0512561 0
Time
1558451434973
Theta
-0.0551545
t_GA - R_GA * R_AB * t_BA
0 0 0
t_wo + t_wo_cam
0.928377 -0.0512561 0
Time
1558451435042
Theta
-0.0551545
t_GA - R_GA * R_AB * t_BA
0 0 0
t_wo + t_wo_cam
0.928377 -0.0512561 0
Time
1558451435116
Theta
-0.0551545
t_GA - R_GA * R_AB * t_BA
0 0 0
t_wo + t_wo_cam
0.928377 -0.0512561 0
Time
1558451435186
Theta
-0.0551545
t_GA - R_GA * R_AB * t_BA
0 0 0
t_wo + t_wo_cam
0.928377 -0.0512561 0
Time
1558451435259
Theta
-0.0551545
t_GA - R_GA * R_AB * t_BA
0 0 0
t_wo + t_wo_cam
0.928377 -0.0512561 0
Time
1558451435329
Theta
-0.0551545
t_GA - R_GA * R_AB * t_BA
0 0 0
t_wo + t_wo_cam
0.928377 -0.0512561 0
Time
1558451435403
Theta
-0.0551545
t_GA - R_GA * R_AB * t_BA
0 0 0
t_wo + t_wo_cam
0.928377 -0.0512561 0
Time
1558451435472
Theta
-0.0551545
t_GA - R_GA * R_AB * t_BA
0 0 0
t_wo + t_wo_cam
0.928377 -0.0512561 0
Time
1558451435546
Theta
-0.0551545
t_GA - R_GA * R_AB * t_BA
0 0 0
t_wo + t_wo_cam
0.928377 -0.0512561 0
Time
1558451435616
Theta
-0.0551545
t_GA - R_GA * R_AB * t_BA
0 0 0
t_wo + t_wo_cam
0.928377 -0.0512561 0
Time
1558451435689
Theta
-0.0551545
t_GA - R_GA * R_AB * t_BA
0 0 0
t_wo + t_wo_cam
0.928377 -0.0512561 0
Time
1558451435759
Theta
-0.0551545
t_GA - R_GA * R_AB * t_BA
0 0 0
t_wo + t_wo_cam
0.928377 -0.0512561 0
Time
1558451435833
Theta
-0.0551545
t_GA - R_GA * R_AB * t_BA
0 0 0
t_wo + t_wo_cam
0.928377 -0.0512561 0
Time
1558451435902
Theta
-0.0551545
t_GA - R_GA * R_AB * t_BA
0 0 0
t_wo + t_wo_cam
0.928377 -0.0512561 0
Time
1558451435976
Theta
-0.0551545
t_GA - R_GA * R_AB * t_BA
0 0 0
t_wo + t_wo_cam
0.928377 -0.0512561 0
Time
1558451436045
Theta
-0.0551545
t_GA - R_GA * R_AB * t_BA
0 0 0
t_wo + t_wo_cam
0.928377 -0.0512561 0
Time
1558451436119
Theta
-0.0551545
t_GA - R_GA * R_AB * t_BA
0 0 0
t_wo + t_wo_cam
0.928377 -0.0512561 0
Time
1558451436189
Theta
-0.0551545
t_GA - R_GA * R_AB * t_BA
0 0 0
t_wo + t_wo_cam
0.928377 -0.0512561 0
Time
1558451436263
Theta
-0.0551545
t_GA - R_GA * R_AB * t_BA
0 0 0
t_wo + t_wo_cam
0.928377 -0.0512561 0
Time
1558451436332
Theta
-0.0551545
t_GA - R_GA * R_AB * t_BA
0 0 0
t_wo + t_wo_cam
0.928377 -0.0512561 0
Time
1558451436406
Theta
-0.0551545
t_GA - R_GA * R_AB * t_BA
0 0 0
t_wo + t_wo_cam
0.928377 -0.0512561 0
Time
1558451436476
Theta
-0.0551545
t_GA - R_GA * R_AB * t_BA
0 0 0
t_wo + t_wo_cam
0.928377 -0.0512561 0
Time
1558451436549
Theta
-0.0551545
t_GA - R_GA * R_AB * t_BA
0 0 0
t_wo + t_wo_cam
0.928377 -0.0512561 0
Time
1558451436623
Theta
-0.0551545
t_GA - R_GA * R_AB * t_BA
0 0 0
t_wo + t_wo_cam
0.928377 -0.0512561 0
Time
1558451436693
Theta
-0.0551545
t_GA - R_GA * R_AB * t_BA
0 0 0
t_wo + t_wo_cam
0.928377 -0.0512561 0
Time
1558451436767
Theta
-0.0551545
t_GA - R_GA * R_AB * t_BA
0 0 0
t_wo + t_wo_cam
0.928377 -0.0512561 0
Time
1558451436836
Theta
-0.0551545
t_GA - R_GA * R_AB * t_BA
0 0 0
t_wo + t_wo_cam
0.928377 -0.0512561 0
Time
1558451436910
Theta
-0.0551545
t_GA - R_GA * R_AB * t_BA
0 0 0
t_wo + t_wo_cam
0.928377 -0.0512561 0
Time
1558451436979
Theta
-0.0551545
t_GA - R_GA * R_AB * t_BA
0 0 0
t_wo + t_wo_cam
0.928377 -0.0512561 0
Time
1558451437053
Theta
-0.0551545
t_GA - R_GA * R_AB * t_BA
0 0 0
t_wo + t_wo_cam
0.928377 -0.0512561 0
Time
1558451437123
Theta
-0.0551545
t_GA - R_GA * R_AB * t_BA
0 0 0
t_wo + t_wo_cam
0.928377 -0.0512561 0
Time
1558451437197
Theta
-0.0551545
t_GA - R_GA * R_AB * t_BA
0 0 0
t_wo + t_wo_cam
0.928377 -0.0512561 0
Time
1558451437266
Theta
-0.0551545
t_GA - R_GA * R_AB * t_BA
0 0 0
t_wo + t_wo_cam
0.928377 -0.0512561 0
Time
1558451437340
Theta
-0.0551545
t_GA - R_GA * R_AB * t_BA
0 0 0
t_wo + t_wo_cam
0.928377 -0.0512561 0
Time
1558451437409
Theta
-0.0551545
t_GA - R_GA * R_AB * t_BA
0 0 0
t_wo + t_wo_cam
0.928377 -0.0512561 0
Time
1558451437483
Theta
-0.0551545
t_GA - R_GA * R_AB * t_BA
0 0 0
t_wo + t_wo_cam
0.928377 -0.0512561 0
Time
1558451437553
Theta
-0.0551545
t_GA - R_GA * R_AB * t_BA
0 0 0
t_wo + t_wo_cam
0.928377 -0.0512561 0
Time
1558451437626
Theta
-0.0551545
t_GA - R_GA * R_AB * t_BA
0 0 0
t_wo + t_wo_cam
0.928377 -0.0512561 0
Time
1558451437696
Theta
-0.0551545
t_GA - R_GA * R_AB * t_BA
0 0 0
t_wo + t_wo_cam
0.928377 -0.0512561 0
Time
1558451437770
Theta
-0.0551545
t_GA - R_GA * R_AB * t_BA
0 0 0
t_wo + t_wo_cam
0.928377 -0.0512561 0
Time
1558451437840
Theta
-0.0551545
t_GA - R_GA * R_AB * t_BA
0 0 0
t_wo + t_wo_cam
0.928377 -0.0512561 0
Time
1558451437913
Theta
-0.0551545
t_GA - R_GA * R_AB * t_BA
0 0 0
t_wo + t_wo_cam
0.928377 -0.0512561 0
Time
1558451437983
Theta
-0.0551545
t_GA - R_GA * R_AB * t_BA
0 0 0
t_wo + t_wo_cam
0.928377 -0.0512561 0
Time
1558451438056
Theta
-0.0551545
t_GA - R_GA * R_AB * t_BA
0 0 0
t_wo + t_wo_cam
0.928377 -0.0512561 0
Time
1558451438126
Theta
-0.0551545
t_GA - R_GA * R_AB * t_BA
0 0 0
t_wo + t_wo_cam
0.928377 -0.0512561 0
Time
1558451438200
Theta
-0.0551545
t_GA - R_GA * R_AB * t_BA
0 0 0
t_wo + t_wo_cam
0.928377 -0.0512561 0
Time
1558451438270
Theta
-0.0551545
t_GA - R_GA * R_AB * t_BA
0 0 0
t_wo + t_wo_cam
0.928377 -0.0512561 0
Time
1558451438343
Theta
-0.0551545
t_GA - R_GA * R_AB * t_BA
0 0 0
t_wo + t_wo_cam
0.928377 -0.0512561 0
Time
1558451438413
Theta
-0.0551545
t_GA - R_GA * R_AB * t_BA
0 0 0
t_wo + t_wo_cam
0.928377 -0.0512561 0
Time
1558451438487
Theta
-0.0551545
t_GA - R_GA * R_AB * t_BA
0 0 0
t_wo + t_wo_cam
0.928377 -0.0512561 0
Time
1558451438556
Theta
-0.0551545
t_GA - R_GA * R_AB * t_BA
0 0 0
t_wo + t_wo_cam
0.928377 -0.0512561 0
Time
1558451438630
Theta
-0.0551545
t_GA - R_GA * R_AB * t_BA
0 0 0
t_wo + t_wo_cam
0.928377 -0.0512561 0
Time
1558451438700
Theta
-0.0551545
t_GA - R_GA * R_AB * t_BA
0 0 0
t_wo + t_wo_cam
0.928377 -0.0512561 0
Time
1558451438774
Theta
-0.0551545
t_GA - R_GA * R_AB * t_BA
0 0 0
t_wo + t_wo_cam
0.928377 -0.0512561 0
Time
1558451438843
Theta
-0.0551545
t_GA - R_GA * R_AB * t_BA
0 0 0
t_wo + t_wo_cam
0.959537 -0.00164227 0
Time
1558451438917
Theta
0
t_GA - R_GA * R_AB * t_BA
0 0 0
t_wo + t_wo_cam
0.959537 -0.00164227 0
Time
1558451438987
Theta
0
t_GA - R_GA * R_AB * t_BA
0 0 0
t_wo + t_wo_cam
0.959537 -0.00164227 0
Time
1558451439062
Theta
0
t_GA - R_GA * R_AB * t_BA
0 0 0
t_wo + t_wo_cam
0.959537 -0.00164227 0
Time
1558451439130
Theta
0
t_GA - R_GA * R_AB * t_BA
0 0 0
t_wo + t_wo_cam
0.959537 -0.00164227 0
Time
1558451439203
Theta
0
t_GA - R_GA * R_AB * t_BA
0 0 0
t_wo + t_wo_cam
0.959537 -0.00164227 0
Time
1558451439273
Theta
0
t_GA - R_GA * R_AB * t_BA
0 0 0
t_wo + t_wo_cam
0.959537 -0.00164227 0
Time
1558451439347
Theta
0
t_GA - R_GA * R_AB * t_BA
0 0 0
t_wo + t_wo_cam
0.959537 -0.00164227 0
Time
1558451439416
Theta
0
t_GA - R_GA * R_AB * t_BA
0 0 0
t_wo + t_wo_cam
0.959537 -0.00164227 0
Time
1558451439490
Theta
0
t_GA - R_GA * R_AB * t_BA
0 0 0
t_wo + t_wo_cam
0.959537 -0.00164227 0
Time
1558451439560
Theta
0
t_GA - R_GA * R_AB * t_BA
0 0 0
t_wo + t_wo_cam
0.959537 -0.00164227 0
Time
1558451439634
Theta
0
t_GA - R_GA * R_AB * t_BA
0 0 0
t_wo + t_wo_cam
0.959537 -0.00164227 0
Time
1558451439704
Theta
0
t_GA - R_GA * R_AB * t_BA
0 0 0
t_wo + t_wo_cam
0.959537 -0.00164227 0
Time
1558451439777
Theta
0
t_GA - R_GA * R_AB * t_BA
0 0 0
t_wo + t_wo_cam
0.959537 -0.00164227 0
Time
1558451439851
Theta
0
t_GA - R_GA * R_AB * t_BA
0 0 0
t_wo + t_wo_cam
0.959537 -0.00164227 0
Time
1558451439920
Theta
0
t_GA - R_GA * R_AB * t_BA
0 0 0
t_wo + t_wo_cam
0.959537 -0.00164227 0
Time
1558451439994
Theta
0
t_GA - R_GA * R_AB * t_BA
0 0 0
t_wo + t_wo_cam
0.959537 -0.00164227 0
Time
1558451440063
Theta
0
t_GA - R_GA * R_AB * t_BA
0 0 0
t_wo + t_wo_cam
0.959537 -0.00164227 0
Time
1558451440137
Theta
0
t_GA - R_GA * R_AB * t_BA
0 0 0
t_wo + t_wo_cam
0.959537 -0.00164227 0
Time
1558451440207
Theta
0
t_GA - R_GA * R_AB * t_BA
0 0 0
t_wo + t_wo_cam
0.959537 -0.00164227 0
Time
1558451440281
Theta
0
t_GA - R_GA * R_AB * t_BA
0 0 0
t_wo + t_wo_cam
0.959537 -0.00164227 0
Time
1558451440350
Theta
0
t_GA - R_GA * R_AB * t_BA
0 0 0
t_wo + t_wo_cam
0.959537 -0.00164227 0
Time
1558451440424
Theta
0
t_GA - R_GA * R_AB * t_BA
0 0 0
t_wo + t_wo_cam
0.959537 -0.00164227 0
Time
1558451440494
Theta
0
t_GA - R_GA * R_AB * t_BA
0 0 0
t_wo + t_wo_cam
0.959537 -0.00164227 0
Time
1558451440567
Theta
0
t_GA - R_GA * R_AB * t_BA
0 0 0
t_wo + t_wo_cam
0.959537 -0.00164227 0
Time
1558451440637
Theta
0
t_GA - R_GA * R_AB * t_BA
0 0 0
t_wo + t_wo_cam
0.959537 -0.00164227 0
Time
1558451440711
Theta
0
t_GA - R_GA * R_AB * t_BA
0 0 0
t_wo + t_wo_cam
0.987914 -0.0528984 0
Time
1558451440780
Theta
-0.0551545
t_GA - R_GA * R_AB * t_BA
0 0 0
t_wo + t_wo_cam
0.987914 -0.0528984 0
Time
1558451440854
Theta
-0.0551545
t_GA - R_GA * R_AB * t_BA
0 0 0
t_wo + t_wo_cam
0.987914 -0.0528984 0
Time
1558451440924
Theta
-0.0551545
t_GA - R_GA * R_AB * t_BA
0 0 0
t_wo + t_wo_cam
1.01907 -0.00328454 0
Time
1558451440998
Theta
0
t_GA - R_GA * R_AB * t_BA
0 0 0
t_wo + t_wo_cam
1.01907 -0.00328454 0
Time
1558451441067
Theta
0
t_GA - R_GA * R_AB * t_BA
0 0 0
t_wo + t_wo_cam
1.01907 -0.00328454 0
Time
1558451441141
Theta
0
t_GA - R_GA * R_AB * t_BA
0 0 0
t_wo + t_wo_cam
1.01907 -0.00328454 0
Time
1558451441211
Theta
0
t_GA - R_GA * R_AB * t_BA
0 0 0
t_wo + t_wo_cam
1.01907 -0.00328454 0
Time
1558451441284
Theta
0
t_GA - R_GA * R_AB * t_BA
0 0 0
t_wo + t_wo_cam
1.01907 -0.00328454 0
Time
1558451441354
Theta
0
t_GA - R_GA * R_AB * t_BA
0 0 0
t_wo + t_wo_cam
1.01907 -0.00328454 0
Time
1558451441427
Theta
0
t_GA - R_GA * R_AB * t_BA
0 0 0
t_wo + t_wo_cam
1.01907 -0.00328454 0
Time
1558451441497
Theta
0
t_GA - R_GA * R_AB * t_BA
0 0 0
t_wo + t_wo_cam
1.01907 -0.00328454 0
Time
1558451441571
Theta
0
t_GA - R_GA * R_AB * t_BA
0 0 0
t_wo + t_wo_cam
1.01907 -0.00328454 0
Time
1558451441640
Theta
0
t_GA - R_GA * R_AB * t_BA
0 0 0
t_wo + t_wo_cam
1.01907 -0.00328454 0
Time
1558451441714
Theta
0
t_GA - R_GA * R_AB * t_BA
0 0 0
t_wo + t_wo_cam
1.04745 -0.0545407 0
Time
1558451441784
Theta
-0.0551545
t_GA - R_GA * R_AB * t_BA
0 0 0
t_wo + t_wo_cam
1.04745 -0.0545407 0
Time
1558451441858
Theta
-0.0551545
t_GA - R_GA * R_AB * t_BA
0 0 0
t_wo + t_wo_cam
1.04745 -0.0545407 0
Time
1558451441927
Theta
-0.0551545
t_GA - R_GA * R_AB * t_BA
0 0 0
t_wo + t_wo_cam
1.07861 -0.00492682 0
Time
1558451442001
Theta
0
t_GA - R_GA * R_AB * t_BA
0 0 0
t_wo + t_wo_cam
1.07861 -0.00492682 0
Time
1558451442070
Theta
0
t_GA - R_GA * R_AB * t_BA
0 0 0
t_wo + t_wo_cam
1.07861 -0.00492682 0
Time
1558451442144
Theta
0
t_GA - R_GA * R_AB * t_BA
0 0 0
t_wo + t_wo_cam
1.07861 -0.00492682 0
Time
1558451442214
Theta
0
t_GA - R_GA * R_AB * t_BA
0 0 0
t_wo + t_wo_cam
1.07861 -0.00492682 0
Time
1558451442288
Theta
0
t_GA - R_GA * R_AB * t_BA
0 0 0
t_wo + t_wo_cam
1.07861 -0.00492682 0
Time
1558451442357
Theta
0
t_GA - R_GA * R_AB * t_BA
0 0 0
t_wo + t_wo_cam
1.07861 -0.00492682 0
Time
1558451442431
Theta
0
t_GA - R_GA * R_AB * t_BA
0 0 0
t_wo + t_wo_cam
1.07861 -0.00492682 0
Time
1558451442501
Theta
0
t_GA - R_GA * R_AB * t_BA
0 0 0
t_wo + t_wo_cam
1.07861 -0.00492682 0
Time
1558451442574
Theta
0
t_GA - R_GA * R_AB * t_BA
0 0 0
t_wo + t_wo_cam
1.10699 -0.0561829 0
Time
1558451442644
Theta
-0.0551545
t_GA - R_GA * R_AB * t_BA
0 0 0
t_wo + t_wo_cam
1.10699 -0.0561829 0
Time
1558451442718
Theta
-0.0551545
t_GA - R_GA * R_AB * t_BA
0 0 0
t_wo + t_wo_cam
1.13815 -0.00656909 0
Time
1558451442787
Theta
0
t_GA - R_GA * R_AB * t_BA
0 0 0
t_wo + t_wo_cam
1.13815 -0.00656909 0
Time
1558451442861
Theta
0
t_GA - R_GA * R_AB * t_BA
0 0 0
t_wo + t_wo_cam
1.13815 -0.00656909 0
Time
1558451442931
Theta
0
t_GA - R_GA * R_AB * t_BA
0 0 0
t_wo + t_wo_cam
1.13815 -0.00656909 0
Time
1558451443004
Theta
0
t_GA - R_GA * R_AB * t_BA
0 0 0
t_wo + t_wo_cam
1.13815 -0.00656909 0
Time
1558451443078
Theta
0
t_GA - R_GA * R_AB * t_BA
0 0 0
t_wo + t_wo_cam
1.13815 -0.00656909 0
Time
1558451443148
Theta
0
t_GA - R_GA * R_AB * t_BA
0 0 0
t_wo + t_wo_cam
1.13815 -0.00656909 0
Time
1558451443222
Theta
0
t_GA - R_GA * R_AB * t_BA
0 0 0
t_wo + t_wo_cam
1.13815 -0.00656909 0
Time
1558451443291
Theta
0
t_GA - R_GA * R_AB * t_BA
0 0 0
t_wo + t_wo_cam
1.13815 -0.00656909 0
Time
1558451443365
Theta
0
t_GA - R_GA * R_AB * t_BA
0 0 0
t_wo + t_wo_cam
1.13815 -0.00656909 0
Time
1558451443434
Theta
0
t_GA - R_GA * R_AB * t_BA
0 0 0
t_wo + t_wo_cam
1.13815 -0.00656909 0
Time
1558451443508
Theta
0
t_GA - R_GA * R_AB * t_BA
0 0 0
t_wo + t_wo_cam
1.13815 -0.00656909 0
Time
1558451443578
Theta
0
t_GA - R_GA * R_AB * t_BA
0 0 0
t_wo + t_wo_cam
1.13815 -0.00656909 0
Time
1558451443651
Theta
0
t_GA - R_GA * R_AB * t_BA
0 0 0
t_wo + t_wo_cam
1.13815 -0.00656909 0
Time
1558451443721
Theta
0
t_GA - R_GA * R_AB * t_BA
0 0 0
t_wo + t_wo_cam
1.13815 -0.00656909 0
Time
1558451443795
Theta
0
t_GA - R_GA * R_AB * t_BA
0 0 0
t_wo + t_wo_cam
1.13815 -0.00656909 0
Time
1558451443864
Theta
0
t_GA - R_GA * R_AB * t_BA
0 0 0
t_wo + t_wo_cam
1.16652 -0.0578252 0
Time
1558451443938
Theta
-0.0551545
t_GA - R_GA * R_AB * t_BA
0 0 0
t_wo + t_wo_cam
1.19768 -0.00821136 0
Time
1558451444008
Theta
0
t_GA - R_GA * R_AB * t_BA
0 0 0
t_wo + t_wo_cam
1.19768 -0.00821136 0
Time
1558451444083
Theta
0
t_GA - R_GA * R_AB * t_BA
0 0 0
t_wo + t_wo_cam
1.19768 -0.00821136 0
Time
1558451444151
Theta
0
t_GA - R_GA * R_AB * t_BA
0 0 0
t_wo + t_wo_cam
1.19768 -0.00821136 0
Time
1558451444225
Theta
0
t_GA - R_GA * R_AB * t_BA
0 0 0
t_wo + t_wo_cam
1.19768 -0.00821136 0
Time
1558451444295
Theta
0
t_GA - R_GA * R_AB * t_BA
0 0 0
t_wo + t_wo_cam
1.25727 -0.00821136 0
Time
1558451444368
Theta
0
t_GA - R_GA * R_AB * t_BA
0 0 0
t_wo + t_wo_cam
1.25727 -0.00821136 0
Time
1558451444438
Theta
0
t_GA - R_GA * R_AB * t_BA
0 0 0
t_wo + t_wo_cam
1.25727 -0.00821136 0
Time
1558451444512
Theta
0
t_GA - R_GA * R_AB * t_BA
0 0 0
t_wo + t_wo_cam
1.25727 -0.00821136 0
Time
1558451444582
Theta
0
t_GA - R_GA * R_AB * t_BA
0 0 0
t_wo + t_wo_cam
1.28564 0.0430448 0
Time
1558451444655
Theta
0.0551545
t_GA - R_GA * R_AB * t_BA
0 0 0
t_wo + t_wo_cam
1.3168 -0.00656909 0
Time
1558451444725
Theta
0
t_GA - R_GA * R_AB * t_BA
0 0 0
t_wo + t_wo_cam
1.3168 -0.00656909 0
Time
1558451444798
Theta
0
t_GA - R_GA * R_AB * t_BA
0 0 0
t_wo + t_wo_cam
1.3168 -0.00656909 0
Time
1558451444868
Theta
0
t_GA - R_GA * R_AB * t_BA
0 0 0
t_wo + t_wo_cam
1.3168 -0.00656909 0
Time
1558451444942
Theta
0
t_GA - R_GA * R_AB * t_BA
0 0 0
t_wo + t_wo_cam
1.37638 -0.00656909 0
Time
1558451445012
Theta
0
t_GA - R_GA * R_AB * t_BA
0 0 0
t_wo + t_wo_cam
1.37638 -0.00656909 0
Time
1558451445085
Theta
0
t_GA - R_GA * R_AB * t_BA
0 0 0
t_wo + t_wo_cam
1.37638 -0.00656909 0
Time
1558451445155
Theta
0
t_GA - R_GA * R_AB * t_BA
0 0 0
t_wo + t_wo_cam
1.37638 -0.00656909 0
Time
1558451445228
Theta
0
t_GA - R_GA * R_AB * t_BA
0 0 0
t_wo + t_wo_cam
1.40476 0.044687 0
Time
1558451445298
Theta
0.0551545
t_GA - R_GA * R_AB * t_BA
0 0 0
t_wo + t_wo_cam
1.43592 -0.00492682 0
Time
1558451445372
Theta
0
t_GA - R_GA * R_AB * t_BA
0 0 0
t_wo + t_wo_cam
1.43592 -0.00492682 0
Time
1558451445442
Theta
0
t_GA - R_GA * R_AB * t_BA
0 0 0
t_wo + t_wo_cam
1.43592 -0.00492682 0
Time
1558451445515
Theta
0
t_GA - R_GA * R_AB * t_BA
0 0 0
t_wo + t_wo_cam
1.43592 -0.00492682 0
Time
1558451445585
Theta
0
t_GA - R_GA * R_AB * t_BA
0 0 0
t_wo + t_wo_cam
1.4643 0.0463293 0
Time
1558451445659
Theta
0.0551545
t_GA - R_GA * R_AB * t_BA
0 0 0
t_wo + t_wo_cam
1.49546 -0.00328454 0
Time
1558451445728
Theta
0
t_GA - R_GA * R_AB * t_BA
0 0 0
t_wo + t_wo_cam
1.49546 -0.00328454 0
Time
1558451445802
Theta
0
t_GA - R_GA * R_AB * t_BA
0 0 0
t_wo + t_wo_cam
1.49546 -0.00328454 0
Time
1558451445872
Theta
0
t_GA - R_GA * R_AB * t_BA
0 0 0
t_wo + t_wo_cam
1.49546 -0.00328454 0
Time
1558451445945
Theta
0
t_GA - R_GA * R_AB * t_BA
0 0 0
t_wo + t_wo_cam
1.52383 0.0479716 0
Time
1558451446015
Theta
0.0551545
t_GA - R_GA * R_AB * t_BA
0 0 0
t_wo + t_wo_cam
1.52383 0.0479716 0
Time
1558451446089
Theta
0.0551545
t_GA - R_GA * R_AB * t_BA
0 0 0
t_wo + t_wo_cam
1.55499 -0.00164227 0
Time
1558451446158
Theta
0
t_GA - R_GA * R_AB * t_BA
0 0 0
t_wo + t_wo_cam
1.55499 -0.00164227 0
Time
1558451446232
Theta
0
t_GA - R_GA * R_AB * t_BA
0 0 0
t_wo + t_wo_cam
1.55499 -0.00164227 0
Time
1558451446306
Theta
0
t_GA - R_GA * R_AB * t_BA
0 0 0
t_wo + t_wo_cam
1.55499 -0.00164227 0
Time
1558451446375
Theta
0
t_GA - R_GA * R_AB * t_BA
0 0 0
t_wo + t_wo_cam
1.55499 -0.00164227 0
Time
1558451446449
Theta
0
t_GA - R_GA * R_AB * t_BA
0 0 0
t_wo + t_wo_cam
1.55499 -0.00164227 0
Time
1558451446519
Theta
0
t_GA - R_GA * R_AB * t_BA
0 0 0
t_wo + t_wo_cam
1.55499 -0.00164227 0
Time
1558451446592
Theta
0
t_GA - R_GA * R_AB * t_BA
0 0 0
t_wo + t_wo_cam
1.55499 -0.00164227 0
Time
1558451446662
Theta
0
t_GA - R_GA * R_AB * t_BA
0 0 0
t_wo + t_wo_cam
1.55499 -0.00164227 0
Time
1558451446736
Theta
0
t_GA - R_GA * R_AB * t_BA
0 0 0
t_wo + t_wo_cam
1.58337 -0.0528984 0
Time
1558451446805
Theta
-0.0551545
t_GA - R_GA * R_AB * t_BA
0 0 0
t_wo + t_wo_cam
1.58337 -0.0528984 0
Time
1558451446879
Theta
-0.0551545
t_GA - R_GA * R_AB * t_BA
0 0 0
t_wo + t_wo_cam
1.61453 -0.00328454 0
Time
1558451446949
Theta
0
t_GA - R_GA * R_AB * t_BA
0 0 0
t_wo + t_wo_cam
1.61453 -0.00328454 0
Time
1558451447023
Theta
0
t_GA - R_GA * R_AB * t_BA
0 0 0
t_wo + t_wo_cam
1.64291 -0.0545407 0
Time
1558451447092
Theta
-0.0551545
t_GA - R_GA * R_AB * t_BA
0 0 0
t_wo + t_wo_cam
1.64291 -0.0545407 0
Time
1558451447166
Theta
-0.0551545
t_GA - R_GA * R_AB * t_BA
0 0 0
t_wo + t_wo_cam
1.67407 -0.00492682 0
Time
1558451447236
Theta
0
t_GA - R_GA * R_AB * t_BA
0 0 0
t_wo + t_wo_cam
1.70244 -0.0561829 0
Time
1558451447309
Theta
-0.0551545
t_GA - R_GA * R_AB * t_BA
0 0 0
t_wo + t_wo_cam
1.70244 -0.0561829 0
Time
1558451447379
Theta
-0.0551545
t_GA - R_GA * R_AB * t_BA
0 0 0
t_wo + t_wo_cam
1.7336 -0.00656909 0
Time
1558451447452
Theta
0
t_GA - R_GA * R_AB * t_BA
0 0 0
t_wo + t_wo_cam
1.7336 -0.00656909 0
Time
1558451447522
Theta
0
t_GA - R_GA * R_AB * t_BA
0 0 0
t_wo + t_wo_cam
1.76198 -0.0578252 0
Time
1558451447596
Theta
-0.0551545
t_GA - R_GA * R_AB * t_BA
0 0 0
t_wo + t_wo_cam
1.79314 -0.00821136 0
Time
1558451447665
Theta
0
t_GA - R_GA * R_AB * t_BA
0 0 0
t_wo + t_wo_cam
1.79314 -0.00821136 0
Time
1558451447739
Theta
0
t_GA - R_GA * R_AB * t_BA
0 0 0
t_wo + t_wo_cam
1.82152 -0.0594675 0
Time
1558451447809
Theta
-0.0551545
t_GA - R_GA * R_AB * t_BA
0 0 0
t_wo + t_wo_cam
1.82152 -0.0594675 0
Time
1558451447882
Theta
-0.0551545
t_GA - R_GA * R_AB * t_BA
0 0 0
t_wo + t_wo_cam
1.85268 -0.00985363 0
Time
1558451447952
Theta
0
t_GA - R_GA * R_AB * t_BA
0 0 0
t_wo + t_wo_cam
1.88105 -0.0611098 0
Time
1558451448026
Theta
-0.0551545
t_GA - R_GA * R_AB * t_BA
0 0 0
t_wo + t_wo_cam
1.88105 -0.0611098 0
Time
1558451448096
Theta
-0.0551545
t_GA - R_GA * R_AB * t_BA
0 0 0
t_wo + t_wo_cam
1.91221 -0.0114959 0
Time
1558451448169
Theta
0
t_GA - R_GA * R_AB * t_BA
0 0 0
t_wo + t_wo_cam
1.91221 -0.0114959 0
Time
1558451448239
Theta
0
t_GA - R_GA * R_AB * t_BA
0 0 0
t_wo + t_wo_cam
1.94059 -0.062752 0
Time
1558451448313
Theta
-0.0551545
t_GA - R_GA * R_AB * t_BA
0 0 0
t_wo + t_wo_cam
1.97175 -0.0131382 0
Time
1558451448382
Theta
0
t_GA - R_GA * R_AB * t_BA
0 0 0
t_wo + t_wo_cam
1.97175 -0.0131382 0
Time
1558451448456
Theta
0
t_GA - R_GA * R_AB * t_BA
0 0 0
t_wo + t_wo_cam
2.00013 -0.0643943 0
Time
1558451448526
Theta
-0.0551545
t_GA - R_GA * R_AB * t_BA
0 0 0
t_wo + t_wo_cam
2.00013 -0.0643943 0
Time
1558451448600
Theta
-0.0551545
t_GA - R_GA * R_AB * t_BA
0 0 0
t_wo + t_wo_cam
2.03129 -0.0147804 0
Time
1558451448669
Theta
0
t_GA - R_GA * R_AB * t_BA
0 0 0
t_wo + t_wo_cam
2.03129 -0.0147804 0
Time
1558451448743
Theta
0
t_GA - R_GA * R_AB * t_BA
0 0 0
t_wo + t_wo_cam
2.05966 -0.0660366 0
Time
1558451448812
Theta
-0.0551545
t_GA - R_GA * R_AB * t_BA
0 0 0
t_wo + t_wo_cam
2.09082 -0.0164227 0
Time
1558451448886
Theta
0
t_GA - R_GA * R_AB * t_BA
0 0 0
t_wo + t_wo_cam
2.09082 -0.0164227 0
Time
1558451448956
Theta
0
t_GA - R_GA * R_AB * t_BA
0 0 0
t_wo + t_wo_cam
2.09082 -0.0164227 0
Time
1558451449030
Theta
0
t_GA - R_GA * R_AB * t_BA
0 0 0
t_wo + t_wo_cam
2.1192 -0.0676788 0
Time
1558451449100
Theta
-0.0551545
t_GA - R_GA * R_AB * t_BA
0 0 0
t_wo + t_wo_cam
2.15036 -0.018065 0
Time
1558451449173
Theta
0
t_GA - R_GA * R_AB * t_BA
0 0 0
t_wo + t_wo_cam
2.15036 -0.018065 0
Time
1558451449243
Theta
0
t_GA - R_GA * R_AB * t_BA
0 0 0
t_wo + t_wo_cam
2.17874 -0.0693211 0
Time
1558451449316
Theta
-0.0551545
t_GA - R_GA * R_AB * t_BA
0 0 0
t_wo + t_wo_cam
2.2099 -0.0197073 0
Time
1558451449386
Theta
0
t_GA - R_GA * R_AB * t_BA
0 0 0
t_wo + t_wo_cam
2.2099 -0.0197073 0
Time
1558451449460
Theta
0
t_GA - R_GA * R_AB * t_BA
0 0 0
t_wo + t_wo_cam
2.2099 -0.0197073 0
Time
1558451449533
Theta
0
t_GA - R_GA * R_AB * t_BA
0 0 0
t_wo + t_wo_cam
2.2099 -0.0197073 0
Time
1558451449603
Theta
0
t_GA - R_GA * R_AB * t_BA
0 0 0
t_wo + t_wo_cam
2.2099 -0.0197073 0
Time
1558451449677
Theta
0
t_GA - R_GA * R_AB * t_BA
0 0 0
t_wo + t_wo_cam
2.2099 -0.0197073 0
Time
1558451449746
Theta
0
t_GA - R_GA * R_AB * t_BA
0 0 0
t_wo + t_wo_cam
2.2099 -0.0197073 0
Time
1558451449820
Theta
0
t_GA - R_GA * R_AB * t_BA
0 0 0
t_wo + t_wo_cam
2.2099 -0.0197073 0
Time
1558451449890
Theta
0
t_GA - R_GA * R_AB * t_BA
0 0 0
t_wo + t_wo_cam
2.2099 -0.0197073 0
Time
1558451449964
Theta
0
t_GA - R_GA * R_AB * t_BA
0 0 0
t_wo + t_wo_cam
2.2099 -0.0197073 0
Time
1558451450033
Theta
0
t_GA - R_GA * R_AB * t_BA
0 0 0
t_wo + t_wo_cam
2.2099 -0.0197073 0
Time
1558451450107
Theta
0
t_GA - R_GA * R_AB * t_BA
0 0 0
t_wo + t_wo_cam
2.26948 -0.0197073 0
Time
1558451450176
Theta
0
t_GA - R_GA * R_AB * t_BA
0 0 0
t_wo + t_wo_cam
2.26948 -0.0197073 0
Time
1558451450250
Theta
0
t_GA - R_GA * R_AB * t_BA
0 0 0
t_wo + t_wo_cam
2.26948 -0.0197073 0
Time
1558451450320
Theta
0
t_GA - R_GA * R_AB * t_BA
0 0 0
t_wo + t_wo_cam
2.26948 -0.0197073 0
Time
1558451450394
Theta
0
t_GA - R_GA * R_AB * t_BA
0 0 0
t_wo + t_wo_cam
2.32906 -0.0197073 0
Time
1558451450463
Theta
0
t_GA - R_GA * R_AB * t_BA
0 0 0
t_wo + t_wo_cam
2.32906 -0.0197073 0
Time
1558451450537
Theta
0
t_GA - R_GA * R_AB * t_BA
0 0 0
t_wo + t_wo_cam
2.32906 -0.0197073 0
Time
1558451450606
Theta
0
t_GA - R_GA * R_AB * t_BA
0 0 0
t_wo + t_wo_cam
2.32906 -0.0197073 0
Time
1558451450680
Theta
0
t_GA - R_GA * R_AB * t_BA
0 0 0
t_wo + t_wo_cam
2.35744 0.0315489 0
Time
1558451450750
Theta
0.0551545
t_GA - R_GA * R_AB * t_BA
0 0 0
t_wo + t_wo_cam
2.3886 -0.018065 0
Time
1558451450823
Theta
0
t_GA - R_GA * R_AB * t_BA
0 0 0
t_wo + t_wo_cam
2.3886 -0.018065 0
Time
1558451450893
Theta
0
t_GA - R_GA * R_AB * t_BA
0 0 0
t_wo + t_wo_cam
2.3886 -0.018065 0
Time
1558451450967
Theta
0
t_GA - R_GA * R_AB * t_BA
0 0 0
t_wo + t_wo_cam
2.41697 0.0331911 0
Time
1558451451036
Theta
0.0551545
t_GA - R_GA * R_AB * t_BA
0 0 0
t_wo + t_wo_cam
2.44813 -0.0164227 0
Time
1558451451110
Theta
0
t_GA - R_GA * R_AB * t_BA
0 0 0
t_wo + t_wo_cam
2.44813 -0.0164227 0
Time
1558451451180
Theta
0
t_GA - R_GA * R_AB * t_BA
0 0 0
t_wo + t_wo_cam
2.44813 -0.0164227 0
Time
1558451451253
Theta
0
t_GA - R_GA * R_AB * t_BA
0 0 0
t_wo + t_wo_cam
2.44813 -0.0164227 0
Time
1558451451323
Theta
0
t_GA - R_GA * R_AB * t_BA
0 0 0
t_wo + t_wo_cam
2.50772 -0.0164227 0
Time
1558451451397
Theta
0
t_GA - R_GA * R_AB * t_BA
0 0 0
t_wo + t_wo_cam
2.50772 -0.0164227 0
Time
1558451451466
Theta
0
t_GA - R_GA * R_AB * t_BA
0 0 0
t_wo + t_wo_cam
2.50772 -0.0164227 0
Time
1558451451540
Theta
0
t_GA - R_GA * R_AB * t_BA
0 0 0
t_wo + t_wo_cam
2.50772 -0.0164227 0
Time
1558451451610
Theta
0
t_GA - R_GA * R_AB * t_BA
0 0 0
t_wo + t_wo_cam
2.53609 0.0348334 0
Time
1558451451683
Theta
0.0551545
t_GA - R_GA * R_AB * t_BA
0 0 0
t_wo + t_wo_cam
2.56725 -0.0147804 0
Time
1558451451753
Theta
0
t_GA - R_GA * R_AB * t_BA
0 0 0
t_wo + t_wo_cam
2.56725 -0.0147804 0
Time
1558451451827
Theta
0
t_GA - R_GA * R_AB * t_BA
0 0 0
t_wo + t_wo_cam
2.56725 -0.0147804 0
Time
1558451451897
Theta
0
t_GA - R_GA * R_AB * t_BA
0 0 0
t_wo + t_wo_cam
2.56725 -0.0147804 0
Time
1558451451970
Theta
0
t_GA - R_GA * R_AB * t_BA
0 0 0
t_wo + t_wo_cam
2.59563 0.0364757 0
Time
1558451452044
Theta
0.0551545
t_GA - R_GA * R_AB * t_BA
0 0 0
t_wo + t_wo_cam
2.62679 -0.0131382 0
Time
1558451452118
Theta
0
t_GA - R_GA * R_AB * t_BA
0 0 0
t_wo + t_wo_cam
2.62679 -0.0131382 0
Time
1558451452196
Theta
0
t_GA - R_GA * R_AB * t_BA
0 0 0
t_wo + t_wo_cam
2.62679 -0.0131382 0
Time
1558451452269
Theta
0
t_GA - R_GA * R_AB * t_BA
0 0 0
t_wo + t_wo_cam
2.65517 0.038118 0
Time
1558451452343
Theta
0.0551545
t_GA - R_GA * R_AB * t_BA
0 0 0
t_wo + t_wo_cam
2.68633 -0.0114959 0
Time
1558451452421
Theta
0
t_GA - R_GA * R_AB * t_BA
0 0 0
t_wo + t_wo_cam
2.68633 -0.0114959 0
Time
1558451452494
Theta
0
t_GA - R_GA * R_AB * t_BA
0 0 0
t_wo + t_wo_cam
2.68633 -0.0114959 0
Time
1558451452568
Theta
0
t_GA - R_GA * R_AB * t_BA
0 0 0
t_wo + t_wo_cam
2.7147 0.0397602 0
Time
1558451452642
Theta
0.0551545
t_GA - R_GA * R_AB * t_BA
0 0 0
t_wo + t_wo_cam
2.74586 -0.00985363 0
Time
1558451452720
Theta
0
t_GA - R_GA * R_AB * t_BA
0 0 0
t_wo + t_wo_cam
2.74586 -0.00985363 0
Time
1558451452794
Theta
0
t_GA - R_GA * R_AB * t_BA
0 0 0
t_wo + t_wo_cam
2.74586 -0.00985363 0
Time
1558451452867
Theta
0
t_GA - R_GA * R_AB * t_BA
0 0 0
t_wo + t_wo_cam
2.77424 0.0414025 0
Time
1558451452941
Theta
0.0551545
t_GA - R_GA * R_AB * t_BA
0 0 0
t_wo + t_wo_cam
2.77424 0.0414025 0
Time
1558451453019
Theta
0.0551545
t_GA - R_GA * R_AB * t_BA
0 0 0
t_wo + t_wo_cam
2.8054 -0.00821136 0
Time
1558451453092
Theta
0
t_GA - R_GA * R_AB * t_BA
0 0 0
t_wo + t_wo_cam
2.8054 -0.00821136 0
Time
1558451453166
Theta
0
t_GA - R_GA * R_AB * t_BA
0 0 0
t_wo + t_wo_cam
2.83378 0.0430448 0
Time
1558451453244
Theta
0.0551545
t_GA - R_GA * R_AB * t_BA
0 0 0
t_wo + t_wo_cam
2.83378 0.0430448 0
Time
1558451453318
Theta
0.0551545
t_GA - R_GA * R_AB * t_BA
0 0 0
t_wo + t_wo_cam
2.86494 -0.00656909 0
Time
1558451453392
Theta
0
t_GA - R_GA * R_AB * t_BA
0 0 0
t_wo + t_wo_cam
2.86494 -0.00656909 0
Time
1558451453465
Theta
0
t_GA - R_GA * R_AB * t_BA
0 0 0
t_wo + t_wo_cam
2.89331 0.044687 0
Time
1558451453543
Theta
0.0551545
t_GA - R_GA * R_AB * t_BA
0 0 0
t_wo + t_wo_cam
2.89331 0.044687 0
Time
1558451453617
Theta
0.0551545
t_GA - R_GA * R_AB * t_BA
0 0 0
t_wo + t_wo_cam
2.92447 -0.00492682 0
Time
1558451453690
Theta
0
t_GA - R_GA * R_AB * t_BA
0 0 0
t_wo + t_wo_cam
2.92447 -0.00492682 0
Time
1558451453764
Theta
0
t_GA - R_GA * R_AB * t_BA
0 0 0
t_wo + t_wo_cam
2.95285 0.0463293 0
Time
1558451453842
Theta
0.0551545
t_GA - R_GA * R_AB * t_BA
0 0 0
t_wo + t_wo_cam
2.95285 0.0463293 0
Time
1558451453916
Theta
0.0551545
t_GA - R_GA * R_AB * t_BA
0 0 0
t_wo + t_wo_cam
2.98401 -0.00328454 0
Time
1558451453989
Theta
0
t_GA - R_GA * R_AB * t_BA
0 0 0
t_wo + t_wo_cam
2.98401 -0.00328454 0
Time
1558451454071
Theta
0
t_GA - R_GA * R_AB * t_BA
0 0 0
t_wo + t_wo_cam
3.01239 0.0479716 0
Time
1558451454150
Theta
0.0551545
t_GA - R_GA * R_AB * t_BA
0 0 0
t_wo + t_wo_cam
3.01239 0.0479716 0
Time
1558451454227
Theta
0.0551545
t_GA - R_GA * R_AB * t_BA
0 0 0
t_wo + t_wo_cam
3.01239 0.0479716 0
Time
1558451454305
Theta
0.0551545
t_GA - R_GA * R_AB * t_BA
0 0 0
t_wo + t_wo_cam
3.04355 -0.00164227 0
Time
1558451454382
Theta
0
t_GA - R_GA * R_AB * t_BA
0 0 0
t_wo + t_wo_cam
3.07192 0.0496139 0
Time
1558451454461
Theta
0.0551545
t_GA - R_GA * R_AB * t_BA
0 0 0
t_wo + t_wo_cam
3.07192 0.0496139 0
Time
1558451454538
Theta
0.0551545
t_GA - R_GA * R_AB * t_BA
0 0 0
t_wo + t_wo_cam
3.07192 0.0496139 0
Time
1558451454616
Theta
0.0551545
t_GA - R_GA * R_AB * t_BA
0 0 0
t_wo + t_wo_cam
3.07192 0.0496139 0
Time
1558451454694
Theta
0.0551545
t_GA - R_GA * R_AB * t_BA
0 0 0
t_wo + t_wo_cam
3.10308 -4.33681e-19 0
Time
1558451454772
Theta
0
t_GA - R_GA * R_AB * t_BA
0 0 0
t_wo + t_wo_cam
3.10308 -4.33681e-19 0
Time
1558451454850
Theta
0
t_GA - R_GA * R_AB * t_BA
0 0 0
t_wo + t_wo_cam
3.13146 0.0512561 0
Time
1558451454927
Theta
0.0551545
t_GA - R_GA * R_AB * t_BA
0 0 0
t_wo + t_wo_cam
3.13146 0.0512561 0
Time
1558451455005
Theta
0.0551545
t_GA - R_GA * R_AB * t_BA
0 0 0
t_wo + t_wo_cam
3.13146 0.0512561 0
Time
1558451455083
Theta
0.0551545
t_GA - R_GA * R_AB * t_BA
0 0 0
t_wo + t_wo_cam
3.13146 0.0512561 0
Time
1558451455161
Theta
0.0551545
t_GA - R_GA * R_AB * t_BA
0 0 0
t_wo + t_wo_cam
3.13146 0.0512561 0
Time
1558451455239
Theta
0.0551545
t_GA - R_GA * R_AB * t_BA
0 0 0
t_wo + t_wo_cam
3.13146 0.0512561 0
Time
1558451455317
Theta
0.0551545
t_GA - R_GA * R_AB * t_BA
0 0 0
t_wo + t_wo_cam
3.13146 0.0512561 0
Time
1558451455394
Theta
0.0551545
t_GA - R_GA * R_AB * t_BA
0 0 0
t_wo + t_wo_cam
3.13146 0.0512561 0
Time
1558451455472
Theta
0.0551545
t_GA - R_GA * R_AB * t_BA
0 0 0
t_wo + t_wo_cam
3.13146 0.0512561 0
Time
1558451455550
Theta
0.0551545
t_GA - R_GA * R_AB * t_BA
0 0 0
t_wo + t_wo_cam
3.13146 0.0512561 0
Time
1558451455628
Theta
0.0551545
t_GA - R_GA * R_AB * t_BA
0 0 0
t_wo + t_wo_cam
3.13146 0.0512561 0
Time
1558451455706
Theta
0.0551545
t_GA - R_GA * R_AB * t_BA
0 0 0
t_wo + t_wo_cam
3.13146 0.0512561 0
Time
1558451455783
Theta
0.0551545
t_GA - R_GA * R_AB * t_BA
0 0 0
t_wo + t_wo_cam
3.13146 0.0512561 0
Time
1558451455861
Theta
0.0551545
t_GA - R_GA * R_AB * t_BA
0 0 0
t_wo + t_wo_cam
3.13146 0.0512561 0
Time
1558451455939
Theta
0.0551545
t_GA - R_GA * R_AB * t_BA
0 0 0
t_wo + t_wo_cam
3.15697 0.103999 0
Time
1558451456017
Theta
0.110309
t_GA - R_GA * R_AB * t_BA
0 0 0
t_wo + t_wo_cam
3.15697 0.103999 0
Time
1558451456095
Theta
0.110309
t_GA - R_GA * R_AB * t_BA
0 0 0
t_wo + t_wo_cam
3.15697 0.103999 0
Time
1558451456172
Theta
0.110309
t_GA - R_GA * R_AB * t_BA
0 0 0
t_wo + t_wo_cam
3.15697 0.103999 0
Time
1558451456250
Theta
0.110309
t_GA - R_GA * R_AB * t_BA
0 0 0
t_wo + t_wo_cam
3.15697 0.103999 0
Time
1558451456332
Theta
0.110309
t_GA - R_GA * R_AB * t_BA
0 0 0
t_wo + t_wo_cam
3.15697 0.103999 0
Time
1558451456410
Theta
0.110309
t_GA - R_GA * R_AB * t_BA
0 0 0
t_wo + t_wo_cam
3.15697 0.103999 0
Time
1558451456488
Theta
0.110309
t_GA - R_GA * R_AB * t_BA
0 0 0
t_wo + t_wo_cam
3.15697 0.103999 0
Time
1558451456566
Theta
0.110309
t_GA - R_GA * R_AB * t_BA
0 0 0
t_wo + t_wo_cam
3.15697 0.103999 0
Time
1558451456644
Theta
0.110309
t_GA - R_GA * R_AB * t_BA
0 0 0
t_wo + t_wo_cam
3.15697 0.103999 0
Time
1558451456721
Theta
0.110309
t_GA - R_GA * R_AB * t_BA
0 0 0
t_wo + t_wo_cam
3.15697 0.103999 0
Time
1558451456799
Theta
0.110309
t_GA - R_GA * R_AB * t_BA
0 0 0
t_wo + t_wo_cam
3.15697 0.103999 0
Time
1558451456877
Theta
0.110309
t_GA - R_GA * R_AB * t_BA
0 0 0
t_wo + t_wo_cam
3.15697 0.103999 0
Time
1558451456955
Theta
0.110309
t_GA - R_GA * R_AB * t_BA
0 0 0
t_wo + t_wo_cam
3.15697 0.103999 0
Time
1558451457033
Theta
0.110309
t_GA - R_GA * R_AB * t_BA
0 0 0
t_wo + t_wo_cam
3.15697 0.103999 0
Time
1558451457110
Theta
0.110309
t_GA - R_GA * R_AB * t_BA
0 0 0
t_wo + t_wo_cam
3.15697 0.103999 0
Time
1558451457188
Theta
0.110309
t_GA - R_GA * R_AB * t_BA
0 0 0
t_wo + t_wo_cam
3.15697 0.103999 0
Time
1558451457266
Theta
0.110309
t_GA - R_GA * R_AB * t_BA
0 0 0
t_wo + t_wo_cam
3.15697 0.103999 0
Time
1558451457344
Theta
0.110309
t_GA - R_GA * R_AB * t_BA
0 0 0
t_wo + t_wo_cam
3.15697 0.103999 0
Time
1558451457422
Theta
0.110309
t_GA - R_GA * R_AB * t_BA
0 0 0
t_wo + t_wo_cam
3.15697 0.103999 0
Time
1558451457500
Theta
0.110309
t_GA - R_GA * R_AB * t_BA
0 0 0
t_wo + t_wo_cam
3.15697 0.103999 0
Time
1558451457577
Theta
0.110309
t_GA - R_GA * R_AB * t_BA
0 0 0
t_wo + t_wo_cam
3.15697 0.103999 0
Time
1558451457655
Theta
0.110309
t_GA - R_GA * R_AB * t_BA
0 0 0
t_wo + t_wo_cam
3.15697 0.103999 0
Time
1558451457733
Theta
0.110309
t_GA - R_GA * R_AB * t_BA
0 0 0
t_wo + t_wo_cam
3.15697 0.103999 0
Time
1558451457811
Theta
0.110309
t_GA - R_GA * R_AB * t_BA
0 0 0
t_wo + t_wo_cam
3.15697 0.103999 0
Time
1558451457889
Theta
0.110309
t_GA - R_GA * R_AB * t_BA
0 0 0
t_wo + t_wo_cam
3.15697 0.103999 0
Time
1558451457967
Theta
0.110309
t_GA - R_GA * R_AB * t_BA
0 0 0
t_wo + t_wo_cam
3.15697 0.103999 0
Time
1558451458044
Theta
0.110309
t_GA - R_GA * R_AB * t_BA
0 0 0
t_wo + t_wo_cam
3.15697 0.103999 0
Time
1558451458122
Theta
0.110309
t_GA - R_GA * R_AB * t_BA
0 0 0
t_wo + t_wo_cam
3.15697 0.103999 0
Time
1558451458200
Theta
0.110309
t_GA - R_GA * R_AB * t_BA
0 0 0
t_wo + t_wo_cam
3.15697 0.103999 0
Time
1558451458278
Theta
0.110309
t_GA - R_GA * R_AB * t_BA
0 0 0
t_wo + t_wo_cam
3.15697 0.103999 0
Time
1558451458355
Theta
0.110309
t_GA - R_GA * R_AB * t_BA
0 0 0
t_wo + t_wo_cam
3.15697 0.103999 0
Time
1558451458433
Theta
0.110309
t_GA - R_GA * R_AB * t_BA
0 0 0
t_wo + t_wo_cam
3.15697 0.103999 0
Time
1558451458511
Theta
0.110309
t_GA - R_GA * R_AB * t_BA
0 0 0
t_wo + t_wo_cam
3.15697 0.103999 0
Time
1558451458589
Theta
0.110309
t_GA - R_GA * R_AB * t_BA
0 0 0
t_wo + t_wo_cam
3.15697 0.103999 0
Time
1558451458671
Theta
0.110309
t_GA - R_GA * R_AB * t_BA
0 0 0
t_wo + t_wo_cam
3.15697 0.103999 0
Time
1558451458749
Theta
0.110309
t_GA - R_GA * R_AB * t_BA
0 0 0
t_wo + t_wo_cam
3.15697 0.103999 0
Time
1558451458826
Theta
0.110309
t_GA - R_GA * R_AB * t_BA
0 0 0
t_wo + t_wo_cam
3.15697 0.103999 0
Time
1558451458904
Theta
0.110309
t_GA - R_GA * R_AB * t_BA
0 0 0
t_wo + t_wo_cam
3.15697 0.103999 0
Time
1558451458982
Theta
0.110309
t_GA - R_GA * R_AB * t_BA
0 0 0
t_wo + t_wo_cam
3.15697 0.103999 0
Time
1558451459060
Theta
0.110309
t_GA - R_GA * R_AB * t_BA
0 0 0
t_wo + t_wo_cam
3.15697 0.103999 0
Time
1558451459138
Theta
0.110309
t_GA - R_GA * R_AB * t_BA
0 0 0
t_wo + t_wo_cam
3.15697 0.103999 0
Time
1558451459216
Theta
0.110309
t_GA - R_GA * R_AB * t_BA
0 0 0
t_wo + t_wo_cam
3.15697 0.103999 0
Time
1558451459294
Theta
0.110309
t_GA - R_GA * R_AB * t_BA
0 0 0
t_wo + t_wo_cam
3.15697 0.103999 0
Time
1558451459372
Theta
0.110309
t_GA - R_GA * R_AB * t_BA
0 0 0
t_wo + t_wo_cam
3.15697 0.103999 0
Time
1558451459449
Theta
0.110309
t_GA - R_GA * R_AB * t_BA
0 0 0
t_wo + t_wo_cam
3.15697 0.103999 0
Time
1558451459527
Theta
0.110309
t_GA - R_GA * R_AB * t_BA
0 0 0
t_wo + t_wo_cam
3.15697 0.103999 0
Time
1558451459605
Theta
0.110309
t_GA - R_GA * R_AB * t_BA
0 0 0
t_wo + t_wo_cam
3.15697 0.103999 0
Time
1558451459683
Theta
0.110309
t_GA - R_GA * R_AB * t_BA
0 0 0
t_wo + t_wo_cam
3.15697 0.103999 0
Time
1558451459760
Theta
0.110309
t_GA - R_GA * R_AB * t_BA
0 0 0
t_wo + t_wo_cam
3.15697 0.103999 0
Time
1558451459838
Theta
0.110309
t_GA - R_GA * R_AB * t_BA
0 0 0
t_wo + t_wo_cam
3.15697 0.103999 0
Time
1558451459916
Theta
0.110309
t_GA - R_GA * R_AB * t_BA
0 0 0
t_wo + t_wo_cam
3.15697 0.103999 0
Time
1558451459994
Theta
0.110309
t_GA - R_GA * R_AB * t_BA
0 0 0
t_wo + t_wo_cam
3.15697 0.103999 0
Time
1558451460072
Theta
0.110309
t_GA - R_GA * R_AB * t_BA
0 0 0
t_wo + t_wo_cam
3.15697 0.103999 0
Time
1558451460150
Theta
0.110309
t_GA - R_GA * R_AB * t_BA
0 0 0
t_wo + t_wo_cam
3.15697 0.103999 0
Time
1558451460227
Theta
0.110309
t_GA - R_GA * R_AB * t_BA
0 0 0
t_wo + t_wo_cam
3.15697 0.103999 0
Time
1558451460305
Theta
0.110309
t_GA - R_GA * R_AB * t_BA
0 0 0
t_wo + t_wo_cam
3.15697 0.103999 0
Time
1558451460383
Theta
0.110309
t_GA - R_GA * R_AB * t_BA
0 0 0
t_wo + t_wo_cam
3.15697 0.103999 0
Time
1558451460461
Theta
0.110309
t_GA - R_GA * R_AB * t_BA
0 0 0
t_wo + t_wo_cam
3.15697 0.103999 0
Time
1558451460539
Theta
0.110309
t_GA - R_GA * R_AB * t_BA
0 0 0
t_wo + t_wo_cam
3.15697 0.103999 0
Time
1558451460617
Theta
0.110309
t_GA - R_GA * R_AB * t_BA
0 0 0
t_wo + t_wo_cam
3.15697 0.103999 0
Time
1558451460694
Theta
0.110309
t_GA - R_GA * R_AB * t_BA
0 0 0
t_wo + t_wo_cam
3.15697 0.103999 0
Time
1558451460772
Theta
0.110309
t_GA - R_GA * R_AB * t_BA
0 0 0
t_wo + t_wo_cam
3.15697 0.103999 0
Time
1558451460850
Theta
0.110309
t_GA - R_GA * R_AB * t_BA
0 0 0
t_wo + t_wo_cam
3.15697 0.103999 0
Time
1558451460932
Theta
0.110309
t_GA - R_GA * R_AB * t_BA
0 0 0
t_wo + t_wo_cam
3.15697 0.103999 0
Time
1558451461010
Theta
0.110309
t_GA - R_GA * R_AB * t_BA
0 0 0
t_wo + t_wo_cam
3.15697 0.103999 0
Time
1558451461088
Theta
0.110309
t_GA - R_GA * R_AB * t_BA
0 0 0
t_wo + t_wo_cam
3.15697 0.103999 0
Time
1558451461165
Theta
0.110309
t_GA - R_GA * R_AB * t_BA
0 0 0
t_wo + t_wo_cam
3.15697 0.103999 0
Time
1558451461243
Theta
0.110309
t_GA - R_GA * R_AB * t_BA
0 0 0
t_wo + t_wo_cam
3.15697 0.103999 0
Time
1558451461321
Theta
0.110309
t_GA - R_GA * R_AB * t_BA
0 0 0
t_wo + t_wo_cam
3.15697 0.103999 0
Time
1558451461399
Theta
0.110309
t_GA - R_GA * R_AB * t_BA
0 0 0
t_wo + t_wo_cam
3.15697 0.103999 0
Time
1558451461477
Theta
0.110309
t_GA - R_GA * R_AB * t_BA
0 0 0
t_wo + t_wo_cam
3.17953 0.158067 0
Time
1558451461554
Theta
0.165463
t_GA - R_GA * R_AB * t_BA
0 0 0
t_wo + t_wo_cam
3.17953 0.158067 0
Time
1558451461632
Theta
0.165463
t_GA - R_GA * R_AB * t_BA
0 0 0
t_wo + t_wo_cam
3.17953 0.158067 0
Time
1558451461710
Theta
0.165463
t_GA - R_GA * R_AB * t_BA
0 0 0
t_wo + t_wo_cam
3.17953 0.158067 0
Time
1558451461788
Theta
0.165463
t_GA - R_GA * R_AB * t_BA
0 0 0
t_wo + t_wo_cam
3.17953 0.158067 0
Time
1558451461866
Theta
0.165463
t_GA - R_GA * R_AB * t_BA
0 0 0
t_wo + t_wo_cam
3.17953 0.158067 0
Time
1558451461944
Theta
0.165463
t_GA - R_GA * R_AB * t_BA
0 0 0
t_wo + t_wo_cam
3.17953 0.158067 0
Time
1558451462021
Theta
0.165463
t_GA - R_GA * R_AB * t_BA
0 0 0
t_wo + t_wo_cam
3.17953 0.158067 0
Time
1558451462099
Theta
0.165463
t_GA - R_GA * R_AB * t_BA
0 0 0
t_wo + t_wo_cam
3.17953 0.158067 0
Time
1558451462177
Theta
0.165463
t_GA - R_GA * R_AB * t_BA
0 0 0
t_wo + t_wo_cam
3.17953 0.158067 0
Time
1558451462255
Theta
0.165463
t_GA - R_GA * R_AB * t_BA
0 0 0
t_wo + t_wo_cam
3.17953 0.158067 0
Time
1558451462333
Theta
0.165463
t_GA - R_GA * R_AB * t_BA
0 0 0
t_wo + t_wo_cam
3.17953 0.158067 0
Time
1558451462410
Theta
0.165463
t_GA - R_GA * R_AB * t_BA
0 0 0
t_wo + t_wo_cam
3.17953 0.158067 0
Time
1558451462489
Theta
0.165463
t_GA - R_GA * R_AB * t_BA
0 0 0
t_wo + t_wo_cam
3.17953 0.158067 0
Time
1558451462566
Theta
0.165463
t_GA - R_GA * R_AB * t_BA
0 0 0
t_wo + t_wo_cam
3.17953 0.158067 0
Time
1558451462644
Theta
0.165463
t_GA - R_GA * R_AB * t_BA
0 0 0
t_wo + t_wo_cam
3.17953 0.158067 0
Time
1558451462722
Theta
0.165463
t_GA - R_GA * R_AB * t_BA
0 0 0
t_wo + t_wo_cam
3.17953 0.158067 0
Time
1558451462799
Theta
0.165463
t_GA - R_GA * R_AB * t_BA
0 0 0
t_wo + t_wo_cam
3.17953 0.158067 0
Time
1558451462877
Theta
0.165463
t_GA - R_GA * R_AB * t_BA
0 0 0
t_wo + t_wo_cam
3.21596 0.112185 0
Time
1558451462955
Theta
0.110309
t_GA - R_GA * R_AB * t_BA
0 0 0
t_wo + t_wo_cam
3.21596 0.112185 0
Time
1558451463033
Theta
0.110309
t_GA - R_GA * R_AB * t_BA
0 0 0
t_wo + t_wo_cam
3.21596 0.112185 0
Time
1558451463111
Theta
0.110309
t_GA - R_GA * R_AB * t_BA
0 0 0
t_wo + t_wo_cam
3.21596 0.112185 0
Time
1558451463189
Theta
0.110309
t_GA - R_GA * R_AB * t_BA
0 0 0
t_wo + t_wo_cam
3.21596 0.112185 0
Time
1558451463271
Theta
0.110309
t_GA - R_GA * R_AB * t_BA
0 0 0
t_wo + t_wo_cam
3.21596 0.112185 0
Time
1558451463349
Theta
0.110309
t_GA - R_GA * R_AB * t_BA
0 0 0
t_wo + t_wo_cam
3.21596 0.112185 0
Time
1558451463426
Theta
0.110309
t_GA - R_GA * R_AB * t_BA
0 0 0
t_wo + t_wo_cam
3.21596 0.112185 0
Time
1558451463504
Theta
0.110309
t_GA - R_GA * R_AB * t_BA
0 0 0
t_wo + t_wo_cam
3.21596 0.112185 0
Time
1558451463582
Theta
0.110309
t_GA - R_GA * R_AB * t_BA
0 0 0
t_wo + t_wo_cam
3.23852 0.166254 0
Time
1558451463660
Theta
0.165463
t_GA - R_GA * R_AB * t_BA
0 0 0
t_wo + t_wo_cam
3.23852 0.166254 0
Time
1558451463738
Theta
0.165463
t_GA - R_GA * R_AB * t_BA
0 0 0
t_wo + t_wo_cam
3.23852 0.166254 0
Time
1558451463815
Theta
0.165463
t_GA - R_GA * R_AB * t_BA
0 0 0
t_wo + t_wo_cam
3.23852 0.166254 0
Time
1558451463893
Theta
0.165463
t_GA - R_GA * R_AB * t_BA
0 0 0
t_wo + t_wo_cam
3.23852 0.166254 0
Time
1558451463971
Theta
0.165463
t_GA - R_GA * R_AB * t_BA
0 0 0
t_wo + t_wo_cam
3.23852 0.166254 0
Time
1558451464049
Theta
0.165463
t_GA - R_GA * R_AB * t_BA
0 0 0
t_wo + t_wo_cam
3.23852 0.166254 0
Time
1558451464127
Theta
0.165463
t_GA - R_GA * R_AB * t_BA
0 0 0
t_wo + t_wo_cam
3.23852 0.166254 0
Time
1558451464205
Theta
0.165463
t_GA - R_GA * R_AB * t_BA
0 0 0
t_wo + t_wo_cam
3.23852 0.166254 0
Time
1558451464283
Theta
0.165463
t_GA - R_GA * R_AB * t_BA
0 0 0
t_wo + t_wo_cam
3.23852 0.166254 0
Time
1558451464360
Theta
0.165463
t_GA - R_GA * R_AB * t_BA
0 0 0
t_wo + t_wo_cam
3.23852 0.166254 0
Time
1558451464438
Theta
0.165463
t_GA - R_GA * R_AB * t_BA
0 0 0
t_wo + t_wo_cam
3.23852 0.166254 0
Time
1558451464516
Theta
0.165463
t_GA - R_GA * R_AB * t_BA
0 0 0
t_wo + t_wo_cam
3.23852 0.166254 0
Time
1558451464594
Theta
0.165463
t_GA - R_GA * R_AB * t_BA
0 0 0
t_wo + t_wo_cam
3.23852 0.166254 0
Time
1558451464671
Theta
0.165463
t_GA - R_GA * R_AB * t_BA
0 0 0
t_wo + t_wo_cam
3.23852 0.166254 0
Time
1558451464749
Theta
0.165463
t_GA - R_GA * R_AB * t_BA
0 0 0
t_wo + t_wo_cam
3.23852 0.166254 0
Time
1558451464827
Theta
0.165463
t_GA - R_GA * R_AB * t_BA
0 0 0
t_wo + t_wo_cam
3.23852 0.166254 0
Time
1558451464905
Theta
0.165463
t_GA - R_GA * R_AB * t_BA
0 0 0
t_wo + t_wo_cam
3.23852 0.166254 0
Time
1558451464983
Theta
0.165463
t_GA - R_GA * R_AB * t_BA
0 0 0
t_wo + t_wo_cam
3.23852 0.166254 0
Time
1558451465061
Theta
0.165463
t_GA - R_GA * R_AB * t_BA
0 0 0
t_wo + t_wo_cam
3.23852 0.166254 0
Time
1558451465138
Theta
0.165463
t_GA - R_GA * R_AB * t_BA
0 0 0
t_wo + t_wo_cam
3.23852 0.166254 0
Time
1558451465216
Theta
0.165463
t_GA - R_GA * R_AB * t_BA
0 0 0
t_wo + t_wo_cam
3.23852 0.166254 0
Time
1558451465294
Theta
0.165463
t_GA - R_GA * R_AB * t_BA
0 0 0
t_wo + t_wo_cam
3.23852 0.166254 0
Time
1558451465372
Theta
0.165463
t_GA - R_GA * R_AB * t_BA
0 0 0
t_wo + t_wo_cam
3.23852 0.166254 0
Time
1558451465450
Theta
0.165463
t_GA - R_GA * R_AB * t_BA
0 0 0
t_wo + t_wo_cam
3.23852 0.166254 0
Time
1558451465527
Theta
0.165463
t_GA - R_GA * R_AB * t_BA
0 0 0
t_wo + t_wo_cam
3.23852 0.166254 0
Time
1558451465609
Theta
0.165463
t_GA - R_GA * R_AB * t_BA
0 0 0
t_wo + t_wo_cam
3.23852 0.166254 0
Time
1558451465687
Theta
0.165463
t_GA - R_GA * R_AB * t_BA
0 0 0
t_wo + t_wo_cam
3.23852 0.166254 0
Time
1558451465765
Theta
0.165463
t_GA - R_GA * R_AB * t_BA
0 0 0
t_wo + t_wo_cam
3.23852 0.166254 0
Time
1558451465843
Theta
0.165463
t_GA - R_GA * R_AB * t_BA
0 0 0
t_wo + t_wo_cam
3.23852 0.166254 0
Time
1558451465921
Theta
0.165463
t_GA - R_GA * R_AB * t_BA
0 0 0
t_wo + t_wo_cam
3.23852 0.166254 0
Time
1558451465998
Theta
0.165463
t_GA - R_GA * R_AB * t_BA
0 0 0
t_wo + t_wo_cam
3.23852 0.166254 0
Time
1558451466076
Theta
0.165463
t_GA - R_GA * R_AB * t_BA
0 0 0
t_wo + t_wo_cam
3.23852 0.166254 0
Time
1558451466154
Theta
0.165463
t_GA - R_GA * R_AB * t_BA
0 0 0
t_wo + t_wo_cam
3.23852 0.166254 0
Time
1558451466232
Theta
0.165463
t_GA - R_GA * R_AB * t_BA
0 0 0
t_wo + t_wo_cam
3.23852 0.166254 0
Time
1558451466310
Theta
0.165463
t_GA - R_GA * R_AB * t_BA
0 0 0
t_wo + t_wo_cam
3.23852 0.166254 0
Time
1558451466388
Theta
0.165463
t_GA - R_GA * R_AB * t_BA
0 0 0
t_wo + t_wo_cam
3.23852 0.166254 0
Time
1558451466465
Theta
0.165463
t_GA - R_GA * R_AB * t_BA
0 0 0
t_wo + t_wo_cam
3.23852 0.166254 0
Time
1558451466543
Theta
0.165463
t_GA - R_GA * R_AB * t_BA
0 0 0
t_wo + t_wo_cam
3.23852 0.166254 0
Time
1558451466621
Theta
0.165463
t_GA - R_GA * R_AB * t_BA
0 0 0
t_wo + t_wo_cam
3.23852 0.166254 0
Time
1558451466699
Theta
0.165463
t_GA - R_GA * R_AB * t_BA
0 0 0
t_wo + t_wo_cam
3.23852 0.166254 0
Time
1558451466777
Theta
0.165463
t_GA - R_GA * R_AB * t_BA
0 0 0
t_wo + t_wo_cam
3.23852 0.166254 0
Time
1558451466854
Theta
0.165463
t_GA - R_GA * R_AB * t_BA
0 0 0
t_wo + t_wo_cam
3.23852 0.166254 0
Time
1558451466932
Theta
0.165463
t_GA - R_GA * R_AB * t_BA
0 0 0
t_wo + t_wo_cam
3.23852 0.166254 0
Time
1558451467010
Theta
0.165463
t_GA - R_GA * R_AB * t_BA
0 0 0
t_wo + t_wo_cam
3.23852 0.166254 0
Time
1558451467088
Theta
0.165463
t_GA - R_GA * R_AB * t_BA
0 0 0
t_wo + t_wo_cam
3.23852 0.166254 0
Time
1558451467166
Theta
0.165463
t_GA - R_GA * R_AB * t_BA
0 0 0
t_wo + t_wo_cam
3.23852 0.166254 0
Time
1558451467243
Theta
0.165463
t_GA - R_GA * R_AB * t_BA
0 0 0
t_wo + t_wo_cam
3.23852 0.166254 0
Time
1558451467321
Theta
0.165463
t_GA - R_GA * R_AB * t_BA
0 0 0
t_wo + t_wo_cam
3.23852 0.166254 0
Time
1558451467399
Theta
0.165463
t_GA - R_GA * R_AB * t_BA
0 0 0
t_wo + t_wo_cam
3.23852 0.166254 0
Time
1558451467477
Theta
0.165463
t_GA - R_GA * R_AB * t_BA
0 0 0
t_wo + t_wo_cam
3.23852 0.166254 0
Time
1558451467555
Theta
0.165463
t_GA - R_GA * R_AB * t_BA
0 0 0
t_wo + t_wo_cam
3.23852 0.166254 0
Time
1558451467633
Theta
0.165463
t_GA - R_GA * R_AB * t_BA
0 0 0
t_wo + t_wo_cam
3.23852 0.166254 0
Time
1558451467711
Theta
0.165463
t_GA - R_GA * R_AB * t_BA
0 0 0
t_wo + t_wo_cam
3.23852 0.166254 0
Time
1558451467788
Theta
0.165463
t_GA - R_GA * R_AB * t_BA
0 0 0
t_wo + t_wo_cam
3.23852 0.166254 0
Time
1558451467870
Theta
0.165463
t_GA - R_GA * R_AB * t_BA
0 0 0
t_wo + t_wo_cam
3.23852 0.166254 0
Time
1558451467948
Theta
0.165463
t_GA - R_GA * R_AB * t_BA
0 0 0
t_wo + t_wo_cam
3.23852 0.166254 0
Time
1558451468026
Theta
0.165463
t_GA - R_GA * R_AB * t_BA
0 0 0
t_wo + t_wo_cam
3.23852 0.166254 0
Time
1558451468104
Theta
0.165463
t_GA - R_GA * R_AB * t_BA
0 0 0
t_wo + t_wo_cam
3.23852 0.166254 0
Time
1558451468182
Theta
0.165463
t_GA - R_GA * R_AB * t_BA
0 0 0
t_wo + t_wo_cam
3.23852 0.166254 0
Time
1558451468259
Theta
0.165463
t_GA - R_GA * R_AB * t_BA
0 0 0
t_wo + t_wo_cam
3.23852 0.166254 0
Time
1558451468337
Theta
0.165463
t_GA - R_GA * R_AB * t_BA
0 0 0
t_wo + t_wo_cam
3.23852 0.166254 0
Time
1558451468415
Theta
0.165463
t_GA - R_GA * R_AB * t_BA
0 0 0
t_wo + t_wo_cam
3.23852 0.166254 0
Time
1558451468493
Theta
0.165463
t_GA - R_GA * R_AB * t_BA
0 0 0
t_wo + t_wo_cam
3.23852 0.166254 0
Time
1558451468571
Theta
0.165463
t_GA - R_GA * R_AB * t_BA
0 0 0
t_wo + t_wo_cam
3.23852 0.166254 0
Time
1558451468648
Theta
0.165463
t_GA - R_GA * R_AB * t_BA
0 0 0
t_wo + t_wo_cam
3.23852 0.166254 0
Time
1558451468726
Theta
0.165463
t_GA - R_GA * R_AB * t_BA
0 0 0
t_wo + t_wo_cam
3.23852 0.166254 0
Time
1558451468804
Theta
0.165463
t_GA - R_GA * R_AB * t_BA
0 0 0
t_wo + t_wo_cam
3.23852 0.166254 0
Time
1558451468882
Theta
0.165463
t_GA - R_GA * R_AB * t_BA
0 0 0
t_wo + t_wo_cam
3.23852 0.166254 0
Time
1558451468960
Theta
0.165463
t_GA - R_GA * R_AB * t_BA
0 0 0
t_wo + t_wo_cam
3.25807 0.221484 0
Time
1558451469038
Theta
0.220618
t_GA - R_GA * R_AB * t_BA
0 0 0
t_wo + t_wo_cam
3.25807 0.221484 0
Time
1558451469115
Theta
0.220618
t_GA - R_GA * R_AB * t_BA
0 0 0
t_wo + t_wo_cam
3.25807 0.221484 0
Time
1558451469193
Theta
0.220618
t_GA - R_GA * R_AB * t_BA
0 0 0
t_wo + t_wo_cam
3.25807 0.221484 0
Time
1558451469271
Theta
0.220618
t_GA - R_GA * R_AB * t_BA
0 0 0
t_wo + t_wo_cam
3.25807 0.221484 0
Time
1558451469349
Theta
0.220618
t_GA - R_GA * R_AB * t_BA
0 0 0
t_wo + t_wo_cam
3.25807 0.221484 0
Time
1558451469426
Theta
0.220618
t_GA - R_GA * R_AB * t_BA
0 0 0
t_wo + t_wo_cam
3.25807 0.221484 0
Time
1558451469504
Theta
0.220618
t_GA - R_GA * R_AB * t_BA
0 0 0
t_wo + t_wo_cam
3.25807 0.221484 0
Time
1558451469582
Theta
0.220618
t_GA - R_GA * R_AB * t_BA
0 0 0
t_wo + t_wo_cam
3.29698 0.17768 0
Time
1558451469660
Theta
0.165463
t_GA - R_GA * R_AB * t_BA
0 0 0
t_wo + t_wo_cam
3.29698 0.17768 0
Time
1558451469738
Theta
0.165463
t_GA - R_GA * R_AB * t_BA
0 0 0
t_wo + t_wo_cam
3.29698 0.17768 0
Time
1558451469815
Theta
0.165463
t_GA - R_GA * R_AB * t_BA
0 0 0
t_wo + t_wo_cam
3.29698 0.17768 0
Time
1558451469893
Theta
0.165463
t_GA - R_GA * R_AB * t_BA
0 0 0
t_wo + t_wo_cam
3.29698 0.17768 0
Time
1558451469971
Theta
0.165463
t_GA - R_GA * R_AB * t_BA
0 0 0
t_wo + t_wo_cam
3.29698 0.17768 0
Time
1558451470049
Theta
0.165463
t_GA - R_GA * R_AB * t_BA
0 0 0
t_wo + t_wo_cam
3.29698 0.17768 0
Time
1558451470126
Theta
0.165463
t_GA - R_GA * R_AB * t_BA
0 0 0
t_wo + t_wo_cam
3.29698 0.17768 0
Time
1558451470208
Theta
0.165463
t_GA - R_GA * R_AB * t_BA
0 0 0
t_wo + t_wo_cam
3.29698 0.17768 0
Time
1558451470286
Theta
0.165463
t_GA - R_GA * R_AB * t_BA
0 0 0
t_wo + t_wo_cam
3.29698 0.17768 0
Time
1558451470364
Theta
0.165463
t_GA - R_GA * R_AB * t_BA
0 0 0
t_wo + t_wo_cam
3.29698 0.17768 0
Time
1558451470441
Theta
0.165463
t_GA - R_GA * R_AB * t_BA
0 0 0
t_wo + t_wo_cam
3.29698 0.17768 0
Time
1558451470520
Theta
0.165463
t_GA - R_GA * R_AB * t_BA
0 0 0
t_wo + t_wo_cam
3.29698 0.17768 0
Time
1558451470597
Theta
0.165463
t_GA - R_GA * R_AB * t_BA
0 0 0
t_wo + t_wo_cam
3.29698 0.17768 0
Time
1558451470675
Theta
0.165463
t_GA - R_GA * R_AB * t_BA
0 0 0
t_wo + t_wo_cam
3.29698 0.17768 0
Time
1558451470753
Theta
0.165463
t_GA - R_GA * R_AB * t_BA
0 0 0
t_wo + t_wo_cam
3.29698 0.17768 0
Time
1558451470830
Theta
0.165463
t_GA - R_GA * R_AB * t_BA
0 0 0
t_wo + t_wo_cam
3.29698 0.17768 0
Time
1558451470908
Theta
0.165463
t_GA - R_GA * R_AB * t_BA
0 0 0
t_wo + t_wo_cam
3.29698 0.17768 0
Time
1558451470986
Theta
0.165463
t_GA - R_GA * R_AB * t_BA
0 0 0
t_wo + t_wo_cam
3.29698 0.17768 0
Time
1558451471064
Theta
0.165463
t_GA - R_GA * R_AB * t_BA
0 0 0
t_wo + t_wo_cam
3.31652 0.23291 0
Time
1558451471142
Theta
0.220618
t_GA - R_GA * R_AB * t_BA
0 0 0
t_wo + t_wo_cam
3.31652 0.23291 0
Time
1558451471219
Theta
0.220618
