awdqwd
t_GA - R_GA * R_AB * t_BA
1558439484489 0 0 0
t_wo + cam_pos
1558439484489 0.9 0 0
Theta
0
t_GA - R_GA * R_AB * t_BA
1558439484494 0 0 0
t_wo + cam_pos
1558439484494 0.9 0 0
Theta
0
t_GA - R_GA * R_AB * t_BA
1558439484499 0 0 0
t_wo + cam_pos
1558439484499 0.9 0 0
Theta
0
t_GA - R_GA * R_AB * t_BA
1558439484505 0 0 0
t_wo + cam_pos
1558439484505 0.9 0 0
Theta
0
t_GA - R_GA * R_AB * t_BA
1558439484510 0 0 0
t_wo + cam_pos
1558439484510 0.9 0 0
Theta
0
t_GA - R_GA * R_AB * t_BA
1558439484516 0 0 0
t_wo + cam_pos
1558439484516 0.9 0 0
Theta
0
t_GA - R_GA * R_AB * t_BA
1558439484521 0 0 0
t_wo + cam_pos
1558439484521 0.9 0 0
Theta
0
t_GA - R_GA * R_AB * t_BA
1558439484526 0 0 0
t_wo + cam_pos
1558439484526 0.9 0 0
Theta
0
t_GA - R_GA * R_AB * t_BA
1558439484531 0 0 0
t_wo + cam_pos
1558439484532 0.9 0 0
Theta
0
t_GA - R_GA * R_AB * t_BA
1558439484537 0 0 0
t_wo + cam_pos
1558439484537 0.9 0 0
Theta
0
t_GA - R_GA * R_AB * t_BA
1558439484542 0 0 0
t_wo + cam_pos
1558439484542 0.9 0 0
Theta
0
t_GA - R_GA * R_AB * t_BA
1558439484547 0 0 0
t_wo + cam_pos
1558439484547 0.9 0 0
Theta
0
t_GA - R_GA * R_AB * t_BA
1558439484553 0 0 0
t_wo + cam_pos
1558439484553 0.9 0 0
Theta
0
t_GA - R_GA * R_AB * t_BA
1558439484558 0 0 0
t_wo + cam_pos
1558439484558 0.9 0 0
Theta
0
t_GA - R_GA * R_AB * t_BA
1558439484563 0 0 0
t_wo + cam_pos
1558439484563 0.9 0 0
Theta
0
t_GA - R_GA * R_AB * t_BA
1558439484568 0 0 0
t_wo + cam_pos
1558439484568 0.9 0 0
Theta
0
t_GA - R_GA * R_AB * t_BA
1558439484574 0 0 0
t_wo + cam_pos
1558439484574 0.9 0 0
Theta
0
t_GA - R_GA * R_AB * t_BA
1558439484579 0 0 0
t_wo + cam_pos
1558439484579 0.9 0 0
Theta
0
t_GA - R_GA * R_AB * t_BA
1558439484584 0 0 0
t_wo + cam_pos
1558439484584 0.9 0 0
Theta
0
t_GA - R_GA * R_AB * t_BA
1558439484589 0 0 0
t_wo + cam_pos
1558439484589 0.9 0 0
Theta
0
t_GA - R_GA * R_AB * t_BA
1558439484595 0 0 0
t_wo + cam_pos
1558439484595 0.9 0 0
Theta
0
t_GA - R_GA * R_AB * t_BA
1558439484600 0 0 0
t_wo + cam_pos
1558439484600 0.9 0 0
Theta
0
t_GA - R_GA * R_AB * t_BA
1558439484605 0 0 0
t_wo + cam_pos
1558439484605 0.9 0 0
Theta
0
t_GA - R_GA * R_AB * t_BA
1558439484611 0 0 0
t_wo + cam_pos
1558439484611 0.9 0 0
Theta
0
t_GA - R_GA * R_AB * t_BA
1558439484616 0 0 0
t_wo + cam_pos
1558439484616 0.9 0 0
Theta
0
t_GA - R_GA * R_AB * t_BA
1558439484621 0 0 0
t_wo + cam_pos
1558439484621 0.9 0 0
Theta
0
t_GA - R_GA * R_AB * t_BA
1558439484626 0 0 0
t_wo + cam_pos
1558439484626 0.9 0 0
Theta
0
t_GA - R_GA * R_AB * t_BA
1558439484632 0 0 0
t_wo + cam_pos
1558439484632 0.9 0 0
Theta
0
t_GA - R_GA * R_AB * t_BA
1558439484637 0 0 0
t_wo + cam_pos
1558439484637 0.9 0 0
Theta
0
t_GA - R_GA * R_AB * t_BA
1558439484642 0 0 0
t_wo + cam_pos
1558439484642 0.9 0 0
Theta
0
t_GA - R_GA * R_AB * t_BA
1558439484648 0 0 0
t_wo + cam_pos
1558439484648 0.9 0 0
Theta
0
t_GA - R_GA * R_AB * t_BA
1558439484653 0 0 0
t_wo + cam_pos
1558439484653 0.9 0 0
Theta
0
t_GA - R_GA * R_AB * t_BA
1558439484658 0 0 0
t_wo + cam_pos
1558439484658 0.9 0 0
Theta
0
t_GA - R_GA * R_AB * t_BA
1558439484663 0 0 0
t_wo + cam_pos
1558439484663 0.9 0 0
Theta
0
t_GA - R_GA * R_AB * t_BA
1558439484669 0 0 0
t_wo + cam_pos
1558439484669 0.9 0 0
Theta
0
t_GA - R_GA * R_AB * t_BA
1558439484674 0 0 0
t_wo + cam_pos
1558439484674 0.9 0 0
Theta
0
t_GA - R_GA * R_AB * t_BA
1558439484679 0 0 0
t_wo + cam_pos
1558439484679 0.9 0 0
Theta
0
t_GA - R_GA * R_AB * t_BA
1558439484684 0 0 0
t_wo + cam_pos
1558439484684 0.9 0 0
Theta
0
t_GA - R_GA * R_AB * t_BA
1558439484690 0 0 0
t_wo + cam_pos
1558439484690 0.9 0 0
Theta
0
t_GA - R_GA * R_AB * t_BA
1558439484695 0 0 0
t_wo + cam_pos
1558439484695 0.9 0 0
Theta
0
t_GA - R_GA * R_AB * t_BA
1558439484700 0 0 0
t_wo + cam_pos
1558439484700 0.9 0 0
Theta
0
t_GA - R_GA * R_AB * t_BA
1558439484706 0 0 0
t_wo + cam_pos
1558439484706 0.9 0 0
Theta
0
t_GA - R_GA * R_AB * t_BA
1558439484711 0 0 0
t_wo + cam_pos
1558439484711 0.9 0 0
Theta
0
t_GA - R_GA * R_AB * t_BA
1558439484716 0 0 0
t_wo + cam_pos
1558439484716 0.9 0 0
Theta
0
t_GA - R_GA * R_AB * t_BA
1558439484721 0 0 0
t_wo + cam_pos
1558439484721 0.9 0 0
Theta
0
t_GA - R_GA * R_AB * t_BA
1558439484727 0 0 0
t_wo + cam_pos
1558439484727 0.9 0 0
Theta
0
t_GA - R_GA * R_AB * t_BA
1558439484732 0 0 0
t_wo + cam_pos
1558439484732 0.9 0 0
Theta
0
t_GA - R_GA * R_AB * t_BA
1558439484737 0 0 0
t_wo + cam_pos
1558439484737 0.9 0 0
Theta
0
t_GA - R_GA * R_AB * t_BA
1558439484742 0 0 0
t_wo + cam_pos
1558439484742 0.9 0 0
Theta
0
t_GA - R_GA * R_AB * t_BA
1558439484748 0 0 0
t_wo + cam_pos
1558439484748 0.9 0 0
Theta
0
t_GA - R_GA * R_AB * t_BA
1558439484753 0 0 0
t_wo + cam_pos
1558439484753 0.9 0 0
Theta
0
t_GA - R_GA * R_AB * t_BA
1558439484758 0 0 0
t_wo + cam_pos
1558439484758 0.9 0 0
Theta
0
t_GA - R_GA * R_AB * t_BA
1558439484763 0 0 0
t_wo + cam_pos
1558439484763 0.9 0 0
Theta
0
t_GA - R_GA * R_AB * t_BA
1558439484769 0 0 0
t_wo + cam_pos
1558439484769 0.9 0 0
Theta
0
t_GA - R_GA * R_AB * t_BA
1558439484774 0 0 0
t_wo + cam_pos
1558439484774 0.9 0 0
Theta
0
t_GA - R_GA * R_AB * t_BA
1558439484779 0 0 0
t_wo + cam_pos
1558439484779 0.9 0 0
Theta
0
t_GA - R_GA * R_AB * t_BA
1558439484784 0 0 0
t_wo + cam_pos
1558439484784 0.9 0 0
Theta
0
t_GA - R_GA * R_AB * t_BA
1558439484790 0 0 0
t_wo + cam_pos
1558439484790 0.9 0 0
Theta
0
t_GA - R_GA * R_AB * t_BA
1558439484795 0 0 0
t_wo + cam_pos
1558439484795 0.9 0 0
Theta
0
t_GA - R_GA * R_AB * t_BA
1558439484800 0 0 0
t_wo + cam_pos
1558439484800 0.9 0 0
Theta
0
t_GA - R_GA * R_AB * t_BA
1558439484805 0 0 0
t_wo + cam_pos
1558439484806 0.9 0 0
Theta
0
t_GA - R_GA * R_AB * t_BA
1558439484811 0 0 0
t_wo + cam_pos
1558439484811 0.9 0 0
Theta
0
t_GA - R_GA * R_AB * t_BA
1558439484816 0 0 0
t_wo + cam_pos
1558439484816 0.9 0 0
Theta
0
t_GA - R_GA * R_AB * t_BA
1558439484821 0 0 0
t_wo + cam_pos
1558439484821 0.9 0 0
Theta
0
t_GA - R_GA * R_AB * t_BA
1558439484827 0 0 0
t_wo + cam_pos
1558439484827 0.9 0 0
Theta
0
t_GA - R_GA * R_AB * t_BA
1558439484832 0 0 0
t_wo + cam_pos
1558439484832 0.9 0 0
Theta
0
t_GA - R_GA * R_AB * t_BA
1558439484837 0 0 0
t_wo + cam_pos
1558439484837 0.9 0 0
Theta
0
t_GA - R_GA * R_AB * t_BA
1558439484843 0 0 0
t_wo + cam_pos
1558439484843 0.9 0 0
Theta
0
t_GA - R_GA * R_AB * t_BA
1558439484848 0 0 0
t_wo + cam_pos
1558439484848 0.9 0 0
Theta
0
t_GA - R_GA * R_AB * t_BA
1558439484853 0 0 0
t_wo + cam_pos
1558439484853 0.9 0 0
Theta
0
t_GA - R_GA * R_AB * t_BA
1558439484859 0 0 0
t_wo + cam_pos
1558439484859 0.9 0 0
Theta
0
t_GA - R_GA * R_AB * t_BA
1558439484864 0 0 0
t_wo + cam_pos
1558439484864 0.9 0 0
Theta
0
t_GA - R_GA * R_AB * t_BA
1558439484869 0 0 0
t_wo + cam_pos
1558439484869 0.9 0 0
Theta
0
t_GA - R_GA * R_AB * t_BA
1558439484879 0 0 0
t_wo + cam_pos
1558439484879 0.9 0 0
Theta
0
t_GA - R_GA * R_AB * t_BA
1558439484884 0 0 0
t_wo + cam_pos
1558439484884 0.9 0 0
Theta
0
t_GA - R_GA * R_AB * t_BA
1558439484889 0 0 0
t_wo + cam_pos
1558439484889 0.9 0 0
Theta
0
t_GA - R_GA * R_AB * t_BA
1558439484894 0 0 0
t_wo + cam_pos
1558439484894 0.9 0 0
Theta
0
t_GA - R_GA * R_AB * t_BA
1558439484900 0 0 0
t_wo + cam_pos
1558439484900 0.9 0 0
Theta
0
t_GA - R_GA * R_AB * t_BA
1558439484905 0 0 0
t_wo + cam_pos
1558439484905 0.9 0 0
Theta
0
t_GA - R_GA * R_AB * t_BA
1558439484910 0 0 0
t_wo + cam_pos
1558439484910 0.9 0 0
Theta
0
t_GA - R_GA * R_AB * t_BA
1558439484915 0 0 0
t_wo + cam_pos
1558439484915 0.9 0 0
Theta
0
t_GA - R_GA * R_AB * t_BA
1558439484921 0 0 0
t_wo + cam_pos
1558439484921 0.9 0 0
Theta
0
t_GA - R_GA * R_AB * t_BA
1558439484926 0 0 0
t_wo + cam_pos
1558439484926 0.9 0 0
Theta
0
t_GA - R_GA * R_AB * t_BA
1558439484932 0 0 0
t_wo + cam_pos
1558439484932 0.9 0 0
Theta
0
t_GA - R_GA * R_AB * t_BA
1558439484937 0 0 0
t_wo + cam_pos
1558439484937 0.9 0 0
Theta
0
t_GA - R_GA * R_AB * t_BA
1558439484942 0 0 0
t_wo + cam_pos
1558439484942 0.9 0 0
Theta
0
t_GA - R_GA * R_AB * t_BA
1558439484947 0 0 0
t_wo + cam_pos
1558439484947 0.9 0 0
Theta
0
t_GA - R_GA * R_AB * t_BA
1558439484952 0 0 0
t_wo + cam_pos
1558439484952 0.9 0 0
Theta
0
t_GA - R_GA * R_AB * t_BA
1558439484958 0 0 0
t_wo + cam_pos
1558439484958 0.9 0 0
Theta
0
t_GA - R_GA * R_AB * t_BA
1558439484963 0 0 0
t_wo + cam_pos
1558439484963 0.9 0 0
Theta
0
t_GA - R_GA * R_AB * t_BA
1558439484968 0 0 0
t_wo + cam_pos
1558439484968 0.9 0 0
Theta
0
t_GA - R_GA * R_AB * t_BA
1558439484974 0 0 0
t_wo + cam_pos
1558439484974 0.9 0 0
Theta
0
t_GA - R_GA * R_AB * t_BA
1558439484981 0 0 0
t_wo + cam_pos
1558439484981 0.9 0 0
Theta
0
t_GA - R_GA * R_AB * t_BA
1558439484986 0 0 0
t_wo + cam_pos
1558439484986 0.9 0 0
Theta
0
t_GA - R_GA * R_AB * t_BA
1558439484992 0 0 0
t_wo + cam_pos
1558439484992 0.9 0 0
Theta
0
t_GA - R_GA * R_AB * t_BA
1558439484997 0 0 0
t_wo + cam_pos
1558439484997 0.9 0 0
Theta
0
t_GA - R_GA * R_AB * t_BA
1558439485002 0 0 0
t_wo + cam_pos
1558439485003 0.9 0 0
Theta
0
t_GA - R_GA * R_AB * t_BA
1558439485008 0 0 0
t_wo + cam_pos
1558439485008 0.9 0 0
Theta
0
t_GA - R_GA * R_AB * t_BA
1558439485013 0 0 0
t_wo + cam_pos
1558439485013 0.9 0 0
Theta
0
t_GA - R_GA * R_AB * t_BA
1558439485018 0 0 0
t_wo + cam_pos
1558439485018 0.9 0 0
Theta
0
t_GA - R_GA * R_AB * t_BA
1558439485024 0 0 0
t_wo + cam_pos
1558439485024 0.9 0 0
Theta
0
t_GA - R_GA * R_AB * t_BA
1558439485029 0 0 0
t_wo + cam_pos
1558439485029 0.9 0 0
Theta
0
t_GA - R_GA * R_AB * t_BA
1558439485034 0 0 0
t_wo + cam_pos
1558439485034 0.9 0 0
Theta
0
t_GA - R_GA * R_AB * t_BA
1558439485040 0 0 0
t_wo + cam_pos
1558439485040 0.9 0 0
Theta
0
t_GA - R_GA * R_AB * t_BA
1558439485045 0 0 0
t_wo + cam_pos
1558439485045 0.9 0 0
Theta
0
t_GA - R_GA * R_AB * t_BA
1558439485050 0 0 0
t_wo + cam_pos
1558439485050 0.9 0 0
Theta
0
t_GA - R_GA * R_AB * t_BA
1558439485055 0 0 0
t_wo + cam_pos
1558439485055 0.9 0 0
Theta
0
t_GA - R_GA * R_AB * t_BA
1558439485061 0 0 0
t_wo + cam_pos
1558439485061 0.9 0 0
Theta
0
t_GA - R_GA * R_AB * t_BA
1558439485066 0 0 0
t_wo + cam_pos
1558439485066 0.9 0 0
Theta
0
t_GA - R_GA * R_AB * t_BA
1558439485078 0 0 0
t_wo + cam_pos
1558439485078 0.9 0 0
Theta
0
t_GA - R_GA * R_AB * t_BA
1558439485083 0 0 0
t_wo + cam_pos
1558439485083 0.9 0 0
Theta
0
t_GA - R_GA * R_AB * t_BA
1558439485088 0 0 0
t_wo + cam_pos
1558439485088 0.9 0 0
Theta
0
t_GA - R_GA * R_AB * t_BA
1558439485093 0 0 0
t_wo + cam_pos
1558439485094 0.9 0 0
Theta
0
t_GA - R_GA * R_AB * t_BA
1558439485099 0 0 0
t_wo + cam_pos
1558439485099 0.9 0 0
Theta
0
t_GA - R_GA * R_AB * t_BA
1558439485104 0 0 0
t_wo + cam_pos
1558439485104 0.9 0 0
Theta
0
t_GA - R_GA * R_AB * t_BA
1558439485109 0 0 0
t_wo + cam_pos
1558439485109 0.9 0 0
Theta
0
t_GA - R_GA * R_AB * t_BA
1558439485115 0 0 0
t_wo + cam_pos
1558439485115 0.9 0 0
Theta
0
t_GA - R_GA * R_AB * t_BA
1558439485120 0 0 0
t_wo + cam_pos
1558439485120 0.9 0 0
Theta
0
t_GA - R_GA * R_AB * t_BA
1558439485125 0 0 0
t_wo + cam_pos
1558439485125 0.9 0 0
Theta
0
t_GA - R_GA * R_AB * t_BA
1558439485131 0 0 0
t_wo + cam_pos
1558439485131 0.9 0 0
Theta
0
t_GA - R_GA * R_AB * t_BA
1558439485136 0 0 0
t_wo + cam_pos
1558439485136 0.9 0 0
Theta
0
t_GA - R_GA * R_AB * t_BA
1558439485142 0 0 0
t_wo + cam_pos
1558439485142 0.9 0 0
Theta
0
t_GA - R_GA * R_AB * t_BA
1558439485147 0 0 0
t_wo + cam_pos
1558439485147 0.9 0 0
Theta
0
t_GA - R_GA * R_AB * t_BA
1558439485152 0 0 0
t_wo + cam_pos
1558439485152 0.9 0 0
Theta
0
t_GA - R_GA * R_AB * t_BA
1558439485157 0 0 0
t_wo + cam_pos
1558439485157 0.9 0 0
Theta
0
t_GA - R_GA * R_AB * t_BA
1558439485163 0 0 0
t_wo + cam_pos
1558439485163 0.9 0 0
Theta
0
t_GA - R_GA * R_AB * t_BA
1558439485168 0 0 0
t_wo + cam_pos
1558439485168 0.9 0 0
Theta
0
t_GA - R_GA * R_AB * t_BA
1558439485173 0 0 0
t_wo + cam_pos
1558439485173 0.9 0 0
Theta
0
t_GA - R_GA * R_AB * t_BA
1558439485179 0 0 0
t_wo + cam_pos
1558439485179 0.9 0 0
Theta
0
t_GA - R_GA * R_AB * t_BA
1558439485185 0 0 0
t_wo + cam_pos
1558439485185 0.9 0 0
Theta
0
t_GA - R_GA * R_AB * t_BA
1558439485190 0 0 0
t_wo + cam_pos
1558439485190 0.9 0 0
Theta
0
t_GA - R_GA * R_AB * t_BA
1558439485195 0 0 0
t_wo + cam_pos
1558439485195 0.9 0 0
Theta
0
t_GA - R_GA * R_AB * t_BA
1558439485203 0 0 0
t_wo + cam_pos
1558439485203 0.9 0 0
Theta
0
t_GA - R_GA * R_AB * t_BA
1558439485208 0 0 0
t_wo + cam_pos
1558439485208 0.9 0 0
Theta
0
t_GA - R_GA * R_AB * t_BA
1558439485213 0 0 0
t_wo + cam_pos
1558439485213 0.9 0 0
Theta
0
t_GA - R_GA * R_AB * t_BA
1558439485219 0 0 0
t_wo + cam_pos
1558439485219 0.9 0 0
Theta
0
t_GA - R_GA * R_AB * t_BA
1558439485224 0 0 0
t_wo + cam_pos
1558439485224 0.9 0 0
Theta
0
t_GA - R_GA * R_AB * t_BA
1558439485229 0 0 0
t_wo + cam_pos
1558439485229 0.9 0 0
Theta
0
t_GA - R_GA * R_AB * t_BA
1558439485235 0 0 0
t_wo + cam_pos
1558439485235 0.9 0 0
Theta
0
t_GA - R_GA * R_AB * t_BA
1558439485240 0 0 0
t_wo + cam_pos
1558439485240 0.9 0 0
Theta
0
t_GA - R_GA * R_AB * t_BA
1558439485245 0 0 0
t_wo + cam_pos
1558439485245 0.9 0 0
Theta
0
t_GA - R_GA * R_AB * t_BA
1558439485250 0 0 0
t_wo + cam_pos
1558439485250 0.9 0 0
Theta
0
t_GA - R_GA * R_AB * t_BA
1558439485256 0 0 0
t_wo + cam_pos
1558439485256 0.9 0 0
Theta
0
t_GA - R_GA * R_AB * t_BA
1558439485262 0 0 0
t_wo + cam_pos
1558439485262 0.9 0 0
Theta
0
t_GA - R_GA * R_AB * t_BA
1558439485267 0 0 0
t_wo + cam_pos
1558439485267 0.9 0 0
Theta
0
t_GA - R_GA * R_AB * t_BA
1558439485280 0 0 0
t_wo + cam_pos
1558439485280 0.9 0 0
Theta
0
t_GA - R_GA * R_AB * t_BA
1558439485286 0 0 0
t_wo + cam_pos
1558439485286 0.9 0 0
Theta
0
t_GA - R_GA * R_AB * t_BA
1558439485291 0 0 0
t_wo + cam_pos
1558439485291 0.9 0 0
Theta
0
t_GA - R_GA * R_AB * t_BA
1558439485296 0 0 0
t_wo + cam_pos
1558439485296 0.9 0 0
Theta
0
t_GA - R_GA * R_AB * t_BA
1558439485302 0 0 0
t_wo + cam_pos
1558439485302 0.9 0 0
Theta
0
t_GA - R_GA * R_AB * t_BA
1558439485307 0 0 0
t_wo + cam_pos
1558439485307 0.9 0 0
Theta
0
t_GA - R_GA * R_AB * t_BA
1558439485312 0 0 0
t_wo + cam_pos
1558439485312 0.9 0 0
Theta
0
t_GA - R_GA * R_AB * t_BA
1558439485317 0 0 0
t_wo + cam_pos
1558439485317 0.9 0 0
Theta
0
t_GA - R_GA * R_AB * t_BA
1558439485323 0 0 0
t_wo + cam_pos
1558439485323 0.9 0 0
Theta
0
t_GA - R_GA * R_AB * t_BA
1558439485328 0 0 0
t_wo + cam_pos
1558439485328 0.9 0 0
Theta
0
t_GA - R_GA * R_AB * t_BA
1558439485333 0 0 0
t_wo + cam_pos
1558439485333 0.9 0 0
Theta
0
t_GA - R_GA * R_AB * t_BA
1558439485339 0 0 0
t_wo + cam_pos
1558439485339 0.9 0 0
Theta
0
t_GA - R_GA * R_AB * t_BA
1558439485344 0 0 0
t_wo + cam_pos
1558439485344 0.9 0 0
Theta
0
t_GA - R_GA * R_AB * t_BA
1558439485349 0 0 0
t_wo + cam_pos
1558439485349 0.9 0 0
Theta
0
t_GA - R_GA * R_AB * t_BA
1558439485354 0 0 0
t_wo + cam_pos
1558439485354 0.9 0 0
Theta
0
t_GA - R_GA * R_AB * t_BA
1558439485360 0 0 0
t_wo + cam_pos
1558439485360 0.9 0 0
Theta
0
t_GA - R_GA * R_AB * t_BA
1558439485365 0 0 0
t_wo + cam_pos
1558439485365 0.9 0 0
Theta
0
t_GA - R_GA * R_AB * t_BA
1558439485370 0 0 0
t_wo + cam_pos
1558439485370 0.9 0 0
Theta
0
t_GA - R_GA * R_AB * t_BA
1558439485378 0 0 0
t_wo + cam_pos
1558439485378 0.9 0 0
Theta
0
t_GA - R_GA * R_AB * t_BA
1558439485383 0 0 0
t_wo + cam_pos
1558439485383 0.9 0 0
Theta
0
t_GA - R_GA * R_AB * t_BA
1558439485389 0 0 0
t_wo + cam_pos
1558439485389 0.9 0 0
Theta
0
t_GA - R_GA * R_AB * t_BA
1558439485394 0 0 0
t_wo + cam_pos
1558439485394 0.9 0 0
Theta
0
t_GA - R_GA * R_AB * t_BA
1558439485399 0 0 0
t_wo + cam_pos
1558439485399 0.9 0 0
Theta
0
t_GA - R_GA * R_AB * t_BA
1558439485405 0 0 0
t_wo + cam_pos
1558439485405 0.9 0 0
Theta
0
t_GA - R_GA * R_AB * t_BA
1558439485410 0 0 0
t_wo + cam_pos
1558439485410 0.9 0 0
Theta
0
t_GA - R_GA * R_AB * t_BA
1558439485415 0 0 0
t_wo + cam_pos
1558439485415 0.9 0 0
Theta
0
t_GA - R_GA * R_AB * t_BA
1558439485420 0 0 0
t_wo + cam_pos
1558439485421 0.9 0 0
Theta
0
t_GA - R_GA * R_AB * t_BA
1558439485426 0 0 0
t_wo + cam_pos
1558439485426 0.9 0 0
Theta
0
t_GA - R_GA * R_AB * t_BA
1558439485431 0 0 0
t_wo + cam_pos
1558439485431 0.9 0 0
Theta
0
t_GA - R_GA * R_AB * t_BA
1558439485436 0 0 0
t_wo + cam_pos
1558439485436 0.9 0 0
Theta
0
t_GA - R_GA * R_AB * t_BA
1558439485442 0 0 0
t_wo + cam_pos
1558439485442 0.9 0 0
Theta
0
t_GA - R_GA * R_AB * t_BA
1558439485447 0 0 0
t_wo + cam_pos
1558439485447 0.9 0 0
Theta
0
t_GA - R_GA * R_AB * t_BA
1558439485452 0 0 0
t_wo + cam_pos
1558439485452 0.9 0 0
Theta
0
t_GA - R_GA * R_AB * t_BA
1558439485457 0 0 0
t_wo + cam_pos
1558439485457 0.9 0 0
Theta
0
t_GA - R_GA * R_AB * t_BA
1558439485463 0 0 0
t_wo + cam_pos
1558439485463 0.9 0 0
Theta
0
t_GA - R_GA * R_AB * t_BA
1558439485468 0 0 0
t_wo + cam_pos
1558439485468 0.9 0 0
Theta
0
t_GA - R_GA * R_AB * t_BA
1558439485473 0 0 0
t_wo + cam_pos
1558439485473 0.9 0 0
Theta
0
t_GA - R_GA * R_AB * t_BA
1558439485479 0 0 0
t_wo + cam_pos
1558439485479 0.9 0 0
Theta
0
t_GA - R_GA * R_AB * t_BA
1558439485484 0 0 0
t_wo + cam_pos
1558439485484 0.9 0 0
Theta
0
t_GA - R_GA * R_AB * t_BA
1558439485489 0 0 0
t_wo + cam_pos
1558439485489 0.9 0 0
Theta
0
t_GA - R_GA * R_AB * t_BA
1558439485494 0 0 0
t_wo + cam_pos
1558439485494 0.9 0 0
Theta
0
t_GA - R_GA * R_AB * t_BA
1558439485500 0 0 0
t_wo + cam_pos
1558439485500 0.9 0 0
Theta
0
t_GA - R_GA * R_AB * t_BA
1558439485505 0 0 0
t_wo + cam_pos
1558439485505 0.9 0 0
Theta
0
t_GA - R_GA * R_AB * t_BA
1558439485512 0 0 0
t_wo + cam_pos
1558439485512 0.9 0 0
Theta
0
t_GA - R_GA * R_AB * t_BA
1558439485533 0 0 0
t_wo + cam_pos
1558439485533 0.9 0 0
Theta
0
t_GA - R_GA * R_AB * t_BA
1558439485557 0 0 0
t_wo + cam_pos
1558439485557 0.9 0 0
Theta
0
t_GA - R_GA * R_AB * t_BA
1558439485582 0 0 0
t_wo + cam_pos
1558439485582 0.9 0 0
Theta
0
t_GA - R_GA * R_AB * t_BA
1558439485606 0 0 0
t_wo + cam_pos
1558439485606 0.9 0 0
Theta
0
t_GA - R_GA * R_AB * t_BA
1558439485631 0 0 0
t_wo + cam_pos
1558439485631 0.9 0 0
Theta
0
t_GA - R_GA * R_AB * t_BA
1558439485656 0 0 0
t_wo + cam_pos
1558439485656 0.9 0 0
Theta
0
t_GA - R_GA * R_AB * t_BA
1558439485676 0 0 0
t_wo + cam_pos
1558439485676 0.9 0 0
Theta
0
t_GA - R_GA * R_AB * t_BA
1558439485701 0 0 0
t_wo + cam_pos
1558439485701 0.9 0 0
Theta
0
t_GA - R_GA * R_AB * t_BA
1558439485725 0 0 0
t_wo + cam_pos
1558439485725 0.9 0 0
Theta
0
t_GA - R_GA * R_AB * t_BA
1558439485750 0 0 0
t_wo + cam_pos
1558439485750 0.9 0 0
Theta
0
t_GA - R_GA * R_AB * t_BA
1558439485774 0 0 0
t_wo + cam_pos
1558439485774 0.9 0 0
Theta
0
t_GA - R_GA * R_AB * t_BA
1558439485799 0 0 0
t_wo + cam_pos
1558439485799 0.9 0 0
Theta
0
t_GA - R_GA * R_AB * t_BA
1558439485819 0 0 0
t_wo + cam_pos
1558439485819 0.9 0 0
Theta
0
t_GA - R_GA * R_AB * t_BA
1558439485844 0 0 0
t_wo + cam_pos
1558439485844 0.9 0 0
Theta
0
t_GA - R_GA * R_AB * t_BA
1558439485869 0 0 0
t_wo + cam_pos
1558439485869 0.9 0 0
Theta
0
t_GA - R_GA * R_AB * t_BA
1558439485893 0 0 0
t_wo + cam_pos
1558439485893 0.9 0 0
Theta
0
t_GA - R_GA * R_AB * t_BA
1558439485918 0 0 0
t_wo + cam_pos
1558439485918 0.9 0 0
Theta
0
t_GA - R_GA * R_AB * t_BA
1558439485942 0 0 0
t_wo + cam_pos
1558439485942 0.9 0 0
Theta
0
t_GA - R_GA * R_AB * t_BA
1558439485963 0 0 0
t_wo + cam_pos
1558439485963 0.9 0 0
Theta
0
t_GA - R_GA * R_AB * t_BA
1558439485987 0 0 0
t_wo + cam_pos
1558439485987 0.9 0 0
Theta
0
t_GA - R_GA * R_AB * t_BA
1558439486012 0 0 0
t_wo + cam_pos
1558439486012 0.9 0 0
Theta
0
t_GA - R_GA * R_AB * t_BA
1558439486036 0 0 0
t_wo + cam_pos
1558439486036 0.9 0 0
Theta
0
t_GA - R_GA * R_AB * t_BA
1558439486061 0 0 0
t_wo + cam_pos
1558439486061 0.9 0 0
Theta
0
t_GA - R_GA * R_AB * t_BA
1558439486086 0 0 0
t_wo + cam_pos
1558439486086 0.9 0 0
Theta
0
t_GA - R_GA * R_AB * t_BA
1558439486110 0 0 0
t_wo + cam_pos
1558439486110 0.9 0 0
Theta
0
t_GA - R_GA * R_AB * t_BA
1558439486131 0 0 0
t_wo + cam_pos
1558439486131 0.9 0 0
Theta
0
t_GA - R_GA * R_AB * t_BA
1558439486155 0 0 0
t_wo + cam_pos
1558439486155 0.9 0 0
Theta
0
t_GA - R_GA * R_AB * t_BA
1558439486180 0 0 0
t_wo + cam_pos
1558439486180 0.9 0 0
Theta
0
t_GA - R_GA * R_AB * t_BA
1558439486204 0 0 0
t_wo + cam_pos
1558439486204 0.9 0 0
Theta
0
t_GA - R_GA * R_AB * t_BA
1558439486229 0 0 0
t_wo + cam_pos
1558439486229 0.9 0 0
Theta
0
t_GA - R_GA * R_AB * t_BA
1558439486254 0 0 0
t_wo + cam_pos
1558439486254 0.9 0 0
Theta
0
t_GA - R_GA * R_AB * t_BA
1558439486274 0 0 0
t_wo + cam_pos
1558439486274 0.9 0 0
Theta
0
t_GA - R_GA * R_AB * t_BA
1558439486299 0 0 0
t_wo + cam_pos
1558439486299 0.9 0 0
Theta
0
t_GA - R_GA * R_AB * t_BA
1558439486324 0 0 0
t_wo + cam_pos
1558439486324 0.9 0 0
Theta
0
t_GA - R_GA * R_AB * t_BA
1558439486348 0 0 0
t_wo + cam_pos
1558439486348 0.9 0 0
Theta
0
t_GA - R_GA * R_AB * t_BA
1558439486372 0 0 0
t_wo + cam_pos
1558439486372 0.9 0 0
Theta
0
t_GA - R_GA * R_AB * t_BA
1558439486397 0 0 0
t_wo + cam_pos
1558439486397 0.9 0 0
Theta
0
t_GA - R_GA * R_AB * t_BA
1558439486417 0 0 0
t_wo + cam_pos
1558439486417 0.9 0 0
Theta
0
t_GA - R_GA * R_AB * t_BA
1558439486442 0 0 0
t_wo + cam_pos
1558439486442 0.9 0 0
Theta
0
t_GA - R_GA * R_AB * t_BA
1558439486467 0 0 0
t_wo + cam_pos
1558439486467 0.9 0 0
Theta
0
t_GA - R_GA * R_AB * t_BA
1558439486491 0 0 0
t_wo + cam_pos
1558439486491 0.9 0 0
Theta
0
t_GA - R_GA * R_AB * t_BA
1558439486516 0 0 0
t_wo + cam_pos
1558439486516 0.9 0 0
Theta
0
t_GA - R_GA * R_AB * t_BA
1558439486540 0 0 0
t_wo + cam_pos
1558439486540 0.9 0 0
Theta
0
t_GA - R_GA * R_AB * t_BA
1558439486561 0 0 0
t_wo + cam_pos
1558439486561 0.9 0 0
Theta
0
t_GA - R_GA * R_AB * t_BA
1558439486585 0 0 0
t_wo + cam_pos
1558439486585 0.9 0 0
Theta
0
t_GA - R_GA * R_AB * t_BA
1558439486610 0 0 0
t_wo + cam_pos
1558439486610 0.9 0 0
Theta
0
t_GA - R_GA * R_AB * t_BA
1558439486634 0 0 0
t_wo + cam_pos
1558439486634 0.9 0 0
Theta
0
t_GA - R_GA * R_AB * t_BA
1558439486659 0 0 0
t_wo + cam_pos
1558439486659 0.9 0 0
Theta
0
t_GA - R_GA * R_AB * t_BA
1558439486684 0 0 0
t_wo + cam_pos
1558439486684 0.9 0 0
Theta
0
t_GA - R_GA * R_AB * t_BA
1558439486704 0 0 0
t_wo + cam_pos
1558439486704 0.9 0 0
Theta
0
t_GA - R_GA * R_AB * t_BA
1558439486729 0 0 0
t_wo + cam_pos
1558439486729 0.9 0 0
Theta
0
t_GA - R_GA * R_AB * t_BA
1558439486753 0 0 0
t_wo + cam_pos
1558439486753 0.9 0 0
Theta
0
t_GA - R_GA * R_AB * t_BA
1558439486778 0 0 0
t_wo + cam_pos
1558439486778 0.9 0 0
Theta
0
t_GA - R_GA * R_AB * t_BA
1558439486802 0 0 0
t_wo + cam_pos
1558439486803 0.9 0 0
Theta
0
t_GA - R_GA * R_AB * t_BA
1558439486827 0 0 0
t_wo + cam_pos
1558439486827 0.9 0 0
Theta
0
t_GA - R_GA * R_AB * t_BA
1558439486847 0 0 0
t_wo + cam_pos
1558439486847 0.9 0 0
Theta
0
t_GA - R_GA * R_AB * t_BA
1558439486872 0 0 0
t_wo + cam_pos
1558439486872 0.9 0 0
Theta
0
t_GA - R_GA * R_AB * t_BA
1558439486897 0 0 0
t_wo + cam_pos
1558439486897 0.9 0 0
Theta
0
t_GA - R_GA * R_AB * t_BA
1558439486921 0 0 0
t_wo + cam_pos
1558439486921 0.9 0 0
Theta
0
t_GA - R_GA * R_AB * t_BA
1558439486946 0 0 0
t_wo + cam_pos
1558439486946 0.9 0 0
Theta
0
t_GA - R_GA * R_AB * t_BA
1558439486970 0 0 0
t_wo + cam_pos
1558439486970 0.9 0 0
Theta
0
t_GA - R_GA * R_AB * t_BA
1558439486991 0 0 0
t_wo + cam_pos
1558439486991 0.9 0 0
Theta
0
t_GA - R_GA * R_AB * t_BA
1558439487015 0 0 0
t_wo + cam_pos
1558439487015 0.9 0 0
Theta
0
t_GA - R_GA * R_AB * t_BA
1558439487040 0 0 0
t_wo + cam_pos
1558439487040 0.9 0 0
Theta
0
t_GA - R_GA * R_AB * t_BA
1558439487065 0 0 0
t_wo + cam_pos
1558439487065 0.9 0 0
Theta
0
t_GA - R_GA * R_AB * t_BA
1558439487089 0 0 0
t_wo + cam_pos
1558439487089 0.9 0 0
Theta
0
t_GA - R_GA * R_AB * t_BA
1558439487114 0 0 0
t_wo + cam_pos
1558439487114 0.9 0 0
Theta
0
t_GA - R_GA * R_AB * t_BA
1558439487138 0 0 0
t_wo + cam_pos
1558439487138 0.9 0 0
Theta
0
t_GA - R_GA * R_AB * t_BA
1558439487159 0 0 0
t_wo + cam_pos
1558439487159 0.9 0 0
Theta
0
t_GA - R_GA * R_AB * t_BA
1558439487183 0 0 0
t_wo + cam_pos
1558439487183 0.9 0 0
Theta
0
t_GA - R_GA * R_AB * t_BA
1558439487208 0 0 0
t_wo + cam_pos
1558439487208 0.9 0 0
Theta
0
t_GA - R_GA * R_AB * t_BA
1558439487232 0 0 0
t_wo + cam_pos
1558439487233 0.9 0 0
Theta
0
t_GA - R_GA * R_AB * t_BA
1558439487257 0 0 0
t_wo + cam_pos
1558439487257 0.9 0 0
Theta
0
t_GA - R_GA * R_AB * t_BA
1558439487282 0 0 0
t_wo + cam_pos
1558439487282 0.9 0 0
Theta
0
t_GA - R_GA * R_AB * t_BA
1558439487302 0 0 0
t_wo + cam_pos
1558439487302 0.9 0 0
Theta
0
t_GA - R_GA * R_AB * t_BA
1558439487327 0 0 0
t_wo + cam_pos
1558439487327 0.9 0 0
Theta
0
t_GA - R_GA * R_AB * t_BA
1558439487351 0 0 0
t_wo + cam_pos
1558439487351 0.9 0 0
Theta
0
t_GA - R_GA * R_AB * t_BA
1558439487376 0 0 0
t_wo + cam_pos
1558439487376 0.9 0 0
Theta
0
t_GA - R_GA * R_AB * t_BA
1558439487400 0 0 0
t_wo + cam_pos
1558439487400 0.9 0 0
Theta
0
t_GA - R_GA * R_AB * t_BA
1558439487425 0 0 0
t_wo + cam_pos
1558439487425 0.9 0 0
Theta
0
t_GA - R_GA * R_AB * t_BA
1558439487445 0 0 0
t_wo + cam_pos
1558439487445 0.9 0 0
Theta
0
t_GA - R_GA * R_AB * t_BA
1558439487470 0 0 0
t_wo + cam_pos
1558439487470 0.9 0 0
Theta
0
t_GA - R_GA * R_AB * t_BA
1558439487495 0 0 0
t_wo + cam_pos
1558439487495 0.9 0 0
Theta
0
t_GA - R_GA * R_AB * t_BA
1558439487519 0 0 0
t_wo + cam_pos
1558439487519 0.9 0 0
Theta
0
t_GA - R_GA * R_AB * t_BA
1558439487544 0 0 0
t_wo + cam_pos
1558439487544 0.9 0 0
Theta
0
t_GA - R_GA * R_AB * t_BA
1558439487568 0 0 0
t_wo + cam_pos
1558439487568 0.9 0 0
Theta
0
t_GA - R_GA * R_AB * t_BA
1558439487589 0 0 0
t_wo + cam_pos
1558439487589 0.9 0 0
Theta
0
t_GA - R_GA * R_AB * t_BA
1558439487613 0 0 0
t_wo + cam_pos
1558439487613 0.9 0 0
Theta
0
t_GA - R_GA * R_AB * t_BA
1558439487638 0 0 0
t_wo + cam_pos
1558439487638 0.9 0 0
Theta
0
t_GA - R_GA * R_AB * t_BA
1558439487663 0 0 0
t_wo + cam_pos
1558439487663 0.9 0 0
Theta
0
t_GA - R_GA * R_AB * t_BA
1558439487687 0 0 0
t_wo + cam_pos
1558439487687 0.9 0 0
Theta
0
t_GA - R_GA * R_AB * t_BA
1558439487712 0 0 0
t_wo + cam_pos
1558439487712 0.9 0 0
Theta
0
t_GA - R_GA * R_AB * t_BA
1558439487732 0 0 0
t_wo + cam_pos
1558439487732 0.9 0 0
Theta
0
t_GA - R_GA * R_AB * t_BA
1558439487757 0 0 0
t_wo + cam_pos
1558439487757 0.9 0 0
Theta
0
t_GA - R_GA * R_AB * t_BA
1558439487781 0 0 0
t_wo + cam_pos
1558439487781 0.9 0 0
Theta
0
t_GA - R_GA * R_AB * t_BA
1558439487806 0 0 0
t_wo + cam_pos
1558439487806 0.9 0 0
Theta
0
t_GA - R_GA * R_AB * t_BA
1558439487830 0 0 0
t_wo + cam_pos
1558439487830 0.9 0 0
Theta
0
t_GA - R_GA * R_AB * t_BA
1558439487855 0 0 0
t_wo + cam_pos
1558439487855 0.9 0 0
Theta
0
t_GA - R_GA * R_AB * t_BA
1558439487875 0 0 0
t_wo + cam_pos
1558439487875 0.9 0 0
Theta
0
t_GA - R_GA * R_AB * t_BA
1558439487900 0 0 0
t_wo + cam_pos
1558439487900 0.9 0 0
Theta
0
t_GA - R_GA * R_AB * t_BA
1558439487925 0 0 0
t_wo + cam_pos
1558439487925 0.9 0 0
Theta
0
t_GA - R_GA * R_AB * t_BA
1558439487949 0 0 0
t_wo + cam_pos
1558439487949 0.9 0 0
Theta
0
t_GA - R_GA * R_AB * t_BA
1558439487974 0 0 0
t_wo + cam_pos
1558439487974 0.9 0 0
Theta
0
t_GA - R_GA * R_AB * t_BA
1558439487998 0 0 0
t_wo + cam_pos
1558439487998 0.9 0 0
Theta
0
t_GA - R_GA * R_AB * t_BA
1558439488019 0 0 0
t_wo + cam_pos
1558439488019 0.9 0 0
Theta
0
t_GA - R_GA * R_AB * t_BA
1558439488043 0 0 0
t_wo + cam_pos
1558439488043 0.9 0 0
Theta
0
t_GA - R_GA * R_AB * t_BA
1558439488068 0 0 0
t_wo + cam_pos
1558439488068 0.9 0 0
Theta
0
t_GA - R_GA * R_AB * t_BA
1558439488093 0 0 0
t_wo + cam_pos
1558439488093 0.9 0 0
Theta
0
t_GA - R_GA * R_AB * t_BA
1558439488117 0 0 0
t_wo + cam_pos
1558439488117 0.9 0 0
Theta
0
t_GA - R_GA * R_AB * t_BA
1558439488142 0 0 0
t_wo + cam_pos
1558439488142 0.9 0 0
Theta
0
t_GA - R_GA * R_AB * t_BA
1558439488166 0 0 0
t_wo + cam_pos
1558439488166 0.9 0 0
Theta
0
t_GA - R_GA * R_AB * t_BA
1558439488187 0 0 0
t_wo + cam_pos
1558439488187 0.9 0 0
Theta
0
t_GA - R_GA * R_AB * t_BA
1558439488211 0 0 0
t_wo + cam_pos
1558439488211 0.9 0 0
Theta
0
t_GA - R_GA * R_AB * t_BA
1558439488236 0 0 0
t_wo + cam_pos
1558439488236 0.9 0 0
Theta
0
t_GA - R_GA * R_AB * t_BA
1558439488260 0 0 0
t_wo + cam_pos
1558439488260 0.9 0 0
Theta
0
t_GA - R_GA * R_AB * t_BA
1558439488285 0 0 0
t_wo + cam_pos
1558439488285 0.9 0 0
Theta
0
t_GA - R_GA * R_AB * t_BA
1558439488310 0 0 0
t_wo + cam_pos
1558439488310 0.9 0 0
Theta
0
t_GA - R_GA * R_AB * t_BA
1558439488330 0 0 0
t_wo + cam_pos
1558439488330 0.9 0 0
Theta
0
t_GA - R_GA * R_AB * t_BA
1558439488355 0 0 0
t_wo + cam_pos
1558439488355 0.9 0 0
Theta
0
t_GA - R_GA * R_AB * t_BA
1558439488379 0 0 0
t_wo + cam_pos
1558439488379 0.9 0 0
Theta
0
t_GA - R_GA * R_AB * t_BA
1558439488404 0 0 0
t_wo + cam_pos
1558439488404 0.9 0 0
Theta
0
t_GA - R_GA * R_AB * t_BA
1558439488428 0 0 0
t_wo + cam_pos
1558439488428 0.9 0 0
Theta
0
t_GA - R_GA * R_AB * t_BA
1558439488453 0 0 0
t_wo + cam_pos
1558439488453 0.9 0 0
Theta
0
t_GA - R_GA * R_AB * t_BA
1558439488473 0 0 0
t_wo + cam_pos
1558439488473 0.9 0 0
Theta
0
t_GA - R_GA * R_AB * t_BA
1558439488498 0 0 0
t_wo + cam_pos
1558439488498 0.9 0 0
Theta
0
t_GA - R_GA * R_AB * t_BA
1558439488523 0 0 0
t_wo + cam_pos
1558439488523 0.9 0 0
Theta
0
t_GA - R_GA * R_AB * t_BA
1558439488547 0 0 0
t_wo + cam_pos
1558439488547 0.9 0 0
Theta
0
t_GA - R_GA * R_AB * t_BA
1558439488572 0 0 0
t_wo + cam_pos
1558439488572 0.9 0 0
Theta
0
t_GA - R_GA * R_AB * t_BA
1558439488596 0 0 0
t_wo + cam_pos
1558439488596 0.9 0 0
Theta
0
t_GA - R_GA * R_AB * t_BA
1558439488617 0 0 0
t_wo + cam_pos
1558439488617 0.9 0 0
Theta
0
t_GA - R_GA * R_AB * t_BA
1558439488641 0 0 0
t_wo + cam_pos
1558439488641 0.9 0 0
Theta
0
t_GA - R_GA * R_AB * t_BA
1558439488666 0 0 0
t_wo + cam_pos
1558439488666 0.9 0 0
Theta
0
t_GA - R_GA * R_AB * t_BA
1558439488691 0 0 0
t_wo + cam_pos
1558439488691 0.9 0 0
Theta
0
t_GA - R_GA * R_AB * t_BA
1558439488715 0 0 0
t_wo + cam_pos
1558439488715 0.9 0 0
Theta
0
t_GA - R_GA * R_AB * t_BA
1558439488740 0 0 0
t_wo + cam_pos
1558439488740 0.9 0 0
Theta
0
t_GA - R_GA * R_AB * t_BA
1558439488761 0 0 0
t_wo + cam_pos
1558439488761 0.9 0 0
Theta
0
t_GA - R_GA * R_AB * t_BA
1558439488785 0 0 0
t_wo + cam_pos
1558439488785 0.9 0 0
Theta
0
t_GA - R_GA * R_AB * t_BA
1558439488809 0 0 0
t_wo + cam_pos
1558439488809 0.9 0 0
Theta
0
t_GA - R_GA * R_AB * t_BA
1558439488834 0 0 0
t_wo + cam_pos
1558439488834 0.9 0 0
Theta
0
t_GA - R_GA * R_AB * t_BA
1558439488858 0 0 0
t_wo + cam_pos
1558439488858 0.9 0 0
Theta
0
t_GA - R_GA * R_AB * t_BA
1558439488883 0 0 0
t_wo + cam_pos
1558439488883 0.9 0 0
Theta
0
t_GA - R_GA * R_AB * t_BA
1558439488904 0 0 0
t_wo + cam_pos
1558439488904 0.9 0 0
Theta
0
t_GA - R_GA * R_AB * t_BA
1558439488928 0 0 0
t_wo + cam_pos
1558439488928 0.9 0 0
Theta
0
t_GA - R_GA * R_AB * t_BA
1558439488953 0 0 0
t_wo + cam_pos
1558439488953 0.9 0 0
Theta
0
t_GA - R_GA * R_AB * t_BA
1558439488977 0 0 0
t_wo + cam_pos
1558439488977 0.9 0 0
Theta
0
t_GA - R_GA * R_AB * t_BA
1558439489002 0 0 0
t_wo + cam_pos
1558439489002 0.9 0 0
Theta
0
t_GA - R_GA * R_AB * t_BA
1558439489026 0 0 0
t_wo + cam_pos
1558439489026 0.9 0 0
Theta
0
t_GA - R_GA * R_AB * t_BA
1558439489047 0 0 0
t_wo + cam_pos
1558439489047 0.9 0 0
Theta
0
t_GA - R_GA * R_AB * t_BA
1558439489071 0 0 0
t_wo + cam_pos
1558439489071 0.9 0 0
Theta
0
t_GA - R_GA * R_AB * t_BA
1558439489096 0 0 0
t_wo + cam_pos
1558439489096 0.9 0 0
Theta
0
t_GA - R_GA * R_AB * t_BA
1558439489121 0 0 0
t_wo + cam_pos
1558439489121 0.9 0 0
Theta
0
t_GA - R_GA * R_AB * t_BA
1558439489145 0 0 0
t_wo + cam_pos
1558439489145 0.9 0 0
Theta
0
t_GA - R_GA * R_AB * t_BA
1558439489170 0 0 0
t_wo + cam_pos
1558439489170 0.9 0 0
Theta
0
t_GA - R_GA * R_AB * t_BA
1558439489194 0 0 0
t_wo + cam_pos
1558439489194 0.9 0 0
Theta
0
t_GA - R_GA * R_AB * t_BA
1558439489215 0 0 0
t_wo + cam_pos
1558439489215 0.9 0 0
Theta
0
t_GA - R_GA * R_AB * t_BA
1558439489239 0 0 0
t_wo + cam_pos
1558439489239 0.9 0 0
Theta
0
t_GA - R_GA * R_AB * t_BA
1558439489264 0 0 0
t_wo + cam_pos
1558439489264 0.9 0 0
Theta
0
t_GA - R_GA * R_AB * t_BA
1558439489289 0 0 0
t_wo + cam_pos
1558439489289 0.9 0 0
Theta
0
t_GA - R_GA * R_AB * t_BA
1558439489314 0 0 0
t_wo + cam_pos
1558439489314 0.9 0 0
Theta
0
t_GA - R_GA * R_AB * t_BA
1558439489338 0 0 0
t_wo + cam_pos
1558439489338 0.9 0 0
Theta
0
t_GA - R_GA * R_AB * t_BA
1558439489358 0 0 0
t_wo + cam_pos
1558439489358 0.9 0 0
Theta
0
t_GA - R_GA * R_AB * t_BA
1558439489383 0 0 0
t_wo + cam_pos
1558439489383 0.9 0 0
Theta
0
t_GA - R_GA * R_AB * t_BA
1558439489407 0 0 0
t_wo + cam_pos
1558439489407 0.9 0 0
Theta
0
t_GA - R_GA * R_AB * t_BA
1558439489432 0 0 0
t_wo + cam_pos
1558439489432 0.9 0 0
Theta
0
t_GA - R_GA * R_AB * t_BA
1558439489456 0 0 0
t_wo + cam_pos
1558439489456 0.9 0 0
Theta
0
t_GA - R_GA * R_AB * t_BA
1558439489481 0 0 0
t_wo + cam_pos
1558439489481 0.9 0 0
Theta
0
t_GA - R_GA * R_AB * t_BA
1558439489502 0 0 0
t_wo + cam_pos
1558439489502 0.9 0 0
Theta
0
t_GA - R_GA * R_AB * t_BA
1558439489526 0 0 0
t_wo + cam_pos
1558439489526 0.9 0 0
Theta
0
t_GA - R_GA * R_AB * t_BA
1558439489551 0 0 0
t_wo + cam_pos
1558439489551 0.9 0 0
Theta
0
t_GA - R_GA * R_AB * t_BA
1558439489575 0 0 0
t_wo + cam_pos
1558439489575 0.9 0 0
Theta
0
t_GA - R_GA * R_AB * t_BA
1558439489600 0 0 0
t_wo + cam_pos
1558439489600 0.9 0 0
Theta
0
t_GA - R_GA * R_AB * t_BA
1558439489624 0 0 0
t_wo + cam_pos
1558439489624 0.9 0 0
Theta
0
t_GA - R_GA * R_AB * t_BA
1558439489645 0 0 0
t_wo + cam_pos
1558439489645 0.9 0 0
Theta
0
t_GA - R_GA * R_AB * t_BA
1558439489669 0 0 0
t_wo + cam_pos
1558439489669 0.9 0 0
Theta
0
t_GA - R_GA * R_AB * t_BA
1558439489694 0 0 0
t_wo + cam_pos
1558439489694 0.9 0 0
Theta
0
t_GA - R_GA * R_AB * t_BA
1558439489719 0 0 0
t_wo + cam_pos
1558439489719 0.9 0 0
Theta
0
t_GA - R_GA * R_AB * t_BA
1558439489743 0 0 0
t_wo + cam_pos
1558439489743 0.9 0 0
Theta
0
t_GA - R_GA * R_AB * t_BA
1558439489768 0 0 0
t_wo + cam_pos
1558439489768 0.9 0 0
Theta
0
t_GA - R_GA * R_AB * t_BA
1558439489788 0 0 0
t_wo + cam_pos
1558439489788 0.9 0 0
Theta
0
t_GA - R_GA * R_AB * t_BA
1558439489813 0 0 0
t_wo + cam_pos
1558439489813 0.9 0 0
Theta
0
t_GA - R_GA * R_AB * t_BA
1558439489837 0 0 0
t_wo + cam_pos
1558439489837 0.9 0 0
Theta
0
t_GA - R_GA * R_AB * t_BA
1558439489862 0 0 0
t_wo + cam_pos
1558439489862 0.9 0 0
Theta
0
t_GA - R_GA * R_AB * t_BA
1558439489887 0 0 0
t_wo + cam_pos
1558439489887 0.9 0 0
Theta
0
t_GA - R_GA * R_AB * t_BA
1558439489911 0 0 0
t_wo + cam_pos
1558439489911 0.9 0 0
Theta
0
t_GA - R_GA * R_AB * t_BA
1558439489932 0 0 0
t_wo + cam_pos
1558439489932 0.9 0 0
Theta
0
t_GA - R_GA * R_AB * t_BA
1558439489956 0 0 0
t_wo + cam_pos
1558439489956 0.9 0 0
Theta
0
t_GA - R_GA * R_AB * t_BA
1558439489981 0 0 0
t_wo + cam_pos
1558439489981 0.9 0 0
Theta
0
t_GA - R_GA * R_AB * t_BA
1558439490005 0 0 0
t_wo + cam_pos
1558439490005 0.9 0 0
Theta
0
t_GA - R_GA * R_AB * t_BA
1558439490030 0 0 0
t_wo + cam_pos
1558439490030 0.9 0 0
Theta
0
t_GA - R_GA * R_AB * t_BA
1558439490055 0 0 0
t_wo + cam_pos
1558439490055 0.9 0 0
Theta
0
t_GA - R_GA * R_AB * t_BA
1558439490075 0 0 0
t_wo + cam_pos
1558439490075 0.9 0 0
Theta
0
t_GA - R_GA * R_AB * t_BA
1558439490100 0 0 0
t_wo + cam_pos
1558439490100 0.9 0 0
Theta
0
t_GA - R_GA * R_AB * t_BA
1558439490124 0 0 0
t_wo + cam_pos
1558439490124 0.9 0 0
Theta
0
t_GA - R_GA * R_AB * t_BA
1558439490149 0 0 0
t_wo + cam_pos
1558439490149 0.9 0 0
Theta
0
t_GA - R_GA * R_AB * t_BA
1558439490173 0 0 0
t_wo + cam_pos
1558439490173 0.9 0 0
Theta
0
t_GA - R_GA * R_AB * t_BA
1558439490198 0 0 0
t_wo + cam_pos
1558439490198 0.9 0 0
Theta
0
t_GA - R_GA * R_AB * t_BA
1558439490218 0 0 0
t_wo + cam_pos
1558439490218 0.9 0 0
Theta
0
t_GA - R_GA * R_AB * t_BA
1558439490243 0 0 0
t_wo + cam_pos
1558439490243 0.9 0 0
Theta
0
t_GA - R_GA * R_AB * t_BA
1558439490267 0 0 0
t_wo + cam_pos
1558439490267 0.9 0 0
Theta
0
t_GA - R_GA * R_AB * t_BA
1558439490292 0 0 0
t_wo + cam_pos
1558439490292 0.9 0 0
Theta
0
t_GA - R_GA * R_AB * t_BA
1558439490317 0 0 0
t_wo + cam_pos
1558439490317 0.9 0 0
Theta
0
t_GA - R_GA * R_AB * t_BA
1558439490341 0 0 0
t_wo + cam_pos
1558439490341 0.9 0 0
Theta
0
t_GA - R_GA * R_AB * t_BA
1558439490366 0 0 0
t_wo + cam_pos
1558439490366 0.9 0 0
Theta
0
t_GA - R_GA * R_AB * t_BA
1558439490386 0 0 0
t_wo + cam_pos
1558439490386 0.9 0 0
Theta
0
t_GA - R_GA * R_AB * t_BA
1558439490411 0 0 0
t_wo + cam_pos
1558439490411 0.9 0 0
Theta
0
t_GA - R_GA * R_AB * t_BA
1558439490435 0 0 0
t_wo + cam_pos
1558439490435 0.9 0 0
Theta
0
t_GA - R_GA * R_AB * t_BA
1558439490460 0 0 0
t_wo + cam_pos
1558439490460 0.9 0 0
Theta
0
t_GA - R_GA * R_AB * t_BA
1558439490485 0 0 0
t_wo + cam_pos
1558439490485 0.9 0 0
Theta
0
t_GA - R_GA * R_AB * t_BA
1558439490509 0 0 0
t_wo + cam_pos
1558439490509 0.9 0 0
Theta
0
t_GA - R_GA * R_AB * t_BA
1558439490530 0 0 0
t_wo + cam_pos
1558439490530 0.9 0 0
Theta
0
t_GA - R_GA * R_AB * t_BA
1558439490554 0 0 0
t_wo + cam_pos
1558439490554 0.9 0 0
Theta
0
t_GA - R_GA * R_AB * t_BA
1558439490579 0 0 0
t_wo + cam_pos
1558439490579 0.9 0 0
Theta
0
t_GA - R_GA * R_AB * t_BA
1558439490603 0 0 0
t_wo + cam_pos
1558439490603 0.9 0 0
Theta
0
t_GA - R_GA * R_AB * t_BA
1558439490628 0 0 0
t_wo + cam_pos
1558439490628 0.9 0 0
Theta
0
t_GA - R_GA * R_AB * t_BA
1558439490652 0 0 0
t_wo + cam_pos
1558439490652 0.9 0 0
Theta
0
t_GA - R_GA * R_AB * t_BA
1558439490673 0 0 0
t_wo + cam_pos
1558439490673 0.9 0 0
Theta
0
t_GA - R_GA * R_AB * t_BA
1558439490697 0 0 0
t_wo + cam_pos
1558439490698 0.9 0 0
Theta
0
t_GA - R_GA * R_AB * t_BA
1558439490722 0 0 0
t_wo + cam_pos
1558439490722 0.9 0 0
Theta
0
t_GA - R_GA * R_AB * t_BA
1558439490747 0 0 0
t_wo + cam_pos
1558439490747 0.9 0 0
Theta
0
t_GA - R_GA * R_AB * t_BA
1558439490771 0 0 0
t_wo + cam_pos
1558439490771 0.9 0 0
Theta
0
t_GA - R_GA * R_AB * t_BA
1558439490796 0 0 0
t_wo + cam_pos
1558439490796 0.9 0 0
Theta
0
t_GA - R_GA * R_AB * t_BA
1558439490816 0 0 0
t_wo + cam_pos
1558439490816 0.9 0 0
Theta
0
t_GA - R_GA * R_AB * t_BA
1558439490841 0 0 0
t_wo + cam_pos
1558439490841 0.9 0 0
Theta
0
t_GA - R_GA * R_AB * t_BA
1558439490865 0 0 0
t_wo + cam_pos
1558439490865 0.9 0 0
Theta
0
t_GA - R_GA * R_AB * t_BA
1558439490890 0 0 0
t_wo + cam_pos
1558439490890 0.9 0 0
Theta
0
t_GA - R_GA * R_AB * t_BA
1558439490915 0 0 0
t_wo + cam_pos
1558439490915 0.9 0 0
Theta
0
t_GA - R_GA * R_AB * t_BA
1558439490939 0 0 0
t_wo + cam_pos
1558439490939 0.9 0 0
Theta
0
t_GA - R_GA * R_AB * t_BA
1558439490960 0 0 0
t_wo + cam_pos
1558439490960 0.9 0 0
Theta
0
t_GA - R_GA * R_AB * t_BA
1558439490984 0 0 0
t_wo + cam_pos
1558439490984 0.9 0 0
Theta
0
t_GA - R_GA * R_AB * t_BA
1558439491009 0 0 0
t_wo + cam_pos
1558439491009 0.9 0 0
Theta
0
t_GA - R_GA * R_AB * t_BA
1558439491033 0 0 0
t_wo + cam_pos
1558439491033 0.9 0 0
Theta
0
t_GA - R_GA * R_AB * t_BA
1558439491058 0 0 0
t_wo + cam_pos
1558439491058 0.9 0 0
Theta
0
t_GA - R_GA * R_AB * t_BA
1558439491082 0 0 0
t_wo + cam_pos
1558439491082 0.9 0 0
Theta
0
t_GA - R_GA * R_AB * t_BA
1558439491103 0 0 0
t_wo + cam_pos
1558439491103 0.9 0 0
Theta
0
t_GA - R_GA * R_AB * t_BA
1558439491128 0 0 0
t_wo + cam_pos
1558439491128 0.9 0 0
Theta
0
t_GA - R_GA * R_AB * t_BA
1558439491152 0 0 0
t_wo + cam_pos
1558439491152 0.9 0 0
Theta
0
t_GA - R_GA * R_AB * t_BA
1558439491177 0 0 0
t_wo + cam_pos
1558439491177 0.9 0 0
Theta
0
t_GA - R_GA * R_AB * t_BA
1558439491201 0 0 0
t_wo + cam_pos
1558439491201 0.9 0 0
Theta
0
t_GA - R_GA * R_AB * t_BA
1558439491226 0 0 0
t_wo + cam_pos
1558439491226 0.9 0 0
Theta
0
t_GA - R_GA * R_AB * t_BA
1558439491246 0 0 0
t_wo + cam_pos
1558439491246 0.9 0 0
Theta
0
t_GA - R_GA * R_AB * t_BA
1558439491271 0 0 0
t_wo + cam_pos
1558439491271 0.9 0 0
Theta
0
t_GA - R_GA * R_AB * t_BA
1558439491295 0 0 0
t_wo + cam_pos
1558439491296 0.9 0 0
Theta
0
t_GA - R_GA * R_AB * t_BA
1558439491320 0 0 0
t_wo + cam_pos
1558439491320 0.9 0 0
Theta
0
t_GA - R_GA * R_AB * t_BA
1558439491345 0 0 0
t_wo + cam_pos
1558439491345 0.9 0 0
Theta
0
t_GA - R_GA * R_AB * t_BA
1558439491369 0 0 0
t_wo + cam_pos
1558439491369 0.9 0 0
Theta
0
t_GA - R_GA * R_AB * t_BA
1558439491394 0 0 0
t_wo + cam_pos
1558439491394 0.9 0 0
Theta
0
t_GA - R_GA * R_AB * t_BA
1558439491414 0 0 0
t_wo + cam_pos
1558439491414 0.9 0 0
Theta
0
t_GA - R_GA * R_AB * t_BA
1558439491439 0 0 0
t_wo + cam_pos
1558439491439 0.9 0 0
Theta
0
t_GA - R_GA * R_AB * t_BA
1558439491463 0 0 0
t_wo + cam_pos
1558439491464 0.9 0 0
Theta
0
t_GA - R_GA * R_AB * t_BA
1558439491488 0 0 0
t_wo + cam_pos
1558439491488 0.9 0 0
Theta
0
t_GA - R_GA * R_AB * t_BA
1558439491513 0 0 0
t_wo + cam_pos
1558439491513 0.9 0 0
Theta
0
t_GA - R_GA * R_AB * t_BA
1558439491537 0 0 0
t_wo + cam_pos
1558439491537 0.9 0 0
Theta
0
t_GA - R_GA * R_AB * t_BA
1558439491558 0 0 0
t_wo + cam_pos
1558439491558 0.9 0 0
Theta
0
t_GA - R_GA * R_AB * t_BA
1558439491582 0 0 0
t_wo + cam_pos
1558439491582 0.9 0 0
Theta
0
t_GA - R_GA * R_AB * t_BA
1558439491607 0 0 0
t_wo + cam_pos
1558439491607 0.9 0 0
Theta
0
t_GA - R_GA * R_AB * t_BA
1558439491631 0 0 0
t_wo + cam_pos
1558439491631 0.9 0 0
Theta
0
t_GA - R_GA * R_AB * t_BA
1558439491656 0 0 0
t_wo + cam_pos
1558439491656 0.9 0 0
Theta
0
t_GA - R_GA * R_AB * t_BA
1558439491681 0 0 0
t_wo + cam_pos
1558439491681 0.9 0 0
Theta
0
t_GA - R_GA * R_AB * t_BA
1558439491701 0 0 0
t_wo + cam_pos
1558439491701 0.9 0 0
Theta
0
t_GA - R_GA * R_AB * t_BA
1558439491726 0 0 0
t_wo + cam_pos
1558439491726 0.9 0 0
Theta
0
t_GA - R_GA * R_AB * t_BA
1558439491750 0 0 0
t_wo + cam_pos
1558439491750 0.9 0 0
Theta
0
t_GA - R_GA * R_AB * t_BA
1558439491775 0 0 0
t_wo + cam_pos
1558439491775 0.9 0 0
Theta
0
t_GA - R_GA * R_AB * t_BA
1558439491799 0 0 0
t_wo + cam_pos
1558439491799 0.9 0 0
Theta
0
t_GA - R_GA * R_AB * t_BA
1558439491824 0 0 0
t_wo + cam_pos
1558439491824 0.9 0 0
Theta
0
t_GA - R_GA * R_AB * t_BA
1558439491844 0 0 0
t_wo + cam_pos
1558439491844 0.9 0 0
Theta
0
t_GA - R_GA * R_AB * t_BA
1558439491869 0 0 0
t_wo + cam_pos
1558439491869 0.9 0 0
Theta
0
t_GA - R_GA * R_AB * t_BA
1558439491894 0 0 0
t_wo + cam_pos
1558439491894 0.9 0 0
Theta
0
t_GA - R_GA * R_AB * t_BA
1558439491918 0 0 0
t_wo + cam_pos
1558439491918 0.9 0 0
Theta
0
t_GA - R_GA * R_AB * t_BA
1558439491943 0 0 0
t_wo + cam_pos
1558439491943 0.9 0 0
Theta
0
t_GA - R_GA * R_AB * t_BA
1558439491967 0 0 0
t_wo + cam_pos
1558439491967 0.9 0 0
Theta
0
t_GA - R_GA * R_AB * t_BA
1558439491988 0 0 0
t_wo + cam_pos
1558439491988 0.9 0 0
Theta
0
t_GA - R_GA * R_AB * t_BA
1558439492012 0 0 0
t_wo + cam_pos
1558439492012 0.9 0 0
Theta
0
t_GA - R_GA * R_AB * t_BA
1558439492037 0 0 0
t_wo + cam_pos
1558439492037 0.9 0 0
Theta
0
t_GA - R_GA * R_AB * t_BA
1558439492061 0 0 0
t_wo + cam_pos
1558439492061 0.9 0 0
Theta
0
t_GA - R_GA * R_AB * t_BA
1558439492086 0 0 0
t_wo + cam_pos
1558439492086 0.9 0 0
Theta
0
t_GA - R_GA * R_AB * t_BA
1558439492111 0 0 0
t_wo + cam_pos
1558439492111 0.9 0 0
Theta
0
t_GA - R_GA * R_AB * t_BA
1558439492131 0 0 0
t_wo + cam_pos
1558439492131 0.9 0 0
Theta
0
t_GA - R_GA * R_AB * t_BA
1558439492156 0 0 0
t_wo + cam_pos
1558439492156 0.9 0 0
Theta
0
t_GA - R_GA * R_AB * t_BA
1558439492180 0 0 0
t_wo + cam_pos
1558439492180 0.9 0 0
Theta
0
t_GA - R_GA * R_AB * t_BA
1558439492205 0 0 0
t_wo + cam_pos
1558439492205 0.9 0 0
Theta
0
t_GA - R_GA * R_AB * t_BA
1558439492229 0 0 0
t_wo + cam_pos
1558439492229 0.9 0 0
Theta
0
t_GA - R_GA * R_AB * t_BA
1558439492254 0 0 0
t_wo + cam_pos
1558439492254 0.9 0 0
Theta
0
t_GA - R_GA * R_AB * t_BA
1558439492274 0 0 0
t_wo + cam_pos
1558439492274 0.9 0 0
Theta
0
t_GA - R_GA * R_AB * t_BA
1558439492299 0 0 0
t_wo + cam_pos
1558439492299 0.9 0 0
Theta
0
t_GA - R_GA * R_AB * t_BA
1558439492324 0 0 0
t_wo + cam_pos
1558439492324 0.9 0 0
Theta
0
t_GA - R_GA * R_AB * t_BA
1558439492348 0 0 0
t_wo + cam_pos
1558439492348 0.9 0 0
Theta
0
t_GA - R_GA * R_AB * t_BA
1558439492373 0 0 0
t_wo + cam_pos
1558439492373 0.9 0 0
Theta
0
t_GA - R_GA * R_AB * t_BA
1558439492397 0 0 0
t_wo + cam_pos
1558439492397 0.9 0 0
Theta
0
t_GA - R_GA * R_AB * t_BA
1558439492422 0 0 0
t_wo + cam_pos
1558439492422 0.9 0 0
Theta
0
t_GA - R_GA * R_AB * t_BA
1558439492442 0 0 0
t_wo + cam_pos
1558439492442 0.9 0 0
Theta
0
t_GA - R_GA * R_AB * t_BA
1558439492467 0 0 0
t_wo + cam_pos
1558439492467 0.9 0 0
Theta
0
t_GA - R_GA * R_AB * t_BA
1558439492492 0 0 0
t_wo + cam_pos
1558439492492 0.9 0 0
Theta
0
t_GA - R_GA * R_AB * t_BA
1558439492516 0 0 0
t_wo + cam_pos
1558439492516 0.9 0 0
Theta
0
t_GA - R_GA * R_AB * t_BA
1558439492541 0 0 0
t_wo + cam_pos
1558439492541 0.9 0 0
Theta
0
t_GA - R_GA * R_AB * t_BA
1558439492565 0 0 0
t_wo + cam_pos
1558439492565 0.9 0 0
Theta
0
t_GA - R_GA * R_AB * t_BA
1558439492586 0 0 0
t_wo + cam_pos
1558439492586 0.9 0 0
Theta
0
t_GA - R_GA * R_AB * t_BA
1558439492610 0 0 0
t_wo + cam_pos
1558439492610 0.9 0 0
Theta
0
t_GA - R_GA * R_AB * t_BA
1558439492635 0 0 0
t_wo + cam_pos
1558439492635 0.9 0 0
Theta
0
t_GA - R_GA * R_AB * t_BA
1558439492659 0 0 0
t_wo + cam_pos
1558439492659 0.9 0 0
Theta
0
t_GA - R_GA * R_AB * t_BA
1558439492684 0 0 0
t_wo + cam_pos
1558439492684 0.9 0 0
Theta
0
t_GA - R_GA * R_AB * t_BA
1558439492709 0 0 0
t_wo + cam_pos
1558439492709 0.9 0 0
Theta
0
t_GA - R_GA * R_AB * t_BA
1558439492729 0 0 0
t_wo + cam_pos
1558439492729 0.9 0 0
Theta
0
t_GA - R_GA * R_AB * t_BA
1558439492754 0 0 0
t_wo + cam_pos
1558439492754 0.9 0 0
Theta
0
t_GA - R_GA * R_AB * t_BA
1558439492778 0 0 0
t_wo + cam_pos
1558439492778 0.9 0 0
Theta
0
t_GA - R_GA * R_AB * t_BA
1558439492803 0 0 0
t_wo + cam_pos
1558439492803 0.9 0 0
Theta
0
t_GA - R_GA * R_AB * t_BA
1558439492827 0 0 0
t_wo + cam_pos
1558439492827 0.9 0 0
Theta
0
t_GA - R_GA * R_AB * t_BA
1558439492852 0 0 0
t_wo + cam_pos
1558439492852 0.9 0 0
Theta
0
t_GA - R_GA * R_AB * t_BA
1558439492872 0 0 0
t_wo + cam_pos
1558439492872 0.9 0 0
Theta
0
t_GA - R_GA * R_AB * t_BA
1558439492897 0 0 0
t_wo + cam_pos
1558439492897 0.9 0 0
Theta
0
t_GA - R_GA * R_AB * t_BA
1558439492922 0 0 0
t_wo + cam_pos
1558439492922 0.9 0 0
Theta
0
t_GA - R_GA * R_AB * t_BA
1558439492946 0 0 0
t_wo + cam_pos
1558439492946 0.9 0 0
Theta
0
t_GA - R_GA * R_AB * t_BA
1558439492971 0 0 0
t_wo + cam_pos
1558439492971 0.9 0 0
Theta
0
t_GA - R_GA * R_AB * t_BA
1558439492995 0 0 0
t_wo + cam_pos
1558439492995 0.9 0 0
Theta
0
t_GA - R_GA * R_AB * t_BA
1558439493016 0 0 0
t_wo + cam_pos
1558439493016 0.9 0 0
Theta
0
t_GA - R_GA * R_AB * t_BA
1558439493040 0 0 0
t_wo + cam_pos
1558439493040 0.9 0 0
Theta
0
t_GA - R_GA * R_AB * t_BA
1558439493065 0 0 0
t_wo + cam_pos
1558439493065 0.9 0 0
Theta
0
t_GA - R_GA * R_AB * t_BA
1558439493089 0 0 0
t_wo + cam_pos
1558439493090 0.9 0 0
Theta
0
t_GA - R_GA * R_AB * t_BA
1558439493114 0 0 0
t_wo + cam_pos
1558439493114 0.9 0 0
Theta
0
t_GA - R_GA * R_AB * t_BA
1558439493139 0 0 0
t_wo + cam_pos
1558439493139 0.9 0 0
Theta
0
t_GA - R_GA * R_AB * t_BA
1558439493159 0 0 0
t_wo + cam_pos
1558439493159 0.9 0 0
Theta
0
t_GA - R_GA * R_AB * t_BA
1558439493184 0 0 0
t_wo + cam_pos
1558439493184 0.9 0 0
Theta
0
t_GA - R_GA * R_AB * t_BA
1558439493208 0 0 0
t_wo + cam_pos
1558439493208 0.9 0 0
Theta
0
t_GA - R_GA * R_AB * t_BA
1558439493233 0 0 0
t_wo + cam_pos
1558439493233 0.9 0 0
Theta
0
t_GA - R_GA * R_AB * t_BA
1558439493257 0 0 0
t_wo + cam_pos
1558439493257 0.9 0 0
Theta
0
t_GA - R_GA * R_AB * t_BA
1558439493282 0 0 0
t_wo + cam_pos
1558439493282 0.9 0 0
Theta
0
t_GA - R_GA * R_AB * t_BA
1558439493302 0 0 0
t_wo + cam_pos
1558439493302 0.9 0 0
Theta
0
t_GA - R_GA * R_AB * t_BA
1558439493327 0 0 0
t_wo + cam_pos
1558439493327 0.9 0 0
Theta
0
t_GA - R_GA * R_AB * t_BA
1558439493352 0 0 0
t_wo + cam_pos
1558439493352 0.9 0 0
Theta
0
t_GA - R_GA * R_AB * t_BA
1558439493376 0 0 0
t_wo + cam_pos
1558439493376 0.9 0 0
Theta
0
t_GA - R_GA * R_AB * t_BA
1558439493401 0 0 0
t_wo + cam_pos
1558439493401 0.9 0 0
Theta
0
t_GA - R_GA * R_AB * t_BA
1558439493425 0 0 0
t_wo + cam_pos
1558439493425 0.9 0 0
Theta
0
t_GA - R_GA * R_AB * t_BA
1558439493450 0 0 0
t_wo + cam_pos
1558439493450 0.9 0 0
Theta
0
t_GA - R_GA * R_AB * t_BA
1558439493470 0 0 0
t_wo + cam_pos
1558439493470 0.9 0 0
Theta
0
t_GA - R_GA * R_AB * t_BA
1558439493495 0 0 0
t_wo + cam_pos
1558439493495 0.9 0 0
Theta
0
t_GA - R_GA * R_AB * t_BA
1558439493519 0 0 0
t_wo + cam_pos
1558439493520 0.9 0 0
Theta
0
t_GA - R_GA * R_AB * t_BA
1558439493544 0 0 0
t_wo + cam_pos
1558439493544 0.9 0 0
Theta
0
t_GA - R_GA * R_AB * t_BA
1558439493569 0 0 0
t_wo + cam_pos
1558439493569 0.9 0 0
Theta
0
t_GA - R_GA * R_AB * t_BA
1558439493593 0 0 0
t_wo + cam_pos
1558439493593 0.9 0 0
Theta
0
t_GA - R_GA * R_AB * t_BA
1558439493614 0 0 0
t_wo + cam_pos
1558439493614 0.9 0 0
Theta
0
t_GA - R_GA * R_AB * t_BA
1558439493638 0 0 0
t_wo + cam_pos
1558439493638 0.9 0 0
Theta
0
t_GA - R_GA * R_AB * t_BA
1558439493663 0 0 0
t_wo + cam_pos
1558439493663 0.9 0 0
Theta
0
t_GA - R_GA * R_AB * t_BA
1558439493687 0 0 0
t_wo + cam_pos
1558439493688 0.9 0 0
Theta
0
t_GA - R_GA * R_AB * t_BA
1558439493712 0 0 0
t_wo + cam_pos
1558439493712 0.9 0 0
Theta
0
t_GA - R_GA * R_AB * t_BA
1558439493737 0 0 0
t_wo + cam_pos
1558439493737 0.9 0 0
Theta
0
t_GA - R_GA * R_AB * t_BA
1558439493757 0 0 0
t_wo + cam_pos
1558439493757 0.9 0 0
Theta
0
t_GA - R_GA * R_AB * t_BA
1558439493782 0 0 0
t_wo + cam_pos
1558439493782 0.9 0 0
Theta
0
t_GA - R_GA * R_AB * t_BA
1558439493806 0 0 0
t_wo + cam_pos
1558439493806 0.9 0 0
Theta
0
t_GA - R_GA * R_AB * t_BA
1558439493831 0 0 0
t_wo + cam_pos
1558439493831 0.9 0 0
Theta
0
t_GA - R_GA * R_AB * t_BA
1558439493855 0 0 0
t_wo + cam_pos
1558439493855 0.9 0 0
Theta
0
t_GA - R_GA * R_AB * t_BA
1558439493880 0 0 0
t_wo + cam_pos
1558439493880 0.9 0 0
Theta
0
t_GA - R_GA * R_AB * t_BA
1558439493900 0 0 0
t_wo + cam_pos
1558439493900 0.9 0 0
Theta
0
t_GA - R_GA * R_AB * t_BA
1558439493925 0 0 0
t_wo + cam_pos
1558439493925 0.9 0 0
Theta
0
t_GA - R_GA * R_AB * t_BA
1558439493950 0 0 0
t_wo + cam_pos
1558439493950 0.9 0 0
Theta
0
t_GA - R_GA * R_AB * t_BA
1558439493974 0 0 0
t_wo + cam_pos
1558439493974 0.9 0 0
Theta
0
t_GA - R_GA * R_AB * t_BA
1558439493999 0 0 0
t_wo + cam_pos
1558439493999 0.9 0 0
Theta
0
t_GA - R_GA * R_AB * t_BA
1558439494023 0 0 0
t_wo + cam_pos
1558439494023 0.9 0 0
Theta
0
t_GA - R_GA * R_AB * t_BA
1558439494044 0 0 0
t_wo + cam_pos
1558439494044 0.9 0 0
Theta
0
t_GA - R_GA * R_AB * t_BA
1558439494068 0 0 0
t_wo + cam_pos
1558439494068 0.9 0 0
Theta
0
t_GA - R_GA * R_AB * t_BA
1558439494093 0 0 0
t_wo + cam_pos
1558439494093 0.9 0 0
Theta
0
t_GA - R_GA * R_AB * t_BA
1558439494117 0 0 0
t_wo + cam_pos
1558439494117 0.9 0 0
Theta
0
t_GA - R_GA * R_AB * t_BA
1558439494142 0 0 0
t_wo + cam_pos
1558439494142 0.9 0 0
Theta
0
t_GA - R_GA * R_AB * t_BA
1558439494167 0 0 0
t_wo + cam_pos
1558439494167 0.9 0 0
Theta
0
t_GA - R_GA * R_AB * t_BA
1558439494187 0 0 0
t_wo + cam_pos
1558439494187 0.9 0 0
Theta
0
t_GA - R_GA * R_AB * t_BA
1558439494212 0 0 0
t_wo + cam_pos
1558439494212 0.9 0 0
Theta
0
t_GA - R_GA * R_AB * t_BA
1558439494236 0 0 0
t_wo + cam_pos
1558439494236 0.9 0 0
Theta
0
t_GA - R_GA * R_AB * t_BA
1558439494261 0 0 0
t_wo + cam_pos
1558439494261 0.9 0 0
Theta
0
t_GA - R_GA * R_AB * t_BA
1558439494285 0 0 0
t_wo + cam_pos
1558439494287 0.9 0 0
Theta
0
t_GA - R_GA * R_AB * t_BA
1558439494310 0 0 0
t_wo + cam_pos
1558439494310 0.9 0 0
Theta
0
t_GA - R_GA * R_AB * t_BA
1558439494330 0 0 0
t_wo + cam_pos
1558439494330 0.9 0 0
Theta
0
t_GA - R_GA * R_AB * t_BA
1558439494355 0 0 0
t_wo + cam_pos
1558439494355 0.9 0 0
Theta
0
t_GA - R_GA * R_AB * t_BA
1558439494380 0 0 0
t_wo + cam_pos
1558439494380 0.9 0 0
Theta
0
t_GA - R_GA * R_AB * t_BA
1558439494404 0 0 0
t_wo + cam_pos
1558439494404 0.9 0 0
Theta
0
t_GA - R_GA * R_AB * t_BA
1558439494429 0 0 0
t_wo + cam_pos
1558439494429 0.9 0 0
Theta
0
t_GA - R_GA * R_AB * t_BA
1558439494453 0 0 0
t_wo + cam_pos
1558439494453 0.9 0 0
Theta
0
t_GA - R_GA * R_AB * t_BA
1558439494478 0 0 0
t_wo + cam_pos
1558439494478 0.9 0 0
Theta
0
t_GA - R_GA * R_AB * t_BA
1558439494498 0 0 0
t_wo + cam_pos
1558439494498 0.9 0 0
Theta
0
t_GA - R_GA * R_AB * t_BA
1558439494523 0 0 0
t_wo + cam_pos
1558439494523 0.9 0 0
Theta
0
t_GA - R_GA * R_AB * t_BA
1558439494548 0 0 0
t_wo + cam_pos
1558439494548 0.9 0 0
Theta
0
t_GA - R_GA * R_AB * t_BA
1558439494572 0 0 0
t_wo + cam_pos
1558439494572 0.9 0 0
Theta
0
t_GA - R_GA * R_AB * t_BA
1558439494597 0 0 0
t_wo + cam_pos
1558439494597 0.9 0 0
Theta
0
t_GA - R_GA * R_AB * t_BA
1558439494621 0 0 0
t_wo + cam_pos
1558439494621 0.9 0 0
Theta
0
t_GA - R_GA * R_AB * t_BA
1558439494642 0 0 0
t_wo + cam_pos
1558439494642 0.9 0 0
Theta
0
t_GA - R_GA * R_AB * t_BA
1558439494666 0 0 0
t_wo + cam_pos
1558439494666 0.9 0 0
Theta
0
t_GA - R_GA * R_AB * t_BA
1558439494691 0 0 0
t_wo + cam_pos
1558439494691 0.9 0 0
Theta
0
t_GA - R_GA * R_AB * t_BA
1558439494716 0 0 0
t_wo + cam_pos
1558439494716 0.9 0 0
Theta
0
t_GA - R_GA * R_AB * t_BA
1558439494740 0 0 0
t_wo + cam_pos
1558439494740 0.9 0 0
Theta
0
t_GA - R_GA * R_AB * t_BA
1558439494765 0 0 0
t_wo + cam_pos
1558439494765 0.9 0 0
Theta
0
t_GA - R_GA * R_AB * t_BA
1558439494785 0 0 0
t_wo + cam_pos
1558439494785 0.9 0 0
Theta
0
t_GA - R_GA * R_AB * t_BA
1558439494810 0 0 0
t_wo + cam_pos
1558439494810 0.9 0 0
Theta
0
t_GA - R_GA * R_AB * t_BA
1558439494834 0 0 0
t_wo + cam_pos
1558439494834 0.9 0 0
Theta
0
t_GA - R_GA * R_AB * t_BA
1558439494859 0 0 0
t_wo + cam_pos
1558439494859 0.9 0 0
Theta
0
t_GA - R_GA * R_AB * t_BA
1558439494883 0 0 0
t_wo + cam_pos
1558439494883 0.9 0 0
Theta
0
t_GA - R_GA * R_AB * t_BA
1558439494908 0 0 0
t_wo + cam_pos
1558439494908 0.9 0 0
Theta
0
t_GA - R_GA * R_AB * t_BA
1558439494928 0 0 0
t_wo + cam_pos
1558439494928 0.9 0 0
Theta
0
t_GA - R_GA * R_AB * t_BA
1558439494953 0 0 0
t_wo + cam_pos
1558439494953 0.9 0 0
Theta
0
t_GA - R_GA * R_AB * t_BA
1558439494978 0 0 0
t_wo + cam_pos
1558439494978 0.9 0 0
Theta
0
t_GA - R_GA * R_AB * t_BA
1558439495002 0 0 0
t_wo + cam_pos
1558439495002 0.9 0 0
Theta
0
t_GA - R_GA * R_AB * t_BA
1558439495027 0 0 0
t_wo + cam_pos
1558439495027 0.9 0 0
Theta
0
t_GA - R_GA * R_AB * t_BA
1558439495051 0 0 0
t_wo + cam_pos
1558439495051 0.9 0 0
Theta
0
t_GA - R_GA * R_AB * t_BA
1558439495072 0 0 0
t_wo + cam_pos
1558439495072 0.9 0 0
Theta
0
t_GA - R_GA * R_AB * t_BA
1558439495096 0 0 0
t_wo + cam_pos
1558439495096 0.9 0 0
Theta
0
t_GA - R_GA * R_AB * t_BA
1558439495121 0 0 0
t_wo + cam_pos
1558439495121 0.9 0 0
Theta
0
t_GA - R_GA * R_AB * t_BA
1558439495146 0 0 0
t_wo + cam_pos
1558439495146 0.9 0 0
Theta
0
t_GA - R_GA * R_AB * t_BA
1558439495170 0 0 0
t_wo + cam_pos
1558439495170 0.9 0 0
Theta
0
