t_GA - R_GA * R_AB * t_BA
0 0 0
t_wo + t_wo_cam
0.9 0 0
Time
1558546791223
Theta
0
t_GA - R_GA * R_AB * t_BA
0 0 0
t_wo + t_wo_cam
0.9 0 0
Time
1558546791223
Theta
0
t_GA - R_GA * R_AB * t_BA
0 0 0
t_wo + t_wo_cam
0.9 0 0
Time
1558546791223
Theta
0
t_GA - R_GA * R_AB * t_BA
0 0 0
t_wo + t_wo_cam
0.9 0 0
Time
1558546791223
Theta
0
t_GA - R_GA * R_AB * t_BA
0 0 0
t_wo + t_wo_cam
0.9 0 0
Time
1558546791245
Theta
0
t_GA - R_GA * R_AB * t_BA
0 0 0
t_wo + t_wo_cam
0.9 0 0
Time
1558546791269
Theta
0
t_GA - R_GA * R_AB * t_BA
0 0 0
t_wo + t_wo_cam
0.9 0 0
Time
1558546791294
Theta
0
t_GA - R_GA * R_AB * t_BA
0 0 0
t_wo + t_wo_cam
0.9 0 0
Time
1558546791318
Theta
0
t_GA - R_GA * R_AB * t_BA
0 0 0
t_wo + t_wo_cam
0.9 0 0
Time
1558546791339
Theta
0
t_GA - R_GA * R_AB * t_BA
0 0 0
t_wo + t_wo_cam
0.9 0 0
Time
1558546791363
Theta
0
t_GA - R_GA * R_AB * t_BA
0 0 0
t_wo + t_wo_cam
0.9 0 0
Time
1558546791388
Theta
0
t_GA - R_GA * R_AB * t_BA
0 0 0
t_wo + t_wo_cam
0.9 0 0
Time
1558546791412
Theta
0
t_GA - R_GA * R_AB * t_BA
0 0 0
t_wo + t_wo_cam
0.9 0 0
Time
1558546791437
Theta
0
t_GA - R_GA * R_AB * t_BA
0 0 0
t_wo + t_wo_cam
0.9 0 0
Time
1558546791463
Theta
0
t_GA - R_GA * R_AB * t_BA
0 0 0
t_wo + t_wo_cam
0.9 0 0
Time
1558546791482
Theta
0
t_GA - R_GA * R_AB * t_BA
0 0 0
t_wo + t_wo_cam
0.9 0 0
Time
1558546791507
Theta
0
t_GA - R_GA * R_AB * t_BA
0 0 0
t_wo + t_wo_cam
0.9 0 0
Time
1558546791531
Theta
0
t_GA - R_GA * R_AB * t_BA
0 0 0
t_wo + t_wo_cam
0.9 0 0
Time
1558546791556
Theta
0
t_GA - R_GA * R_AB * t_BA
0 0 0
t_wo + t_wo_cam
0.9 0 0
Time
1558546791580
Theta
0
t_GA - R_GA * R_AB * t_BA
0 0 0
t_wo + t_wo_cam
0.9 0 0
Time
1558546791605
Theta
0
t_GA - R_GA * R_AB * t_BA
0 0 0
t_wo + t_wo_cam
0.9 0 0
Time
1558546791630
Theta
0
t_GA - R_GA * R_AB * t_BA
0 0 0
t_wo + t_wo_cam
0.9 0 0
Time
1558546791650
Theta
0
t_GA - R_GA * R_AB * t_BA
0 0 0
t_wo + t_wo_cam
0.9 0 0
Time
1558546791675
Theta
0
t_GA - R_GA * R_AB * t_BA
0 0 0
t_wo + t_wo_cam
0.9 0 0
Time
1558546791699
Theta
0
t_GA - R_GA * R_AB * t_BA
0 0 0
t_wo + t_wo_cam
0.9 0 0
Time
1558546791724
Theta
0
t_GA - R_GA * R_AB * t_BA
0 0 0
t_wo + t_wo_cam
0.9 0 0
Time
1558546791748
Theta
0
t_GA - R_GA * R_AB * t_BA
0 0 0
t_wo + t_wo_cam
0.9 0 0
Time
1558546791773
Theta
0
t_GA - R_GA * R_AB * t_BA
0 0 0
t_wo + t_wo_cam
0.9 0 0
Time
1558546791793
Theta
0
t_GA - R_GA * R_AB * t_BA
0 0 0
t_wo + t_wo_cam
0.9 0 0
Time
1558546791818
Theta
0
t_GA - R_GA * R_AB * t_BA
0 0 0
t_wo + t_wo_cam
0.9 0 0
Time
1558546791843
Theta
0
t_GA - R_GA * R_AB * t_BA
0 0 0
t_wo + t_wo_cam
0.9 0 0
Time
1558546791867
Theta
0
t_GA - R_GA * R_AB * t_BA
0 0 0
t_wo + t_wo_cam
0.9 0 0
Time
1558546791892
Theta
0
t_GA - R_GA * R_AB * t_BA
0 0 0
t_wo + t_wo_cam
0.9 0 0
Time
1558546791916
Theta
0
t_GA - R_GA * R_AB * t_BA
0 0 0
t_wo + t_wo_cam
0.9 0 0
Time
1558546791937
Theta
0
t_GA - R_GA * R_AB * t_BA
0 0 0
t_wo + t_wo_cam
0.9 0 0
Time
1558546791961
Theta
0
t_GA - R_GA * R_AB * t_BA
0 0 0
t_wo + t_wo_cam
0.9 0 0
Time
1558546791986
Theta
0
t_GA - R_GA * R_AB * t_BA
0 0 0
t_wo + t_wo_cam
0.9 0 0
Time
1558546792011
Theta
0
t_GA - R_GA * R_AB * t_BA
0 0 0
t_wo + t_wo_cam
0.9 0 0
Time
1558546792035
Theta
0
t_GA - R_GA * R_AB * t_BA
0 0 0
t_wo + t_wo_cam
0.9 0 0
Time
1558546792060
Theta
0
t_GA - R_GA * R_AB * t_BA
0 0 0
t_wo + t_wo_cam
0.9 0 0
Time
1558546792080
Theta
0
t_GA - R_GA * R_AB * t_BA
0 0 0
t_wo + t_wo_cam
0.9 0 0
Time
1558546792105
Theta
0
t_GA - R_GA * R_AB * t_BA
0 0 0
t_wo + t_wo_cam
0.9 0 0
Time
1558546792129
Theta
0
t_GA - R_GA * R_AB * t_BA
0 0 0
t_wo + t_wo_cam
0.9 0 0
Time
1558546792154
Theta
0
t_GA - R_GA * R_AB * t_BA
0 0 0
t_wo + t_wo_cam
0.9 0 0
Time
1558546792178
Theta
0
t_GA - R_GA * R_AB * t_BA
0 0 0
t_wo + t_wo_cam
0.9 0 0
Time
1558546792203
Theta
0
t_GA - R_GA * R_AB * t_BA
0 0 0
t_wo + t_wo_cam
0.9 0 0
Time
1558546792223
Theta
0
t_GA - R_GA * R_AB * t_BA
0 0 0
t_wo + t_wo_cam
0.9 0 0
Time
1558546792248
Theta
0
t_GA - R_GA * R_AB * t_BA
0 0 0
t_wo + t_wo_cam
0.9 0 0
Time
1558546792273
Theta
0
t_GA - R_GA * R_AB * t_BA
0 0 0
t_wo + t_wo_cam
0.9 0 0
Time
1558546792297
Theta
0
t_GA - R_GA * R_AB * t_BA
0 0 0
t_wo + t_wo_cam
0.9 0 0
Time
1558546792322
Theta
0
t_GA - R_GA * R_AB * t_BA
0 0 0
t_wo + t_wo_cam
0.9 0 0
Time
1558546792346
Theta
0
t_GA - R_GA * R_AB * t_BA
0 0 0
t_wo + t_wo_cam
0.9 0 0
Time
1558546792367
Theta
0
t_GA - R_GA * R_AB * t_BA
0 0 0
t_wo + t_wo_cam
0.9 0 0
Time
1558546792391
Theta
0
t_GA - R_GA * R_AB * t_BA
0 0 0
t_wo + t_wo_cam
0.9 0 0
Time
1558546792416
Theta
0
t_GA - R_GA * R_AB * t_BA
0 0 0
t_wo + t_wo_cam
0.9 0 0
Time
1558546792441
Theta
0
t_GA - R_GA * R_AB * t_BA
0 0 0
t_wo + t_wo_cam
0.9 0 0
Time
1558546792465
Theta
0
t_GA - R_GA * R_AB * t_BA
0 0 0
t_wo + t_wo_cam
0.9 0 0
Time
1558546792490
Theta
0
t_GA - R_GA * R_AB * t_BA
0 0 0
t_wo + t_wo_cam
0.9 0 0
Time
1558546792510
Theta
0
t_GA - R_GA * R_AB * t_BA
0 0 0
t_wo + t_wo_cam
0.9 0 0
Time
1558546792535
Theta
0
t_GA - R_GA * R_AB * t_BA
0 0 0
t_wo + t_wo_cam
0.9 0 0
Time
1558546792559
Theta
0
t_GA - R_GA * R_AB * t_BA
0 0 0
t_wo + t_wo_cam
0.9 0 0
Time
1558546792584
Theta
0
t_GA - R_GA * R_AB * t_BA
0 0 0
t_wo + t_wo_cam
0.9 0 0
Time
1558546792608
Theta
0
t_GA - R_GA * R_AB * t_BA
0 0 0
t_wo + t_wo_cam
0.9 0 0
Time
1558546792633
Theta
0
t_GA - R_GA * R_AB * t_BA
0 0 0
t_wo + t_wo_cam
0.9 0 0
Time
1558546792658
Theta
0
t_GA - R_GA * R_AB * t_BA
0 0 0
t_wo + t_wo_cam
0.9 0 0
Time
1558546792678
Theta
0
t_GA - R_GA * R_AB * t_BA
0 0 0
t_wo + t_wo_cam
0.9 0 0
Time
1558546792703
Theta
0
t_GA - R_GA * R_AB * t_BA
0 0 0
t_wo + t_wo_cam
0.9 0 0
Time
1558546792727
Theta
0
t_GA - R_GA * R_AB * t_BA
0 0 0
t_wo + t_wo_cam
0.9 0 0
Time
1558546792752
Theta
0
t_GA - R_GA * R_AB * t_BA
0 0 0
t_wo + t_wo_cam
0.9 0 0
Time
1558546792776
Theta
0
t_GA - R_GA * R_AB * t_BA
0 0 0
t_wo + t_wo_cam
0.9 0 0
Time
1558546792801
Theta
0
t_GA - R_GA * R_AB * t_BA
0 0 0
t_wo + t_wo_cam
0.9 0 0
Time
1558546792821
Theta
0
t_GA - R_GA * R_AB * t_BA
0 0 0
t_wo + t_wo_cam
0.9 0 0
Time
1558546792846
Theta
0
t_GA - R_GA * R_AB * t_BA
0 0 0
t_wo + t_wo_cam
0.9 0 0
Time
1558546792871
Theta
0
t_GA - R_GA * R_AB * t_BA
0 0 0
t_wo + t_wo_cam
0.9 0 0
Time
1558546792895
Theta
0
t_GA - R_GA * R_AB * t_BA
0 0 0
t_wo + t_wo_cam
0.9 0 0
Time
1558546792920
Theta
0
t_GA - R_GA * R_AB * t_BA
0 0 0
t_wo + t_wo_cam
0.9 0 0
Time
1558546792944
Theta
0
t_GA - R_GA * R_AB * t_BA
0 0 0
t_wo + t_wo_cam
0.9 0 0
Time
1558546792965
Theta
0
t_GA - R_GA * R_AB * t_BA
0 0 0
t_wo + t_wo_cam
0.9 0 0
Time
1558546792989
Theta
0
t_GA - R_GA * R_AB * t_BA
0 0 0
t_wo + t_wo_cam
0.9 0 0
Time
1558546793014
Theta
0
t_GA - R_GA * R_AB * t_BA
0 0 0
t_wo + t_wo_cam
0.9 0 0
Time
1558546793039
Theta
0
t_GA - R_GA * R_AB * t_BA
0 0 0
t_wo + t_wo_cam
0.9 0 0
Time
1558546793063
Theta
0
t_GA - R_GA * R_AB * t_BA
0 0 0
t_wo + t_wo_cam
0.9 0 0
Time
1558546793088
Theta
0
t_GA - R_GA * R_AB * t_BA
0 0 0
t_wo + t_wo_cam
0.9 0 0
Time
1558546793108
Theta
0
t_GA - R_GA * R_AB * t_BA
0 0 0
t_wo + t_wo_cam
0.9 0 0
Time
1558546793133
Theta
0
t_GA - R_GA * R_AB * t_BA
0 0 0
t_wo + t_wo_cam
0.9 0 0
Time
1558546793157
Theta
0
t_GA - R_GA * R_AB * t_BA
0 0 0
t_wo + t_wo_cam
0.9 0 0
Time
1558546793182
Theta
0
t_GA - R_GA * R_AB * t_BA
0 0 0
t_wo + t_wo_cam
0.9 0 0
Time
1558546793207
Theta
0
t_GA - R_GA * R_AB * t_BA
0 0 0
t_wo + t_wo_cam
0.9 0 0
Time
1558546793231
Theta
0
t_GA - R_GA * R_AB * t_BA
0 0 0
t_wo + t_wo_cam
0.9 0 0
Time
1558546793251
Theta
0
t_GA - R_GA * R_AB * t_BA
0 0 0
t_wo + t_wo_cam
0.9 0 0
Time
1558546793276
Theta
0
t_GA - R_GA * R_AB * t_BA
0 0 0
t_wo + t_wo_cam
0.9 0 0
Time
1558546793301
Theta
0
t_GA - R_GA * R_AB * t_BA
0 0 0
t_wo + t_wo_cam
0.9 0 0
Time
1558546793325
Theta
0
t_GA - R_GA * R_AB * t_BA
0 0 0
t_wo + t_wo_cam
0.9 0 0
Time
1558546793350
Theta
0
t_GA - R_GA * R_AB * t_BA
0 0 0
t_wo + t_wo_cam
0.9 0 0
Time
1558546793374
Theta
0
t_GA - R_GA * R_AB * t_BA
0 0 0
t_wo + t_wo_cam
0.9 0 0
Time
1558546793395
Theta
0
t_GA - R_GA * R_AB * t_BA
0 0 0
t_wo + t_wo_cam
0.9 0 0
Time
1558546793419
Theta
0
t_GA - R_GA * R_AB * t_BA
0 0 0
t_wo + t_wo_cam
0.9 0 0
Time
1558546793444
Theta
0
t_GA - R_GA * R_AB * t_BA
0 0 0
t_wo + t_wo_cam
0.9 0 0
Time
1558546793469
Theta
0
t_GA - R_GA * R_AB * t_BA
0 0 0
t_wo + t_wo_cam
0.9 0 0
Time
1558546793493
Theta
0
t_GA - R_GA * R_AB * t_BA
0 0 0
t_wo + t_wo_cam
0.9 0 0
Time
1558546793518
Theta
0
t_GA - R_GA * R_AB * t_BA
0 0 0
t_wo + t_wo_cam
0.9 0 0
Time
1558546793538
Theta
0
t_GA - R_GA * R_AB * t_BA
0 0 0
t_wo + t_wo_cam
0.9 0 0
Time
1558546793563
Theta
0
t_GA - R_GA * R_AB * t_BA
0 0 0
t_wo + t_wo_cam
0.9 0 0
Time
1558546793587
Theta
0
t_GA - R_GA * R_AB * t_BA
0 0 0
t_wo + t_wo_cam
0.9 0 0
Time
1558546793612
Theta
0
t_GA - R_GA * R_AB * t_BA
0 0 0
t_wo + t_wo_cam
0.9 0 0
Time
1558546793637
Theta
0
t_GA - R_GA * R_AB * t_BA
0 0 0
t_wo + t_wo_cam
0.9 0 0
Time
1558546793661
Theta
0
t_GA - R_GA * R_AB * t_BA
0 0 0
t_wo + t_wo_cam
0.9 0 0
Time
1558546793686
Theta
0
t_GA - R_GA * R_AB * t_BA
0 0 0
t_wo + t_wo_cam
0.9 0 0
Time
1558546793706
Theta
0
t_GA - R_GA * R_AB * t_BA
0 0 0
t_wo + t_wo_cam
0.9 0 0
Time
1558546793731
Theta
0
t_GA - R_GA * R_AB * t_BA
0 0 0
t_wo + t_wo_cam
0.9 0 0
Time
1558546793755
Theta
0
t_GA - R_GA * R_AB * t_BA
0 0 0
t_wo + t_wo_cam
0.9 0 0
Time
1558546793780
Theta
0
t_GA - R_GA * R_AB * t_BA
0 0 0
t_wo + t_wo_cam
0.9 0 0
Time
1558546793804
Theta
0
t_GA - R_GA * R_AB * t_BA
0 0 0
t_wo + t_wo_cam
0.9 0 0
Time
1558546793829
Theta
0
t_GA - R_GA * R_AB * t_BA
0 0 0
t_wo + t_wo_cam
0.9 0 0
Time
1558546793850
Theta
0
t_GA - R_GA * R_AB * t_BA
-1.01464 -0.5476 -0.570033
t_wo + t_wo_cam
-1.01464 -0.5476 -0.570033
Time
1558546793874
Theta
-0.4131
t_GA - R_GA * R_AB * t_BA
-1.01464 -0.5476 -0.570033
t_wo + t_wo_cam
-1.01464 -0.5476 -0.570033
Time
1558546793899
Theta
-0.4131
t_GA - R_GA * R_AB * t_BA
-1.01464 -0.5476 -0.570033
t_wo + t_wo_cam
-1.01464 -0.5476 -0.570033
Time
1558546793923
Theta
-0.4131
t_GA - R_GA * R_AB * t_BA
-1.19916 -0.32693 -0.0553704
t_wo + t_wo_cam
-1.01464 -0.5476 -0.570033
Time
1558546793948
Theta
-0.4131
t_GA - R_GA * R_AB * t_BA
-1.19916 -0.32693 -0.0553704
t_wo + t_wo_cam
-1.19916 -0.32693 -0.0553704
Time
1558546793972
Theta
-0.223499
t_GA - R_GA * R_AB * t_BA
-1.19916 -0.32693 -0.0553704
t_wo + t_wo_cam
-1.19916 -0.32693 -0.0553704
Time
1558546793993
Theta
-0.223499
t_GA - R_GA * R_AB * t_BA
-1.15503 -0.120298 -0.168834
t_wo + t_wo_cam
-1.19916 -0.32693 -0.0553704
Time
1558546794017
Theta
-0.223499
t_GA - R_GA * R_AB * t_BA
-1.15503 -0.120298 -0.168834
t_wo + t_wo_cam
-1.15503 -0.120298 -0.168834
Time
1558546794042
Theta
0.21029
t_GA - R_GA * R_AB * t_BA
-1.15503 -0.120298 -0.168834
t_wo + t_wo_cam
-1.15503 -0.120298 -0.168834
Time
1558546794067
Theta
0.21029
t_GA - R_GA * R_AB * t_BA
-1.15982 -0.0877576 -0.138206
t_wo + t_wo_cam
-1.15503 -0.120298 -0.168834
Time
1558546794091
Theta
0.21029
t_GA - R_GA * R_AB * t_BA
-1.15982 -0.0877576 -0.138206
t_wo + t_wo_cam
-1.15982 -0.0877576 -0.138206
Time
1558546794116
Theta
0.217736
t_GA - R_GA * R_AB * t_BA
-1.15982 -0.0877576 -0.138206
t_wo + t_wo_cam
-1.15982 -0.0877576 -0.138206
Time
1558546794136
Theta
0.217736
t_GA - R_GA * R_AB * t_BA
-1.15982 -0.0877576 -0.138206
t_wo + t_wo_cam
-1.15982 -0.0877576 -0.138206
Time
1558546794161
Theta
0.217736
t_GA - R_GA * R_AB * t_BA
-1.16079 -0.128803 -0.18676
t_wo + t_wo_cam
-1.15982 -0.0877576 -0.138206
Time
1558546794185
Theta
0.217736
t_GA - R_GA * R_AB * t_BA
-1.16079 -0.128803 -0.18676
t_wo + t_wo_cam
-1.16079 -0.128803 -0.18676
Time
1558546794210
Theta
0.208136
t_GA - R_GA * R_AB * t_BA
-1.16079 -0.128803 -0.18676
t_wo + t_wo_cam
-1.16079 -0.128803 -0.18676
Time
1558546794235
Theta
0.208136
t_GA - R_GA * R_AB * t_BA
-1.16843 -0.131007 -0.123269
t_wo + t_wo_cam
-1.16079 -0.128803 -0.18676
Time
1558546794259
Theta
0.208136
t_GA - R_GA * R_AB * t_BA
-1.16843 -0.131007 -0.123269
t_wo + t_wo_cam
-1.16843 -0.131007 -0.123269
Time
1558546794280
Theta
0.217145
t_GA - R_GA * R_AB * t_BA
-1.16843 -0.131007 -0.123269
t_wo + t_wo_cam
-1.16843 -0.131007 -0.123269
Time
1558546794304
Theta
0.217145
t_GA - R_GA * R_AB * t_BA
-1.16854 -0.118629 -0.0962874
t_wo + t_wo_cam
-1.16843 -0.131007 -0.123269
Time
1558546794329
Theta
0.217145
t_GA - R_GA * R_AB * t_BA
-1.16854 -0.118629 -0.0962874
t_wo + t_wo_cam
-1.16854 -0.118629 -0.0962874
Time
1558546794353
Theta
0.193574
t_GA - R_GA * R_AB * t_BA
-1.16854 -0.118629 -0.0962874
t_wo + t_wo_cam
-1.16854 -0.118629 -0.0962874
Time
1558546794378
Theta
0.193574
t_GA - R_GA * R_AB * t_BA
-1.16854 -0.118629 -0.0962874
t_wo + t_wo_cam
-1.16854 -0.118629 -0.0962874
Time
1558546794403
Theta
0.193574
t_GA - R_GA * R_AB * t_BA
-1.16851 -0.14209 -0.0926133
t_wo + t_wo_cam
-1.16851 -0.14209 -0.0926133
Time
1558546794423
Theta
0.193574
t_GA - R_GA * R_AB * t_BA
-1.16851 -0.14209 -0.0926133
t_wo + t_wo_cam
-1.16851 -0.14209 -0.0926133
Time
1558546794448
Theta
0.152776
t_GA - R_GA * R_AB * t_BA
-1.16851 -0.14209 -0.0926133
t_wo + t_wo_cam
-1.16851 -0.14209 -0.0926133
Time
1558546794472
Theta
0.152776
t_GA - R_GA * R_AB * t_BA
-1.16904 -0.161987 -0.0862084
t_wo + t_wo_cam
-1.16851 -0.14209 -0.0926133
Time
1558546794497
Theta
0.152776
t_GA - R_GA * R_AB * t_BA
-1.16904 -0.161987 -0.0862084
t_wo + t_wo_cam
-1.16904 -0.161987 -0.0862084
Time
1558546794521
Theta
0.153999
t_GA - R_GA * R_AB * t_BA
-1.16904 -0.161987 -0.0862084
t_wo + t_wo_cam
-1.16904 -0.161987 -0.0862084
Time
1558546794546
Theta
0.153999
t_GA - R_GA * R_AB * t_BA
-1.16812 -0.148508 -0.0722648
t_wo + t_wo_cam
-1.16904 -0.161987 -0.0862084
Time
1558546794566
Theta
0.153999
t_GA - R_GA * R_AB * t_BA
-1.16812 -0.148508 -0.0722648
t_wo + t_wo_cam
-1.16812 -0.148508 -0.0722648
Time
1558546794591
Theta
0.151925
t_GA - R_GA * R_AB * t_BA
-1.16812 -0.148508 -0.0722648
t_wo + t_wo_cam
-1.16812 -0.148508 -0.0722648
Time
1558546794616
Theta
0.151925
t_GA - R_GA * R_AB * t_BA
-1.16812 -0.148508 -0.0722648
t_wo + t_wo_cam
-1.16812 -0.148508 -0.0722648
Time
1558546794640
Theta
0.151925
t_GA - R_GA * R_AB * t_BA
-1.16795 -0.153886 -0.0587293
t_wo + t_wo_cam
-1.16812 -0.148508 -0.0722648
Time
1558546794665
Theta
0.151925
t_GA - R_GA * R_AB * t_BA
-1.16795 -0.153886 -0.0587293
t_wo + t_wo_cam
-1.16795 -0.153886 -0.0587293
Time
1558546794689
Theta
0.13705
t_GA - R_GA * R_AB * t_BA
-1.16795 -0.153886 -0.0587293
t_wo + t_wo_cam
-1.16795 -0.153886 -0.0587293
Time
1558546794710
Theta
0.13705
t_GA - R_GA * R_AB * t_BA
-1.16909 -0.177689 -0.0822524
t_wo + t_wo_cam
-1.16795 -0.153886 -0.0587293
Time
1558546794734
Theta
0.13705
t_GA - R_GA * R_AB * t_BA
-1.16909 -0.177689 -0.0822524
t_wo + t_wo_cam
-1.16909 -0.177689 -0.0822524
Time
1558546794759
Theta
0.136598
t_GA - R_GA * R_AB * t_BA
-1.16909 -0.177689 -0.0822524
t_wo + t_wo_cam
-1.16909 -0.177689 -0.0822524
Time
1558546794783
Theta
0.136598
t_GA - R_GA * R_AB * t_BA
-1.16909 -0.177689 -0.0822524
t_wo + t_wo_cam
-1.16909 -0.177689 -0.0822524
Time
1558546794808
Theta
0.136598
t_GA - R_GA * R_AB * t_BA
-1.16855 -0.170941 -0.0825279
t_wo + t_wo_cam
-1.16909 -0.177689 -0.0822524
Time
1558546794833
Theta
0.136598
t_GA - R_GA * R_AB * t_BA
-1.16855 -0.170941 -0.0825279
t_wo + t_wo_cam
-1.16855 -0.170941 -0.0825279
Time
1558546794857
Theta
0.144403
t_GA - R_GA * R_AB * t_BA
-1.16855 -0.170941 -0.0825279
t_wo + t_wo_cam
-1.16855 -0.170941 -0.0825279
Time
1558546794878
Theta
0.144403
t_GA - R_GA * R_AB * t_BA
-1.16767 -0.150379 -0.0671006
t_wo + t_wo_cam
-1.16855 -0.170941 -0.0825279
Time
1558546794902
Theta
0.144403
t_GA - R_GA * R_AB * t_BA
-1.16767 -0.150379 -0.0671006
t_wo + t_wo_cam
-1.16767 -0.150379 -0.0671006
Time
1558546794927
Theta
0.139631
t_GA - R_GA * R_AB * t_BA
-1.16767 -0.150379 -0.0671006
t_wo + t_wo_cam
-1.16767 -0.150379 -0.0671006
Time
1558546794951
Theta
0.139631
t_GA - R_GA * R_AB * t_BA
-1.16721 -0.161725 -0.0534191
t_wo + t_wo_cam
-1.16767 -0.150379 -0.0671006
Time
1558546794976
Theta
0.139631
t_GA - R_GA * R_AB * t_BA
-1.16721 -0.161725 -0.0534191
t_wo + t_wo_cam
-1.16721 -0.161725 -0.0534191
Time
1558546795000
Theta
0.123239
t_GA - R_GA * R_AB * t_BA
-1.16721 -0.161725 -0.0534191
t_wo + t_wo_cam
-1.16721 -0.161725 -0.0534191
Time
1558546795021
Theta
0.123239
t_GA - R_GA * R_AB * t_BA
-1.16721 -0.161725 -0.0534191
t_wo + t_wo_cam
-1.16721 -0.161725 -0.0534191
Time
1558546795046
Theta
0.123239
t_GA - R_GA * R_AB * t_BA
-1.16765 -0.173101 -0.0540446
t_wo + t_wo_cam
-1.16721 -0.161725 -0.0534191
Time
1558546795070
Theta
0.123239
t_GA - R_GA * R_AB * t_BA
-1.16765 -0.173101 -0.0540446
t_wo + t_wo_cam
-1.16765 -0.173101 -0.0540446
Time
1558546795095
Theta
0.128159
t_GA - R_GA * R_AB * t_BA
-1.16765 -0.173101 -0.0540446
t_wo + t_wo_cam
-1.16765 -0.173101 -0.0540446
Time
1558546795119
Theta
0.128159
t_GA - R_GA * R_AB * t_BA
-1.17002 -0.162359 -0.057438
t_wo + t_wo_cam
-1.16765 -0.173101 -0.0540446
Time
1558546795144
Theta
0.128159
t_GA - R_GA * R_AB * t_BA
-1.17002 -0.162359 -0.057438
t_wo + t_wo_cam
-1.17002 -0.162359 -0.057438
Time
1558546795164
Theta
0.132342
t_GA - R_GA * R_AB * t_BA
-1.17002 -0.162359 -0.057438
t_wo + t_wo_cam
-1.17002 -0.162359 -0.057438
Time
1558546795189
Theta
0.132342
t_GA - R_GA * R_AB * t_BA
-1.17002 -0.162359 -0.057438
t_wo + t_wo_cam
-1.17002 -0.162359 -0.057438
Time
1558546795214
Theta
0.132342
t_GA - R_GA * R_AB * t_BA
-1.16931 -0.172633 -0.0629279
t_wo + t_wo_cam
-1.17002 -0.162359 -0.057438
Time
1558546795238
Theta
0.132342
t_GA - R_GA * R_AB * t_BA
-1.16931 -0.172633 -0.0629279
t_wo + t_wo_cam
-1.16931 -0.172633 -0.0629279
Time
1558546795263
Theta
0.119161
t_GA - R_GA * R_AB * t_BA
-1.16931 -0.172633 -0.0629279
t_wo + t_wo_cam
-1.16931 -0.172633 -0.0629279
Time
1558546795287
Theta
0.119161
t_GA - R_GA * R_AB * t_BA
-1.16916 -0.167102 -0.0566533
t_wo + t_wo_cam
-1.16931 -0.172633 -0.0629279
Time
1558546795308
Theta
0.119161
t_GA - R_GA * R_AB * t_BA
-1.16916 -0.167102 -0.0566533
t_wo + t_wo_cam
-1.16916 -0.167102 -0.0566533
Time
1558546795332
Theta
0.112868
t_GA - R_GA * R_AB * t_BA
-1.16916 -0.167102 -0.0566533
t_wo + t_wo_cam
-1.16916 -0.167102 -0.0566533
Time
1558546795357
Theta
0.112868
t_GA - R_GA * R_AB * t_BA
-1.16838 -0.180581 -0.0452547
t_wo + t_wo_cam
-1.16916 -0.167102 -0.0566533
Time
1558546795381
Theta
0.112868
t_GA - R_GA * R_AB * t_BA
-1.16838 -0.180581 -0.0452547
t_wo + t_wo_cam
-1.16838 -0.180581 -0.0452547
Time
1558546795406
Theta
0.108898
t_GA - R_GA * R_AB * t_BA
-1.16838 -0.180581 -0.0452547
t_wo + t_wo_cam
-1.16838 -0.180581 -0.0452547
Time
1558546795431
Theta
0.108898
t_GA - R_GA * R_AB * t_BA
-1.16838 -0.180581 -0.0452547
t_wo + t_wo_cam
-1.16838 -0.180581 -0.0452547
Time
1558546795451
Theta
0.108898
t_GA - R_GA * R_AB * t_BA
-1.16949 -0.169357 -0.0427095
t_wo + t_wo_cam
-1.16838 -0.180581 -0.0452547
Time
1558546795476
Theta
0.108898
t_GA - R_GA * R_AB * t_BA
-1.16949 -0.169357 -0.0427095
t_wo + t_wo_cam
-1.16949 -0.169357 -0.0427095
Time
1558546795500
Theta
0.108194
t_GA - R_GA * R_AB * t_BA
-1.16949 -0.169357 -0.0427095
t_wo + t_wo_cam
-1.16949 -0.169357 -0.0427095
Time
1558546795525
Theta
0.108194
t_GA - R_GA * R_AB * t_BA
-1.17003 -0.17636 -0.0404466
t_wo + t_wo_cam
-1.16949 -0.169357 -0.0427095
Time
1558546795549
Theta
0.108194
t_GA - R_GA * R_AB * t_BA
-1.17003 -0.17636 -0.0404466
t_wo + t_wo_cam
-1.17003 -0.17636 -0.0404466
Time
1558546795574
Theta
0.101596
t_GA - R_GA * R_AB * t_BA
-1.17003 -0.17636 -0.0404466
t_wo + t_wo_cam
-1.17003 -0.17636 -0.0404466
Time
1558546795594
Theta
0.101596
t_GA - R_GA * R_AB * t_BA
-1.17003 -0.17636 -0.0404466
t_wo + t_wo_cam
-1.17003 -0.17636 -0.0404466
Time
1558546795619
Theta
0.101596
t_GA - R_GA * R_AB * t_BA
-1.17017 -0.188785 -0.0390422
t_wo + t_wo_cam
-1.17003 -0.17636 -0.0404466
Time
1558546795643
Theta
0.101596
t_GA - R_GA * R_AB * t_BA
-1.17017 -0.188785 -0.0390422
t_wo + t_wo_cam
-1.17017 -0.188785 -0.0390422
Time
1558546795668
Theta
-0.103273
t_GA - R_GA * R_AB * t_BA
-1.17017 -0.188785 -0.0390422
t_wo + t_wo_cam
-1.17017 -0.188785 -0.0390422
Time
1558546795693
Theta
-0.103273
t_GA - R_GA * R_AB * t_BA
-1.1695 -0.189013 -0.0333549
t_wo + t_wo_cam
-1.17017 -0.188785 -0.0390422
Time
1558546795717
Theta
-0.103273
t_GA - R_GA * R_AB * t_BA
-1.1695 -0.189013 -0.0333549
t_wo + t_wo_cam
-1.1695 -0.189013 -0.0333549
Time
1558546795738
Theta
-0.105267
t_GA - R_GA * R_AB * t_BA
-1.1695 -0.189013 -0.0333549
t_wo + t_wo_cam
-1.1695 -0.189013 -0.0333549
Time
1558546795762
Theta
-0.105267
t_GA - R_GA * R_AB * t_BA
-1.16709 -0.177123 -0.0296352
t_wo + t_wo_cam
-1.1695 -0.189013 -0.0333549
Time
1558546795787
Theta
-0.105267
t_GA - R_GA * R_AB * t_BA
-1.16709 -0.177123 -0.0296352
t_wo + t_wo_cam
-1.16709 -0.177123 -0.0296352
Time
1558546795811
Theta
0.10336
t_GA - R_GA * R_AB * t_BA
-1.16709 -0.177123 -0.0296352
t_wo + t_wo_cam
-1.16709 -0.177123 -0.0296352
Time
1558546795836
Theta
0.10336
t_GA - R_GA * R_AB * t_BA
-1.16709 -0.177123 -0.0296352
t_wo + t_wo_cam
-1.16709 -0.177123 -0.0296352
Time
1558546795861
Theta
0.10336
t_GA - R_GA * R_AB * t_BA
-1.16502 -0.180986 -0.0182626
t_wo + t_wo_cam
-1.16709 -0.177123 -0.0296352
Time
1558546795885
Theta
0.10336
t_GA - R_GA * R_AB * t_BA
-1.16502 -0.180986 -0.0182626
t_wo + t_wo_cam
-1.16502 -0.180986 -0.0182626
Time
1558546795906
Theta
-0.0985693
t_GA - R_GA * R_AB * t_BA
-1.16502 -0.180986 -0.0182626
t_wo + t_wo_cam
-1.16502 -0.180986 -0.0182626
Time
1558546795930
Theta
-0.0985693
t_GA - R_GA * R_AB * t_BA
-1.16375 -0.173414 -0.00518998
t_wo + t_wo_cam
-1.16502 -0.180986 -0.0182626
Time
1558546795955
Theta
-0.0985693
t_GA - R_GA * R_AB * t_BA
-1.16375 -0.173414 -0.00518998
t_wo + t_wo_cam
-1.16375 -0.173414 -0.00518998
Time
1558546795979
Theta
0.0893095
t_GA - R_GA * R_AB * t_BA
-1.16375 -0.173414 -0.00518998
t_wo + t_wo_cam
-1.16375 -0.173414 -0.00518998
Time
1558546796004
Theta
0.0893095
t_GA - R_GA * R_AB * t_BA
-1.16375 -0.173414 -0.00518998
t_wo + t_wo_cam
-1.16375 -0.173414 -0.00518998
Time
1558546796028
Theta
0.0893095
t_GA - R_GA * R_AB * t_BA
-1.16246 -0.191628 0.00468564
t_wo + t_wo_cam
-1.16375 -0.173414 -0.00518998
Time
1558546796049
Theta
0.0893095
t_GA - R_GA * R_AB * t_BA
-1.16246 -0.191628 0.00468564
t_wo + t_wo_cam
-1.16246 -0.191628 0.00468564
Time
1558546796074
Theta
-0.0756236
t_GA - R_GA * R_AB * t_BA
-1.16246 -0.191628 0.00468564
t_wo + t_wo_cam
-1.16246 -0.191628 0.00468564
Time
1558546796098
Theta
-0.0756236
t_GA - R_GA * R_AB * t_BA
-1.16051 -0.205984 0.0139395
t_wo + t_wo_cam
-1.16246 -0.191628 0.00468564
Time
1558546796123
Theta
-0.0756236
t_GA - R_GA * R_AB * t_BA
-1.16051 -0.205984 0.0139395
t_wo + t_wo_cam
-1.16051 -0.205984 0.0139395
Time
1558546796147
Theta
-0.0601613
t_GA - R_GA * R_AB * t_BA
-1.16051 -0.205984 0.0139395
t_wo + t_wo_cam
-1.16051 -0.205984 0.0139395
Time
1558546796172
Theta
-0.0601613
t_GA - R_GA * R_AB * t_BA
-1.16051 -0.205984 0.0139395
t_wo + t_wo_cam
-1.16051 -0.205984 0.0139395
Time
1558546796192
Theta
-0.0601613
t_GA - R_GA * R_AB * t_BA
-1.15936 -0.208731 0.0217467
t_wo + t_wo_cam
-1.16051 -0.205984 0.0139395
Time
1558546796217
Theta
-0.0601613
t_GA - R_GA * R_AB * t_BA
-1.15936 -0.208731 0.0217467
t_wo + t_wo_cam
-1.15936 -0.208731 0.0217467
Time
1558546796241
Theta
-0.0643774
t_GA - R_GA * R_AB * t_BA
-1.15936 -0.208731 0.0217467
t_wo + t_wo_cam
-1.15936 -0.208731 0.0217467
Time
1558546796266
Theta
-0.0643774
t_GA - R_GA * R_AB * t_BA
-1.15757 -0.219121 0.0130643
t_wo + t_wo_cam
-1.15936 -0.208731 0.0217467
Time
1558546796291
Theta
-0.0643774
t_GA - R_GA * R_AB * t_BA
-1.15757 -0.219121 0.0130643
t_wo + t_wo_cam
-1.15757 -0.219121 0.0130643
Time
1558546796315
Theta
-0.0744677
t_GA - R_GA * R_AB * t_BA
-1.15757 -0.219121 0.0130643
t_wo + t_wo_cam
-1.15757 -0.219121 0.0130643
Time
1558546796336
Theta
-0.0744677
t_GA - R_GA * R_AB * t_BA
-1.15958 -0.202746 0.0121649
t_wo + t_wo_cam
-1.15757 -0.219121 0.0130643
Time
1558546796360
Theta
-0.0744677
t_GA - R_GA * R_AB * t_BA
-1.15958 -0.202746 0.0121649
t_wo + t_wo_cam
-1.15958 -0.202746 0.0121649
Time
1558546796385
Theta
-0.0695217
t_GA - R_GA * R_AB * t_BA
-1.15958 -0.202746 0.0121649
t_wo + t_wo_cam
-1.15958 -0.202746 0.0121649
Time
1558546796409
Theta
-0.0695217
t_GA - R_GA * R_AB * t_BA
-1.15958 -0.202746 0.0121649
t_wo + t_wo_cam
-1.15958 -0.202746 0.0121649
Time
1558546796434
Theta
-0.0695217
t_GA - R_GA * R_AB * t_BA
-1.15781 -0.225838 0.0122084
t_wo + t_wo_cam
-1.15958 -0.202746 0.0121649
Time
1558546796459
Theta
-0.0695217
t_GA - R_GA * R_AB * t_BA
-1.15781 -0.225838 0.0122084
t_wo + t_wo_cam
-1.15781 -0.225838 0.0122084
Time
1558546796479
Theta
-0.0831442
t_GA - R_GA * R_AB * t_BA
-1.15781 -0.225838 0.0122084
t_wo + t_wo_cam
-1.15781 -0.225838 0.0122084
Time
1558546796504
Theta
-0.0831442
t_GA - R_GA * R_AB * t_BA
-1.15864 -0.216863 0.00871797
t_wo + t_wo_cam
-1.15781 -0.225838 0.0122084
Time
1558546796528
Theta
-0.0831442
t_GA - R_GA * R_AB * t_BA
-1.15864 -0.216863 0.00871797
t_wo + t_wo_cam
-1.15864 -0.216863 0.00871797
Time
1558546796553
Theta
-0.0784051
t_GA - R_GA * R_AB * t_BA
-1.15864 -0.216863 0.00871797
t_wo + t_wo_cam
-1.15864 -0.216863 0.00871797
Time
1558546796577
Theta
-0.0784051
t_GA - R_GA * R_AB * t_BA
-1.15751 -0.222181 0.0092966
t_wo + t_wo_cam
-1.15864 -0.216863 0.00871797
Time
1558546796602
Theta
-0.0784051
t_GA - R_GA * R_AB * t_BA
-1.15751 -0.222181 0.0092966
t_wo + t_wo_cam
-1.15751 -0.222181 0.0092966
Time
1558546796622
Theta
-0.0827492
t_GA - R_GA * R_AB * t_BA
-1.15751 -0.222181 0.0092966
t_wo + t_wo_cam
-1.15751 -0.222181 0.0092966
Time
1558546796647
Theta
-0.0827492
t_GA - R_GA * R_AB * t_BA
-1.15751 -0.222181 0.0092966
t_wo + t_wo_cam
-1.15751 -0.222181 0.0092966
Time
1558546796672
Theta
-0.0827492
t_GA - R_GA * R_AB * t_BA
-1.15726 -0.223289 0.0171421
t_wo + t_wo_cam
-1.15751 -0.222181 0.0092966
Time
1558546796696
Theta
-0.0827492
t_GA - R_GA * R_AB * t_BA
-1.15726 -0.223289 0.0171421
t_wo + t_wo_cam
-1.15726 -0.223289 0.0171421
Time
1558546796721
Theta
-0.0848694
t_GA - R_GA * R_AB * t_BA
-1.15726 -0.223289 0.0171421
t_wo + t_wo_cam
-1.15726 -0.223289 0.0171421
Time
1558546796745
Theta
-0.0848694
t_GA - R_GA * R_AB * t_BA
-1.15483 -0.231293 0.0131856
t_wo + t_wo_cam
-1.15726 -0.223289 0.0171421
Time
1558546796766
Theta
-0.0848694
t_GA - R_GA * R_AB * t_BA
-1.15483 -0.231293 0.0131856
t_wo + t_wo_cam
-1.15483 -0.231293 0.0131856
Time
1558546796790
Theta
-0.101124
t_GA - R_GA * R_AB * t_BA
-1.15483 -0.231293 0.0131856
t_wo + t_wo_cam
-1.15483 -0.231293 0.0131856
Time
1558546796815
Theta
-0.101124
t_GA - R_GA * R_AB * t_BA
-1.15483 -0.231293 0.0131856
t_wo + t_wo_cam
-1.15483 -0.231293 0.0131856
Time
1558546796839
Theta
-0.101124
t_GA - R_GA * R_AB * t_BA
-1.15389 -0.231499 0.00882729
t_wo + t_wo_cam
-1.15483 -0.231293 0.0131856
Time
1558546796864
Theta
-0.101124
t_GA - R_GA * R_AB * t_BA
-1.15389 -0.231499 0.00882729
t_wo + t_wo_cam
-1.15389 -0.231499 0.00882729
Time
1558546796889
Theta
-0.110683
t_GA - R_GA * R_AB * t_BA
-1.15389 -0.231499 0.00882729
t_wo + t_wo_cam
-1.15389 -0.231499 0.00882729
Time
1558546796913
Theta
-0.110683
t_GA - R_GA * R_AB * t_BA
-1.15617 -0.209142 0.0204807
t_wo + t_wo_cam
-1.15389 -0.231499 0.00882729
Time
1558546796934
Theta
-0.110683
t_GA - R_GA * R_AB * t_BA
-1.15617 -0.209142 0.0204807
t_wo + t_wo_cam
-1.15617 -0.209142 0.0204807
Time
1558546796958
Theta
-0.111809
t_GA - R_GA * R_AB * t_BA
-1.15617 -0.209142 0.0204807
t_wo + t_wo_cam
-1.15617 -0.209142 0.0204807
Time
1558546796983
Theta
-0.111809
t_GA - R_GA * R_AB * t_BA
-1.15617 -0.209142 0.0204807
t_wo + t_wo_cam
-1.15617 -0.209142 0.0204807
Time
1558546797007
Theta
-0.111809
t_GA - R_GA * R_AB * t_BA
-1.16396 -0.156282 -0.00191281
t_wo + t_wo_cam
-1.15617 -0.209142 0.0204807
Time
1558546797032
Theta
-0.111809
t_GA - R_GA * R_AB * t_BA
-1.16396 -0.156282 -0.00191281
t_wo + t_wo_cam
-1.16396 -0.156282 -0.00191281
Time
1558546797057
Theta
0.105518
t_GA - R_GA * R_AB * t_BA
-1.16396 -0.156282 -0.00191281
t_wo + t_wo_cam
-1.16396 -0.156282 -0.00191281
Time
1558546797077
Theta
0.105518
t_GA - R_GA * R_AB * t_BA
-1.17212 -0.15453 0.0540826
t_wo + t_wo_cam
-1.16396 -0.156282 -0.00191281
Time
1558546797102
Theta
0.105518
t_GA - R_GA * R_AB * t_BA
-1.17212 -0.15453 0.0540826
t_wo + t_wo_cam
-1.17212 -0.15453 0.0540826
Time
1558546797126
Theta
-0.0950226
t_GA - R_GA * R_AB * t_BA
-1.17212 -0.15453 0.0540826
t_wo + t_wo_cam
-1.17212 -0.15453 0.0540826
Time
1558546797151
Theta
-0.0950226
t_GA - R_GA * R_AB * t_BA
-1.18211 -0.122995 0.0514574
t_wo + t_wo_cam
-1.17212 -0.15453 0.0540826
Time
1558546797175
Theta
-0.0950226
t_GA - R_GA * R_AB * t_BA
-1.18211 -0.122995 0.0514574
t_wo + t_wo_cam
-1.18211 -0.122995 0.0514574
Time
1558546797200
Theta
0.106457
t_GA - R_GA * R_AB * t_BA
-1.18211 -0.122995 0.0514574
t_wo + t_wo_cam
-1.18211 -0.122995 0.0514574
Time
1558546797220
Theta
0.106457
t_GA - R_GA * R_AB * t_BA
-1.18211 -0.122995 0.0514574
t_wo + t_wo_cam
-1.18211 -0.122995 0.0514574
Time
1558546797245
Theta
0.106457
t_GA - R_GA * R_AB * t_BA
-1.19122 -0.124051 0.0429056
t_wo + t_wo_cam
-1.18211 -0.122995 0.0514574
Time
1558546797269
Theta
0.106457
t_GA - R_GA * R_AB * t_BA
-1.19122 -0.124051 0.0429056
t_wo + t_wo_cam
-1.19122 -0.124051 0.0429056
Time
1558546797294
Theta
0.12907
t_GA - R_GA * R_AB * t_BA
-1.19122 -0.124051 0.0429056
t_wo + t_wo_cam
-1.19122 -0.124051 0.0429056
Time
1558546797319
Theta
0.12907
t_GA - R_GA * R_AB * t_BA
-1.20003 -0.0864964 0.0111942
t_wo + t_wo_cam
-1.19122 -0.124051 0.0429056
Time
1558546797343
Theta
0.12907
t_GA - R_GA * R_AB * t_BA
-1.20003 -0.0864964 0.0111942
t_wo + t_wo_cam
-1.20003 -0.0864964 0.0111942
Time
1558546797364
Theta
0.146823
t_GA - R_GA * R_AB * t_BA
-1.20003 -0.0864964 0.0111942
t_wo + t_wo_cam
-1.20003 -0.0864964 0.0111942
Time
1558546797388
Theta
0.146823
t_GA - R_GA * R_AB * t_BA
-1.20003 -0.0864964 0.0111942
t_wo + t_wo_cam
-1.20003 -0.0864964 0.0111942
Time
1558546797413
Theta
0.146823
t_GA - R_GA * R_AB * t_BA
-1.20582 -0.160211 -0.0186608
t_wo + t_wo_cam
-1.20003 -0.0864964 0.0111942
Time
1558546797437
Theta
0.146823
t_GA - R_GA * R_AB * t_BA
-1.20582 -0.160211 -0.0186608
t_wo + t_wo_cam
-1.20582 -0.160211 -0.0186608
Time
1558546797462
Theta
-0.173269
t_GA - R_GA * R_AB * t_BA
-1.20582 -0.160211 -0.0186608
t_wo + t_wo_cam
-1.20582 -0.160211 -0.0186608
Time
1558546797487
Theta
-0.173269
t_GA - R_GA * R_AB * t_BA
-1.21008 -0.149271 -0.0480565
t_wo + t_wo_cam
-1.20582 -0.160211 -0.0186608
Time
1558546797507
Theta
-0.173269
t_GA - R_GA * R_AB * t_BA
-1.21008 -0.149271 -0.0480565
t_wo + t_wo_cam
-1.21008 -0.149271 -0.0480565
Time
1558546797532
Theta
-0.193789
t_GA - R_GA * R_AB * t_BA
-1.21008 -0.149271 -0.0480565
t_wo + t_wo_cam
-1.21008 -0.149271 -0.0480565
Time
1558546797556
Theta
-0.193789
t_GA - R_GA * R_AB * t_BA
-1.21008 -0.149271 -0.0480565
t_wo + t_wo_cam
-1.21008 -0.149271 -0.0480565
Time
1558546797581
Theta
-0.193789
t_GA - R_GA * R_AB * t_BA
-1.21321 -0.159953 -0.0590666
t_wo + t_wo_cam
-1.21008 -0.149271 -0.0480565
Time
1558546797605
Theta
-0.193789
t_GA - R_GA * R_AB * t_BA
-1.21321 -0.159953 -0.0590666
t_wo + t_wo_cam
-1.21321 -0.159953 -0.0590666
Time
1558546797630
Theta
-0.206949
t_GA - R_GA * R_AB * t_BA
-1.21321 -0.159953 -0.0590666
t_wo + t_wo_cam
-1.21321 -0.159953 -0.0590666
Time
1558546797650
Theta
-0.206949
t_GA - R_GA * R_AB * t_BA
-1.21865 -0.127459 -0.0484948
t_wo + t_wo_cam
-1.21321 -0.159953 -0.0590666
Time
1558546797675
Theta
-0.206949
t_GA - R_GA * R_AB * t_BA
-1.21865 -0.127459 -0.0484948
t_wo + t_wo_cam
-1.21865 -0.127459 -0.0484948
Time
1558546797700
Theta
-0.183032
t_GA - R_GA * R_AB * t_BA
-1.21865 -0.127459 -0.0484948
t_wo + t_wo_cam
-1.21865 -0.127459 -0.0484948
Time
1558546797724
Theta
-0.183032
t_GA - R_GA * R_AB * t_BA
-1.22353 -0.0365178 0.00622281
t_wo + t_wo_cam
-1.21865 -0.127459 -0.0484948
Time
1558546797749
Theta
-0.183032
t_GA - R_GA * R_AB * t_BA
-1.22353 -0.0365178 0.00622281
t_wo + t_wo_cam
-1.22353 -0.0365178 0.00622281
Time
1558546797773
Theta
0.165517
t_GA - R_GA * R_AB * t_BA
-1.22353 -0.0365178 0.00622281
t_wo + t_wo_cam
-1.22353 -0.0365178 0.00622281
Time
1558546797794
Theta
0.165517
t_GA - R_GA * R_AB * t_BA
-1.22353 -0.0365178 0.00622281
t_wo + t_wo_cam
-1.22353 -0.0365178 0.00622281
Time
1558546797818
Theta
0.165517
t_GA - R_GA * R_AB * t_BA
-1.23082 -0.159404 0.0605758
t_wo + t_wo_cam
-1.22353 -0.0365178 0.00622281
Time
1558546797843
Theta
0.165517
t_GA - R_GA * R_AB * t_BA
-1.23082 -0.159404 0.0605758
t_wo + t_wo_cam
-1.23082 -0.159404 0.0605758
Time
1558546797868
Theta
-0.147081
t_GA - R_GA * R_AB * t_BA
-1.23082 -0.159404 0.0605758
t_wo + t_wo_cam
-1.23082 -0.159404 0.0605758
Time
1558546797892
Theta
-0.147081
t_GA - R_GA * R_AB * t_BA
-1.24833 -0.0503058 0.0283904
t_wo + t_wo_cam
-1.23082 -0.159404 0.0605758
Time
1558546797917
Theta
-0.147081
t_GA - R_GA * R_AB * t_BA
-1.24833 -0.0503058 0.0283904
t_wo + t_wo_cam
-1.24833 -0.0503058 0.0283904
Time
1558546797937
Theta
0.139868
t_GA - R_GA * R_AB * t_BA
-1.24833 -0.0503058 0.0283904
t_wo + t_wo_cam
-1.24833 -0.0503058 0.0283904
Time
1558546797962
Theta
0.139868
t_GA - R_GA * R_AB * t_BA
-1.24833 -0.0503058 0.0283904
t_wo + t_wo_cam
-1.24833 -0.0503058 0.0283904
Time
1558546797986
Theta
0.139868
t_GA - R_GA * R_AB * t_BA
-1.24507 -0.142048 0.00371774
t_wo + t_wo_cam
-1.24833 -0.0503058 0.0283904
Time
1558546798011
Theta
0.139868
t_GA - R_GA * R_AB * t_BA
-1.24507 -0.142048 0.00371774
t_wo + t_wo_cam
-1.24507 -0.142048 0.00371774
Time
1558546798036
Theta
-0.143007
t_GA - R_GA * R_AB * t_BA
-1.24507 -0.142048 0.00371774
t_wo + t_wo_cam
-1.24507 -0.142048 0.00371774
Time
1558546798060
Theta
-0.143007
t_GA - R_GA * R_AB * t_BA
-1.24507 -0.142048 0.00371774
t_wo + t_wo_cam
-1.24507 -0.142048 0.00371774
Time
1558546798085
Theta
-0.143007
t_GA - R_GA * R_AB * t_BA
-1.24448 -0.109004 0.0440606
t_wo + t_wo_cam
-1.24507 -0.142048 0.00371774
Time
1558546798105
Theta
-0.143007
t_GA - R_GA * R_AB * t_BA
-1.24448 -0.109004 0.0440606
t_wo + t_wo_cam
-1.24448 -0.109004 0.0440606
Time
1558546798130
Theta
-0.125564
t_GA - R_GA * R_AB * t_BA
-1.24448 -0.109004 0.0440606
t_wo + t_wo_cam
-1.24448 -0.109004 0.0440606
Time
1558546798154
Theta
-0.125564
t_GA - R_GA * R_AB * t_BA
-1.18769 -0.309298 0.193442
t_wo + t_wo_cam
-1.24448 -0.109004 0.0440606
Time
1558546798179
Theta
-0.125564
t_GA - R_GA * R_AB * t_BA
-1.18769 -0.309298 0.193442
t_wo + t_wo_cam
-1.18769 -0.309298 0.193442
Time
1558546798203
Theta
-0.220238
t_GA - R_GA * R_AB * t_BA
-1.18769 -0.309298 0.193442
t_wo + t_wo_cam
-1.18769 -0.309298 0.193442
Time
1558546798228
Theta
-0.220238
t_GA - R_GA * R_AB * t_BA
-1.18769 -0.309298 0.193442
t_wo + t_wo_cam
-1.18769 -0.309298 0.193442
Time
1558546798248
Theta
-0.220238
t_GA - R_GA * R_AB * t_BA
-1.21756 -0.0316238 0.230536
t_wo + t_wo_cam
-1.18769 -0.309298 0.193442
Time
1558546798273
Theta
-0.220238
t_GA - R_GA * R_AB * t_BA
-1.21756 -0.0316238 0.230536
t_wo + t_wo_cam
-1.21756 -0.0316238 0.230536
Time
1558546798298
Theta
0.0229863
t_GA - R_GA * R_AB * t_BA
-1.21756 -0.0316238 0.230536
t_wo + t_wo_cam
-1.21756 -0.0316238 0.230536
Time
1558546798322
Theta
0.0229863
t_GA - R_GA * R_AB * t_BA
-1.21756 -0.0316238 0.230536
t_wo + t_wo_cam
-1.21756 -0.0316238 0.230536
Time
1558546798347
Theta
0.0229863
t_GA - R_GA * R_AB * t_BA
-1.20992 -0.103825 0.252298
t_wo + t_wo_cam
-1.21756 -0.0316238 0.230536
Time
1558546798371
Theta
0.0229863
t_GA - R_GA * R_AB * t_BA
-1.20992 -0.103825 0.252298
t_wo + t_wo_cam
-1.20992 -0.103825 0.252298
Time
1558546798392
Theta
-0.0547314
t_GA - R_GA * R_AB * t_BA
-1.20992 -0.103825 0.252298
t_wo + t_wo_cam
-1.20992 -0.103825 0.252298
Time
1558546798416
Theta
-0.0547314
t_GA - R_GA * R_AB * t_BA
-1.22169 -0.122593 0.225942
t_wo + t_wo_cam
-1.20992 -0.103825 0.252298
Time
1558546798441
Theta
-0.0547314
t_GA - R_GA * R_AB * t_BA
-1.22169 -0.122593 0.225942
t_wo + t_wo_cam
-1.22169 -0.122593 0.225942
Time
1558546798466
Theta
-0.0732155
t_GA - R_GA * R_AB * t_BA
-1.22169 -0.122593 0.225942
t_wo + t_wo_cam
-1.22169 -0.122593 0.225942
Time
1558546798490
Theta
-0.0732155
t_GA - R_GA * R_AB * t_BA
-1.22169 -0.122593 0.225942
t_wo + t_wo_cam
-1.22169 -0.122593 0.225942
Time
1558546798515
Theta
-0.0732155
t_GA - R_GA * R_AB * t_BA
-1.21567 -0.127187 0.250295
t_wo + t_wo_cam
-1.22169 -0.122593 0.225942
Time
1558546798535
Theta
-0.0732155
t_GA - R_GA * R_AB * t_BA
-1.21567 -0.127187 0.250295
t_wo + t_wo_cam
-1.21567 -0.127187 0.250295
Time
1558546798560
Theta
-0.0821153
t_GA - R_GA * R_AB * t_BA
-1.21567 -0.127187 0.250295
t_wo + t_wo_cam
-1.21567 -0.127187 0.250295
Time
1558546798584
Theta
-0.0821153
t_GA - R_GA * R_AB * t_BA
-1.20899 -0.139413 0.260978
t_wo + t_wo_cam
-1.21567 -0.127187 0.250295
Time
1558546798609
Theta
-0.0821153
t_GA - R_GA * R_AB * t_BA
-1.20899 -0.139413 0.260978
t_wo + t_wo_cam
-1.20899 -0.139413 0.260978
Time
1558546798633
Theta
-0.0938691
t_GA - R_GA * R_AB * t_BA
-1.20899 -0.139413 0.260978
t_wo + t_wo_cam
-1.20899 -0.139413 0.260978
Time
1558546798659
Theta
-0.0938691
t_GA - R_GA * R_AB * t_BA
-1.20899 -0.139413 0.260978
t_wo + t_wo_cam
-1.20899 -0.139413 0.260978
Time
1558546798678
Theta
-0.0938691
t_GA - R_GA * R_AB * t_BA
-1.20899 -0.139413 0.260978
t_wo + t_wo_cam
-1.20899 -0.139413 0.260978
Time
1558546798703
Theta
-0.0938691
t_GA - R_GA * R_AB * t_BA
-1.19236 -0.125978 0.314728
t_wo + t_wo_cam
-1.20899 -0.139413 0.260978
Time
1558546798728
Theta
-0.0938691
t_GA - R_GA * R_AB * t_BA
-1.19236 -0.125978 0.314728
t_wo + t_wo_cam
-1.19236 -0.125978 0.314728
Time
1558546798752
Theta
-0.0853598
t_GA - R_GA * R_AB * t_BA
-1.19236 -0.125978 0.314728
t_wo + t_wo_cam
-1.19236 -0.125978 0.314728
Time
1558546798778
Theta
-0.0853598
t_GA - R_GA * R_AB * t_BA
-1.19236 -0.125978 0.314728
t_wo + t_wo_cam
-1.19236 -0.125978 0.314728
Time
1558546798801
Theta
-0.0853598
t_GA - R_GA * R_AB * t_BA
-1.19236 -0.125978 0.314728
t_wo + t_wo_cam
-1.19236 -0.125978 0.314728
Time
1558546798822
Theta
-0.0853598
t_GA - R_GA * R_AB * t_BA
-1.19236 -0.125978 0.314728
t_wo + t_wo_cam
-1.19236 -0.125978 0.314728
Time
1558546798846
Theta
-0.0853598
t_GA - R_GA * R_AB * t_BA
-1.19236 -0.125978 0.314728
t_wo + t_wo_cam
-1.19236 -0.125978 0.314728
Time
1558546798872
Theta
-0.0853598
t_GA - R_GA * R_AB * t_BA
-1.19236 -0.125978 0.314728
t_wo + t_wo_cam
-1.19236 -0.125978 0.314728
Time
1558546798896
Theta
-0.0853598
t_GA - R_GA * R_AB * t_BA
-1.19236 -0.125978 0.314728
t_wo + t_wo_cam
-1.19236 -0.125978 0.314728
Time
1558546798920
Theta
-0.0853598
t_GA - R_GA * R_AB * t_BA
-1.19236 -0.125978 0.314728
t_wo + t_wo_cam
-1.19236 -0.125978 0.314728
Time
1558546798945
Theta
-0.0853598
t_GA - R_GA * R_AB * t_BA
-1.19236 -0.125978 0.314728
t_wo + t_wo_cam
-1.19236 -0.125978 0.314728
Time
1558546798966
Theta
-0.0853598
t_GA - R_GA * R_AB * t_BA
-1.19236 -0.125978 0.314728
t_wo + t_wo_cam
-1.19236 -0.125978 0.314728
Time
1558546798990
Theta
-0.0853598
t_GA - R_GA * R_AB * t_BA
-1.19236 -0.125978 0.314728
t_wo + t_wo_cam
-1.19236 -0.125978 0.314728
Time
1558546799014
Theta
-0.0853598
t_GA - R_GA * R_AB * t_BA
-1.12228 -0.130001 0.441774
t_wo + t_wo_cam
-1.19236 -0.125978 0.314728
Time
1558546799039
Theta
-0.0853598
t_GA - R_GA * R_AB * t_BA
-1.12228 -0.130001 0.441774
t_wo + t_wo_cam
-1.12228 -0.130001 0.441774
Time
1558546799063
Theta
-0.0959443
t_GA - R_GA * R_AB * t_BA
-1.12228 -0.130001 0.441774
t_wo + t_wo_cam
-1.12228 -0.130001 0.441774
Time
1558546799088
Theta
-0.0959443
t_GA - R_GA * R_AB * t_BA
-1.12228 -0.130001 0.441774
t_wo + t_wo_cam
-1.12228 -0.130001 0.441774
Time
1558546799114
Theta
-0.0959443
t_GA - R_GA * R_AB * t_BA
-1.12228 -0.130001 0.441774
t_wo + t_wo_cam
-1.12228 -0.130001 0.441774
Time
1558546799133
Theta
-0.0959443
t_GA - R_GA * R_AB * t_BA
-1.12228 -0.130001 0.441774
t_wo + t_wo_cam
-1.12228 -0.130001 0.441774
Time
1558546799158
Theta
-0.0959443
t_GA - R_GA * R_AB * t_BA
-1.14105 -0.147988 0.375713
t_wo + t_wo_cam
-1.12228 -0.130001 0.441774
Time
1558546799182
Theta
-0.0959443
t_GA - R_GA * R_AB * t_BA
-1.14105 -0.147988 0.375713
t_wo + t_wo_cam
-1.14105 -0.147988 0.375713
Time
1558546799207
Theta
-0.118482
t_GA - R_GA * R_AB * t_BA
-1.14105 -0.147988 0.375713
t_wo + t_wo_cam
-1.14105 -0.147988 0.375713
Time
1558546799231
Theta
-0.118482
t_GA - R_GA * R_AB * t_BA
-1.14105 -0.147988 0.375713
t_wo + t_wo_cam
-1.14105 -0.147988 0.375713
Time
1558546799256
Theta
-0.118482
t_GA - R_GA * R_AB * t_BA
-1.1714 -0.14547 0.29958
t_wo + t_wo_cam
-1.14105 -0.147988 0.375713
Time
1558546799277
Theta
-0.118482
t_GA - R_GA * R_AB * t_BA
-1.1714 -0.14547 0.29958
t_wo + t_wo_cam
-1.1714 -0.14547 0.29958
Time
1558546799301
Theta
-0.122133
t_GA - R_GA * R_AB * t_BA
-1.1714 -0.14547 0.29958
t_wo + t_wo_cam
-1.1714 -0.14547 0.29958
Time
1558546799326
Theta
-0.122133
t_GA - R_GA * R_AB * t_BA
-1.18667 -0.168757 0.218778
t_wo + t_wo_cam
-1.1714 -0.14547 0.29958
Time
1558546799350
Theta
-0.122133
t_GA - R_GA * R_AB * t_BA
-1.18667 -0.168757 0.218778
t_wo + t_wo_cam
-1.18667 -0.168757 0.218778
Time
1558546799375
Theta
-0.160115
t_GA - R_GA * R_AB * t_BA
-1.18667 -0.168757 0.218778
t_wo + t_wo_cam
-1.18667 -0.168757 0.218778
Time
1558546799399
Theta
-0.160115
t_GA - R_GA * R_AB * t_BA
-1.18667 -0.168757 0.218778
t_wo + t_wo_cam
-1.18667 -0.168757 0.218778
Time
1558546799420
Theta
-0.160115
t_GA - R_GA * R_AB * t_BA
-1.17864 -0.184757 0.219484
t_wo + t_wo_cam
-1.18667 -0.168757 0.218778
Time
1558546799444
Theta
-0.160115
t_GA - R_GA * R_AB * t_BA
-1.17864 -0.184757 0.219484
t_wo + t_wo_cam
-1.17864 -0.184757 0.219484
Time
1558546799469
Theta
-0.170589
t_GA - R_GA * R_AB * t_BA
-1.17864 -0.184757 0.219484
t_wo + t_wo_cam
-1.17864 -0.184757 0.219484
Time
1558546799494
Theta
-0.170589
t_GA - R_GA * R_AB * t_BA
-1.16067 -0.173889 0.254558
t_wo + t_wo_cam
-1.17864 -0.184757 0.219484
Time
1558546799518
Theta
-0.170589
t_GA - R_GA * R_AB * t_BA
-1.16067 -0.173889 0.254558
t_wo + t_wo_cam
-1.16067 -0.173889 0.254558
Time
1558546799543
Theta
-0.153855
t_GA - R_GA * R_AB * t_BA
-1.16067 -0.173889 0.254558
t_wo + t_wo_cam
-1.16067 -0.173889 0.254558
Time
1558546799563
Theta
-0.153855
t_GA - R_GA * R_AB * t_BA
-1.16067 -0.173889 0.254558
t_wo + t_wo_cam
-1.16067 -0.173889 0.254558
Time
1558546799588
Theta
-0.153855
t_GA - R_GA * R_AB * t_BA
-1.14548 -0.111692 0.298553
t_wo + t_wo_cam
-1.16067 -0.173889 0.254558
Time
1558546799612
Theta
-0.153855
t_GA - R_GA * R_AB * t_BA
-1.14548 -0.111692 0.298553
t_wo + t_wo_cam
-1.14548 -0.111692 0.298553
Time
1558546799637
Theta
-0.10577
t_GA - R_GA * R_AB * t_BA
-1.14548 -0.111692 0.298553
t_wo + t_wo_cam
-1.14548 -0.111692 0.298553
Time
1558546799661
Theta
-0.10577
t_GA - R_GA * R_AB * t_BA
-1.1369 -0.10104 0.317631
t_wo + t_wo_cam
-1.14548 -0.111692 0.298553
Time
1558546799686
Theta
-0.10577
t_GA - R_GA * R_AB * t_BA
-1.1369 -0.10104 0.317631
t_wo + t_wo_cam
-1.1369 -0.10104 0.317631
Time
1558546799706
Theta
-0.0977121
t_GA - R_GA * R_AB * t_BA
-1.1369 -0.10104 0.317631
t_wo + t_wo_cam
-1.1369 -0.10104 0.317631
Time
1558546799731
Theta
-0.0977121
t_GA - R_GA * R_AB * t_BA
-1.1369 -0.10104 0.317631
t_wo + t_wo_cam
-1.1369 -0.10104 0.317631
Time
1558546799756
Theta
-0.0977121
t_GA - R_GA * R_AB * t_BA
-1.12746 -0.0510713 0.343726
t_wo + t_wo_cam
-1.1369 -0.10104 0.317631
Time
1558546799780
Theta
-0.0977121
t_GA - R_GA * R_AB * t_BA
-1.12746 -0.0510713 0.343726
t_wo + t_wo_cam
-1.12746 -0.0510713 0.343726
Time
1558546799805
Theta
-0.0672292
t_GA - R_GA * R_AB * t_BA
-1.12746 -0.0510713 0.343726
t_wo + t_wo_cam
-1.12746 -0.0510713 0.343726
Time
1558546799829
Theta
-0.0672292
t_GA - R_GA * R_AB * t_BA
-1.12659 -0.0582274 0.344862
t_wo + t_wo_cam
-1.12746 -0.0510713 0.343726
Time
1558546799850
Theta
-0.0672292
t_GA - R_GA * R_AB * t_BA
-1.12659 -0.0582274 0.344862
t_wo + t_wo_cam
-1.12659 -0.0582274 0.344862
Time
1558546799874
Theta
-0.0699038
t_GA - R_GA * R_AB * t_BA
-1.12659 -0.0582274 0.344862
t_wo + t_wo_cam
-1.12659 -0.0582274 0.344862
Time
1558546799899
Theta
-0.0699038
t_GA - R_GA * R_AB * t_BA
-1.12659 -0.0582274 0.344862
t_wo + t_wo_cam
-1.12659 -0.0582274 0.344862
Time
1558546799924
Theta
-0.0699038
t_GA - R_GA * R_AB * t_BA
-1.13658 -0.0436724 0.319812
t_wo + t_wo_cam
-1.12659 -0.0582274 0.344862
Time
1558546799948
Theta
-0.0699038
t_GA - R_GA * R_AB * t_BA
-1.13658 -0.0436724 0.319812
t_wo + t_wo_cam
-1.13658 -0.0436724 0.319812
Time
1558546799973
Theta
-0.0491038
t_GA - R_GA * R_AB * t_BA
-1.13658 -0.0436724 0.319812
t_wo + t_wo_cam
-1.13658 -0.0436724 0.319812
Time
1558546799993
Theta
-0.0491038
t_GA - R_GA * R_AB * t_BA
-1.14483 -0.0283113 0.294677
t_wo + t_wo_cam
-1.13658 -0.0436724 0.319812
Time
1558546800018
Theta
-0.0491038
t_GA - R_GA * R_AB * t_BA
-1.14483 -0.0283113 0.294677
t_wo + t_wo_cam
-1.14483 -0.0283113 0.294677
Time
1558546800042
Theta
-0.0376542
t_GA - R_GA * R_AB * t_BA
-1.14483 -0.0283113 0.294677
t_wo + t_wo_cam
-1.14483 -0.0283113 0.294677
Time
1558546800067
Theta
-0.0376542
t_GA - R_GA * R_AB * t_BA
-1.14483 -0.0283113 0.294677
t_wo + t_wo_cam
-1.14483 -0.0283113 0.294677
Time
1558546800092
Theta
-0.0376542
t_GA - R_GA * R_AB * t_BA
-1.14958 0.00867251 0.280794
t_wo + t_wo_cam
-1.14483 -0.0283113 0.294677
Time
1558546800116
Theta
-0.0376542
t_GA - R_GA * R_AB * t_BA
-1.14958 0.00867251 0.280794
t_wo + t_wo_cam
-1.14958 0.00867251 0.280794
Time
1558546800141
Theta
0.0251612
t_GA - R_GA * R_AB * t_BA
-1.14958 0.00867251 0.280794
t_wo + t_wo_cam
-1.14958 0.00867251 0.280794
Time
1558546800161
Theta
0.0251612
t_GA - R_GA * R_AB * t_BA
-1.14909 0.0440365 0.280876
t_wo + t_wo_cam
-1.14958 0.00867251 0.280794
Time
1558546800186
Theta
0.0251612
t_GA - R_GA * R_AB * t_BA
-1.14909 0.0440365 0.280876
t_wo + t_wo_cam
-1.14909 0.0440365 0.280876
Time
1558546800210
Theta
0.0389691
t_GA - R_GA * R_AB * t_BA
-1.14909 0.0440365 0.280876
t_wo + t_wo_cam
-1.14909 0.0440365 0.280876
Time
1558546800235
Theta
0.0389691
t_GA - R_GA * R_AB * t_BA
-1.14909 0.0440365 0.280876
t_wo + t_wo_cam
-1.14909 0.0440365 0.280876
Time
1558546800260
Theta
0.0389691
t_GA - R_GA * R_AB * t_BA
-1.13903 0.129237 0.294811
t_wo + t_wo_cam
-1.14909 0.0440365 0.280876
Time
1558546800284
Theta
0.0389691
t_GA - R_GA * R_AB * t_BA
-1.13903 0.129237 0.294811
t_wo + t_wo_cam
-1.13903 0.129237 0.294811
Time
1558546800305
Theta
0.109812
t_GA - R_GA * R_AB * t_BA
-1.13903 0.129237 0.294811
t_wo + t_wo_cam
-1.13903 0.129237 0.294811
Time
1558546800329
Theta
0.109812
t_GA - R_GA * R_AB * t_BA
-1.13496 0.187452 0.287121
t_wo + t_wo_cam
-1.13903 0.129237 0.294811
Time
1558546800354
Theta
0.109812
t_GA - R_GA * R_AB * t_BA
-1.13496 0.187452 0.287121
t_wo + t_wo_cam
-1.13496 0.187452 0.287121
Time
1558546800378
Theta
0.160676
t_GA - R_GA * R_AB * t_BA
-1.13496 0.187452 0.287121
t_wo + t_wo_cam
-1.13496 0.187452 0.287121
Time
1558546800403
Theta
0.160676
t_GA - R_GA * R_AB * t_BA
-1.13496 0.187452 0.287121
t_wo + t_wo_cam
-1.13496 0.187452 0.287121
Time
1558546800427
Theta
0.160676
t_GA - R_GA * R_AB * t_BA
-1.12755 0.25428 0.273556
t_wo + t_wo_cam
-1.13496 0.187452 0.287121
Time
1558546800448
Theta
0.160676
t_GA - R_GA * R_AB * t_BA
-1.12755 0.25428 0.273556
t_wo + t_wo_cam
-1.12755 0.25428 0.273556
Time
1558546800472
Theta
0.216334
t_GA - R_GA * R_AB * t_BA
-1.12755 0.25428 0.273556
t_wo + t_wo_cam
-1.12755 0.25428 0.273556
Time
1558546800497
Theta
0.216334
t_GA - R_GA * R_AB * t_BA
-1.12755 0.25428 0.273556
t_wo + t_wo_cam
-1.12755 0.25428 0.273556
Time
1558546800522
Theta
0.216334
t_GA - R_GA * R_AB * t_BA
-1.09532 0.398826 0.248493
t_wo + t_wo_cam
-1.13076 0.258014 0.274516
Time
1558546800546
Theta
0.216334
t_GA - R_GA * R_AB * t_BA
-1.09532 0.398826 0.248493
t_wo + t_wo_cam
-1.09532 0.398826 0.248493
Time
1558546800571
Theta
0.337057
t_GA - R_GA * R_AB * t_BA
-1.09532 0.398826 0.248493
t_wo + t_wo_cam
-1.09532 0.398826 0.248493
Time
1558546800591
Theta
0.337057
t_GA - R_GA * R_AB * t_BA
-1.07243 0.461863 0.241887
t_wo + t_wo_cam
-1.09532 0.398826 0.248493
Time
1558546800616
Theta
0.337057
t_GA - R_GA * R_AB * t_BA
-1.07243 0.461863 0.241887
t_wo + t_wo_cam
-1.07243 0.461863 0.241887
Time
1558546800640
Theta
0.391665
t_GA - R_GA * R_AB * t_BA
-1.07243 0.461863 0.241887
t_wo + t_wo_cam
-1.07243 0.461863 0.241887
Time
1558546800665
Theta
0.391665
t_GA - R_GA * R_AB * t_BA
-1.07243 0.461863 0.241887
t_wo + t_wo_cam
-1.07243 0.461863 0.241887
Time
1558546800690
Theta
0.391665
t_GA - R_GA * R_AB * t_BA
-1.05253 0.513792 0.233679
t_wo + t_wo_cam
-1.07243 0.461863 0.241887
Time
1558546800714
Theta
0.391665
t_GA - R_GA * R_AB * t_BA
-1.05253 0.513792 0.233679
t_wo + t_wo_cam
-1.05253 0.513792 0.233679
Time
1558546800735
Theta
0.439245
t_GA - R_GA * R_AB * t_BA
-1.05253 0.513792 0.233679
t_wo + t_wo_cam
-1.05253 0.513792 0.233679
Time
1558546800759
Theta
0.439245
t_GA - R_GA * R_AB * t_BA
-0.972707 0.675541 0.192883
t_wo + t_wo_cam
-1.05253 0.513792 0.233679
Time
1558546800784
Theta
0.439245
t_GA - R_GA * R_AB * t_BA
-0.972707 0.675541 0.192883
t_wo + t_wo_cam
-0.972707 0.675541 0.192883
Time
1558546800808
Theta
0.594625
t_GA - R_GA * R_AB * t_BA
-0.972707 0.675541 0.192883
t_wo + t_wo_cam
-0.972707 0.675541 0.192883
Time
1558546800833
Theta
0.594625
t_GA - R_GA * R_AB * t_BA
-0.972707 0.675541 0.192883
t_wo + t_wo_cam
-0.972707 0.675541 0.192883
Time
1558546800857
Theta
0.594625
t_GA - R_GA * R_AB * t_BA
-0.933601 0.736844 0.171215
t_wo + t_wo_cam
-0.972707 0.675541 0.192883
Time
1558546800878
Theta
0.594625
t_GA - R_GA * R_AB * t_BA
-0.933601 0.736844 0.171215
t_wo + t_wo_cam
-0.933601 0.736844 0.171215
Time
1558546800902
Theta
0.654909
t_GA - R_GA * R_AB * t_BA
-0.933601 0.736844 0.171215
t_wo + t_wo_cam
-0.933601 0.736844 0.171215
Time
1558546800927
Theta
0.654909
t_GA - R_GA * R_AB * t_BA
-0.871311 0.81913 0.140039
t_wo + t_wo_cam
-0.933601 0.736844 0.171215
Time
1558546800952
Theta
0.654909
t_GA - R_GA * R_AB * t_BA
-0.871311 0.81913 0.140039
t_wo + t_wo_cam
-0.871311 0.81913 0.140039
Time
1558546800976
Theta
0.739617
t_GA - R_GA * R_AB * t_BA
-0.871311 0.81913 0.140039
t_wo + t_wo_cam
-0.871311 0.81913 0.140039
Time
1558546801001
Theta
0.739617
t_GA - R_GA * R_AB * t_BA
-0.871311 0.81913 0.140039
t_wo + t_wo_cam
-0.871311 0.81913 0.140039
Time
1558546801021
Theta
0.739617
t_GA - R_GA * R_AB * t_BA
-0.829166 0.868359 0.124323
t_wo + t_wo_cam
-0.871311 0.81913 0.140039
Time
1558546801046
Theta
0.739617
t_GA - R_GA * R_AB * t_BA
-0.829166 0.868359 0.124323
t_wo + t_wo_cam
-0.829166 0.868359 0.124323
Time
1558546801070
Theta
0.792319
t_GA - R_GA * R_AB * t_BA
-0.829166 0.868359 0.124323
t_wo + t_wo_cam
-0.829166 0.868359 0.124323
Time
1558546801095
Theta
0.792319
t_GA - R_GA * R_AB * t_BA
-0.758978 0.950519 0.102005
t_wo + t_wo_cam
-0.829166 0.868359 0.124323
Time
1558546801120
Theta
0.792319
t_GA - R_GA * R_AB * t_BA
-0.758978 0.950519 0.102005
t_wo + t_wo_cam
-0.758978 0.950519 0.102005
Time
1558546801144
Theta
0.886109
t_GA - R_GA * R_AB * t_BA
-0.758978 0.950519 0.102005
t_wo + t_wo_cam
-0.758978 0.950519 0.102005
Time
1558546801165
Theta
0.886109
t_GA - R_GA * R_AB * t_BA
-0.758978 0.950519 0.102005
t_wo + t_wo_cam
-0.758978 0.950519 0.102005
Time
1558546801189
Theta
0.886109
t_GA - R_GA * R_AB * t_BA
-0.738422 0.978906 0.088766
t_wo + t_wo_cam
-0.758978 0.950519 0.102005
Time
1558546801214
Theta
0.886109
t_GA - R_GA * R_AB * t_BA
-0.738422 0.978906 0.088766
t_wo + t_wo_cam
-0.738422 0.978906 0.088766
Time
1558546801238
Theta
0.918319
t_GA - R_GA * R_AB * t_BA
-0.738422 0.978906 0.088766
t_wo + t_wo_cam
-0.738422 0.978906 0.088766
Time
1558546801263
Theta
0.918319
t_GA - R_GA * R_AB * t_BA
-0.749678 0.978904 0.0924059
t_wo + t_wo_cam
-0.738422 0.978906 0.088766
Time
1558546801287
Theta
0.918319
t_GA - R_GA * R_AB * t_BA
-0.749678 0.978904 0.0924059
t_wo + t_wo_cam
-0.749678 0.978904 0.0924059
Time
1558546801312
Theta
0.913396
t_GA - R_GA * R_AB * t_BA
-0.749678 0.978904 0.0924059
t_wo + t_wo_cam
-0.749678 0.978904 0.0924059
Time
1558546801333
Theta
0.913396
t_GA - R_GA * R_AB * t_BA
-0.749678 0.978904 0.0924059
t_wo + t_wo_cam
-0.749678 0.978904 0.0924059
Time
1558546801357
Theta
0.913396
t_GA - R_GA * R_AB * t_BA
-0.751536 0.987551 0.109001
t_wo + t_wo_cam
-0.749678 0.978904 0.0924059
Time
1558546801382
Theta
0.913396
t_GA - R_GA * R_AB * t_BA
-0.751536 0.987551 0.109001
t_wo + t_wo_cam
-0.751536 0.987551 0.109001
Time
1558546801406
Theta
0.921923
t_GA - R_GA * R_AB * t_BA
-0.751536 0.987551 0.109001
t_wo + t_wo_cam
-0.751536 0.987551 0.109001
Time
1558546801431
Theta
0.921923
t_GA - R_GA * R_AB * t_BA
-0.769045 0.974596 0.106954
t_wo + t_wo_cam
-0.751536 0.987551 0.109001
Time
1558546801455
Theta
0.921923
t_GA - R_GA * R_AB * t_BA
-0.769045 0.974596 0.106954
t_wo + t_wo_cam
-0.769045 0.974596 0.106954
Time
1558546801476
Theta
0.908082
t_GA - R_GA * R_AB * t_BA
-0.769045 0.974596 0.106954
t_wo + t_wo_cam
-0.769045 0.974596 0.106954
Time
1558546801501
Theta
0.908082
t_GA - R_GA * R_AB * t_BA
-0.769045 0.974596 0.106954
t_wo + t_wo_cam
-0.769045 0.974596 0.106954
Time
1558546801525
Theta
0.908082
t_GA - R_GA * R_AB * t_BA
-0.784836 0.955336 0.10233
t_wo + t_wo_cam
-0.769045 0.974596 0.106954
Time
1558546801550
Theta
0.908082
t_GA - R_GA * R_AB * t_BA
-0.784836 0.955336 0.10233
t_wo + t_wo_cam
-0.784836 0.955336 0.10233
Time
1558546801574
Theta
0.888007
t_GA - R_GA * R_AB * t_BA
-0.784836 0.955336 0.10233
t_wo + t_wo_cam
-0.784836 0.955336 0.10233
Time
1558546801599
Theta
0.888007
t_GA - R_GA * R_AB * t_BA
-0.803555 0.929916 0.110966
t_wo + t_wo_cam
-0.784836 0.955336 0.10233
Time
1558546801619
Theta
0.888007
t_GA - R_GA * R_AB * t_BA
-0.803555 0.929916 0.110966
t_wo + t_wo_cam
-0.803555 0.929916 0.110966
Time
1558546801644
Theta
0.859789
t_GA - R_GA * R_AB * t_BA
-0.803555 0.929916 0.110966
t_wo + t_wo_cam
-0.803555 0.929916 0.110966
Time
1558546801668
Theta
0.859789
t_GA - R_GA * R_AB * t_BA
-0.803555 0.929916 0.110966
t_wo + t_wo_cam
-0.803555 0.929916 0.110966
Time
1558546801693
Theta
0.859789
t_GA - R_GA * R_AB * t_BA
-0.8028 0.916923 0.136156
t_wo + t_wo_cam
-0.803555 0.929916 0.110966
Time
1558546801718
Theta
0.859789
t_GA - R_GA * R_AB * t_BA
-0.8028 0.916923 0.136156
t_wo + t_wo_cam
-0.8028 0.916923 0.136156
Time
1558546801742
Theta
0.847412
t_GA - R_GA * R_AB * t_BA
-0.8028 0.916923 0.136156
t_wo + t_wo_cam
-0.8028 0.916923 0.136156
Time
1558546801763
Theta
0.847412
t_GA - R_GA * R_AB * t_BA
-0.802925 0.917808 0.131704
t_wo + t_wo_cam
-0.8028 0.916923 0.136156
Time
1558546801787
Theta
0.847412
t_GA - R_GA * R_AB * t_BA
-0.802925 0.917808 0.131704
t_wo + t_wo_cam
-0.802925 0.917808 0.131704
Time
1558546801812
Theta
0.847621
t_GA - R_GA * R_AB * t_BA
-0.802925 0.917808 0.131704
t_wo + t_wo_cam
-0.802925 0.917808 0.131704
Time
1558546801836
Theta
0.847621
t_GA - R_GA * R_AB * t_BA
-0.802925 0.917808 0.131704
t_wo + t_wo_cam
-0.802925 0.917808 0.131704
Time
1558546801861
Theta
0.847621
t_GA - R_GA * R_AB * t_BA
-0.819268 0.905803 0.119919
t_wo + t_wo_cam
-0.802925 0.917808 0.131704
Time
1558546801886
Theta
0.847621
t_GA - R_GA * R_AB * t_BA
-0.819268 0.905803 0.119919
t_wo + t_wo_cam
-0.819268 0.905803 0.119919
Time
1558546801906
Theta
0.831656
t_GA - R_GA * R_AB * t_BA
-0.819268 0.905803 0.119919
t_wo + t_wo_cam
-0.819268 0.905803 0.119919
Time
1558546801931
Theta
0.831656
t_GA - R_GA * R_AB * t_BA
-0.819268 0.905803 0.119919
t_wo + t_wo_cam
-0.819268 0.905803 0.119919
Time
1558546801955
Theta
0.831656
t_GA - R_GA * R_AB * t_BA
-0.821121 0.907115 0.103297
t_wo + t_wo_cam
-0.819268 0.905803 0.119919
Time
1558546801980
Theta
0.831656
t_GA - R_GA * R_AB * t_BA
-0.821121 0.907115 0.103297
t_wo + t_wo_cam
-0.821121 0.907115 0.103297
Time
1558546802004
Theta
0.831485
t_GA - R_GA * R_AB * t_BA
-0.821121 0.907115 0.103297
t_wo + t_wo_cam
-0.821121 0.907115 0.103297
Time
1558546802029
Theta
0.831485
t_GA - R_GA * R_AB * t_BA
-0.823382 0.909225 0.0762327
t_wo + t_wo_cam
-0.821121 0.907115 0.103297
Time
1558546802049
Theta
0.831485
t_GA - R_GA * R_AB * t_BA
-0.823382 0.909225 0.0762327
t_wo + t_wo_cam
-0.823382 0.909225 0.0762327
Time
1558546802074
Theta
0.830072
t_GA - R_GA * R_AB * t_BA
-0.823382 0.909225 0.0762327
t_wo + t_wo_cam
-0.823382 0.909225 0.0762327
Time
1558546802098
Theta
0.830072
t_GA - R_GA * R_AB * t_BA
-0.823382 0.909225 0.0762327
t_wo + t_wo_cam
-0.823382 0.909225 0.0762327
Time
1558546802123
Theta
0.830072
t_GA - R_GA * R_AB * t_BA
-0.824967 0.909449 0.065966
t_wo + t_wo_cam
-0.823382 0.909225 0.0762327
Time
1558546802148
Theta
0.830072
t_GA - R_GA * R_AB * t_BA
-0.824967 0.909449 0.065966
t_wo + t_wo_cam
-0.824967 0.909449 0.065966
Time
1558546802172
Theta
0.828697
t_GA - R_GA * R_AB * t_BA
-0.824967 0.909449 0.065966
t_wo + t_wo_cam
-0.824967 0.909449 0.065966
Time
1558546802193
Theta
0.828697
t_GA - R_GA * R_AB * t_BA
-0.82071 0.912809 0.0602663
t_wo + t_wo_cam
-0.824967 0.909449 0.065966
Time
1558546802217
Theta
0.828697
t_GA - R_GA * R_AB * t_BA
-0.82071 0.912809 0.0602663
t_wo + t_wo_cam
-0.82071 0.912809 0.0602663
Time
1558546802242
Theta
0.832341
t_GA - R_GA * R_AB * t_BA
-0.82071 0.912809 0.0602663
t_wo + t_wo_cam
-0.82071 0.912809 0.0602663
Time
1558546802268
Theta
0.832341
t_GA - R_GA * R_AB * t_BA
-0.82071 0.912809 0.0602663
t_wo + t_wo_cam
-0.82071 0.912809 0.0602663
Time
1558546802291
Theta
0.832341
t_GA - R_GA * R_AB * t_BA
-0.817129 0.916236 0.0536214
t_wo + t_wo_cam
-0.817129 0.916236 0.0536214
Time
1558546802316
Theta
0.83575
t_GA - R_GA * R_AB * t_BA
-0.817129 0.916236 0.0536214
t_wo + t_wo_cam
-0.817129 0.916236 0.0536214
Time
1558546802340
Theta
0.83575
t_GA - R_GA * R_AB * t_BA
-0.817129 0.916236 0.0536214
t_wo + t_wo_cam
-0.817129 0.916236 0.0536214
Time
1558546802361
Theta
0.83575
t_GA - R_GA * R_AB * t_BA
-0.814934 0.918975 0.0539364
t_wo + t_wo_cam
-0.817129 0.916236 0.0536214
Time
1558546802385
Theta
0.83575
t_GA - R_GA * R_AB * t_BA
-0.814934 0.918975 0.0539364
t_wo + t_wo_cam
-0.814934 0.918975 0.0539364
Time
1558546802410
Theta
0.838901
t_GA - R_GA * R_AB * t_BA
-0.814934 0.918975 0.0539364
t_wo + t_wo_cam
-0.814934 0.918975 0.0539364
Time
1558546802434
Theta
0.838901
t_GA - R_GA * R_AB * t_BA
-0.812417 0.921025 0.0562092
t_wo + t_wo_cam
-0.814934 0.918975 0.0539364
Time
1558546802459
Theta
0.838901
t_GA - R_GA * R_AB * t_BA
-0.812417 0.921025 0.0562092
t_wo + t_wo_cam
-0.812417 0.921025 0.0562092
Time
1558546802483
Theta
0.842035
t_GA - R_GA * R_AB * t_BA
-0.812417 0.921025 0.0562092
t_wo + t_wo_cam
-0.812417 0.921025 0.0562092
Time
1558546802504
Theta
0.842035
t_GA - R_GA * R_AB * t_BA
-0.812417 0.921025 0.0562092
t_wo + t_wo_cam
-0.812417 0.921025 0.0562092
Time
1558546802528
Theta
0.842035
t_GA - R_GA * R_AB * t_BA
-0.808597 0.92447 0.0607068
t_wo + t_wo_cam
-0.812417 0.921025 0.0562092
Time
1558546802553
Theta
0.842035
t_GA - R_GA * R_AB * t_BA
-0.808597 0.92447 0.0607068
t_wo + t_wo_cam
-0.808597 0.92447 0.0607068
Time
1558546802578
Theta
0.846817
t_GA - R_GA * R_AB * t_BA
-0.808597 0.92447 0.0607068
t_wo + t_wo_cam
-0.808597 0.92447 0.0607068
Time
1558546802602
Theta
0.846817
t_GA - R_GA * R_AB * t_BA
-0.80594 0.925465 0.0790254
t_wo + t_wo_cam
-0.808597 0.92447 0.0607068
Time
1558546802627
Theta
0.846817
t_GA - R_GA * R_AB * t_BA
-0.80594 0.925465 0.0790254
t_wo + t_wo_cam
-0.80594 0.925465 0.0790254
Time
1558546802647
Theta
0.850935
t_GA - R_GA * R_AB * t_BA
-0.80594 0.925465 0.0790254
t_wo + t_wo_cam
-0.80594 0.925465 0.0790254
Time
1558546802672
Theta
0.850935
t_GA - R_GA * R_AB * t_BA
-0.80594 0.925465 0.0790254
t_wo + t_wo_cam
-0.80594 0.925465 0.0790254
Time
1558546802696
Theta
0.850935
t_GA - R_GA * R_AB * t_BA
-0.814735 0.916124 0.0883618
t_wo + t_wo_cam
-0.80594 0.925465 0.0790254
Time
1558546802721
Theta
0.850935
t_GA - R_GA * R_AB * t_BA
-0.814735 0.916124 0.0883618
t_wo + t_wo_cam
-0.814735 0.916124 0.0883618
Time
1558546802746
Theta
0.840672
t_GA - R_GA * R_AB * t_BA
-0.814735 0.916124 0.0883618
t_wo + t_wo_cam
-0.814735 0.916124 0.0883618
Time
1558546802770
Theta
0.840672
t_GA - R_GA * R_AB * t_BA
-0.814723 0.915056 0.0903625
t_wo + t_wo_cam
-0.814735 0.916124 0.0883618
Time
1558546802791
Theta
0.840672
t_GA - R_GA * R_AB * t_BA
-0.814723 0.915056 0.0903625
t_wo + t_wo_cam
-0.814723 0.915056 0.0903625
Time
1558546802815
Theta
0.839917
t_GA - R_GA * R_AB * t_BA
-0.814723 0.915056 0.0903625
t_wo + t_wo_cam
-0.814723 0.915056 0.0903625
Time
1558546802840
Theta
0.839917
t_GA - R_GA * R_AB * t_BA
-0.814723 0.915056 0.0903625
t_wo + t_wo_cam
-0.814723 0.915056 0.0903625
Time
1558546802864
Theta
0.839917
t_GA - R_GA * R_AB * t_BA
-0.813621 0.914509 0.0898962
t_wo + t_wo_cam
-0.814723 0.915056 0.0903625
Time
1558546802889
Theta
0.839917
t_GA - R_GA * R_AB * t_BA
-0.813621 0.914509 0.0898962
t_wo + t_wo_cam
-0.813621 0.914509 0.0898962
Time
1558546802914
Theta
0.839935
t_GA - R_GA * R_AB * t_BA
-0.813621 0.914509 0.0898962
t_wo + t_wo_cam
-0.813621 0.914509 0.0898962
Time
1558546802934
Theta
0.839935
t_GA - R_GA * R_AB * t_BA
-0.813621 0.914509 0.0898962
t_wo + t_wo_cam
-0.813621 0.914509 0.0898962
Time
1558546802959
Theta
0.839935
t_GA - R_GA * R_AB * t_BA
-0.814853 0.913998 0.0897942
t_wo + t_wo_cam
-0.813621 0.914509 0.0898962
Time
1558546802983
Theta
0.839935
t_GA - R_GA * R_AB * t_BA
-0.814853 0.913998 0.0897942
t_wo + t_wo_cam
-0.814853 0.913998 0.0897942
Time
1558546803008
Theta
0.839336
t_GA - R_GA * R_AB * t_BA
-0.814853 0.913998 0.0897942
t_wo + t_wo_cam
-0.814853 0.913998 0.0897942
Time
1558546803032
Theta
0.839336
t_GA - R_GA * R_AB * t_BA
-0.814853 0.913998 0.0897942
t_wo + t_wo_cam
-0.814853 0.913998 0.0897942
Time
1558546803057
Theta
0.839336
t_GA - R_GA * R_AB * t_BA
-0.811336 0.918058 0.0882533
t_wo + t_wo_cam
-0.814853 0.913998 0.0897942
Time
1558546803077
Theta
0.839336
t_GA - R_GA * R_AB * t_BA
-0.811336 0.918058 0.0882533
t_wo + t_wo_cam
-0.811336 0.918058 0.0882533
Time
1558546803102
Theta
0.844168
t_GA - R_GA * R_AB * t_BA
-0.811336 0.918058 0.0882533
t_wo + t_wo_cam
-0.811336 0.918058 0.0882533
Time
1558546803127
Theta
0.844168
t_GA - R_GA * R_AB * t_BA
-0.80885 0.920076 0.0873483
t_wo + t_wo_cam
-0.811336 0.918058 0.0882533
Time
1558546803151
Theta
0.844168
t_GA - R_GA * R_AB * t_BA
-0.80885 0.920076 0.0873483
t_wo + t_wo_cam
-0.80885 0.920076 0.0873483
Time
1558546803176
Theta
0.846556
t_GA - R_GA * R_AB * t_BA
-0.80885 0.920076 0.0873483
t_wo + t_wo_cam
-0.80885 0.920076 0.0873483
Time
1558546803200
Theta
0.846556
t_GA - R_GA * R_AB * t_BA
-0.80885 0.920076 0.0873483
t_wo + t_wo_cam
-0.80885 0.920076 0.0873483
Time
1558546803221
Theta
0.846556
t_GA - R_GA * R_AB * t_BA
-0.809124 0.91943 0.0868146
t_wo + t_wo_cam
-0.80885 0.920076 0.0873483
Time
1558546803245
Theta
0.846556
t_GA - R_GA * R_AB * t_BA
-0.809124 0.91943 0.0868146
t_wo + t_wo_cam
-0.809124 0.91943 0.0868146
Time
1558546803270
Theta
0.845693
t_GA - R_GA * R_AB * t_BA
-0.809124 0.91943 0.0868146
t_wo + t_wo_cam
-0.809124 0.91943 0.0868146
Time
1558546803294
Theta
0.845693
t_GA - R_GA * R_AB * t_BA
-0.80189 0.925272 0.0874457
t_wo + t_wo_cam
-0.809124 0.91943 0.0868146
Time
1558546803319
Theta
0.845693
t_GA - R_GA * R_AB * t_BA
-0.80189 0.925272 0.0874457
t_wo + t_wo_cam
-0.80189 0.925272 0.0874457
Time
1558546803344
Theta
0.853355
t_GA - R_GA * R_AB * t_BA
-0.80189 0.925272 0.0874457
t_wo + t_wo_cam
-0.80189 0.925272 0.0874457
Time
1558546803368
Theta
0.853355
t_GA - R_GA * R_AB * t_BA
-0.80189 0.925272 0.0874457
t_wo + t_wo_cam
-0.80189 0.925272 0.0874457
Time
1558546803389
Theta
0.853355
t_GA - R_GA * R_AB * t_BA
-0.799549 0.927927 0.0883536
t_wo + t_wo_cam
-0.80189 0.925272 0.0874457
Time
1558546803413
Theta
0.853355
t_GA - R_GA * R_AB * t_BA
-0.799549 0.927927 0.0883536
t_wo + t_wo_cam
-0.799549 0.927927 0.0883536
Time
1558546803438
Theta
0.856774
t_GA - R_GA * R_AB * t_BA
-0.799549 0.927927 0.0883536
t_wo + t_wo_cam
-0.799549 0.927927 0.0883536
Time
1558546803462
Theta
0.856774
t_GA - R_GA * R_AB * t_BA
-0.799549 0.927927 0.0883536
t_wo + t_wo_cam
-0.799549 0.927927 0.0883536
Time
1558546803487
Theta
0.856774
t_GA - R_GA * R_AB * t_BA
-0.791063 0.935534 0.0914419
t_wo + t_wo_cam
-0.799549 0.927927 0.0883536
Time
1558546803511
Theta
0.856774
t_GA - R_GA * R_AB * t_BA
-0.791063 0.935534 0.0914419
t_wo + t_wo_cam
-0.791063 0.935534 0.0914419
Time
1558546803532
Theta
0.866987
t_GA - R_GA * R_AB * t_BA
-0.791063 0.935534 0.0914419
t_wo + t_wo_cam
-0.791063 0.935534 0.0914419
Time
1558546803557
Theta
0.866987
t_GA - R_GA * R_AB * t_BA
-0.78577 0.939451 0.0926527
t_wo + t_wo_cam
-0.791063 0.935534 0.0914419
Time
1558546803581
Theta
0.866987
t_GA - R_GA * R_AB * t_BA
-0.78577 0.939451 0.0926527
t_wo + t_wo_cam
-0.78577 0.939451 0.0926527
Time
1558546803606
Theta
0.872472
t_GA - R_GA * R_AB * t_BA
-0.78577 0.939451 0.0926527
t_wo + t_wo_cam
-0.78577 0.939451 0.0926527
Time
1558546803630
Theta
0.872472
t_GA - R_GA * R_AB * t_BA
-0.78577 0.939451 0.0926527
t_wo + t_wo_cam
-0.78577 0.939451 0.0926527
Time
1558546803655
Theta
0.872472
t_GA - R_GA * R_AB * t_BA
-0.780496 0.94294 0.0932197
t_wo + t_wo_cam
-0.78577 0.939451 0.0926527
Time
1558546803675
Theta
0.872472
t_GA - R_GA * R_AB * t_BA
-0.780496 0.94294 0.0932197
t_wo + t_wo_cam
-0.780496 0.94294 0.0932197
Time
1558546803700
Theta
0.877569
t_GA - R_GA * R_AB * t_BA
-0.780496 0.94294 0.0932197
t_wo + t_wo_cam
-0.780496 0.94294 0.0932197
Time
1558546803725
Theta
0.877569
t_GA - R_GA * R_AB * t_BA
-0.760348 0.956288 0.110443
t_wo + t_wo_cam
-0.780496 0.94294 0.0932197
Time
1558546803749
Theta
0.877569
t_GA - R_GA * R_AB * t_BA
-0.760348 0.956288 0.110443
t_wo + t_wo_cam
-0.760348 0.956288 0.110443
Time
1558546803774
Theta
0.898858
t_GA - R_GA * R_AB * t_BA
-0.760348 0.956288 0.110443
t_wo + t_wo_cam
-0.760348 0.956288 0.110443
Time
1558546803798
Theta
0.898858
t_GA - R_GA * R_AB * t_BA
-0.760348 0.956288 0.110443
t_wo + t_wo_cam
-0.760348 0.956288 0.110443
Time
1558546803819
Theta
0.898858
t_GA - R_GA * R_AB * t_BA
-0.745465 0.964461 0.123758
t_wo + t_wo_cam
-0.760348 0.956288 0.110443
Time
1558546803843
Theta
0.898858
t_GA - R_GA * R_AB * t_BA
-0.745465 0.964461 0.123758
t_wo + t_wo_cam
-0.745465 0.964461 0.123758
Time
1558546803868
Theta
0.913169
t_GA - R_GA * R_AB * t_BA
-0.745465 0.964461 0.123758
t_wo + t_wo_cam
-0.745465 0.964461 0.123758
Time
1558546803892
Theta
0.913169
t_GA - R_GA * R_AB * t_BA
-0.73529 0.970351 0.131566
t_wo + t_wo_cam
-0.745465 0.964461 0.123758
Time
1558546803917
Theta
0.913169
t_GA - R_GA * R_AB * t_BA
-0.73529 0.970351 0.131566
t_wo + t_wo_cam
-0.73529 0.970351 0.131566
Time
1558546803942
Theta
0.923146
t_GA - R_GA * R_AB * t_BA
-0.73529 0.970351 0.131566
t_wo + t_wo_cam
-0.73529 0.970351 0.131566
Time
1558546803962
Theta
0.923146
t_GA - R_GA * R_AB * t_BA
-0.73529 0.970351 0.131566
t_wo + t_wo_cam
-0.73529 0.970351 0.131566
Time
1558546803987
Theta
0.923146
t_GA - R_GA * R_AB * t_BA
-0.710627 0.990026 0.133414
t_wo + t_wo_cam
-0.73529 0.970351 0.131566
Time
1558546804011
Theta
0.923146
t_GA - R_GA * R_AB * t_BA
-0.710627 0.990026 0.133414
t_wo + t_wo_cam
-0.710627 0.990026 0.133414
Time
1558546804036
Theta
0.951599
t_GA - R_GA * R_AB * t_BA
-0.710627 0.990026 0.133414
t_wo + t_wo_cam
-0.710627 0.990026 0.133414
Time
1558546804060
Theta
0.951599
t_GA - R_GA * R_AB * t_BA
-0.712278 0.990696 0.129962
t_wo + t_wo_cam
-0.710627 0.990026 0.133414
Time
1558546804085
Theta
0.951599
t_GA - R_GA * R_AB * t_BA
-0.712278 0.990696 0.129962
t_wo + t_wo_cam
-0.712278 0.990696 0.129962
Time
1558546804105
Theta
0.951861
t_GA - R_GA * R_AB * t_BA
-0.712278 0.990696 0.129962
t_wo + t_wo_cam
-0.712278 0.990696 0.129962
Time
1558546804130
Theta
0.951861
t_GA - R_GA * R_AB * t_BA
-0.712278 0.990696 0.129962
t_wo + t_wo_cam
-0.712278 0.990696 0.129962
Time
1558546804155
Theta
0.951861
t_GA - R_GA * R_AB * t_BA
-0.709739 0.994493 0.119571
t_wo + t_wo_cam
-0.712278 0.990696 0.129962
Time
1558546804179
Theta
0.951861
t_GA - R_GA * R_AB * t_BA
-0.709739 0.994493 0.119571
t_wo + t_wo_cam
-0.709739 0.994493 0.119571
Time
1558546804204
Theta
0.954813
t_GA - R_GA * R_AB * t_BA
-0.709739 0.994493 0.119571
t_wo + t_wo_cam
-0.709739 0.994493 0.119571
Time
1558546804228
Theta
0.954813
t_GA - R_GA * R_AB * t_BA
-0.705322 0.998948 0.107143
t_wo + t_wo_cam
-0.709739 0.994493 0.119571
Time
1558546804249
Theta
0.954813
t_GA - R_GA * R_AB * t_BA
-0.705322 0.998948 0.107143
t_wo + t_wo_cam
-0.705322 0.998948 0.107143
Time
1558546804273
Theta
0.957794
t_GA - R_GA * R_AB * t_BA
-0.705322 0.998948 0.107143
t_wo + t_wo_cam
-0.705322 0.998948 0.107143
Time
1558546804298
Theta
0.957794
t_GA - R_GA * R_AB * t_BA
-0.705322 0.998948 0.107143
t_wo + t_wo_cam
-0.705322 0.998948 0.107143
Time
1558546804322
Theta
0.957794
t_GA - R_GA * R_AB * t_BA
-0.707089 1.00243 0.0767545
t_wo + t_wo_cam
-0.705322 0.998948 0.107143
Time
1558546804347
Theta
0.957794
t_GA - R_GA * R_AB * t_BA
-0.707089 1.00243 0.0767545
t_wo + t_wo_cam
-0.707089 1.00243 0.0767545
Time
1558546804372
Theta
0.95599
t_GA - R_GA * R_AB * t_BA
-0.707089 1.00243 0.0767545
t_wo + t_wo_cam
-0.707089 1.00243 0.0767545
Time
1558546804392
Theta
0.95599
t_GA - R_GA * R_AB * t_BA
-0.705484 1.00516 0.0659235
t_wo + t_wo_cam
-0.707089 1.00243 0.0767545
Time
1558546804417
Theta
0.95599
t_GA - R_GA * R_AB * t_BA
-0.705484 1.00516 0.0659235
t_wo + t_wo_cam
-0.705484 1.00516 0.0659235
Time
1558546804441
Theta
0.958028
t_GA - R_GA * R_AB * t_BA
-0.705484 1.00516 0.0659235
t_wo + t_wo_cam
-0.705484 1.00516 0.0659235
Time
1558546804466
Theta
0.958028
t_GA - R_GA * R_AB * t_BA
-0.705484 1.00516 0.0659235
t_wo + t_wo_cam
-0.705484 1.00516 0.0659235
Time
1558546804490
Theta
0.958028
t_GA - R_GA * R_AB * t_BA
-0.703729 1.00767 0.0590965
t_wo + t_wo_cam
-0.705484 1.00516 0.0659235
Time
1558546804515
Theta
0.958028
t_GA - R_GA * R_AB * t_BA
-0.703729 1.00767 0.0590965
t_wo + t_wo_cam
-0.703729 1.00767 0.0590965
Time
1558546804540
Theta
0.96016
t_GA - R_GA * R_AB * t_BA
-0.703729 1.00767 0.0590965
t_wo + t_wo_cam
-0.703729 1.00767 0.0590965
Time
1558546804560
Theta
0.96016
t_GA - R_GA * R_AB * t_BA
-0.703729 1.00767 0.0590965
t_wo + t_wo_cam
-0.703729 1.00767 0.0590965
Time
1558546804585
Theta
0.96016
t_GA - R_GA * R_AB * t_BA
-0.703084 1.00815 0.0571547
t_wo + t_wo_cam
-0.703729 1.00767 0.0590965
Time
1558546804609
Theta
0.96016
t_GA - R_GA * R_AB * t_BA
-0.703084 1.00815 0.0571547
t_wo + t_wo_cam
-0.703084 1.00815 0.0571547
Time
1558546804634
Theta
0.960931
t_GA - R_GA * R_AB * t_BA
-0.703084 1.00815 0.0571547
t_wo + t_wo_cam
-0.703084 1.00815 0.0571547
Time
1558546804658
Theta
0.960931
t_GA - R_GA * R_AB * t_BA
-0.696863 1.00968 0.0812595
t_wo + t_wo_cam
-0.703084 1.00815 0.0571547
Time
1558546804683
Theta
0.960931
t_GA - R_GA * R_AB * t_BA
-0.696863 1.00968 0.0812595
t_wo + t_wo_cam
-0.696863 1.00968 0.0812595
Time
1558546804703
Theta
0.967878
t_GA - R_GA * R_AB * t_BA
-0.696863 1.00968 0.0812595
t_wo + t_wo_cam
-0.696863 1.00968 0.0812595
Time
1558546804728
Theta
0.967878
t_GA - R_GA * R_AB * t_BA
-0.696863 1.00968 0.0812595
t_wo + t_wo_cam
-0.696863 1.00968 0.0812595
Time
1558546804753
Theta
0.967878
t_GA - R_GA * R_AB * t_BA
-0.692294 1.00934 0.103314
t_wo + t_wo_cam
-0.696863 1.00968 0.0812595
Time
1558546804777
Theta
0.967878
t_GA - R_GA * R_AB * t_BA
-0.692294 1.00934 0.103314
t_wo + t_wo_cam
-0.692294 1.00934 0.103314
Time
1558546804802
Theta
0.971544
t_GA - R_GA * R_AB * t_BA
-0.692294 1.00934 0.103314
t_wo + t_wo_cam
-0.692294 1.00934 0.103314
Time
1558546804826
Theta
0.971544
t_GA - R_GA * R_AB * t_BA
-0.679839 1.01034 0.13814
t_wo + t_wo_cam
-0.692294 1.00934 0.103314
Time
1558546804847
Theta
0.971544
t_GA - R_GA * R_AB * t_BA
-0.679839 1.01034 0.13814
t_wo + t_wo_cam
-0.679839 1.01034 0.13814
Time
1558546804871
Theta
0.980389
t_GA - R_GA * R_AB * t_BA
-0.679839 1.01034 0.13814
t_wo + t_wo_cam
-0.679839 1.01034 0.13814
Time
1558546804896
Theta
0.980389
t_GA - R_GA * R_AB * t_BA
-0.679839 1.01034 0.13814
t_wo + t_wo_cam
-0.679839 1.01034 0.13814
Time
1558546804920
Theta
0.980389
t_GA - R_GA * R_AB * t_BA
-0.679368 1.00791 0.147144
t_wo + t_wo_cam
-0.679839 1.01034 0.13814
Time
1558546804945
Theta
0.980389
t_GA - R_GA * R_AB * t_BA
-0.679368 1.00791 0.147144
t_wo + t_wo_cam
-0.679368 1.00791 0.147144
Time
1558546804970
Theta
0.979683
t_GA - R_GA * R_AB * t_BA
-0.679368 1.00791 0.147144
t_wo + t_wo_cam
-0.679368 1.00791 0.147144
Time
1558546804990
Theta
0.979683
t_GA - R_GA * R_AB * t_BA
-0.680974 1.00625 0.15087
t_wo + t_wo_cam
-0.679368 1.00791 0.147144
Time
1558546805015
Theta
0.979683
t_GA - R_GA * R_AB * t_BA
-0.680974 1.00625 0.15087
t_wo + t_wo_cam
-0.680974 1.00625 0.15087
Time
1558546805039
Theta
0.97736
t_GA - R_GA * R_AB * t_BA
-0.680974 1.00625 0.15087
t_wo + t_wo_cam
-0.680974 1.00625 0.15087
Time
1558546805064
Theta
0.97736
t_GA - R_GA * R_AB * t_BA
-0.680974 1.00625 0.15087
t_wo + t_wo_cam
-0.680974 1.00625 0.15087
Time
1558546805088
Theta
0.97736
t_GA - R_GA * R_AB * t_BA
-0.681677 1.00593 0.15161
t_wo + t_wo_cam
-0.680974 1.00625 0.15087
Time
1558546805113
Theta
0.97736
t_GA - R_GA * R_AB * t_BA
-0.681677 1.00593 0.15161
t_wo + t_wo_cam
-0.681677 1.00593 0.15161
Time
1558546805133
Theta
0.976232
t_GA - R_GA * R_AB * t_BA
-0.681677 1.00593 0.15161
t_wo + t_wo_cam
-0.681677 1.00593 0.15161
Time
1558546805158
Theta
0.976232
t_GA - R_GA * R_AB * t_BA
-0.679805 1.00952 0.137174
t_wo + t_wo_cam
-0.681677 1.00593 0.15161
Time
1558546805183
Theta
0.976232
t_GA - R_GA * R_AB * t_BA
-0.679805 1.00952 0.137174
t_wo + t_wo_cam
-0.679805 1.00952 0.137174
Time
1558546805207
Theta
0.977968
t_GA - R_GA * R_AB * t_BA
-0.679805 1.00952 0.137174
t_wo + t_wo_cam
-0.679805 1.00952 0.137174
Time
1558546805232
Theta
0.977968
t_GA - R_GA * R_AB * t_BA
-0.679805 1.00952 0.137174
t_wo + t_wo_cam
-0.679805 1.00952 0.137174
Time
1558546805256
Theta
0.977968
t_GA - R_GA * R_AB * t_BA
-0.677487 1.0101 0.12989
t_wo + t_wo_cam
-0.679805 1.00952 0.137174
Time
1558546805277
Theta
0.977968
t_GA - R_GA * R_AB * t_BA
-0.677487 1.0101 0.12989
t_wo + t_wo_cam
-0.677487 1.0101 0.12989
Time
1558546805301
Theta
0.978032
t_GA - R_GA * R_AB * t_BA
-0.677487 1.0101 0.12989
t_wo + t_wo_cam
-0.677487 1.0101 0.12989
Time
1558546805326
Theta
0.978032
t_GA - R_GA * R_AB * t_BA
-0.679095 1.00917 0.130832
t_wo + t_wo_cam
-0.677487 1.0101 0.12989
Time
1558546805351
Theta
0.978032
t_GA - R_GA * R_AB * t_BA
-0.679095 1.00917 0.130832
t_wo + t_wo_cam
-0.679095 1.00917 0.130832
Time
1558546805375
Theta
0.974854
t_GA - R_GA * R_AB * t_BA
-0.679095 1.00917 0.130832
t_wo + t_wo_cam
-0.679095 1.00917 0.130832
Time
1558546805400
Theta
0.974854
t_GA - R_GA * R_AB * t_BA
-0.679095 1.00917 0.130832
t_wo + t_wo_cam
-0.679095 1.00917 0.130832
Time
1558546805420
Theta
0.974854
t_GA - R_GA * R_AB * t_BA
-0.677348 1.00967 0.136137
t_wo + t_wo_cam
-0.679095 1.00917 0.130832
Time
1558546805445
Theta
0.974854
t_GA - R_GA * R_AB * t_BA
-0.677348 1.00967 0.136137
t_wo + t_wo_cam
-0.677348 1.00967 0.136137
Time
1558546805469
Theta
0.975674
t_GA - R_GA * R_AB * t_BA
-0.677348 1.00967 0.136137
t_wo + t_wo_cam
-0.677348 1.00967 0.136137
Time
1558546805494
Theta
0.975674
t_GA - R_GA * R_AB * t_BA
-0.67513 1.01234 0.13566
t_wo + t_wo_cam
-0.677348 1.00967 0.136137
Time
1558546805518
Theta
0.975674
