t_GA - R_GA * R_AB * t_BA
0 0 0
t_wo + t_wo_cam
0.9 0 0
Time
1558451104746
Theta
0
t_GA - R_GA * R_AB * t_BA
0 0 0
t_wo + t_wo_cam
0.9 0 0
Time
1558451104810
Theta
0
t_GA - R_GA * R_AB * t_BA
0 0 0
t_wo + t_wo_cam
0.9 0 0
Time
1558451104884
Theta
0
t_GA - R_GA * R_AB * t_BA
0 0 0
t_wo + t_wo_cam
0.9 0 0
Time
1558451104954
Theta
0
t_GA - R_GA * R_AB * t_BA
0 0 0
t_wo + t_wo_cam
0.9 0 0
Time
1558451105027
Theta
0
t_GA - R_GA * R_AB * t_BA
0 0 0
t_wo + t_wo_cam
0.9 0 0
Time
1558451105097
Theta
0
t_GA - R_GA * R_AB * t_BA
0 0 0
t_wo + t_wo_cam
0.9 0 0
Time
1558451105171
Theta
0
t_GA - R_GA * R_AB * t_BA
0 0 0
t_wo + t_wo_cam
0.9 0 0
Time
1558451105240
Theta
0
t_GA - R_GA * R_AB * t_BA
0 0 0
t_wo + t_wo_cam
0.9 0 0
Time
1558451105314
Theta
0
t_GA - R_GA * R_AB * t_BA
0 0 0
t_wo + t_wo_cam
0.9 0 0
Time
1558451105383
Theta
0
t_GA - R_GA * R_AB * t_BA
0 0 0
t_wo + t_wo_cam
0.9 0 0
Time
1558451105457
Theta
0
t_GA - R_GA * R_AB * t_BA
0 0 0
t_wo + t_wo_cam
0.9 0 0
Time
1558451105527
Theta
0
t_GA - R_GA * R_AB * t_BA
0 0 0
t_wo + t_wo_cam
0.9 0 0
Time
1558451105601
Theta
0
t_GA - R_GA * R_AB * t_BA
0 0 0
t_wo + t_wo_cam
0.9 0 0
Time
1558451105670
Theta
0
t_GA - R_GA * R_AB * t_BA
0 0 0
t_wo + t_wo_cam
0.9 0 0
Time
1558451105744
Theta
0
t_GA - R_GA * R_AB * t_BA
0 0 0
t_wo + t_wo_cam
0.9 0 0
Time
1558451105814
Theta
0
t_GA - R_GA * R_AB * t_BA
0 0 0
t_wo + t_wo_cam
0.9 0 0
Time
1558451105888
Theta
0
t_GA - R_GA * R_AB * t_BA
0 0 0
t_wo + t_wo_cam
0.9 0 0
Time
1558451105961
Theta
0
t_GA - R_GA * R_AB * t_BA
0 0 0
t_wo + t_wo_cam
0.9 0 0
Time
1558451106031
Theta
0
t_GA - R_GA * R_AB * t_BA
0 0 0
t_wo + t_wo_cam
0.9 0 0
Time
1558451106105
Theta
0
t_GA - R_GA * R_AB * t_BA
0 0 0
t_wo + t_wo_cam
0.9 0 0
Time
1558451106174
Theta
0
t_GA - R_GA * R_AB * t_BA
0 0 0
t_wo + t_wo_cam
0.9 0 0
Time
1558451106248
Theta
0
t_GA - R_GA * R_AB * t_BA
0 0 0
t_wo + t_wo_cam
0.9 0 0
Time
1558451106317
Theta
0
t_GA - R_GA * R_AB * t_BA
0 0 0
t_wo + t_wo_cam
0.9 0 0
Time
1558451106391
Theta
0
t_GA - R_GA * R_AB * t_BA
0 0 0
t_wo + t_wo_cam
0.9 0 0
Time
1558451106461
Theta
0
t_GA - R_GA * R_AB * t_BA
0 0 0
t_wo + t_wo_cam
0.9 0 0
Time
1558451106534
Theta
0
t_GA - R_GA * R_AB * t_BA
0 0 0
t_wo + t_wo_cam
0.928377 0.0512561 0
Time
1558451106604
Theta
0.0551545
t_GA - R_GA * R_AB * t_BA
0 0 0
t_wo + t_wo_cam
0.928377 0.0512561 0
Time
1558451106678
Theta
0.0551545
t_GA - R_GA * R_AB * t_BA
0 0 0
t_wo + t_wo_cam
0.928377 0.0512561 0
Time
1558451106747
Theta
0.0551545
t_GA - R_GA * R_AB * t_BA
0 0 0
t_wo + t_wo_cam
0.928377 0.0512561 0
Time
1558451106821
Theta
0.0551545
t_GA - R_GA * R_AB * t_BA
0 0 0
t_wo + t_wo_cam
0.928377 0.0512561 0
Time
1558451106891
Theta
0.0551545
t_GA - R_GA * R_AB * t_BA
0 0 0
t_wo + t_wo_cam
0.928377 0.0512561 0
Time
1558451106964
Theta
0.0551545
t_GA - R_GA * R_AB * t_BA
0 0 0
t_wo + t_wo_cam
0.928377 0.0512561 0
Time
1558451107034
Theta
0.0551545
t_GA - R_GA * R_AB * t_BA
0 0 0
t_wo + t_wo_cam
0.928377 0.0512561 0
Time
1558451107108
Theta
0.0551545
t_GA - R_GA * R_AB * t_BA
0 0 0
t_wo + t_wo_cam
0.928377 0.0512561 0
Time
1558451107178
Theta
0.0551545
t_GA - R_GA * R_AB * t_BA
0 0 0
t_wo + t_wo_cam
0.928377 0.0512561 0
Time
1558451107251
Theta
0.0551545
t_GA - R_GA * R_AB * t_BA
0 0 0
t_wo + t_wo_cam
0.928377 0.0512561 0
Time
1558451107321
Theta
0.0551545
t_GA - R_GA * R_AB * t_BA
0 0 0
t_wo + t_wo_cam
0.928377 0.0512561 0
Time
1558451107395
Theta
0.0551545
t_GA - R_GA * R_AB * t_BA
0 0 0
t_wo + t_wo_cam
0.928377 0.0512561 0
Time
1558451107464
Theta
0.0551545
t_GA - R_GA * R_AB * t_BA
0 0 0
t_wo + t_wo_cam
0.928377 0.0512561 0
Time
1558451107538
Theta
0.0551545
t_GA - R_GA * R_AB * t_BA
0 0 0
t_wo + t_wo_cam
0.928377 0.0512561 0
Time
1558451107607
Theta
0.0551545
t_GA - R_GA * R_AB * t_BA
0 0 0
t_wo + t_wo_cam
0.928377 0.0512561 0
Time
1558451107681
Theta
0.0551545
t_GA - R_GA * R_AB * t_BA
0 0 0
t_wo + t_wo_cam
0.928377 0.0512561 0
Time
1558451107751
Theta
0.0551545
t_GA - R_GA * R_AB * t_BA
0 0 0
t_wo + t_wo_cam
0.928377 0.0512561 0
Time
1558451107825
Theta
0.0551545
t_GA - R_GA * R_AB * t_BA
0 0 0
t_wo + t_wo_cam
0.928377 0.0512561 0
Time
1558451107894
Theta
0.0551545
t_GA - R_GA * R_AB * t_BA
0 0 0
t_wo + t_wo_cam
0.928377 0.0512561 0
Time
1558451107968
Theta
0.0551545
t_GA - R_GA * R_AB * t_BA
0 0 0
t_wo + t_wo_cam
0.928377 0.0512561 0
Time
1558451108038
Theta
0.0551545
t_GA - R_GA * R_AB * t_BA
0 0 0
t_wo + t_wo_cam
0.928377 0.0512561 0
Time
1558451108111
Theta
0.0551545
t_GA - R_GA * R_AB * t_BA
0 0 0
t_wo + t_wo_cam
0.928377 0.0512561 0
Time
1558451108181
Theta
0.0551545
t_GA - R_GA * R_AB * t_BA
0 0 0
t_wo + t_wo_cam
0.928377 0.0512561 0
Time
1558451108255
Theta
0.0551545
t_GA - R_GA * R_AB * t_BA
0 0 0
t_wo + t_wo_cam
0.928377 0.0512561 0
Time
1558451108324
Theta
0.0551545
t_GA - R_GA * R_AB * t_BA
0 0 0
t_wo + t_wo_cam
0.928377 0.0512561 0
Time
1558451108398
Theta
0.0551545
t_GA - R_GA * R_AB * t_BA
0 0 0
t_wo + t_wo_cam
0.928377 0.0512561 0
Time
1558451108468
Theta
0.0551545
t_GA - R_GA * R_AB * t_BA
0 0 0
t_wo + t_wo_cam
0.928377 0.0512561 0
Time
1558451108541
Theta
0.0551545
t_GA - R_GA * R_AB * t_BA
0 0 0
t_wo + t_wo_cam
0.928377 0.0512561 0
Time
1558451108611
Theta
0.0551545
t_GA - R_GA * R_AB * t_BA
0 0 0
t_wo + t_wo_cam
0.928377 0.0512561 0
Time
1558451108685
Theta
0.0551545
t_GA - R_GA * R_AB * t_BA
0 0 0
t_wo + t_wo_cam
0.928377 0.0512561 0
Time
1558451108755
Theta
0.0551545
t_GA - R_GA * R_AB * t_BA
0 0 0
t_wo + t_wo_cam
0.928377 0.0512561 0
Time
1558451108828
Theta
0.0551545
t_GA - R_GA * R_AB * t_BA
0 0 0
t_wo + t_wo_cam
0.928377 0.0512561 0
Time
1558451108898
Theta
0.0551545
t_GA - R_GA * R_AB * t_BA
0 0 0
t_wo + t_wo_cam
0.928377 0.0512561 0
Time
1558451108971
Theta
0.0551545
t_GA - R_GA * R_AB * t_BA
0 0 0
t_wo + t_wo_cam
0.928377 0.0512561 0
Time
1558451109041
Theta
0.0551545
t_GA - R_GA * R_AB * t_BA
0 0 0
t_wo + t_wo_cam
0.928377 0.0512561 0
Time
1558451109115
Theta
0.0551545
t_GA - R_GA * R_AB * t_BA
0 0 0
t_wo + t_wo_cam
0.928377 0.0512561 0
Time
1558451109188
Theta
0.0551545
t_GA - R_GA * R_AB * t_BA
0 0 0
t_wo + t_wo_cam
0.928377 0.0512561 0
Time
1558451109258
Theta
0.0551545
t_GA - R_GA * R_AB * t_BA
0 0 0
t_wo + t_wo_cam
0.928377 0.0512561 0
Time
1558451109332
Theta
0.0551545
t_GA - R_GA * R_AB * t_BA
0 0 0
t_wo + t_wo_cam
0.928377 0.0512561 0
Time
1558451109402
Theta
0.0551545
t_GA - R_GA * R_AB * t_BA
0 0 0
t_wo + t_wo_cam
0.928377 0.0512561 0
Time
1558451109475
Theta
0.0551545
t_GA - R_GA * R_AB * t_BA
0 0 0
t_wo + t_wo_cam
0.928377 0.0512561 0
Time
1558451109545
Theta
0.0551545
t_GA - R_GA * R_AB * t_BA
0 0 0
t_wo + t_wo_cam
0.928377 0.0512561 0
Time
1558451109619
Theta
0.0551545
t_GA - R_GA * R_AB * t_BA
0 0 0
t_wo + t_wo_cam
0.928377 0.0512561 0
Time
1558451109688
Theta
0.0551545
t_GA - R_GA * R_AB * t_BA
0 0 0
t_wo + t_wo_cam
0.928377 0.0512561 0
Time
1558451109764
Theta
0.0551545
t_GA - R_GA * R_AB * t_BA
0 0 0
t_wo + t_wo_cam
0.928377 0.0512561 0
Time
1558451109832
Theta
0.0551545
t_GA - R_GA * R_AB * t_BA
0 0 0
t_wo + t_wo_cam
0.928377 0.0512561 0
Time
1558451109906
Theta
0.0551545
t_GA - R_GA * R_AB * t_BA
0 0 0
t_wo + t_wo_cam
0.928377 0.0512561 0
Time
1558451109975
Theta
0.0551545
t_GA - R_GA * R_AB * t_BA
0 0 0
t_wo + t_wo_cam
0.928377 0.0512561 0
Time
1558451110049
Theta
0.0551545
t_GA - R_GA * R_AB * t_BA
0 0 0
t_wo + t_wo_cam
0.928377 0.0512561 0
Time
1558451110118
Theta
0.0551545
t_GA - R_GA * R_AB * t_BA
0 0 0
t_wo + t_wo_cam
0.928377 0.0512561 0
Time
1558451110192
Theta
0.0551545
t_GA - R_GA * R_AB * t_BA
0 0 0
t_wo + t_wo_cam
0.928377 0.0512561 0
Time
1558451110262
Theta
0.0551545
t_GA - R_GA * R_AB * t_BA
0 0 0
t_wo + t_wo_cam
0.928377 0.0512561 0
Time
1558451110335
Theta
0.0551545
t_GA - R_GA * R_AB * t_BA
0 0 0
t_wo + t_wo_cam
0.928377 0.0512561 0
Time
1558451110405
Theta
0.0551545
t_GA - R_GA * R_AB * t_BA
0 0 0
t_wo + t_wo_cam
0.928377 0.0512561 0
Time
1558451110479
Theta
0.0551545
t_GA - R_GA * R_AB * t_BA
0 0 0
t_wo + t_wo_cam
0.928377 0.0512561 0
Time
1558451110548
Theta
0.0551545
t_GA - R_GA * R_AB * t_BA
0 0 0
t_wo + t_wo_cam
0.928377 0.0512561 0
Time
1558451110622
Theta
0.0551545
t_GA - R_GA * R_AB * t_BA
0 0 0
t_wo + t_wo_cam
0.928377 0.0512561 0
Time
1558451110691
Theta
0.0551545
t_GA - R_GA * R_AB * t_BA
0 0 0
t_wo + t_wo_cam
0.928377 0.0512561 0
Time
1558451110765
Theta
0.0551545
t_GA - R_GA * R_AB * t_BA
0 0 0
t_wo + t_wo_cam
0.928377 0.0512561 0
Time
1558451110835
Theta
0.0551545
t_GA - R_GA * R_AB * t_BA
0 0 0
t_wo + t_wo_cam
0.928377 0.0512561 0
Time
1558451110908
Theta
0.0551545
t_GA - R_GA * R_AB * t_BA
0 0 0
t_wo + t_wo_cam
0.928377 0.0512561 0
Time
1558451110978
Theta
0.0551545
t_GA - R_GA * R_AB * t_BA
0 0 0
t_wo + t_wo_cam
0.928377 0.0512561 0
Time
1558451111052
Theta
0.0551545
t_GA - R_GA * R_AB * t_BA
0 0 0
t_wo + t_wo_cam
0.928377 0.0512561 0
Time
1558451111121
Theta
0.0551545
t_GA - R_GA * R_AB * t_BA
0 0 0
t_wo + t_wo_cam
0.928377 0.0512561 0
Time
1558451111195
Theta
0.0551545
t_GA - R_GA * R_AB * t_BA
0 0 0
t_wo + t_wo_cam
0.928377 0.0512561 0
Time
1558451111265
Theta
0.0551545
t_GA - R_GA * R_AB * t_BA
0 0 0
t_wo + t_wo_cam
0.928377 0.0512561 0
Time
1558451111338
Theta
0.0551545
t_GA - R_GA * R_AB * t_BA
0 0 0
t_wo + t_wo_cam
0.928377 0.0512561 0
Time
1558451111408
Theta
0.0551545
t_GA - R_GA * R_AB * t_BA
0 0 0
t_wo + t_wo_cam
0.928377 0.0512561 0
Time
1558451111481
Theta
0.0551545
t_GA - R_GA * R_AB * t_BA
0 0 0
t_wo + t_wo_cam
0.928377 0.0512561 0
Time
1558451111551
Theta
0.0551545
t_GA - R_GA * R_AB * t_BA
0 0 0
t_wo + t_wo_cam
0.928377 0.0512561 0
Time
1558451111625
Theta
0.0551545
t_GA - R_GA * R_AB * t_BA
0 0 0
t_wo + t_wo_cam
0.928377 0.0512561 0
Time
1558451111694
Theta
0.0551545
t_GA - R_GA * R_AB * t_BA
0 0 0
t_wo + t_wo_cam
0.928377 0.0512561 0
Time
1558451111768
Theta
0.0551545
t_GA - R_GA * R_AB * t_BA
0 0 0
t_wo + t_wo_cam
0.928377 0.0512561 0
Time
1558451111838
Theta
0.0551545
t_GA - R_GA * R_AB * t_BA
0 0 0
t_wo + t_wo_cam
0.928377 0.0512561 0
Time
1558451111911
Theta
0.0551545
t_GA - R_GA * R_AB * t_BA
0 0 0
t_wo + t_wo_cam
0.928377 0.0512561 0
Time
1558451111981
Theta
0.0551545
t_GA - R_GA * R_AB * t_BA
0 0 0
t_wo + t_wo_cam
0.928377 0.0512561 0
Time
1558451112055
Theta
0.0551545
t_GA - R_GA * R_AB * t_BA
0 0 0
t_wo + t_wo_cam
0.928377 0.0512561 0
Time
1558451112124
Theta
0.0551545
t_GA - R_GA * R_AB * t_BA
0 0 0
t_wo + t_wo_cam
0.928377 0.0512561 0
Time
1558451112198
Theta
0.0551545
t_GA - R_GA * R_AB * t_BA
0 0 0
t_wo + t_wo_cam
0.928377 0.0512561 0
Time
1558451112268
Theta
0.0551545
t_GA - R_GA * R_AB * t_BA
0 0 0
t_wo + t_wo_cam
0.928377 0.0512561 0
Time
1558451112341
Theta
0.0551545
t_GA - R_GA * R_AB * t_BA
0 0 0
t_wo + t_wo_cam
0.928377 0.0512561 0
Time
1558451112415
Theta
0.0551545
t_GA - R_GA * R_AB * t_BA
0 0 0
t_wo + t_wo_cam
0.928377 0.0512561 0
Time
1558451112484
Theta
0.0551545
t_GA - R_GA * R_AB * t_BA
0 0 0
t_wo + t_wo_cam
0.928377 0.0512561 0
Time
1558451112558
Theta
0.0551545
t_GA - R_GA * R_AB * t_BA
0 0 0
t_wo + t_wo_cam
0.928377 0.0512561 0
Time
1558451112628
Theta
0.0551545
t_GA - R_GA * R_AB * t_BA
0 0 0
t_wo + t_wo_cam
0.928377 0.0512561 0
Time
1558451112701
Theta
0.0551545
t_GA - R_GA * R_AB * t_BA
0 0 0
t_wo + t_wo_cam
0.928377 0.0512561 0
Time
1558451112771
Theta
0.0551545
t_GA - R_GA * R_AB * t_BA
0 0 0
t_wo + t_wo_cam
0.928377 0.0512561 0
Time
1558451112845
Theta
0.0551545
t_GA - R_GA * R_AB * t_BA
0 0 0
t_wo + t_wo_cam
0.928377 0.0512561 0
Time
1558451112914
Theta
0.0551545
t_GA - R_GA * R_AB * t_BA
0 0 0
t_wo + t_wo_cam
0.928377 0.0512561 0
Time
1558451112988
Theta
0.0551545
t_GA - R_GA * R_AB * t_BA
0 0 0
t_wo + t_wo_cam
0.928377 0.0512561 0
Time
1558451113058
Theta
0.0551545
t_GA - R_GA * R_AB * t_BA
0 0 0
t_wo + t_wo_cam
0.928377 0.0512561 0
Time
1558451113131
Theta
0.0551545
t_GA - R_GA * R_AB * t_BA
0 0 0
t_wo + t_wo_cam
0.928377 0.0512561 0
Time
1558451113201
Theta
0.0551545
t_GA - R_GA * R_AB * t_BA
0 0 0
t_wo + t_wo_cam
0.928377 0.0512561 0
Time
1558451113274
Theta
0.0551545
t_GA - R_GA * R_AB * t_BA
0 0 0
t_wo + t_wo_cam
0.928377 0.0512561 0
Time
1558451113344
Theta
0.0551545
t_GA - R_GA * R_AB * t_BA
0 0 0
t_wo + t_wo_cam
0.928377 0.0512561 0
Time
1558451113418
Theta
0.0551545
t_GA - R_GA * R_AB * t_BA
0 0 0
t_wo + t_wo_cam
0.928377 0.0512561 0
Time
1558451113488
Theta
0.0551545
t_GA - R_GA * R_AB * t_BA
0 0 0
t_wo + t_wo_cam
0.928377 0.0512561 0
Time
1558451113561
Theta
0.0551545
t_GA - R_GA * R_AB * t_BA
0 0 0
t_wo + t_wo_cam
0.928377 0.0512561 0
Time
1558451113631
Theta
0.0551545
t_GA - R_GA * R_AB * t_BA
0 0 0
t_wo + t_wo_cam
0.928377 0.0512561 0
Time
1558451113704
Theta
0.0551545
t_GA - R_GA * R_AB * t_BA
0 0 0
t_wo + t_wo_cam
0.928377 0.0512561 0
Time
1558451113774
Theta
0.0551545
t_GA - R_GA * R_AB * t_BA
0 0 0
t_wo + t_wo_cam
0.928377 0.0512561 0
Time
1558451113847
Theta
0.0551545
t_GA - R_GA * R_AB * t_BA
0 0 0
t_wo + t_wo_cam
0.928377 0.0512561 0
Time
1558451113917
Theta
0.0551545
t_GA - R_GA * R_AB * t_BA
0 0 0
t_wo + t_wo_cam
0.928377 0.0512561 0
Time
1558451113991
Theta
0.0551545
t_GA - R_GA * R_AB * t_BA
0 0 0
t_wo + t_wo_cam
0.928377 0.0512561 0
Time
1558451114061
Theta
0.0551545
t_GA - R_GA * R_AB * t_BA
0 0 0
t_wo + t_wo_cam
0.928377 0.0512561 0
Time
1558451114134
Theta
0.0551545
t_GA - R_GA * R_AB * t_BA
0 0 0
t_wo + t_wo_cam
0.928377 0.0512561 0
Time
1558451114204
Theta
0.0551545
t_GA - R_GA * R_AB * t_BA
0 0 0
t_wo + t_wo_cam
0.928377 0.0512561 0
Time
1558451114278
Theta
0.0551545
t_GA - R_GA * R_AB * t_BA
0 0 0
t_wo + t_wo_cam
0.928377 0.0512561 0
Time
1558451114347
Theta
0.0551545
t_GA - R_GA * R_AB * t_BA
0 0 0
t_wo + t_wo_cam
0.928377 0.0512561 0
Time
1558451114421
Theta
0.0551545
t_GA - R_GA * R_AB * t_BA
0 0 0
t_wo + t_wo_cam
0.928377 0.0512561 0
Time
1558451114491
Theta
0.0551545
t_GA - R_GA * R_AB * t_BA
0 0 0
t_wo + t_wo_cam
0.928377 0.0512561 0
Time
1558451114564
Theta
0.0551545
t_GA - R_GA * R_AB * t_BA
0 0 0
t_wo + t_wo_cam
0.928377 0.0512561 0
Time
1558451114634
Theta
0.0551545
t_GA - R_GA * R_AB * t_BA
0 0 0
t_wo + t_wo_cam
0.928377 0.0512561 0
Time
1558451114707
Theta
0.0551545
t_GA - R_GA * R_AB * t_BA
0 0 0
t_wo + t_wo_cam
0.928377 0.0512561 0
Time
1558451114778
Theta
0.0551545
t_GA - R_GA * R_AB * t_BA
0 0 0
t_wo + t_wo_cam
0.928377 0.0512561 0
Time
1558451114851
Theta
0.0551545
t_GA - R_GA * R_AB * t_BA
0 0 0
t_wo + t_wo_cam
0.928377 0.0512561 0
Time
1558451114920
Theta
0.0551545
t_GA - R_GA * R_AB * t_BA
0 0 0
t_wo + t_wo_cam
0.928377 0.0512561 0
Time
1558451114994
Theta
0.0551545
t_GA - R_GA * R_AB * t_BA
0 0 0
t_wo + t_wo_cam
0.928377 0.0512561 0
Time
1558451115064
Theta
0.0551545
t_GA - R_GA * R_AB * t_BA
0 0 0
t_wo + t_wo_cam
0.928377 0.0512561 0
Time
1558451115137
Theta
0.0551545
t_GA - R_GA * R_AB * t_BA
0 0 0
t_wo + t_wo_cam
0.928377 0.0512561 0
Time
1558451115207
Theta
0.0551545
t_GA - R_GA * R_AB * t_BA
0 0 0
t_wo + t_wo_cam
0.928377 0.0512561 0
Time
1558451115281
Theta
0.0551545
t_GA - R_GA * R_AB * t_BA
0 0 0
t_wo + t_wo_cam
0.928377 0.0512561 0
Time
1558451115350
Theta
0.0551545
t_GA - R_GA * R_AB * t_BA
0 0 0
t_wo + t_wo_cam
0.928377 0.0512561 0
Time
1558451115424
Theta
0.0551545
t_GA - R_GA * R_AB * t_BA
0 0 0
t_wo + t_wo_cam
0.928377 0.0512561 0
Time
1558451115494
Theta
0.0551545
t_GA - R_GA * R_AB * t_BA
0 0 0
t_wo + t_wo_cam
0.928377 0.0512561 0
Time
1558451115567
Theta
0.0551545
t_GA - R_GA * R_AB * t_BA
0 0 0
t_wo + t_wo_cam
0.928377 0.0512561 0
Time
1558451115641
Theta
0.0551545
t_GA - R_GA * R_AB * t_BA
0 0 0
t_wo + t_wo_cam
0.928377 0.0512561 0
Time
1558451115710
Theta
0.0551545
t_GA - R_GA * R_AB * t_BA
0 0 0
t_wo + t_wo_cam
0.928377 0.0512561 0
Time
1558451115784
Theta
0.0551545
t_GA - R_GA * R_AB * t_BA
0 0 0
t_wo + t_wo_cam
0.928377 0.0512561 0
Time
1558451115854
Theta
0.0551545
t_GA - R_GA * R_AB * t_BA
0 0 0
t_wo + t_wo_cam
0.928377 0.0512561 0
Time
1558451115927
Theta
0.0551545
t_GA - R_GA * R_AB * t_BA
0 0 0
t_wo + t_wo_cam
0.928377 0.0512561 0
Time
1558451115997
Theta
0.0551545
t_GA - R_GA * R_AB * t_BA
0 0 0
t_wo + t_wo_cam
0.928377 0.0512561 0
Time
1558451116071
Theta
0.0551545
t_GA - R_GA * R_AB * t_BA
0 0 0
t_wo + t_wo_cam
0.928377 0.0512561 0
Time
1558451116140
Theta
0.0551545
t_GA - R_GA * R_AB * t_BA
0 0 0
t_wo + t_wo_cam
0.928377 0.0512561 0
Time
1558451116214
Theta
0.0551545
t_GA - R_GA * R_AB * t_BA
0 0 0
t_wo + t_wo_cam
0.928377 0.0512561 0
Time
1558451116284
Theta
0.0551545
t_GA - R_GA * R_AB * t_BA
0 0 0
t_wo + t_wo_cam
0.928377 0.0512561 0
Time
1558451116357
Theta
0.0551545
t_GA - R_GA * R_AB * t_BA
0 0 0
t_wo + t_wo_cam
0.928377 0.0512561 0
Time
1558451116427
Theta
0.0551545
t_GA - R_GA * R_AB * t_BA
0 0 0
t_wo + t_wo_cam
0.928377 0.0512561 0
Time
1558451116501
Theta
0.0551545
t_GA - R_GA * R_AB * t_BA
0 0 0
t_wo + t_wo_cam
0.928377 0.0512561 0
Time
1558451116570
Theta
0.0551545
t_GA - R_GA * R_AB * t_BA
0 0 0
t_wo + t_wo_cam
0.928377 0.0512561 0
Time
1558451116644
Theta
0.0551545
t_GA - R_GA * R_AB * t_BA
0 0 0
t_wo + t_wo_cam
0.928377 0.0512561 0
Time
1558451116713
Theta
0.0551545
t_GA - R_GA * R_AB * t_BA
0 0 0
t_wo + t_wo_cam
0.928377 0.0512561 0
Time
1558451116787
Theta
0.0551545
t_GA - R_GA * R_AB * t_BA
0 0 0
t_wo + t_wo_cam
0.928377 0.0512561 0
Time
1558451116856
Theta
0.0551545
t_GA - R_GA * R_AB * t_BA
0 0 0
t_wo + t_wo_cam
0.928377 0.0512561 0
Time
1558451116930
Theta
0.0551545
t_GA - R_GA * R_AB * t_BA
0 0 0
t_wo + t_wo_cam
0.928377 0.0512561 0
Time
1558451117000
Theta
0.0551545
t_GA - R_GA * R_AB * t_BA
0 0 0
t_wo + t_wo_cam
0.928377 0.0512561 0
Time
1558451117073
Theta
0.0551545
t_GA - R_GA * R_AB * t_BA
0 0 0
t_wo + t_wo_cam
0.928377 0.0512561 0
Time
1558451117143
Theta
0.0551545
t_GA - R_GA * R_AB * t_BA
0 0 0
t_wo + t_wo_cam
0.928377 0.0512561 0
Time
1558451117217
Theta
0.0551545
t_GA - R_GA * R_AB * t_BA
0 0 0
t_wo + t_wo_cam
0.928377 0.0512561 0
Time
1558451117287
Theta
0.0551545
t_GA - R_GA * R_AB * t_BA
0 0 0
t_wo + t_wo_cam
0.928377 0.0512561 0
Time
1558451117360
Theta
0.0551545
t_GA - R_GA * R_AB * t_BA
0 0 0
t_wo + t_wo_cam
0.928377 0.0512561 0
Time
1558451117430
Theta
0.0551545
t_GA - R_GA * R_AB * t_BA
0 0 0
t_wo + t_wo_cam
0.928377 0.0512561 0
Time
1558451117503
Theta
0.0551545
t_GA - R_GA * R_AB * t_BA
0 0 0
t_wo + t_wo_cam
0.928377 0.0512561 0
Time
1558451117573
Theta
0.0551545
t_GA - R_GA * R_AB * t_BA
0 0 0
t_wo + t_wo_cam
0.928377 0.0512561 0
Time
1558451117647
Theta
0.0551545
t_GA - R_GA * R_AB * t_BA
0 0 0
t_wo + t_wo_cam
0.928377 0.0512561 0
Time
1558451117716
Theta
0.0551545
t_GA - R_GA * R_AB * t_BA
0 0 0
t_wo + t_wo_cam
0.928377 0.0512561 0
Time
1558451117790
Theta
0.0551545
t_GA - R_GA * R_AB * t_BA
0 0 0
t_wo + t_wo_cam
0.928377 0.0512561 0
Time
1558451117859
Theta
0.0551545
t_GA - R_GA * R_AB * t_BA
0 0 0
t_wo + t_wo_cam
0.928377 0.0512561 0
Time
1558451117933
Theta
0.0551545
t_GA - R_GA * R_AB * t_BA
0 0 0
t_wo + t_wo_cam
0.928377 0.0512561 0
Time
1558451118003
Theta
0.0551545
t_GA - R_GA * R_AB * t_BA
0 0 0
t_wo + t_wo_cam
0.928377 0.0512561 0
Time
1558451118077
Theta
0.0551545
t_GA - R_GA * R_AB * t_BA
0 0 0
t_wo + t_wo_cam
0.928377 0.0512561 0
Time
1558451118146
Theta
0.0551545
t_GA - R_GA * R_AB * t_BA
0 0 0
t_wo + t_wo_cam
0.928377 0.0512561 0
Time
1558451118220
Theta
0.0551545
t_GA - R_GA * R_AB * t_BA
0 0 0
t_wo + t_wo_cam
0.928377 0.0512561 0
Time
1558451118289
Theta
0.0551545
t_GA - R_GA * R_AB * t_BA
0 0 0
t_wo + t_wo_cam
0.928377 0.0512561 0
Time
1558451118363
Theta
0.0551545
t_GA - R_GA * R_AB * t_BA
0 0 0
t_wo + t_wo_cam
0.928377 0.0512561 0
Time
1558451118433
Theta
0.0551545
t_GA - R_GA * R_AB * t_BA
0 0 0
t_wo + t_wo_cam
0.928377 0.0512561 0
Time
1558451118506
Theta
0.0551545
t_GA - R_GA * R_AB * t_BA
0 0 0
t_wo + t_wo_cam
0.928377 0.0512561 0
Time
1558451118576
Theta
0.0551545
t_GA - R_GA * R_AB * t_BA
0 0 0
t_wo + t_wo_cam
0.928377 0.0512561 0
Time
1558451118650
Theta
0.0551545
t_GA - R_GA * R_AB * t_BA
0 0 0
t_wo + t_wo_cam
0.928377 0.0512561 0
Time
1558451118719
Theta
0.0551545
t_GA - R_GA * R_AB * t_BA
0 0 0
t_wo + t_wo_cam
0.928377 0.0512561 0
Time
1558451118793
Theta
0.0551545
t_GA - R_GA * R_AB * t_BA
0 0 0
t_wo + t_wo_cam
0.928377 0.0512561 0
Time
1558451118863
Theta
0.0551545
t_GA - R_GA * R_AB * t_BA
0 0 0
t_wo + t_wo_cam
0.928377 0.0512561 0
Time
1558451118936
Theta
0.0551545
t_GA - R_GA * R_AB * t_BA
0 0 0
t_wo + t_wo_cam
0.928377 0.0512561 0
Time
1558451119010
Theta
0.0551545
t_GA - R_GA * R_AB * t_BA
0 0 0
t_wo + t_wo_cam
0.928377 0.0512561 0
Time
1558451119080
Theta
0.0551545
t_GA - R_GA * R_AB * t_BA
0 0 0
t_wo + t_wo_cam
0.928377 0.0512561 0
Time
1558451119153
Theta
0.0551545
t_GA - R_GA * R_AB * t_BA
0 0 0
t_wo + t_wo_cam
0.928377 0.0512561 0
Time
1558451119223
Theta
0.0551545
t_GA - R_GA * R_AB * t_BA
0 0 0
t_wo + t_wo_cam
0.928377 0.0512561 0
Time
1558451119297
Theta
0.0551545
t_GA - R_GA * R_AB * t_BA
0 0 0
t_wo + t_wo_cam
0.928377 0.0512561 0
Time
1558451119366
Theta
0.0551545
t_GA - R_GA * R_AB * t_BA
0 0 0
t_wo + t_wo_cam
0.928377 0.0512561 0
Time
1558451119440
Theta
0.0551545
t_GA - R_GA * R_AB * t_BA
0 0 0
t_wo + t_wo_cam
0.928377 0.0512561 0
Time
1558451119509
Theta
0.0551545
t_GA - R_GA * R_AB * t_BA
0 0 0
t_wo + t_wo_cam
0.928377 0.0512561 0
Time
1558451119583
Theta
0.0551545
t_GA - R_GA * R_AB * t_BA
0 0 0
t_wo + t_wo_cam
0.928377 0.0512561 0
Time
1558451119653
Theta
0.0551545
t_GA - R_GA * R_AB * t_BA
0 0 0
t_wo + t_wo_cam
0.928377 0.0512561 0
Time
1558451119726
Theta
0.0551545
t_GA - R_GA * R_AB * t_BA
0 0 0
t_wo + t_wo_cam
0.928377 0.0512561 0
Time
1558451119797
Theta
0.0551545
t_GA - R_GA * R_AB * t_BA
0 0 0
t_wo + t_wo_cam
0.928377 0.0512561 0
Time
1558451119870
Theta
0.0551545
t_GA - R_GA * R_AB * t_BA
0 0 0
t_wo + t_wo_cam
0.928377 0.0512561 0
Time
1558451119939
Theta
0.0551545
t_GA - R_GA * R_AB * t_BA
0 0 0
t_wo + t_wo_cam
0.928377 0.0512561 0
Time
1558451120013
Theta
0.0551545
t_GA - R_GA * R_AB * t_BA
0 0 0
t_wo + t_wo_cam
0.928377 0.0512561 0
Time
1558451120083
Theta
0.0551545
t_GA - R_GA * R_AB * t_BA
0 0 0
t_wo + t_wo_cam
0.928377 0.0512561 0
Time
1558451120156
Theta
0.0551545
t_GA - R_GA * R_AB * t_BA
0 0 0
t_wo + t_wo_cam
0.928377 0.0512561 0
Time
1558451120226
Theta
0.0551545
t_GA - R_GA * R_AB * t_BA
0 0 0
t_wo + t_wo_cam
0.928377 0.0512561 0
Time
1558451120300
Theta
0.0551545
t_GA - R_GA * R_AB * t_BA
0 0 0
t_wo + t_wo_cam
0.928377 0.0512561 0
Time
1558451120369
Theta
0.0551545
t_GA - R_GA * R_AB * t_BA
0 0 0
t_wo + t_wo_cam
0.928377 0.0512561 0
Time
1558451120443
Theta
0.0551545
t_GA - R_GA * R_AB * t_BA
0 0 0
t_wo + t_wo_cam
0.928377 0.0512561 0
Time
1558451120513
Theta
0.0551545
t_GA - R_GA * R_AB * t_BA
0 0 0
t_wo + t_wo_cam
0.928377 0.0512561 0
Time
1558451120586
Theta
0.0551545
t_GA - R_GA * R_AB * t_BA
0 0 0
t_wo + t_wo_cam
0.928377 0.0512561 0
Time
1558451120656
Theta
0.0551545
t_GA - R_GA * R_AB * t_BA
0 0 0
t_wo + t_wo_cam
0.928377 0.0512561 0
Time
1558451120729
Theta
0.0551545
t_GA - R_GA * R_AB * t_BA
0 0 0
t_wo + t_wo_cam
0.928377 0.0512561 0
Time
1558451120799
Theta
0.0551545
t_GA - R_GA * R_AB * t_BA
0 0 0
t_wo + t_wo_cam
0.928377 0.0512561 0
Time
1558451120872
Theta
0.0551545
t_GA - R_GA * R_AB * t_BA
0 0 0
t_wo + t_wo_cam
0.928377 0.0512561 0
Time
1558451120942
Theta
0.0551545
t_GA - R_GA * R_AB * t_BA
0 0 0
t_wo + t_wo_cam
0.928377 0.0512561 0
Time
1558451121016
Theta
0.0551545
t_GA - R_GA * R_AB * t_BA
0 0 0
t_wo + t_wo_cam
0.928377 0.0512561 0
Time
1558451121086
Theta
0.0551545
t_GA - R_GA * R_AB * t_BA
0 0 0
t_wo + t_wo_cam
0.928377 0.0512561 0
Time
1558451121159
Theta
0.0551545
t_GA - R_GA * R_AB * t_BA
0 0 0
t_wo + t_wo_cam
0.928377 0.0512561 0
Time
1558451121229
Theta
0.0551545
t_GA - R_GA * R_AB * t_BA
0 0 0
t_wo + t_wo_cam
0.928377 0.0512561 0
Time
1558451121303
Theta
0.0551545
t_GA - R_GA * R_AB * t_BA
0 0 0
t_wo + t_wo_cam
0.928377 0.0512561 0
Time
1558451121372
Theta
0.0551545
t_GA - R_GA * R_AB * t_BA
0 0 0
t_wo + t_wo_cam
0.928377 0.0512561 0
Time
1558451121446
Theta
0.0551545
t_GA - R_GA * R_AB * t_BA
0 0 0
t_wo + t_wo_cam
0.928377 0.0512561 0
Time
1558451121515
Theta
0.0551545
t_GA - R_GA * R_AB * t_BA
0 0 0
t_wo + t_wo_cam
0.928377 0.0512561 0
Time
1558451121589
Theta
0.0551545
t_GA - R_GA * R_AB * t_BA
0 0 0
t_wo + t_wo_cam
0.928377 0.0512561 0
Time
1558451121659
Theta
0.0551545
t_GA - R_GA * R_AB * t_BA
0 0 0
t_wo + t_wo_cam
0.928377 0.0512561 0
Time
1558451121732
Theta
0.0551545
t_GA - R_GA * R_AB * t_BA
0 0 0
t_wo + t_wo_cam
0.928377 0.0512561 0
Time
1558451121802
Theta
0.0551545
t_GA - R_GA * R_AB * t_BA
0 0 0
t_wo + t_wo_cam
0.928377 0.0512561 0
Time
1558451121876
Theta
0.0551545
t_GA - R_GA * R_AB * t_BA
0 0 0
t_wo + t_wo_cam
0.928377 0.0512561 0
Time
1558451121945
Theta
0.0551545
t_GA - R_GA * R_AB * t_BA
0 0 0
t_wo + t_wo_cam
0.928377 0.0512561 0
Time
1558451122019
Theta
0.0551545
t_GA - R_GA * R_AB * t_BA
0 0 0
t_wo + t_wo_cam
0.928377 0.0512561 0
Time
1558451122093
Theta
0.0551545
t_GA - R_GA * R_AB * t_BA
0 0 0
t_wo + t_wo_cam
0.928377 0.0512561 0
Time
1558451122162
Theta
0.0551545
t_GA - R_GA * R_AB * t_BA
0 0 0
t_wo + t_wo_cam
0.928377 0.0512561 0
Time
1558451122236
Theta
0.0551545
t_GA - R_GA * R_AB * t_BA
0 0 0
t_wo + t_wo_cam
0.928377 0.0512561 0
Time
1558451122306
Theta
0.0551545
t_GA - R_GA * R_AB * t_BA
0 0 0
t_wo + t_wo_cam
0.928377 0.0512561 0
Time
1558451122379
Theta
0.0551545
t_GA - R_GA * R_AB * t_BA
0 0 0
t_wo + t_wo_cam
0.928377 0.0512561 0
Time
1558451122449
Theta
0.0551545
t_GA - R_GA * R_AB * t_BA
0 0 0
t_wo + t_wo_cam
0.928377 0.0512561 0
Time
1558451122523
Theta
0.0551545
t_GA - R_GA * R_AB * t_BA
0 0 0
t_wo + t_wo_cam
0.928377 0.0512561 0
Time
1558451122592
Theta
0.0551545
t_GA - R_GA * R_AB * t_BA
0 0 0
t_wo + t_wo_cam
0.928377 0.0512561 0
Time
1558451122666
Theta
0.0551545
t_GA - R_GA * R_AB * t_BA
0 0 0
t_wo + t_wo_cam
0.928377 0.0512561 0
Time
1558451122735
Theta
0.0551545
t_GA - R_GA * R_AB * t_BA
0 0 0
t_wo + t_wo_cam
0.928377 0.0512561 0
Time
1558451122809
Theta
0.0551545
t_GA - R_GA * R_AB * t_BA
0 0 0
t_wo + t_wo_cam
0.928377 0.0512561 0
Time
1558451122879
Theta
0.0551545
t_GA - R_GA * R_AB * t_BA
0 0 0
t_wo + t_wo_cam
0.928377 0.0512561 0
Time
1558451122952
Theta
0.0551545
t_GA - R_GA * R_AB * t_BA
0 0 0
t_wo + t_wo_cam
0.928377 0.0512561 0
Time
1558451123022
Theta
0.0551545
t_GA - R_GA * R_AB * t_BA
0 0 0
t_wo + t_wo_cam
0.928377 0.0512561 0
Time
1558451123096
Theta
0.0551545
t_GA - R_GA * R_AB * t_BA
0 0 0
t_wo + t_wo_cam
0.928377 0.0512561 0
Time
1558451123165
Theta
0.0551545
t_GA - R_GA * R_AB * t_BA
0 0 0
t_wo + t_wo_cam
0.928377 0.0512561 0
Time
1558451123239
Theta
0.0551545
t_GA - R_GA * R_AB * t_BA
0 0 0
t_wo + t_wo_cam
0.928377 0.0512561 0
Time
1558451123308
Theta
0.0551545
t_GA - R_GA * R_AB * t_BA
0 0 0
t_wo + t_wo_cam
0.928377 0.0512561 0
Time
1558451123382
Theta
0.0551545
t_GA - R_GA * R_AB * t_BA
0 0 0
t_wo + t_wo_cam
0.928377 0.0512561 0
Time
1558451123452
Theta
0.0551545
t_GA - R_GA * R_AB * t_BA
0 0 0
t_wo + t_wo_cam
0.928377 0.0512561 0
Time
1558451123525
Theta
0.0551545
t_GA - R_GA * R_AB * t_BA
0 0 0
t_wo + t_wo_cam
0.928377 0.0512561 0
Time
1558451123595
Theta
0.0551545
t_GA - R_GA * R_AB * t_BA
0 0 0
t_wo + t_wo_cam
0.928377 0.0512561 0
Time
1558451123669
Theta
0.0551545
t_GA - R_GA * R_AB * t_BA
0 0 0
t_wo + t_wo_cam
0.928377 0.0512561 0
Time
1558451123738
Theta
0.0551545
t_GA - R_GA * R_AB * t_BA
0 0 0
t_wo + t_wo_cam
0.928377 0.0512561 0
Time
1558451123812
Theta
0.0551545
t_GA - R_GA * R_AB * t_BA
0 0 0
t_wo + t_wo_cam
0.928377 0.0512561 0
Time
1558451123882
Theta
0.0551545
t_GA - R_GA * R_AB * t_BA
0 0 0
t_wo + t_wo_cam
0.928377 0.0512561 0
Time
1558451123955
Theta
0.0551545
t_GA - R_GA * R_AB * t_BA
0 0 0
t_wo + t_wo_cam
0.928377 0.0512561 0
Time
1558451124025
Theta
0.0551545
