awdqwd
t_GA - R_GA * R_AB * t_BA
1558436733587 0 0 0
t_wo
1558436733587 0 0 0
Theta
0
t_GA - R_GA * R_AB * t_BA
1558436733598 0 0 0
t_wo
1558436733598 0.143394 -0.040321 0
Theta
-0.274113
t_GA - R_GA * R_AB * t_BA
1558436733609 0 0 0
t_wo
1558436733609 0.143394 -0.040321 0
Theta
-0.274113
t_GA - R_GA * R_AB * t_BA
1558436733620 0 0 0
t_wo
1558436733620 0.143394 -0.040321 0
Theta
-0.274113
t_GA - R_GA * R_AB * t_BA
1558436733630 0 0 0
t_wo
1558436733630 0.143394 -0.040321 0
Theta
-0.274113
t_GA - R_GA * R_AB * t_BA
1558436733641 0 0 0
t_wo
1558436733641 0.143394 -0.040321 0
Theta
-0.274113
t_GA - R_GA * R_AB * t_BA
1558436733651 0 0 0
t_wo
1558436733651 0.143394 -0.040321 0
Theta
-0.274113
t_GA - R_GA * R_AB * t_BA
1558436733661 0 0 0
t_wo
1558436733661 0.143394 -0.040321 0
Theta
-0.274113
t_GA - R_GA * R_AB * t_BA
1558436733672 0 0 0
t_wo
1558436733672 0.143394 -0.040321 0
Theta
-0.274113
t_GA - R_GA * R_AB * t_BA
1558436733682 0 0 0
t_wo
1558436733682 0.143394 -0.040321 0
Theta
-0.274113
t_GA - R_GA * R_AB * t_BA
1558436733692 0 0 0
t_wo
1558436733692 0.143394 -0.040321 0
Theta
-0.274113
t_GA - R_GA * R_AB * t_BA
1558436733702 0 0 0
t_wo
1558436733702 0.143394 -0.040321 0
Theta
-0.274113
t_GA - R_GA * R_AB * t_BA
1558436733713 0 0 0
t_wo
1558436733713 0.143394 -0.040321 0
Theta
-0.274113
t_GA - R_GA * R_AB * t_BA
1558436733723 0 0 0
t_wo
1558436733723 0.143394 -0.040321 0
Theta
-0.274113
t_GA - R_GA * R_AB * t_BA
1558436733733 0 0 0
t_wo
1558436733733 0.143394 -0.040321 0
Theta
-0.274113
t_GA - R_GA * R_AB * t_BA
1558436733743 0 0 0
t_wo
1558436733743 0.143394 -0.040321 0
Theta
-0.274113
t_GA - R_GA * R_AB * t_BA
1558436733754 0 0 0
t_wo
1558436733754 0.143394 -0.040321 0
Theta
-0.274113
t_GA - R_GA * R_AB * t_BA
1558436733764 0 0 0
t_wo
1558436733764 0.143394 -0.040321 0
Theta
-0.274113
t_GA - R_GA * R_AB * t_BA
1558436733774 0 0 0
t_wo
1558436733774 0.143394 -0.040321 0
Theta
-0.274113
t_GA - R_GA * R_AB * t_BA
1558436733784 0 0 0
t_wo
1558436733784 0.143394 -0.040321 0
Theta
-0.274113
t_GA - R_GA * R_AB * t_BA
1558436733795 0 0 0
t_wo
1558436733795 0.143394 -0.040321 0
Theta
-0.274113
t_GA - R_GA * R_AB * t_BA
1558436733805 0 0 0
t_wo
1558436733805 0.143394 -0.040321 0
Theta
-0.274113
t_GA - R_GA * R_AB * t_BA
1558436733815 0 0 0
t_wo
1558436733815 0.143394 -0.040321 0
Theta
-0.274113
t_GA - R_GA * R_AB * t_BA
1558436733825 0 0 0
t_wo
1558436733825 0.143394 -0.040321 0
Theta
-0.274113
t_GA - R_GA * R_AB * t_BA
1558436733836 0 0 0
t_wo
1558436733836 0.143394 -0.040321 0
Theta
-0.274113
t_GA - R_GA * R_AB * t_BA
1558436733846 0 0 0
t_wo
1558436733846 0.143394 -0.040321 0
Theta
-0.274113
t_GA - R_GA * R_AB * t_BA
1558436733856 0 0 0
t_wo
1558436733856 0.143394 -0.040321 0
Theta
-0.274113
t_GA - R_GA * R_AB * t_BA
1558436733866 0 0 0
t_wo
1558436733866 0.143394 -0.040321 0
Theta
-0.274113
t_GA - R_GA * R_AB * t_BA
1558436733877 0 0 0
t_wo
1558436733877 0.143394 -0.040321 0
Theta
-0.274113
t_GA - R_GA * R_AB * t_BA
1558436733887 0 0 0
t_wo
1558436733887 0.143394 -0.040321 0
Theta
-0.274113
t_GA - R_GA * R_AB * t_BA
1558436733897 0 0 0
t_wo
1558436733897 0.143394 -0.040321 0
Theta
-0.274113
t_GA - R_GA * R_AB * t_BA
1558436733907 0 0 0
t_wo
1558436733907 0.143394 -0.040321 0
Theta
-0.274113
t_GA - R_GA * R_AB * t_BA
1558436733918 0 0 0
t_wo
1558436733918 0.143394 -0.040321 0
Theta
-0.274113
t_GA - R_GA * R_AB * t_BA
1558436733928 0 0 0
t_wo
1558436733928 0.143394 -0.040321 0
Theta
-0.274113
t_GA - R_GA * R_AB * t_BA
1558436733938 0 0 0
t_wo
1558436733938 0.143394 -0.040321 0
Theta
-0.274113
t_GA - R_GA * R_AB * t_BA
1558436733948 0 0 0
t_wo
1558436733948 0.143394 -0.040321 0
Theta
-0.274113
t_GA - R_GA * R_AB * t_BA
1558436733958 0 0 0
t_wo
1558436733958 0.143394 -0.040321 0
Theta
-0.274113
t_GA - R_GA * R_AB * t_BA
1558436733969 0 0 0
t_wo
1558436733969 0.143394 -0.040321 0
Theta
-0.274113
t_GA - R_GA * R_AB * t_BA
1558436733979 0 0 0
t_wo
1558436733979 0.143394 -0.040321 0
Theta
-0.274113
t_GA - R_GA * R_AB * t_BA
1558436733989 0 0 0
t_wo
1558436733989 0.143394 -0.040321 0
Theta
-0.274113
t_GA - R_GA * R_AB * t_BA
1558436733999 0 0 0
t_wo
1558436733999 0.143394 -0.040321 0
Theta
-0.274113
t_GA - R_GA * R_AB * t_BA
1558436734010 0 0 0
t_wo
1558436734010 0.143394 -0.040321 0
Theta
-0.274113
t_GA - R_GA * R_AB * t_BA
1558436734020 0 0 0
t_wo
1558436734020 0.143394 -0.040321 0
Theta
-0.274113
t_GA - R_GA * R_AB * t_BA
1558436734030 0 0 0
t_wo
1558436734030 0.143394 -0.040321 0
Theta
-0.274113
t_GA - R_GA * R_AB * t_BA
1558436734040 0 0 0
t_wo
1558436734040 0.143394 -0.040321 0
Theta
-0.274113
t_GA - R_GA * R_AB * t_BA
1558436734051 0 0 0
t_wo
1558436734051 0.143394 -0.040321 0
Theta
-0.274113
t_GA - R_GA * R_AB * t_BA
1558436734061 0 0 0
t_wo
1558436734061 0.143394 -0.040321 0
Theta
-0.274113
t_GA - R_GA * R_AB * t_BA
1558436734071 0 0 0
t_wo
1558436734071 0.143394 -0.040321 0
Theta
-0.274113
t_GA - R_GA * R_AB * t_BA
1558436734081 0 0 0
t_wo
1558436734081 0.143394 -0.040321 0
Theta
-0.274113
t_GA - R_GA * R_AB * t_BA
1558436734092 0 0 0
t_wo
1558436734092 0.143394 -0.040321 0
Theta
-0.274113
t_GA - R_GA * R_AB * t_BA
1558436734102 0 0 0
t_wo
1558436734102 0.143394 -0.040321 0
Theta
-0.274113
t_GA - R_GA * R_AB * t_BA
1558436734112 0 0 0
t_wo
1558436734112 0.143394 -0.040321 0
Theta
-0.274113
t_GA - R_GA * R_AB * t_BA
1558436734122 0 0 0
t_wo
1558436734122 0.143394 -0.040321 0
Theta
-0.274113
t_GA - R_GA * R_AB * t_BA
1558436734133 0 0 0
t_wo
1558436734133 0.143394 -0.040321 0
Theta
-0.274113
t_GA - R_GA * R_AB * t_BA
1558436734143 0 0 0
t_wo
1558436734143 0.143394 -0.040321 0
Theta
-0.274113
t_GA - R_GA * R_AB * t_BA
1558436734153 0 0 0
t_wo
1558436734153 0.143394 -0.040321 0
Theta
-0.274113
t_GA - R_GA * R_AB * t_BA
1558436734163 0 0 0
t_wo
1558436734163 0.143394 -0.040321 0
Theta
-0.274113
t_GA - R_GA * R_AB * t_BA
1558436734173 0 0 0
t_wo
1558436734173 0.143394 -0.040321 0
Theta
-0.274113
t_GA - R_GA * R_AB * t_BA
1558436734184 0 0 0
t_wo
1558436734184 0.143394 -0.040321 0
Theta
-0.274113
t_GA - R_GA * R_AB * t_BA
1558436734194 0 0 0
t_wo
1558436734194 0.143394 -0.040321 0
Theta
-0.274113
t_GA - R_GA * R_AB * t_BA
1558436734204 0 0 0
t_wo
1558436734204 0.143394 -0.040321 0
Theta
-0.274113
t_GA - R_GA * R_AB * t_BA
1558436734214 0 0 0
t_wo
1558436734214 0.143394 -0.040321 0
Theta
-0.274113
t_GA - R_GA * R_AB * t_BA
1558436734225 0 0 0
t_wo
1558436734225 0.143394 -0.040321 0
Theta
-0.274113
t_GA - R_GA * R_AB * t_BA
1558436734235 0 0 0
t_wo
1558436734235 0.143394 -0.040321 0
Theta
-0.274113
t_GA - R_GA * R_AB * t_BA
1558436734245 0 0 0
t_wo
1558436734245 0.143394 -0.040321 0
Theta
-0.274113
t_GA - R_GA * R_AB * t_BA
1558436734255 0 0 0
t_wo
1558436734255 0.143394 -0.040321 0
Theta
-0.274113
t_GA - R_GA * R_AB * t_BA
1558436734265 0 0 0
t_wo
1558436734265 0.143394 -0.040321 0
Theta
-0.274113
t_GA - R_GA * R_AB * t_BA
1558436734276 0 0 0
t_wo
1558436734276 0.143394 -0.040321 0
Theta
-0.274113
t_GA - R_GA * R_AB * t_BA
1558436734286 0 0 0
t_wo
1558436734286 0.143394 -0.040321 0
Theta
-0.274113
t_GA - R_GA * R_AB * t_BA
1558436734296 0 0 0
t_wo
1558436734296 0.143394 -0.040321 0
Theta
-0.274113
t_GA - R_GA * R_AB * t_BA
1558436734306 0 0 0
t_wo
1558436734306 0.143394 -0.040321 0
Theta
-0.274113
t_GA - R_GA * R_AB * t_BA
1558436734316 0 0 0
t_wo
1558436734316 0.143394 -0.040321 0
Theta
-0.274113
t_GA - R_GA * R_AB * t_BA
1558436734327 0 0 0
t_wo
1558436734327 0.143394 -0.040321 0
Theta
-0.274113
t_GA - R_GA * R_AB * t_BA
1558436734337 0 0 0
t_wo
1558436734337 0.143394 -0.040321 0
Theta
-0.274113
t_GA - R_GA * R_AB * t_BA
1558436734347 0 0 0
t_wo
1558436734347 0.143394 -0.040321 0
Theta
-0.274113
t_GA - R_GA * R_AB * t_BA
1558436734357 0 0 0
t_wo
1558436734357 0.143394 -0.040321 0
Theta
-0.274113
t_GA - R_GA * R_AB * t_BA
1558436734367 0 0 0
t_wo
1558436734367 0.143394 -0.040321 0
Theta
-0.274113
t_GA - R_GA * R_AB * t_BA
1558436734378 0 0 0
t_wo
1558436734378 0.143394 -0.040321 0
Theta
-0.274113
t_GA - R_GA * R_AB * t_BA
1558436734388 0 0 0
t_wo
1558436734388 0.143394 -0.040321 0
Theta
-0.274113
t_GA - R_GA * R_AB * t_BA
1558436734398 0 0 0
t_wo
1558436734398 0.143394 -0.040321 0
Theta
-0.274113
t_GA - R_GA * R_AB * t_BA
1558436734408 0 0 0
t_wo
1558436734408 0.143394 -0.040321 0
Theta
-0.274113
t_GA - R_GA * R_AB * t_BA
1558436734419 0 0 0
t_wo
1558436734419 0.143394 -0.040321 0
Theta
-0.274113
t_GA - R_GA * R_AB * t_BA
1558436734429 0 0 0
t_wo
1558436734429 0.143394 -0.040321 0
Theta
-0.274113
t_GA - R_GA * R_AB * t_BA
1558436734439 0 0 0
t_wo
1558436734439 0.143394 -0.040321 0
Theta
-0.274113
t_GA - R_GA * R_AB * t_BA
1558436734449 0 0 0
t_wo
1558436734449 0.143394 -0.040321 0
Theta
-0.274113
t_GA - R_GA * R_AB * t_BA
1558436734459 0 0 0
t_wo
1558436734460 0.143394 -0.040321 0
Theta
-0.274113
t_GA - R_GA * R_AB * t_BA
1558436734470 0 0 0
t_wo
1558436734470 0.143394 -0.040321 0
Theta
-0.274113
t_GA - R_GA * R_AB * t_BA
1558436734480 0 0 0
t_wo
1558436734480 0.143394 -0.040321 0
Theta
-0.274113
t_GA - R_GA * R_AB * t_BA
1558436734490 0 0 0
t_wo
1558436734490 0.143394 -0.040321 0
Theta
-0.274113
t_GA - R_GA * R_AB * t_BA
1558436734500 0 0 0
t_wo
1558436734500 0.143394 -0.040321 0
Theta
-0.274113
t_GA - R_GA * R_AB * t_BA
1558436734511 0 0 0
t_wo
1558436734511 0.143394 -0.040321 0
Theta
-0.274113
t_GA - R_GA * R_AB * t_BA
1558436734521 0 0 0
t_wo
1558436734521 0.143394 -0.040321 0
Theta
-0.274113
t_GA - R_GA * R_AB * t_BA
1558436734531 0 0 0
t_wo
1558436734531 0.143394 -0.040321 0
Theta
-0.274113
t_GA - R_GA * R_AB * t_BA
1558436734541 0 0 0
t_wo
1558436734541 0.143394 -0.040321 0
Theta
-0.274113
t_GA - R_GA * R_AB * t_BA
1558436734552 0 0 0
t_wo
1558436734552 0.143394 -0.040321 0
Theta
-0.274113
t_GA - R_GA * R_AB * t_BA
1558436734562 0 0 0
t_wo
1558436734562 0.143394 -0.040321 0
Theta
-0.274113
t_GA - R_GA * R_AB * t_BA
1558436734572 0 0 0
t_wo
1558436734572 0.143394 -0.040321 0
Theta
-0.274113
t_GA - R_GA * R_AB * t_BA
1558436734582 0 0 0
t_wo
1558436734582 0.143394 -0.040321 0
Theta
-0.274113
t_GA - R_GA * R_AB * t_BA
1558436734592 0 0 0
t_wo
1558436734592 0.143394 -0.040321 0
Theta
-0.274113
t_GA - R_GA * R_AB * t_BA
1558436734603 0 0 0
t_wo
1558436734603 0.143394 -0.040321 0
Theta
-0.274113
t_GA - R_GA * R_AB * t_BA
1558436734613 0 0 0
t_wo
1558436734613 0.143394 -0.040321 0
Theta
-0.274113
t_GA - R_GA * R_AB * t_BA
1558436734623 0 0 0
t_wo
1558436734623 0.143394 -0.040321 0
Theta
-0.274113
t_GA - R_GA * R_AB * t_BA
1558436734633 0 0 0
t_wo
1558436734633 0.143394 -0.040321 0
Theta
-0.274113
t_GA - R_GA * R_AB * t_BA
1558436734644 0 0 0
t_wo
1558436734644 0.143394 -0.040321 0
Theta
-0.274113
t_GA - R_GA * R_AB * t_BA
1558436734654 0 0 0
t_wo
1558436734654 0.143394 -0.040321 0
Theta
-0.274113
t_GA - R_GA * R_AB * t_BA
1558436734664 0 0 0
t_wo
1558436734664 0.143394 -0.040321 0
Theta
-0.274113
t_GA - R_GA * R_AB * t_BA
1558436734674 0 0 0
t_wo
1558436734674 0.143394 -0.040321 0
Theta
-0.274113
t_GA - R_GA * R_AB * t_BA
1558436734684 0 0 0
t_wo
1558436734685 0.143394 -0.040321 0
Theta
-0.274113
t_GA - R_GA * R_AB * t_BA
1558436734695 0 0 0
t_wo
1558436734695 0.143394 -0.040321 0
Theta
-0.274113
t_GA - R_GA * R_AB * t_BA
1558436734705 0 0 0
t_wo
1558436734705 0.143394 -0.040321 0
Theta
-0.274113
t_GA - R_GA * R_AB * t_BA
1558436734715 0 0 0
t_wo
1558436734715 0.143394 -0.040321 0
Theta
-0.274113
t_GA - R_GA * R_AB * t_BA
1558436734725 0 0 0
t_wo
1558436734725 0.143394 -0.040321 0
Theta
-0.274113
t_GA - R_GA * R_AB * t_BA
1558436734736 0 0 0
t_wo
1558436734736 0.143394 -0.040321 0
Theta
-0.274113
t_GA - R_GA * R_AB * t_BA
1558436734746 0 0 0
t_wo
1558436734746 0.143394 -0.040321 0
Theta
-0.274113
t_GA - R_GA * R_AB * t_BA
1558436734756 0 0 0
t_wo
1558436734756 0.143394 -0.040321 0
Theta
-0.274113
t_GA - R_GA * R_AB * t_BA
1558436734766 0 0 0
t_wo
1558436734766 0.143394 -0.040321 0
Theta
-0.274113
t_GA - R_GA * R_AB * t_BA
1558436734777 0 0 0
t_wo
1558436734777 0.143394 -0.040321 0
Theta
-0.274113
t_GA - R_GA * R_AB * t_BA
1558436734787 0 0 0
t_wo
1558436734787 0.143394 -0.040321 0
Theta
-0.274113
t_GA - R_GA * R_AB * t_BA
1558436734797 0 0 0
t_wo
1558436734797 0.143394 -0.040321 0
Theta
-0.274113
t_GA - R_GA * R_AB * t_BA
1558436734807 0 0 0
t_wo
1558436734807 0.143394 -0.040321 0
Theta
-0.274113
t_GA - R_GA * R_AB * t_BA
1558436734818 0 0 0
t_wo
1558436734818 0.143394 -0.040321 0
Theta
-0.274113
t_GA - R_GA * R_AB * t_BA
1558436734828 0 0 0
t_wo
1558436734828 0.143394 -0.040321 0
Theta
-0.274113
t_GA - R_GA * R_AB * t_BA
1558436734838 0 0 0
t_wo
1558436734838 0.143394 -0.040321 0
Theta
-0.274113
t_GA - R_GA * R_AB * t_BA
1558436734848 0 0 0
t_wo
1558436734848 0.143394 -0.040321 0
Theta
-0.274113
t_GA - R_GA * R_AB * t_BA
1558436734859 0 0 0
t_wo
1558436734859 0.143394 -0.040321 0
Theta
-0.274113
t_GA - R_GA * R_AB * t_BA
1558436734869 0 0 0
t_wo
1558436734869 0.143394 -0.040321 0
Theta
-0.274113
t_GA - R_GA * R_AB * t_BA
1558436734879 0 0 0
t_wo
1558436734879 0.143394 -0.040321 0
Theta
-0.274113
t_GA - R_GA * R_AB * t_BA
1558436734889 0 0 0
t_wo
1558436734889 0.143394 -0.040321 0
Theta
-0.274113
t_GA - R_GA * R_AB * t_BA
1558436734899 0 0 0
t_wo
1558436734900 0.143394 -0.040321 0
Theta
-0.274113
t_GA - R_GA * R_AB * t_BA
1558436734910 0 0 0
t_wo
1558436734910 0.143394 -0.040321 0
Theta
-0.274113
t_GA - R_GA * R_AB * t_BA
1558436734920 0 0 0
t_wo
1558436734920 0.143394 -0.040321 0
Theta
-0.274113
t_GA - R_GA * R_AB * t_BA
1558436734930 0 0 0
t_wo
1558436734930 0.143394 -0.040321 0
Theta
-0.274113
t_GA - R_GA * R_AB * t_BA
1558436734940 0 0 0
t_wo
1558436734940 0.143394 -0.040321 0
Theta
-0.274113
t_GA - R_GA * R_AB * t_BA
1558436734951 0 0 0
t_wo
1558436734951 0.143394 -0.040321 0
Theta
-0.274113
t_GA - R_GA * R_AB * t_BA
1558436734961 0 0 0
t_wo
1558436734961 0.143394 -0.040321 0
Theta
-0.274113
t_GA - R_GA * R_AB * t_BA
1558436734971 0 0 0
t_wo
1558436734971 0.143394 -0.040321 0
Theta
-0.274113
t_GA - R_GA * R_AB * t_BA
1558436734981 0 0 0
t_wo
1558436734981 0.143394 -0.040321 0
Theta
-0.274113
t_GA - R_GA * R_AB * t_BA
1558436734992 0 0 0
t_wo
1558436734992 0.143394 -0.040321 0
Theta
-0.274113
t_GA - R_GA * R_AB * t_BA
1558436735002 0 0 0
t_wo
1558436735002 0.143394 -0.040321 0
Theta
-0.274113
t_GA - R_GA * R_AB * t_BA
1558436735012 0 0 0
t_wo
1558436735012 0.143394 -0.040321 0
Theta
-0.274113
t_GA - R_GA * R_AB * t_BA
1558436735022 0 0 0
t_wo
1558436735022 0.143394 -0.040321 0
Theta
-0.274113
t_GA - R_GA * R_AB * t_BA
1558436735032 0 0 0
t_wo
1558436735032 0.143394 -0.040321 0
Theta
-0.274113
t_GA - R_GA * R_AB * t_BA
1558436735043 0 0 0
t_wo
1558436735043 0.143394 -0.040321 0
Theta
-0.274113
t_GA - R_GA * R_AB * t_BA
1558436735053 0 0 0
t_wo
1558436735053 0.143394 -0.040321 0
Theta
-0.274113
t_GA - R_GA * R_AB * t_BA
1558436735063 0 0 0
t_wo
1558436735063 0.143394 -0.040321 0
Theta
-0.274113
t_GA - R_GA * R_AB * t_BA
1558436735073 0 0 0
t_wo
1558436735073 0.143394 -0.040321 0
Theta
-0.274113
t_GA - R_GA * R_AB * t_BA
1558436735084 0 0 0
t_wo
1558436735084 0.143394 -0.040321 0
Theta
-0.274113
t_GA - R_GA * R_AB * t_BA
1558436735094 0 0 0
t_wo
1558436735094 0.143394 -0.040321 0
Theta
-0.274113
t_GA - R_GA * R_AB * t_BA
1558436735104 0 0 0
t_wo
1558436735104 0.143394 -0.040321 0
Theta
-0.274113
t_GA - R_GA * R_AB * t_BA
1558436735114 0 0 0
t_wo
1558436735114 0.143394 -0.040321 0
Theta
-0.274113
t_GA - R_GA * R_AB * t_BA
1558436735125 0 0 0
t_wo
1558436735125 0.143394 -0.040321 0
Theta
-0.274113
t_GA - R_GA * R_AB * t_BA
1558436735135 0 0 0
t_wo
1558436735135 0.143394 -0.040321 0
Theta
-0.274113
t_GA - R_GA * R_AB * t_BA
1558436735145 0 0 0
t_wo
1558436735145 0.143394 -0.040321 0
Theta
-0.274113
t_GA - R_GA * R_AB * t_BA
1558436735155 0 0 0
t_wo
1558436735155 0.143394 -0.040321 0
Theta
-0.274113
t_GA - R_GA * R_AB * t_BA
1558436735166 0 0 0
t_wo
1558436735166 0.143394 -0.040321 0
Theta
-0.274113
t_GA - R_GA * R_AB * t_BA
1558436735176 0 0 0
t_wo
1558436735176 0.143394 -0.040321 0
Theta
-0.274113
t_GA - R_GA * R_AB * t_BA
1558436735186 0 0 0
t_wo
1558436735186 0.143394 -0.040321 0
Theta
-0.274113
t_GA - R_GA * R_AB * t_BA
1558436735196 0 0 0
t_wo
1558436735196 0.143394 -0.040321 0
Theta
-0.274113
t_GA - R_GA * R_AB * t_BA
1558436735206 0 0 0
t_wo
1558436735206 0.143394 -0.040321 0
Theta
-0.274113
t_GA - R_GA * R_AB * t_BA
1558436735217 0 0 0
t_wo
1558436735217 0.143394 -0.040321 0
Theta
-0.274113
t_GA - R_GA * R_AB * t_BA
1558436735227 0 0 0
t_wo
1558436735227 0.143394 -0.040321 0
Theta
-0.274113
t_GA - R_GA * R_AB * t_BA
1558436735237 0 0 0
t_wo
1558436735237 0.143394 -0.040321 0
Theta
-0.274113
t_GA - R_GA * R_AB * t_BA
1558436735247 0 0 0
t_wo
1558436735247 0.143394 -0.040321 0
Theta
-0.274113
t_GA - R_GA * R_AB * t_BA
1558436735258 0 0 0
t_wo
1558436735258 0.143394 -0.040321 0
Theta
-0.274113
t_GA - R_GA * R_AB * t_BA
1558436735268 0 0 0
t_wo
1558436735268 0.143394 -0.040321 0
Theta
-0.274113
t_GA - R_GA * R_AB * t_BA
1558436735278 0 0 0
t_wo
1558436735278 0.143394 -0.040321 0
Theta
-0.274113
t_GA - R_GA * R_AB * t_BA
1558436735288 0 0 0
t_wo
1558436735288 0.143394 -0.040321 0
Theta
-0.274113
t_GA - R_GA * R_AB * t_BA
1558436735298 0 0 0
t_wo
1558436735298 0.143394 -0.040321 0
Theta
-0.274113
t_GA - R_GA * R_AB * t_BA
1558436735309 0 0 0
t_wo
1558436735309 0.143394 -0.040321 0
Theta
-0.274113
t_GA - R_GA * R_AB * t_BA
1558436735319 0 0 0
t_wo
1558436735319 0.143394 -0.040321 0
Theta
-0.274113
t_GA - R_GA * R_AB * t_BA
1558436735329 0 0 0
t_wo
1558436735329 0.143394 -0.040321 0
Theta
-0.274113
t_GA - R_GA * R_AB * t_BA
1558436735339 0 0 0
t_wo
1558436735339 0.143394 -0.040321 0
Theta
-0.274113
t_GA - R_GA * R_AB * t_BA
1558436735349 0 0 0
t_wo
1558436735349 0.143394 -0.040321 0
Theta
-0.274113
t_GA - R_GA * R_AB * t_BA
1558436735360 0 0 0
t_wo
1558436735360 0.143394 -0.040321 0
Theta
-0.274113
t_GA - R_GA * R_AB * t_BA
1558436735370 0 0 0
t_wo
1558436735370 0.143394 -0.040321 0
Theta
-0.274113
t_GA - R_GA * R_AB * t_BA
1558436735380 0 0 0
t_wo
1558436735380 0.143394 -0.040321 0
Theta
-0.274113
t_GA - R_GA * R_AB * t_BA
1558436735390 0 0 0
t_wo
1558436735390 0.143394 -0.040321 0
Theta
-0.274113
t_GA - R_GA * R_AB * t_BA
1558436735401 0 0 0
t_wo
1558436735401 0.143394 -0.040321 0
Theta
-0.274113
t_GA - R_GA * R_AB * t_BA
1558436735411 0 0 0
t_wo
1558436735411 0.143394 -0.040321 0
Theta
-0.274113
t_GA - R_GA * R_AB * t_BA
1558436735421 0 0 0
t_wo
1558436735421 0.143394 -0.040321 0
Theta
-0.274113
t_GA - R_GA * R_AB * t_BA
1558436735431 0 0 0
t_wo
1558436735431 0.143394 -0.040321 0
Theta
-0.274113
t_GA - R_GA * R_AB * t_BA
1558436735442 0 0 0
t_wo
1558436735442 0.143394 -0.040321 0
Theta
-0.274113
t_GA - R_GA * R_AB * t_BA
1558436735452 0 0 0
t_wo
1558436735452 0.143394 -0.040321 0
Theta
-0.274113
t_GA - R_GA * R_AB * t_BA
1558436735462 0 0 0
t_wo
1558436735462 0.143394 -0.040321 0
Theta
-0.274113
t_GA - R_GA * R_AB * t_BA
1558436735472 0 0 0
t_wo
1558436735472 0.143394 -0.040321 0
Theta
-0.274113
t_GA - R_GA * R_AB * t_BA
1558436735483 0 0 0
t_wo
1558436735483 0.143394 -0.040321 0
Theta
-0.274113
t_GA - R_GA * R_AB * t_BA
1558436735493 0 0 0
t_wo
1558436735493 0.143394 -0.040321 0
Theta
-0.274113
t_GA - R_GA * R_AB * t_BA
1558436735503 0 0 0
t_wo
1558436735503 0.143394 -0.040321 0
Theta
-0.274113
t_GA - R_GA * R_AB * t_BA
1558436735513 0 0 0
t_wo
1558436735514 0.143394 -0.040321 0
Theta
-0.274113
t_GA - R_GA * R_AB * t_BA
1558436735524 0 0 0
t_wo
1558436735524 0.143394 -0.040321 0
Theta
-0.274113
t_GA - R_GA * R_AB * t_BA
1558436735534 0 0 0
t_wo
1558436735534 0.143394 -0.040321 0
Theta
-0.274113
t_GA - R_GA * R_AB * t_BA
1558436735544 0 0 0
t_wo
1558436735544 0.143394 -0.040321 0
Theta
-0.274113
t_GA - R_GA * R_AB * t_BA
1558436735554 0 0 0
t_wo
1558436735554 0.143394 -0.040321 0
Theta
-0.274113
t_GA - R_GA * R_AB * t_BA
1558436735565 0 0 0
t_wo
1558436735565 0.143394 -0.040321 0
Theta
-0.274113
t_GA - R_GA * R_AB * t_BA
1558436735575 0 0 0
t_wo
1558436735575 0.143394 -0.040321 0
Theta
-0.274113
t_GA - R_GA * R_AB * t_BA
1558436735585 0 0 0
t_wo
1558436735585 0.143394 -0.040321 0
Theta
-0.274113
t_GA - R_GA * R_AB * t_BA
1558436735595 0 0 0
t_wo
1558436735595 0.143394 -0.040321 0
Theta
-0.274113
t_GA - R_GA * R_AB * t_BA
1558436735606 0 0 0
t_wo
1558436735606 0.143394 -0.040321 0
Theta
-0.274113
t_GA - R_GA * R_AB * t_BA
1558436735616 0 0 0
t_wo
1558436735616 0.143394 -0.040321 0
Theta
-0.274113
t_GA - R_GA * R_AB * t_BA
1558436735626 0 0 0
t_wo
1558436735626 0.143394 -0.040321 0
Theta
-0.274113
t_GA - R_GA * R_AB * t_BA
1558436735636 0 0 0
t_wo
1558436735636 0.143394 -0.040321 0
Theta
-0.274113
t_GA - R_GA * R_AB * t_BA
1558436735647 0 0 0
t_wo
1558436735647 0.143394 -0.040321 0
Theta
-0.274113
t_GA - R_GA * R_AB * t_BA
1558436735657 0 0 0
t_wo
1558436735657 0.143394 -0.040321 0
Theta
-0.274113
t_GA - R_GA * R_AB * t_BA
1558436735667 0 0 0
t_wo
1558436735667 0.143394 -0.040321 0
Theta
-0.274113
t_GA - R_GA * R_AB * t_BA
1558436735677 0 0 0
t_wo
1558436735677 0.143394 -0.040321 0
Theta
-0.274113
t_GA - R_GA * R_AB * t_BA
1558436735688 0 0 0
t_wo
1558436735688 0.143394 -0.040321 0
Theta
-0.274113
t_GA - R_GA * R_AB * t_BA
1558436735698 0 0 0
t_wo
1558436735698 0.143394 -0.040321 0
Theta
-0.274113
t_GA - R_GA * R_AB * t_BA
1558436735708 0 0 0
t_wo
1558436735708 0.143394 -0.040321 0
Theta
-0.274113
t_GA - R_GA * R_AB * t_BA
1558436735718 0 0 0
t_wo
1558436735718 0.143394 -0.040321 0
Theta
-0.274113
t_GA - R_GA * R_AB * t_BA
1558436735728 0 0 0
t_wo
1558436735728 0.143394 -0.040321 0
Theta
-0.274113
t_GA - R_GA * R_AB * t_BA
1558436735740 0 0 0
t_wo
1558436735740 0.143394 -0.040321 0
Theta
-0.274113
t_GA - R_GA * R_AB * t_BA
1558436735760 0 0 0
t_wo
1558436735760 0.143394 -0.040321 0
Theta
-0.274113
t_GA - R_GA * R_AB * t_BA
1558436735781 0 0 0
t_wo
1558436735781 0.143394 -0.040321 0
Theta
-0.274113
t_GA - R_GA * R_AB * t_BA
1558436735805 0 0 0
t_wo
1558436735806 0.143394 -0.040321 0
Theta
-0.274113
t_GA - R_GA * R_AB * t_BA
1558436735826 0 0 0
t_wo
1558436735826 0.143394 -0.040321 0
Theta
-0.274113
t_GA - R_GA * R_AB * t_BA
1558436735847 0 0 0
t_wo
1558436735847 0.143394 -0.040321 0
Theta
-0.274113
t_GA - R_GA * R_AB * t_BA
1558436735871 0 0 0
t_wo
1558436735871 0.143394 -0.040321 0
Theta
-0.274113
t_GA - R_GA * R_AB * t_BA
1558436735892 0 0 0
t_wo
1558436735892 0.143394 -0.040321 0
Theta
-0.274113
t_GA - R_GA * R_AB * t_BA
1558436735912 0 0 0
t_wo
1558436735912 0.143394 -0.040321 0
Theta
-0.274113
t_GA - R_GA * R_AB * t_BA
1558436735937 0 0 0
t_wo
1558436735937 0.143394 -0.040321 0
Theta
-0.274113
t_GA - R_GA * R_AB * t_BA
1558436735957 0 0 0
t_wo
1558436735957 0.143394 -0.040321 0
Theta
-0.274113
t_GA - R_GA * R_AB * t_BA
1558436735978 0 0 0
t_wo
1558436735978 0.143394 -0.040321 0
Theta
-0.274113
t_GA - R_GA * R_AB * t_BA
1558436736002 0 0 0
t_wo
1558436736002 0.143394 -0.040321 0
Theta
-0.274113
t_GA - R_GA * R_AB * t_BA
1558436736023 0 0 0
t_wo
1558436736023 0.143394 -0.040321 0
Theta
-0.274113
t_GA - R_GA * R_AB * t_BA
1558436736043 0 0 0
t_wo
1558436736043 0.143394 -0.040321 0
Theta
-0.274113
t_GA - R_GA * R_AB * t_BA
1558436736068 0 0 0
t_wo
1558436736068 0.143394 -0.040321 0
Theta
-0.274113
t_GA - R_GA * R_AB * t_BA
1558436736088 0 0 0
t_wo
1558436736088 0.143394 -0.040321 0
Theta
-0.274113
t_GA - R_GA * R_AB * t_BA
1558436736109 0 0 0
t_wo
1558436736109 0.143394 -0.040321 0
Theta
-0.274113
t_GA - R_GA * R_AB * t_BA
1558436736133 0 0 0
t_wo
1558436736133 0.143394 -0.040321 0
Theta
-0.274113
t_GA - R_GA * R_AB * t_BA
1558436736154 0 0 0
t_wo
1558436736154 0.143394 -0.040321 0
Theta
-0.274113
t_GA - R_GA * R_AB * t_BA
1558436736174 0 0 0
t_wo
1558436736174 0.143394 -0.040321 0
Theta
-0.274113
t_GA - R_GA * R_AB * t_BA
1558436736199 0 0 0
t_wo
1558436736199 0.143394 -0.040321 0
Theta
-0.274113
t_GA - R_GA * R_AB * t_BA
1558436736219 0 0 0
t_wo
1558436736219 0.143394 -0.040321 0
Theta
-0.274113
t_GA - R_GA * R_AB * t_BA
1558436736240 0 0 0
t_wo
1558436736240 0.143394 -0.040321 0
Theta
-0.274113
t_GA - R_GA * R_AB * t_BA
1558436736265 0 0 0
t_wo
1558436736265 0.143394 -0.040321 0
Theta
-0.274113
t_GA - R_GA * R_AB * t_BA
1558436736285 0 0 0
t_wo
1558436736285 0.143394 -0.040321 0
Theta
-0.274113
t_GA - R_GA * R_AB * t_BA
1558436736306 0 0 0
t_wo
1558436736306 0.143394 -0.040321 0
Theta
-0.274113
t_GA - R_GA * R_AB * t_BA
1558436736330 0 0 0
t_wo
1558436736330 0.143394 -0.040321 0
Theta
-0.274113
t_GA - R_GA * R_AB * t_BA
1558436736350 0 0 0
t_wo
1558436736351 0.143394 -0.040321 0
Theta
-0.274113
t_GA - R_GA * R_AB * t_BA
1558436736371 0 0 0
t_wo
1558436736371 0.143394 -0.040321 0
Theta
-0.274113
t_GA - R_GA * R_AB * t_BA
1558436736396 0 0 0
t_wo
1558436736396 0.143394 -0.040321 0
Theta
-0.274113
t_GA - R_GA * R_AB * t_BA
1558436736416 0 0 0
t_wo
1558436736416 0.143394 -0.040321 0
Theta
-0.274113
t_GA - R_GA * R_AB * t_BA
1558436736437 0 0 0
t_wo
1558436736437 0.143394 -0.040321 0
Theta
-0.274113
t_GA - R_GA * R_AB * t_BA
1558436736461 0 0 0
t_wo
1558436736461 0.143394 -0.040321 0
Theta
-0.274113
t_GA - R_GA * R_AB * t_BA
1558436736482 0 0 0
t_wo
1558436736482 0.143394 -0.040321 0
Theta
-0.274113
t_GA - R_GA * R_AB * t_BA
1558436736502 0 0 0
t_wo
1558436736502 0.143394 -0.040321 0
Theta
-0.274113
t_GA - R_GA * R_AB * t_BA
1558436736527 0 0 0
t_wo
1558436736527 0.143394 -0.040321 0
Theta
-0.274113
t_GA - R_GA * R_AB * t_BA
1558436736547 0 0 0
t_wo
1558436736547 0.143394 -0.040321 0
Theta
-0.274113
t_GA - R_GA * R_AB * t_BA
1558436736568 0 0 0
t_wo
1558436736568 0.143394 -0.040321 0
Theta
-0.274113
t_GA - R_GA * R_AB * t_BA
1558436736592 0 0 0
t_wo
1558436736592 0.143394 -0.040321 0
Theta
-0.274113
t_GA - R_GA * R_AB * t_BA
1558436736613 0 0 0
t_wo
1558436736613 0.143394 -0.040321 0
Theta
-0.274113
t_GA - R_GA * R_AB * t_BA
1558436736633 0 0 0
t_wo
1558436736633 0.143394 -0.040321 0
Theta
-0.274113
t_GA - R_GA * R_AB * t_BA
1558436736658 0 0 0
t_wo
1558436736658 0.143394 -0.040321 0
Theta
-0.274113
t_GA - R_GA * R_AB * t_BA
1558436736678 0 0 0
t_wo
1558436736678 0.143394 -0.040321 0
Theta
-0.274113
t_GA - R_GA * R_AB * t_BA
1558436736699 0 0 0
t_wo
1558436736699 0.143394 -0.040321 0
Theta
-0.274113
t_GA - R_GA * R_AB * t_BA
1558436736723 0 0 0
t_wo
1558436736723 0.143394 -0.040321 0
Theta
-0.274113
t_GA - R_GA * R_AB * t_BA
1558436736744 0 0 0
t_wo
1558436736744 0.143394 -0.040321 0
Theta
-0.274113
t_GA - R_GA * R_AB * t_BA
1558436736764 0 0 0
t_wo
1558436736765 0.143394 -0.040321 0
Theta
-0.274113
t_GA - R_GA * R_AB * t_BA
1558436736789 0 0 0
t_wo
1558436736789 0.143394 -0.040321 0
Theta
-0.274113
t_GA - R_GA * R_AB * t_BA
1558436736810 0 0 0
t_wo
1558436736810 0.143394 -0.040321 0
Theta
-0.274113
t_GA - R_GA * R_AB * t_BA
1558436736830 0 0 0
t_wo
1558436736830 0.143394 -0.040321 0
Theta
-0.274113
t_GA - R_GA * R_AB * t_BA
1558436736855 0 0 0
t_wo
1558436736855 0.143394 -0.040321 0
Theta
-0.274113
t_GA - R_GA * R_AB * t_BA
1558436736875 0 0 0
t_wo
1558436736875 0.143394 -0.040321 0
Theta
-0.274113
t_GA - R_GA * R_AB * t_BA
1558436736896 0 0 0
t_wo
1558436736896 0.143394 -0.040321 0
Theta
-0.274113
t_GA - R_GA * R_AB * t_BA
1558436736920 0 0 0
t_wo
1558436736920 0.143394 -0.040321 0
Theta
-0.274113
t_GA - R_GA * R_AB * t_BA
1558436736941 0 0 0
t_wo
1558436736941 0.143394 -0.040321 0
Theta
-0.274113
t_GA - R_GA * R_AB * t_BA
1558436736961 0 0 0
t_wo
1558436736961 0.143394 -0.040321 0
Theta
-0.274113
t_GA - R_GA * R_AB * t_BA
1558436736986 0 0 0
t_wo
1558436736986 0.143394 -0.040321 0
Theta
-0.274113
t_GA - R_GA * R_AB * t_BA
1558436737006 0 0 0
t_wo
1558436737006 0.143394 -0.040321 0
Theta
-0.274113
t_GA - R_GA * R_AB * t_BA
1558436737027 0 0 0
t_wo
1558436737027 0.143394 -0.040321 0
Theta
-0.274113
t_GA - R_GA * R_AB * t_BA
1558436737047 0 0 0
t_wo
1558436737047 0.143394 -0.040321 0
Theta
-0.274113
t_GA - R_GA * R_AB * t_BA
1558436737072 0 0 0
t_wo
1558436737072 0.143394 -0.040321 0
Theta
-0.274113
t_GA - R_GA * R_AB * t_BA
1558436737092 0 0 0
t_wo
1558436737092 0.143394 -0.040321 0
Theta
-0.274113
t_GA - R_GA * R_AB * t_BA
1558436737113 0 0 0
t_wo
1558436737113 0.143394 -0.040321 0
Theta
-0.274113
t_GA - R_GA * R_AB * t_BA
1558436737137 0 0 0
t_wo
1558436737137 0.143394 -0.040321 0
Theta
-0.274113
t_GA - R_GA * R_AB * t_BA
1558436737158 0 0 0
t_wo
1558436737158 0.143394 -0.040321 0
Theta
-0.274113
t_GA - R_GA * R_AB * t_BA
1558436737178 0 0 0
t_wo
1558436737178 0.143394 -0.040321 0
Theta
-0.274113
t_GA - R_GA * R_AB * t_BA
1558436737203 0 0 0
t_wo
1558436737203 0.143394 -0.040321 0
Theta
-0.274113
t_GA - R_GA * R_AB * t_BA
1558436737223 0 0 0
t_wo
1558436737223 0.143394 -0.040321 0
Theta
-0.274113
t_GA - R_GA * R_AB * t_BA
1558436737244 0 0 0
t_wo
1558436737244 0.143394 -0.040321 0
Theta
-0.274113
t_GA - R_GA * R_AB * t_BA
1558436737269 0 0 0
t_wo
1558436737269 0.143394 -0.040321 0
Theta
-0.274113
t_GA - R_GA * R_AB * t_BA
1558436737289 0 0 0
t_wo
1558436737289 0.143394 -0.040321 0
Theta
-0.274113
t_GA - R_GA * R_AB * t_BA
1558436737309 0 0 0
t_wo
1558436737309 0.143394 -0.040321 0
Theta
-0.274113
t_GA - R_GA * R_AB * t_BA
1558436737334 0 0 0
t_wo
1558436737334 0.143394 -0.040321 0
Theta
-0.274113
t_GA - R_GA * R_AB * t_BA
1558436737355 0 0 0
t_wo
1558436737355 0.143394 -0.040321 0
Theta
-0.274113
t_GA - R_GA * R_AB * t_BA
1558436737375 0 0 0
t_wo
1558436737375 0.143394 -0.040321 0
Theta
-0.274113
t_GA - R_GA * R_AB * t_BA
1558436737400 0 0 0
t_wo
1558436737400 0.143394 -0.040321 0
Theta
-0.274113
t_GA - R_GA * R_AB * t_BA
1558436737420 0 0 0
t_wo
1558436737420 0.143394 -0.040321 0
Theta
-0.274113
t_GA - R_GA * R_AB * t_BA
1558436737441 0 0 0
t_wo
1558436737441 0.143394 -0.040321 0
Theta
-0.274113
t_GA - R_GA * R_AB * t_BA
1558436737465 0 0 0
t_wo
1558436737465 0.143394 -0.040321 0
Theta
-0.274113
t_GA - R_GA * R_AB * t_BA
1558436737486 0 0 0
t_wo
1558436737486 0.143394 -0.040321 0
Theta
-0.274113
t_GA - R_GA * R_AB * t_BA
1558436737506 0 0 0
t_wo
1558436737506 0.143394 -0.040321 0
Theta
-0.274113
t_GA - R_GA * R_AB * t_BA
1558436737531 0 0 0
t_wo
1558436737531 0.143394 -0.040321 0
Theta
-0.274113
t_GA - R_GA * R_AB * t_BA
1558436737551 0 0 0
t_wo
1558436737551 0.143394 -0.040321 0
Theta
-0.274113
t_GA - R_GA * R_AB * t_BA
1558436737572 0 0 0
t_wo
1558436737572 0.143394 -0.040321 0
Theta
-0.274113
t_GA - R_GA * R_AB * t_BA
1558436737596 0 0 0
t_wo
1558436737596 0.143394 -0.040321 0
Theta
-0.274113
t_GA - R_GA * R_AB * t_BA
1558436737617 0 0 0
t_wo
1558436737617 0.143394 -0.040321 0
Theta
-0.274113
t_GA - R_GA * R_AB * t_BA
1558436737637 0 0 0
t_wo
1558436737637 0.143394 -0.040321 0
Theta
-0.274113
t_GA - R_GA * R_AB * t_BA
1558436737662 0 0 0
t_wo
1558436737662 0.143394 -0.040321 0
Theta
-0.274113
t_GA - R_GA * R_AB * t_BA
1558436737682 0 0 0
t_wo
1558436737682 0.143394 -0.040321 0
Theta
-0.274113
t_GA - R_GA * R_AB * t_BA
1558436737703 0 0 0
t_wo
1558436737703 0.143394 -0.040321 0
Theta
-0.274113
t_GA - R_GA * R_AB * t_BA
1558436737727 0 0 0
t_wo
1558436737727 0.143394 -0.040321 0
Theta
-0.274113
t_GA - R_GA * R_AB * t_BA
1558436737748 0 0 0
t_wo
1558436737748 0.143394 -0.040321 0
Theta
-0.274113
t_GA - R_GA * R_AB * t_BA
1558436737769 0 0 0
t_wo
1558436737769 0.143394 -0.040321 0
Theta
-0.274113
t_GA - R_GA * R_AB * t_BA
1558436737793 0 0 0
t_wo
1558436737793 0.143394 -0.040321 0
Theta
-0.274113
t_GA - R_GA * R_AB * t_BA
1558436737814 0 0 0
t_wo
1558436737814 0.143394 -0.040321 0
Theta
-0.274113
t_GA - R_GA * R_AB * t_BA
1558436737834 0 0 0
t_wo
1558436737834 0.143394 -0.040321 0
Theta
-0.274113
t_GA - R_GA * R_AB * t_BA
1558436737859 0 0 0
t_wo
1558436737859 0.143394 -0.040321 0
Theta
-0.274113
t_GA - R_GA * R_AB * t_BA
1558436737879 0 0 0
t_wo
1558436737879 0.143394 -0.040321 0
Theta
-0.274113
t_GA - R_GA * R_AB * t_BA
1558436737900 0 0 0
t_wo
1558436737900 0.143394 -0.040321 0
Theta
-0.274113
t_GA - R_GA * R_AB * t_BA
1558436737924 0 0 0
t_wo
1558436737924 0.143394 -0.040321 0
Theta
-0.274113
t_GA - R_GA * R_AB * t_BA
1558436737945 0 0 0
t_wo
1558436737945 0.143394 -0.040321 0
Theta
-0.274113
t_GA - R_GA * R_AB * t_BA
1558436737965 0 0 0
t_wo
1558436737965 0.143394 -0.040321 0
Theta
-0.274113
t_GA - R_GA * R_AB * t_BA
1558436737990 0 0 0
t_wo
1558436737990 0.143394 -0.040321 0
Theta
-0.274113
t_GA - R_GA * R_AB * t_BA
1558436738010 0 0 0
t_wo
1558436738010 0.143394 -0.040321 0
Theta
-0.274113
t_GA - R_GA * R_AB * t_BA
1558436738031 0 0 0
t_wo
1558436738031 0.143394 -0.040321 0
Theta
-0.274113
t_GA - R_GA * R_AB * t_BA
1558436738055 0 0 0
t_wo
1558436738055 0.143394 -0.040321 0
Theta
-0.274113
t_GA - R_GA * R_AB * t_BA
1558436738076 0 0 0
t_wo
1558436738076 0.143394 -0.040321 0
Theta
-0.274113
t_GA - R_GA * R_AB * t_BA
1558436738096 0 0 0
t_wo
1558436738096 0.143394 -0.040321 0
Theta
-0.274113
t_GA - R_GA * R_AB * t_BA
1558436738121 0 0 0
t_wo
1558436738121 0.143394 -0.040321 0
Theta
-0.274113
t_GA - R_GA * R_AB * t_BA
1558436738141 0 0 0
t_wo
1558436738141 0.143394 -0.040321 0
Theta
-0.274113
t_GA - R_GA * R_AB * t_BA
1558436738162 0 0 0
t_wo
1558436738162 0.143394 -0.040321 0
Theta
-0.274113
t_GA - R_GA * R_AB * t_BA
1558436738186 0 0 0
t_wo
1558436738186 0.143394 -0.040321 0
Theta
-0.274113
t_GA - R_GA * R_AB * t_BA
1558436738207 0 0 0
t_wo
1558436738207 0.143394 -0.040321 0
Theta
-0.274113
t_GA - R_GA * R_AB * t_BA
1558436738227 0 0 0
t_wo
1558436738227 0.143394 -0.040321 0
Theta
-0.274113
t_GA - R_GA * R_AB * t_BA
1558436738252 0 0 0
t_wo
1558436738252 0.143394 -0.040321 0
Theta
-0.274113
t_GA - R_GA * R_AB * t_BA
1558436738272 0 0 0
t_wo
1558436738272 0.143394 -0.040321 0
Theta
-0.274113
t_GA - R_GA * R_AB * t_BA
1558436738293 0 0 0
t_wo
1558436738293 0.143394 -0.040321 0
Theta
-0.274113
t_GA - R_GA * R_AB * t_BA
1558436738318 0 0 0
t_wo
1558436738318 0.143394 -0.040321 0
Theta
-0.274113
t_GA - R_GA * R_AB * t_BA
1558436738338 0 0 0
t_wo
1558436738338 0.143394 -0.040321 0
Theta
-0.274113
t_GA - R_GA * R_AB * t_BA
1558436738359 0 0 0
t_wo
1558436738359 0.143394 -0.040321 0
Theta
-0.274113
t_GA - R_GA * R_AB * t_BA
1558436738383 0 0 0
t_wo
1558436738383 0.143394 -0.040321 0
Theta
-0.274113
t_GA - R_GA * R_AB * t_BA
1558436738403 0 0 0
t_wo
1558436738404 0.143394 -0.040321 0
Theta
-0.274113
t_GA - R_GA * R_AB * t_BA
1558436738424 0 0 0
t_wo
1558436738424 0.143394 -0.040321 0
Theta
-0.274113
t_GA - R_GA * R_AB * t_BA
1558436738449 0 0 0
t_wo
1558436738449 0.143394 -0.040321 0
Theta
-0.274113
t_GA - R_GA * R_AB * t_BA
1558436738469 0 0 0
t_wo
1558436738469 0.143394 -0.040321 0
Theta
-0.274113
t_GA - R_GA * R_AB * t_BA
1558436738490 0 0 0
t_wo
1558436738490 0.143394 -0.040321 0
Theta
-0.274113
t_GA - R_GA * R_AB * t_BA
1558436738514 0 0 0
t_wo
1558436738515 0.143394 -0.040321 0
Theta
-0.274113
t_GA - R_GA * R_AB * t_BA
1558436738535 0 0 0
t_wo
1558436738535 0.143394 -0.040321 0
Theta
-0.274113
t_GA - R_GA * R_AB * t_BA
1558436738555 0 0 0
t_wo
1558436738555 0.143394 -0.040321 0
Theta
-0.274113
t_GA - R_GA * R_AB * t_BA
1558436738580 0 0 0
t_wo
1558436738580 0.143394 -0.040321 0
Theta
-0.274113
t_GA - R_GA * R_AB * t_BA
1558436738600 0 0 0
t_wo
1558436738600 0.143394 -0.040321 0
Theta
-0.274113
t_GA - R_GA * R_AB * t_BA
1558436738621 0 0 0
t_wo
1558436738621 0.143394 -0.040321 0
Theta
-0.274113
t_GA - R_GA * R_AB * t_BA
1558436738645 0 0 0
t_wo
1558436738645 0.143394 -0.040321 0
Theta
-0.274113
t_GA - R_GA * R_AB * t_BA
1558436738666 0 0 0
t_wo
1558436738666 0.143394 -0.040321 0
Theta
-0.274113
t_GA - R_GA * R_AB * t_BA
1558436738687 0 0 0
t_wo
1558436738687 0.143394 -0.040321 0
Theta
-0.274113
t_GA - R_GA * R_AB * t_BA
1558436738711 0 0 0
t_wo
1558436738711 0.143394 -0.040321 0
Theta
-0.274113
t_GA - R_GA * R_AB * t_BA
1558436738732 0 0 0
t_wo
1558436738732 0.143394 -0.040321 0
Theta
-0.274113
t_GA - R_GA * R_AB * t_BA
1558436738752 0 0 0
t_wo
1558436738752 0.143394 -0.040321 0
Theta
-0.274113
t_GA - R_GA * R_AB * t_BA
1558436738776 0 0 0
t_wo
1558436738777 0.143394 -0.040321 0
Theta
-0.274113
t_GA - R_GA * R_AB * t_BA
1558436738797 0 0 0
t_wo
1558436738797 0.143394 -0.040321 0
Theta
-0.274113
t_GA - R_GA * R_AB * t_BA
1558436738817 0 0 0
t_wo
1558436738818 0.143394 -0.040321 0
Theta
-0.274113
t_GA - R_GA * R_AB * t_BA
1558436738842 0 0 0
t_wo
1558436738842 0.143394 -0.040321 0
Theta
-0.274113
t_GA - R_GA * R_AB * t_BA
1558436738863 0 0 0
t_wo
1558436738863 0.143394 -0.040321 0
Theta
-0.274113
t_GA - R_GA * R_AB * t_BA
1558436738883 0 0 0
t_wo
1558436738883 0.143394 -0.040321 0
Theta
-0.274113
t_GA - R_GA * R_AB * t_BA
1558436738908 0 0 0
t_wo
1558436738908 0.143394 -0.040321 0
Theta
-0.274113
t_GA - R_GA * R_AB * t_BA
1558436738928 0 0 0
t_wo
1558436738928 0.143394 -0.040321 0
Theta
-0.274113
t_GA - R_GA * R_AB * t_BA
1558436738949 0 0 0
t_wo
1558436738949 0.143394 -0.040321 0
Theta
-0.274113
t_GA - R_GA * R_AB * t_BA
1558436738969 0 0 0
t_wo
1558436738969 0.143394 -0.040321 0
Theta
-0.274113
t_GA - R_GA * R_AB * t_BA
1558436738994 0 0 0
t_wo
1558436738994 0.143394 -0.040321 0
Theta
-0.274113
t_GA - R_GA * R_AB * t_BA
1558436739014 0 0 0
t_wo
1558436739014 0.143394 -0.040321 0
Theta
-0.274113
t_GA - R_GA * R_AB * t_BA
1558436739035 0 0 0
t_wo
1558436739035 0.143394 -0.040321 0
Theta
-0.274113
t_GA - R_GA * R_AB * t_BA
1558436739059 0 0 0
t_wo
1558436739059 0.143394 -0.040321 0
Theta
-0.274113
t_GA - R_GA * R_AB * t_BA
1558436739080 0 0 0
t_wo
1558436739080 0.143394 -0.040321 0
Theta
-0.274113
t_GA - R_GA * R_AB * t_BA
1558436739100 0 0 0
t_wo
1558436739100 0.143394 -0.040321 0
Theta
-0.274113
t_GA - R_GA * R_AB * t_BA
1558436739125 0 0 0
t_wo
1558436739125 0.143394 -0.040321 0
Theta
-0.274113
t_GA - R_GA * R_AB * t_BA
1558436739145 0 0 0
t_wo
1558436739145 0.143394 -0.040321 0
Theta
-0.274113
t_GA - R_GA * R_AB * t_BA
1558436739166 0 0 0
t_wo
1558436739166 0.143394 -0.040321 0
Theta
-0.274113
t_GA - R_GA * R_AB * t_BA
1558436739190 0 0 0
t_wo
1558436739190 0.143394 -0.040321 0
Theta
-0.274113
t_GA - R_GA * R_AB * t_BA
1558436739211 0 0 0
t_wo
1558436739211 0.143394 -0.040321 0
Theta
-0.274113
t_GA - R_GA * R_AB * t_BA
1558436739231 0 0 0
t_wo
1558436739231 0.143394 -0.040321 0
Theta
-0.274113
t_GA - R_GA * R_AB * t_BA
1558436739256 0 0 0
t_wo
1558436739256 0.143394 -0.040321 0
Theta
-0.274113
t_GA - R_GA * R_AB * t_BA
1558436739276 0 0 0
t_wo
1558436739276 0.143394 -0.040321 0
Theta
-0.274113
t_GA - R_GA * R_AB * t_BA
1558436739297 0 0 0
t_wo
1558436739297 0.143394 -0.040321 0
Theta
-0.274113
t_GA - R_GA * R_AB * t_BA
1558436739322 0 0 0
t_wo
1558436739322 0.143394 -0.040321 0
Theta
-0.274113
t_GA - R_GA * R_AB * t_BA
1558436739342 0 0 0
t_wo
1558436739342 0.143394 -0.040321 0
Theta
-0.274113
t_GA - R_GA * R_AB * t_BA
1558436739363 0 0 0
t_wo
1558436739363 0.143394 -0.040321 0
Theta
-0.274113
t_GA - R_GA * R_AB * t_BA
1558436739387 0 0 0
t_wo
1558436739387 0.143394 -0.040321 0
Theta
-0.274113
t_GA - R_GA * R_AB * t_BA
1558436739408 0 0 0
t_wo
1558436739408 0.143394 -0.040321 0
Theta
-0.274113
t_GA - R_GA * R_AB * t_BA
1558436739428 0 0 0
t_wo
1558436739428 0.143394 -0.040321 0
Theta
-0.274113
t_GA - R_GA * R_AB * t_BA
1558436739453 0 0 0
t_wo
1558436739453 0.143394 -0.040321 0
Theta
-0.274113
t_GA - R_GA * R_AB * t_BA
1558436739473 0 0 0
t_wo
1558436739473 0.143394 -0.040321 0
Theta
-0.274113
t_GA - R_GA * R_AB * t_BA
1558436739493 0 0 0
t_wo
1558436739494 0.143394 -0.040321 0
Theta
-0.274113
t_GA - R_GA * R_AB * t_BA
1558436739518 0 0 0
t_wo
1558436739518 0.143394 -0.040321 0
Theta
-0.274113
t_GA - R_GA * R_AB * t_BA
1558436739539 0 0 0
t_wo
1558436739539 0.143394 -0.040321 0
Theta
-0.274113
t_GA - R_GA * R_AB * t_BA
1558436739559 0 0 0
t_wo
1558436739559 0.143394 -0.040321 0
Theta
-0.274113
t_GA - R_GA * R_AB * t_BA
1558436739584 0 0 0
t_wo
1558436739584 0.143394 -0.040321 0
Theta
-0.274113
t_GA - R_GA * R_AB * t_BA
1558436739604 0 0 0
t_wo
1558436739604 0.143394 -0.040321 0
Theta
-0.274113
t_GA - R_GA * R_AB * t_BA
1558436739625 0 0 0
t_wo
1558436739625 0.143394 -0.040321 0
Theta
-0.274113
t_GA - R_GA * R_AB * t_BA
1558436739649 0 0 0
t_wo
1558436739649 0.143394 -0.040321 0
Theta
-0.274113
t_GA - R_GA * R_AB * t_BA
1558436739670 0 0 0
t_wo
1558436739670 0.143394 -0.040321 0
Theta
-0.274113
t_GA - R_GA * R_AB * t_BA
1558436739690 0 0 0
t_wo
1558436739690 0.143394 -0.040321 0
Theta
-0.274113
t_GA - R_GA * R_AB * t_BA
1558436739715 0 0 0
t_wo
1558436739715 0.143394 -0.040321 0
Theta
-0.274113
t_GA - R_GA * R_AB * t_BA
1558436739735 0 0 0
t_wo
1558436739735 0.143394 -0.040321 0
Theta
-0.274113
t_GA - R_GA * R_AB * t_BA
1558436739756 0 0 0
t_wo
1558436739756 0.143394 -0.040321 0
Theta
-0.274113
t_GA - R_GA * R_AB * t_BA
1558436739780 0 0 0
t_wo
1558436739780 0.143394 -0.040321 0
Theta
-0.274113
t_GA - R_GA * R_AB * t_BA
1558436739801 0 0 0
t_wo
1558436739801 0.143394 -0.040321 0
Theta
-0.274113
t_GA - R_GA * R_AB * t_BA
1558436739822 0 0 0
t_wo
1558436739822 0.143394 -0.040321 0
Theta
-0.274113
t_GA - R_GA * R_AB * t_BA
1558436739846 0 0 0
t_wo
1558436739846 0.143394 -0.040321 0
Theta
-0.274113
t_GA - R_GA * R_AB * t_BA
1558436739866 0 0 0
t_wo
1558436739866 0.143394 -0.040321 0
Theta
-0.274113
t_GA - R_GA * R_AB * t_BA
1558436739887 0 0 0
t_wo
1558436739887 0.143394 -0.040321 0
Theta
-0.274113
t_GA - R_GA * R_AB * t_BA
1558436739912 0 0 0
t_wo
1558436739912 0.143394 -0.040321 0
Theta
-0.274113
t_GA - R_GA * R_AB * t_BA
1558436739932 0 0 0
t_wo
1558436739932 0.143394 -0.040321 0
Theta
-0.274113
t_GA - R_GA * R_AB * t_BA
1558436739953 0 0 0
t_wo
1558436739953 0.143394 -0.040321 0
Theta
-0.274113
t_GA - R_GA * R_AB * t_BA
1558436739977 0 0 0
t_wo
1558436739977 0.143394 -0.040321 0
Theta
-0.274113
t_GA - R_GA * R_AB * t_BA
1558436739998 0 0 0
t_wo
1558436739998 0.143394 -0.040321 0
Theta
-0.274113
t_GA - R_GA * R_AB * t_BA
1558436740018 0 0 0
t_wo
1558436740018 0.143394 -0.040321 0
Theta
-0.274113
t_GA - R_GA * R_AB * t_BA
1558436740043 0 0 0
t_wo
1558436740043 0.143394 -0.040321 0
Theta
-0.274113
t_GA - R_GA * R_AB * t_BA
1558436740063 0 0 0
t_wo
1558436740063 0.143394 -0.040321 0
Theta
-0.274113
t_GA - R_GA * R_AB * t_BA
1558436740084 0 0 0
t_wo
1558436740084 0.143394 -0.040321 0
Theta
-0.274113
t_GA - R_GA * R_AB * t_BA
1558436740108 0 0 0
t_wo
1558436740108 0.143394 -0.040321 0
Theta
-0.274113
t_GA - R_GA * R_AB * t_BA
1558436740129 0 0 0
t_wo
1558436740129 0.143394 -0.040321 0
Theta
-0.274113
t_GA - R_GA * R_AB * t_BA
1558436740149 0 0 0
t_wo
1558436740149 0.143394 -0.040321 0
Theta
-0.274113
t_GA - R_GA * R_AB * t_BA
1558436740174 0 0 0
t_wo
1558436740174 0.143394 -0.040321 0
Theta
-0.274113
t_GA - R_GA * R_AB * t_BA
1558436740194 0 0 0
t_wo
1558436740194 0.143394 -0.040321 0
Theta
-0.274113
t_GA - R_GA * R_AB * t_BA
1558436740215 0 0 0
t_wo
1558436740215 0.143394 -0.040321 0
Theta
-0.274113
t_GA - R_GA * R_AB * t_BA
1558436740239 0 0 0
t_wo
1558436740239 0.143394 -0.040321 0
Theta
-0.274113
t_GA - R_GA * R_AB * t_BA
1558436740260 0 0 0
t_wo
1558436740260 0.143394 -0.040321 0
Theta
-0.274113
t_GA - R_GA * R_AB * t_BA
1558436740280 0 0 0
t_wo
1558436740280 0.143394 -0.040321 0
Theta
-0.274113
t_GA - R_GA * R_AB * t_BA
1558436740305 0 0 0
t_wo
1558436740305 0.143394 -0.040321 0
Theta
-0.274113
t_GA - R_GA * R_AB * t_BA
1558436740325 0 0 0
t_wo
1558436740325 0.143394 -0.040321 0
Theta
-0.274113
t_GA - R_GA * R_AB * t_BA
1558436740346 0 0 0
t_wo
1558436740346 0.143394 -0.040321 0
Theta
-0.274113
t_GA - R_GA * R_AB * t_BA
1558436740371 0 0 0
t_wo
1558436740371 0.143394 -0.040321 0
Theta
-0.274113
t_GA - R_GA * R_AB * t_BA
1558436740391 0 0 0
t_wo
1558436740391 0.143394 -0.040321 0
Theta
-0.274113
t_GA - R_GA * R_AB * t_BA
1558436740411 0 0 0
t_wo
1558436740411 0.143394 -0.040321 0
Theta
-0.274113
t_GA - R_GA * R_AB * t_BA
1558436740436 0 0 0
t_wo
1558436740436 0.143394 -0.040321 0
Theta
-0.274113
t_GA - R_GA * R_AB * t_BA
1558436740457 0 0 0
t_wo
1558436740457 0.143394 -0.040321 0
Theta
-0.274113
t_GA - R_GA * R_AB * t_BA
1558436740477 0 0 0
t_wo
1558436740477 0.143394 -0.040321 0
Theta
-0.274113
t_GA - R_GA * R_AB * t_BA
1558436740502 0 0 0
t_wo
1558436740502 0.143394 -0.040321 0
Theta
-0.274113
t_GA - R_GA * R_AB * t_BA
1558436740522 0 0 0
t_wo
1558436740522 0.143394 -0.040321 0
Theta
-0.274113
t_GA - R_GA * R_AB * t_BA
1558436740543 0 0 0
t_wo
1558436740543 0.143394 -0.040321 0
Theta
-0.274113
t_GA - R_GA * R_AB * t_BA
1558436740567 0 0 0
t_wo
1558436740567 0.143394 -0.040321 0
Theta
-0.274113
t_GA - R_GA * R_AB * t_BA
1558436740588 0 0 0
t_wo
1558436740588 0.143394 -0.040321 0
Theta
-0.274113
t_GA - R_GA * R_AB * t_BA
1558436740608 0 0 0
t_wo
1558436740608 0.143394 -0.040321 0
Theta
-0.274113
t_GA - R_GA * R_AB * t_BA
1558436740633 0 0 0
t_wo
1558436740633 0.143394 -0.040321 0
Theta
-0.274113
t_GA - R_GA * R_AB * t_BA
1558436740653 0 0 0
t_wo
1558436740653 0.143394 -0.040321 0
Theta
-0.274113
t_GA - R_GA * R_AB * t_BA
1558436740674 0 0 0
t_wo
1558436740674 0.143394 -0.040321 0
Theta
-0.274113
t_GA - R_GA * R_AB * t_BA
1558436740698 0 0 0
t_wo
1558436740698 0.143394 -0.040321 0
Theta
-0.274113
t_GA - R_GA * R_AB * t_BA
1558436740719 0 0 0
t_wo
1558436740719 0.143394 -0.040321 0
Theta
-0.274113
t_GA - R_GA * R_AB * t_BA
1558436740739 0 0 0
t_wo
1558436740739 0.143394 -0.040321 0
Theta
-0.274113
t_GA - R_GA * R_AB * t_BA
1558436740764 0 0 0
t_wo
1558436740764 0.143394 -0.040321 0
Theta
-0.274113
t_GA - R_GA * R_AB * t_BA
1558436740784 0 0 0
t_wo
1558436740784 0.143394 -0.040321 0
Theta
-0.274113
t_GA - R_GA * R_AB * t_BA
1558436740805 0 0 0
t_wo
1558436740805 0.143394 -0.040321 0
Theta
-0.274113
t_GA - R_GA * R_AB * t_BA
1558436740825 0 0 0
t_wo
1558436740825 0.143394 -0.040321 0
Theta
-0.274113
t_GA - R_GA * R_AB * t_BA
1558436740850 0 0 0
t_wo
1558436740850 0.143394 -0.040321 0
Theta
-0.274113
t_GA - R_GA * R_AB * t_BA
1558436740870 0 0 0
t_wo
1558436740870 0.143394 -0.040321 0
Theta
-0.274113
t_GA - R_GA * R_AB * t_BA
1558436740891 0 0 0
t_wo
1558436740891 0.143394 -0.040321 0
Theta
-0.274113
t_GA - R_GA * R_AB * t_BA
1558436740915 0 0 0
t_wo
1558436740915 0.143394 -0.040321 0
Theta
-0.274113
t_GA - R_GA * R_AB * t_BA
1558436740936 0 0 0
t_wo
1558436740936 0.143394 -0.040321 0
Theta
-0.274113
t_GA - R_GA * R_AB * t_BA
1558436740957 0 0 0
t_wo
1558436740957 0.143394 -0.040321 0
Theta
-0.274113
t_GA - R_GA * R_AB * t_BA
1558436740981 0 0 0
t_wo
1558436740981 0.143394 -0.040321 0
Theta
-0.274113
t_GA - R_GA * R_AB * t_BA
1558436741001 0 0 0
t_wo
1558436741002 0.143394 -0.040321 0
Theta
-0.274113
t_GA - R_GA * R_AB * t_BA
1558436741022 0 0 0
t_wo
1558436741022 0.143394 -0.040321 0
Theta
-0.274113
t_GA - R_GA * R_AB * t_BA
1558436741047 0 0 0
t_wo
1558436741047 0.143394 -0.040321 0
Theta
-0.274113
t_GA - R_GA * R_AB * t_BA
1558436741067 0 0 0
t_wo
1558436741067 0.143394 -0.040321 0
Theta
-0.274113
t_GA - R_GA * R_AB * t_BA
1558436741088 0 0 0
t_wo
1558436741088 0.143394 -0.040321 0
Theta
-0.274113
t_GA - R_GA * R_AB * t_BA
1558436741112 0 0 0
t_wo
1558436741112 0.143394 -0.040321 0
Theta
-0.274113
t_GA - R_GA * R_AB * t_BA
1558436741133 0 0 0
t_wo
1558436741133 0.143394 -0.040321 0
Theta
-0.274113
t_GA - R_GA * R_AB * t_BA
1558436741153 0 0 0
t_wo
1558436741153 0.143394 -0.040321 0
Theta
-0.274113
t_GA - R_GA * R_AB * t_BA
1558436741178 0 0 0
t_wo
1558436741178 0.143394 -0.040321 0
Theta
-0.274113
t_GA - R_GA * R_AB * t_BA
1558436741198 0 0 0
t_wo
1558436741198 0.143394 -0.040321 0
Theta
-0.274113
t_GA - R_GA * R_AB * t_BA
1558436741219 0 0 0
t_wo
1558436741219 0.143394 -0.040321 0
Theta
-0.274113
t_GA - R_GA * R_AB * t_BA
1558436741243 0 0 0
t_wo
1558436741243 0.143394 -0.040321 0
Theta
-0.274113
t_GA - R_GA * R_AB * t_BA
1558436741264 0 0 0
t_wo
1558436741264 0.143394 -0.040321 0
Theta
-0.274113
t_GA - R_GA * R_AB * t_BA
1558436741284 0 0 0
t_wo
1558436741284 0.143394 -0.040321 0
Theta
-0.274113
t_GA - R_GA * R_AB * t_BA
1558436741309 0 0 0
t_wo
1558436741309 0.143394 -0.040321 0
Theta
-0.274113
t_GA - R_GA * R_AB * t_BA
1558436741329 0 0 0
t_wo
1558436741329 0.143394 -0.040321 0
Theta
-0.274113
t_GA - R_GA * R_AB * t_BA
1558436741350 0 0 0
t_wo
1558436741350 0.143394 -0.040321 0
Theta
-0.274113
t_GA - R_GA * R_AB * t_BA
1558436741374 0 0 0
t_wo
1558436741374 0.143394 -0.040321 0
Theta
-0.274113
t_GA - R_GA * R_AB * t_BA
1558436741395 0 0 0
t_wo
1558436741395 0.143394 -0.040321 0
Theta
-0.274113
t_GA - R_GA * R_AB * t_BA
1558436741415 0 0 0
t_wo
1558436741415 0.143394 -0.040321 0
Theta
-0.274113
t_GA - R_GA * R_AB * t_BA
1558436741440 0 0 0
t_wo
1558436741440 0.143394 -0.040321 0
Theta
-0.274113
t_GA - R_GA * R_AB * t_BA
1558436741460 0 0 0
t_wo
1558436741461 0.143394 -0.040321 0
Theta
-0.274113
t_GA - R_GA * R_AB * t_BA
1558436741481 0 0 0
t_wo
1558436741481 0.143394 -0.040321 0
Theta
-0.274113
t_GA - R_GA * R_AB * t_BA
1558436741505 0 0 0
t_wo
1558436741506 0.143394 -0.040321 0
Theta
-0.274113
t_GA - R_GA * R_AB * t_BA
1558436741526 0 0 0
t_wo
1558436741526 0.143394 -0.040321 0
Theta
-0.274113
t_GA - R_GA * R_AB * t_BA
1558436741546 0 0 0
t_wo
1558436741546 0.143394 -0.040321 0
Theta
-0.274113
t_GA - R_GA * R_AB * t_BA
1558436741571 0 0 0
t_wo
1558436741571 0.143394 -0.040321 0
Theta
-0.274113
t_GA - R_GA * R_AB * t_BA
1558436741591 0 0 0
t_wo
1558436741592 0.143394 -0.040321 0
Theta
-0.274113
t_GA - R_GA * R_AB * t_BA
1558436741612 0 0 0
t_wo
1558436741612 0.143394 -0.040321 0
Theta
-0.274113
t_GA - R_GA * R_AB * t_BA
1558436741637 0 0 0
t_wo
1558436741637 0.143394 -0.040321 0
Theta
-0.274113
t_GA - R_GA * R_AB * t_BA
1558436741657 0 0 0
t_wo
1558436741657 0.143394 -0.040321 0
Theta
-0.274113
t_GA - R_GA * R_AB * t_BA
1558436741678 0 0 0
t_wo
1558436741678 0.143394 -0.040321 0
Theta
-0.274113
t_GA - R_GA * R_AB * t_BA
1558436741702 0 0 0
t_wo
1558436741702 0.143394 -0.040321 0
Theta
-0.274113
t_GA - R_GA * R_AB * t_BA
1558436741723 0 0 0
t_wo
1558436741723 0.143394 -0.040321 0
Theta
-0.274113
t_GA - R_GA * R_AB * t_BA
1558436741744 0 0 0
t_wo
1558436741744 0.143394 -0.040321 0
Theta
-0.274113
t_GA - R_GA * R_AB * t_BA
1558436741768 0 0 0
t_wo
1558436741768 0.143394 -0.040321 0
Theta
-0.274113
t_GA - R_GA * R_AB * t_BA
1558436741788 0 0 0
t_wo
1558436741788 0.143394 -0.040321 0
Theta
-0.274113
t_GA - R_GA * R_AB * t_BA
1558436741809 0 0 0
t_wo
1558436741809 0.143394 -0.040321 0
Theta
-0.274113
t_GA - R_GA * R_AB * t_BA
1558436741833 0 0 0
t_wo
1558436741834 0.143394 -0.040321 0
Theta
-0.274113
t_GA - R_GA * R_AB * t_BA
1558436741854 0 0 0
t_wo
1558436741854 0.143394 -0.040321 0
Theta
-0.274113
t_GA - R_GA * R_AB * t_BA
1558436741875 0 0 0
t_wo
1558436741875 0.143394 -0.040321 0
Theta
-0.274113
t_GA - R_GA * R_AB * t_BA
1558436741899 0 0 0
t_wo
1558436741899 0.143394 -0.040321 0
Theta
-0.274113
t_GA - R_GA * R_AB * t_BA
1558436741919 0 0 0
t_wo
1558436741920 0.143394 -0.040321 0
Theta
-0.274113
t_GA - R_GA * R_AB * t_BA
1558436741940 0 0 0
t_wo
1558436741940 0.143394 -0.040321 0
Theta
-0.274113
t_GA - R_GA * R_AB * t_BA
1558436741965 0 0 0
t_wo
1558436741965 0.143394 -0.040321 0
Theta
-0.274113
t_GA - R_GA * R_AB * t_BA
1558436741985 0 0 0
t_wo
1558436741985 0.143394 -0.040321 0
Theta
-0.274113
t_GA - R_GA * R_AB * t_BA
1558436742006 0 0 0
t_wo
1558436742006 0.143394 -0.040321 0
Theta
-0.274113
t_GA - R_GA * R_AB * t_BA
1558436742030 0 0 0
t_wo
1558436742030 0.143394 -0.040321 0
Theta
-0.274113
t_GA - R_GA * R_AB * t_BA
1558436742051 0 0 0
t_wo
1558436742051 0.143394 -0.040321 0
Theta
-0.274113
t_GA - R_GA * R_AB * t_BA
1558436742071 0 0 0
t_wo
1558436742071 0.143394 -0.040321 0
Theta
-0.274113
t_GA - R_GA * R_AB * t_BA
1558436742096 0 0 0
t_wo
1558436742096 0.143394 -0.040321 0
Theta
-0.274113
t_GA - R_GA * R_AB * t_BA
1558436742116 0 0 0
t_wo
1558436742116 0.143394 -0.040321 0
Theta
-0.274113
t_GA - R_GA * R_AB * t_BA
1558436742137 0 0 0
t_wo
1558436742137 0.143394 -0.040321 0
Theta
-0.274113
t_GA - R_GA * R_AB * t_BA
1558436742161 0 0 0
t_wo
1558436742161 0.143394 -0.040321 0
Theta
-0.274113
t_GA - R_GA * R_AB * t_BA
1558436742182 0 0 0
t_wo
1558436742182 0.143394 -0.040321 0
Theta
-0.274113
t_GA - R_GA * R_AB * t_BA
1558436742202 0 0 0
t_wo
1558436742202 0.143394 -0.040321 0
Theta
-0.274113
t_GA - R_GA * R_AB * t_BA
1558436742227 0 0 0
t_wo
1558436742227 0.143394 -0.040321 0
Theta
-0.274113
t_GA - R_GA * R_AB * t_BA
1558436742247 0 0 0
t_wo
1558436742247 0.143394 -0.040321 0
Theta
-0.274113
t_GA - R_GA * R_AB * t_BA
1558436742268 0 0 0
t_wo
1558436742268 0.143394 -0.040321 0
Theta
-0.274113
t_GA - R_GA * R_AB * t_BA
1558436742292 0 0 0
t_wo
1558436742292 0.143394 -0.040321 0
Theta
-0.274113
t_GA - R_GA * R_AB * t_BA
1558436742313 0 0 0
t_wo
1558436742313 0.143394 -0.040321 0
Theta
-0.274113
t_GA - R_GA * R_AB * t_BA
1558436742333 0 0 0
t_wo
1558436742333 0.143394 -0.040321 0
Theta
-0.274113
t_GA - R_GA * R_AB * t_BA
1558436742358 0 0 0
t_wo
1558436742358 0.143394 -0.040321 0
Theta
-0.274113
t_GA - R_GA * R_AB * t_BA
1558436742378 0 0 0
t_wo
1558436742378 0.143394 -0.040321 0
Theta
-0.274113
t_GA - R_GA * R_AB * t_BA
1558436742399 0 0 0
t_wo
1558436742399 0.143394 -0.040321 0
Theta
-0.274113
t_GA - R_GA * R_AB * t_BA
1558436742424 0 0 0
t_wo
1558436742424 0.143394 -0.040321 0
Theta
-0.274113
t_GA - R_GA * R_AB * t_BA
1558436742444 0 0 0
t_wo
1558436742444 0.143394 -0.040321 0
Theta
-0.274113
t_GA - R_GA * R_AB * t_BA
1558436742465 0 0 0
t_wo
1558436742465 0.143394 -0.040321 0
Theta
-0.274113
t_GA - R_GA * R_AB * t_BA
1558436742489 0 0 0
t_wo
1558436742489 0.143394 -0.040321 0
Theta
-0.274113
t_GA - R_GA * R_AB * t_BA
1558436742510 0 0 0
t_wo
1558436742510 0.143394 -0.040321 0
Theta
-0.274113
t_GA - R_GA * R_AB * t_BA
1558436742530 0 0 0
t_wo
1558436742530 0.143394 -0.040321 0
Theta
-0.274113
t_GA - R_GA * R_AB * t_BA
1558436742555 0 0 0
t_wo
1558436742555 0.143394 -0.040321 0
Theta
-0.274113
t_GA - R_GA * R_AB * t_BA
1558436742575 0 0 0
t_wo
1558436742575 0.143394 -0.040321 0
Theta
-0.274113
t_GA - R_GA * R_AB * t_BA
1558436742596 0 0 0
t_wo
1558436742596 0.143394 -0.040321 0
Theta
-0.274113
t_GA - R_GA * R_AB * t_BA
1558436742620 0 0 0
t_wo
1558436742620 0.143394 -0.040321 0
Theta
-0.274113
t_GA - R_GA * R_AB * t_BA
1558436742641 0 0 0
t_wo
1558436742641 0.143394 -0.040321 0
Theta
-0.274113
t_GA - R_GA * R_AB * t_BA
1558436742661 0 0 0
t_wo
1558436742661 0.143394 -0.040321 0
Theta
-0.274113
t_GA - R_GA * R_AB * t_BA
1558436742686 0 0 0
t_wo
1558436742686 0.143394 -0.040321 0
Theta
-0.274113
