t_GA - R_GA * R_AB * t_BA
0 0 0
t_wo + t_wo_cam
0.9 0 0
Time
1558453626111
Theta
0
t_GA - R_GA * R_AB * t_BA
0 0 0
t_wo + t_wo_cam
0.9 0 0
Time
1558453626192
Theta
0
t_GA - R_GA * R_AB * t_BA
0 0 0
t_wo + t_wo_cam
0.9 0 0
Time
1558453626270
Theta
0
t_GA - R_GA * R_AB * t_BA
0 0 0
t_wo + t_wo_cam
0.9 0 0
Time
1558453626348
Theta
0
t_GA - R_GA * R_AB * t_BA
0 0 0
t_wo + t_wo_cam
0.9 0 0
Time
1558453626426
Theta
0
t_GA - R_GA * R_AB * t_BA
0 0 0
t_wo + t_wo_cam
0.9 0 0
Time
1558453626503
Theta
0
t_GA - R_GA * R_AB * t_BA
0 0 0
t_wo + t_wo_cam
0.9 0 0
Time
1558453626581
Theta
0
t_GA - R_GA * R_AB * t_BA
0 0 0
t_wo + t_wo_cam
0.9 0 0
Time
1558453626659
Theta
0
t_GA - R_GA * R_AB * t_BA
0 0 0
t_wo + t_wo_cam
0.9 0 0
Time
1558453626737
Theta
0
t_GA - R_GA * R_AB * t_BA
0 0 0
t_wo + t_wo_cam
0.9 0 0
Time
1558453626814
Theta
0
t_GA - R_GA * R_AB * t_BA
0 0 0
t_wo + t_wo_cam
0.9 0 0
Time
1558453626892
Theta
0
t_GA - R_GA * R_AB * t_BA
0 0 0
t_wo + t_wo_cam
0.9 0 0
Time
1558453626970
Theta
0
t_GA - R_GA * R_AB * t_BA
0 0 0
t_wo + t_wo_cam
0.9 0 0
Time
1558453627048
Theta
0
t_GA - R_GA * R_AB * t_BA
0 0 0
t_wo + t_wo_cam
0.9 0 0
Time
1558453627126
Theta
0
t_GA - R_GA * R_AB * t_BA
0.0938646 1.80624 -0.164952
t_wo + t_wo_cam
0.0938646 1.80624 -0.164952
Time
1558453627204
Theta
-1.5708
t_GA - R_GA * R_AB * t_BA
0.0938646 1.80624 -0.164952
t_wo + t_wo_cam
0.0938646 1.80624 -0.164952
Time
1558453627281
Theta
-1.5708
t_GA - R_GA * R_AB * t_BA
0.0684746 1.80774 -0.16961
t_wo + t_wo_cam
0.0684746 1.80774 -0.16961
Time
1558453627359
Theta
-1.5708
t_GA - R_GA * R_AB * t_BA
0.0684746 1.80774 -0.16961
t_wo + t_wo_cam
0.0684746 1.80774 -0.16961
Time
1558453627437
Theta
-1.5708
t_GA - R_GA * R_AB * t_BA
0.0784571 1.8069 -0.174157
t_wo + t_wo_cam
0.0784571 1.8069 -0.174157
Time
1558453627515
Theta
-1.5708
t_GA - R_GA * R_AB * t_BA
0.0761629 1.80538 -0.181929
t_wo + t_wo_cam
0.0761629 1.80538 -0.181929
Time
1558453627593
Theta
-1.5708
t_GA - R_GA * R_AB * t_BA
0.0761629 1.80538 -0.181929
t_wo + t_wo_cam
0.0761629 1.80538 -0.181929
Time
1558453627671
Theta
-1.5708
t_GA - R_GA * R_AB * t_BA
0.0847766 1.80713 -0.171144
t_wo + t_wo_cam
0.0847766 1.80713 -0.171144
Time
1558453627748
Theta
-1.5708
t_GA - R_GA * R_AB * t_BA
0.0804295 1.80929 -0.152451
t_wo + t_wo_cam
0.0847766 1.80713 -0.171144
Time
1558453627826
Theta
-1.5708
t_GA - R_GA * R_AB * t_BA
0.0804295 1.80929 -0.152451
t_wo + t_wo_cam
0.0804295 1.80929 -0.152451
Time
1558453627904
Theta
-1.5708
t_GA - R_GA * R_AB * t_BA
0.0665751 1.80813 -0.17021
t_wo + t_wo_cam
0.0665751 1.80813 -0.17021
Time
1558453627982
Theta
-1.5708
t_GA - R_GA * R_AB * t_BA
0.102189 1.80684 -0.160742
t_wo + t_wo_cam
0.0665751 1.80813 -0.17021
Time
1558453628060
Theta
-1.5708
t_GA - R_GA * R_AB * t_BA
0.0753882 1.80824 -0.161185
t_wo + t_wo_cam
0.102189 1.80684 -0.160742
Time
1558453628137
Theta
-1.5708
t_GA - R_GA * R_AB * t_BA
0.0753882 1.80824 -0.161185
t_wo + t_wo_cam
0.0753882 1.80824 -0.161185
Time
1558453628219
Theta
-1.5708
t_GA - R_GA * R_AB * t_BA
0.048187 1.80786 -0.172659
t_wo + t_wo_cam
0.048187 1.80786 -0.172659
Time
1558453628297
Theta
-1.5708
t_GA - R_GA * R_AB * t_BA
0.0700627 1.80613 -0.176509
t_wo + t_wo_cam
0.048187 1.80786 -0.172659
Time
1558453628375
Theta
-1.5708
t_GA - R_GA * R_AB * t_BA
0.0700627 1.80613 -0.176509
t_wo + t_wo_cam
0.0700627 1.80613 -0.176509
Time
1558453628453
Theta
-1.5708
t_GA - R_GA * R_AB * t_BA
0.0670365 1.80804 -0.168591
t_wo + t_wo_cam
0.0670365 1.80804 -0.168591
Time
1558453628531
Theta
-1.5708
t_GA - R_GA * R_AB * t_BA
0.0670365 1.80804 -0.168591
t_wo + t_wo_cam
0.0670365 1.80804 -0.168591
Time
1558453628609
Theta
-1.5708
t_GA - R_GA * R_AB * t_BA
0.0704098 1.80878 -0.157417
t_wo + t_wo_cam
0.0704098 1.80878 -0.157417
Time
1558453628686
Theta
-1.5708
t_GA - R_GA * R_AB * t_BA
0.0704098 1.80878 -0.157417
t_wo + t_wo_cam
0.0704098 1.80878 -0.157417
Time
1558453628764
Theta
-1.5708
t_GA - R_GA * R_AB * t_BA
0.0608331 1.80776 -0.172132
t_wo + t_wo_cam
0.0608331 1.80776 -0.172132
Time
1558453628842
Theta
-1.5708
t_GA - R_GA * R_AB * t_BA
0.0608331 1.80776 -0.172132
t_wo + t_wo_cam
0.0608331 1.80776 -0.172132
Time
1558453628920
Theta
-1.5708
t_GA - R_GA * R_AB * t_BA
0.0727446 1.81084 -0.150031
t_wo + t_wo_cam
0.0727446 1.81084 -0.150031
Time
1558453628998
Theta
-1.5708
t_GA - R_GA * R_AB * t_BA
0.100042 1.81005 -0.134595
t_wo + t_wo_cam
0.0727446 1.81084 -0.150031
Time
1558453629075
Theta
-1.5708
t_GA - R_GA * R_AB * t_BA
0.100042 1.81005 -0.134595
t_wo + t_wo_cam
0.100042 1.81005 -0.134595
Time
1558453629153
Theta
-1.5708
t_GA - R_GA * R_AB * t_BA
0.0634468 1.81177 -0.138182
t_wo + t_wo_cam
0.0634468 1.81177 -0.138182
Time
1558453629231
Theta
-1.5708
t_GA - R_GA * R_AB * t_BA
0.0634468 1.81177 -0.138182
t_wo + t_wo_cam
0.0634468 1.81177 -0.138182
Time
1558453629309
Theta
-1.5708
t_GA - R_GA * R_AB * t_BA
0.096566 1.80723 -0.160174
t_wo + t_wo_cam
0.096566 1.80723 -0.160174
Time
1558453629387
Theta
-1.5708
t_GA - R_GA * R_AB * t_BA
0.096566 1.80723 -0.160174
t_wo + t_wo_cam
0.096566 1.80723 -0.160174
Time
1558453629465
Theta
-1.5708
t_GA - R_GA * R_AB * t_BA
0.074471 1.80601 -0.179245
t_wo + t_wo_cam
0.074471 1.80601 -0.179245
Time
1558453629543
Theta
-1.5708
t_GA - R_GA * R_AB * t_BA
0.054328 1.80857 -0.169702
t_wo + t_wo_cam
0.054328 1.80857 -0.169702
Time
1558453629620
Theta
-1.5708
t_GA - R_GA * R_AB * t_BA
0.054328 1.80857 -0.169702
t_wo + t_wo_cam
0.054328 1.80857 -0.169702
Time
1558453629698
Theta
-1.5708
t_GA - R_GA * R_AB * t_BA
0.0783869 1.80612 -0.176616
t_wo + t_wo_cam
0.0783869 1.80612 -0.176616
Time
1558453629776
Theta
-1.5708
t_GA - R_GA * R_AB * t_BA
0.0751431 1.80939 -0.154864
t_wo + t_wo_cam
0.0751431 1.80939 -0.154864
Time
1558453629854
Theta
-1.5708
t_GA - R_GA * R_AB * t_BA
0.0751431 1.80939 -0.154864
t_wo + t_wo_cam
0.0751431 1.80939 -0.154864
Time
1558453629932
Theta
-1.5708
t_GA - R_GA * R_AB * t_BA
0.084428 1.80294 -0.192898
t_wo + t_wo_cam
0.084428 1.80294 -0.192898
Time
1558453630011
Theta
-1.5708
t_GA - R_GA * R_AB * t_BA
0.084428 1.80294 -0.192898
t_wo + t_wo_cam
0.084428 1.80294 -0.192898
Time
1558453630088
Theta
-1.5708
t_GA - R_GA * R_AB * t_BA
0.0719623 1.80784 -0.16648
t_wo + t_wo_cam
0.0719623 1.80784 -0.16648
Time
1558453630166
Theta
-1.5708
t_GA - R_GA * R_AB * t_BA
0.0719623 1.80784 -0.16648
t_wo + t_wo_cam
0.0719623 1.80784 -0.16648
Time
1558453630243
Theta
-1.5708
t_GA - R_GA * R_AB * t_BA
0.086368 1.8076 -0.166307
t_wo + t_wo_cam
0.086368 1.8076 -0.166307
Time
1558453630321
Theta
-1.5708
t_GA - R_GA * R_AB * t_BA
0.0754407 1.80782 -0.165663
t_wo + t_wo_cam
0.086368 1.8076 -0.166307
Time
1558453630399
Theta
-1.5708
t_GA - R_GA * R_AB * t_BA
0.0754407 1.80782 -0.165663
t_wo + t_wo_cam
0.0754407 1.80782 -0.165663
Time
1558453630477
Theta
-1.5708
t_GA - R_GA * R_AB * t_BA
0.0924081 1.80936 -0.146366
t_wo + t_wo_cam
0.0924081 1.80936 -0.146366
Time
1558453630559
Theta
-1.5708
t_GA - R_GA * R_AB * t_BA
0.0609043 1.80862 -0.166656
t_wo + t_wo_cam
0.0609043 1.80862 -0.166656
Time
1558453630637
Theta
-1.5708
t_GA - R_GA * R_AB * t_BA
0.0609043 1.80862 -0.166656
t_wo + t_wo_cam
0.0609043 1.80862 -0.166656
Time
1558453630715
Theta
-1.5708
t_GA - R_GA * R_AB * t_BA
0.0674458 1.80701 -0.173072
t_wo + t_wo_cam
0.0674458 1.80701 -0.173072
Time
1558453630792
Theta
-1.5708
t_GA - R_GA * R_AB * t_BA
0.0543221 1.8077 -0.1703
t_wo + t_wo_cam
0.0543221 1.8077 -0.1703
Time
1558453630870
Theta
-1.5708
t_GA - R_GA * R_AB * t_BA
0.0543221 1.8077 -0.1703
t_wo + t_wo_cam
0.0543221 1.8077 -0.1703
Time
1558453630948
Theta
-1.5708
t_GA - R_GA * R_AB * t_BA
0.091391 1.80426 -0.182945
t_wo + t_wo_cam
0.091391 1.80426 -0.182945
Time
1558453631026
Theta
-1.5708
t_GA - R_GA * R_AB * t_BA
0.0733847 1.81226 -0.132087
t_wo + t_wo_cam
0.0733847 1.81226 -0.132087
Time
1558453631104
Theta
-1.5708
t_GA - R_GA * R_AB * t_BA
0.0553664 1.80895 -0.164062
t_wo + t_wo_cam
0.0733847 1.81226 -0.132087
Time
1558453631182
Theta
-1.5708
t_GA - R_GA * R_AB * t_BA
0.0553664 1.80895 -0.164062
t_wo + t_wo_cam
0.0553664 1.80895 -0.164062
Time
1558453631260
Theta
-1.5708
t_GA - R_GA * R_AB * t_BA
0.0735701 1.80367 -0.193346
t_wo + t_wo_cam
0.0735701 1.80367 -0.193346
Time
1558453631338
Theta
-1.5708
t_GA - R_GA * R_AB * t_BA
0.0735701 1.80367 -0.193346
t_wo + t_wo_cam
0.0735701 1.80367 -0.193346
Time
1558453631415
Theta
-1.5708
t_GA - R_GA * R_AB * t_BA
0.0876237 1.80533 -0.175753
t_wo + t_wo_cam
0.0876237 1.80533 -0.175753
Time
1558453631493
Theta
-1.5708
t_GA - R_GA * R_AB * t_BA
0.0787606 1.80459 -0.181009
t_wo + t_wo_cam
0.0876237 1.80533 -0.175753
Time
1558453631571
Theta
-1.5708
t_GA - R_GA * R_AB * t_BA
0.0787606 1.80459 -0.181009
t_wo + t_wo_cam
0.0787606 1.80459 -0.181009
Time
1558453631649
Theta
-1.5708
t_GA - R_GA * R_AB * t_BA
0.0742745 1.80698 -0.175325
t_wo + t_wo_cam
0.0742745 1.80698 -0.175325
Time
1558453631727
Theta
-1.5708
t_GA - R_GA * R_AB * t_BA
0.0742745 1.80698 -0.175325
t_wo + t_wo_cam
0.0742745 1.80698 -0.175325
Time
1558453631805
Theta
-1.5708
t_GA - R_GA * R_AB * t_BA
0.087588 1.8072 -0.161149
t_wo + t_wo_cam
0.087588 1.8072 -0.161149
Time
1558453631883
Theta
-1.5708
t_GA - R_GA * R_AB * t_BA
0.0868838 1.80868 -0.158561
t_wo + t_wo_cam
0.0868838 1.80868 -0.158561
Time
1558453631960
Theta
-1.5708
t_GA - R_GA * R_AB * t_BA
0.0519791 1.80791 -0.171235
t_wo + t_wo_cam
0.0868838 1.80868 -0.158561
Time
1558453632039
Theta
-1.5708
t_GA - R_GA * R_AB * t_BA
0.0519791 1.80791 -0.171235
t_wo + t_wo_cam
0.0519791 1.80791 -0.171235
Time
1558453632116
Theta
-1.5708
t_GA - R_GA * R_AB * t_BA
0.0601898 1.80664 -0.184873
t_wo + t_wo_cam
0.0601898 1.80664 -0.184873
Time
1558453632194
Theta
-1.5708
t_GA - R_GA * R_AB * t_BA
0.0620328 1.80864 -0.163825
t_wo + t_wo_cam
0.0601898 1.80664 -0.184873
Time
1558453632272
Theta
-1.5708
t_GA - R_GA * R_AB * t_BA
0.0620328 1.80864 -0.163825
t_wo + t_wo_cam
0.0620328 1.80864 -0.163825
Time
1558453632350
Theta
-1.5708
t_GA - R_GA * R_AB * t_BA
0.0817139 1.80717 -0.166599
t_wo + t_wo_cam
0.0817139 1.80717 -0.166599
Time
1558453632428
Theta
-1.5708
t_GA - R_GA * R_AB * t_BA
0.0494946 1.80871 -0.16926
t_wo + t_wo_cam
0.0817139 1.80717 -0.166599
Time
1558453632505
Theta
-1.5708
t_GA - R_GA * R_AB * t_BA
0.0494946 1.80871 -0.16926
t_wo + t_wo_cam
0.0494946 1.80871 -0.16926
Time
1558453632583
Theta
-1.5708
t_GA - R_GA * R_AB * t_BA
0.0693019 1.80806 -0.16357
t_wo + t_wo_cam
0.0693019 1.80806 -0.16357
Time
1558453632661
Theta
-1.5708
t_GA - R_GA * R_AB * t_BA
0.0693019 1.80806 -0.16357
t_wo + t_wo_cam
0.0693019 1.80806 -0.16357
Time
1558453632739
Theta
-1.5708
t_GA - R_GA * R_AB * t_BA
0.0769303 1.80906 -0.153294
t_wo + t_wo_cam
0.0769303 1.80906 -0.153294
Time
1558453632817
Theta
-1.5708
t_GA - R_GA * R_AB * t_BA
0.0769303 1.80906 -0.153294
t_wo + t_wo_cam
0.0769303 1.80906 -0.153294
Time
1558453632899
Theta
-1.5708
t_GA - R_GA * R_AB * t_BA
0.0683023 1.81047 -0.147256
t_wo + t_wo_cam
0.0683023 1.81047 -0.147256
Time
1558453632977
Theta
-1.5708
t_GA - R_GA * R_AB * t_BA
0.0857878 1.8061 -0.175039
t_wo + t_wo_cam
0.0857878 1.8061 -0.175039
Time
1558453633055
Theta
-1.5708
t_GA - R_GA * R_AB * t_BA
0.0857878 1.8061 -0.175039
t_wo + t_wo_cam
0.0857878 1.8061 -0.175039
Time
1558453633132
Theta
-1.5708
t_GA - R_GA * R_AB * t_BA
0.0849141 1.80743 -0.161356
t_wo + t_wo_cam
0.0849141 1.80743 -0.161356
Time
1558453633210
Theta
-1.5708
t_GA - R_GA * R_AB * t_BA
0.0620372 1.80492 -0.190097
t_wo + t_wo_cam
0.0849141 1.80743 -0.161356
Time
1558453633288
Theta
-1.5708
t_GA - R_GA * R_AB * t_BA
0.0620372 1.80492 -0.190097
t_wo + t_wo_cam
0.0620372 1.80492 -0.190097
Time
1558453633366
Theta
-1.5708
t_GA - R_GA * R_AB * t_BA
0.0837408 1.81145 -0.131433
t_wo + t_wo_cam
0.0837408 1.81145 -0.131433
Time
1558453633444
Theta
-1.5708
t_GA - R_GA * R_AB * t_BA
0.0562406 1.80773 -0.168735
t_wo + t_wo_cam
0.0837408 1.81145 -0.131433
Time
1558453633522
Theta
-1.5708
t_GA - R_GA * R_AB * t_BA
0.0562406 1.80773 -0.168735
t_wo + t_wo_cam
0.0562406 1.80773 -0.168735
Time
1558453633600
Theta
-1.5708
t_GA - R_GA * R_AB * t_BA
0.0735094 1.80716 -0.169125
t_wo + t_wo_cam
0.0562406 1.80773 -0.168735
Time
1558453633677
Theta
-1.5708
t_GA - R_GA * R_AB * t_BA
0.0735094 1.80716 -0.169125
t_wo + t_wo_cam
0.0735094 1.80716 -0.169125
Time
1558453633755
Theta
-1.5708
t_GA - R_GA * R_AB * t_BA
0.0391336 1.81219 -0.147921
t_wo + t_wo_cam
0.0391336 1.81219 -0.147921
Time
1558453633833
Theta
-1.5708
t_GA - R_GA * R_AB * t_BA
0.0391336 1.81219 -0.147921
t_wo + t_wo_cam
0.0391336 1.81219 -0.147921
Time
1558453633911
Theta
-1.5708
t_GA - R_GA * R_AB * t_BA
0.08502 1.80521 -0.179085
t_wo + t_wo_cam
0.08502 1.80521 -0.179085
Time
1558453633989
Theta
-1.5708
t_GA - R_GA * R_AB * t_BA
0.108908 1.80356 -0.175932
t_wo + t_wo_cam
0.108908 1.80356 -0.175932
Time
1558453634067
Theta
-1.5708
t_GA - R_GA * R_AB * t_BA
0.108908 1.80356 -0.175932
t_wo + t_wo_cam
0.108908 1.80356 -0.175932
Time
1558453634145
Theta
-1.5708
t_GA - R_GA * R_AB * t_BA
0.0865605 1.80615 -0.169593
t_wo + t_wo_cam
0.0865605 1.80615 -0.169593
Time
1558453634222
Theta
-1.5708
t_GA - R_GA * R_AB * t_BA
0.0721272 1.80378 -0.195328
t_wo + t_wo_cam
0.0721272 1.80378 -0.195328
Time
1558453634300
Theta
-1.5708
t_GA - R_GA * R_AB * t_BA
0.0721272 1.80378 -0.195328
t_wo + t_wo_cam
0.0721272 1.80378 -0.195328
Time
1558453634378
Theta
-1.5708
t_GA - R_GA * R_AB * t_BA
0.0759878 1.80961 -0.151793
t_wo + t_wo_cam
0.0759878 1.80961 -0.151793
Time
1558453634456
Theta
-1.5708
t_GA - R_GA * R_AB * t_BA
0.0726746 1.806 -0.182979
t_wo + t_wo_cam
0.0726746 1.806 -0.182979
Time
1558453634534
Theta
-1.5708
t_GA - R_GA * R_AB * t_BA
0.0706741 1.80802 -0.168374
t_wo + t_wo_cam
0.0726746 1.806 -0.182979
Time
1558453634612
Theta
-1.5708
t_GA - R_GA * R_AB * t_BA
0.0706741 1.80802 -0.168374
t_wo + t_wo_cam
0.0706741 1.80802 -0.168374
Time
1558453634690
Theta
-1.5708
t_GA - R_GA * R_AB * t_BA
0.0766753 1.80885 -0.153198
t_wo + t_wo_cam
0.0766753 1.80885 -0.153198
Time
1558453634767
Theta
-1.5708
t_GA - R_GA * R_AB * t_BA
0.0889367 1.81072 -0.139216
t_wo + t_wo_cam
0.0766753 1.80885 -0.153198
Time
1558453634845
Theta
-1.5708
t_GA - R_GA * R_AB * t_BA
0.0889367 1.81072 -0.139216
t_wo + t_wo_cam
0.0889367 1.81072 -0.139216
Time
1558453634923
Theta
-1.5708
t_GA - R_GA * R_AB * t_BA
0.0874792 1.80719 -0.163661
t_wo + t_wo_cam
0.0874792 1.80719 -0.163661
Time
1558453635001
Theta
-1.5708
t_GA - R_GA * R_AB * t_BA
0.0874792 1.80719 -0.163661
t_wo + t_wo_cam
0.0874792 1.80719 -0.163661
Time
1558453635079
Theta
-1.5708
t_GA - R_GA * R_AB * t_BA
0.0669072 1.8091 -0.159039
t_wo + t_wo_cam
0.0669072 1.8091 -0.159039
Time
1558453635161
Theta
-1.5708
t_GA - R_GA * R_AB * t_BA
0.0801266 1.80792 -0.159854
t_wo + t_wo_cam
0.0801266 1.80792 -0.159854
Time
1558453635239
Theta
-1.5708
t_GA - R_GA * R_AB * t_BA
0.0801266 1.80792 -0.159854
t_wo + t_wo_cam
0.0801266 1.80792 -0.159854
Time
1558453635317
Theta
-1.5708
t_GA - R_GA * R_AB * t_BA
0.0743327 1.80886 -0.161679
t_wo + t_wo_cam
0.0743327 1.80886 -0.161679
Time
1558453635394
Theta
-1.5708
