t_GA - R_GA * R_AB * t_BA
0 0 0
t_wo + t_wo_cam
0.9 0 0
Time
1558554790704
Theta
0
t_GA - R_GA * R_AB * t_BA
0 0 0
t_wo + t_wo_cam
0.9 0 0
Time
1558554790704
Theta
0
t_GA - R_GA * R_AB * t_BA
0 0 0
t_wo + t_wo_cam
0.9 0 0
Time
1558554790704
Theta
0
t_GA - R_GA * R_AB * t_BA
0 0 0
t_wo + t_wo_cam
0.9 0 0
Time
1558554790704
Theta
0
t_GA - R_GA * R_AB * t_BA
0 0 0
t_wo + t_wo_cam
0.9 0 0
Time
1558554790704
Theta
0
t_GA - R_GA * R_AB * t_BA
0 0 0
t_wo + t_wo_cam
0.9 0 0
Time
1558554790705
Theta
0
t_GA - R_GA * R_AB * t_BA
0 0 0
t_wo + t_wo_cam
0.9 0 0
Time
1558554790705
Theta
0
t_GA - R_GA * R_AB * t_BA
0 0 0
t_wo + t_wo_cam
0.9 0 0
Time
1558554790705
Theta
0
t_GA - R_GA * R_AB * t_BA
0 0 0
t_wo + t_wo_cam
0.9 0 0
Time
1558554790705
Theta
0
t_GA - R_GA * R_AB * t_BA
0 0 0
t_wo + t_wo_cam
0.9 0 0
Time
1558554790705
Theta
0
t_GA - R_GA * R_AB * t_BA
0 0 0
t_wo + t_wo_cam
0.9 0 0
Time
1558554790705
Theta
0
t_GA - R_GA * R_AB * t_BA
0 0 0
t_wo + t_wo_cam
0.9 0 0
Time
1558554790705
Theta
0
t_GA - R_GA * R_AB * t_BA
0 0 0
t_wo + t_wo_cam
0.9 0 0
Time
1558554790706
Theta
0
t_GA - R_GA * R_AB * t_BA
0 0 0
t_wo + t_wo_cam
0.9 0 0
Time
1558554790706
Theta
0
t_GA - R_GA * R_AB * t_BA
0 0 0
t_wo + t_wo_cam
0.9 0 0
Time
1558554790706
Theta
0
t_GA - R_GA * R_AB * t_BA
0 0 0
t_wo + t_wo_cam
0.9 0 0
Time
1558554790706
Theta
0
t_GA - R_GA * R_AB * t_BA
0 0 0
t_wo + t_wo_cam
0.9 0 0
Time
1558554790706
Theta
0
t_GA - R_GA * R_AB * t_BA
0 0 0
t_wo + t_wo_cam
0.9 0 0
Time
1558554790706
Theta
0
t_GA - R_GA * R_AB * t_BA
0 0 0
t_wo + t_wo_cam
0.9 0 0
Time
1558554790706
Theta
0
t_GA - R_GA * R_AB * t_BA
0 0 0
t_wo + t_wo_cam
0.9 0 0
Time
1558554790708
Theta
0
t_GA - R_GA * R_AB * t_BA
0 0 0
t_wo + t_wo_cam
0.9 0 0
Time
1558554790729
Theta
0
t_GA - R_GA * R_AB * t_BA
0 0 0
t_wo + t_wo_cam
0.9 0 0
Time
1558554790754
Theta
0
t_GA - R_GA * R_AB * t_BA
0 0 0
t_wo + t_wo_cam
0.9 0 0
Time
1558554790774
Theta
0
t_GA - R_GA * R_AB * t_BA
0 0 0
t_wo + t_wo_cam
0.9 0 0
Time
1558554790795
Theta
0
t_GA - R_GA * R_AB * t_BA
0 0 0
t_wo + t_wo_cam
0.9 0 0
Time
1558554790819
Theta
0
t_GA - R_GA * R_AB * t_BA
0 0 0
t_wo + t_wo_cam
0.9 0 0
Time
1558554790840
Theta
0
t_GA - R_GA * R_AB * t_BA
0 0 0
t_wo + t_wo_cam
0.9 0 0
Time
1558554790860
Theta
0
t_GA - R_GA * R_AB * t_BA
0 0 0
t_wo + t_wo_cam
0.9 0 0
Time
1558554790885
Theta
0
t_GA - R_GA * R_AB * t_BA
0 0 0
t_wo + t_wo_cam
0.9 0 0
Time
1558554790905
Theta
0
t_GA - R_GA * R_AB * t_BA
0 0 0
t_wo + t_wo_cam
0.9 0 0
Time
1558554790926
Theta
0
t_GA - R_GA * R_AB * t_BA
0 0 0
t_wo + t_wo_cam
0.9 0 0
Time
1558554790950
Theta
0
t_GA - R_GA * R_AB * t_BA
0 0 0
t_wo + t_wo_cam
0.9 0 0
Time
1558554790971
Theta
0
t_GA - R_GA * R_AB * t_BA
0 0 0
t_wo + t_wo_cam
0.9 0 0
Time
1558554790991
Theta
0
t_GA - R_GA * R_AB * t_BA
0 0 0
t_wo + t_wo_cam
0.9 0 0
Time
1558554791016
Theta
0
t_GA - R_GA * R_AB * t_BA
0 0 0
t_wo + t_wo_cam
0.9 0 0
Time
1558554791036
Theta
0
t_GA - R_GA * R_AB * t_BA
0 0 0
t_wo + t_wo_cam
0.9 0 0
Time
1558554791057
Theta
0
t_GA - R_GA * R_AB * t_BA
0 0 0
t_wo + t_wo_cam
0.9 0 0
Time
1558554791081
Theta
0
t_GA - R_GA * R_AB * t_BA
0 0 0
t_wo + t_wo_cam
0.9 0 0
Time
1558554791102
Theta
0
t_GA - R_GA * R_AB * t_BA
0 0 0
t_wo + t_wo_cam
0.9 0 0
Time
1558554791122
Theta
0
t_GA - R_GA * R_AB * t_BA
0 0 0
t_wo + t_wo_cam
0.9 0 0
Time
1558554791147
Theta
0
t_GA - R_GA * R_AB * t_BA
0 0 0
t_wo + t_wo_cam
0.9 0 0
Time
1558554791167
Theta
0
t_GA - R_GA * R_AB * t_BA
0 0 0
t_wo + t_wo_cam
0.9 0 0
Time
1558554791188
Theta
0
t_GA - R_GA * R_AB * t_BA
0 0 0
t_wo + t_wo_cam
0.9 0 0
Time
1558554791213
Theta
0
t_GA - R_GA * R_AB * t_BA
0 0 0
t_wo + t_wo_cam
0.9 0 0
Time
1558554791233
Theta
0
t_GA - R_GA * R_AB * t_BA
0 0 0
t_wo + t_wo_cam
0.9 0 0
Time
1558554791253
Theta
0
t_GA - R_GA * R_AB * t_BA
0 0 0
t_wo + t_wo_cam
0.9 0 0
Time
1558554791274
Theta
0
t_GA - R_GA * R_AB * t_BA
0 0 0
t_wo + t_wo_cam
0.9 0 0
Time
1558554791299
Theta
0
t_GA - R_GA * R_AB * t_BA
0 0 0
t_wo + t_wo_cam
0.9 0 0
Time
1558554791319
Theta
0
t_GA - R_GA * R_AB * t_BA
0 0 0
t_wo + t_wo_cam
0.9 0 0
Time
1558554791340
Theta
0
t_GA - R_GA * R_AB * t_BA
0 0 0
t_wo + t_wo_cam
0.9 0 0
Time
1558554791364
Theta
0
t_GA - R_GA * R_AB * t_BA
0 0 0
t_wo + t_wo_cam
0.9 0 0
Time
1558554791385
Theta
0
t_GA - R_GA * R_AB * t_BA
0 0 0
t_wo + t_wo_cam
0.9 0 0
Time
1558554791405
Theta
0
t_GA - R_GA * R_AB * t_BA
0 0 0
t_wo + t_wo_cam
0.9 0 0
Time
1558554791430
Theta
0
t_GA - R_GA * R_AB * t_BA
0 0 0
t_wo + t_wo_cam
0.9 0 0
Time
1558554791450
Theta
0
t_GA - R_GA * R_AB * t_BA
0 0 0
t_wo + t_wo_cam
0.9 0 0
Time
1558554791471
Theta
0
t_GA - R_GA * R_AB * t_BA
0 0 0
t_wo + t_wo_cam
0.9 0 0
Time
1558554791495
Theta
0
t_GA - R_GA * R_AB * t_BA
0 0 0
t_wo + t_wo_cam
0.9 0 0
Time
1558554791516
Theta
0
t_GA - R_GA * R_AB * t_BA
0 0 0
t_wo + t_wo_cam
0.9 0 0
Time
1558554791536
Theta
0
t_GA - R_GA * R_AB * t_BA
0 0 0
t_wo + t_wo_cam
0.9 0 0
Time
1558554791561
Theta
0
t_GA - R_GA * R_AB * t_BA
0 0 0
t_wo + t_wo_cam
0.9 0 0
Time
1558554791581
Theta
0
t_GA - R_GA * R_AB * t_BA
0 0 0
t_wo + t_wo_cam
0.9 0 0
Time
1558554791602
Theta
0
t_GA - R_GA * R_AB * t_BA
0 0 0
t_wo + t_wo_cam
0.9 0 0
Time
1558554791626
Theta
0
t_GA - R_GA * R_AB * t_BA
0 0 0
t_wo + t_wo_cam
0.9 0 0
Time
1558554791647
Theta
0
t_GA - R_GA * R_AB * t_BA
0 0 0
t_wo + t_wo_cam
0.9 0 0
Time
1558554791667
Theta
0
t_GA - R_GA * R_AB * t_BA
0 0 0
t_wo + t_wo_cam
0.9 0 0
Time
1558554791692
Theta
0
t_GA - R_GA * R_AB * t_BA
0 0 0
t_wo + t_wo_cam
0.9 0 0
Time
1558554791712
Theta
0
t_GA - R_GA * R_AB * t_BA
0 0 0
t_wo + t_wo_cam
0.9 0 0
Time
1558554791733
Theta
0
t_GA - R_GA * R_AB * t_BA
0 0 0
t_wo + t_wo_cam
0.9 0 0
Time
1558554791757
Theta
0
t_GA - R_GA * R_AB * t_BA
0 0 0
t_wo + t_wo_cam
0.9 0 0
Time
1558554791778
Theta
0
t_GA - R_GA * R_AB * t_BA
0 0 0
t_wo + t_wo_cam
0.9 0 0
Time
1558554791799
Theta
0
t_GA - R_GA * R_AB * t_BA
0 0 0
t_wo + t_wo_cam
0.9 0 0
Time
1558554791823
Theta
0
t_GA - R_GA * R_AB * t_BA
0 0 0
t_wo + t_wo_cam
0.9 0 0
Time
1558554791844
Theta
0
t_GA - R_GA * R_AB * t_BA
0 0 0
t_wo + t_wo_cam
0.9 0 0
Time
1558554791864
Theta
0
t_GA - R_GA * R_AB * t_BA
0 0 0
t_wo + t_wo_cam
0.9 0 0
Time
1558554791889
Theta
0
t_GA - R_GA * R_AB * t_BA
0 0 0
t_wo + t_wo_cam
0.9 0 0
Time
1558554791909
Theta
0
t_GA - R_GA * R_AB * t_BA
0 0 0
t_wo + t_wo_cam
0.9 0 0
Time
1558554791930
Theta
0
t_GA - R_GA * R_AB * t_BA
0 0 0
t_wo + t_wo_cam
0.9 0 0
Time
1558554791954
Theta
0
t_GA - R_GA * R_AB * t_BA
0 0 0
t_wo + t_wo_cam
0.9 0 0
Time
1558554791975
Theta
0
t_GA - R_GA * R_AB * t_BA
0 0 0
t_wo + t_wo_cam
0.9 0 0
Time
1558554791995
Theta
0
t_GA - R_GA * R_AB * t_BA
0 0 0
t_wo + t_wo_cam
0.9 0 0
Time
1558554792020
Theta
0
t_GA - R_GA * R_AB * t_BA
0 0 0
t_wo + t_wo_cam
0.9 0 0
Time
1558554792040
Theta
0
t_GA - R_GA * R_AB * t_BA
0 0 0
t_wo + t_wo_cam
0.9 0 0
Time
1558554792061
Theta
0
t_GA - R_GA * R_AB * t_BA
0 0 0
t_wo + t_wo_cam
0.9 0 0
Time
1558554792085
Theta
0
t_GA - R_GA * R_AB * t_BA
0 0 0
t_wo + t_wo_cam
0.9 0 0
Time
1558554792106
Theta
0
t_GA - R_GA * R_AB * t_BA
0 0 0
t_wo + t_wo_cam
0.9 0 0
Time
1558554792126
Theta
0
t_GA - R_GA * R_AB * t_BA
0 0 0
t_wo + t_wo_cam
0.9 0 0
Time
1558554792151
Theta
0
t_GA - R_GA * R_AB * t_BA
0 0 0
t_wo + t_wo_cam
0.9 0 0
Time
1558554792171
Theta
0
t_GA - R_GA * R_AB * t_BA
0 0 0
t_wo + t_wo_cam
0.9 0 0
Time
1558554792192
Theta
0
t_GA - R_GA * R_AB * t_BA
0 0 0
t_wo + t_wo_cam
0.9 0 0
Time
1558554792216
Theta
0
t_GA - R_GA * R_AB * t_BA
0 0 0
t_wo + t_wo_cam
0.9 0 0
Time
1558554792237
Theta
0
t_GA - R_GA * R_AB * t_BA
0 0 0
t_wo + t_wo_cam
0.9 0 0
Time
1558554792257
Theta
0
t_GA - R_GA * R_AB * t_BA
0 0 0
t_wo + t_wo_cam
0.9 0 0
Time
1558554792282
Theta
0
t_GA - R_GA * R_AB * t_BA
0 0 0
t_wo + t_wo_cam
0.9 0 0
Time
1558554792303
Theta
0
t_GA - R_GA * R_AB * t_BA
0 0 0
t_wo + t_wo_cam
0.9 0 0
Time
1558554792323
Theta
0
t_GA - R_GA * R_AB * t_BA
0 0 0
t_wo + t_wo_cam
0.9 0 0
Time
1558554792348
Theta
0
t_GA - R_GA * R_AB * t_BA
0 0 0
t_wo + t_wo_cam
0.9 0 0
Time
1558554792368
Theta
0
t_GA - R_GA * R_AB * t_BA
0 0 0
t_wo + t_wo_cam
0.9 0 0
Time
1558554792389
Theta
0
t_GA - R_GA * R_AB * t_BA
0 0 0
t_wo + t_wo_cam
0.9 0 0
Time
1558554792413
Theta
0
t_GA - R_GA * R_AB * t_BA
0 0 0
t_wo + t_wo_cam
0.9 0 0
Time
1558554792434
Theta
0
t_GA - R_GA * R_AB * t_BA
0 0 0
t_wo + t_wo_cam
0.9 0 0
Time
1558554792454
Theta
0
t_GA - R_GA * R_AB * t_BA
0 0 0
t_wo + t_wo_cam
0.9 0 0
Time
1558554792479
Theta
0
t_GA - R_GA * R_AB * t_BA
0 0 0
t_wo + t_wo_cam
0.9 0 0
Time
1558554792499
Theta
0
t_GA - R_GA * R_AB * t_BA
0 0 0
t_wo + t_wo_cam
0.9 0 0
Time
1558554792520
Theta
0
t_GA - R_GA * R_AB * t_BA
0 0 0
t_wo + t_wo_cam
0.9 0 0
Time
1558554792544
Theta
0
t_GA - R_GA * R_AB * t_BA
0 0 0
t_wo + t_wo_cam
0.9 0 0
Time
1558554792565
Theta
0
t_GA - R_GA * R_AB * t_BA
0 0 0
t_wo + t_wo_cam
0.9 0 0
Time
1558554792585
Theta
0
t_GA - R_GA * R_AB * t_BA
0 0 0
t_wo + t_wo_cam
0.9 0 0
Time
1558554792610
Theta
0
t_GA - R_GA * R_AB * t_BA
0 0 0
t_wo + t_wo_cam
0.9 0 0
Time
1558554792630
Theta
0
t_GA - R_GA * R_AB * t_BA
0 0 0
t_wo + t_wo_cam
0.9 0 0
Time
1558554792651
Theta
0
t_GA - R_GA * R_AB * t_BA
0 0 0
t_wo + t_wo_cam
0.9 0 0
Time
1558554792676
Theta
0
t_GA - R_GA * R_AB * t_BA
0 0 0
t_wo + t_wo_cam
0.9 0 0
Time
1558554792696
Theta
0
t_GA - R_GA * R_AB * t_BA
0 0 0
t_wo + t_wo_cam
0.9 0 0
Time
1558554792716
Theta
0
t_GA - R_GA * R_AB * t_BA
0 0 0
t_wo + t_wo_cam
0.9 0 0
Time
1558554792741
Theta
0
t_GA - R_GA * R_AB * t_BA
0 0 0
t_wo + t_wo_cam
0.9 0 0
Time
1558554792762
Theta
0
t_GA - R_GA * R_AB * t_BA
0 0 0
t_wo + t_wo_cam
0.9 0 0
Time
1558554792782
Theta
0
t_GA - R_GA * R_AB * t_BA
0 0 0
t_wo + t_wo_cam
0.9 0 0
Time
1558554792807
Theta
0
t_GA - R_GA * R_AB * t_BA
0 0 0
t_wo + t_wo_cam
0.9 0 0
Time
1558554792827
Theta
0
t_GA - R_GA * R_AB * t_BA
0 0 0
t_wo + t_wo_cam
0.9 0 0
Time
1558554792848
Theta
0
t_GA - R_GA * R_AB * t_BA
0 0 0
t_wo + t_wo_cam
0.9 0 0
Time
1558554792872
Theta
0
t_GA - R_GA * R_AB * t_BA
0 0 0
t_wo + t_wo_cam
0.9 0 0
Time
1558554792893
Theta
0
t_GA - R_GA * R_AB * t_BA
0 0 0
t_wo + t_wo_cam
0.9 0 0
Time
1558554792913
Theta
0
t_GA - R_GA * R_AB * t_BA
0 0 0
t_wo + t_wo_cam
0.9 0 0
Time
1558554792938
Theta
0
t_GA - R_GA * R_AB * t_BA
0 0 0
t_wo + t_wo_cam
0.9 0 0
Time
1558554792958
Theta
0
t_GA - R_GA * R_AB * t_BA
0 0 0
t_wo + t_wo_cam
0.9 0 0
Time
1558554792979
Theta
0
t_GA - R_GA * R_AB * t_BA
0 0 0
t_wo + t_wo_cam
0.9 0 0
Time
1558554793003
Theta
0
t_GA - R_GA * R_AB * t_BA
0 0 0
t_wo + t_wo_cam
0.9 0 0
Time
1558554793024
Theta
0
t_GA - R_GA * R_AB * t_BA
0 0 0
t_wo + t_wo_cam
0.9 0 0
Time
1558554793044
Theta
0
t_GA - R_GA * R_AB * t_BA
0 0 0
t_wo + t_wo_cam
0.9 0 0
Time
1558554793069
Theta
0
t_GA - R_GA * R_AB * t_BA
0 0 0
t_wo + t_wo_cam
0.9 0 0
Time
1558554793089
Theta
0
t_GA - R_GA * R_AB * t_BA
0 0 0
t_wo + t_wo_cam
0.9 0 0
Time
1558554793110
Theta
0
t_GA - R_GA * R_AB * t_BA
0 0 0
t_wo + t_wo_cam
0.9 0 0
Time
1558554793130
Theta
0
t_GA - R_GA * R_AB * t_BA
0 0 0
t_wo + t_wo_cam
0.9 0 0
Time
1558554793155
Theta
0
t_GA - R_GA * R_AB * t_BA
0 0 0
t_wo + t_wo_cam
0.9 0 0
Time
1558554793175
Theta
0
t_GA - R_GA * R_AB * t_BA
0 0 0
t_wo + t_wo_cam
0.9 0 0
Time
1558554793196
Theta
0
t_GA - R_GA * R_AB * t_BA
0 0 0
t_wo + t_wo_cam
0.9 0 0
Time
1558554793220
Theta
0
t_GA - R_GA * R_AB * t_BA
-1.17844 -0.0328627 0.153283
t_wo + t_wo_cam
-1.17844 -0.0328627 0.153283
Time
1558554793241
Theta
-0.276493
t_GA - R_GA * R_AB * t_BA
-1.17844 -0.0328627 0.153283
t_wo + t_wo_cam
-1.17844 -0.0328627 0.153283
Time
1558554793261
Theta
-0.276493
t_GA - R_GA * R_AB * t_BA
-1.17844 -0.0328627 0.153283
t_wo + t_wo_cam
-1.17844 -0.0328627 0.153283
Time
1558554793286
Theta
-0.276493
t_GA - R_GA * R_AB * t_BA
-1.19834 0.0692516 0.00605973
t_wo + t_wo_cam
-1.17844 -0.0328627 0.153283
Time
1558554793306
Theta
-0.276493
t_GA - R_GA * R_AB * t_BA
-1.19834 0.0692516 0.00605973
t_wo + t_wo_cam
-1.19834 0.0692516 0.00605973
Time
1558554793327
Theta
0.28
t_GA - R_GA * R_AB * t_BA
-1.19834 0.0692516 0.00605973
t_wo + t_wo_cam
-1.19834 0.0692516 0.00605973
Time
1558554793352
Theta
0.28
t_GA - R_GA * R_AB * t_BA
-1.19559 0.100483 -0.0273498
t_wo + t_wo_cam
-1.19834 0.0692516 0.00605973
Time
1558554793372
Theta
0.28
t_GA - R_GA * R_AB * t_BA
-1.19559 0.100483 -0.0273498
t_wo + t_wo_cam
-1.19559 0.100483 -0.0273498
Time
1558554793392
Theta
0.292155
t_GA - R_GA * R_AB * t_BA
-1.19559 0.100483 -0.0273498
t_wo + t_wo_cam
-1.19559 0.100483 -0.0273498
Time
1558554793417
Theta
0.292155
t_GA - R_GA * R_AB * t_BA
-1.19559 0.100483 -0.0273498
t_wo + t_wo_cam
-1.19559 0.100483 -0.0273498
Time
1558554793438
Theta
0.292155
t_GA - R_GA * R_AB * t_BA
-1.19018 0.0929997 0.070657
t_wo + t_wo_cam
-1.19559 0.100483 -0.0273498
Time
1558554793458
Theta
0.292155
t_GA - R_GA * R_AB * t_BA
-1.19018 0.0929997 0.070657
t_wo + t_wo_cam
-1.19018 0.0929997 0.070657
Time
1558554793483
Theta
0.300978
t_GA - R_GA * R_AB * t_BA
-1.19018 0.0929997 0.070657
t_wo + t_wo_cam
-1.19018 0.0929997 0.070657
Time
1558554793503
Theta
0.300978
t_GA - R_GA * R_AB * t_BA
-1.19018 0.0929997 0.070657
t_wo + t_wo_cam
-1.19018 0.0929997 0.070657
Time
1558554793524
Theta
0.300978
t_GA - R_GA * R_AB * t_BA
-1.1683 0.0917502 0.142264
t_wo + t_wo_cam
-1.19018 0.0929997 0.070657
Time
1558554793548
Theta
0.300978
t_GA - R_GA * R_AB * t_BA
-1.1683 0.0917502 0.142264
t_wo + t_wo_cam
-1.1683 0.0917502 0.142264
Time
1558554793569
Theta
0.313398
t_GA - R_GA * R_AB * t_BA
-1.1683 0.0917502 0.142264
t_wo + t_wo_cam
-1.1683 0.0917502 0.142264
Time
1558554793589
Theta
0.313398
t_GA - R_GA * R_AB * t_BA
-1.1683 0.0917502 0.142264
t_wo + t_wo_cam
-1.1683 0.0917502 0.142264
Time
1558554793614
Theta
0.313398
t_GA - R_GA * R_AB * t_BA
-1.1699 0.0712248 0.141677
t_wo + t_wo_cam
-1.1683 0.0917502 0.142264
Time
1558554793634
Theta
0.313398
t_GA - R_GA * R_AB * t_BA
-1.1699 0.0712248 0.141677
t_wo + t_wo_cam
-1.1699 0.0712248 0.141677
Time
1558554793655
Theta
0.292962
t_GA - R_GA * R_AB * t_BA
-1.1699 0.0712248 0.141677
t_wo + t_wo_cam
-1.1699 0.0712248 0.141677
Time
1558554793679
Theta
0.292962
t_GA - R_GA * R_AB * t_BA
-1.1733 0.0655057 0.13396
t_wo + t_wo_cam
-1.1699 0.0712248 0.141677
Time
1558554793700
Theta
0.292962
t_GA - R_GA * R_AB * t_BA
-1.1733 0.0655057 0.13396
t_wo + t_wo_cam
-1.1733 0.0655057 0.13396
Time
1558554793720
Theta
0.286388
t_GA - R_GA * R_AB * t_BA
-1.1733 0.0655057 0.13396
t_wo + t_wo_cam
-1.1733 0.0655057 0.13396
Time
1558554793745
Theta
0.286388
t_GA - R_GA * R_AB * t_BA
-1.1733 0.0655057 0.13396
t_wo + t_wo_cam
-1.1733 0.0655057 0.13396
Time
1558554793765
Theta
0.286388
t_GA - R_GA * R_AB * t_BA
-1.17797 0.0450375 0.124277
t_wo + t_wo_cam
-1.1733 0.0655057 0.13396
Time
1558554793786
Theta
0.286388
t_GA - R_GA * R_AB * t_BA
-1.17797 0.0450375 0.124277
t_wo + t_wo_cam
-1.17797 0.0450375 0.124277
Time
1558554793810
Theta
0.280395
t_GA - R_GA * R_AB * t_BA
-1.17797 0.0450375 0.124277
t_wo + t_wo_cam
-1.17797 0.0450375 0.124277
Time
1558554793831
Theta
0.280395
t_GA - R_GA * R_AB * t_BA
-1.17797 0.0450375 0.124277
t_wo + t_wo_cam
-1.17797 0.0450375 0.124277
Time
1558554793851
Theta
0.280395
t_GA - R_GA * R_AB * t_BA
-1.18087 0.041452 0.113265
t_wo + t_wo_cam
-1.17797 0.0450375 0.124277
Time
1558554793876
Theta
0.280395
t_GA - R_GA * R_AB * t_BA
-1.18087 0.041452 0.113265
t_wo + t_wo_cam
-1.18087 0.041452 0.113265
Time
1558554793896
Theta
0.278821
t_GA - R_GA * R_AB * t_BA
-1.18087 0.041452 0.113265
t_wo + t_wo_cam
-1.18087 0.041452 0.113265
Time
1558554793917
Theta
0.278821
t_GA - R_GA * R_AB * t_BA
-1.18519 0.031733 0.103677
t_wo + t_wo_cam
-1.18087 0.041452 0.113265
Time
1558554793941
Theta
0.278821
t_GA - R_GA * R_AB * t_BA
-1.18519 0.031733 0.103677
t_wo + t_wo_cam
-1.18519 0.031733 0.103677
Time
1558554793962
Theta
0.284346
t_GA - R_GA * R_AB * t_BA
-1.18519 0.031733 0.103677
t_wo + t_wo_cam
-1.18519 0.031733 0.103677
Time
1558554793982
Theta
0.284346
t_GA - R_GA * R_AB * t_BA
-1.18519 0.031733 0.103677
t_wo + t_wo_cam
-1.18519 0.031733 0.103677
Time
1558554794007
Theta
0.284346
t_GA - R_GA * R_AB * t_BA
-1.18527 0.0292424 0.106688
t_wo + t_wo_cam
-1.18519 0.031733 0.103677
Time
1558554794027
Theta
0.284346
t_GA - R_GA * R_AB * t_BA
-1.18527 0.0292424 0.106688
t_wo + t_wo_cam
-1.18527 0.0292424 0.106688
Time
1558554794048
Theta
0.283982
t_GA - R_GA * R_AB * t_BA
-1.18527 0.0292424 0.106688
t_wo + t_wo_cam
-1.18527 0.0292424 0.106688
Time
1558554794073
Theta
0.283982
t_GA - R_GA * R_AB * t_BA
-1.18527 0.0292424 0.106688
t_wo + t_wo_cam
-1.18527 0.0292424 0.106688
Time
1558554794093
Theta
0.283982
t_GA - R_GA * R_AB * t_BA
-1.18512 0.0308069 0.10749
t_wo + t_wo_cam
-1.18527 0.0292424 0.106688
Time
1558554794114
Theta
0.283982
t_GA - R_GA * R_AB * t_BA
-1.18512 0.0308069 0.10749
t_wo + t_wo_cam
-1.18512 0.0308069 0.10749
Time
1558554794138
Theta
0.287564
t_GA - R_GA * R_AB * t_BA
-1.18512 0.0308069 0.10749
t_wo + t_wo_cam
-1.18512 0.0308069 0.10749
Time
1558554794159
Theta
0.287564
t_GA - R_GA * R_AB * t_BA
-1.18512 0.0308069 0.10749
t_wo + t_wo_cam
-1.18512 0.0308069 0.10749
Time
1558554794179
Theta
0.287564
t_GA - R_GA * R_AB * t_BA
-1.18643 0.03201 0.0959095
t_wo + t_wo_cam
-1.18512 0.0308069 0.10749
Time
1558554794204
Theta
0.287564
t_GA - R_GA * R_AB * t_BA
-1.18643 0.03201 0.0959095
t_wo + t_wo_cam
-1.18643 0.03201 0.0959095
Time
1558554794224
Theta
0.283438
t_GA - R_GA * R_AB * t_BA
-1.18643 0.03201 0.0959095
t_wo + t_wo_cam
-1.18643 0.03201 0.0959095
Time
1558554794245
Theta
0.283438
t_GA - R_GA * R_AB * t_BA
-1.18643 0.03201 0.0959095
t_wo + t_wo_cam
-1.18643 0.03201 0.0959095
Time
1558554794269
Theta
0.283438
t_GA - R_GA * R_AB * t_BA
-1.1865 0.0299009 0.0937041
t_wo + t_wo_cam
-1.18643 0.03201 0.0959095
Time
1558554794290
Theta
0.283438
t_GA - R_GA * R_AB * t_BA
-1.1865 0.0299009 0.0937041
t_wo + t_wo_cam
-1.1865 0.0299009 0.0937041
Time
1558554794310
Theta
0.284374
t_GA - R_GA * R_AB * t_BA
-1.1865 0.0299009 0.0937041
t_wo + t_wo_cam
-1.1865 0.0299009 0.0937041
Time
1558554794335
Theta
0.284374
t_GA - R_GA * R_AB * t_BA
-1.18547 0.024718 0.103257
t_wo + t_wo_cam
-1.1865 0.0299009 0.0937041
Time
1558554794355
Theta
0.284374
t_GA - R_GA * R_AB * t_BA
-1.18547 0.024718 0.103257
t_wo + t_wo_cam
-1.18547 0.024718 0.103257
Time
1558554794376
Theta
0.284114
t_GA - R_GA * R_AB * t_BA
-1.18547 0.024718 0.103257
t_wo + t_wo_cam
-1.18547 0.024718 0.103257
Time
1558554794400
Theta
0.284114
t_GA - R_GA * R_AB * t_BA
-1.18547 0.024718 0.103257
t_wo + t_wo_cam
-1.18547 0.024718 0.103257
Time
1558554794421
Theta
0.284114
t_GA - R_GA * R_AB * t_BA
-1.18496 0.0219005 0.108397
t_wo + t_wo_cam
-1.18547 0.024718 0.103257
Time
1558554794441
Theta
0.284114
t_GA - R_GA * R_AB * t_BA
-1.18496 0.0219005 0.108397
t_wo + t_wo_cam
-1.18496 0.0219005 0.108397
Time
1558554794466
Theta
0.284378
t_GA - R_GA * R_AB * t_BA
-1.18496 0.0219005 0.108397
t_wo + t_wo_cam
-1.18496 0.0219005 0.108397
Time
1558554794486
Theta
0.284378
t_GA - R_GA * R_AB * t_BA
-1.18496 0.0219005 0.108397
t_wo + t_wo_cam
-1.18496 0.0219005 0.108397
Time
1558554794507
Theta
0.284378
t_GA - R_GA * R_AB * t_BA
-1.18684 0.0216364 0.0992987
t_wo + t_wo_cam
-1.18496 0.0219005 0.108397
Time
1558554794531
Theta
0.284378
t_GA - R_GA * R_AB * t_BA
-1.18684 0.0216364 0.0992987
t_wo + t_wo_cam
-1.18684 0.0216364 0.0992987
Time
1558554794552
Theta
0.286639
t_GA - R_GA * R_AB * t_BA
-1.18684 0.0216364 0.0992987
t_wo + t_wo_cam
-1.18684 0.0216364 0.0992987
Time
1558554794572
Theta
0.286639
t_GA - R_GA * R_AB * t_BA
-1.18684 0.0216364 0.0992987
t_wo + t_wo_cam
-1.18684 0.0216364 0.0992987
Time
1558554794597
Theta
0.286639
t_GA - R_GA * R_AB * t_BA
-1.18702 0.0222273 0.0970006
t_wo + t_wo_cam
-1.18684 0.0216364 0.0992987
Time
1558554794617
Theta
0.286639
t_GA - R_GA * R_AB * t_BA
-1.18702 0.0222273 0.0970006
t_wo + t_wo_cam
-1.18702 0.0222273 0.0970006
Time
1558554794638
Theta
0.286332
t_GA - R_GA * R_AB * t_BA
-1.18702 0.0222273 0.0970006
t_wo + t_wo_cam
-1.18702 0.0222273 0.0970006
Time
1558554794662
Theta
0.286332
t_GA - R_GA * R_AB * t_BA
-1.18702 0.0222273 0.0970006
t_wo + t_wo_cam
-1.18702 0.0222273 0.0970006
Time
1558554794683
Theta
0.286332
t_GA - R_GA * R_AB * t_BA
-1.1872 0.00927321 0.0966611
t_wo + t_wo_cam
-1.18702 0.0222273 0.0970006
Time
1558554794703
Theta
0.286332
t_GA - R_GA * R_AB * t_BA
-1.1872 0.00927321 0.0966611
t_wo + t_wo_cam
-1.1872 0.00927321 0.0966611
Time
1558554794728
Theta
0.2844
t_GA - R_GA * R_AB * t_BA
-1.1872 0.00927321 0.0966611
t_wo + t_wo_cam
-1.1872 0.00927321 0.0966611
Time
1558554794748
Theta
0.2844
t_GA - R_GA * R_AB * t_BA
-1.18578 0.00768341 0.10118
t_wo + t_wo_cam
-1.1872 0.00927321 0.0966611
Time
1558554794769
Theta
0.2844
t_GA - R_GA * R_AB * t_BA
-1.18578 0.00768341 0.10118
t_wo + t_wo_cam
-1.18578 0.00768341 0.10118
Time
1558554794793
Theta
0.28665
t_GA - R_GA * R_AB * t_BA
-1.18578 0.00768341 0.10118
t_wo + t_wo_cam
-1.18578 0.00768341 0.10118
Time
1558554794814
Theta
0.28665
t_GA - R_GA * R_AB * t_BA
-1.18578 0.00768341 0.10118
t_wo + t_wo_cam
-1.18578 0.00768341 0.10118
Time
1558554794834
Theta
0.28665
t_GA - R_GA * R_AB * t_BA
-1.18189 0.0163068 0.120185
t_wo + t_wo_cam
-1.18578 0.00768341 0.10118
Time
1558554794859
Theta
0.28665
t_GA - R_GA * R_AB * t_BA
-1.18189 0.0163068 0.120185
t_wo + t_wo_cam
-1.18189 0.0163068 0.120185
Time
1558554794879
Theta
0.284917
t_GA - R_GA * R_AB * t_BA
-1.18189 0.0163068 0.120185
t_wo + t_wo_cam
-1.18189 0.0163068 0.120185
Time
1558554794900
Theta
0.284917
t_GA - R_GA * R_AB * t_BA
-1.18189 0.0163068 0.120185
t_wo + t_wo_cam
-1.18189 0.0163068 0.120185
Time
1558554794924
Theta
0.284917
t_GA - R_GA * R_AB * t_BA
-1.18193 0.0129029 0.119392
t_wo + t_wo_cam
-1.18189 0.0163068 0.120185
Time
1558554794945
Theta
0.284917
t_GA - R_GA * R_AB * t_BA
-1.18193 0.0129029 0.119392
t_wo + t_wo_cam
-1.18193 0.0129029 0.119392
Time
1558554794965
Theta
0.287267
t_GA - R_GA * R_AB * t_BA
-1.18193 0.0129029 0.119392
t_wo + t_wo_cam
-1.18193 0.0129029 0.119392
Time
1558554794990
Theta
0.287267
t_GA - R_GA * R_AB * t_BA
-1.18193 0.0129029 0.119392
t_wo + t_wo_cam
-1.18193 0.0129029 0.119392
Time
1558554795010
Theta
0.287267
t_GA - R_GA * R_AB * t_BA
-1.18091 0.0171733 0.123782
t_wo + t_wo_cam
-1.18193 0.0129029 0.119392
Time
1558554795031
Theta
0.287267
t_GA - R_GA * R_AB * t_BA
-1.18091 0.0171733 0.123782
t_wo + t_wo_cam
-1.18091 0.0171733 0.123782
Time
1558554795051
Theta
0.287776
t_GA - R_GA * R_AB * t_BA
-1.18091 0.0171733 0.123782
t_wo + t_wo_cam
-1.18091 0.0171733 0.123782
Time
1558554795076
Theta
0.287776
t_GA - R_GA * R_AB * t_BA
-1.18091 0.0171733 0.123782
t_wo + t_wo_cam
-1.18091 0.0171733 0.123782
Time
1558554795096
Theta
0.287776
t_GA - R_GA * R_AB * t_BA
-1.18191 0.00396854 0.120034
t_wo + t_wo_cam
-1.18091 0.0171733 0.123782
Time
1558554795117
Theta
0.287776
t_GA - R_GA * R_AB * t_BA
-1.18191 0.00396854 0.120034
t_wo + t_wo_cam
-1.18191 0.00396854 0.120034
Time
1558554795142
Theta
0.287589
t_GA - R_GA * R_AB * t_BA
-1.18191 0.00396854 0.120034
t_wo + t_wo_cam
-1.18191 0.00396854 0.120034
Time
1558554795162
Theta
0.287589
t_GA - R_GA * R_AB * t_BA
-1.16706 -0.24765 -0.0375608
t_wo + t_wo_cam
-1.18191 0.00396854 0.120034
Time
1558554795183
Theta
0.287589
t_GA - R_GA * R_AB * t_BA
-1.16706 -0.24765 -0.0375608
t_wo + t_wo_cam
-1.16706 -0.24765 -0.0375608
Time
1558554795207
Theta
-0.384395
t_GA - R_GA * R_AB * t_BA
-1.16706 -0.24765 -0.0375608
t_wo + t_wo_cam
-1.16706 -0.24765 -0.0375608
Time
1558554795228
Theta
-0.384395
t_GA - R_GA * R_AB * t_BA
-1.16706 -0.24765 -0.0375608
t_wo + t_wo_cam
-1.16706 -0.24765 -0.0375608
Time
1558554795248
Theta
-0.384395
t_GA - R_GA * R_AB * t_BA
-1.10677 -0.443407 -0.0022179
t_wo + t_wo_cam
-1.16706 -0.24765 -0.0375608
Time
1558554795273
Theta
-0.384395
t_GA - R_GA * R_AB * t_BA
-1.10677 -0.443407 -0.0022179
t_wo + t_wo_cam
-1.10677 -0.443407 -0.0022179
Time
1558554795293
Theta
-0.536001
t_GA - R_GA * R_AB * t_BA
-1.10677 -0.443407 -0.0022179
t_wo + t_wo_cam
-1.10677 -0.443407 -0.0022179
Time
1558554795314
Theta
-0.536001
t_GA - R_GA * R_AB * t_BA
-1.10677 -0.443407 -0.0022179
t_wo + t_wo_cam
-1.10677 -0.443407 -0.0022179
Time
1558554795338
Theta
-0.536001
t_GA - R_GA * R_AB * t_BA
-1.10677 -0.443407 -0.0022179
t_wo + t_wo_cam
-1.10677 -0.443407 -0.0022179
Time
1558554795359
Theta
-0.536001
t_GA - R_GA * R_AB * t_BA
-1.10677 -0.443407 -0.0022179
t_wo + t_wo_cam
-1.10677 -0.443407 -0.0022179
Time
1558554795379
Theta
-0.536001
t_GA - R_GA * R_AB * t_BA
-1.10677 -0.443407 -0.0022179
t_wo + t_wo_cam
-1.10677 -0.443407 -0.0022179
Time
1558554795404
Theta
-0.536001
t_GA - R_GA * R_AB * t_BA
-1.10677 -0.443407 -0.0022179
t_wo + t_wo_cam
-1.10677 -0.443407 -0.0022179
Time
1558554795424
Theta
-0.536001
t_GA - R_GA * R_AB * t_BA
-1.10677 -0.443407 -0.0022179
t_wo + t_wo_cam
-1.10677 -0.443407 -0.0022179
Time
1558554795445
Theta
-0.536001
t_GA - R_GA * R_AB * t_BA
-1.10677 -0.443407 -0.0022179
t_wo + t_wo_cam
-1.10677 -0.443407 -0.0022179
Time
1558554795469
Theta
-0.536001
t_GA - R_GA * R_AB * t_BA
-1.10677 -0.443407 -0.0022179
t_wo + t_wo_cam
-1.10677 -0.443407 -0.0022179
Time
1558554795490
Theta
-0.536001
t_GA - R_GA * R_AB * t_BA
-1.10677 -0.443407 -0.0022179
t_wo + t_wo_cam
-1.10677 -0.443407 -0.0022179
Time
1558554795510
Theta
-0.536001
t_GA - R_GA * R_AB * t_BA
-1.10677 -0.443407 -0.0022179
t_wo + t_wo_cam
-1.10677 -0.443407 -0.0022179
Time
1558554795535
Theta
-0.536001
t_GA - R_GA * R_AB * t_BA
-1.10677 -0.443407 -0.0022179
t_wo + t_wo_cam
-1.10677 -0.443407 -0.0022179
Time
1558554795555
Theta
-0.536001
t_GA - R_GA * R_AB * t_BA
-1.10677 -0.443407 -0.0022179
t_wo + t_wo_cam
-1.10677 -0.443407 -0.0022179
Time
1558554795576
Theta
-0.536001
t_GA - R_GA * R_AB * t_BA
-1.10677 -0.443407 -0.0022179
t_wo + t_wo_cam
-1.10677 -0.443407 -0.0022179
Time
1558554795600
Theta
-0.536001
t_GA - R_GA * R_AB * t_BA
-1.10677 -0.443407 -0.0022179
t_wo + t_wo_cam
-1.10677 -0.443407 -0.0022179
Time
1558554795621
Theta
-0.536001
t_GA - R_GA * R_AB * t_BA
-1.10677 -0.443407 -0.0022179
t_wo + t_wo_cam
-1.10677 -0.443407 -0.0022179
Time
1558554795641
Theta
-0.536001
t_GA - R_GA * R_AB * t_BA
-1.10677 -0.443407 -0.0022179
t_wo + t_wo_cam
-1.10677 -0.443407 -0.0022179
Time
1558554795666
Theta
-0.536001
t_GA - R_GA * R_AB * t_BA
-1.10677 -0.443407 -0.0022179
t_wo + t_wo_cam
-1.10677 -0.443407 -0.0022179
Time
1558554795686
Theta
-0.536001
t_GA - R_GA * R_AB * t_BA
-1.10677 -0.443407 -0.0022179
t_wo + t_wo_cam
-1.10677 -0.443407 -0.0022179
Time
1558554795707
Theta
-0.536001
t_GA - R_GA * R_AB * t_BA
-1.10677 -0.443407 -0.0022179
t_wo + t_wo_cam
-1.10677 -0.443407 -0.0022179
Time
1558554795731
Theta
-0.536001
t_GA - R_GA * R_AB * t_BA
0.200112 0.273995 1.03328
t_wo + t_wo_cam
-1.10677 -0.443407 -0.0022179
Time
1558554795752
Theta
-0.536001
t_GA - R_GA * R_AB * t_BA
0.200112 0.273995 1.03328
t_wo + t_wo_cam
0.200112 0.273995 1.03328
Time
1558554795772
Theta
2.79553
t_GA - R_GA * R_AB * t_BA
0.200112 0.273995 1.03328
t_wo + t_wo_cam
0.200112 0.273995 1.03328
Time
1558554795797
Theta
2.79553
t_GA - R_GA * R_AB * t_BA
0.200112 0.273995 1.03328
t_wo + t_wo_cam
0.200112 0.273995 1.03328
Time
1558554795817
Theta
2.79553
t_GA - R_GA * R_AB * t_BA
0.200112 0.273995 1.03328
t_wo + t_wo_cam
0.200112 0.273995 1.03328
Time
1558554795838
Theta
2.79553
t_GA - R_GA * R_AB * t_BA
0.200112 0.273995 1.03328
t_wo + t_wo_cam
0.200112 0.273995 1.03328
Time
1558554795862
Theta
2.79553
t_GA - R_GA * R_AB * t_BA
0.200112 0.273995 1.03328
t_wo + t_wo_cam
0.200112 0.273995 1.03328
Time
1558554795883
Theta
2.79553
t_GA - R_GA * R_AB * t_BA
0.200112 0.273995 1.03328
t_wo + t_wo_cam
0.200112 0.273995 1.03328
Time
1558554795903
Theta
2.79553
t_GA - R_GA * R_AB * t_BA
0.200112 0.273995 1.03328
t_wo + t_wo_cam
0.200112 0.273995 1.03328
Time
1558554795928
Theta
2.79553
t_GA - R_GA * R_AB * t_BA
0.200112 0.273995 1.03328
t_wo + t_wo_cam
0.200112 0.273995 1.03328
Time
1558554795948
Theta
2.79553
t_GA - R_GA * R_AB * t_BA
0.200112 0.273995 1.03328
t_wo + t_wo_cam
0.200112 0.273995 1.03328
Time
1558554795969
Theta
2.79553
t_GA - R_GA * R_AB * t_BA
0.200112 0.273995 1.03328
t_wo + t_wo_cam
0.200112 0.273995 1.03328
Time
1558554795994
Theta
2.79553
t_GA - R_GA * R_AB * t_BA
0.200112 0.273995 1.03328
t_wo + t_wo_cam
0.200112 0.273995 1.03328
Time
1558554796014
Theta
2.79553
t_GA - R_GA * R_AB * t_BA
0.200112 0.273995 1.03328
t_wo + t_wo_cam
0.200112 0.273995 1.03328
Time
1558554796035
Theta
2.79553
t_GA - R_GA * R_AB * t_BA
0.200112 0.273995 1.03328
t_wo + t_wo_cam
0.200112 0.273995 1.03328
Time
1558554796059
Theta
2.79553
t_GA - R_GA * R_AB * t_BA
0.200112 0.273995 1.03328
t_wo + t_wo_cam
0.200112 0.273995 1.03328
Time
1558554796079
Theta
2.79553
t_GA - R_GA * R_AB * t_BA
0.200112 0.273995 1.03328
t_wo + t_wo_cam
0.200112 0.273995 1.03328
Time
1558554796100
Theta
2.79553
t_GA - R_GA * R_AB * t_BA
0.200112 0.273995 1.03328
t_wo + t_wo_cam
0.200112 0.273995 1.03328
Time
1558554796125
Theta
2.79553
t_GA - R_GA * R_AB * t_BA
0.200112 0.273995 1.03328
t_wo + t_wo_cam
0.200112 0.273995 1.03328
Time
1558554796145
Theta
2.79553
t_GA - R_GA * R_AB * t_BA
0.200112 0.273995 1.03328
t_wo + t_wo_cam
0.200112 0.273995 1.03328
Time
1558554796165
Theta
2.79553
t_GA - R_GA * R_AB * t_BA
0.200112 0.273995 1.03328
t_wo + t_wo_cam
0.200112 0.273995 1.03328
Time
1558554796190
Theta
2.79553
t_GA - R_GA * R_AB * t_BA
0.200112 0.273995 1.03328
t_wo + t_wo_cam
0.200112 0.273995 1.03328
Time
1558554796211
Theta
2.79553
t_GA - R_GA * R_AB * t_BA
0.200112 0.273995 1.03328
t_wo + t_wo_cam
0.200112 0.273995 1.03328
Time
1558554796231
Theta
2.79553
t_GA - R_GA * R_AB * t_BA
0.200112 0.273995 1.03328
t_wo + t_wo_cam
0.200112 0.273995 1.03328
Time
1558554796256
Theta
2.79553
t_GA - R_GA * R_AB * t_BA
0.200112 0.273995 1.03328
t_wo + t_wo_cam
0.200112 0.273995 1.03328
Time
1558554796276
Theta
2.79553
t_GA - R_GA * R_AB * t_BA
0.200112 0.273995 1.03328
t_wo + t_wo_cam
0.200112 0.273995 1.03328
Time
1558554796297
Theta
2.79553
t_GA - R_GA * R_AB * t_BA
0.200112 0.273995 1.03328
t_wo + t_wo_cam
0.200112 0.273995 1.03328
Time
1558554796321
Theta
2.79553
t_GA - R_GA * R_AB * t_BA
0.200112 0.273995 1.03328
t_wo + t_wo_cam
0.200112 0.273995 1.03328
Time
1558554796342
Theta
2.79553
t_GA - R_GA * R_AB * t_BA
0.200112 0.273995 1.03328
t_wo + t_wo_cam
0.200112 0.273995 1.03328
Time
1558554796362
Theta
2.79553
t_GA - R_GA * R_AB * t_BA
0.200112 0.273995 1.03328
t_wo + t_wo_cam
0.200112 0.273995 1.03328
Time
1558554796387
Theta
2.79553
t_GA - R_GA * R_AB * t_BA
0.200112 0.273995 1.03328
t_wo + t_wo_cam
0.200112 0.273995 1.03328
Time
1558554796407
Theta
2.79553
t_GA - R_GA * R_AB * t_BA
0.200112 0.273995 1.03328
t_wo + t_wo_cam
0.200112 0.273995 1.03328
Time
1558554796428
Theta
2.79553
t_GA - R_GA * R_AB * t_BA
0.200112 0.273995 1.03328
t_wo + t_wo_cam
0.200112 0.273995 1.03328
Time
1558554796452
Theta
2.79553
t_GA - R_GA * R_AB * t_BA
0.200112 0.273995 1.03328
t_wo + t_wo_cam
0.200112 0.273995 1.03328
Time
1558554796473
Theta
2.79553
t_GA - R_GA * R_AB * t_BA
0.200112 0.273995 1.03328
t_wo + t_wo_cam
0.200112 0.273995 1.03328
Time
1558554796493
Theta
2.79553
t_GA - R_GA * R_AB * t_BA
0.200112 0.273995 1.03328
t_wo + t_wo_cam
0.200112 0.273995 1.03328
Time
1558554796518
Theta
2.79553
t_GA - R_GA * R_AB * t_BA
0.200112 0.273995 1.03328
t_wo + t_wo_cam
0.200112 0.273995 1.03328
Time
1558554796538
Theta
2.79553
t_GA - R_GA * R_AB * t_BA
0.200112 0.273995 1.03328
t_wo + t_wo_cam
0.200112 0.273995 1.03328
Time
1558554796559
Theta
2.79553
t_GA - R_GA * R_AB * t_BA
0.200112 0.273995 1.03328
t_wo + t_wo_cam
0.200112 0.273995 1.03328
Time
1558554796583
Theta
2.79553
t_GA - R_GA * R_AB * t_BA
0.200112 0.273995 1.03328
t_wo + t_wo_cam
0.200112 0.273995 1.03328
Time
1558554796604
Theta
2.79553
t_GA - R_GA * R_AB * t_BA
0.200112 0.273995 1.03328
t_wo + t_wo_cam
0.200112 0.273995 1.03328
Time
1558554796624
Theta
2.79553
t_GA - R_GA * R_AB * t_BA
0.200112 0.273995 1.03328
t_wo + t_wo_cam
0.200112 0.273995 1.03328
Time
1558554796649
Theta
2.79553
t_GA - R_GA * R_AB * t_BA
0.200112 0.273995 1.03328
t_wo + t_wo_cam
0.200112 0.273995 1.03328
Time
1558554796669
Theta
2.79553
t_GA - R_GA * R_AB * t_BA
0.200112 0.273995 1.03328
t_wo + t_wo_cam
0.200112 0.273995 1.03328
Time
1558554796690
Theta
2.79553
t_GA - R_GA * R_AB * t_BA
0.200112 0.273995 1.03328
t_wo + t_wo_cam
0.200112 0.273995 1.03328
Time
1558554796754
Theta
2.79553
t_GA - R_GA * R_AB * t_BA
0.200112 0.273995 1.03328
t_wo + t_wo_cam
0.200112 0.273995 1.03328
Time
1558554796754
Theta
2.79553
t_GA - R_GA * R_AB * t_BA
0.200112 0.273995 1.03328
t_wo + t_wo_cam
0.200112 0.273995 1.03328
Time
1558554796756
Theta
2.79553
t_GA - R_GA * R_AB * t_BA
0.200112 0.273995 1.03328
t_wo + t_wo_cam
0.200112 0.273995 1.03328
Time
1558554796780
Theta
2.79553
t_GA - R_GA * R_AB * t_BA
0.200112 0.273995 1.03328
t_wo + t_wo_cam
0.200112 0.273995 1.03328
Time
1558554796800
Theta
2.79553
t_GA - R_GA * R_AB * t_BA
0.200112 0.273995 1.03328
t_wo + t_wo_cam
0.200112 0.273995 1.03328
Time
1558554796821
Theta
2.79553
t_GA - R_GA * R_AB * t_BA
0.200112 0.273995 1.03328
t_wo + t_wo_cam
0.200112 0.273995 1.03328
Time
1558554796845
Theta
2.79553
t_GA - R_GA * R_AB * t_BA
0.200112 0.273995 1.03328
t_wo + t_wo_cam
0.200112 0.273995 1.03328
Time
1558554796866
Theta
2.79553
t_GA - R_GA * R_AB * t_BA
0.200112 0.273995 1.03328
t_wo + t_wo_cam
0.200112 0.273995 1.03328
Time
1558554796886
Theta
2.79553
t_GA - R_GA * R_AB * t_BA
0.200112 0.273995 1.03328
t_wo + t_wo_cam
0.200112 0.273995 1.03328
Time
1558554796907
Theta
2.79553
t_GA - R_GA * R_AB * t_BA
0.200112 0.273995 1.03328
t_wo + t_wo_cam
0.200112 0.273995 1.03328
Time
1558554796931
Theta
2.79553
t_GA - R_GA * R_AB * t_BA
0.200112 0.273995 1.03328
t_wo + t_wo_cam
0.200112 0.273995 1.03328
Time
1558554796952
Theta
2.79553
t_GA - R_GA * R_AB * t_BA
0.200112 0.273995 1.03328
t_wo + t_wo_cam
0.200112 0.273995 1.03328
Time
1558554796972
Theta
2.79553
t_GA - R_GA * R_AB * t_BA
0.200112 0.273995 1.03328
t_wo + t_wo_cam
0.200112 0.273995 1.03328
Time
1558554796999
Theta
2.79553
t_GA - R_GA * R_AB * t_BA
0.200112 0.273995 1.03328
t_wo + t_wo_cam
0.200112 0.273995 1.03328
Time
1558554797017
Theta
2.79553
t_GA - R_GA * R_AB * t_BA
0.200112 0.273995 1.03328
t_wo + t_wo_cam
0.200112 0.273995 1.03328
Time
1558554797038
Theta
2.79553
t_GA - R_GA * R_AB * t_BA
0.200112 0.273995 1.03328
t_wo + t_wo_cam
0.200112 0.273995 1.03328
Time
1558554797065
Theta
2.79553
t_GA - R_GA * R_AB * t_BA
0.200112 0.273995 1.03328
t_wo + t_wo_cam
0.200112 0.273995 1.03328
Time
1558554797083
Theta
2.79553
t_GA - R_GA * R_AB * t_BA
0.200112 0.273995 1.03328
t_wo + t_wo_cam
0.200112 0.273995 1.03328
Time
1558554797103
Theta
2.79553
t_GA - R_GA * R_AB * t_BA
0.200112 0.273995 1.03328
t_wo + t_wo_cam
0.200112 0.273995 1.03328
Time
1558554797128
Theta
2.79553
t_GA - R_GA * R_AB * t_BA
0.200112 0.273995 1.03328
t_wo + t_wo_cam
0.200112 0.273995 1.03328
Time
1558554797148
Theta
2.79553
t_GA - R_GA * R_AB * t_BA
0.200112 0.273995 1.03328
t_wo + t_wo_cam
0.200112 0.273995 1.03328
Time
1558554797169
Theta
2.79553
t_GA - R_GA * R_AB * t_BA
0.200112 0.273995 1.03328
t_wo + t_wo_cam
0.200112 0.273995 1.03328
Time
1558554797194
Theta
2.79553
t_GA - R_GA * R_AB * t_BA
0.200112 0.273995 1.03328
t_wo + t_wo_cam
0.200112 0.273995 1.03328
Time
1558554797216
Theta
2.79553
t_GA - R_GA * R_AB * t_BA
0.200112 0.273995 1.03328
t_wo + t_wo_cam
0.200112 0.273995 1.03328
Time
1558554797234
Theta
2.79553
t_GA - R_GA * R_AB * t_BA
0.200112 0.273995 1.03328
t_wo + t_wo_cam
0.200112 0.273995 1.03328
Time
1558554797259
Theta
2.79553
t_GA - R_GA * R_AB * t_BA
0.200112 0.273995 1.03328
t_wo + t_wo_cam
0.200112 0.273995 1.03328
Time
1558554797280
Theta
2.79553
t_GA - R_GA * R_AB * t_BA
0.200112 0.273995 1.03328
t_wo + t_wo_cam
0.200112 0.273995 1.03328
Time
1558554797300
Theta
2.79553
t_GA - R_GA * R_AB * t_BA
0.200112 0.273995 1.03328
t_wo + t_wo_cam
0.200112 0.273995 1.03328
Time
1558554797325
Theta
2.79553
t_GA - R_GA * R_AB * t_BA
0.200112 0.273995 1.03328
t_wo + t_wo_cam
0.200112 0.273995 1.03328
Time
1558554797345
Theta
2.79553
t_GA - R_GA * R_AB * t_BA
0.200112 0.273995 1.03328
t_wo + t_wo_cam
0.200112 0.273995 1.03328
Time
1558554797366
Theta
2.79553
t_GA - R_GA * R_AB * t_BA
0.200112 0.273995 1.03328
t_wo + t_wo_cam
0.200112 0.273995 1.03328
Time
1558554797390
Theta
2.79553
t_GA - R_GA * R_AB * t_BA
0.200112 0.273995 1.03328
t_wo + t_wo_cam
0.200112 0.273995 1.03328
Time
1558554797411
Theta
2.79553
t_GA - R_GA * R_AB * t_BA
0.200112 0.273995 1.03328
t_wo + t_wo_cam
0.200112 0.273995 1.03328
Time
1558554797431
Theta
2.79553
t_GA - R_GA * R_AB * t_BA
0.200112 0.273995 1.03328
t_wo + t_wo_cam
0.200112 0.273995 1.03328
Time
1558554797456
Theta
2.79553
t_GA - R_GA * R_AB * t_BA
0.200112 0.273995 1.03328
t_wo + t_wo_cam
0.200112 0.273995 1.03328
Time
1558554797476
Theta
2.79553
t_GA - R_GA * R_AB * t_BA
0.200112 0.273995 1.03328
t_wo + t_wo_cam
0.200112 0.273995 1.03328
Time
1558554797497
Theta
2.79553
t_GA - R_GA * R_AB * t_BA
0.200112 0.273995 1.03328
t_wo + t_wo_cam
0.200112 0.273995 1.03328
Time
1558554797521
Theta
2.79553
t_GA - R_GA * R_AB * t_BA
0.200112 0.273995 1.03328
t_wo + t_wo_cam
0.200112 0.273995 1.03328
Time
1558554797542
Theta
2.79553
t_GA - R_GA * R_AB * t_BA
0.200112 0.273995 1.03328
t_wo + t_wo_cam
0.200112 0.273995 1.03328
Time
1558554797562
Theta
2.79553
t_GA - R_GA * R_AB * t_BA
0.200112 0.273995 1.03328
t_wo + t_wo_cam
0.200112 0.273995 1.03328
Time
1558554797587
Theta
2.79553
t_GA - R_GA * R_AB * t_BA
0.200112 0.273995 1.03328
t_wo + t_wo_cam
0.200112 0.273995 1.03328
Time
1558554797607
Theta
2.79553
t_GA - R_GA * R_AB * t_BA
0.200112 0.273995 1.03328
t_wo + t_wo_cam
0.200112 0.273995 1.03328
Time
1558554797628
Theta
2.79553
t_GA - R_GA * R_AB * t_BA
0.200112 0.273995 1.03328
t_wo + t_wo_cam
0.200112 0.273995 1.03328
Time
1558554797652
Theta
2.79553
t_GA - R_GA * R_AB * t_BA
0.200112 0.273995 1.03328
t_wo + t_wo_cam
0.200112 0.273995 1.03328
Time
1558554797673
Theta
2.79553
t_GA - R_GA * R_AB * t_BA
0.200112 0.273995 1.03328
t_wo + t_wo_cam
0.200112 0.273995 1.03328
Time
1558554797693
Theta
2.79553
t_GA - R_GA * R_AB * t_BA
0.200112 0.273995 1.03328
t_wo + t_wo_cam
0.200112 0.273995 1.03328
Time
1558554797718
Theta
2.79553
t_GA - R_GA * R_AB * t_BA
0.200112 0.273995 1.03328
t_wo + t_wo_cam
0.200112 0.273995 1.03328
Time
1558554797738
Theta
2.79553
t_GA - R_GA * R_AB * t_BA
0.200112 0.273995 1.03328
t_wo + t_wo_cam
0.200112 0.273995 1.03328
Time
1558554797759
Theta
2.79553
t_GA - R_GA * R_AB * t_BA
0.200112 0.273995 1.03328
t_wo + t_wo_cam
0.200112 0.273995 1.03328
Time
1558554797783
Theta
2.79553
t_GA - R_GA * R_AB * t_BA
0.200112 0.273995 1.03328
t_wo + t_wo_cam
0.200112 0.273995 1.03328
Time
1558554797804
Theta
2.79553
t_GA - R_GA * R_AB * t_BA
0.200112 0.273995 1.03328
t_wo + t_wo_cam
0.200112 0.273995 1.03328
Time
1558554797824
Theta
2.79553
t_GA - R_GA * R_AB * t_BA
0.200112 0.273995 1.03328
t_wo + t_wo_cam
0.200112 0.273995 1.03328
Time
1558554797849
Theta
2.79553
t_GA - R_GA * R_AB * t_BA
0.200112 0.273995 1.03328
t_wo + t_wo_cam
0.200112 0.273995 1.03328
Time
1558554797869
Theta
2.79553
t_GA - R_GA * R_AB * t_BA
0.200112 0.273995 1.03328
t_wo + t_wo_cam
0.200112 0.273995 1.03328
Time
1558554797890
Theta
2.79553
t_GA - R_GA * R_AB * t_BA
0.200112 0.273995 1.03328
t_wo + t_wo_cam
0.200112 0.273995 1.03328
Time
1558554797914
Theta
2.79553
t_GA - R_GA * R_AB * t_BA
0.200112 0.273995 1.03328
t_wo + t_wo_cam
0.200112 0.273995 1.03328
Time
1558554797935
Theta
2.79553
t_GA - R_GA * R_AB * t_BA
0.200112 0.273995 1.03328
t_wo + t_wo_cam
0.200112 0.273995 1.03328
Time
1558554797955
Theta
2.79553
t_GA - R_GA * R_AB * t_BA
0.200112 0.273995 1.03328
t_wo + t_wo_cam
0.200112 0.273995 1.03328
Time
1558554797980
Theta
2.79553
t_GA - R_GA * R_AB * t_BA
0.200112 0.273995 1.03328
t_wo + t_wo_cam
0.200112 0.273995 1.03328
Time
1558554798000
Theta
2.79553
t_GA - R_GA * R_AB * t_BA
0.200112 0.273995 1.03328
t_wo + t_wo_cam
0.200112 0.273995 1.03328
Time
1558554798021
Theta
2.79553
t_GA - R_GA * R_AB * t_BA
0.200112 0.273995 1.03328
t_wo + t_wo_cam
0.200112 0.273995 1.03328
Time
1558554798045
Theta
2.79553
t_GA - R_GA * R_AB * t_BA
0.200112 0.273995 1.03328
t_wo + t_wo_cam
0.200112 0.273995 1.03328
Time
1558554798066
Theta
2.79553
t_GA - R_GA * R_AB * t_BA
0.200112 0.273995 1.03328
t_wo + t_wo_cam
0.200112 0.273995 1.03328
Time
1558554798086
Theta
2.79553
t_GA - R_GA * R_AB * t_BA
0.200112 0.273995 1.03328
t_wo + t_wo_cam
0.200112 0.273995 1.03328
Time
1558554798111
Theta
2.79553
t_GA - R_GA * R_AB * t_BA
0.200112 0.273995 1.03328
t_wo + t_wo_cam
0.200112 0.273995 1.03328
Time
1558554798132
Theta
2.79553
t_GA - R_GA * R_AB * t_BA
0.200112 0.273995 1.03328
t_wo + t_wo_cam
0.200112 0.273995 1.03328
Time
1558554798152
Theta
2.79553
t_GA - R_GA * R_AB * t_BA
0.200112 0.273995 1.03328
t_wo + t_wo_cam
0.200112 0.273995 1.03328
Time
1558554798177
Theta
2.79553
t_GA - R_GA * R_AB * t_BA
0.200112 0.273995 1.03328
t_wo + t_wo_cam
0.200112 0.273995 1.03328
Time
1558554798197
Theta
2.79553
t_GA - R_GA * R_AB * t_BA
0.200112 0.273995 1.03328
t_wo + t_wo_cam
0.200112 0.273995 1.03328
Time
1558554798217
Theta
2.79553
t_GA - R_GA * R_AB * t_BA
0.200112 0.273995 1.03328
t_wo + t_wo_cam
0.200112 0.273995 1.03328
Time
1558554798242
Theta
2.79553
t_GA - R_GA * R_AB * t_BA
0.200112 0.273995 1.03328
t_wo + t_wo_cam
0.200112 0.273995 1.03328
Time
1558554798263
Theta
2.79553
t_GA - R_GA * R_AB * t_BA
0.200112 0.273995 1.03328
t_wo + t_wo_cam
0.200112 0.273995 1.03328
Time
1558554798283
Theta
2.79553
t_GA - R_GA * R_AB * t_BA
0.200112 0.273995 1.03328
t_wo + t_wo_cam
0.200112 0.273995 1.03328
Time
1558554798308
Theta
2.79553
t_GA - R_GA * R_AB * t_BA
0.200112 0.273995 1.03328
t_wo + t_wo_cam
0.200112 0.273995 1.03328
Time
1558554798328
Theta
2.79553
t_GA - R_GA * R_AB * t_BA
0.200112 0.273995 1.03328
t_wo + t_wo_cam
0.200112 0.273995 1.03328
Time
1558554798349
Theta
2.79553
