t_GA - R_GA * R_AB * t_BA
0 0 0
t_wo + t_wo_cam
0.9 0 0
Time
1558543835611
Theta
0
t_GA - R_GA * R_AB * t_BA
0 0 0
t_wo + t_wo_cam
0.9 0 0
Time
1558543835611
Theta
0
t_GA - R_GA * R_AB * t_BA
0 0 0
t_wo + t_wo_cam
0.9 0 0
Time
1558543835611
Theta
0
t_GA - R_GA * R_AB * t_BA
0 0 0
t_wo + t_wo_cam
0.9 0 0
Time
1558543835611
Theta
0
t_GA - R_GA * R_AB * t_BA
0 0 0
t_wo + t_wo_cam
0.9 0 0
Time
1558543835612
Theta
0
t_GA - R_GA * R_AB * t_BA
0 0 0
t_wo + t_wo_cam
0.9 0 0
Time
1558543835612
Theta
0
t_GA - R_GA * R_AB * t_BA
0 0 0
t_wo + t_wo_cam
0.9 0 0
Time
1558543835612
Theta
0
t_GA - R_GA * R_AB * t_BA
0 0 0
t_wo + t_wo_cam
0.9 0 0
Time
1558543835612
Theta
0
t_GA - R_GA * R_AB * t_BA
0 0 0
t_wo + t_wo_cam
0.9 0 0
Time
1558543835612
Theta
0
t_GA - R_GA * R_AB * t_BA
0 0 0
t_wo + t_wo_cam
0.9 0 0
Time
1558543835612
Theta
0
t_GA - R_GA * R_AB * t_BA
0 0 0
t_wo + t_wo_cam
0.9 0 0
Time
1558543835612
Theta
0
t_GA - R_GA * R_AB * t_BA
0 0 0
t_wo + t_wo_cam
0.9 0 0
Time
1558543835612
Theta
0
t_GA - R_GA * R_AB * t_BA
0 0 0
t_wo + t_wo_cam
0.9 0 0
Time
1558543835617
Theta
0
t_GA - R_GA * R_AB * t_BA
0 0 0
t_wo + t_wo_cam
0.9 0 0
Time
1558543835642
Theta
0
t_GA - R_GA * R_AB * t_BA
0 0 0
t_wo + t_wo_cam
0.9 0 0
Time
1558543835667
Theta
0
t_GA - R_GA * R_AB * t_BA
0 0 0
t_wo + t_wo_cam
0.9 0 0
Time
1558543835687
Theta
0
t_GA - R_GA * R_AB * t_BA
0 0 0
t_wo + t_wo_cam
0.9 0 0
Time
1558543835712
Theta
0
t_GA - R_GA * R_AB * t_BA
0 0 0
t_wo + t_wo_cam
0.9 0 0
Time
1558543835736
Theta
0
t_GA - R_GA * R_AB * t_BA
0 0 0
t_wo + t_wo_cam
0.9 0 0
Time
1558543835761
Theta
0
t_GA - R_GA * R_AB * t_BA
0 0 0
t_wo + t_wo_cam
0.9 0 0
Time
1558543835785
Theta
0
t_GA - R_GA * R_AB * t_BA
0 0 0
t_wo + t_wo_cam
0.9 0 0
Time
1558543835810
Theta
0
t_GA - R_GA * R_AB * t_BA
0 0 0
t_wo + t_wo_cam
0.9 0 0
Time
1558543835830
Theta
0
t_GA - R_GA * R_AB * t_BA
0 0 0
t_wo + t_wo_cam
0.9 0 0
Time
1558543835855
Theta
0
t_GA - R_GA * R_AB * t_BA
0 0 0
t_wo + t_wo_cam
0.9 0 0
Time
1558543835879
Theta
0
t_GA - R_GA * R_AB * t_BA
0 0 0
t_wo + t_wo_cam
0.9 0 0
Time
1558543835904
Theta
0
t_GA - R_GA * R_AB * t_BA
0 0 0
t_wo + t_wo_cam
0.9 0 0
Time
1558543835929
Theta
0
t_GA - R_GA * R_AB * t_BA
0 0 0
t_wo + t_wo_cam
0.9 0 0
Time
1558543835953
Theta
0
t_GA - R_GA * R_AB * t_BA
0 0 0
t_wo + t_wo_cam
0.9 0 0
Time
1558543835974
Theta
0
t_GA - R_GA * R_AB * t_BA
0 0 0
t_wo + t_wo_cam
0.9 0 0
Time
1558543835998
Theta
0
t_GA - R_GA * R_AB * t_BA
0 0 0
t_wo + t_wo_cam
0.9 0 0
Time
1558543836023
Theta
0
t_GA - R_GA * R_AB * t_BA
0 0 0
t_wo + t_wo_cam
0.9 0 0
Time
1558543836048
Theta
0
t_GA - R_GA * R_AB * t_BA
0 0 0
t_wo + t_wo_cam
0.9 0 0
Time
1558543836072
Theta
0
t_GA - R_GA * R_AB * t_BA
0 0 0
t_wo + t_wo_cam
0.9 0 0
Time
1558543836096
Theta
0
t_GA - R_GA * R_AB * t_BA
0 0 0
t_wo + t_wo_cam
0.9 0 0
Time
1558543836117
Theta
0
t_GA - R_GA * R_AB * t_BA
0 0 0
t_wo + t_wo_cam
0.9 0 0
Time
1558543836142
Theta
0
t_GA - R_GA * R_AB * t_BA
0 0 0
t_wo + t_wo_cam
0.9 0 0
Time
1558543836166
Theta
0
t_GA - R_GA * R_AB * t_BA
0 0 0
t_wo + t_wo_cam
0.9 0 0
Time
1558543836191
Theta
0
t_GA - R_GA * R_AB * t_BA
0 0 0
t_wo + t_wo_cam
0.9 0 0
Time
1558543836215
Theta
0
t_GA - R_GA * R_AB * t_BA
0 0 0
t_wo + t_wo_cam
0.9 0 0
Time
1558543836240
Theta
0
t_GA - R_GA * R_AB * t_BA
0 0 0
t_wo + t_wo_cam
0.9 0 0
Time
1558543836260
Theta
0
t_GA - R_GA * R_AB * t_BA
0 0 0
t_wo + t_wo_cam
0.9 0 0
Time
1558543836285
Theta
0
t_GA - R_GA * R_AB * t_BA
0 0 0
t_wo + t_wo_cam
0.9 0 0
Time
1558543836309
Theta
0
t_GA - R_GA * R_AB * t_BA
0 0 0
t_wo + t_wo_cam
0.9 0 0
Time
1558543836334
Theta
0
t_GA - R_GA * R_AB * t_BA
0 0 0
t_wo + t_wo_cam
0.9 0 0
Time
1558543836359
Theta
0
t_GA - R_GA * R_AB * t_BA
0 0 0
t_wo + t_wo_cam
0.9 0 0
Time
1558543836383
Theta
0
t_GA - R_GA * R_AB * t_BA
0 0 0
t_wo + t_wo_cam
0.9 0 0
Time
1558543836408
Theta
0
t_GA - R_GA * R_AB * t_BA
0 0 0
t_wo + t_wo_cam
0.9 0 0
Time
1558543836428
Theta
0
t_GA - R_GA * R_AB * t_BA
0 0 0
t_wo + t_wo_cam
0.9 0 0
Time
1558543836453
Theta
0
t_GA - R_GA * R_AB * t_BA
0 0 0
t_wo + t_wo_cam
0.9 0 0
Time
1558543836477
Theta
0
t_GA - R_GA * R_AB * t_BA
0 0 0
t_wo + t_wo_cam
0.9 0 0
Time
1558543836502
Theta
0
t_GA - R_GA * R_AB * t_BA
0 0 0
t_wo + t_wo_cam
0.9 0 0
Time
1558543836527
Theta
0
t_GA - R_GA * R_AB * t_BA
0 0 0
t_wo + t_wo_cam
0.9 0 0
Time
1558543836551
Theta
0
t_GA - R_GA * R_AB * t_BA
0 0 0
t_wo + t_wo_cam
0.9 0 0
Time
1558543836572
Theta
0
t_GA - R_GA * R_AB * t_BA
0 0 0
t_wo + t_wo_cam
0.9 0 0
Time
1558543836596
Theta
0
t_GA - R_GA * R_AB * t_BA
0 0 0
t_wo + t_wo_cam
0.9 0 0
Time
1558543836621
Theta
0
t_GA - R_GA * R_AB * t_BA
0 0 0
t_wo + t_wo_cam
0.9 0 0
Time
1558543836645
Theta
0
t_GA - R_GA * R_AB * t_BA
0 0 0
t_wo + t_wo_cam
0.9 0 0
Time
1558543836670
Theta
0
t_GA - R_GA * R_AB * t_BA
0 0 0
t_wo + t_wo_cam
0.9 0 0
Time
1558543836695
Theta
0
t_GA - R_GA * R_AB * t_BA
0 0 0
t_wo + t_wo_cam
0.9 0 0
Time
1558543836715
Theta
0
t_GA - R_GA * R_AB * t_BA
0 0 0
t_wo + t_wo_cam
0.9 0 0
Time
1558543836740
Theta
0
t_GA - R_GA * R_AB * t_BA
0 0 0
t_wo + t_wo_cam
0.9 0 0
Time
1558543836764
Theta
0
t_GA - R_GA * R_AB * t_BA
0 0 0
t_wo + t_wo_cam
0.9 0 0
Time
1558543836789
Theta
0
t_GA - R_GA * R_AB * t_BA
0 0 0
t_wo + t_wo_cam
0.9 0 0
Time
1558543836813
Theta
0
t_GA - R_GA * R_AB * t_BA
0 0 0
t_wo + t_wo_cam
0.9 0 0
Time
1558543836838
Theta
0
t_GA - R_GA * R_AB * t_BA
0 0 0
t_wo + t_wo_cam
0.9 0 0
Time
1558543836858
Theta
0
t_GA - R_GA * R_AB * t_BA
0 0 0
t_wo + t_wo_cam
0.9 0 0
Time
1558543836883
Theta
0
t_GA - R_GA * R_AB * t_BA
0 0 0
t_wo + t_wo_cam
0.9 0 0
Time
1558543836907
Theta
0
t_GA - R_GA * R_AB * t_BA
0 0 0
t_wo + t_wo_cam
0.9 0 0
Time
1558543836932
Theta
0
t_GA - R_GA * R_AB * t_BA
0 0 0
t_wo + t_wo_cam
0.9 0 0
Time
1558543836957
Theta
0
t_GA - R_GA * R_AB * t_BA
0 0 0
t_wo + t_wo_cam
0.9 0 0
Time
1558543836981
Theta
0
t_GA - R_GA * R_AB * t_BA
0 0 0
t_wo + t_wo_cam
0.9 0 0
Time
1558543837002
Theta
0
t_GA - R_GA * R_AB * t_BA
0 0 0
t_wo + t_wo_cam
0.9 0 0
Time
1558543837026
Theta
0
t_GA - R_GA * R_AB * t_BA
0 0 0
t_wo + t_wo_cam
0.9 0 0
Time
1558543837051
Theta
0
t_GA - R_GA * R_AB * t_BA
0 0 0
t_wo + t_wo_cam
0.9 0 0
Time
1558543837075
Theta
0
t_GA - R_GA * R_AB * t_BA
0 0 0
t_wo + t_wo_cam
0.9 0 0
Time
1558543837100
Theta
0
t_GA - R_GA * R_AB * t_BA
0 0 0
t_wo + t_wo_cam
0.9 0 0
Time
1558543837125
Theta
0
t_GA - R_GA * R_AB * t_BA
0 0 0
t_wo + t_wo_cam
0.9 0 0
Time
1558543837145
Theta
0
t_GA - R_GA * R_AB * t_BA
0 0 0
t_wo + t_wo_cam
0.9 0 0
Time
1558543837170
Theta
0
t_GA - R_GA * R_AB * t_BA
0 0 0
t_wo + t_wo_cam
0.9 0 0
Time
1558543837194
Theta
0
t_GA - R_GA * R_AB * t_BA
0 0 0
t_wo + t_wo_cam
0.9 0 0
Time
1558543837219
Theta
0
t_GA - R_GA * R_AB * t_BA
0 0 0
t_wo + t_wo_cam
0.9 0 0
Time
1558543837243
Theta
0
t_GA - R_GA * R_AB * t_BA
0 0 0
t_wo + t_wo_cam
0.9 0 0
Time
1558543837268
Theta
0
t_GA - R_GA * R_AB * t_BA
0 0 0
t_wo + t_wo_cam
0.9 0 0
Time
1558543837288
Theta
0
t_GA - R_GA * R_AB * t_BA
0 0 0
t_wo + t_wo_cam
0.9 0 0
Time
1558543837313
Theta
0
t_GA - R_GA * R_AB * t_BA
0 0 0
t_wo + t_wo_cam
0.9 0 0
Time
1558543837338
Theta
0
t_GA - R_GA * R_AB * t_BA
0 0 0
t_wo + t_wo_cam
0.9 0 0
Time
1558543837362
Theta
0
t_GA - R_GA * R_AB * t_BA
0 0 0
t_wo + t_wo_cam
0.9 0 0
Time
1558543837387
Theta
0
t_GA - R_GA * R_AB * t_BA
0 0 0
t_wo + t_wo_cam
0.9 0 0
Time
1558543837411
Theta
0
t_GA - R_GA * R_AB * t_BA
0 0 0
t_wo + t_wo_cam
0.9 0 0
Time
1558543837436
Theta
0
t_GA - R_GA * R_AB * t_BA
0 0 0
t_wo + t_wo_cam
0.9 0 0
Time
1558543837456
Theta
0
t_GA - R_GA * R_AB * t_BA
0 0 0
t_wo + t_wo_cam
0.9 0 0
Time
1558543837481
Theta
0
t_GA - R_GA * R_AB * t_BA
0 0 0
t_wo + t_wo_cam
0.9 0 0
Time
1558543837506
Theta
0
t_GA - R_GA * R_AB * t_BA
0 0 0
t_wo + t_wo_cam
0.9 0 0
Time
1558543837530
Theta
0
t_GA - R_GA * R_AB * t_BA
0 0 0
t_wo + t_wo_cam
0.9 0 0
Time
1558543837555
Theta
0
t_GA - R_GA * R_AB * t_BA
0 0 0
t_wo + t_wo_cam
0.9 0 0
Time
1558543837579
Theta
0
t_GA - R_GA * R_AB * t_BA
0 0 0
t_wo + t_wo_cam
0.9 0 0
Time
1558543837600
Theta
0
t_GA - R_GA * R_AB * t_BA
0 0 0
t_wo + t_wo_cam
0.9 0 0
Time
1558543837624
Theta
0
t_GA - R_GA * R_AB * t_BA
0 0 0
t_wo + t_wo_cam
0.9 0 0
Time
1558543837649
Theta
0
t_GA - R_GA * R_AB * t_BA
0 0 0
t_wo + t_wo_cam
0.9 0 0
Time
1558543837673
Theta
0
t_GA - R_GA * R_AB * t_BA
0 0 0
t_wo + t_wo_cam
0.9 0 0
Time
1558543837698
Theta
0
t_GA - R_GA * R_AB * t_BA
0 0 0
t_wo + t_wo_cam
0.9 0 0
Time
1558543837723
Theta
0
t_GA - R_GA * R_AB * t_BA
0 0 0
t_wo + t_wo_cam
0.9 0 0
Time
1558543837743
Theta
0
t_GA - R_GA * R_AB * t_BA
0 0 0
t_wo + t_wo_cam
0.9 0 0
Time
1558543837768
Theta
0
t_GA - R_GA * R_AB * t_BA
0 0 0
t_wo + t_wo_cam
0.9 0 0
Time
1558543837792
Theta
0
t_GA - R_GA * R_AB * t_BA
0 0 0
t_wo + t_wo_cam
0.9 0 0
Time
1558543837817
Theta
0
t_GA - R_GA * R_AB * t_BA
0 0 0
t_wo + t_wo_cam
0.9 0 0
Time
1558543837841
Theta
0
t_GA - R_GA * R_AB * t_BA
0 0 0
t_wo + t_wo_cam
0.9 0 0
Time
1558543837866
Theta
0
t_GA - R_GA * R_AB * t_BA
0 0 0
t_wo + t_wo_cam
0.9 0 0
Time
1558543837886
Theta
0
t_GA - R_GA * R_AB * t_BA
0 0 0
t_wo + t_wo_cam
0.9 0 0
Time
1558543837911
Theta
0
t_GA - R_GA * R_AB * t_BA
0 0 0
t_wo + t_wo_cam
0.9 0 0
Time
1558543837936
Theta
0
t_GA - R_GA * R_AB * t_BA
0 0 0
t_wo + t_wo_cam
0.9 0 0
Time
1558543837960
Theta
0
t_GA - R_GA * R_AB * t_BA
0 0 0
t_wo + t_wo_cam
0.9 0 0
Time
1558543837985
Theta
0
t_GA - R_GA * R_AB * t_BA
0 0 0
t_wo + t_wo_cam
0.9 0 0
Time
1558543838009
Theta
0
t_GA - R_GA * R_AB * t_BA
0 0 0
t_wo + t_wo_cam
0.9 0 0
Time
1558543838030
Theta
0
t_GA - R_GA * R_AB * t_BA
0 0 0
t_wo + t_wo_cam
0.9 0 0
Time
1558543838054
Theta
0
t_GA - R_GA * R_AB * t_BA
0 0 0
t_wo + t_wo_cam
0.9 0 0
Time
1558543838079
Theta
0
t_GA - R_GA * R_AB * t_BA
0 0 0
t_wo + t_wo_cam
0.9 0 0
Time
1558543838104
Theta
0
t_GA - R_GA * R_AB * t_BA
0 0 0
t_wo + t_wo_cam
0.9 0 0
Time
1558543838128
Theta
0
t_GA - R_GA * R_AB * t_BA
0 0 0
t_wo + t_wo_cam
0.9 0 0
Time
1558543838153
Theta
0
t_GA - R_GA * R_AB * t_BA
0 0 0
t_wo + t_wo_cam
0.9 0 0
Time
1558543838173
Theta
0
t_GA - R_GA * R_AB * t_BA
0 0 0
t_wo + t_wo_cam
0.9 0 0
Time
1558543838198
Theta
0
t_GA - R_GA * R_AB * t_BA
0 0 0
t_wo + t_wo_cam
0.9 0 0
Time
1558543838222
Theta
0
t_GA - R_GA * R_AB * t_BA
0 0 0
t_wo + t_wo_cam
0.9 0 0
Time
1558543838247
Theta
0
t_GA - R_GA * R_AB * t_BA
0 0 0
t_wo + t_wo_cam
0.9 0 0
Time
1558543838271
Theta
0
t_GA - R_GA * R_AB * t_BA
-0.352143 1.21922 -0.58602
t_wo + t_wo_cam
-0.352143 1.21922 -0.58602
Time
1558543838296
Theta
-1.38453
t_GA - R_GA * R_AB * t_BA
-0.352143 1.21922 -0.58602
t_wo + t_wo_cam
-0.352143 1.21922 -0.58602
Time
1558543838317
Theta
-1.38453
t_GA - R_GA * R_AB * t_BA
-0.352143 1.21922 -0.58602
t_wo + t_wo_cam
-0.352143 1.21922 -0.58602
Time
1558543838341
Theta
-1.38453
t_GA - R_GA * R_AB * t_BA
-0.355013 1.22281 -0.57907
t_wo + t_wo_cam
-0.352143 1.21922 -0.58602
Time
1558543838366
Theta
-1.38453
t_GA - R_GA * R_AB * t_BA
-0.355013 1.22281 -0.57907
t_wo + t_wo_cam
-0.355013 1.22281 -0.57907
Time
1558543838390
Theta
-1.37205
t_GA - R_GA * R_AB * t_BA
-0.355013 1.22281 -0.57907
t_wo + t_wo_cam
-0.355013 1.22281 -0.57907
Time
1558543838415
Theta
-1.37205
t_GA - R_GA * R_AB * t_BA
-0.323351 1.23267 -0.558899
t_wo + t_wo_cam
-0.355013 1.22281 -0.57907
Time
1558543838439
Theta
-1.37205
t_GA - R_GA * R_AB * t_BA
-0.323351 1.23267 -0.558899
t_wo + t_wo_cam
-0.323351 1.23267 -0.558899
Time
1558543838460
Theta
-1.39303
t_GA - R_GA * R_AB * t_BA
-0.323351 1.23267 -0.558899
t_wo + t_wo_cam
-0.323351 1.23267 -0.558899
Time
1558543838484
Theta
-1.39303
t_GA - R_GA * R_AB * t_BA
-0.323351 1.23267 -0.558899
t_wo + t_wo_cam
-0.323351 1.23267 -0.558899
Time
1558543838509
Theta
-1.39303
t_GA - R_GA * R_AB * t_BA
-0.35394 1.22067 -0.534081
t_wo + t_wo_cam
-0.323351 1.23267 -0.558899
Time
1558543838534
Theta
-1.39303
t_GA - R_GA * R_AB * t_BA
-0.35394 1.22067 -0.534081
t_wo + t_wo_cam
-0.35394 1.22067 -0.534081
Time
1558543838558
Theta
-1.36905
t_GA - R_GA * R_AB * t_BA
-0.35394 1.22067 -0.534081
t_wo + t_wo_cam
-0.35394 1.22067 -0.534081
Time
1558543838583
Theta
-1.36905
t_GA - R_GA * R_AB * t_BA
-0.375168 1.21331 -0.517025
t_wo + t_wo_cam
-0.35394 1.22067 -0.534081
Time
1558543838607
Theta
-1.36905
t_GA - R_GA * R_AB * t_BA
-0.375168 1.21331 -0.517025
t_wo + t_wo_cam
-0.375168 1.21331 -0.517025
Time
1558543838628
Theta
-1.34803
t_GA - R_GA * R_AB * t_BA
-0.375168 1.21331 -0.517025
t_wo + t_wo_cam
-0.375168 1.21331 -0.517025
Time
1558543838652
Theta
-1.34803
t_GA - R_GA * R_AB * t_BA
-0.375168 1.21331 -0.517025
t_wo + t_wo_cam
-0.375168 1.21331 -0.517025
Time
1558543838677
Theta
-1.34803
t_GA - R_GA * R_AB * t_BA
-0.375168 1.21331 -0.517025
t_wo + t_wo_cam
-0.375168 1.21331 -0.517025
Time
1558543838701
Theta
-1.34803
t_GA - R_GA * R_AB * t_BA
-0.375168 1.21331 -0.517025
t_wo + t_wo_cam
-0.375168 1.21331 -0.517025
Time
1558543838726
Theta
-1.34803
t_GA - R_GA * R_AB * t_BA
-0.375168 1.21331 -0.517025
t_wo + t_wo_cam
-0.375168 1.21331 -0.517025
Time
1558543838751
Theta
-1.34803
t_GA - R_GA * R_AB * t_BA
-0.375168 1.21331 -0.517025
t_wo + t_wo_cam
-0.375168 1.21331 -0.517025
Time
1558543838771
Theta
-1.34803
t_GA - R_GA * R_AB * t_BA
-0.421585 1.19696 -0.413626
t_wo + t_wo_cam
-0.421585 1.19696 -0.413626
Time
1558543838796
Theta
-1.29066
t_GA - R_GA * R_AB * t_BA
-0.421585 1.19696 -0.413626
t_wo + t_wo_cam
-0.421585 1.19696 -0.413626
Time
1558543838820
Theta
-1.29066
t_GA - R_GA * R_AB * t_BA
-0.421585 1.19696 -0.413626
t_wo + t_wo_cam
-0.421585 1.19696 -0.413626
Time
1558543838845
Theta
-1.29066
t_GA - R_GA * R_AB * t_BA
-0.384531 1.21252 -0.313436
t_wo + t_wo_cam
-0.421585 1.19696 -0.413626
Time
1558543838869
Theta
-1.29066
t_GA - R_GA * R_AB * t_BA
-0.384531 1.21252 -0.313436
t_wo + t_wo_cam
-0.384531 1.21252 -0.313436
Time
1558543838894
Theta
-1.32102
t_GA - R_GA * R_AB * t_BA
-0.384531 1.21252 -0.313436
t_wo + t_wo_cam
-0.384531 1.21252 -0.313436
Time
1558543838915
Theta
-1.32102
t_GA - R_GA * R_AB * t_BA
-0.384531 1.21252 -0.313436
t_wo + t_wo_cam
-0.384531 1.21252 -0.313436
Time
1558543838939
Theta
-1.32102
t_GA - R_GA * R_AB * t_BA
-0.387657 1.20052 -0.307635
t_wo + t_wo_cam
-0.384531 1.21252 -0.313436
Time
1558543838964
Theta
-1.32102
t_GA - R_GA * R_AB * t_BA
-0.387657 1.20052 -0.307635
t_wo + t_wo_cam
-0.387657 1.20052 -0.307635
Time
1558543838988
Theta
-1.31582
t_GA - R_GA * R_AB * t_BA
-0.387657 1.20052 -0.307635
t_wo + t_wo_cam
-0.387657 1.20052 -0.307635
Time
1558543839013
Theta
-1.31582
t_GA - R_GA * R_AB * t_BA
-0.372964 1.19825 -0.326342
t_wo + t_wo_cam
-0.387657 1.20052 -0.307635
Time
1558543839037
Theta
-1.31582
t_GA - R_GA * R_AB * t_BA
-0.372964 1.19825 -0.326342
t_wo + t_wo_cam
-0.372964 1.19825 -0.326342
Time
1558543839058
Theta
-1.32298
t_GA - R_GA * R_AB * t_BA
-0.372964 1.19825 -0.326342
t_wo + t_wo_cam
-0.372964 1.19825 -0.326342
Time
1558543839082
Theta
-1.32298
t_GA - R_GA * R_AB * t_BA
-0.372964 1.19825 -0.326342
t_wo + t_wo_cam
-0.372964 1.19825 -0.326342
Time
1558543839107
Theta
-1.32298
t_GA - R_GA * R_AB * t_BA
-0.368747 1.19539 -0.326008
t_wo + t_wo_cam
-0.372964 1.19825 -0.326342
Time
1558543839132
Theta
-1.32298
t_GA - R_GA * R_AB * t_BA
-0.368747 1.19539 -0.326008
t_wo + t_wo_cam
-0.368747 1.19539 -0.326008
Time
1558543839156
Theta
-1.32426
t_GA - R_GA * R_AB * t_BA
-0.368747 1.19539 -0.326008
t_wo + t_wo_cam
-0.368747 1.19539 -0.326008
Time
1558543839181
Theta
-1.32426
t_GA - R_GA * R_AB * t_BA
-0.346934 1.20356 -0.314704
t_wo + t_wo_cam
-0.368747 1.19539 -0.326008
Time
1558543839201
Theta
-1.32426
t_GA - R_GA * R_AB * t_BA
-0.346934 1.20356 -0.314704
t_wo + t_wo_cam
-0.346934 1.20356 -0.314704
Time
1558543839226
Theta
-1.34286
t_GA - R_GA * R_AB * t_BA
-0.346934 1.20356 -0.314704
t_wo + t_wo_cam
-0.346934 1.20356 -0.314704
Time
1558543839250
Theta
-1.34286
t_GA - R_GA * R_AB * t_BA
-0.346934 1.20356 -0.314704
t_wo + t_wo_cam
-0.346934 1.20356 -0.314704
Time
1558543839275
Theta
-1.34286
t_GA - R_GA * R_AB * t_BA
-0.354435 1.20018 -0.315532
t_wo + t_wo_cam
-0.346934 1.20356 -0.314704
Time
1558543839299
Theta
-1.34286
t_GA - R_GA * R_AB * t_BA
-0.354435 1.20018 -0.315532
t_wo + t_wo_cam
-0.354435 1.20018 -0.315532
Time
1558543839324
Theta
-1.33477
t_GA - R_GA * R_AB * t_BA
-0.354435 1.20018 -0.315532
t_wo + t_wo_cam
-0.354435 1.20018 -0.315532
Time
1558543839345
Theta
-1.33477
t_GA - R_GA * R_AB * t_BA
-0.354435 1.20018 -0.315532
t_wo + t_wo_cam
-0.354435 1.20018 -0.315532
Time
1558543839369
Theta
-1.33477
t_GA - R_GA * R_AB * t_BA
-0.357892 1.20131 -0.312914
t_wo + t_wo_cam
-0.354435 1.20018 -0.315532
Time
1558543839394
Theta
-1.33477
t_GA - R_GA * R_AB * t_BA
-0.357892 1.20131 -0.312914
t_wo + t_wo_cam
-0.357892 1.20131 -0.312914
Time
1558543839418
Theta
-1.33285
t_GA - R_GA * R_AB * t_BA
-0.357892 1.20131 -0.312914
t_wo + t_wo_cam
-0.357892 1.20131 -0.312914
Time
1558543839443
Theta
-1.33285
t_GA - R_GA * R_AB * t_BA
-0.357892 1.20131 -0.312914
t_wo + t_wo_cam
-0.357892 1.20131 -0.312914
Time
1558543839467
Theta
-1.33285
t_GA - R_GA * R_AB * t_BA
-0.357892 1.20131 -0.312914
t_wo + t_wo_cam
-0.357892 1.20131 -0.312914
Time
1558543839488
Theta
-1.33285
t_GA - R_GA * R_AB * t_BA
-0.345466 1.2043 -0.323968
t_wo + t_wo_cam
-0.357892 1.20131 -0.312914
Time
1558543839512
Theta
-1.33285
t_GA - R_GA * R_AB * t_BA
-0.345466 1.2043 -0.323968
t_wo + t_wo_cam
-0.345466 1.2043 -0.323968
Time
1558543839537
Theta
-1.34378
t_GA - R_GA * R_AB * t_BA
-0.345466 1.2043 -0.323968
t_wo + t_wo_cam
-0.345466 1.2043 -0.323968
Time
1558543839562
Theta
-1.34378
t_GA - R_GA * R_AB * t_BA
-0.340678 1.20829 -0.312602
t_wo + t_wo_cam
-0.345466 1.2043 -0.323968
Time
1558543839586
Theta
-1.34378
t_GA - R_GA * R_AB * t_BA
-0.340678 1.20829 -0.312602
t_wo + t_wo_cam
-0.340678 1.20829 -0.312602
Time
1558543839611
Theta
-1.34808
t_GA - R_GA * R_AB * t_BA
-0.340678 1.20829 -0.312602
t_wo + t_wo_cam
-0.340678 1.20829 -0.312602
Time
1558543839635
Theta
-1.34808
t_GA - R_GA * R_AB * t_BA
-0.340678 1.20829 -0.312602
t_wo + t_wo_cam
-0.340678 1.20829 -0.312602
Time
1558543839656
Theta
-1.34808
t_GA - R_GA * R_AB * t_BA
-0.337822 1.2086 -0.31504
t_wo + t_wo_cam
-0.340678 1.20829 -0.312602
Time
1558543839680
Theta
-1.34808
t_GA - R_GA * R_AB * t_BA
-0.337822 1.2086 -0.31504
t_wo + t_wo_cam
-0.337822 1.2086 -0.31504
Time
1558543839705
Theta
-1.35023
t_GA - R_GA * R_AB * t_BA
-0.337822 1.2086 -0.31504
t_wo + t_wo_cam
-0.337822 1.2086 -0.31504
Time
1558543839730
Theta
-1.35023
t_GA - R_GA * R_AB * t_BA
-0.339558 1.20764 -0.315906
t_wo + t_wo_cam
-0.337822 1.2086 -0.31504
Time
1558543839754
Theta
-1.35023
t_GA - R_GA * R_AB * t_BA
-0.339558 1.20764 -0.315906
t_wo + t_wo_cam
-0.339558 1.20764 -0.315906
Time
1558543839779
Theta
-1.34912
t_GA - R_GA * R_AB * t_BA
-0.339558 1.20764 -0.315906
t_wo + t_wo_cam
-0.339558 1.20764 -0.315906
Time
1558543839799
Theta
-1.34912
t_GA - R_GA * R_AB * t_BA
-0.339558 1.20764 -0.315906
t_wo + t_wo_cam
-0.339558 1.20764 -0.315906
Time
1558543839824
Theta
-1.34912
t_GA - R_GA * R_AB * t_BA
-0.337621 1.20968 -0.315535
t_wo + t_wo_cam
-0.339558 1.20764 -0.315906
Time
1558543839848
Theta
-1.34912
t_GA - R_GA * R_AB * t_BA
-0.337621 1.20968 -0.315535
t_wo + t_wo_cam
-0.337621 1.20968 -0.315535
Time
1558543839873
Theta
-1.35212
t_GA - R_GA * R_AB * t_BA
-0.337621 1.20968 -0.315535
t_wo + t_wo_cam
-0.337621 1.20968 -0.315535
Time
1558543839897
Theta
-1.35212
t_GA - R_GA * R_AB * t_BA
-0.332463 1.21331 -0.312553
t_wo + t_wo_cam
-0.337621 1.20968 -0.315535
Time
1558543839922
Theta
-1.35212
t_GA - R_GA * R_AB * t_BA
-0.332463 1.21331 -0.312553
t_wo + t_wo_cam
-0.332463 1.21331 -0.312553
Time
1558543839943
Theta
-1.35635
t_GA - R_GA * R_AB * t_BA
-0.332463 1.21331 -0.312553
t_wo + t_wo_cam
-0.332463 1.21331 -0.312553
Time
1558543839967
Theta
-1.35635
t_GA - R_GA * R_AB * t_BA
-0.332463 1.21331 -0.312553
t_wo + t_wo_cam
-0.332463 1.21331 -0.312553
Time
1558543839992
Theta
-1.35635
t_GA - R_GA * R_AB * t_BA
-0.332463 1.21331 -0.312553
t_wo + t_wo_cam
-0.332463 1.21331 -0.312553
Time
1558543840016
Theta
-1.35635
t_GA - R_GA * R_AB * t_BA
-0.336561 1.21188 -0.312926
t_wo + t_wo_cam
-0.332463 1.21331 -0.312553
Time
1558543840041
Theta
-1.35635
t_GA - R_GA * R_AB * t_BA
-0.336561 1.21188 -0.312926
t_wo + t_wo_cam
-0.336561 1.21188 -0.312926
Time
1558543840065
Theta
-1.35327
t_GA - R_GA * R_AB * t_BA
-0.336561 1.21188 -0.312926
t_wo + t_wo_cam
-0.336561 1.21188 -0.312926
Time
1558543840086
Theta
-1.35327
t_GA - R_GA * R_AB * t_BA
-0.336561 1.21188 -0.312926
t_wo + t_wo_cam
-0.336561 1.21188 -0.312926
Time
1558543840110
Theta
-1.35327
t_GA - R_GA * R_AB * t_BA
-0.332093 1.21519 -0.310744
t_wo + t_wo_cam
-0.336561 1.21188 -0.312926
Time
1558543840135
Theta
-1.35327
t_GA - R_GA * R_AB * t_BA
-0.332093 1.21519 -0.310744
t_wo + t_wo_cam
-0.332093 1.21519 -0.310744
Time
1558543840160
Theta
-1.35977
t_GA - R_GA * R_AB * t_BA
-0.332093 1.21519 -0.310744
t_wo + t_wo_cam
-0.332093 1.21519 -0.310744
Time
1558543840184
Theta
-1.35977
t_GA - R_GA * R_AB * t_BA
-0.332093 1.21519 -0.310744
t_wo + t_wo_cam
-0.332093 1.21519 -0.310744
Time
1558543840209
Theta
-1.35977
t_GA - R_GA * R_AB * t_BA
-0.323215 1.21738 -0.31248
t_wo + t_wo_cam
-0.332093 1.21519 -0.310744
Time
1558543840229
Theta
-1.35977
t_GA - R_GA * R_AB * t_BA
-0.323215 1.21738 -0.31248
t_wo + t_wo_cam
-0.323215 1.21738 -0.31248
Time
1558543840254
Theta
-1.36846
