t_GA - R_GA * R_AB * t_BA
0 0 0
t_wo + t_wo_cam
0.9 0 0
Time
1558534843192
Theta
0
t_GA - R_GA * R_AB * t_BA
0 0 0
t_wo + t_wo_cam
0.9 0 0
Time
1558534843278
Theta
0
t_GA - R_GA * R_AB * t_BA
0 0 0
t_wo + t_wo_cam
1.10685 0.0611098 0
Time
1558534843368
Theta
0.0551545
t_GA - R_GA * R_AB * t_BA
0 0 0
t_wo + t_wo_cam
1.10685 0.0611098 0
Time
1558534843454
Theta
0.0551545
t_GA - R_GA * R_AB * t_BA
0 0 0
t_wo + t_wo_cam
1.10685 0.0611098 0
Time
1558534843540
Theta
0.0551545
t_GA - R_GA * R_AB * t_BA
0 0 0
t_wo + t_wo_cam
1.31002 0.13353 0
Time
1558534843630
Theta
0.110309
t_GA - R_GA * R_AB * t_BA
0 0 0
t_wo + t_wo_cam
1.31002 0.13353 0
Time
1558534843716
Theta
0.110309
t_GA - R_GA * R_AB * t_BA
0 0 0
t_wo + t_wo_cam
1.31002 0.13353 0
Time
1558534843802
Theta
0.110309
t_GA - R_GA * R_AB * t_BA
0 0 0
t_wo + t_wo_cam
1.31002 0.13353 0
Time
1558534843892
Theta
0.110309
t_GA - R_GA * R_AB * t_BA
0 0 0
t_wo + t_wo_cam
1.31002 0.13353 0
Time
1558534843978
Theta
0.110309
t_GA - R_GA * R_AB * t_BA
0 0 0
t_wo + t_wo_cam
1.31002 0.13353 0
Time
1558534844064
Theta
0.110309
t_GA - R_GA * R_AB * t_BA
0 0 0
t_wo + t_wo_cam
1.31002 0.13353 0
Time
1558534844150
Theta
0.110309
t_GA - R_GA * R_AB * t_BA
0 0 0
t_wo + t_wo_cam
1.50889 0.217039 0
Time
1558534844240
Theta
0.165463
t_GA - R_GA * R_AB * t_BA
0 0 0
t_wo + t_wo_cam
1.50889 0.217039 0
Time
1558534844326
Theta
0.165463
t_GA - R_GA * R_AB * t_BA
0 0 0
t_wo + t_wo_cam
1.50889 0.217039 0
Time
1558534844412
Theta
0.165463
t_GA - R_GA * R_AB * t_BA
0 0 0
t_wo + t_wo_cam
1.70285 0.311385 0
Time
1558534844502
Theta
0.220618
t_GA - R_GA * R_AB * t_BA
0 0 0
t_wo + t_wo_cam
1.70285 0.311385 0
Time
1558534844588
Theta
0.220618
t_GA - R_GA * R_AB * t_BA
0 0 0
t_wo + t_wo_cam
1.70285 0.311385 0
Time
1558534844674
Theta
0.220618
t_GA - R_GA * R_AB * t_BA
0 0 0
t_wo + t_wo_cam
1.89131 0.416279 0
Time
1558534844764
Theta
0.275772
t_GA - R_GA * R_AB * t_BA
0 0 0
t_wo + t_wo_cam
1.89131 0.416279 0
Time
1558534844850
Theta
0.275772
t_GA - R_GA * R_AB * t_BA
0 0 0
t_wo + t_wo_cam
1.89131 0.416279 0
Time
1558534844936
Theta
0.275772
t_GA - R_GA * R_AB * t_BA
0 0 0
t_wo + t_wo_cam
2.07371 0.531403 0
Time
1558534845026
Theta
0.330927
t_GA - R_GA * R_AB * t_BA
0 0 0
t_wo + t_wo_cam
2.07371 0.531403 0
Time
1558534845112
Theta
0.330927
t_GA - R_GA * R_AB * t_BA
0 0 0
t_wo + t_wo_cam
2.07371 0.531403 0
Time
1558534845199
Theta
0.330927
t_GA - R_GA * R_AB * t_BA
0 0 0
t_wo + t_wo_cam
2.24948 0.656407 0
Time
1558534845289
Theta
0.386081
t_GA - R_GA * R_AB * t_BA
0 0 0
t_wo + t_wo_cam
2.24948 0.656407 0
Time
1558534845375
Theta
0.386081
t_GA - R_GA * R_AB * t_BA
0 0 0
t_wo + t_wo_cam
2.24948 0.656407 0
Time
1558534845461
Theta
0.386081
t_GA - R_GA * R_AB * t_BA
0 0 0
t_wo + t_wo_cam
2.41809 0.790911 0
Time
1558534845551
Theta
0.441236
t_GA - R_GA * R_AB * t_BA
0 0 0
t_wo + t_wo_cam
2.41809 0.790911 0
Time
1558534845637
Theta
0.441236
t_GA - R_GA * R_AB * t_BA
0 0 0
t_wo + t_wo_cam
2.41809 0.790911 0
Time
1558534845723
Theta
0.441236
t_GA - R_GA * R_AB * t_BA
0 0 0
t_wo + t_wo_cam
2.41809 0.790911 0
Time
1558534845813
Theta
0.441236
t_GA - R_GA * R_AB * t_BA
0 0 0
t_wo + t_wo_cam
2.41809 0.790911 0
Time
1558534845899
Theta
0.441236
t_GA - R_GA * R_AB * t_BA
0 0 0
t_wo + t_wo_cam
2.41809 0.790911 0
Time
1558534845985
Theta
0.441236
t_GA - R_GA * R_AB * t_BA
0 0 0
t_wo + t_wo_cam
2.41809 0.790911 0
Time
1558534846071
Theta
0.441236
t_GA - R_GA * R_AB * t_BA
0 0 0
t_wo + t_wo_cam
2.57903 0.934505 0
Time
1558534846161
Theta
0.49639
t_GA - R_GA * R_AB * t_BA
0 0 0
t_wo + t_wo_cam
2.57903 0.934505 0
Time
1558534846247
Theta
0.49639
t_GA - R_GA * R_AB * t_BA
0 0 0
t_wo + t_wo_cam
2.57903 0.934505 0
Time
1558534846333
Theta
0.49639
t_GA - R_GA * R_AB * t_BA
0 0 0
t_wo + t_wo_cam
2.73182 1.08675 0
Time
1558534846423
Theta
0.551545
t_GA - R_GA * R_AB * t_BA
0 0 0
t_wo + t_wo_cam
2.73182 1.08675 0
Time
1558534846509
Theta
0.551545
t_GA - R_GA * R_AB * t_BA
0 0 0
t_wo + t_wo_cam
2.73182 1.08675 0
Time
1558534846608
Theta
0.551545
t_GA - R_GA * R_AB * t_BA
0 0 0
t_wo + t_wo_cam
2.87597 1.24719 0
Time
1558534846706
Theta
0.606699
t_GA - R_GA * R_AB * t_BA
0 0 0
t_wo + t_wo_cam
2.87597 1.24719 0
Time
1558534846792
Theta
0.606699
t_GA - R_GA * R_AB * t_BA
0 0 0
t_wo + t_wo_cam
3.01107 1.41533 0
Time
1558534846882
Theta
0.661854
t_GA - R_GA * R_AB * t_BA
0 0 0
t_wo + t_wo_cam
3.01107 1.41533 0
Time
1558534846968
Theta
0.661854
t_GA - R_GA * R_AB * t_BA
0 0 0
t_wo + t_wo_cam
3.01107 1.41533 0
Time
1558534847054
Theta
0.661854
t_GA - R_GA * R_AB * t_BA
0 0 0
t_wo + t_wo_cam
3.01107 1.41533 0
Time
1558534847144
Theta
0.661854
t_GA - R_GA * R_AB * t_BA
0 0 0
t_wo + t_wo_cam
3.01107 1.41533 0
Time
1558534847230
Theta
0.661854
t_GA - R_GA * R_AB * t_BA
0 0 0
t_wo + t_wo_cam
3.01107 1.41533 0
Time
1558534847316
Theta
0.661854
t_GA - R_GA * R_AB * t_BA
0 0 0
t_wo + t_wo_cam
3.13668 1.59067 0
Time
1558534847406
Theta
0.717008
t_GA - R_GA * R_AB * t_BA
0 0 0
t_wo + t_wo_cam
3.13668 1.59067 0
Time
1558534847492
Theta
0.717008
t_GA - R_GA * R_AB * t_BA
0 0 0
t_wo + t_wo_cam
3.13668 1.59067 0
Time
1558534847578
Theta
0.717008
t_GA - R_GA * R_AB * t_BA
0 0 0
t_wo + t_wo_cam
3.13668 1.59067 0
Time
1558534847668
Theta
0.717008
t_GA - R_GA * R_AB * t_BA
0 0 0
t_wo + t_wo_cam
3.13668 1.59067 0
Time
1558534847754
Theta
0.717008
t_GA - R_GA * R_AB * t_BA
0 0 0
t_wo + t_wo_cam
3.13668 1.59067 0
Time
1558534847840
Theta
0.717008
t_GA - R_GA * R_AB * t_BA
0 0 0
t_wo + t_wo_cam
3.13668 1.59067 0
Time
1558534847930
Theta
0.717008
t_GA - R_GA * R_AB * t_BA
0 0 0
t_wo + t_wo_cam
3.13668 1.59067 0
Time
1558534848016
Theta
0.717008
t_GA - R_GA * R_AB * t_BA
0 0 0
t_wo + t_wo_cam
3.13668 1.59067 0
Time
1558534848102
Theta
0.717008
t_GA - R_GA * R_AB * t_BA
0 0 0
t_wo + t_wo_cam
3.13668 1.59067 0
Time
1558534848188
Theta
0.717008
t_GA - R_GA * R_AB * t_BA
0 0 0
t_wo + t_wo_cam
3.25245 1.77266 0
Time
1558534848278
Theta
0.772163
t_GA - R_GA * R_AB * t_BA
0 0 0
t_wo + t_wo_cam
3.25245 1.77266 0
Time
1558534848365
Theta
0.772163
t_GA - R_GA * R_AB * t_BA
0 0 0
t_wo + t_wo_cam
3.25245 1.77266 0
Time
1558534848451
Theta
0.772163
t_GA - R_GA * R_AB * t_BA
0 0 0
t_wo + t_wo_cam
3.358 1.96076 0
Time
1558534848541
Theta
0.827317
t_GA - R_GA * R_AB * t_BA
0 0 0
t_wo + t_wo_cam
3.358 1.96076 0
Time
1558534848627
Theta
0.827317
t_GA - R_GA * R_AB * t_BA
0 0 0
t_wo + t_wo_cam
3.358 1.96076 0
Time
1558534848713
Theta
0.827317
t_GA - R_GA * R_AB * t_BA
0 0 0
t_wo + t_wo_cam
3.45302 2.15438 0
Time
1558534848803
Theta
0.882471
t_GA - R_GA * R_AB * t_BA
0 0 0
t_wo + t_wo_cam
3.45302 2.15438 0
Time
1558534848889
Theta
0.882471
t_GA - R_GA * R_AB * t_BA
0 0 0
t_wo + t_wo_cam
3.45302 2.15438 0
Time
1558534848975
Theta
0.882471
t_GA - R_GA * R_AB * t_BA
0 0 0
t_wo + t_wo_cam
3.53723 2.35296 0
Time
1558534849065
Theta
0.937626
t_GA - R_GA * R_AB * t_BA
0 0 0
t_wo + t_wo_cam
3.53723 2.35296 0
Time
1558534849151
Theta
0.937626
t_GA - R_GA * R_AB * t_BA
0 0 0
t_wo + t_wo_cam
3.53723 2.35296 0
Time
1558534849237
Theta
0.937626
t_GA - R_GA * R_AB * t_BA
0 0 0
t_wo + t_wo_cam
3.61036 2.55587 0
Time
1558534849327
Theta
0.99278
t_GA - R_GA * R_AB * t_BA
0 0 0
t_wo + t_wo_cam
3.61036 2.55587 0
Time
1558534849413
Theta
0.99278
t_GA - R_GA * R_AB * t_BA
0 0 0
t_wo + t_wo_cam
3.61036 2.55587 0
Time
1558534849499
Theta
0.99278
t_GA - R_GA * R_AB * t_BA
0 0 0
t_wo + t_wo_cam
3.61036 2.55587 0
Time
1558534849589
Theta
0.99278
t_GA - R_GA * R_AB * t_BA
0 0 0
t_wo + t_wo_cam
3.61036 2.55587 0
Time
1558534849675
Theta
0.99278
t_GA - R_GA * R_AB * t_BA
0 0 0
t_wo + t_wo_cam
3.61036 2.55587 0
Time
1558534849761
Theta
0.99278
t_GA - R_GA * R_AB * t_BA
0 0 0
t_wo + t_wo_cam
3.61036 2.55587 0
Time
1558534849851
Theta
0.99278
t_GA - R_GA * R_AB * t_BA
0 0 0
t_wo + t_wo_cam
3.61036 2.55587 0
Time
1558534849937
Theta
0.99278
t_GA - R_GA * R_AB * t_BA
0 0 0
t_wo + t_wo_cam
3.61036 2.55587 0
Time
1558534850023
Theta
0.99278
t_GA - R_GA * R_AB * t_BA
0 0 0
t_wo + t_wo_cam
3.61036 2.55587 0
Time
1558534850109
Theta
0.99278
t_GA - R_GA * R_AB * t_BA
0 0 0
t_wo + t_wo_cam
3.67219 2.76251 0
Time
1558534850199
Theta
1.04793
t_GA - R_GA * R_AB * t_BA
0 0 0
t_wo + t_wo_cam
3.67219 2.76251 0
Time
1558534850285
Theta
1.04793
t_GA - R_GA * R_AB * t_BA
0 0 0
t_wo + t_wo_cam
3.67219 2.76251 0
Time
1558534850372
Theta
1.04793
t_GA - R_GA * R_AB * t_BA
0 0 0
t_wo + t_wo_cam
3.72254 2.97224 0
Time
1558534850462
Theta
1.10309
t_GA - R_GA * R_AB * t_BA
0 0 0
t_wo + t_wo_cam
3.72254 2.97224 0
Time
1558534850548
Theta
1.10309
t_GA - R_GA * R_AB * t_BA
0 0 0
t_wo + t_wo_cam
3.72254 2.97224 0
Time
1558534850634
Theta
1.10309
t_GA - R_GA * R_AB * t_BA
0 0 0
t_wo + t_wo_cam
3.76125 3.18442 0
Time
1558534850724
Theta
1.15824
t_GA - R_GA * R_AB * t_BA
0 0 0
t_wo + t_wo_cam
3.76125 3.18442 0
Time
1558534850810
Theta
1.15824
t_GA - R_GA * R_AB * t_BA
0 0 0
t_wo + t_wo_cam
3.76125 3.18442 0
Time
1558534850896
Theta
1.15824
t_GA - R_GA * R_AB * t_BA
0 0 0
t_wo + t_wo_cam
3.78821 3.39842 0
Time
1558534850986
Theta
1.2134
t_GA - R_GA * R_AB * t_BA
0 0 0
t_wo + t_wo_cam
3.78821 3.39842 0
Time
1558534851072
Theta
1.2134
t_GA - R_GA * R_AB * t_BA
0 0 0
t_wo + t_wo_cam
3.78821 3.39842 0
Time
1558534851158
Theta
1.2134
t_GA - R_GA * R_AB * t_BA
0 0 0
t_wo + t_wo_cam
3.80332 3.61358 0
Time
1558534851248
Theta
1.26855
t_GA - R_GA * R_AB * t_BA
0 0 0
t_wo + t_wo_cam
3.80332 3.61358 0
Time
1558534851334
Theta
1.26855
t_GA - R_GA * R_AB * t_BA
0 0 0
t_wo + t_wo_cam
3.80332 3.61358 0
Time
1558534851420
Theta
1.26855
t_GA - R_GA * R_AB * t_BA
0 0 0
t_wo + t_wo_cam
3.80332 3.61358 0
Time
1558534851510
Theta
1.26855
t_GA - R_GA * R_AB * t_BA
0 0 0
t_wo + t_wo_cam
3.80332 3.61358 0
Time
1558534851596
Theta
1.26855
t_GA - R_GA * R_AB * t_BA
0 0 0
t_wo + t_wo_cam
3.80332 3.61358 0
Time
1558534851682
Theta
1.26855
t_GA - R_GA * R_AB * t_BA
0 0 0
t_wo + t_wo_cam
3.80332 3.61358 0
Time
1558534851772
Theta
1.26855
t_GA - R_GA * R_AB * t_BA
0 0 0
t_wo + t_wo_cam
3.80332 3.61358 0
Time
1558534851858
Theta
1.26855
t_GA - R_GA * R_AB * t_BA
0 0 0
t_wo + t_wo_cam
3.80332 3.61358 0
Time
1558534851944
Theta
1.26855
t_GA - R_GA * R_AB * t_BA
0 0 0
t_wo + t_wo_cam
3.80332 3.61358 0
Time
1558534852030
Theta
1.26855
t_GA - R_GA * R_AB * t_BA
0 0 0
t_wo + t_wo_cam
3.80655 3.82925 0
Time
1558534852120
Theta
1.32371
t_GA - R_GA * R_AB * t_BA
0 0 0
t_wo + t_wo_cam
3.80655 3.82925 0
Time
1558534852206
Theta
1.32371
t_GA - R_GA * R_AB * t_BA
0 0 0
t_wo + t_wo_cam
3.80655 3.82925 0
Time
1558534852292
Theta
1.32371
t_GA - R_GA * R_AB * t_BA
0 0 0
t_wo + t_wo_cam
3.79789 4.04476 0
Time
1558534852383
Theta
1.37886
t_GA - R_GA * R_AB * t_BA
0 0 0
t_wo + t_wo_cam
3.79789 4.04476 0
Time
1558534852469
Theta
1.37886
t_GA - R_GA * R_AB * t_BA
0 0 0
t_wo + t_wo_cam
3.79789 4.04476 0
Time
1558534852555
Theta
1.37886
t_GA - R_GA * R_AB * t_BA
0 0 0
t_wo + t_wo_cam
3.77736 4.25947 0
Time
1558534852645
Theta
1.43402
t_GA - R_GA * R_AB * t_BA
0 0 0
t_wo + t_wo_cam
3.77736 4.25947 0
Time
1558534852731
Theta
1.43402
t_GA - R_GA * R_AB * t_BA
0 0 0
t_wo + t_wo_cam
3.77736 4.25947 0
Time
1558534852817
Theta
1.43402
t_GA - R_GA * R_AB * t_BA
0 0 0
t_wo + t_wo_cam
3.74503 4.47272 0
Time
1558534852907
Theta
1.48917
t_GA - R_GA * R_AB * t_BA
0 0 0
t_wo + t_wo_cam
3.74503 4.47272 0
Time
1558534852993
Theta
1.48917
t_GA - R_GA * R_AB * t_BA
0 0 0
t_wo + t_wo_cam
3.74503 4.47272 0
Time
1558534853079
Theta
1.48917
t_GA - R_GA * R_AB * t_BA
0 0 0
t_wo + t_wo_cam
3.70099 4.68387 0
Time
1558534853169
Theta
1.54433
t_GA - R_GA * R_AB * t_BA
0 0 0
t_wo + t_wo_cam
3.70099 4.68387 0
Time
1558534853255
Theta
1.54433
t_GA - R_GA * R_AB * t_BA
0 0 0
t_wo + t_wo_cam
3.70099 4.68387 0
Time
1558534853341
Theta
1.54433
t_GA - R_GA * R_AB * t_BA
0 0 0
t_wo + t_wo_cam
3.70099 4.68387 0
Time
1558534853431
Theta
1.54433
t_GA - R_GA * R_AB * t_BA
0 0 0
t_wo + t_wo_cam
3.70099 4.68387 0
Time
1558534853517
Theta
1.54433
t_GA - R_GA * R_AB * t_BA
0 0 0
t_wo + t_wo_cam
3.70099 4.68387 0
Time
1558534853603
Theta
1.54433
t_GA - R_GA * R_AB * t_BA
0 0 0
t_wo + t_wo_cam
3.70099 4.68387 0
Time
1558534853693
Theta
1.54433
t_GA - R_GA * R_AB * t_BA
0 0 0
t_wo + t_wo_cam
3.70099 4.68387 0
Time
1558534853779
Theta
1.54433
t_GA - R_GA * R_AB * t_BA
0 0 0
t_wo + t_wo_cam
3.70099 4.68387 0
Time
1558534853865
Theta
1.54433
t_GA - R_GA * R_AB * t_BA
0 0 0
t_wo + t_wo_cam
3.70099 4.68387 0
Time
1558534853951
Theta
1.54433
t_GA - R_GA * R_AB * t_BA
0 0 0
t_wo + t_wo_cam
3.64538 4.89226 0
Time
1558534854041
Theta
1.59948
t_GA - R_GA * R_AB * t_BA
0 0 0
t_wo + t_wo_cam
3.64538 4.89226 0
Time
1558534854127
Theta
1.59948
t_GA - R_GA * R_AB * t_BA
0 0 0
t_wo + t_wo_cam
3.64538 4.89226 0
Time
1558534854214
Theta
1.59948
t_GA - R_GA * R_AB * t_BA
0 0 0
t_wo + t_wo_cam
3.57836 5.09728 0
Time
1558534854303
Theta
1.65463
t_GA - R_GA * R_AB * t_BA
0 0 0
t_wo + t_wo_cam
3.57836 5.09728 0
Time
1558534854389
Theta
1.65463
t_GA - R_GA * R_AB * t_BA
0 0 0
t_wo + t_wo_cam
3.57836 5.09728 0
Time
1558534854476
Theta
1.65463
t_GA - R_GA * R_AB * t_BA
0 0 0
t_wo + t_wo_cam
3.50014 5.29828 0
Time
1558534854566
Theta
1.70979
t_GA - R_GA * R_AB * t_BA
0 0 0
t_wo + t_wo_cam
3.50014 5.29828 0
Time
1558534854652
Theta
1.70979
t_GA - R_GA * R_AB * t_BA
0 0 0
t_wo + t_wo_cam
3.50014 5.29828 0
Time
1558534854738
Theta
1.70979
t_GA - R_GA * R_AB * t_BA
0 0 0
t_wo + t_wo_cam
3.41096 5.49467 0
Time
1558534854828
Theta
1.76494
t_GA - R_GA * R_AB * t_BA
0 0 0
t_wo + t_wo_cam
3.41096 5.49467 0
Time
1558534854914
Theta
1.76494
t_GA - R_GA * R_AB * t_BA
0 0 0
t_wo + t_wo_cam
3.41096 5.49467 0
Time
1558534855000
Theta
1.76494
t_GA - R_GA * R_AB * t_BA
0 0 0
t_wo + t_wo_cam
3.31109 5.68585 0
Time
1558534855090
Theta
1.8201
t_GA - R_GA * R_AB * t_BA
0 0 0
t_wo + t_wo_cam
3.31109 5.68585 0
Time
1558534855176
Theta
1.8201
t_GA - R_GA * R_AB * t_BA
0 0 0
t_wo + t_wo_cam
3.31109 5.68585 0
Time
1558534855262
Theta
1.8201
t_GA - R_GA * R_AB * t_BA
0 0 0
t_wo + t_wo_cam
3.31109 5.68585 0
Time
1558534855352
Theta
1.8201
t_GA - R_GA * R_AB * t_BA
0 0 0
t_wo + t_wo_cam
3.31109 5.68585 0
Time
1558534855438
Theta
1.8201
t_GA - R_GA * R_AB * t_BA
0 0 0
t_wo + t_wo_cam
3.31109 5.68585 0
Time
1558534855524
Theta
1.8201
t_GA - R_GA * R_AB * t_BA
0 0 0
t_wo + t_wo_cam
3.31109 5.68585 0
Time
1558534855614
Theta
1.8201
t_GA - R_GA * R_AB * t_BA
0 0 0
t_wo + t_wo_cam
3.31109 5.68585 0
Time
1558534855700
Theta
1.8201
t_GA - R_GA * R_AB * t_BA
0 0 0
t_wo + t_wo_cam
3.31109 5.68585 0
Time
1558534855786
Theta
1.8201
t_GA - R_GA * R_AB * t_BA
0 0 0
t_wo + t_wo_cam
3.31109 5.68585 0
Time
1558534855872
Theta
1.8201
t_GA - R_GA * R_AB * t_BA
0 0 0
t_wo + t_wo_cam
3.20084 5.87123 0
Time
1558534855962
Theta
1.87525
t_GA - R_GA * R_AB * t_BA
0 0 0
t_wo + t_wo_cam
3.20084 5.87123 0
Time
1558534856048
Theta
1.87525
t_GA - R_GA * R_AB * t_BA
0 0 0
t_wo + t_wo_cam
3.20084 5.87123 0
Time
1558534856134
Theta
1.87525
t_GA - R_GA * R_AB * t_BA
0 0 0
t_wo + t_wo_cam
3.08053 6.05025 0
Time
1558534856224
Theta
1.93041
t_GA - R_GA * R_AB * t_BA
0 0 0
t_wo + t_wo_cam
3.08053 6.05025 0
Time
1558534856311
Theta
1.93041
t_GA - R_GA * R_AB * t_BA
0 0 0
t_wo + t_wo_cam
3.08053 6.05025 0
Time
1558534856396
Theta
1.93041
t_GA - R_GA * R_AB * t_BA
0 0 0
t_wo + t_wo_cam
2.95054 6.22236 0
Time
1558534856487
Theta
1.98556
t_GA - R_GA * R_AB * t_BA
0 0 0
t_wo + t_wo_cam
2.95054 6.22236 0
Time
1558534856573
Theta
1.98556
t_GA - R_GA * R_AB * t_BA
0 0 0
t_wo + t_wo_cam
2.95054 6.22236 0
Time
1558534856659
Theta
1.98556
t_GA - R_GA * R_AB * t_BA
0 0 0
t_wo + t_wo_cam
2.81125 6.38705 0
Time
1558534856749
Theta
2.04072
t_GA - R_GA * R_AB * t_BA
0 0 0
t_wo + t_wo_cam
2.81125 6.38705 0
Time
1558534856835
Theta
2.04072
t_GA - R_GA * R_AB * t_BA
0 0 0
t_wo + t_wo_cam
2.81125 6.38705 0
Time
1558534856921
Theta
2.04072
t_GA - R_GA * R_AB * t_BA
0 0 0
t_wo + t_wo_cam
2.6631 6.54381 0
Time
1558534857011
Theta
2.09587
t_GA - R_GA * R_AB * t_BA
0 0 0
t_wo + t_wo_cam
2.6631 6.54381 0
Time
1558534857097
Theta
2.09587
t_GA - R_GA * R_AB * t_BA
0 0 0
t_wo + t_wo_cam
2.6631 6.54381 0
Time
1558534857183
Theta
2.09587
t_GA - R_GA * R_AB * t_BA
0 0 0
t_wo + t_wo_cam
2.6631 6.54381 0
Time
1558534857273
Theta
2.09587
t_GA - R_GA * R_AB * t_BA
0 0 0
t_wo + t_wo_cam
2.6631 6.54381 0
Time
1558534857359
Theta
2.09587
t_GA - R_GA * R_AB * t_BA
0 0 0
t_wo + t_wo_cam
2.6631 6.54381 0
Time
1558534857445
Theta
2.09587
t_GA - R_GA * R_AB * t_BA
0 0 0
t_wo + t_wo_cam
2.6631 6.54381 0
Time
1558534857535
Theta
2.09587
t_GA - R_GA * R_AB * t_BA
0 0 0
t_wo + t_wo_cam
2.6631 6.54381 0
Time
1558534857621
Theta
2.09587
t_GA - R_GA * R_AB * t_BA
0 0 0
t_wo + t_wo_cam
2.6631 6.54381 0
Time
1558534857707
Theta
2.09587
t_GA - R_GA * R_AB * t_BA
0 0 0
t_wo + t_wo_cam
2.6631 6.54381 0
Time
1558534857793
Theta
2.09587
t_GA - R_GA * R_AB * t_BA
0 0 0
t_wo + t_wo_cam
2.50653 6.69216 0
Time
1558534857883
Theta
2.15102
t_GA - R_GA * R_AB * t_BA
0 0 0
t_wo + t_wo_cam
2.50653 6.69216 0
Time
1558534857969
Theta
2.15102
t_GA - R_GA * R_AB * t_BA
0 0 0
t_wo + t_wo_cam
2.50653 6.69216 0
Time
1558534858055
Theta
2.15102
t_GA - R_GA * R_AB * t_BA
0 0 0
t_wo + t_wo_cam
2.34203 6.83165 0
Time
1558534858145
Theta
2.20618
t_GA - R_GA * R_AB * t_BA
0 0 0
t_wo + t_wo_cam
2.34203 6.83165 0
Time
1558534858231
Theta
2.20618
t_GA - R_GA * R_AB * t_BA
0 0 0
t_wo + t_wo_cam
2.34203 6.83165 0
Time
1558534858317
Theta
2.20618
t_GA - R_GA * R_AB * t_BA
0 0 0
t_wo + t_wo_cam
2.17008 6.96187 0
Time
1558534858407
Theta
2.26133
t_GA - R_GA * R_AB * t_BA
0 0 0
t_wo + t_wo_cam
2.17008 6.96187 0
Time
1558534858493
Theta
2.26133
t_GA - R_GA * R_AB * t_BA
0 0 0
t_wo + t_wo_cam
2.17008 6.96187 0
Time
1558534858580
Theta
2.26133
t_GA - R_GA * R_AB * t_BA
0 0 0
t_wo + t_wo_cam
1.99122 7.08241 0
Time
1558534858670
Theta
2.31649
t_GA - R_GA * R_AB * t_BA
0 0 0
t_wo + t_wo_cam
1.99122 7.08241 0
Time
1558534858756
Theta
2.31649
t_GA - R_GA * R_AB * t_BA
0 0 0
t_wo + t_wo_cam
1.99122 7.08241 0
Time
1558534858842
Theta
2.31649
t_GA - R_GA * R_AB * t_BA
0 0 0
t_wo + t_wo_cam
1.80598 7.1929 0
Time
1558534858932
Theta
2.37164
t_GA - R_GA * R_AB * t_BA
0 0 0
t_wo + t_wo_cam
1.80598 7.1929 0
Time
1558534859018
Theta
2.37164
t_GA - R_GA * R_AB * t_BA
0 0 0
t_wo + t_wo_cam
1.80598 7.1929 0
Time
1558534859104
Theta
2.37164
t_GA - R_GA * R_AB * t_BA
0 0 0
t_wo + t_wo_cam
1.80598 7.1929 0
Time
1558534859194
Theta
2.37164
t_GA - R_GA * R_AB * t_BA
0 0 0
t_wo + t_wo_cam
1.80598 7.1929 0
Time
1558534859280
Theta
2.37164
t_GA - R_GA * R_AB * t_BA
0 0 0
t_wo + t_wo_cam
1.80598 7.1929 0
Time
1558534859366
Theta
2.37164
t_GA - R_GA * R_AB * t_BA
0 0 0
t_wo + t_wo_cam
1.80598 7.1929 0
Time
1558534859452
Theta
2.37164
t_GA - R_GA * R_AB * t_BA
0 0 0
t_wo + t_wo_cam
1.61493 7.29302 0
Time
1558534859542
Theta
2.4268
t_GA - R_GA * R_AB * t_BA
0 0 0
t_wo + t_wo_cam
1.61493 7.29302 0
Time
1558534859628
Theta
2.4268
t_GA - R_GA * R_AB * t_BA
0 0 0
t_wo + t_wo_cam
1.61493 7.29302 0
Time
1558534859714
Theta
2.4268
t_GA - R_GA * R_AB * t_BA
0 0 0
t_wo + t_wo_cam
1.41866 7.38245 0
Time
1558534859804
Theta
2.48195
t_GA - R_GA * R_AB * t_BA
0 0 0
t_wo + t_wo_cam
1.41866 7.38245 0
Time
1558534859890
Theta
2.48195
t_GA - R_GA * R_AB * t_BA
0 0 0
t_wo + t_wo_cam
1.41866 7.38245 0
Time
1558534859976
Theta
2.48195
t_GA - R_GA * R_AB * t_BA
0 0 0
t_wo + t_wo_cam
1.21775 7.46093 0
Time
1558534860066
Theta
2.53711
t_GA - R_GA * R_AB * t_BA
0 0 0
t_wo + t_wo_cam
1.21775 7.46093 0
Time
1558534860152
Theta
2.53711
t_GA - R_GA * R_AB * t_BA
0 0 0
t_wo + t_wo_cam
1.21775 7.46093 0
Time
1558534860238
Theta
2.53711
t_GA - R_GA * R_AB * t_BA
0 0 0
t_wo + t_wo_cam
1.01282 7.52821 0
Time
1558534860328
Theta
2.59226
t_GA - R_GA * R_AB * t_BA
0 0 0
t_wo + t_wo_cam
1.01282 7.52821 0
Time
1558534860415
Theta
2.59226
t_GA - R_GA * R_AB * t_BA
0 0 0
t_wo + t_wo_cam
1.01282 7.52821 0
Time
1558534860500
Theta
2.59226
t_GA - R_GA * R_AB * t_BA
0 0 0
t_wo + t_wo_cam
0.804501 7.58409 0
Time
1558534860591
Theta
2.64741
t_GA - R_GA * R_AB * t_BA
0 0 0
t_wo + t_wo_cam
0.804501 7.58409 0
Time
1558534860677
Theta
2.64741
t_GA - R_GA * R_AB * t_BA
0 0 0
t_wo + t_wo_cam
0.804501 7.58409 0
Time
1558534860763
Theta
2.64741
t_GA - R_GA * R_AB * t_BA
0 0 0
t_wo + t_wo_cam
0.593413 7.6284 0
Time
1558534860853
Theta
2.70257
t_GA - R_GA * R_AB * t_BA
0 0 0
t_wo + t_wo_cam
0.593413 7.6284 0
Time
1558534860939
Theta
2.70257
t_GA - R_GA * R_AB * t_BA
0 0 0
t_wo + t_wo_cam
0.593413 7.6284 0
Time
1558534861025
Theta
2.70257
t_GA - R_GA * R_AB * t_BA
0 0 0
t_wo + t_wo_cam
0.593413 7.6284 0
Time
1558534861115
Theta
2.70257
t_GA - R_GA * R_AB * t_BA
0 0 0
t_wo + t_wo_cam
0.593413 7.6284 0
Time
1558534861201
Theta
2.70257
t_GA - R_GA * R_AB * t_BA
0 0 0
t_wo + t_wo_cam
0.593413 7.6284 0
Time
1558534861287
Theta
2.70257
t_GA - R_GA * R_AB * t_BA
0 0 0
t_wo + t_wo_cam
0.593413 7.6284 0
Time
1558534861373
Theta
2.70257
t_GA - R_GA * R_AB * t_BA
0 0 0
t_wo + t_wo_cam
0.380203 7.66101 0
Time
1558534861463
Theta
2.75772
t_GA - R_GA * R_AB * t_BA
0 0 0
t_wo + t_wo_cam
0.380203 7.66101 0
Time
1558534861549
Theta
2.75772
t_GA - R_GA * R_AB * t_BA
0 0 0
t_wo + t_wo_cam
0.380203 7.66101 0
Time
1558534861635
Theta
2.75772
t_GA - R_GA * R_AB * t_BA
0 0 0
t_wo + t_wo_cam
0.16552 7.68182 0
Time
1558534861725
Theta
2.81288
t_GA - R_GA * R_AB * t_BA
0 0 0
t_wo + t_wo_cam
0.16552 7.68182 0
Time
1558534861811
Theta
2.81288
t_GA - R_GA * R_AB * t_BA
0 0 0
t_wo + t_wo_cam
0.16552 7.68182 0
Time
1558534861897
Theta
2.81288
t_GA - R_GA * R_AB * t_BA
0 0 0
t_wo + t_wo_cam
-0.0499842 7.69076 0
Time
1558534861987
Theta
2.86803
t_GA - R_GA * R_AB * t_BA
0 0 0
t_wo + t_wo_cam
-0.0499842 7.69076 0
Time
1558534862073
Theta
2.86803
t_GA - R_GA * R_AB * t_BA
0 0 0
t_wo + t_wo_cam
-0.0499842 7.69076 0
Time
1558534862159
Theta
2.86803
t_GA - R_GA * R_AB * t_BA
0 0 0
t_wo + t_wo_cam
-0.265653 7.6878 0
Time
1558534862249
Theta
2.92319
t_GA - R_GA * R_AB * t_BA
0 0 0
t_wo + t_wo_cam
-0.265653 7.6878 0
Time
1558534862335
Theta
2.92319
t_GA - R_GA * R_AB * t_BA
0 0 0
t_wo + t_wo_cam
-0.265653 7.6878 0
Time
1558534862421
Theta
2.92319
t_GA - R_GA * R_AB * t_BA
0 0 0
t_wo + t_wo_cam
-0.480831 7.67296 0
Time
1558534862511
Theta
2.97834
t_GA - R_GA * R_AB * t_BA
0 0 0
t_wo + t_wo_cam
-0.480831 7.67296 0
Time
1558534862597
Theta
2.97834
t_GA - R_GA * R_AB * t_BA
0 0 0
t_wo + t_wo_cam
-0.480831 7.67296 0
Time
1558534862683
Theta
2.97834
t_GA - R_GA * R_AB * t_BA
0 0 0
t_wo + t_wo_cam
-0.694864 7.64628 0
Time
1558534862774
Theta
3.0335
t_GA - R_GA * R_AB * t_BA
0 0 0
t_wo + t_wo_cam
-0.694864 7.64628 0
Time
1558534862860
Theta
3.0335
t_GA - R_GA * R_AB * t_BA
0 0 0
t_wo + t_wo_cam
-0.694864 7.64628 0
Time
1558534862946
Theta
3.0335
t_GA - R_GA * R_AB * t_BA
0 0 0
t_wo + t_wo_cam
-0.694864 7.64628 0
Time
1558534863036
Theta
3.0335
