awdqwd
t_GA - R_GA * R_AB * t_BA
1558437743409 0 0 0
t_wo + cam_pos
1558437743409 0.9 0 0
Theta
0
t_GA - R_GA * R_AB * t_BA
1558437743414 0 0 0
t_wo + cam_pos
1558437743415 0.9 0 0
Theta
0
t_GA - R_GA * R_AB * t_BA
1558437743420 0 0 0
t_wo + cam_pos
1558437743420 0.9 0 0
Theta
0
t_GA - R_GA * R_AB * t_BA
1558437743425 0 0 0
t_wo + cam_pos
1558437743425 0.9 0 0
Theta
0
t_GA - R_GA * R_AB * t_BA
1558437743430 0 0 0
t_wo + cam_pos
1558437743430 0.9 0 0
Theta
0
t_GA - R_GA * R_AB * t_BA
1558437743435 0 0 0
t_wo + cam_pos
1558437743435 0.9 0 0
Theta
0
t_GA - R_GA * R_AB * t_BA
1558437743440 0 0 0
t_wo + cam_pos
1558437743440 0.0920732 -0.0258902 0
Theta
-0.274113
t_GA - R_GA * R_AB * t_BA
1558437743446 0 0 0
t_wo + cam_pos
1558437743446 0.0920732 -0.0258902 0
Theta
-0.274113
t_GA - R_GA * R_AB * t_BA
1558437743451 0 0 0
t_wo + cam_pos
1558437743451 0.0920732 -0.0258902 0
Theta
-0.274113
t_GA - R_GA * R_AB * t_BA
1558437743456 0 0 0
t_wo + cam_pos
1558437743456 0.0920732 -0.0258902 0
Theta
-0.274113
t_GA - R_GA * R_AB * t_BA
1558437743461 0 0 0
t_wo + cam_pos
1558437743461 0.0920732 -0.0258902 0
Theta
-0.274113
t_GA - R_GA * R_AB * t_BA
1558437743466 0 0 0
t_wo + cam_pos
1558437743466 0.0920732 -0.0258902 0
Theta
-0.274113
t_GA - R_GA * R_AB * t_BA
1558437743471 0 0 0
t_wo + cam_pos
1558437743471 -0.692699 0.167886 0
Theta
-0.548226
t_GA - R_GA * R_AB * t_BA
1558437743477 0 0 0
t_wo + cam_pos
1558437743477 -0.692699 0.167886 0
Theta
-0.548226
t_GA - R_GA * R_AB * t_BA
1558437743482 0 0 0
t_wo + cam_pos
1558437743482 -0.692699 0.167886 0
Theta
-0.548226
t_GA - R_GA * R_AB * t_BA
1558437743487 0 0 0
t_wo + cam_pos
1558437743487 -0.692699 0.167886 0
Theta
-0.548226
t_GA - R_GA * R_AB * t_BA
1558437743492 0 0 0
t_wo + cam_pos
1558437743492 -0.692699 0.167886 0
Theta
-0.548226
t_GA - R_GA * R_AB * t_BA
1558437743498 0 0 0
t_wo + cam_pos
1558437743498 -0.692699 0.167886 0
Theta
-0.548226
t_GA - R_GA * R_AB * t_BA
1558437743503 0 0 0
t_wo + cam_pos
1558437743503 -0.692699 0.167886 0
Theta
-0.548226
t_GA - R_GA * R_AB * t_BA
1558437743508 0 0 0
t_wo + cam_pos
1558437743508 -0.692699 0.167886 0
Theta
-0.548226
t_GA - R_GA * R_AB * t_BA
1558437743514 0 0 0
t_wo + cam_pos
1558437743514 -0.692699 0.167886 0
Theta
-0.548226
t_GA - R_GA * R_AB * t_BA
1558437743519 0 0 0
t_wo + cam_pos
1558437743519 -0.692699 0.167886 0
Theta
-0.548226
t_GA - R_GA * R_AB * t_BA
1558437743525 0 0 0
t_wo + cam_pos
1558437743525 -0.692699 0.167886 0
Theta
-0.548226
t_GA - R_GA * R_AB * t_BA
1558437743549 0 0 0
t_wo + cam_pos
1558437743549 -0.692699 0.167886 0
Theta
-0.548226
t_GA - R_GA * R_AB * t_BA
1558437743573 0 0 0
t_wo + cam_pos
1558437743573 -0.692699 0.167886 0
Theta
-0.548226
t_GA - R_GA * R_AB * t_BA
1558437743598 0 0 0
t_wo + cam_pos
1558437743598 -0.692699 0.167886 0
Theta
-0.548226
t_GA - R_GA * R_AB * t_BA
1558437743623 0 0 0
t_wo + cam_pos
1558437743623 -0.692699 0.167886 0
Theta
-0.548226
t_GA - R_GA * R_AB * t_BA
1558437743647 0 0 0
t_wo + cam_pos
1558437743647 -0.692699 0.167886 0
Theta
-0.548226
t_GA - R_GA * R_AB * t_BA
1558437743668 0 0 0
t_wo + cam_pos
1558437743668 -0.692699 0.167886 0
Theta
-0.548226
t_GA - R_GA * R_AB * t_BA
1558437743692 0 0 0
t_wo + cam_pos
1558437743692 -0.692699 0.167886 0
Theta
-0.548226
t_GA - R_GA * R_AB * t_BA
1558437743717 0 0 0
t_wo + cam_pos
1558437743717 -0.692699 0.167886 0
Theta
-0.548226
t_GA - R_GA * R_AB * t_BA
1558437743741 0 0 0
t_wo + cam_pos
1558437743741 -0.692699 0.167886 0
Theta
-0.548226
t_GA - R_GA * R_AB * t_BA
1558437743766 0 0 0
t_wo + cam_pos
1558437743766 -0.692699 0.167886 0
Theta
-0.548226
t_GA - R_GA * R_AB * t_BA
1558437743790 0 0 0
t_wo + cam_pos
1558437743790 -0.692699 0.167886 0
Theta
-0.548226
t_GA - R_GA * R_AB * t_BA
1558437743811 0 0 0
t_wo + cam_pos
1558437743811 -0.692699 0.167886 0
Theta
-0.548226
t_GA - R_GA * R_AB * t_BA
1558437743835 0 0 0
t_wo + cam_pos
1558437743835 -0.692699 0.167886 0
Theta
-0.548226
t_GA - R_GA * R_AB * t_BA
1558437743860 0 0 0
t_wo + cam_pos
1558437743860 -0.692699 0.167886 0
Theta
-0.548226
t_GA - R_GA * R_AB * t_BA
1558437743884 0 0 0
t_wo + cam_pos
1558437743885 -0.692699 0.167886 0
Theta
-0.548226
t_GA - R_GA * R_AB * t_BA
1558437743909 0 0 0
t_wo + cam_pos
1558437743909 -0.692699 0.167886 0
Theta
-0.548226
t_GA - R_GA * R_AB * t_BA
1558437743934 0 0 0
t_wo + cam_pos
1558437743934 -0.692699 0.167886 0
Theta
-0.548226
t_GA - R_GA * R_AB * t_BA
1558437743954 0 0 0
t_wo + cam_pos
1558437743954 -0.692699 0.167886 0
Theta
-0.548226
t_GA - R_GA * R_AB * t_BA
1558437743979 0 0 0
t_wo + cam_pos
1558437743979 -0.692699 0.167886 0
Theta
-0.548226
t_GA - R_GA * R_AB * t_BA
1558437744003 0 0 0
t_wo + cam_pos
1558437744003 -0.692699 0.167886 0
Theta
-0.548226
t_GA - R_GA * R_AB * t_BA
1558437744028 0 0 0
t_wo + cam_pos
1558437744028 -0.692699 0.167886 0
Theta
-0.548226
t_GA - R_GA * R_AB * t_BA
1558437744052 0 0 0
t_wo + cam_pos
1558437744052 -0.692699 0.167886 0
Theta
-0.548226
t_GA - R_GA * R_AB * t_BA
1558437744077 0 0 0
t_wo + cam_pos
1558437744077 -0.692699 0.167886 0
Theta
-0.548226
t_GA - R_GA * R_AB * t_BA
1558437744101 0 0 0
t_wo + cam_pos
1558437744102 -0.692699 0.167886 0
Theta
-0.548226
t_GA - R_GA * R_AB * t_BA
1558437744122 0 0 0
t_wo + cam_pos
1558437744122 -0.692699 0.167886 0
Theta
-0.548226
t_GA - R_GA * R_AB * t_BA
1558437744147 0 0 0
t_wo + cam_pos
1558437744147 -0.692699 0.167886 0
Theta
-0.548226
t_GA - R_GA * R_AB * t_BA
1558437744171 0 0 0
t_wo + cam_pos
1558437744171 -0.692699 0.167886 0
Theta
-0.548226
t_GA - R_GA * R_AB * t_BA
1558437744196 0 0 0
t_wo + cam_pos
1558437744196 -0.692699 0.167886 0
Theta
-0.548226
t_GA - R_GA * R_AB * t_BA
1558437744220 0 0 0
t_wo + cam_pos
1558437744220 -0.692699 0.167886 0
Theta
-0.548226
t_GA - R_GA * R_AB * t_BA
1558437744245 0 0 0
t_wo + cam_pos
1558437744245 -0.692699 0.167886 0
Theta
-0.548226
t_GA - R_GA * R_AB * t_BA
1558437744265 0 0 0
t_wo + cam_pos
1558437744265 -0.692699 0.167886 0
Theta
-0.548226
t_GA - R_GA * R_AB * t_BA
1558437744290 0 0 0
t_wo + cam_pos
1558437744290 -0.692699 0.167886 0
Theta
-0.548226
t_GA - R_GA * R_AB * t_BA
1558437744314 0 0 0
t_wo + cam_pos
1558437744314 -0.692699 0.167886 0
Theta
-0.548226
t_GA - R_GA * R_AB * t_BA
1558437744339 0 0 0
t_wo + cam_pos
1558437744339 -0.692699 0.167886 0
Theta
-0.548226
t_GA - R_GA * R_AB * t_BA
1558437744363 0 0 0
t_wo + cam_pos
1558437744364 -0.692699 0.167886 0
Theta
-0.548226
t_GA - R_GA * R_AB * t_BA
1558437744388 0 0 0
t_wo + cam_pos
1558437744388 -0.692699 0.167886 0
Theta
-0.548226
t_GA - R_GA * R_AB * t_BA
1558437744409 0 0 0
t_wo + cam_pos
1558437744409 -0.692699 0.167886 0
Theta
-0.548226
t_GA - R_GA * R_AB * t_BA
1558437744433 0 0 0
t_wo + cam_pos
1558437744433 -0.692699 0.167886 0
Theta
-0.548226
t_GA - R_GA * R_AB * t_BA
1558437744458 0 0 0
t_wo + cam_pos
1558437744458 -0.692699 0.167886 0
Theta
-0.548226
t_GA - R_GA * R_AB * t_BA
1558437744482 0 0 0
t_wo + cam_pos
1558437744482 -0.692699 0.167886 0
Theta
-0.548226
t_GA - R_GA * R_AB * t_BA
1558437744507 0 0 0
t_wo + cam_pos
1558437744507 -0.692699 0.167886 0
Theta
-0.548226
t_GA - R_GA * R_AB * t_BA
1558437744531 0 0 0
t_wo + cam_pos
1558437744531 -0.692699 0.167886 0
Theta
-0.548226
t_GA - R_GA * R_AB * t_BA
1558437744552 0 0 0
t_wo + cam_pos
1558437744552 -0.692699 0.167886 0
Theta
-0.548226
t_GA - R_GA * R_AB * t_BA
1558437744576 0 0 0
t_wo + cam_pos
1558437744576 -0.692699 0.167886 0
Theta
-0.548226
t_GA - R_GA * R_AB * t_BA
1558437744601 0 0 0
t_wo + cam_pos
1558437744601 -0.692699 0.167886 0
Theta
-0.548226
t_GA - R_GA * R_AB * t_BA
1558437744625 0 0 0
t_wo + cam_pos
1558437744625 -0.692699 0.167886 0
Theta
-0.548226
t_GA - R_GA * R_AB * t_BA
1558437744650 0 0 0
t_wo + cam_pos
1558437744650 -0.692699 0.167886 0
Theta
-0.548226
t_GA - R_GA * R_AB * t_BA
1558437744675 0 0 0
t_wo + cam_pos
1558437744675 -0.692699 0.167886 0
Theta
-0.548226
t_GA - R_GA * R_AB * t_BA
1558437744695 0 0 0
t_wo + cam_pos
1558437744695 -0.692699 0.167886 0
Theta
-0.548226
t_GA - R_GA * R_AB * t_BA
1558437744720 0 0 0
t_wo + cam_pos
1558437744720 -0.692699 0.167886 0
Theta
-0.548226
t_GA - R_GA * R_AB * t_BA
1558437744744 0 0 0
t_wo + cam_pos
1558437744744 -0.692699 0.167886 0
Theta
-0.548226
t_GA - R_GA * R_AB * t_BA
1558437744769 0 0 0
t_wo + cam_pos
1558437744769 -0.692699 0.167886 0
Theta
-0.548226
t_GA - R_GA * R_AB * t_BA
1558437744793 0 0 0
t_wo + cam_pos
1558437744793 -0.692699 0.167886 0
Theta
-0.548226
t_GA - R_GA * R_AB * t_BA
1558437744818 0 0 0
t_wo + cam_pos
1558437744818 -0.692699 0.167886 0
Theta
-0.548226
t_GA - R_GA * R_AB * t_BA
1558437744838 0 0 0
t_wo + cam_pos
1558437744838 -0.692699 0.167886 0
Theta
-0.548226
t_GA - R_GA * R_AB * t_BA
1558437744863 0 0 0
t_wo + cam_pos
1558437744863 -0.692699 0.167886 0
Theta
-0.548226
t_GA - R_GA * R_AB * t_BA
1558437744887 0 0 0
t_wo + cam_pos
1558437744887 -0.692699 0.167886 0
Theta
-0.548226
t_GA - R_GA * R_AB * t_BA
1558437744912 0 0 0
t_wo + cam_pos
1558437744912 -0.692699 0.167886 0
Theta
-0.548226
t_GA - R_GA * R_AB * t_BA
1558437744937 0 0 0
t_wo + cam_pos
1558437744937 -0.692699 0.167886 0
Theta
-0.548226
t_GA - R_GA * R_AB * t_BA
1558437744961 0 0 0
t_wo + cam_pos
1558437744961 -0.692699 0.167886 0
Theta
-0.548226
t_GA - R_GA * R_AB * t_BA
1558437744982 0 0 0
t_wo + cam_pos
1558437744982 -0.692699 0.167886 0
Theta
-0.548226
t_GA - R_GA * R_AB * t_BA
1558437745006 0 0 0
t_wo + cam_pos
1558437745006 -0.692699 0.167886 0
Theta
-0.548226
t_GA - R_GA * R_AB * t_BA
1558437745031 0 0 0
t_wo + cam_pos
1558437745031 -0.692699 0.167886 0
Theta
-0.548226
t_GA - R_GA * R_AB * t_BA
1558437745055 0 0 0
t_wo + cam_pos
1558437745056 -0.692699 0.167886 0
Theta
-0.548226
t_GA - R_GA * R_AB * t_BA
1558437745080 0 0 0
t_wo + cam_pos
1558437745080 -0.692699 0.167886 0
Theta
-0.548226
t_GA - R_GA * R_AB * t_BA
1558437745104 0 0 0
t_wo + cam_pos
1558437745105 -0.692699 0.167886 0
Theta
-0.548226
t_GA - R_GA * R_AB * t_BA
1558437745125 0 0 0
t_wo + cam_pos
1558437745125 -0.692699 0.167886 0
Theta
-0.548226
t_GA - R_GA * R_AB * t_BA
1558437745149 0 0 0
t_wo + cam_pos
1558437745150 -0.692699 0.167886 0
Theta
-0.548226
t_GA - R_GA * R_AB * t_BA
1558437745174 0 0 0
t_wo + cam_pos
1558437745174 -0.692699 0.167886 0
Theta
-0.548226
t_GA - R_GA * R_AB * t_BA
1558437745199 0 0 0
t_wo + cam_pos
1558437745199 -0.692699 0.167886 0
Theta
-0.548226
t_GA - R_GA * R_AB * t_BA
1558437745223 0 0 0
t_wo + cam_pos
1558437745223 -0.692699 0.167886 0
Theta
-0.548226
t_GA - R_GA * R_AB * t_BA
1558437745248 0 0 0
t_wo + cam_pos
1558437745248 -0.692699 0.167886 0
Theta
-0.548226
t_GA - R_GA * R_AB * t_BA
1558437745272 0 0 0
t_wo + cam_pos
1558437745272 -0.692699 0.167886 0
Theta
-0.548226
t_GA - R_GA * R_AB * t_BA
1558437745293 0 0 0
t_wo + cam_pos
1558437745293 -0.692699 0.167886 0
Theta
-0.548226
t_GA - R_GA * R_AB * t_BA
1558437745317 0 0 0
t_wo + cam_pos
1558437745317 -0.692699 0.167886 0
Theta
-0.548226
t_GA - R_GA * R_AB * t_BA
1558437745342 0 0 0
t_wo + cam_pos
1558437745342 -0.692699 0.167886 0
Theta
-0.548226
t_GA - R_GA * R_AB * t_BA
1558437745366 0 0 0
t_wo + cam_pos
1558437745367 -0.692699 0.167886 0
Theta
-0.548226
t_GA - R_GA * R_AB * t_BA
1558437745391 0 0 0
t_wo + cam_pos
1558437745391 -0.692699 0.167886 0
Theta
-0.548226
t_GA - R_GA * R_AB * t_BA
1558437745416 0 0 0
t_wo + cam_pos
1558437745416 -0.692699 0.167886 0
Theta
-0.548226
t_GA - R_GA * R_AB * t_BA
1558437745436 0 0 0
t_wo + cam_pos
1558437745436 -0.692699 0.167886 0
Theta
-0.548226
t_GA - R_GA * R_AB * t_BA
1558437745461 0 0 0
t_wo + cam_pos
1558437745461 -0.692699 0.167886 0
Theta
-0.548226
t_GA - R_GA * R_AB * t_BA
1558437745485 0 0 0
t_wo + cam_pos
1558437745485 -0.692699 0.167886 0
Theta
-0.548226
t_GA - R_GA * R_AB * t_BA
1558437745510 0 0 0
t_wo + cam_pos
1558437745510 -0.692699 0.167886 0
Theta
-0.548226
t_GA - R_GA * R_AB * t_BA
1558437745534 0 0 0
t_wo + cam_pos
1558437745534 -0.692699 0.167886 0
Theta
-0.548226
t_GA - R_GA * R_AB * t_BA
1558437745559 0 0 0
t_wo + cam_pos
1558437745559 -0.692699 0.167886 0
Theta
-0.548226
t_GA - R_GA * R_AB * t_BA
1558437745579 0 0 0
t_wo + cam_pos
1558437745579 -0.692699 0.167886 0
Theta
-0.548226
t_GA - R_GA * R_AB * t_BA
1558437745604 0 0 0
t_wo + cam_pos
1558437745604 -0.692699 0.167886 0
Theta
-0.548226
t_GA - R_GA * R_AB * t_BA
1558437745628 0 0 0
t_wo + cam_pos
1558437745628 -0.692699 0.167886 0
Theta
-0.548226
t_GA - R_GA * R_AB * t_BA
1558437745653 0 0 0
t_wo + cam_pos
1558437745653 -0.692699 0.167886 0
Theta
-0.548226
t_GA - R_GA * R_AB * t_BA
1558437745678 0 0 0
t_wo + cam_pos
1558437745678 -0.692699 0.167886 0
Theta
-0.548226
t_GA - R_GA * R_AB * t_BA
1558437745702 0 0 0
t_wo + cam_pos
1558437745702 -0.692699 0.167886 0
Theta
-0.548226
t_GA - R_GA * R_AB * t_BA
1558437745723 0 0 0
t_wo + cam_pos
1558437745723 -0.692699 0.167886 0
Theta
-0.548226
t_GA - R_GA * R_AB * t_BA
1558437745747 0 0 0
t_wo + cam_pos
1558437745747 -0.692699 0.167886 0
Theta
-0.548226
t_GA - R_GA * R_AB * t_BA
1558437745772 0 0 0
t_wo + cam_pos
1558437745772 -0.692699 0.167886 0
Theta
-0.548226
t_GA - R_GA * R_AB * t_BA
1558437745796 0 0 0
t_wo + cam_pos
1558437745796 -0.692699 0.167886 0
Theta
-0.548226
t_GA - R_GA * R_AB * t_BA
1558437745821 0 0 0
t_wo + cam_pos
1558437745821 -0.692699 0.167886 0
Theta
-0.548226
t_GA - R_GA * R_AB * t_BA
1558437745845 0 0 0
t_wo + cam_pos
1558437745845 -0.692699 0.167886 0
Theta
-0.548226
t_GA - R_GA * R_AB * t_BA
1558437745866 0 0 0
t_wo + cam_pos
1558437745866 -0.692699 0.167886 0
Theta
-0.548226
t_GA - R_GA * R_AB * t_BA
1558437745890 0 0 0
t_wo + cam_pos
1558437745890 -0.692699 0.167886 0
Theta
-0.548226
t_GA - R_GA * R_AB * t_BA
1558437745915 0 0 0
t_wo + cam_pos
1558437745915 -0.692699 0.167886 0
Theta
-0.548226
t_GA - R_GA * R_AB * t_BA
1558437745940 0 0 0
t_wo + cam_pos
1558437745940 -0.692699 0.167886 0
Theta
-0.548226
t_GA - R_GA * R_AB * t_BA
1558437745964 0 0 0
t_wo + cam_pos
1558437745964 -0.692699 0.167886 0
Theta
-0.548226
t_GA - R_GA * R_AB * t_BA
1558437745989 0 0 0
t_wo + cam_pos
1558437745989 -0.692699 0.167886 0
Theta
-0.548226
t_GA - R_GA * R_AB * t_BA
1558437746009 0 0 0
t_wo + cam_pos
1558437746009 -0.692699 0.167886 0
Theta
-0.548226
t_GA - R_GA * R_AB * t_BA
1558437746034 0 0 0
t_wo + cam_pos
1558437746034 -0.692699 0.167886 0
Theta
-0.548226
t_GA - R_GA * R_AB * t_BA
1558437746058 0 0 0
t_wo + cam_pos
1558437746058 -0.692699 0.167886 0
Theta
-0.548226
t_GA - R_GA * R_AB * t_BA
1558437746083 0 0 0
t_wo + cam_pos
1558437746083 -0.692699 0.167886 0
Theta
-0.548226
t_GA - R_GA * R_AB * t_BA
1558437746107 0 0 0
t_wo + cam_pos
1558437746107 -0.692699 0.167886 0
Theta
-0.548226
t_GA - R_GA * R_AB * t_BA
1558437746132 0 0 0
t_wo + cam_pos
1558437746132 -0.692699 0.167886 0
Theta
-0.548226
t_GA - R_GA * R_AB * t_BA
1558437746152 0 0 0
t_wo + cam_pos
1558437746152 -0.692699 0.167886 0
Theta
-0.548226
t_GA - R_GA * R_AB * t_BA
1558437746177 0 0 0
t_wo + cam_pos
1558437746177 -0.692699 0.167886 0
Theta
-0.548226
t_GA - R_GA * R_AB * t_BA
1558437746202 0 0 0
t_wo + cam_pos
1558437746202 -0.692699 0.167886 0
Theta
-0.548226
t_GA - R_GA * R_AB * t_BA
1558437746226 0 0 0
t_wo + cam_pos
1558437746226 -0.692699 0.167886 0
Theta
-0.548226
t_GA - R_GA * R_AB * t_BA
1558437746251 0 0 0
t_wo + cam_pos
1558437746251 -0.692699 0.167886 0
Theta
-0.548226
t_GA - R_GA * R_AB * t_BA
1558437746275 0 0 0
t_wo + cam_pos
1558437746275 -0.692699 0.167886 0
Theta
-0.548226
t_GA - R_GA * R_AB * t_BA
1558437746300 0 0 0
t_wo + cam_pos
1558437746300 -0.692699 0.167886 0
Theta
-0.548226
t_GA - R_GA * R_AB * t_BA
1558437746320 0 0 0
t_wo + cam_pos
1558437746320 -0.692699 0.167886 0
Theta
-0.548226
t_GA - R_GA * R_AB * t_BA
1558437746345 0 0 0
t_wo + cam_pos
1558437746345 -0.692699 0.167886 0
Theta
-0.548226
t_GA - R_GA * R_AB * t_BA
1558437746369 0 0 0
t_wo + cam_pos
1558437746370 -0.692699 0.167886 0
Theta
-0.548226
t_GA - R_GA * R_AB * t_BA
1558437746394 0 0 0
t_wo + cam_pos
1558437746394 -0.692699 0.167886 0
Theta
-0.548226
t_GA - R_GA * R_AB * t_BA
1558437746418 0 0 0
t_wo + cam_pos
1558437746418 -0.692699 0.167886 0
Theta
-0.548226
t_GA - R_GA * R_AB * t_BA
1558437746443 0 0 0
t_wo + cam_pos
1558437746443 -0.692699 0.167886 0
Theta
-0.548226
t_GA - R_GA * R_AB * t_BA
1558437746464 0 0 0
t_wo + cam_pos
1558437746464 -0.692699 0.167886 0
Theta
-0.548226
t_GA - R_GA * R_AB * t_BA
1558437746488 0 0 0
t_wo + cam_pos
1558437746488 -0.692699 0.167886 0
Theta
-0.548226
t_GA - R_GA * R_AB * t_BA
1558437746513 0 0 0
t_wo + cam_pos
1558437746513 -0.692699 0.167886 0
Theta
-0.548226
t_GA - R_GA * R_AB * t_BA
1558437746537 0 0 0
t_wo + cam_pos
1558437746537 -0.692699 0.167886 0
Theta
-0.548226
t_GA - R_GA * R_AB * t_BA
1558437746562 0 0 0
t_wo + cam_pos
1558437746562 -0.692699 0.167886 0
Theta
-0.548226
t_GA - R_GA * R_AB * t_BA
1558437746587 0 0 0
t_wo + cam_pos
1558437746587 -0.692699 0.167886 0
Theta
-0.548226
t_GA - R_GA * R_AB * t_BA
1558437746607 0 0 0
t_wo + cam_pos
1558437746607 -0.692699 0.167886 0
Theta
-0.548226
t_GA - R_GA * R_AB * t_BA
1558437746631 0 0 0
t_wo + cam_pos
1558437746631 -0.692699 0.167886 0
Theta
-0.548226
t_GA - R_GA * R_AB * t_BA
1558437746656 0 0 0
t_wo + cam_pos
1558437746656 -0.692699 0.167886 0
Theta
-0.548226
t_GA - R_GA * R_AB * t_BA
1558437746681 0 0 0
t_wo + cam_pos
1558437746681 -0.692699 0.167886 0
Theta
-0.548226
t_GA - R_GA * R_AB * t_BA
1558437746705 0 0 0
t_wo + cam_pos
1558437746705 -0.692699 0.167886 0
Theta
-0.548226
t_GA - R_GA * R_AB * t_BA
1558437746730 0 0 0
t_wo + cam_pos
1558437746730 -0.692699 0.167886 0
Theta
-0.548226
t_GA - R_GA * R_AB * t_BA
1558437746750 0 0 0
t_wo + cam_pos
1558437746750 -0.692699 0.167886 0
Theta
-0.548226
t_GA - R_GA * R_AB * t_BA
1558437746775 0 0 0
t_wo + cam_pos
1558437746775 -0.692699 0.167886 0
Theta
-0.548226
t_GA - R_GA * R_AB * t_BA
1558437746799 0 0 0
t_wo + cam_pos
1558437746799 -0.692699 0.167886 0
Theta
-0.548226
t_GA - R_GA * R_AB * t_BA
1558437746824 0 0 0
t_wo + cam_pos
1558437746824 -0.692699 0.167886 0
Theta
-0.548226
t_GA - R_GA * R_AB * t_BA
1558437746848 0 0 0
t_wo + cam_pos
1558437746848 -0.692699 0.167886 0
Theta
-0.548226
t_GA - R_GA * R_AB * t_BA
1558437746873 0 0 0
t_wo + cam_pos
1558437746873 -0.692699 0.167886 0
Theta
-0.548226
t_GA - R_GA * R_AB * t_BA
1558437746893 0 0 0
t_wo + cam_pos
1558437746894 -0.692699 0.167886 0
Theta
-0.548226
t_GA - R_GA * R_AB * t_BA
1558437746918 0 0 0
t_wo + cam_pos
1558437746918 -0.692699 0.167886 0
Theta
-0.548226
t_GA - R_GA * R_AB * t_BA
1558437746942 0 0 0
t_wo + cam_pos
1558437746943 -0.692699 0.167886 0
Theta
-0.548226
t_GA - R_GA * R_AB * t_BA
1558437746967 0 0 0
t_wo + cam_pos
1558437746967 -0.692699 0.167886 0
Theta
-0.548226
t_GA - R_GA * R_AB * t_BA
1558437746992 0 0 0
t_wo + cam_pos
1558437746992 -0.692699 0.167886 0
Theta
-0.548226
t_GA - R_GA * R_AB * t_BA
1558437747016 0 0 0
t_wo + cam_pos
1558437747016 -0.692699 0.167886 0
Theta
-0.548226
t_GA - R_GA * R_AB * t_BA
1558437747037 0 0 0
t_wo + cam_pos
1558437747037 -0.692699 0.167886 0
Theta
-0.548226
t_GA - R_GA * R_AB * t_BA
1558437747061 0 0 0
t_wo + cam_pos
1558437747061 -0.692699 0.167886 0
Theta
-0.548226
t_GA - R_GA * R_AB * t_BA
1558437747086 0 0 0
t_wo + cam_pos
1558437747086 -0.692699 0.167886 0
Theta
-0.548226
t_GA - R_GA * R_AB * t_BA
1558437747110 0 0 0
t_wo + cam_pos
1558437747110 -0.692699 0.167886 0
Theta
-0.548226
t_GA - R_GA * R_AB * t_BA
1558437747135 0 0 0
t_wo + cam_pos
1558437747135 -0.692699 0.167886 0
Theta
-0.548226
t_GA - R_GA * R_AB * t_BA
1558437747160 0 0 0
t_wo + cam_pos
1558437747160 -0.692699 0.167886 0
Theta
-0.548226
t_GA - R_GA * R_AB * t_BA
1558437747180 0 0 0
t_wo + cam_pos
1558437747180 -0.692699 0.167886 0
Theta
-0.548226
t_GA - R_GA * R_AB * t_BA
1558437747204 0 0 0
t_wo + cam_pos
1558437747204 -0.692699 0.167886 0
Theta
-0.548226
t_GA - R_GA * R_AB * t_BA
1558437747229 0 0 0
t_wo + cam_pos
1558437747229 -0.692699 0.167886 0
Theta
-0.548226
t_GA - R_GA * R_AB * t_BA
1558437747254 0 0 0
t_wo + cam_pos
1558437747254 -0.692699 0.167886 0
Theta
-0.548226
t_GA - R_GA * R_AB * t_BA
1558437747278 0 0 0
t_wo + cam_pos
1558437747278 -0.692699 0.167886 0
Theta
-0.548226
t_GA - R_GA * R_AB * t_BA
1558437747303 0 0 0
t_wo + cam_pos
1558437747303 -0.692699 0.167886 0
Theta
-0.548226
t_GA - R_GA * R_AB * t_BA
1558437747327 0 0 0
t_wo + cam_pos
1558437747327 -0.692699 0.167886 0
Theta
-0.548226
t_GA - R_GA * R_AB * t_BA
1558437747348 0 0 0
t_wo + cam_pos
1558437747348 -0.692699 0.167886 0
Theta
-0.548226
t_GA - R_GA * R_AB * t_BA
1558437747372 0 0 0
t_wo + cam_pos
1558437747372 -0.692699 0.167886 0
Theta
-0.548226
t_GA - R_GA * R_AB * t_BA
1558437747397 0 0 0
t_wo + cam_pos
1558437747397 -0.692699 0.167886 0
Theta
-0.548226
t_GA - R_GA * R_AB * t_BA
1558437747421 0 0 0
t_wo + cam_pos
1558437747421 -0.692699 0.167886 0
Theta
-0.548226
t_GA - R_GA * R_AB * t_BA
1558437747446 0 0 0
t_wo + cam_pos
1558437747446 -0.692699 0.167886 0
Theta
-0.548226
t_GA - R_GA * R_AB * t_BA
1558437747471 0 0 0
t_wo + cam_pos
1558437747471 -0.692699 0.167886 0
Theta
-0.548226
t_GA - R_GA * R_AB * t_BA
1558437747491 0 0 0
t_wo + cam_pos
1558437747491 -0.692699 0.167886 0
Theta
-0.548226
t_GA - R_GA * R_AB * t_BA
1558437747516 0 0 0
t_wo + cam_pos
1558437747516 -0.692699 0.167886 0
Theta
-0.548226
t_GA - R_GA * R_AB * t_BA
1558437747540 0 0 0
t_wo + cam_pos
1558437747540 -0.692699 0.167886 0
Theta
-0.548226
t_GA - R_GA * R_AB * t_BA
1558437747565 0 0 0
t_wo + cam_pos
1558437747565 -0.692699 0.167886 0
Theta
-0.548226
t_GA - R_GA * R_AB * t_BA
1558437747589 0 0 0
t_wo + cam_pos
1558437747589 -0.692699 0.167886 0
Theta
-0.548226
t_GA - R_GA * R_AB * t_BA
1558437747614 0 0 0
t_wo + cam_pos
1558437747614 -0.692699 0.167886 0
Theta
-0.548226
t_GA - R_GA * R_AB * t_BA
1558437747634 0 0 0
t_wo + cam_pos
1558437747634 -0.692699 0.167886 0
Theta
-0.548226
t_GA - R_GA * R_AB * t_BA
1558437747659 0 0 0
t_wo + cam_pos
1558437747659 -0.692699 0.167886 0
Theta
-0.548226
t_GA - R_GA * R_AB * t_BA
1558437747684 0 0 0
t_wo + cam_pos
1558437747684 -0.692699 0.167886 0
Theta
-0.548226
t_GA - R_GA * R_AB * t_BA
1558437747708 0 0 0
t_wo + cam_pos
1558437747708 -0.692699 0.167886 0
Theta
-0.548226
t_GA - R_GA * R_AB * t_BA
1558437747733 0 0 0
t_wo + cam_pos
1558437747733 -0.692699 0.167886 0
Theta
-0.548226
t_GA - R_GA * R_AB * t_BA
1558437747757 0 0 0
t_wo + cam_pos
1558437747757 -0.692699 0.167886 0
Theta
-0.548226
t_GA - R_GA * R_AB * t_BA
1558437747778 0 0 0
t_wo + cam_pos
1558437747778 -0.692699 0.167886 0
Theta
-0.548226
t_GA - R_GA * R_AB * t_BA
1558437747802 0 0 0
t_wo + cam_pos
1558437747802 -0.692699 0.167886 0
Theta
-0.548226
t_GA - R_GA * R_AB * t_BA
1558437747827 0 0 0
t_wo + cam_pos
1558437747827 -0.692699 0.167886 0
Theta
-0.548226
t_GA - R_GA * R_AB * t_BA
1558437747851 0 0 0
t_wo + cam_pos
1558437747851 -0.692699 0.167886 0
Theta
-0.548226
t_GA - R_GA * R_AB * t_BA
1558437747876 0 0 0
t_wo + cam_pos
1558437747876 -0.692699 0.167886 0
Theta
-0.548226
t_GA - R_GA * R_AB * t_BA
1558437747900 0 0 0
t_wo + cam_pos
1558437747901 -0.692699 0.167886 0
Theta
-0.548226
t_GA - R_GA * R_AB * t_BA
1558437747921 0 0 0
t_wo + cam_pos
1558437747921 -0.692699 0.167886 0
Theta
-0.548226
t_GA - R_GA * R_AB * t_BA
1558437747945 0 0 0
t_wo + cam_pos
1558437747946 -0.692699 0.167886 0
Theta
-0.548226
t_GA - R_GA * R_AB * t_BA
1558437747970 0 0 0
t_wo + cam_pos
1558437747970 -0.692699 0.167886 0
Theta
-0.548226
t_GA - R_GA * R_AB * t_BA
1558437747995 0 0 0
t_wo + cam_pos
1558437747995 -0.692699 0.167886 0
Theta
-0.548226
t_GA - R_GA * R_AB * t_BA
1558437748019 0 0 0
t_wo + cam_pos
1558437748019 -0.692699 0.167886 0
Theta
-0.548226
t_GA - R_GA * R_AB * t_BA
1558437748044 0 0 0
t_wo + cam_pos
1558437748044 -0.692699 0.167886 0
Theta
-0.548226
t_GA - R_GA * R_AB * t_BA
1558437748064 0 0 0
t_wo + cam_pos
1558437748064 -0.692699 0.167886 0
Theta
-0.548226
t_GA - R_GA * R_AB * t_BA
1558437748089 0 0 0
t_wo + cam_pos
1558437748089 -0.692699 0.167886 0
Theta
-0.548226
t_GA - R_GA * R_AB * t_BA
1558437748113 0 0 0
t_wo + cam_pos
1558437748113 -0.692699 0.167886 0
Theta
-0.548226
t_GA - R_GA * R_AB * t_BA
1558437748138 0 0 0
t_wo + cam_pos
1558437748138 -0.692699 0.167886 0
Theta
-0.548226
t_GA - R_GA * R_AB * t_BA
1558437748162 0 0 0
t_wo + cam_pos
1558437748162 -0.692699 0.167886 0
Theta
-0.548226
t_GA - R_GA * R_AB * t_BA
1558437748187 0 0 0
t_wo + cam_pos
1558437748187 -0.692699 0.167886 0
Theta
-0.548226
t_GA - R_GA * R_AB * t_BA
1558437748208 0 0 0
t_wo + cam_pos
1558437748208 -0.692699 0.167886 0
Theta
-0.548226
t_GA - R_GA * R_AB * t_BA
1558437748232 0 0 0
t_wo + cam_pos
1558437748232 -0.692699 0.167886 0
Theta
-0.548226
t_GA - R_GA * R_AB * t_BA
1558437748257 0 0 0
t_wo + cam_pos
1558437748257 -0.692699 0.167886 0
Theta
-0.548226
t_GA - R_GA * R_AB * t_BA
1558437748281 0 0 0
t_wo + cam_pos
1558437748281 -0.692699 0.167886 0
Theta
-0.548226
t_GA - R_GA * R_AB * t_BA
1558437748306 0 0 0
t_wo + cam_pos
1558437748306 -0.692699 0.167886 0
Theta
-0.548226
t_GA - R_GA * R_AB * t_BA
1558437748330 0 0 0
t_wo + cam_pos
1558437748330 -0.692699 0.167886 0
Theta
-0.548226
t_GA - R_GA * R_AB * t_BA
1558437748355 0 0 0
t_wo + cam_pos
1558437748355 -0.692699 0.167886 0
Theta
-0.548226
t_GA - R_GA * R_AB * t_BA
1558437748375 0 0 0
t_wo + cam_pos
1558437748375 -0.692699 0.167886 0
Theta
-0.548226
t_GA - R_GA * R_AB * t_BA
1558437748400 0 0 0
t_wo + cam_pos
1558437748400 -0.692699 0.167886 0
Theta
-0.548226
t_GA - R_GA * R_AB * t_BA
1558437748424 0 0 0
t_wo + cam_pos
1558437748425 -0.692699 0.167886 0
Theta
-0.548226
t_GA - R_GA * R_AB * t_BA
1558437748449 0 0 0
t_wo + cam_pos
1558437748449 -0.692699 0.167886 0
Theta
-0.548226
t_GA - R_GA * R_AB * t_BA
1558437748474 0 0 0
t_wo + cam_pos
1558437748474 -0.692699 0.167886 0
Theta
-0.548226
t_GA - R_GA * R_AB * t_BA
1558437748498 0 0 0
t_wo + cam_pos
1558437748498 -0.692699 0.167886 0
Theta
-0.548226
t_GA - R_GA * R_AB * t_BA
1558437748519 0 0 0
t_wo + cam_pos
1558437748519 -0.692699 0.167886 0
Theta
-0.548226
t_GA - R_GA * R_AB * t_BA
1558437748543 0 0 0
t_wo + cam_pos
1558437748543 -0.692699 0.167886 0
Theta
-0.548226
t_GA - R_GA * R_AB * t_BA
1558437748568 0 0 0
t_wo + cam_pos
1558437748568 -0.692699 0.167886 0
Theta
-0.548226
t_GA - R_GA * R_AB * t_BA
1558437748592 0 0 0
t_wo + cam_pos
1558437748592 -0.692699 0.167886 0
Theta
-0.548226
t_GA - R_GA * R_AB * t_BA
1558437748617 0 0 0
t_wo + cam_pos
1558437748617 -0.692699 0.167886 0
Theta
-0.548226
t_GA - R_GA * R_AB * t_BA
1558437748641 0 0 0
t_wo + cam_pos
1558437748641 -0.692699 0.167886 0
Theta
-0.548226
t_GA - R_GA * R_AB * t_BA
1558437748662 0 0 0
t_wo + cam_pos
1558437748662 -0.692699 0.167886 0
Theta
-0.548226
t_GA - R_GA * R_AB * t_BA
1558437748686 0 0 0
t_wo + cam_pos
1558437748686 -0.692699 0.167886 0
Theta
-0.548226
t_GA - R_GA * R_AB * t_BA
1558437748711 0 0 0
t_wo + cam_pos
1558437748711 -0.692699 0.167886 0
Theta
-0.548226
t_GA - R_GA * R_AB * t_BA
1558437748736 0 0 0
t_wo + cam_pos
1558437748736 -0.692699 0.167886 0
Theta
-0.548226
t_GA - R_GA * R_AB * t_BA
1558437748760 0 0 0
t_wo + cam_pos
1558437748760 -0.692699 0.167886 0
Theta
-0.548226
t_GA - R_GA * R_AB * t_BA
1558437748785 0 0 0
t_wo + cam_pos
1558437748785 -0.692699 0.167886 0
Theta
-0.548226
t_GA - R_GA * R_AB * t_BA
1558437748805 0 0 0
t_wo + cam_pos
1558437748805 -0.692699 0.167886 0
Theta
-0.548226
t_GA - R_GA * R_AB * t_BA
1558437748830 0 0 0
t_wo + cam_pos
1558437748830 -0.692699 0.167886 0
Theta
-0.548226
t_GA - R_GA * R_AB * t_BA
1558437748854 0 0 0
t_wo + cam_pos
1558437748854 -0.692699 0.167886 0
Theta
-0.548226
t_GA - R_GA * R_AB * t_BA
1558437748879 0 0 0
t_wo + cam_pos
1558437748879 -0.692699 0.167886 0
Theta
-0.548226
t_GA - R_GA * R_AB * t_BA
1558437748903 0 0 0
t_wo + cam_pos
1558437748903 -0.692699 0.167886 0
Theta
-0.548226
t_GA - R_GA * R_AB * t_BA
1558437748928 0 0 0
t_wo + cam_pos
1558437748928 -0.692699 0.167886 0
Theta
-0.548226
t_GA - R_GA * R_AB * t_BA
1558437748948 0 0 0
t_wo + cam_pos
1558437748949 -0.692699 0.167886 0
Theta
-0.548226
t_GA - R_GA * R_AB * t_BA
1558437748973 0 0 0
t_wo + cam_pos
1558437748973 -0.692699 0.167886 0
Theta
-0.548226
t_GA - R_GA * R_AB * t_BA
1558437748998 0 0 0
t_wo + cam_pos
1558437748998 -0.692699 0.167886 0
Theta
-0.548226
t_GA - R_GA * R_AB * t_BA
1558437749022 0 0 0
t_wo + cam_pos
1558437749022 -0.692699 0.167886 0
Theta
-0.548226
t_GA - R_GA * R_AB * t_BA
1558437749047 0 0 0
t_wo + cam_pos
1558437749047 -0.692699 0.167886 0
Theta
-0.548226
t_GA - R_GA * R_AB * t_BA
1558437749071 0 0 0
t_wo + cam_pos
1558437749071 -0.692699 0.167886 0
Theta
-0.548226
t_GA - R_GA * R_AB * t_BA
1558437749092 0 0 0
t_wo + cam_pos
1558437749092 -0.692699 0.167886 0
Theta
-0.548226
t_GA - R_GA * R_AB * t_BA
1558437749116 0 0 0
t_wo + cam_pos
1558437749116 -0.692699 0.167886 0
Theta
-0.548226
t_GA - R_GA * R_AB * t_BA
1558437749141 0 0 0
t_wo + cam_pos
1558437749141 -0.692699 0.167886 0
Theta
-0.548226
t_GA - R_GA * R_AB * t_BA
1558437749165 0 0 0
t_wo + cam_pos
1558437749165 -0.692699 0.167886 0
Theta
-0.548226
t_GA - R_GA * R_AB * t_BA
1558437749190 0 0 0
t_wo + cam_pos
1558437749190 -0.692699 0.167886 0
Theta
-0.548226
t_GA - R_GA * R_AB * t_BA
1558437749215 0 0 0
t_wo + cam_pos
1558437749215 -0.692699 0.167886 0
Theta
-0.548226
t_GA - R_GA * R_AB * t_BA
1558437749235 0 0 0
t_wo + cam_pos
1558437749235 -0.692699 0.167886 0
Theta
-0.548226
t_GA - R_GA * R_AB * t_BA
1558437749259 0 0 0
t_wo + cam_pos
1558437749260 -0.692699 0.167886 0
Theta
-0.548226
t_GA - R_GA * R_AB * t_BA
1558437749284 0 0 0
t_wo + cam_pos
1558437749284 -0.692699 0.167886 0
Theta
-0.548226
t_GA - R_GA * R_AB * t_BA
1558437749309 0 0 0
t_wo + cam_pos
1558437749309 -0.692699 0.167886 0
Theta
-0.548226
t_GA - R_GA * R_AB * t_BA
1558437749333 0 0 0
t_wo + cam_pos
1558437749333 -0.692699 0.167886 0
Theta
-0.548226
t_GA - R_GA * R_AB * t_BA
1558437749358 0 0 0
t_wo + cam_pos
1558437749358 -0.692699 0.167886 0
Theta
-0.548226
t_GA - R_GA * R_AB * t_BA
1558437749378 0 0 0
t_wo + cam_pos
1558437749378 -0.692699 0.167886 0
Theta
-0.548226
t_GA - R_GA * R_AB * t_BA
1558437749403 0 0 0
t_wo + cam_pos
1558437749403 -0.692699 0.167886 0
Theta
-0.548226
t_GA - R_GA * R_AB * t_BA
1558437749427 0 0 0
t_wo + cam_pos
1558437749427 -0.692699 0.167886 0
Theta
-0.548226
t_GA - R_GA * R_AB * t_BA
1558437749452 0 0 0
t_wo + cam_pos
1558437749452 -0.692699 0.167886 0
Theta
-0.548226
t_GA - R_GA * R_AB * t_BA
1558437749476 0 0 0
t_wo + cam_pos
1558437749476 -0.692699 0.167886 0
Theta
-0.548226
t_GA - R_GA * R_AB * t_BA
1558437749501 0 0 0
t_wo + cam_pos
1558437749501 -0.692699 0.167886 0
Theta
-0.548226
t_GA - R_GA * R_AB * t_BA
1558437749525 0 0 0
t_wo + cam_pos
1558437749525 -0.692699 0.167886 0
Theta
-0.548226
t_GA - R_GA * R_AB * t_BA
1558437749546 0 0 0
t_wo + cam_pos
1558437749546 -0.692699 0.167886 0
Theta
-0.548226
t_GA - R_GA * R_AB * t_BA
1558437749571 0 0 0
t_wo + cam_pos
1558437749571 -0.692699 0.167886 0
Theta
-0.548226
t_GA - R_GA * R_AB * t_BA
1558437749595 0 0 0
t_wo + cam_pos
1558437749595 -0.692699 0.167886 0
Theta
-0.548226
t_GA - R_GA * R_AB * t_BA
1558437749620 0 0 0
t_wo + cam_pos
1558437749620 -0.692699 0.167886 0
Theta
-0.548226
t_GA - R_GA * R_AB * t_BA
1558437749644 0 0 0
t_wo + cam_pos
1558437749644 -0.692699 0.167886 0
Theta
-0.548226
t_GA - R_GA * R_AB * t_BA
1558437749669 0 0 0
t_wo + cam_pos
1558437749669 -0.692699 0.167886 0
Theta
-0.548226
t_GA - R_GA * R_AB * t_BA
1558437749689 0 0 0
t_wo + cam_pos
1558437749689 -0.692699 0.167886 0
Theta
-0.548226
t_GA - R_GA * R_AB * t_BA
1558437749714 0 0 0
t_wo + cam_pos
1558437749714 -0.692699 0.167886 0
Theta
-0.548226
t_GA - R_GA * R_AB * t_BA
1558437749738 0 0 0
t_wo + cam_pos
1558437749738 -0.692699 0.167886 0
Theta
-0.548226
t_GA - R_GA * R_AB * t_BA
1558437749763 0 0 0
t_wo + cam_pos
1558437749763 -0.692699 0.167886 0
Theta
-0.548226
t_GA - R_GA * R_AB * t_BA
1558437749787 0 0 0
t_wo + cam_pos
1558437749787 -0.692699 0.167886 0
Theta
-0.548226
t_GA - R_GA * R_AB * t_BA
1558437749812 0 0 0
t_wo + cam_pos
1558437749812 -0.692699 0.167886 0
Theta
-0.548226
t_GA - R_GA * R_AB * t_BA
1558437749832 0 0 0
t_wo + cam_pos
1558437749832 -0.692699 0.167886 0
Theta
-0.548226
t_GA - R_GA * R_AB * t_BA
1558437749858 0 0 0
t_wo + cam_pos
1558437749858 -0.692699 0.167886 0
Theta
-0.548226
t_GA - R_GA * R_AB * t_BA
1558437749882 0 0 0
t_wo + cam_pos
1558437749882 -0.692699 0.167886 0
Theta
-0.548226
t_GA - R_GA * R_AB * t_BA
1558437749906 0 0 0
t_wo + cam_pos
1558437749906 -0.692699 0.167886 0
Theta
-0.548226
t_GA - R_GA * R_AB * t_BA
1558437749931 0 0 0
t_wo + cam_pos
1558437749931 -0.692699 0.167886 0
Theta
-0.548226
t_GA - R_GA * R_AB * t_BA
1558437749955 0 0 0
t_wo + cam_pos
1558437749955 -0.692699 0.167886 0
Theta
-0.548226
t_GA - R_GA * R_AB * t_BA
1558437749976 0 0 0
t_wo + cam_pos
1558437749976 -0.692699 0.167886 0
Theta
-0.548226
t_GA - R_GA * R_AB * t_BA
1558437750000 0 0 0
t_wo + cam_pos
1558437750000 -0.692699 0.167886 0
Theta
-0.548226
t_GA - R_GA * R_AB * t_BA
1558437750025 0 0 0
t_wo + cam_pos
1558437750025 -0.692699 0.167886 0
Theta
-0.548226
t_GA - R_GA * R_AB * t_BA
1558437750050 0 0 0
t_wo + cam_pos
1558437750050 -0.692699 0.167886 0
Theta
-0.548226
t_GA - R_GA * R_AB * t_BA
1558437750074 0 0 0
t_wo + cam_pos
1558437750074 -0.692699 0.167886 0
Theta
-0.548226
t_GA - R_GA * R_AB * t_BA
1558437750099 0 0 0
t_wo + cam_pos
1558437750099 -0.692699 0.167886 0
Theta
-0.548226
t_GA - R_GA * R_AB * t_BA
1558437750119 0 0 0
t_wo + cam_pos
1558437750119 -0.692699 0.167886 0
Theta
-0.548226
t_GA - R_GA * R_AB * t_BA
1558437750144 0 0 0
t_wo + cam_pos
1558437750144 -0.692699 0.167886 0
Theta
-0.548226
t_GA - R_GA * R_AB * t_BA
1558437750168 0 0 0
t_wo + cam_pos
1558437750169 -0.692699 0.167886 0
Theta
-0.548226
t_GA - R_GA * R_AB * t_BA
1558437750193 0 0 0
t_wo + cam_pos
1558437750193 -0.692699 0.167886 0
Theta
-0.548226
t_GA - R_GA * R_AB * t_BA
1558437750217 0 0 0
t_wo + cam_pos
1558437750218 -0.692699 0.167886 0
Theta
-0.548226
t_GA - R_GA * R_AB * t_BA
1558437750242 0 0 0
t_wo + cam_pos
1558437750242 -0.692699 0.167886 0
Theta
-0.548226
t_GA - R_GA * R_AB * t_BA
1558437750263 0 0 0
t_wo + cam_pos
1558437750263 -0.692699 0.167886 0
Theta
-0.548226
t_GA - R_GA * R_AB * t_BA
1558437750287 0 0 0
t_wo + cam_pos
1558437750287 -0.692699 0.167886 0
Theta
-0.548226
t_GA - R_GA * R_AB * t_BA
1558437750312 0 0 0
t_wo + cam_pos
1558437750312 -0.692699 0.167886 0
Theta
-0.548226
t_GA - R_GA * R_AB * t_BA
1558437750336 0 0 0
t_wo + cam_pos
1558437750336 -0.692699 0.167886 0
Theta
-0.548226
t_GA - R_GA * R_AB * t_BA
1558437750361 0 0 0
t_wo + cam_pos
1558437750361 -0.692699 0.167886 0
Theta
-0.548226
t_GA - R_GA * R_AB * t_BA
1558437750386 0 0 0
t_wo + cam_pos
1558437750386 -0.692699 0.167886 0
Theta
-0.548226
t_GA - R_GA * R_AB * t_BA
1558437750406 0 0 0
t_wo + cam_pos
1558437750406 -0.692699 0.167886 0
Theta
-0.548226
t_GA - R_GA * R_AB * t_BA
1558437750430 0 0 0
t_wo + cam_pos
1558437750430 -0.692699 0.167886 0
Theta
-0.548226
t_GA - R_GA * R_AB * t_BA
1558437750455 0 0 0
t_wo + cam_pos
1558437750455 -0.692699 0.167886 0
Theta
-0.548226
t_GA - R_GA * R_AB * t_BA
1558437750480 0 0 0
t_wo + cam_pos
1558437750480 -0.692699 0.167886 0
Theta
-0.548226
t_GA - R_GA * R_AB * t_BA
1558437750504 0 0 0
t_wo + cam_pos
1558437750504 -0.692699 0.167886 0
Theta
-0.548226
t_GA - R_GA * R_AB * t_BA
1558437750529 0 0 0
t_wo + cam_pos
1558437750529 -0.692699 0.167886 0
Theta
-0.548226
t_GA - R_GA * R_AB * t_BA
1558437750553 0 0 0
t_wo + cam_pos
1558437750553 -0.692699 0.167886 0
Theta
-0.548226
t_GA - R_GA * R_AB * t_BA
1558437750574 0 0 0
t_wo + cam_pos
1558437750574 -0.692699 0.167886 0
Theta
-0.548226
t_GA - R_GA * R_AB * t_BA
1558437750598 0 0 0
t_wo + cam_pos
1558437750598 -0.692699 0.167886 0
Theta
-0.548226
t_GA - R_GA * R_AB * t_BA
1558437750623 0 0 0
t_wo + cam_pos
1558437750623 -0.692699 0.167886 0
Theta
-0.548226
t_GA - R_GA * R_AB * t_BA
1558437750647 0 0 0
t_wo + cam_pos
1558437750647 -0.692699 0.167886 0
Theta
-0.548226
t_GA - R_GA * R_AB * t_BA
1558437750672 0 0 0
t_wo + cam_pos
1558437750672 -0.692699 0.167886 0
Theta
-0.548226
t_GA - R_GA * R_AB * t_BA
1558437750697 0 0 0
t_wo + cam_pos
1558437750697 -0.692699 0.167886 0
Theta
-0.548226
t_GA - R_GA * R_AB * t_BA
1558437750717 0 0 0
t_wo + cam_pos
1558437750717 -0.692699 0.167886 0
Theta
-0.548226
t_GA - R_GA * R_AB * t_BA
1558437750742 0 0 0
t_wo + cam_pos
1558437750742 -0.692699 0.167886 0
Theta
-0.548226
t_GA - R_GA * R_AB * t_BA
1558437750766 0 0 0
t_wo + cam_pos
1558437750766 -0.692699 0.167886 0
Theta
-0.548226
t_GA - R_GA * R_AB * t_BA
1558437750791 0 0 0
t_wo + cam_pos
1558437750791 -0.692699 0.167886 0
Theta
-0.548226
t_GA - R_GA * R_AB * t_BA
1558437750815 0 0 0
t_wo + cam_pos
1558437750815 -0.692699 0.167886 0
Theta
-0.548226
t_GA - R_GA * R_AB * t_BA
1558437750840 0 0 0
t_wo + cam_pos
1558437750840 -0.692699 0.167886 0
Theta
-0.548226
t_GA - R_GA * R_AB * t_BA
1558437750860 0 0 0
t_wo + cam_pos
1558437750860 -0.692699 0.167886 0
Theta
-0.548226
t_GA - R_GA * R_AB * t_BA
1558437750885 0 0 0
t_wo + cam_pos
1558437750885 -0.692699 0.167886 0
Theta
-0.548226
t_GA - R_GA * R_AB * t_BA
1558437750910 0 0 0
t_wo + cam_pos
1558437750910 -0.692699 0.167886 0
Theta
-0.548226
t_GA - R_GA * R_AB * t_BA
1558437750934 0 0 0
t_wo + cam_pos
1558437750934 -0.692699 0.167886 0
Theta
-0.548226
t_GA - R_GA * R_AB * t_BA
1558437750959 0 0 0
t_wo + cam_pos
1558437750959 -0.692699 0.167886 0
Theta
-0.548226
t_GA - R_GA * R_AB * t_BA
1558437750983 0 0 0
t_wo + cam_pos
1558437750983 -0.692699 0.167886 0
Theta
-0.548226
t_GA - R_GA * R_AB * t_BA
1558437751003 0 0 0
t_wo + cam_pos
1558437751003 -0.692699 0.167886 0
Theta
-0.548226
t_GA - R_GA * R_AB * t_BA
1558437751028 0 0 0
t_wo + cam_pos
1558437751028 -0.692699 0.167886 0
Theta
-0.548226
t_GA - R_GA * R_AB * t_BA
1558437751053 0 0 0
t_wo + cam_pos
1558437751053 -0.692699 0.167886 0
Theta
-0.548226
t_GA - R_GA * R_AB * t_BA
1558437751077 0 0 0
t_wo + cam_pos
1558437751077 -0.692699 0.167886 0
Theta
-0.548226
t_GA - R_GA * R_AB * t_BA
1558437751102 0 0 0
t_wo + cam_pos
1558437751102 -0.692699 0.167886 0
Theta
-0.548226
t_GA - R_GA * R_AB * t_BA
1558437751126 0 0 0
t_wo + cam_pos
1558437751126 -0.692699 0.167886 0
Theta
-0.548226
t_GA - R_GA * R_AB * t_BA
1558437751147 0 0 0
t_wo + cam_pos
1558437751147 -0.692699 0.167886 0
Theta
-0.548226
t_GA - R_GA * R_AB * t_BA
1558437751171 0 0 0
t_wo + cam_pos
1558437751171 -0.692699 0.167886 0
Theta
-0.548226
t_GA - R_GA * R_AB * t_BA
1558437751196 0 0 0
t_wo + cam_pos
1558437751196 -0.692699 0.167886 0
Theta
-0.548226
t_GA - R_GA * R_AB * t_BA
1558437751220 0 0 0
t_wo + cam_pos
1558437751220 -0.692699 0.167886 0
Theta
-0.548226
t_GA - R_GA * R_AB * t_BA
1558437751245 0 0 0
t_wo + cam_pos
1558437751245 -0.692699 0.167886 0
Theta
-0.548226
t_GA - R_GA * R_AB * t_BA
1558437751270 0 0 0
t_wo + cam_pos
1558437751270 -0.692699 0.167886 0
Theta
-0.548226
t_GA - R_GA * R_AB * t_BA
1558437751290 0 0 0
t_wo + cam_pos
1558437751290 -0.692699 0.167886 0
Theta
-0.548226
t_GA - R_GA * R_AB * t_BA
1558437751315 0 0 0
t_wo + cam_pos
1558437751315 -0.692699 0.167886 0
Theta
-0.548226
t_GA - R_GA * R_AB * t_BA
1558437751339 0 0 0
t_wo + cam_pos
1558437751339 -0.692699 0.167886 0
Theta
-0.548226
t_GA - R_GA * R_AB * t_BA
1558437751364 0 0 0
t_wo + cam_pos
1558437751364 -0.692699 0.167886 0
Theta
-0.548226
t_GA - R_GA * R_AB * t_BA
1558437751389 0 0 0
t_wo + cam_pos
1558437751389 -0.692699 0.167886 0
Theta
-0.548226
t_GA - R_GA * R_AB * t_BA
1558437751413 0 0 0
t_wo + cam_pos
1558437751413 -0.692699 0.167886 0
Theta
-0.548226
t_GA - R_GA * R_AB * t_BA
1558437751433 0 0 0
t_wo + cam_pos
1558437751433 -0.692699 0.167886 0
Theta
-0.548226
t_GA - R_GA * R_AB * t_BA
1558437751458 0 0 0
t_wo + cam_pos
1558437751458 -0.692699 0.167886 0
Theta
-0.548226
t_GA - R_GA * R_AB * t_BA
1558437751483 0 0 0
t_wo + cam_pos
1558437751483 -0.692699 0.167886 0
Theta
-0.548226
t_GA - R_GA * R_AB * t_BA
1558437751507 0 0 0
t_wo + cam_pos
1558437751507 -0.692699 0.167886 0
Theta
-0.548226
t_GA - R_GA * R_AB * t_BA
1558437751532 0 0 0
t_wo + cam_pos
1558437751532 -0.692699 0.167886 0
Theta
-0.548226
t_GA - R_GA * R_AB * t_BA
1558437751556 0 0 0
t_wo + cam_pos
1558437751556 -0.692699 0.167886 0
Theta
-0.548226
t_GA - R_GA * R_AB * t_BA
1558437751581 0 0 0
t_wo + cam_pos
1558437751581 -0.692699 0.167886 0
Theta
-0.548226
t_GA - R_GA * R_AB * t_BA
1558437751601 0 0 0
t_wo + cam_pos
1558437751601 -0.692699 0.167886 0
Theta
-0.548226
t_GA - R_GA * R_AB * t_BA
1558437751626 0 0 0
t_wo + cam_pos
1558437751626 -0.692699 0.167886 0
Theta
-0.548226
t_GA - R_GA * R_AB * t_BA
1558437751650 0 0 0
t_wo + cam_pos
1558437751650 -0.692699 0.167886 0
Theta
-0.548226
t_GA - R_GA * R_AB * t_BA
1558437751675 0 0 0
t_wo + cam_pos
1558437751675 -0.692699 0.167886 0
Theta
-0.548226
t_GA - R_GA * R_AB * t_BA
1558437751699 0 0 0
t_wo + cam_pos
1558437751700 -0.692699 0.167886 0
Theta
-0.548226
t_GA - R_GA * R_AB * t_BA
1558437751724 0 0 0
t_wo + cam_pos
1558437751724 -0.692699 0.167886 0
Theta
-0.548226
t_GA - R_GA * R_AB * t_BA
1558437751744 0 0 0
t_wo + cam_pos
1558437751744 -0.692699 0.167886 0
Theta
-0.548226
t_GA - R_GA * R_AB * t_BA
1558437751769 0 0 0
t_wo + cam_pos
1558437751769 -0.692699 0.167886 0
Theta
-0.548226
t_GA - R_GA * R_AB * t_BA
1558437751794 0 0 0
t_wo + cam_pos
1558437751794 -0.692699 0.167886 0
Theta
-0.548226
t_GA - R_GA * R_AB * t_BA
1558437751818 0 0 0
t_wo + cam_pos
1558437751818 -0.692699 0.167886 0
Theta
-0.548226
t_GA - R_GA * R_AB * t_BA
1558437751843 0 0 0
t_wo + cam_pos
1558437751843 -0.692699 0.167886 0
Theta
-0.548226
t_GA - R_GA * R_AB * t_BA
1558437751867 0 0 0
t_wo + cam_pos
1558437751867 -0.692699 0.167886 0
Theta
-0.548226
t_GA - R_GA * R_AB * t_BA
1558437751888 0 0 0
t_wo + cam_pos
1558437751888 -0.692699 0.167886 0
Theta
-0.548226
t_GA - R_GA * R_AB * t_BA
1558437751913 0 0 0
t_wo + cam_pos
1558437751913 -0.692699 0.167886 0
Theta
-0.548226
t_GA - R_GA * R_AB * t_BA
1558437751937 0 0 0
t_wo + cam_pos
1558437751937 -0.692699 0.167886 0
Theta
-0.548226
t_GA - R_GA * R_AB * t_BA
1558437751961 0 0 0
t_wo + cam_pos
1558437751961 -0.692699 0.167886 0
Theta
-0.548226
t_GA - R_GA * R_AB * t_BA
1558437751986 0 0 0
t_wo + cam_pos
1558437751986 -0.692699 0.167886 0
Theta
-0.548226
t_GA - R_GA * R_AB * t_BA
1558437752011 0 0 0
t_wo + cam_pos
1558437752011 -0.692699 0.167886 0
Theta
-0.548226
t_GA - R_GA * R_AB * t_BA
1558437752031 0 0 0
t_wo + cam_pos
1558437752031 -0.692699 0.167886 0
Theta
-0.548226
t_GA - R_GA * R_AB * t_BA
1558437752056 0 0 0
t_wo + cam_pos
1558437752056 -0.692699 0.167886 0
Theta
-0.548226
t_GA - R_GA * R_AB * t_BA
1558437752080 0 0 0
t_wo + cam_pos
1558437752080 -0.692699 0.167886 0
Theta
-0.548226
t_GA - R_GA * R_AB * t_BA
1558437752105 0 0 0
t_wo + cam_pos
1558437752105 -0.692699 0.167886 0
Theta
-0.548226
t_GA - R_GA * R_AB * t_BA
1558437752129 0 0 0
t_wo + cam_pos
1558437752129 -0.692699 0.167886 0
Theta
-0.548226
t_GA - R_GA * R_AB * t_BA
1558437752154 0 0 0
t_wo + cam_pos
1558437752154 -0.692699 0.167886 0
Theta
-0.548226
t_GA - R_GA * R_AB * t_BA
1558437752174 0 0 0
t_wo + cam_pos
1558437752174 -0.692699 0.167886 0
Theta
-0.548226
t_GA - R_GA * R_AB * t_BA
1558437752199 0 0 0
t_wo + cam_pos
1558437752199 -0.692699 0.167886 0
Theta
-0.548226
t_GA - R_GA * R_AB * t_BA
1558437752224 0 0 0
t_wo + cam_pos
1558437752224 -0.692699 0.167886 0
Theta
-0.548226
t_GA - R_GA * R_AB * t_BA
1558437752248 0 0 0
t_wo + cam_pos
1558437752248 -0.692699 0.167886 0
Theta
-0.548226
t_GA - R_GA * R_AB * t_BA
1558437752273 0 0 0
t_wo + cam_pos
1558437752273 -0.692699 0.167886 0
Theta
-0.548226
t_GA - R_GA * R_AB * t_BA
1558437752297 0 0 0
t_wo + cam_pos
1558437752297 -0.692699 0.167886 0
Theta
-0.548226
t_GA - R_GA * R_AB * t_BA
1558437752318 0 0 0
t_wo + cam_pos
1558437752318 -0.692699 0.167886 0
Theta
-0.548226
t_GA - R_GA * R_AB * t_BA
1558437752342 0 0 0
t_wo + cam_pos
1558437752342 -0.692699 0.167886 0
Theta
-0.548226
t_GA - R_GA * R_AB * t_BA
1558437752367 0 0 0
t_wo + cam_pos
1558437752367 -0.692699 0.167886 0
Theta
-0.548226
t_GA - R_GA * R_AB * t_BA
1558437752391 0 0 0
t_wo + cam_pos
1558437752391 -0.692699 0.167886 0
Theta
-0.548226
t_GA - R_GA * R_AB * t_BA
1558437752416 0 0 0
t_wo + cam_pos
1558437752416 -0.692699 0.167886 0
Theta
-0.548226
t_GA - R_GA * R_AB * t_BA
1558437752440 0 0 0
t_wo + cam_pos
1558437752441 -0.692699 0.167886 0
Theta
-0.548226
t_GA - R_GA * R_AB * t_BA
1558437752461 0 0 0
t_wo + cam_pos
1558437752461 -0.692699 0.167886 0
Theta
-0.548226
t_GA - R_GA * R_AB * t_BA
1558437752486 0 0 0
t_wo + cam_pos
1558437752486 -0.692699 0.167886 0
Theta
-0.548226
t_GA - R_GA * R_AB * t_BA
1558437752510 0 0 0
t_wo + cam_pos
1558437752510 -0.692699 0.167886 0
Theta
-0.548226
t_GA - R_GA * R_AB * t_BA
1558437752535 0 0 0
t_wo + cam_pos
1558437752535 -0.692699 0.167886 0
Theta
-0.548226
t_GA - R_GA * R_AB * t_BA
1558437752559 0 0 0
t_wo + cam_pos
1558437752559 -0.692699 0.167886 0
Theta
-0.548226
t_GA - R_GA * R_AB * t_BA
1558437752584 0 0 0
t_wo + cam_pos
1558437752584 -0.692699 0.167886 0
Theta
-0.548226
t_GA - R_GA * R_AB * t_BA
1558437752608 0 0 0
t_wo + cam_pos
1558437752608 -0.692699 0.167886 0
Theta
-0.548226
t_GA - R_GA * R_AB * t_BA
1558437752629 0 0 0
t_wo + cam_pos
1558437752629 -0.692699 0.167886 0
Theta
-0.548226
t_GA - R_GA * R_AB * t_BA
1558437752653 0 0 0
t_wo + cam_pos
1558437752653 -0.692699 0.167886 0
Theta
-0.548226
t_GA - R_GA * R_AB * t_BA
1558437752678 0 0 0
t_wo + cam_pos
1558437752678 -0.692699 0.167886 0
Theta
-0.548226
t_GA - R_GA * R_AB * t_BA
1558437752703 0 0 0
t_wo + cam_pos
1558437752703 -0.692699 0.167886 0
Theta
-0.548226
t_GA - R_GA * R_AB * t_BA
1558437752727 0 0 0
t_wo + cam_pos
1558437752727 -0.692699 0.167886 0
Theta
-0.548226
t_GA - R_GA * R_AB * t_BA
1558437752752 0 0 0
t_wo + cam_pos
1558437752752 -0.692699 0.167886 0
Theta
-0.548226
t_GA - R_GA * R_AB * t_BA
1558437752772 0 0 0
t_wo + cam_pos
1558437752772 -0.692699 0.167886 0
Theta
-0.548226
t_GA - R_GA * R_AB * t_BA
1558437752797 0 0 0
t_wo + cam_pos
1558437752797 -0.692699 0.167886 0
Theta
-0.548226
t_GA - R_GA * R_AB * t_BA
1558437752821 0 0 0
t_wo + cam_pos
1558437752821 -0.692699 0.167886 0
Theta
-0.548226
t_GA - R_GA * R_AB * t_BA
1558437752846 0 0 0
t_wo + cam_pos
1558437752846 -0.692699 0.167886 0
Theta
-0.548226
t_GA - R_GA * R_AB * t_BA
1558437752870 0 0 0
t_wo + cam_pos
1558437752870 -0.692699 0.167886 0
Theta
-0.548226
t_GA - R_GA * R_AB * t_BA
1558437752895 0 0 0
t_wo + cam_pos
1558437752895 -0.692699 0.167886 0
Theta
-0.548226
t_GA - R_GA * R_AB * t_BA
1558437752915 0 0 0
t_wo + cam_pos
1558437752916 -0.692699 0.167886 0
Theta
-0.548226
t_GA - R_GA * R_AB * t_BA
1558437752940 0 0 0
t_wo + cam_pos
1558437752940 -0.692699 0.167886 0
Theta
-0.548226
t_GA - R_GA * R_AB * t_BA
1558437752965 0 0 0
t_wo + cam_pos
1558437752965 -0.692699 0.167886 0
Theta
-0.548226
t_GA - R_GA * R_AB * t_BA
1558437752990 0 0 0
t_wo + cam_pos
1558437752990 -0.692699 0.167886 0
Theta
-0.548226
t_GA - R_GA * R_AB * t_BA
1558437753014 0 0 0
t_wo + cam_pos
1558437753014 -0.692699 0.167886 0
Theta
-0.548226
t_GA - R_GA * R_AB * t_BA
1558437753038 0 0 0
t_wo + cam_pos
1558437753038 -0.692699 0.167886 0
Theta
-0.548226
t_GA - R_GA * R_AB * t_BA
1558437753059 0 0 0
t_wo + cam_pos
1558437753059 -0.692699 0.167886 0
Theta
-0.548226
t_GA - R_GA * R_AB * t_BA
1558437753083 0 0 0
t_wo + cam_pos
1558437753083 -0.692699 0.167886 0
Theta
-0.548226
t_GA - R_GA * R_AB * t_BA
1558437753108 0 0 0
t_wo + cam_pos
1558437753108 -0.692699 0.167886 0
Theta
-0.548226
t_GA - R_GA * R_AB * t_BA
1558437753133 0 0 0
t_wo + cam_pos
1558437753133 -0.692699 0.167886 0
Theta
-0.548226
t_GA - R_GA * R_AB * t_BA
1558437753157 0 0 0
t_wo + cam_pos
1558437753157 -0.692699 0.167886 0
Theta
-0.548226
t_GA - R_GA * R_AB * t_BA
1558437753182 0 0 0
t_wo + cam_pos
1558437753182 -0.692699 0.167886 0
Theta
-0.548226
t_GA - R_GA * R_AB * t_BA
1558437753202 0 0 0
t_wo + cam_pos
1558437753202 -0.692699 0.167886 0
Theta
-0.548226
t_GA - R_GA * R_AB * t_BA
1558437753227 0 0 0
t_wo + cam_pos
1558437753227 -0.692699 0.167886 0
Theta
-0.548226
t_GA - R_GA * R_AB * t_BA
1558437753251 0 0 0
t_wo + cam_pos
1558437753251 -0.692699 0.167886 0
Theta
-0.548226
t_GA - R_GA * R_AB * t_BA
1558437753276 0 0 0
t_wo + cam_pos
1558437753276 -0.692699 0.167886 0
Theta
-0.548226
t_GA - R_GA * R_AB * t_BA
1558437753300 0 0 0
t_wo + cam_pos
1558437753301 -0.692699 0.167886 0
Theta
-0.548226
t_GA - R_GA * R_AB * t_BA
1558437753325 0 0 0
t_wo + cam_pos
1558437753325 -0.692699 0.167886 0
Theta
-0.548226
t_GA - R_GA * R_AB * t_BA
1558437753346 0 0 0
t_wo + cam_pos
1558437753346 -0.692699 0.167886 0
Theta
-0.548226
t_GA - R_GA * R_AB * t_BA
1558437753370 0 0 0
t_wo + cam_pos
1558437753370 -0.692699 0.167886 0
Theta
-0.548226
t_GA - R_GA * R_AB * t_BA
1558437753395 0 0 0
t_wo + cam_pos
1558437753395 -0.692699 0.167886 0
Theta
-0.548226
t_GA - R_GA * R_AB * t_BA
1558437753419 0 0 0
t_wo + cam_pos
1558437753419 -0.692699 0.167886 0
Theta
-0.548226
t_GA - R_GA * R_AB * t_BA
1558437753444 0 0 0
t_wo + cam_pos
1558437753444 -0.692699 0.167886 0
Theta
-0.548226
t_GA - R_GA * R_AB * t_BA
1558437753469 0 0 0
t_wo + cam_pos
1558437753469 -0.692699 0.167886 0
Theta
-0.548226
t_GA - R_GA * R_AB * t_BA
1558437753489 0 0 0
t_wo + cam_pos
1558437753489 -0.692699 0.167886 0
Theta
-0.548226
t_GA - R_GA * R_AB * t_BA
1558437753513 0 0 0
t_wo + cam_pos
1558437753513 -0.692699 0.167886 0
Theta
-0.548226
t_GA - R_GA * R_AB * t_BA
1558437753538 0 0 0
t_wo + cam_pos
1558437753538 -0.692699 0.167886 0
Theta
-0.548226
t_GA - R_GA * R_AB * t_BA
1558437753563 0 0 0
t_wo + cam_pos
1558437753563 -0.692699 0.167886 0
Theta
-0.548226
t_GA - R_GA * R_AB * t_BA
1558437753587 0 0 0
t_wo + cam_pos
1558437753587 -0.692699 0.167886 0
Theta
-0.548226
t_GA - R_GA * R_AB * t_BA
1558437753612 0 0 0
t_wo + cam_pos
1558437753612 -0.692699 0.167886 0
Theta
-0.548226
t_GA - R_GA * R_AB * t_BA
1558437753632 0 0 0
t_wo + cam_pos
1558437753632 -0.692699 0.167886 0
Theta
-0.548226
t_GA - R_GA * R_AB * t_BA
1558437753657 0 0 0
t_wo + cam_pos
1558437753657 -0.692699 0.167886 0
Theta
-0.548226
t_GA - R_GA * R_AB * t_BA
1558437753681 0 0 0
t_wo + cam_pos
1558437753681 -0.692699 0.167886 0
Theta
-0.548226
t_GA - R_GA * R_AB * t_BA
1558437753706 0 0 0
t_wo + cam_pos
1558437753706 -0.692699 0.167886 0
Theta
-0.548226
t_GA - R_GA * R_AB * t_BA
1558437753731 0 0 0
t_wo + cam_pos
1558437753731 -0.692699 0.167886 0
Theta
-0.548226
t_GA - R_GA * R_AB * t_BA
1558437753755 0 0 0
t_wo + cam_pos
1558437753755 -0.692699 0.167886 0
Theta
-0.548226
t_GA - R_GA * R_AB * t_BA
1558437753780 0 0 0
t_wo + cam_pos
1558437753780 -0.692699 0.167886 0
Theta
-0.548226
t_GA - R_GA * R_AB * t_BA
1558437753800 0 0 0
t_wo + cam_pos
1558437753800 -0.692699 0.167886 0
Theta
-0.548226
t_GA - R_GA * R_AB * t_BA
1558437753825 0 0 0
t_wo + cam_pos
1558437753825 -0.692699 0.167886 0
Theta
-0.548226
t_GA - R_GA * R_AB * t_BA
1558437753849 0 0 0
t_wo + cam_pos
1558437753849 -0.692699 0.167886 0
Theta
-0.548226
t_GA - R_GA * R_AB * t_BA
1558437753874 0 0 0
t_wo + cam_pos
1558437753874 -0.692699 0.167886 0
Theta
-0.548226
t_GA - R_GA * R_AB * t_BA
1558437753899 0 0 0
t_wo + cam_pos
1558437753899 -0.692699 0.167886 0
Theta
-0.548226
t_GA - R_GA * R_AB * t_BA
1558437753923 0 0 0
t_wo + cam_pos
1558437753923 -0.692699 0.167886 0
Theta
-0.548226
t_GA - R_GA * R_AB * t_BA
1558437753944 0 0 0
t_wo + cam_pos
1558437753944 -0.692699 0.167886 0
Theta
-0.548226
t_GA - R_GA * R_AB * t_BA
1558437753968 0 0 0
t_wo + cam_pos
1558437753968 -0.692699 0.167886 0
Theta
-0.548226
t_GA - R_GA * R_AB * t_BA
1558437753993 0 0 0
t_wo + cam_pos
1558437753993 -0.692699 0.167886 0
Theta
-0.548226
t_GA - R_GA * R_AB * t_BA
1558437754018 0 0 0
t_wo + cam_pos
1558437754018 -0.692699 0.167886 0
Theta
-0.548226
t_GA - R_GA * R_AB * t_BA
1558437754042 0 0 0
t_wo + cam_pos
1558437754042 -0.692699 0.167886 0
Theta
-0.548226
t_GA - R_GA * R_AB * t_BA
1558437754066 0 0 0
t_wo + cam_pos
1558437754066 -0.692699 0.167886 0
Theta
-0.548226
t_GA - R_GA * R_AB * t_BA
1558437754087 0 0 0
t_wo + cam_pos
1558437754087 -0.692699 0.167886 0
Theta
-0.548226
t_GA - R_GA * R_AB * t_BA
1558437754112 0 0 0
t_wo + cam_pos
1558437754112 -0.692699 0.167886 0
Theta
-0.548226
t_GA - R_GA * R_AB * t_BA
1558437754136 0 0 0
t_wo + cam_pos
1558437754136 -0.692699 0.167886 0
Theta
-0.548226
t_GA - R_GA * R_AB * t_BA
1558437754161 0 0 0
t_wo + cam_pos
1558437754161 -0.692699 0.167886 0
Theta
-0.548226
t_GA - R_GA * R_AB * t_BA
1558437754185 0 0 0
t_wo + cam_pos
1558437754185 -0.692699 0.167886 0
Theta
-0.548226
t_GA - R_GA * R_AB * t_BA
1558437754210 0 0 0
t_wo + cam_pos
1558437754210 -0.692699 0.167886 0
Theta
-0.548226
t_GA - R_GA * R_AB * t_BA
1558437754230 0 0 0
t_wo + cam_pos
1558437754230 -0.692699 0.167886 0
Theta
-0.548226
t_GA - R_GA * R_AB * t_BA
1558437754255 0 0 0
t_wo + cam_pos
1558437754255 -0.692699 0.167886 0
Theta
-0.548226
t_GA - R_GA * R_AB * t_BA
1558437754279 0 0 0
t_wo + cam_pos
1558437754279 -0.692699 0.167886 0
Theta
-0.548226
t_GA - R_GA * R_AB * t_BA
1558437754304 0 0 0
t_wo + cam_pos
1558437754304 -0.692699 0.167886 0
Theta
-0.548226
t_GA - R_GA * R_AB * t_BA
1558437754329 0 0 0
t_wo + cam_pos
1558437754329 -0.692699 0.167886 0
Theta
-0.548226
t_GA - R_GA * R_AB * t_BA
1558437754353 0 0 0
t_wo + cam_pos
1558437754353 -0.692699 0.167886 0
Theta
-0.548226
t_GA - R_GA * R_AB * t_BA
1558437754374 0 0 0
t_wo + cam_pos
1558437754374 -0.692699 0.167886 0
Theta
-0.548226
t_GA - R_GA * R_AB * t_BA
1558437754398 0 0 0
t_wo + cam_pos
1558437754398 -0.692699 0.167886 0
Theta
-0.548226
t_GA - R_GA * R_AB * t_BA
1558437754423 0 0 0
t_wo + cam_pos
1558437754423 -0.692699 0.167886 0
Theta
-0.548226
t_GA - R_GA * R_AB * t_BA
1558437754447 0 0 0
t_wo + cam_pos
1558437754447 -0.692699 0.167886 0
Theta
-0.548226
t_GA - R_GA * R_AB * t_BA
1558437754472 0 0 0
t_wo + cam_pos
1558437754472 -0.692699 0.167886 0
Theta
-0.548226
t_GA - R_GA * R_AB * t_BA
1558437754496 0 0 0
t_wo + cam_pos
1558437754496 -0.692699 0.167886 0
Theta
-0.548226
t_GA - R_GA * R_AB * t_BA
1558437754517 0 0 0
t_wo + cam_pos
1558437754517 -0.692699 0.167886 0
Theta
-0.548226
t_GA - R_GA * R_AB * t_BA
1558437754542 0 0 0
t_wo + cam_pos
1558437754542 -0.692699 0.167886 0
Theta
-0.548226
t_GA - R_GA * R_AB * t_BA
1558437754566 0 0 0
t_wo + cam_pos
1558437754566 -0.692699 0.167886 0
Theta
-0.548226
t_GA - R_GA * R_AB * t_BA
1558437754591 0 0 0
t_wo + cam_pos
1558437754591 -0.692699 0.167886 0
Theta
-0.548226
t_GA - R_GA * R_AB * t_BA
1558437754615 0 0 0
t_wo + cam_pos
1558437754615 -0.692699 0.167886 0
Theta
-0.548226
t_GA - R_GA * R_AB * t_BA
1558437754640 0 0 0
t_wo + cam_pos
1558437754640 -0.692699 0.167886 0
Theta
-0.548226
t_GA - R_GA * R_AB * t_BA
1558437754660 0 0 0
t_wo + cam_pos
1558437754660 -0.692699 0.167886 0
Theta
-0.548226
t_GA - R_GA * R_AB * t_BA
1558437754685 0 0 0
t_wo + cam_pos
1558437754685 -0.692699 0.167886 0
Theta
-0.548226
t_GA - R_GA * R_AB * t_BA
1558437754709 0 0 0
t_wo + cam_pos
1558437754709 -0.692699 0.167886 0
Theta
-0.548226
t_GA - R_GA * R_AB * t_BA
1558437754734 0 0 0
t_wo + cam_pos
1558437754734 -0.692699 0.167886 0
Theta
-0.548226
t_GA - R_GA * R_AB * t_BA
1558437754759 0 0 0
t_wo + cam_pos
1558437754759 -0.692699 0.167886 0
Theta
-0.548226
t_GA - R_GA * R_AB * t_BA
1558437754783 0 0 0
t_wo + cam_pos
1558437754783 -0.692699 0.167886 0
Theta
-0.548226
t_GA - R_GA * R_AB * t_BA
1558437754808 0 0 0
t_wo + cam_pos
1558437754808 -0.692699 0.167886 0
Theta
-0.548226
t_GA - R_GA * R_AB * t_BA
1558437754828 0 0 0
t_wo + cam_pos
1558437754828 -0.692699 0.167886 0
Theta
-0.548226
t_GA - R_GA * R_AB * t_BA
1558437754853 0 0 0
t_wo + cam_pos
1558437754853 -0.692699 0.167886 0
Theta
-0.548226
t_GA - R_GA * R_AB * t_BA
1558437754877 0 0 0
t_wo + cam_pos
1558437754877 -0.692699 0.167886 0
Theta
-0.548226
t_GA - R_GA * R_AB * t_BA
1558437754902 0 0 0
t_wo + cam_pos
1558437754902 -0.692699 0.167886 0
Theta
-0.548226
t_GA - R_GA * R_AB * t_BA
1558437754927 0 0 0
t_wo + cam_pos
1558437754927 -0.692699 0.167886 0
Theta
-0.548226
t_GA - R_GA * R_AB * t_BA
1558437754951 0 0 0
t_wo + cam_pos
1558437754951 -0.692699 0.167886 0
Theta
-0.548226
t_GA - R_GA * R_AB * t_BA
1558437754972 0 0 0
t_wo + cam_pos
1558437754972 -0.692699 0.167886 0
Theta
-0.548226
t_GA - R_GA * R_AB * t_BA
1558437754996 0 0 0
t_wo + cam_pos
1558437754997 -0.692699 0.167886 0
Theta
-0.548226
t_GA - R_GA * R_AB * t_BA
1558437755021 0 0 0
t_wo + cam_pos
1558437755021 -0.692699 0.167886 0
Theta
-0.548226
t_GA - R_GA * R_AB * t_BA
1558437755045 0 0 0
t_wo + cam_pos
1558437755045 -0.692699 0.167886 0
Theta
-0.548226
t_GA - R_GA * R_AB * t_BA
1558437755070 0 0 0
t_wo + cam_pos
1558437755070 -0.692699 0.167886 0
Theta
-0.548226
t_GA - R_GA * R_AB * t_BA
1558437755094 0 0 0
t_wo + cam_pos
1558437755095 -0.692699 0.167886 0
Theta
-0.548226
t_GA - R_GA * R_AB * t_BA
1558437755115 0 0 0
t_wo + cam_pos
1558437755115 -0.692699 0.167886 0
Theta
-0.548226
t_GA - R_GA * R_AB * t_BA
1558437755139 0 0 0
t_wo + cam_pos
1558437755140 -0.692699 0.167886 0
Theta
-0.548226
t_GA - R_GA * R_AB * t_BA
1558437755164 0 0 0
t_wo + cam_pos
1558437755164 -0.692699 0.167886 0
Theta
-0.548226
t_GA - R_GA * R_AB * t_BA
1558437755189 0 0 0
t_wo + cam_pos
1558437755189 -0.692699 0.167886 0
Theta
-0.548226
t_GA - R_GA * R_AB * t_BA
1558437755213 0 0 0
t_wo + cam_pos
1558437755213 -0.692699 0.167886 0
Theta
-0.548226
t_GA - R_GA * R_AB * t_BA
1558437755238 0 0 0
t_wo + cam_pos
1558437755238 -0.692699 0.167886 0
Theta
-0.548226
t_GA - R_GA * R_AB * t_BA
1558437755258 0 0 0
t_wo + cam_pos
1558437755258 -0.692699 0.167886 0
Theta
-0.548226
t_GA - R_GA * R_AB * t_BA
1558437755283 0 0 0
t_wo + cam_pos
1558437755283 -0.692699 0.167886 0
Theta
-0.548226
t_GA - R_GA * R_AB * t_BA
1558437755308 0 0 0
t_wo + cam_pos
1558437755308 -0.692699 0.167886 0
Theta
-0.548226
t_GA - R_GA * R_AB * t_BA
1558437755332 0 0 0
t_wo + cam_pos
1558437755332 -0.692699 0.167886 0
Theta
-0.548226
t_GA - R_GA * R_AB * t_BA
1558437755357 0 0 0
t_wo + cam_pos
1558437755357 -0.692699 0.167886 0
Theta
-0.548226
t_GA - R_GA * R_AB * t_BA
1558437755381 0 0 0
t_wo + cam_pos
1558437755381 -0.692699 0.167886 0
Theta
-0.548226
t_GA - R_GA * R_AB * t_BA
1558437755402 0 0 0
t_wo + cam_pos
1558437755402 -0.692699 0.167886 0
Theta
-0.548226
t_GA - R_GA * R_AB * t_BA
1558437755426 0 0 0
t_wo + cam_pos
1558437755426 -0.692699 0.167886 0
Theta
-0.548226
t_GA - R_GA * R_AB * t_BA
1558437755451 0 0 0
t_wo + cam_pos
1558437755451 -0.692699 0.167886 0
Theta
-0.548226
t_GA - R_GA * R_AB * t_BA
1558437755475 0 0 0
t_wo + cam_pos
1558437755475 -0.692699 0.167886 0
Theta
-0.548226
t_GA - R_GA * R_AB * t_BA
1558437755500 0 0 0
t_wo + cam_pos
1558437755500 -0.692699 0.167886 0
Theta
-0.548226
t_GA - R_GA * R_AB * t_BA
1558437755524 0 0 0
t_wo + cam_pos
1558437755525 -0.692699 0.167886 0
Theta
-0.548226
t_GA - R_GA * R_AB * t_BA
1558437755545 0 0 0
t_wo + cam_pos
1558437755545 -0.692699 0.167886 0
Theta
-0.548226
t_GA - R_GA * R_AB * t_BA
1558437755570 0 0 0
t_wo + cam_pos
1558437755570 -0.692699 0.167886 0
Theta
-0.548226
t_GA - R_GA * R_AB * t_BA
1558437755594 0 0 0
t_wo + cam_pos
1558437755594 -0.692699 0.167886 0
Theta
-0.548226
t_GA - R_GA * R_AB * t_BA
1558437755619 0 0 0
t_wo + cam_pos
1558437755619 -0.692699 0.167886 0
Theta
-0.548226
t_GA - R_GA * R_AB * t_BA
1558437755643 0 0 0
t_wo + cam_pos
1558437755643 -0.692699 0.167886 0
Theta
-0.548226
t_GA - R_GA * R_AB * t_BA
1558437755668 0 0 0
t_wo + cam_pos
1558437755668 -0.692699 0.167886 0
Theta
-0.548226
t_GA - R_GA * R_AB * t_BA
1558437755688 0 0 0
t_wo + cam_pos
1558437755688 -0.692699 0.167886 0
Theta
-0.548226
t_GA - R_GA * R_AB * t_BA
1558437755713 0 0 0
t_wo + cam_pos
1558437755713 -0.692699 0.167886 0
Theta
-0.548226
t_GA - R_GA * R_AB * t_BA
1558437755738 0 0 0
t_wo + cam_pos
1558437755738 -0.692699 0.167886 0
Theta
-0.548226
t_GA - R_GA * R_AB * t_BA
1558437755762 0 0 0
t_wo + cam_pos
1558437755762 -0.692699 0.167886 0
Theta
-0.548226
t_GA - R_GA * R_AB * t_BA
1558437755787 0 0 0
t_wo + cam_pos
1558437755787 -0.692699 0.167886 0
Theta
-0.548226
t_GA - R_GA * R_AB * t_BA
1558437755811 0 0 0
t_wo + cam_pos
1558437755811 -0.692699 0.167886 0
Theta
-0.548226
t_GA - R_GA * R_AB * t_BA
1558437755836 0 0 0
t_wo + cam_pos
1558437755836 -0.692699 0.167886 0
Theta
-0.548226
t_GA - R_GA * R_AB * t_BA
1558437755856 0 0 0
t_wo + cam_pos
1558437755856 -0.692699 0.167886 0
Theta
-0.548226
t_GA - R_GA * R_AB * t_BA
1558437755881 0 0 0
t_wo + cam_pos
1558437755881 -0.692699 0.167886 0
Theta
-0.548226
t_GA - R_GA * R_AB * t_BA
1558437755905 0 0 0
t_wo + cam_pos
1558437755905 -0.692699 0.167886 0
Theta
-0.548226
t_GA - R_GA * R_AB * t_BA
1558437755930 0 0 0
t_wo + cam_pos
1558437755930 -0.692699 0.167886 0
Theta
-0.548226
t_GA - R_GA * R_AB * t_BA
1558437755955 0 0 0
t_wo + cam_pos
1558437755955 -0.692699 0.167886 0
Theta
-0.548226
t_GA - R_GA * R_AB * t_BA
1558437755979 0 0 0
t_wo + cam_pos
1558437755979 -0.692699 0.167886 0
Theta
-0.548226
t_GA - R_GA * R_AB * t_BA
1558437756000 0 0 0
t_wo + cam_pos
1558437756000 -0.692699 0.167886 0
Theta
-0.548226
t_GA - R_GA * R_AB * t_BA
1558437756024 0 0 0
t_wo + cam_pos
1558437756024 -0.692699 0.167886 0
Theta
-0.548226
t_GA - R_GA * R_AB * t_BA
1558437756049 0 0 0
t_wo + cam_pos
1558437756049 -0.692699 0.167886 0
Theta
-0.548226
t_GA - R_GA * R_AB * t_BA
1558437756073 0 0 0
t_wo + cam_pos
1558437756073 -0.692699 0.167886 0
Theta
-0.548226
t_GA - R_GA * R_AB * t_BA
1558437756098 0 0 0
t_wo + cam_pos
1558437756098 -0.692699 0.167886 0
Theta
-0.548226
t_GA - R_GA * R_AB * t_BA
1558437756122 0 0 0
t_wo + cam_pos
1558437756123 -0.692699 0.167886 0
Theta
-0.548226
t_GA - R_GA * R_AB * t_BA
1558437756143 0 0 0
t_wo + cam_pos
1558437756143 -0.692699 0.167886 0
Theta
-0.548226
t_GA - R_GA * R_AB * t_BA
1558437756168 0 0 0
t_wo + cam_pos
1558437756168 -0.692699 0.167886 0
Theta
-0.548226
t_GA - R_GA * R_AB * t_BA
1558437756192 0 0 0
t_wo + cam_pos
1558437756192 -0.692699 0.167886 0
Theta
-0.548226
t_GA - R_GA * R_AB * t_BA
1558437756217 0 0 0
t_wo + cam_pos
1558437756217 -0.692699 0.167886 0
Theta
-0.548226
t_GA - R_GA * R_AB * t_BA
1558437756241 0 0 0
t_wo + cam_pos
1558437756241 -0.692699 0.167886 0
Theta
-0.548226
t_GA - R_GA * R_AB * t_BA
1558437756266 0 0 0
t_wo + cam_pos
1558437756266 -0.692699 0.167886 0
Theta
-0.548226
t_GA - R_GA * R_AB * t_BA
1558437756286 0 0 0
t_wo + cam_pos
1558437756286 -0.692699 0.167886 0
Theta
-0.548226
t_GA - R_GA * R_AB * t_BA
1558437756311 0 0 0
t_wo + cam_pos
1558437756311 -0.692699 0.167886 0
Theta
-0.548226
t_GA - R_GA * R_AB * t_BA
1558437756336 0 0 0
t_wo + cam_pos
1558437756336 -0.692699 0.167886 0
Theta
-0.548226
t_GA - R_GA * R_AB * t_BA
1558437756360 0 0 0
t_wo + cam_pos
1558437756360 -0.692699 0.167886 0
Theta
-0.548226
t_GA - R_GA * R_AB * t_BA
1558437756385 0 0 0
t_wo + cam_pos
1558437756385 -0.692699 0.167886 0
Theta
-0.548226
t_GA - R_GA * R_AB * t_BA
1558437756409 0 0 0
t_wo + cam_pos
1558437756409 -0.692699 0.167886 0
Theta
-0.548226
t_GA - R_GA * R_AB * t_BA
1558437756430 0 0 0
t_wo + cam_pos
1558437756430 -0.692699 0.167886 0
Theta
-0.548226
t_GA - R_GA * R_AB * t_BA
1558437756454 0 0 0
t_wo + cam_pos
1558437756454 -0.692699 0.167886 0
Theta
-0.548226
t_GA - R_GA * R_AB * t_BA
1558437756479 0 0 0
t_wo + cam_pos
1558437756479 -0.692699 0.167886 0
Theta
-0.548226
t_GA - R_GA * R_AB * t_BA
1558437756503 0 0 0
t_wo + cam_pos
1558437756503 -0.692699 0.167886 0
Theta
-0.548226
t_GA - R_GA * R_AB * t_BA
1558437756528 0 0 0
t_wo + cam_pos
1558437756528 -0.692699 0.167886 0
Theta
-0.548226
t_GA - R_GA * R_AB * t_BA
1558437756553 0 0 0
t_wo + cam_pos
1558437756553 -0.692699 0.167886 0
Theta
-0.548226
t_GA - R_GA * R_AB * t_BA
1558437756573 0 0 0
t_wo + cam_pos
1558437756573 -0.692699 0.167886 0
Theta
-0.548226
t_GA - R_GA * R_AB * t_BA
1558437756598 0 0 0
t_wo + cam_pos
1558437756598 -0.692699 0.167886 0
Theta
-0.548226
t_GA - R_GA * R_AB * t_BA
1558437756622 0 0 0
t_wo + cam_pos
1558437756622 -0.692699 0.167886 0
Theta
-0.548226
t_GA - R_GA * R_AB * t_BA
1558437756647 0 0 0
t_wo + cam_pos
1558437756647 -0.692699 0.167886 0
Theta
-0.548226
t_GA - R_GA * R_AB * t_BA
1558437756671 0 0 0
t_wo + cam_pos
1558437756671 -0.692699 0.167886 0
Theta
-0.548226
t_GA - R_GA * R_AB * t_BA
1558437756696 0 0 0
t_wo + cam_pos
1558437756696 -0.692699 0.167886 0
Theta
-0.548226
t_GA - R_GA * R_AB * t_BA
1558437756716 0 0 0
t_wo + cam_pos
1558437756716 -0.692699 0.167886 0
Theta
-0.548226
t_GA - R_GA * R_AB * t_BA
1558437756741 0 0 0
t_wo + cam_pos
1558437756741 -0.692699 0.167886 0
Theta
-0.548226
t_GA - R_GA * R_AB * t_BA
1558437756766 0 0 0
t_wo + cam_pos
1558437756766 -0.692699 0.167886 0
Theta
-0.548226
t_GA - R_GA * R_AB * t_BA
1558437756790 0 0 0
t_wo + cam_pos
1558437756790 -0.692699 0.167886 0
Theta
-0.548226
t_GA - R_GA * R_AB * t_BA
1558437756815 0 0 0
t_wo + cam_pos
1558437756815 -0.692699 0.167886 0
Theta
-0.548226
t_GA - R_GA * R_AB * t_BA
1558437756839 0 0 0
t_wo + cam_pos
1558437756839 -0.692699 0.167886 0
Theta
-0.548226
t_GA - R_GA * R_AB * t_BA
1558437756860 0 0 0
t_wo + cam_pos
1558437756860 -0.692699 0.167886 0
Theta
-0.548226
t_GA - R_GA * R_AB * t_BA
1558437756884 0 0 0
t_wo + cam_pos
1558437756884 -0.692699 0.167886 0
Theta
-0.548226
t_GA - R_GA * R_AB * t_BA
1558437756909 0 0 0
t_wo + cam_pos
1558437756909 -0.692699 0.167886 0
Theta
-0.548226
t_GA - R_GA * R_AB * t_BA
1558437756933 0 0 0
t_wo + cam_pos
1558437756934 -0.692699 0.167886 0
Theta
-0.548226
t_GA - R_GA * R_AB * t_BA
1558437756958 0 0 0
t_wo + cam_pos
1558437756958 -0.692699 0.167886 0
Theta
-0.548226
t_GA - R_GA * R_AB * t_BA
1558437756983 0 0 0
t_wo + cam_pos
1558437756983 -0.692699 0.167886 0
Theta
-0.548226
t_GA - R_GA * R_AB * t_BA
1558437757007 0 0 0
t_wo + cam_pos
1558437757007 -0.692699 0.167886 0
Theta
-0.548226
t_GA - R_GA * R_AB * t_BA
1558437757028 0 0 0
t_wo + cam_pos
1558437757028 -0.692699 0.167886 0
Theta
-0.548226
t_GA - R_GA * R_AB * t_BA
1558437757052 0 0 0
t_wo + cam_pos
1558437757052 -0.692699 0.167886 0
Theta
-0.548226
t_GA - R_GA * R_AB * t_BA
1558437757077 0 0 0
t_wo + cam_pos
1558437757077 -0.692699 0.167886 0
Theta
-0.548226
t_GA - R_GA * R_AB * t_BA
1558437757101 0 0 0
t_wo + cam_pos
1558437757101 -0.692699 0.167886 0
Theta
-0.548226
t_GA - R_GA * R_AB * t_BA
1558437757126 0 0 0
t_wo + cam_pos
1558437757126 -0.692699 0.167886 0
Theta
-0.548226
t_GA - R_GA * R_AB * t_BA
1558437757151 0 0 0
t_wo + cam_pos
1558437757151 -0.692699 0.167886 0
Theta
-0.548226
t_GA - R_GA * R_AB * t_BA
1558437757171 0 0 0
t_wo + cam_pos
1558437757171 -0.692699 0.167886 0
Theta
-0.548226
t_GA - R_GA * R_AB * t_BA
1558437757196 0 0 0
t_wo + cam_pos
1558437757196 -0.692699 0.167886 0
Theta
-0.548226
t_GA - R_GA * R_AB * t_BA
1558437757220 0 0 0
t_wo + cam_pos
1558437757220 -0.692699 0.167886 0
Theta
-0.548226
t_GA - R_GA * R_AB * t_BA
1558437757245 0 0 0
t_wo + cam_pos
1558437757245 -0.692699 0.167886 0
Theta
-0.548226
t_GA - R_GA * R_AB * t_BA
1558437757270 0 0 0
t_wo + cam_pos
1558437757270 -0.692699 0.167886 0
Theta
-0.548226
t_GA - R_GA * R_AB * t_BA
1558437757294 0 0 0
t_wo + cam_pos
1558437757294 -0.692699 0.167886 0
Theta
-0.548226
t_GA - R_GA * R_AB * t_BA
1558437757314 0 0 0
t_wo + cam_pos
1558437757314 -0.692699 0.167886 0
Theta
-0.548226
t_GA - R_GA * R_AB * t_BA
1558437757339 0 0 0
t_wo + cam_pos
1558437757339 -0.692699 0.167886 0
Theta
-0.548226
t_GA - R_GA * R_AB * t_BA
1558437757364 0 0 0
t_wo + cam_pos
1558437757364 -0.692699 0.167886 0
Theta
-0.548226
t_GA - R_GA * R_AB * t_BA
1558437757388 0 0 0
t_wo + cam_pos
1558437757388 -0.692699 0.167886 0
Theta
-0.548226
t_GA - R_GA * R_AB * t_BA
1558437757413 0 0 0
t_wo + cam_pos
1558437757413 -0.692699 0.167886 0
Theta
-0.548226
t_GA - R_GA * R_AB * t_BA
1558437757437 0 0 0
t_wo + cam_pos
1558437757437 -0.692699 0.167886 0
Theta
-0.548226
t_GA - R_GA * R_AB * t_BA
1558437757458 0 0 0
t_wo + cam_pos
1558437757458 -0.692699 0.167886 0
Theta
-0.548226
t_GA - R_GA * R_AB * t_BA
1558437757482 0 0 0
t_wo + cam_pos
1558437757482 -0.692699 0.167886 0
Theta
-0.548226
t_GA - R_GA * R_AB * t_BA
1558437757507 0 0 0
t_wo + cam_pos
1558437757507 -0.692699 0.167886 0
Theta
-0.548226
t_GA - R_GA * R_AB * t_BA
1558437757532 0 0 0
t_wo + cam_pos
1558437757532 -0.692699 0.167886 0
Theta
-0.548226
t_GA - R_GA * R_AB * t_BA
1558437757556 0 0 0
t_wo + cam_pos
1558437757556 -0.692699 0.167886 0
Theta
-0.548226
t_GA - R_GA * R_AB * t_BA
1558437757581 0 0 0
t_wo + cam_pos
1558437757581 -0.692699 0.167886 0
Theta
-0.548226
t_GA - R_GA * R_AB * t_BA
1558437757601 0 0 0
t_wo + cam_pos
1558437757601 -0.692699 0.167886 0
Theta
-0.548226
t_GA - R_GA * R_AB * t_BA
1558437757626 0 0 0
t_wo + cam_pos
1558437757626 -0.692699 0.167886 0
Theta
-0.548226
t_GA - R_GA * R_AB * t_BA
1558437757650 0 0 0
t_wo + cam_pos
1558437757650 -0.692699 0.167886 0
Theta
-0.548226
t_GA - R_GA * R_AB * t_BA
1558437757675 0 0 0
t_wo + cam_pos
1558437757675 -0.692699 0.167886 0
Theta
-0.548226
t_GA - R_GA * R_AB * t_BA
1558437757699 0 0 0
t_wo + cam_pos
1558437757699 -0.692699 0.167886 0
Theta
-0.548226
t_GA - R_GA * R_AB * t_BA
1558437757724 0 0 0
t_wo + cam_pos
1558437757724 -0.692699 0.167886 0
Theta
-0.548226
t_GA - R_GA * R_AB * t_BA
1558437757744 0 0 0
t_wo + cam_pos
1558437757745 -0.692699 0.167886 0
Theta
-0.548226
t_GA - R_GA * R_AB * t_BA
1558437757769 0 0 0
t_wo + cam_pos
1558437757769 -0.692699 0.167886 0
Theta
-0.548226
t_GA - R_GA * R_AB * t_BA
1558437757794 0 0 0
t_wo + cam_pos
1558437757794 -0.692699 0.167886 0
Theta
-0.548226
t_GA - R_GA * R_AB * t_BA
1558437757818 0 0 0
t_wo + cam_pos
1558437757818 -0.692699 0.167886 0
Theta
-0.548226
t_GA - R_GA * R_AB * t_BA
1558437757843 0 0 0
t_wo + cam_pos
1558437757843 -0.692699 0.167886 0
Theta
-0.548226
t_GA - R_GA * R_AB * t_BA
1558437757867 0 0 0
t_wo + cam_pos
1558437757867 -0.692699 0.167886 0
Theta
-0.548226
t_GA - R_GA * R_AB * t_BA
1558437757888 0 0 0
t_wo + cam_pos
1558437757888 -0.692699 0.167886 0
Theta
-0.548226
t_GA - R_GA * R_AB * t_BA
1558437757912 0 0 0
t_wo + cam_pos
1558437757912 -0.692699 0.167886 0
Theta
-0.548226
t_GA - R_GA * R_AB * t_BA
1558437757937 0 0 0
t_wo + cam_pos
1558437757937 -0.692699 0.167886 0
Theta
-0.548226
t_GA - R_GA * R_AB * t_BA
1558437757962 0 0 0
t_wo + cam_pos
1558437757962 -0.692699 0.167886 0
Theta
-0.548226
t_GA - R_GA * R_AB * t_BA
1558437757986 0 0 0
t_wo + cam_pos
1558437757986 -0.692699 0.167886 0
Theta
-0.548226
t_GA - R_GA * R_AB * t_BA
1558437758011 0 0 0
t_wo + cam_pos
1558437758011 -0.692699 0.167886 0
Theta
-0.548226
t_GA - R_GA * R_AB * t_BA
1558437758035 0 0 0
t_wo + cam_pos
1558437758035 -0.692699 0.167886 0
Theta
-0.548226
t_GA - R_GA * R_AB * t_BA
1558437758056 0 0 0
t_wo + cam_pos
1558437758056 -0.692699 0.167886 0
Theta
-0.548226
t_GA - R_GA * R_AB * t_BA
1558437758080 0 0 0
t_wo + cam_pos
1558437758080 -0.692699 0.167886 0
Theta
-0.548226
t_GA - R_GA * R_AB * t_BA
1558437758105 0 0 0
t_wo + cam_pos
1558437758105 -0.692699 0.167886 0
Theta
-0.548226
t_GA - R_GA * R_AB * t_BA
1558437758129 0 0 0
t_wo + cam_pos
1558437758130 -0.692699 0.167886 0
Theta
-0.548226
t_GA - R_GA * R_AB * t_BA
1558437758154 0 0 0
t_wo + cam_pos
1558437758154 -0.692699 0.167886 0
Theta
-0.548226
t_GA - R_GA * R_AB * t_BA
1558437758179 0 0 0
t_wo + cam_pos
1558437758179 -0.692699 0.167886 0
Theta
-0.548226
t_GA - R_GA * R_AB * t_BA
1558437758199 0 0 0
t_wo + cam_pos
1558437758199 -0.692699 0.167886 0
Theta
-0.548226
t_GA - R_GA * R_AB * t_BA
1558437758224 0 0 0
t_wo + cam_pos
1558437758224 -0.692699 0.167886 0
Theta
-0.548226
t_GA - R_GA * R_AB * t_BA
1558437758248 0 0 0
t_wo + cam_pos
1558437758248 -0.692699 0.167886 0
Theta
-0.548226
t_GA - R_GA * R_AB * t_BA
1558437758273 0 0 0
t_wo + cam_pos
1558437758273 -0.692699 0.167886 0
Theta
-0.548226
t_GA - R_GA * R_AB * t_BA
1558437758297 0 0 0
t_wo + cam_pos
1558437758298 -0.692699 0.167886 0
Theta
-0.548226
t_GA - R_GA * R_AB * t_BA
1558437758322 0 0 0
t_wo + cam_pos
1558437758322 -0.692699 0.167886 0
Theta
-0.548226
t_GA - R_GA * R_AB * t_BA
1558437758342 0 0 0
t_wo + cam_pos
1558437758342 -0.692699 0.167886 0
Theta
-0.548226
t_GA - R_GA * R_AB * t_BA
1558437758367 0 0 0
t_wo + cam_pos
1558437758367 -0.692699 0.167886 0
Theta
-0.548226
t_GA - R_GA * R_AB * t_BA
1558437758392 0 0 0
t_wo + cam_pos
1558437758392 -0.692699 0.167886 0
Theta
-0.548226
t_GA - R_GA * R_AB * t_BA
1558437758416 0 0 0
t_wo + cam_pos
1558437758416 -0.692699 0.167886 0
Theta
-0.548226
t_GA - R_GA * R_AB * t_BA
1558437758441 0 0 0
t_wo + cam_pos
1558437758441 -0.692699 0.167886 0
Theta
-0.548226
t_GA - R_GA * R_AB * t_BA
1558437758465 0 0 0
t_wo + cam_pos
1558437758465 -0.692699 0.167886 0
Theta
-0.548226
t_GA - R_GA * R_AB * t_BA
1558437758486 0 0 0
t_wo + cam_pos
1558437758486 -0.692699 0.167886 0
Theta
-0.548226
t_GA - R_GA * R_AB * t_BA
1558437758510 0 0 0
t_wo + cam_pos
1558437758510 -0.692699 0.167886 0
Theta
-0.548226
t_GA - R_GA * R_AB * t_BA
1558437758535 0 0 0
t_wo + cam_pos
1558437758535 -0.692699 0.167886 0
Theta
-0.548226
t_GA - R_GA * R_AB * t_BA
1558437758559 0 0 0
t_wo + cam_pos
1558437758560 -0.692699 0.167886 0
Theta
-0.548226
t_GA - R_GA * R_AB * t_BA
1558437758584 0 0 0
t_wo + cam_pos
1558437758584 -0.692699 0.167886 0
Theta
-0.548226
t_GA - R_GA * R_AB * t_BA
1558437758609 0 0 0
t_wo + cam_pos
1558437758609 -0.692699 0.167886 0
Theta
-0.548226
t_GA - R_GA * R_AB * t_BA
1558437758629 0 0 0
t_wo + cam_pos
1558437758629 -0.692699 0.167886 0
Theta
-0.548226
t_GA - R_GA * R_AB * t_BA
1558437758654 0 0 0
t_wo + cam_pos
1558437758654 -0.692699 0.167886 0
Theta
-0.548226
t_GA - R_GA * R_AB * t_BA
1558437758678 0 0 0
t_wo + cam_pos
1558437758678 -0.692699 0.167886 0
Theta
-0.548226
t_GA - R_GA * R_AB * t_BA
1558437758703 0 0 0
t_wo + cam_pos
1558437758703 -0.692699 0.167886 0
Theta
-0.548226
t_GA - R_GA * R_AB * t_BA
1558437758728 0 0 0
t_wo + cam_pos
1558437758728 -0.692699 0.167886 0
Theta
-0.548226
t_GA - R_GA * R_AB * t_BA
1558437758752 0 0 0
t_wo + cam_pos
1558437758752 -0.692699 0.167886 0
Theta
-0.548226
t_GA - R_GA * R_AB * t_BA
1558437758772 0 0 0
t_wo + cam_pos
1558437758772 -0.692699 0.167886 0
Theta
-0.548226
t_GA - R_GA * R_AB * t_BA
1558437758797 0 0 0
t_wo + cam_pos
1558437758797 -0.692699 0.167886 0
Theta
-0.548226
t_GA - R_GA * R_AB * t_BA
1558437758822 0 0 0
t_wo + cam_pos
1558437758822 -0.692699 0.167886 0
Theta
-0.548226
t_GA - R_GA * R_AB * t_BA
1558437758846 0 0 0
t_wo + cam_pos
1558437758846 -0.692699 0.167886 0
Theta
-0.548226
t_GA - R_GA * R_AB * t_BA
1558437758871 0 0 0
t_wo + cam_pos
1558437758871 -0.692699 0.167886 0
Theta
-0.548226
t_GA - R_GA * R_AB * t_BA
1558437758895 0 0 0
t_wo + cam_pos
1558437758895 -0.692699 0.167886 0
Theta
-0.548226
t_GA - R_GA * R_AB * t_BA
1558437758916 0 0 0
t_wo + cam_pos
1558437758916 -0.692699 0.167886 0
Theta
-0.548226
t_GA - R_GA * R_AB * t_BA
1558437758940 0 0 0
t_wo + cam_pos
1558437758941 -0.692699 0.167886 0
Theta
-0.548226
t_GA - R_GA * R_AB * t_BA
1558437758965 0 0 0
t_wo + cam_pos
1558437758965 -0.692699 0.167886 0
Theta
-0.548226
t_GA - R_GA * R_AB * t_BA
1558437758990 0 0 0
t_wo + cam_pos
1558437758990 -0.692699 0.167886 0
Theta
-0.548226
t_GA - R_GA * R_AB * t_BA
1558437759014 0 0 0
t_wo + cam_pos
1558437759014 -0.692699 0.167886 0
Theta
-0.548226
t_GA - R_GA * R_AB * t_BA
1558437759039 0 0 0
t_wo + cam_pos
1558437759039 -0.692699 0.167886 0
Theta
-0.548226
t_GA - R_GA * R_AB * t_BA
1558437759063 0 0 0
t_wo + cam_pos
1558437759063 -0.692699 0.167886 0
Theta
-0.548226
t_GA - R_GA * R_AB * t_BA
1558437759084 0 0 0
t_wo + cam_pos
1558437759084 -0.692699 0.167886 0
Theta
-0.548226
t_GA - R_GA * R_AB * t_BA
1558437759108 0 0 0
t_wo + cam_pos
1558437759108 -0.692699 0.167886 0
Theta
-0.548226
t_GA - R_GA * R_AB * t_BA
1558437759133 0 0 0
t_wo + cam_pos
1558437759133 -0.692699 0.167886 0
Theta
-0.548226
t_GA - R_GA * R_AB * t_BA
1558437759157 0 0 0
t_wo + cam_pos
1558437759157 -0.692699 0.167886 0
Theta
-0.548226
t_GA - R_GA * R_AB * t_BA
1558437759182 0 0 0
t_wo + cam_pos
1558437759182 -0.692699 0.167886 0
Theta
-0.548226
t_GA - R_GA * R_AB * t_BA
1558437759207 0 0 0
t_wo + cam_pos
1558437759207 -0.692699 0.167886 0
Theta
-0.548226
t_GA - R_GA * R_AB * t_BA
1558437759227 0 0 0
t_wo + cam_pos
1558437759227 -0.692699 0.167886 0
Theta
-0.548226
t_GA - R_GA * R_AB * t_BA
1558437759252 0 0 0
t_wo + cam_pos
1558437759252 -0.692699 0.167886 0
Theta
-0.548226
t_GA - R_GA * R_AB * t_BA
1558437759276 0 0 0
t_wo + cam_pos
1558437759276 -0.692699 0.167886 0
Theta
-0.548226
t_GA - R_GA * R_AB * t_BA
1558437759301 0 0 0
t_wo + cam_pos
1558437759301 -0.692699 0.167886 0
Theta
-0.548226
t_GA - R_GA * R_AB * t_BA
1558437759326 0 0 0
t_wo + cam_pos
1558437759326 -0.692699 0.167886 0
Theta
-0.548226
t_GA - R_GA * R_AB * t_BA
1558437759350 0 0 0
t_wo + cam_pos
1558437759350 -0.692699 0.167886 0
Theta
-0.548226
t_GA - R_GA * R_AB * t_BA
1558437759370 0 0 0
t_wo + cam_pos
1558437759370 -0.692699 0.167886 0
Theta
-0.548226
t_GA - R_GA * R_AB * t_BA
1558437759395 0 0 0
t_wo + cam_pos
1558437759395 -0.692699 0.167886 0
Theta
-0.548226
t_GA - R_GA * R_AB * t_BA
1558437759420 0 0 0
t_wo + cam_pos
1558437759420 -0.692699 0.167886 0
Theta
-0.548226
t_GA - R_GA * R_AB * t_BA
1558437759444 0 0 0
t_wo + cam_pos
1558437759444 -0.692699 0.167886 0
Theta
-0.548226
t_GA - R_GA * R_AB * t_BA
1558437759469 0 0 0
t_wo + cam_pos
1558437759469 -0.692699 0.167886 0
Theta
-0.548226
t_GA - R_GA * R_AB * t_BA
1558437759493 0 0 0
t_wo + cam_pos
1558437759493 -0.692699 0.167886 0
Theta
-0.548226
t_GA - R_GA * R_AB * t_BA
1558437759514 0 0 0
t_wo + cam_pos
1558437759514 -0.692699 0.167886 0
Theta
-0.548226
t_GA - R_GA * R_AB * t_BA
1558437759538 0 0 0
t_wo + cam_pos
1558437759538 -0.692699 0.167886 0
Theta
-0.548226
t_GA - R_GA * R_AB * t_BA
1558437759563 0 0 0
t_wo + cam_pos
1558437759563 -0.692699 0.167886 0
Theta
-0.548226
t_GA - R_GA * R_AB * t_BA
1558437759588 0 0 0
t_wo + cam_pos
1558437759588 -0.692699 0.167886 0
Theta
-0.548226
t_GA - R_GA * R_AB * t_BA
1558437759612 0 0 0
t_wo + cam_pos
1558437759612 -0.692699 0.167886 0
Theta
-0.548226
t_GA - R_GA * R_AB * t_BA
1558437759637 0 0 0
t_wo + cam_pos
1558437759637 -0.692699 0.167886 0
Theta
-0.548226
t_GA - R_GA * R_AB * t_BA
1558437759657 0 0 0
t_wo + cam_pos
1558437759657 -0.692699 0.167886 0
Theta
-0.548226
t_GA - R_GA * R_AB * t_BA
1558437759682 0 0 0
t_wo + cam_pos
1558437759682 -0.692699 0.167886 0
Theta
-0.548226
t_GA - R_GA * R_AB * t_BA
1558437759706 0 0 0
t_wo + cam_pos
1558437759708 -0.692699 0.167886 0
Theta
-0.548226
t_GA - R_GA * R_AB * t_BA
1558437759731 0 0 0
t_wo + cam_pos
1558437759731 -0.692699 0.167886 0
Theta
-0.548226
t_GA - R_GA * R_AB * t_BA
1558437759756 0 0 0
t_wo + cam_pos
1558437759756 -0.692699 0.167886 0
Theta
-0.548226
t_GA - R_GA * R_AB * t_BA
1558437759780 0 0 0
t_wo + cam_pos
1558437759780 -0.692699 0.167886 0
Theta
-0.548226
t_GA - R_GA * R_AB * t_BA
1558437759801 0 0 0
t_wo + cam_pos
1558437759801 -0.692699 0.167886 0
Theta
-0.548226
t_GA - R_GA * R_AB * t_BA
1558437759825 0 0 0
t_wo + cam_pos
1558437759825 -0.692699 0.167886 0
Theta
-0.548226
t_GA - R_GA * R_AB * t_BA
1558437759850 0 0 0
t_wo + cam_pos
1558437759850 -0.692699 0.167886 0
Theta
-0.548226
t_GA - R_GA * R_AB * t_BA
1558437759874 0 0 0
t_wo + cam_pos
1558437759874 -0.692699 0.167886 0
Theta
-0.548226
t_GA - R_GA * R_AB * t_BA
1558437759899 0 0 0
t_wo + cam_pos
1558437759899 -0.692699 0.167886 0
Theta
-0.548226
t_GA - R_GA * R_AB * t_BA
1558437759923 0 0 0
t_wo + cam_pos
1558437759923 -0.692699 0.167886 0
Theta
-0.548226
t_GA - R_GA * R_AB * t_BA
1558437759944 0 0 0
t_wo + cam_pos
1558437759944 -0.692699 0.167886 0
Theta
-0.548226
t_GA - R_GA * R_AB * t_BA
1558437759968 0 0 0
t_wo + cam_pos
1558437759969 -0.692699 0.167886 0
Theta
-0.548226
t_GA - R_GA * R_AB * t_BA
1558437759993 0 0 0
t_wo + cam_pos
1558437759993 -0.692699 0.167886 0
Theta
-0.548226
t_GA - R_GA * R_AB * t_BA
1558437760018 0 0 0
t_wo + cam_pos
1558437760018 -0.692699 0.167886 0
Theta
-0.548226
t_GA - R_GA * R_AB * t_BA
1558437760042 0 0 0
t_wo + cam_pos
1558437760042 -0.692699 0.167886 0
Theta
-0.548226
t_GA - R_GA * R_AB * t_BA
1558437760067 0 0 0
t_wo + cam_pos
1558437760067 -0.692699 0.167886 0
Theta
-0.548226
t_GA - R_GA * R_AB * t_BA
1558437760091 0 0 0
t_wo + cam_pos
1558437760091 -0.692699 0.167886 0
Theta
-0.548226
t_GA - R_GA * R_AB * t_BA
1558437760112 0 0 0
t_wo + cam_pos
1558437760112 -0.692699 0.167886 0
Theta
-0.548226
t_GA - R_GA * R_AB * t_BA
1558437760136 0 0 0
t_wo + cam_pos
1558437760136 -0.692699 0.167886 0
Theta
-0.548226
t_GA - R_GA * R_AB * t_BA
1558437760161 0 0 0
t_wo + cam_pos
1558437760161 -0.692699 0.167886 0
Theta
-0.548226
