t_wo + t_wo_cam
0.9 0 0
Time
1558624274378
Theta
0
t_wo + t_wo_cam
0.9 0 0
Time
1558624274378
Theta
0
t_wo + t_wo_cam
0.959582 0 0
Time
1558624274378
Theta
0
t_wo + t_wo_cam
0.987959 0.0512561 0
Time
1558624274379
Theta
0.0551545
t_wo + t_wo_cam
1.01912 0.00164227 0
Time
1558624274379
Theta
0
t_wo + t_wo_cam
1.0475 0.0528984 0
Time
1558624274384
Theta
0.0551545
t_wo + t_wo_cam
1.10699 0.0561829 0
Time
1558624274413
Theta
0.0551545
t_wo + t_wo_cam
1.1325 0.108925 0
Time
1558624274442
Theta
0.110309
t_wo + t_wo_cam
1.19172 0.115485 0
Time
1558624274470
Theta
0.110309
t_wo + t_wo_cam
1.19172 0.115485 0
Time
1558624274499
Theta
0.110309
t_wo + t_wo_cam
1.25093 0.122044 0
Time
1558624274528
Theta
0.110309
t_wo + t_wo_cam
1.2735 0.176112 0
Time
1558624274556
Theta
0.165463
t_wo + t_wo_cam
1.33227 0.185926 0
Time
1558624274581
Theta
0.165463
t_wo + t_wo_cam
1.35181 0.241156 0
Time
1558624274610
Theta
0.220618
t_wo + t_wo_cam
1.39072 0.197352 0
Time
1558624274638
Theta
0.165463
t_wo + t_wo_cam
1.41027 0.252582 0
Time
1558624274667
Theta
0.220618
t_wo + t_wo_cam
1.4684 0.26562 0
Time
1558624274696
Theta
0.220618
t_wo + t_wo_cam
1.48488 0.321844 0
Time
1558624274724
Theta
0.275772
t_wo + t_wo_cam
1.54221 0.338068 0
Time
1558624274749
Theta
0.275772
t_wo + t_wo_cam
1.54221 0.338068 0
Time
1558624274777
Theta
0.275772
t_wo + t_wo_cam
1.59954 0.354291 0
Time
1558624274806
Theta
0.275772
t_wo + t_wo_cam
1.61289 0.411337 0
Time
1558624274835
Theta
0.330927
t_wo + t_wo_cam
1.66923 0.430697 0
Time
1558624274863
Theta
0.330927
t_wo + t_wo_cam
1.66923 0.430697 0
Time
1558624274892
Theta
0.330927
t_wo + t_wo_cam
1.72558 0.450056 0
Time
1558624274921
Theta
0.330927
t_wo + t_wo_cam
1.73577 0.507752 0
Time
1558624274945
Theta
0.386081
t_wo + t_wo_cam
1.79096 0.530188 0
Time
1558624274974
Theta
0.386081
t_wo + t_wo_cam
1.79795 0.588357 0
Time
1558624275003
Theta
0.441236
t_wo + t_wo_cam
1.8455 0.554128 0
Time
1558624275031
Theta
0.386081
t_wo + t_wo_cam
1.85249 0.612297 0
Time
1558624275060
Theta
0.441236
t_wo + t_wo_cam
1.90636 0.637742 0
Time
1558624275089
Theta
0.441236
t_wo + t_wo_cam
1.96024 0.663187 0
Time
1558624275117
Theta
0.441236
t_wo + t_wo_cam
1.96401 0.721653 0
Time
1558624275142
Theta
0.49639
t_wo + t_wo_cam
2.01337 0.690098 0
Time
1558624275170
Theta
0.441236
t_wo + t_wo_cam
2.01714 0.748563 0
Time
1558624275199
Theta
0.49639
t_wo + t_wo_cam
2.06953 0.776939 0
Time
1558624275228
Theta
0.49639
t_wo + t_wo_cam
2.07007 0.835524 0
Time
1558624275256
Theta
0.551545
t_wo + t_wo_cam
2.12082 0.866745 0
Time
1558624275285
Theta
0.551545
t_wo + t_wo_cam
2.12082 0.866745 0
Time
1558624275314
Theta
0.551545
t_wo + t_wo_cam
2.17157 0.897966 0
Time
1558624275338
Theta
0.551545
t_wo + t_wo_cam
2.22231 0.929187 0
Time
1558624275367
Theta
0.551545
t_wo + t_wo_cam
2.21962 0.987713 0
Time
1558624275396
Theta
0.606699
t_wo + t_wo_cam
2.27216 0.961784 0
Time
1558624275424
Theta
0.551545
t_wo + t_wo_cam
2.26947 1.02031 0
Time
1558624275453
Theta
0.606699
t_wo + t_wo_cam
2.31842 1.05428 0
Time
1558624275482
Theta
0.606699
t_wo + t_wo_cam
2.31251 1.11257 0
Time
1558624275506
Theta
0.661854
t_wo + t_wo_cam
2.35951 1.14919 0
Time
1558624275535
Theta
0.661854
t_wo + t_wo_cam
2.4134 1.12619 0
Time
1558624275563
Theta
0.606699
t_wo + t_wo_cam
2.40749 1.18448 0
Time
1558624275592
Theta
0.661854
t_wo + t_wo_cam
2.45449 1.2211 0
Time
1558624275621
Theta
0.661854
t_wo + t_wo_cam
2.44537 1.27897 0
Time
1558624275649
Theta
0.717008
t_wo + t_wo_cam
2.50044 1.25898 0
Time
1558624275678
Theta
0.661854
t_wo + t_wo_cam
2.49133 1.31686 0
Time
1558624275703
Theta
0.717008
t_wo + t_wo_cam
2.53624 1.35601 0
Time
1558624275731
Theta
0.717008
t_wo + t_wo_cam
2.58115 1.39516 0
Time
1558624275760
Theta
0.717008
t_wo + t_wo_cam
2.56886 1.45245 0
Time
1558624275789
Theta
0.772163
t_wo + t_wo_cam
2.62495 1.43553 0
Time
1558624275817
Theta
0.717008
t_wo + t_wo_cam
2.61266 1.49281 0
Time
1558624275846
Theta
0.772163
t_wo + t_wo_cam
2.65534 1.53438 0
Time
1558624275875
Theta
0.772163
t_wo + t_wo_cam
2.69803 1.57595 0
Time
1558624275899
Theta
0.772163
t_wo + t_wo_cam
2.69803 1.57595 0
Time
1558624275928
Theta
0.772163
t_wo + t_wo_cam
2.74071 1.61752 0
Time
1558624275956
Theta
0.772163
t_wo + t_wo_cam
2.72528 1.67404 0
Time
1558624275985
Theta
0.827317
t_wo + t_wo_cam
2.76561 1.71789 0
Time
1558624276014
Theta
0.827317
t_wo + t_wo_cam
2.82255 1.70409 0
Time
1558624276042
Theta
0.772163
t_wo + t_wo_cam
2.80711 1.76061 0
Time
1558624276071
Theta
0.827317
t_wo + t_wo_cam
2.84744 1.80447 0
Time
1558624276096
Theta
0.827317
t_wo + t_wo_cam
2.90438 1.79066 0
Time
1558624276124
Theta
0.772163
t_wo + t_wo_cam
2.88895 1.84718 0
Time
1558624276153
Theta
0.827317
t_wo + t_wo_cam
2.92928 1.89104 0
Time
1558624276182
Theta
0.827317
t_wo + t_wo_cam
2.91075 1.94662 0
Time
1558624276210
Theta
0.882471
t_wo + t_wo_cam
2.96837 1.93598 0
Time
1558624276239
Theta
0.827317
t_wo + t_wo_cam
3.00869 1.97984 0
Time
1558624276263
Theta
0.827317
t_wo + t_wo_cam
2.99017 2.03542 0
Time
1558624276292
Theta
0.882471
t_wo + t_wo_cam
3.02802 2.08144 0
Time
1558624276321
Theta
0.882471
t_wo + t_wo_cam
3.02802 2.08144 0
Time
1558624276349
Theta
0.882471
t_wo + t_wo_cam
3.06587 2.12745 0
Time
1558624276378
Theta
0.882471
t_wo + t_wo_cam
3.10372 2.17347 0
Time
1558624276407
Theta
0.882471
t_wo + t_wo_cam
3.10372 2.17347 0
Time
1558624276435
Theta
0.882471
t_wo + t_wo_cam
3.14157 2.21948 0
Time
1558624276460
Theta
0.882471
t_wo + t_wo_cam
3.17942 2.2655 0
Time
1558624276489
Theta
0.882471
t_wo + t_wo_cam
3.15786 2.31998 0
Time
1558624276517
Theta
0.937626
t_wo + t_wo_cam
3.21597 2.31252 0
Time
1558624276546
Theta
0.882471
t_wo + t_wo_cam
3.19441 2.367 0
Time
1558624276575
Theta
0.937626
t_wo + t_wo_cam
3.22966 2.41503 0
Time
1558624276603
Theta
0.937626
t_wo + t_wo_cam
3.28777 2.40758 0
Time
1558624276632
Theta
0.882471
t_wo + t_wo_cam
3.26622 2.46206 0
Time
1558624276656
Theta
0.937626
t_wo + t_wo_cam
3.30147 2.51009 0
Time
1558624276685
Theta
0.937626
t_wo + t_wo_cam
3.35958 2.50264 0
Time
1558624276714
Theta
0.882471
t_wo + t_wo_cam
3.33802 2.55711 0
Time
1558624276742
Theta
0.937626
t_wo + t_wo_cam
3.37328 2.60515 0
Time
1558624276771
Theta
0.937626
t_wo + t_wo_cam
3.37328 2.60515 0
Time
1558624276800
Theta
0.937626
t_wo + t_wo_cam
3.40853 2.65318 0
Time
1558624276828
Theta
0.937626
t_wo + t_wo_cam
3.44379 2.70121 0
Time
1558624276853
Theta
0.937626
t_wo + t_wo_cam
3.41926 2.75441 0
Time
1558624276882
Theta
0.99278
t_wo + t_wo_cam
3.47769 2.75018 0
Time
1558624276910
Theta
0.937626
t_wo + t_wo_cam
3.45316 2.80338 0
Time
1558624276939
Theta
0.99278
t_wo + t_wo_cam
3.48571 2.85328 0
Time
1558624276968
Theta
0.99278
t_wo + t_wo_cam
3.54415 2.84905 0
Time
1558624276996
Theta
0.937626
t_wo + t_wo_cam
3.51962 2.90225 0
Time
1558624277021
Theta
0.99278
t_wo + t_wo_cam
3.55217 2.95216 0
Time
1558624277049
Theta
0.99278
t_wo + t_wo_cam
3.61061 2.94792 0
Time
1558624277078
Theta
0.937626
t_wo + t_wo_cam
3.58608 3.00112 0
Time
1558624277107
Theta
0.99278
t_wo + t_wo_cam
3.61863 3.05103 0
Time
1558624277135
Theta
0.99278
t_wo + t_wo_cam
3.61863 3.05103 0
Time
1558624277164
Theta
0.99278
t_wo + t_wo_cam
3.65118 3.10093 0
Time
1558624277193
Theta
0.99278
t_wo + t_wo_cam
3.68374 3.15083 0
Time
1558624277217
Theta
0.99278
t_wo + t_wo_cam
3.68374 3.15083 0
Time
1558624277246
Theta
0.99278
t_wo + t_wo_cam
3.71629 3.20073 0
Time
1558624277275
Theta
0.99278
t_wo + t_wo_cam
3.74884 3.25064 0
Time
1558624277303
Theta
0.99278
t_wo + t_wo_cam
3.74884 3.25064 0
Time
1558624277332
Theta
0.99278
t_wo + t_wo_cam
3.7814 3.30054 0
Time
1558624277361
Theta
0.99278
t_wo + t_wo_cam
3.7814 3.30054 0
Time
1558624277389
Theta
0.99278
t_wo + t_wo_cam
3.81395 3.35044 0
Time
1558624277414
Theta
0.99278
t_wo + t_wo_cam
3.8465 3.40034 0
Time
1558624277442
Theta
0.99278
t_wo + t_wo_cam
3.8465 3.40034 0
Time
1558624277471
Theta
0.99278
t_wo + t_wo_cam
3.87906 3.45025 0
Time
1558624277500
Theta
0.99278
t_wo + t_wo_cam
3.91161 3.50015 0
Time
1558624277528
Theta
0.99278
t_wo + t_wo_cam
3.91161 3.50015 0
Time
1558624277557
Theta
0.99278
t_wo + t_wo_cam
3.94416 3.55005 0
Time
1558624277586
Theta
0.99278
t_wo + t_wo_cam
3.91674 3.60182 0
Time
1558624277610
Theta
1.04793
t_wo + t_wo_cam
3.97532 3.60081 0
Time
1558624277639
Theta
0.99278
t_wo + t_wo_cam
4.00787 3.65072 0
Time
1558624277668
Theta
0.99278
t_wo + t_wo_cam
4.00787 3.65072 0
Time
1558624277696
Theta
0.99278
t_wo + t_wo_cam
4.04042 3.70062 0
Time
1558624277725
Theta
0.99278
t_wo + t_wo_cam
4.07298 3.75052 0
Time
1558624277754
Theta
0.99278
t_wo + t_wo_cam
4.07298 3.75052 0
Time
1558624277778
Theta
0.99278
t_wo + t_wo_cam
4.10553 3.80043 0
Time
1558624277807
Theta
0.99278
t_wo + t_wo_cam
4.13808 3.85033 0
Time
1558624277835
Theta
0.99278
t_wo + t_wo_cam
4.13808 3.85033 0
Time
1558624277864
Theta
0.99278
t_wo + t_wo_cam
4.17064 3.90023 0
Time
1558624277893
Theta
0.99278
t_wo + t_wo_cam
4.22907 3.89599 0
Time
1558624277921
Theta
0.937626
t_wo + t_wo_cam
4.20454 3.9492 0
Time
1558624277950
Theta
0.99278
t_wo + t_wo_cam
4.23709 3.9991 0
Time
1558624277975
Theta
0.99278
t_wo + t_wo_cam
4.29553 3.99486 0
Time
1558624278003
Theta
0.937626
t_wo + t_wo_cam
4.271 4.04807 0
Time
1558624278032
Theta
0.99278
t_wo + t_wo_cam
4.32943 4.04383 0
Time
1558624278061
Theta
0.937626
t_wo + t_wo_cam
4.36469 4.09186 0
Time
1558624278089
Theta
0.937626
t_wo + t_wo_cam
4.34016 4.14507 0
Time
1558624278118
Theta
0.99278
t_wo + t_wo_cam
4.39859 4.14083 0
Time
1558624278147
Theta
0.937626
t_wo + t_wo_cam
4.43385 4.18886 0
Time
1558624278171
Theta
0.937626
t_wo + t_wo_cam
4.43385 4.18886 0
Time
1558624278200
Theta
0.937626
t_wo + t_wo_cam
4.4691 4.2369 0
Time
1558624278228
Theta
0.937626
t_wo + t_wo_cam
4.52721 4.22944 0
Time
1558624278257
Theta
0.882471
t_wo + t_wo_cam
4.50565 4.28392 0
Time
1558624278286
Theta
0.937626
t_wo + t_wo_cam
4.54091 4.33195 0
Time
1558624278314
Theta
0.937626
t_wo + t_wo_cam
4.59902 4.3245 0
Time
1558624278343
Theta
0.882471
t_wo + t_wo_cam
4.57746 4.37898 0
Time
1558624278368
Theta
0.937626
t_wo + t_wo_cam
4.63557 4.37152 0
Time
1558624278396
Theta
0.882471
t_wo + t_wo_cam
4.67342 4.41754 0
Time
1558624278425
Theta
0.882471
t_wo + t_wo_cam
4.67342 4.41754 0
Time
1558624278454
Theta
0.882471
t_wo + t_wo_cam
4.71127 4.46356 0
Time
1558624278482
Theta
0.882471
t_wo + t_wo_cam
4.74912 4.50957 0
Time
1558624278511
Theta
0.882471
t_wo + t_wo_cam
4.74912 4.50957 0
Time
1558624278536
Theta
0.882471
t_wo + t_wo_cam
4.78697 4.55559 0
Time
1558624278564
Theta
0.882471
t_wo + t_wo_cam
4.84458 4.54494 0
Time
1558624278593
Theta
0.827317
t_wo + t_wo_cam
4.82606 4.60053 0
Time
1558624278621
Theta
0.882471
t_wo + t_wo_cam
4.88367 4.58988 0
Time
1558624278650
Theta
0.827317
t_wo + t_wo_cam
4.924 4.63374 0
Time
1558624278679
Theta
0.827317
t_wo + t_wo_cam
4.98093 4.61994 0
Time
1558624278707
Theta
0.772163
t_wo + t_wo_cam
4.9655 4.67645 0
Time
1558624278732
Theta
0.827317
t_wo + t_wo_cam
5.00583 4.72031 0
Time
1558624278761
Theta
0.827317
t_wo + t_wo_cam
5.06277 4.70651 0
Time
1558624278789
Theta
0.772163
t_wo + t_wo_cam
5.04734 4.76303 0
Time
1558624278818
Theta
0.827317
t_wo + t_wo_cam
5.10427 4.74922 0
Time
1558624278847
Theta
0.772163
t_wo + t_wo_cam
5.14696 4.79079 0
Time
1558624278875
Theta
0.772163
t_wo + t_wo_cam
5.20305 4.77387 0
Time
1558624278904
Theta
0.717008
t_wo + t_wo_cam
5.19076 4.83116 0
Time
1558624278929
Theta
0.772163
t_wo + t_wo_cam
5.24685 4.81423 0
Time
1558624278957
Theta
0.717008
t_wo + t_wo_cam
5.29176 4.85339 0
Time
1558624278986
Theta
0.717008
t_wo + t_wo_cam
5.29176 4.85339 0
Time
1558624279014
Theta
0.717008
t_wo + t_wo_cam
5.33667 4.89254 0
Time
1558624279043
Theta
0.717008
t_wo + t_wo_cam
5.39174 4.87255 0
Time
1558624279072
Theta
0.661854
t_wo + t_wo_cam
5.43874 4.90917 0
Time
1558624279100
Theta
0.661854
t_wo + t_wo_cam
5.43874 4.90917 0
Time
1558624279125
Theta
0.661854
t_wo + t_wo_cam
5.48575 4.94579 0
Time
1558624279154
Theta
0.661854
t_wo + t_wo_cam
5.53275 4.98241 0
Time
1558624279182
Theta
0.661854
t_wo + t_wo_cam
5.53275 4.98241 0
Time
1558624279211
Theta
0.661854
t_wo + t_wo_cam
5.57975 5.01902 0
Time
1558624279240
Theta
0.661854
t_wo + t_wo_cam
5.63363 4.99603 0
Time
1558624279268
Theta
0.606699
t_wo + t_wo_cam
5.68258 5.03 0
Time
1558624279297
Theta
0.606699
t_wo + t_wo_cam
5.68258 5.03 0
Time
1558624279321
Theta
0.606699
t_wo + t_wo_cam
5.73153 5.06397 0
Time
1558624279350
Theta
0.606699
t_wo + t_wo_cam
5.78407 5.03804 0
Time
1558624279379
Theta
0.551545
t_wo + t_wo_cam
5.78138 5.09657 0
Time
1558624279407
Theta
0.606699
t_wo + t_wo_cam
5.83392 5.07064 0
Time
1558624279436
Theta
0.551545
t_wo + t_wo_cam
5.88466 5.10186 0
Time
1558624279465
Theta
0.551545
t_wo + t_wo_cam
5.93569 5.07307 0
Time
1558624279489
Theta
0.49639
t_wo + t_wo_cam
5.93623 5.13166 0
Time
1558624279518
Theta
0.551545
t_wo + t_wo_cam
5.98726 5.10287 0
Time
1558624279547
Theta
0.49639
t_wo + t_wo_cam
6.03965 5.13125 0
Time
1558624279575
Theta
0.49639
t_wo + t_wo_cam
6.03965 5.13125 0
Time
1558624279604
Theta
0.49639
t_wo + t_wo_cam
6.09204 5.15963 0
Time
1558624279633
Theta
0.49639
t_wo + t_wo_cam
6.1414 5.12807 0
Time
1558624279661
Theta
0.441236
t_wo + t_wo_cam
6.19528 5.15352 0
Time
1558624279686
Theta
0.441236
t_wo + t_wo_cam
6.19528 5.15352 0
Time
1558624279715
Theta
0.441236
t_wo + t_wo_cam
6.24916 5.17896 0
Time
1558624279743
Theta
0.441236
t_wo + t_wo_cam
6.30303 5.2044 0
Time
1558624279772
Theta
0.441236
t_wo + t_wo_cam
6.35058 5.17018 0
Time
1558624279800
Theta
0.386081
t_wo + t_wo_cam
6.35757 5.22835 0
Time
1558624279829
Theta
0.441236
t_wo + t_wo_cam
6.40512 5.19412 0
Time
1558624279858
Theta
0.386081
t_wo + t_wo_cam
6.46031 5.21655 0
Time
1558624279882
Theta
0.386081
t_wo + t_wo_cam
6.46031 5.21655 0
Time
1558624279911
Theta
0.386081
t_wo + t_wo_cam
6.51551 5.23899 0
Time
1558624279940
Theta
0.386081
t_wo + t_wo_cam
6.5611 5.20219 0
Time
1558624279968
Theta
0.330927
t_wo + t_wo_cam
6.61745 5.22155 0
Time
1558624279997
Theta
0.330927
t_wo + t_wo_cam
6.61745 5.22155 0
Time
1558624280026
Theta
0.330927
t_wo + t_wo_cam
6.6738 5.24091 0
Time
1558624280054
Theta
0.330927
t_wo + t_wo_cam
6.71729 5.20166 0
Time
1558624280079
Theta
0.275772
t_wo + t_wo_cam
6.77462 5.21788 0
Time
1558624280108
Theta
0.275772
t_wo + t_wo_cam
6.77462 5.21788 0
Time
1558624280136
Theta
0.275772
t_wo + t_wo_cam
6.83195 5.2341 0
Time
1558624280165
Theta
0.275772
t_wo + t_wo_cam
6.88928 5.25033 0
Time
1558624280194
Theta
0.275772
t_wo + t_wo_cam
6.88928 5.25033 0
Time
1558624280222
Theta
0.275772
t_wo + t_wo_cam
6.94661 5.26655 0
Time
1558624280247
Theta
0.275772
t_wo + t_wo_cam
6.98787 5.22496 0
Time
1558624280275
Theta
0.220618
t_wo + t_wo_cam
7.04601 5.238 0
Time
1558624280304
Theta
0.220618
t_wo + t_wo_cam
7.04601 5.238 0
Time
1558624280333
Theta
0.220618
t_wo + t_wo_cam
7.10415 5.25103 0
Time
1558624280361
Theta
0.220618
t_wo + t_wo_cam
7.14305 5.20723 0
Time
1558624280390
Theta
0.165463
t_wo + t_wo_cam
7.20182 5.21704 0
Time
1558624280419
Theta
0.165463
t_wo + t_wo_cam
7.22137 5.27227 0
Time
1558624280443
Theta
0.220618
t_wo + t_wo_cam
7.26027 5.22847 0
Time
1558624280472
Theta
0.165463
t_wo + t_wo_cam
7.31904 5.23828 0
Time
1558624280500
Theta
0.165463
t_wo + t_wo_cam
7.35547 5.1924 0
Time
1558624280529
Theta
0.110309
t_wo + t_wo_cam
7.37804 5.24647 0
Time
1558624280558
Theta
0.165463
t_wo + t_wo_cam
7.41447 5.20059 0
Time
1558624280586
Theta
0.110309
t_wo + t_wo_cam
7.47369 5.20715 0
Time
1558624280615
Theta
0.110309
t_wo + t_wo_cam
7.53291 5.21371 0
Time
1558624280640
Theta
0.110309
t_wo + t_wo_cam
7.53291 5.21371 0
Time
1558624280668
Theta
0.110309
t_wo + t_wo_cam
7.59213 5.22027 0
Time
1558624280697
Theta
0.110309
t_wo + t_wo_cam
7.62597 5.17244 0
Time
1558624280726
Theta
0.0551545
t_wo + t_wo_cam
7.68547 5.17573 0
Time
1558624280754
Theta
0.0551545
t_wo + t_wo_cam
7.68547 5.17573 0
Time
1558624280783
Theta
0.0551545
t_wo + t_wo_cam
7.74496 5.17901 0
Time
1558624280812
Theta
0.0551545
t_wo + t_wo_cam
7.80445 5.1823 0
Time
1558624280836
Theta
0.0551545
t_wo + t_wo_cam
7.80445 5.1823 0
Time
1558624280865
Theta
0.0551545
t_wo + t_wo_cam
7.86394 5.18558 0
Time
1558624280894
Theta
0.0551545
t_wo + t_wo_cam
7.8951 5.13597 0
Time
1558624280922
Theta
-2.77556e-17
t_wo + t_wo_cam
7.95468 5.13597 0
Time
1558624280951
Theta
-2.77556e-17
t_wo + t_wo_cam
7.98306 5.18723 0
Time
1558624280980
Theta
0.0551545
t_wo + t_wo_cam
8.01422 5.13761 0
Time
1558624281004
Theta
-2.77556e-17
t_wo + t_wo_cam
8.0738 5.13761 0
Time
1558624281033
Theta
-2.77556e-17
t_wo + t_wo_cam
8.10218 5.08636 0
Time
1558624281061
Theta
-0.0551545
t_wo + t_wo_cam
8.13334 5.13597 0
Time
1558624281090
Theta
-2.77556e-17
t_wo + t_wo_cam
8.19292 5.13597 0
Time
1558624281119
Theta
-2.77556e-17
t_wo + t_wo_cam
8.2213 5.08471 0
Time
1558624281147
Theta
-0.0551545
t_wo + t_wo_cam
8.25245 5.13433 0
Time
1558624281176
Theta
-2.77556e-17
t_wo + t_wo_cam
8.28083 5.08307 0
Time
1558624281201
Theta
-0.0551545
t_wo + t_wo_cam
8.34032 5.07979 0
Time
1558624281229
Theta
-0.0551545
t_wo + t_wo_cam
8.37148 5.1294 0
Time
1558624281258
Theta
-2.77556e-17
t_wo + t_wo_cam
8.39986 5.07814 0
Time
1558624281287
Theta
-0.0551545
t_wo + t_wo_cam
8.45935 5.07486 0
Time
1558624281315
Theta
-0.0551545
t_wo + t_wo_cam
8.49051 5.12447 0
Time
1558624281344
Theta
-2.77556e-17
t_wo + t_wo_cam
8.51889 5.07322 0
Time
1558624281372
Theta
-0.0551545
t_wo + t_wo_cam
8.57838 5.06993 0
Time
1558624281397
Theta
-0.0551545
t_wo + t_wo_cam
8.63787 5.06665 0
Time
1558624281426
Theta
-0.0551545
t_wo + t_wo_cam
8.63787 5.06665 0
Time
1558624281454
Theta
-0.0551545
t_wo + t_wo_cam
8.69736 5.06336 0
Time
1558624281483
Theta
-0.0551545
t_wo + t_wo_cam
8.75685 5.06008 0
Time
1558624281512
Theta
-0.0551545
t_wo + t_wo_cam
8.75685 5.06008 0
Time
1558624281540
Theta
-0.0551545
t_wo + t_wo_cam
8.81634 5.05679 0
Time
1558624281569
Theta
-0.0551545
t_wo + t_wo_cam
8.8475 5.10641 0
Time
1558624281594
Theta
-2.77556e-17
t_wo + t_wo_cam
8.87588 5.05515 0
Time
1558624281622
Theta
-0.0551545
t_wo + t_wo_cam
8.93537 5.05187 0
Time
1558624281651
Theta
-0.0551545
t_wo + t_wo_cam
8.96653 5.10148 0
Time
1558624281679
Theta
-2.77556e-17
t_wo + t_wo_cam
8.99491 5.05023 0
Time
1558624281708
Theta
-0.0551545
t_wo + t_wo_cam
9.0544 5.04694 0
Time
1558624281737
Theta
-0.0551545
t_wo + t_wo_cam
9.08556 5.09655 0
Time
1558624281761
Theta
-2.77556e-17
t_wo + t_wo_cam
9.11394 5.0453 0
Time
1558624281790
Theta
-0.0551545
t_wo + t_wo_cam
9.17343 5.04201 0
Time
1558624281819
Theta
-0.0551545
t_wo + t_wo_cam
9.20459 5.09163 0
Time
1558624281847
Theta
-2.77556e-17
t_wo + t_wo_cam
9.23296 5.04037 0
Time
1558624281876
Theta
-0.0551545
t_wo + t_wo_cam
9.29246 5.03709 0
Time
1558624281905
Theta
-0.0551545
t_wo + t_wo_cam
9.32362 5.0867 0
Time
1558624281933
Theta
-2.77556e-17
t_wo + t_wo_cam
9.35199 5.03544 0
Time
1558624281958
Theta
-0.0551545
t_wo + t_wo_cam
9.38315 5.08506 0
Time
1558624281987
Theta
-2.77556e-17
t_wo + t_wo_cam
9.44273 5.08506 0
Time
1558624282015
Theta
-2.77556e-17
t_wo + t_wo_cam
9.47111 5.0338 0
Time
1558624282044
Theta
-0.0551545
t_wo + t_wo_cam
9.50227 5.08342 0
Time
1558624282073
Theta
-2.77556e-17
t_wo + t_wo_cam
9.56185 5.08342 0
Time
1558624282101
Theta
-2.77556e-17
t_wo + t_wo_cam
9.59023 5.13467 0
Time
1558624282130
Theta
0.0551545
t_wo + t_wo_cam
9.62139 5.08506 0
Time
1558624282154
Theta
-2.77556e-17
t_wo + t_wo_cam
9.68097 5.08506 0
Time
1558624282183
Theta
-2.77556e-17
t_wo + t_wo_cam
9.70935 5.13631 0
Time
1558624282212
Theta
0.0551545
t_wo + t_wo_cam
9.74051 5.0867 0
Time
1558624282240
Theta
-2.77556e-17
t_wo + t_wo_cam
9.76889 5.13796 0
Time
1558624282269
Theta
0.0551545
t_wo + t_wo_cam
9.82838 5.14124 0
Time
1558624282298
Theta
0.0551545
t_wo + t_wo_cam
9.82838 5.14124 0
Time
1558624282326
Theta
0.0551545
t_wo + t_wo_cam
9.88787 5.14453 0
Time
1558624282351
Theta
0.0551545
t_wo + t_wo_cam
9.94736 5.14781 0
Time
1558624282380
Theta
0.0551545
t_wo + t_wo_cam
9.94736 5.14781 0
Time
1558624282408
Theta
0.0551545
t_wo + t_wo_cam
10.0069 5.1511 0
Time
1558624282437
Theta
0.0551545
t_wo + t_wo_cam
10.0324 5.20384 0
Time
1558624282466
Theta
0.110309
t_wo + t_wo_cam
10.0662 5.15602 0
Time
1558624282494
Theta
0.0551545
t_wo + t_wo_cam
10.0917 5.20876 0
Time
1558624282519
Theta
0.110309
t_wo + t_wo_cam
10.1509 5.21532 0
Time
1558624282547
Theta
0.110309
t_wo + t_wo_cam
10.1848 5.1675 0
Time
1558624282576
Theta
0.0551545
t_wo + t_wo_cam
10.2103 5.22024 0
Time
1558624282605
Theta
0.110309
t_wo + t_wo_cam
10.2695 5.2268 0
Time
1558624282633
Theta
0.110309
t_wo + t_wo_cam
10.2695 5.2268 0
Time
1558624282662
Theta
0.110309
t_wo + t_wo_cam
10.3287 5.23336 0
Time
1558624282691
Theta
0.110309
t_wo + t_wo_cam
10.3513 5.28743 0
Time
1558624282715
Theta
0.165463
t_wo + t_wo_cam
10.4101 5.29724 0
Time
1558624282744
Theta
0.165463
t_wo + t_wo_cam
10.4101 5.29724 0
Time
1558624282772
Theta
0.165463
t_wo + t_wo_cam
10.4688 5.30705 0
Time
1558624282801
Theta
0.165463
t_wo + t_wo_cam
10.5276 5.31687 0
Time
1558624282830
Theta
0.165463
t_wo + t_wo_cam
10.5276 5.31687 0
Time
1558624282859
Theta
0.165463
t_wo + t_wo_cam
10.5864 5.32668 0
Time
1558624282887
Theta
0.165463
t_wo + t_wo_cam
10.6059 5.38191 0
Time
1558624282912
Theta
0.220618
t_wo + t_wo_cam
10.6448 5.33811 0
Time
1558624282940
Theta
0.165463
t_wo + t_wo_cam
10.6644 5.39334 0
Time
1558624282969
Theta
0.220618
t_wo + t_wo_cam
10.7225 5.40638 0
Time
1558624282998
Theta
0.220618
t_wo + t_wo_cam
10.739 5.4626 0
Time
1558624283026
Theta
0.275772
t_wo + t_wo_cam
10.7802 5.42101 0
Time
1558624283055
Theta
0.220618
t_wo + t_wo_cam
10.7967 5.47723 0
Time
1558624283084
Theta
0.275772
t_wo + t_wo_cam
10.854 5.49346 0
Time
1558624283108
Theta
0.275772
t_wo + t_wo_cam
10.854 5.49346 0
Time
1558624283137
Theta
0.275772
t_wo + t_wo_cam
10.9114 5.50968 0
Time
1558624283165
Theta
0.275772
t_wo + t_wo_cam
10.9247 5.56672 0
Time
1558624283194
Theta
0.330927
t_wo + t_wo_cam
10.9811 5.58608 0
Time
1558624283223
Theta
0.330927
t_wo + t_wo_cam
11.0246 5.54683 0
Time
1558624283252
Theta
0.275772
t_wo + t_wo_cam
11.0379 5.60388 0
Time
1558624283276
Theta
0.330927
t_wo + t_wo_cam
11.0943 5.62323 0
Time
1558624283305
Theta
0.330927
t_wo + t_wo_cam
11.0943 5.62323 0
Time
1558624283333
Theta
0.330927
t_wo + t_wo_cam
11.1506 5.64259 0
Time
1558624283362
Theta
0.330927
t_wo + t_wo_cam
11.1608 5.70029 0
Time
1558624283391
Theta
0.386081
t_wo + t_wo_cam
11.216 5.72273 0
Time
1558624283419
Theta
0.386081
t_wo + t_wo_cam
11.216 5.72273 0
Time
1558624283448
Theta
0.386081
t_wo + t_wo_cam
11.2712 5.74516 0
Time
1558624283473
Theta
0.386081
t_wo + t_wo_cam
11.2782 5.80333 0
Time
1558624283501
Theta
0.441236
t_wo + t_wo_cam
11.3257 5.7691 0
Time
1558624283530
Theta
0.386081
t_wo + t_wo_cam
11.3327 5.82727 0
Time
1558624283559
Theta
0.441236
t_wo + t_wo_cam
11.3866 5.85272 0
Time
1558624283587
Theta
0.441236
t_wo + t_wo_cam
11.3904 5.91118 0
Time
1558624283616
Theta
0.49639
t_wo + t_wo_cam
11.4397 5.87963 0
Time
1558624283645
Theta
0.441236
t_wo + t_wo_cam
11.4435 5.93809 0
Time
1558624283669
Theta
0.49639
t_wo + t_wo_cam
11.4959 5.96647 0
Time
1558624283698
Theta
0.49639
t_wo + t_wo_cam
11.4964 6.02505 0
Time
1558624283726
Theta
0.551545
t_wo + t_wo_cam
11.5474 5.99627 0
Time
1558624283755
Theta
0.49639
t_wo + t_wo_cam
11.548 6.05485 0
Time
1558624283784
Theta
0.551545
t_wo + t_wo_cam
11.5987 6.08607 0
Time
1558624283812
Theta
0.551545
t_wo + t_wo_cam
11.596 6.1446 0
Time
1558624283841
Theta
0.606699
t_wo + t_wo_cam
11.6486 6.11867 0
Time
1558624283866
Theta
0.551545
t_wo + t_wo_cam
11.6459 6.17719 0
Time
1558624283894
Theta
0.606699
t_wo + t_wo_cam
11.6948 6.21117 0
Time
1558624283923
Theta
0.606699
t_wo + t_wo_cam
11.7438 6.24514 0
Time
1558624283952
Theta
0.606699
t_wo + t_wo_cam
11.7438 6.24514 0
Time
1558624283980
Theta
0.606699
t_wo + t_wo_cam
11.7927 6.27911 0
Time
1558624284009
Theta
0.606699
t_wo + t_wo_cam
11.7868 6.3374 0
Time
1558624284033
Theta
0.661854
t_wo + t_wo_cam
11.8338 6.37401 0
Time
1558624284062
Theta
0.661854
t_wo + t_wo_cam
11.8338 6.37401 0
Time
1558624284091
Theta
0.661854
t_wo + t_wo_cam
11.8808 6.41063 0
Time
1558624284119
Theta
0.661854
t_wo + t_wo_cam
11.8717 6.46851 0
Time
1558624284148
Theta
0.717008
t_wo + t_wo_cam
11.9166 6.50766 0
Time
1558624284177
Theta
0.717008
t_wo + t_wo_cam
11.9166 6.50766 0
Time
1558624284205
Theta
0.717008
t_wo + t_wo_cam
11.9615 6.54681 0
Time
1558624284230
Theta
0.717008
t_wo + t_wo_cam
11.9492 6.6041 0
Time
1558624284259
Theta
0.772163
t_wo + t_wo_cam
11.9919 6.64566 0
Time
1558624284287
Theta
0.772163
t_wo + t_wo_cam
11.9919 6.64566 0
Time
1558624284316
Theta
0.772163
t_wo + t_wo_cam
12.0346 6.68723 0
Time
1558624284345
Theta
0.772163
t_wo + t_wo_cam
12.0192 6.74375 0
Time
1558624284373
Theta
0.827317
t_wo + t_wo_cam
12.0595 6.78761 0
Time
1558624284403
Theta
0.827317
t_wo + t_wo_cam
12.0595 6.78761 0
Time
1558624284426
Theta
0.827317
t_wo + t_wo_cam
12.0998 6.83147 0
Time
1558624284455
Theta
0.827317
t_wo + t_wo_cam
12.1402 6.87533 0
Time
1558624284484
Theta
0.827317
t_wo + t_wo_cam
12.1216 6.93091 0
Time
1558624284512
Theta
0.882471
t_wo + t_wo_cam
12.1793 6.92027 0
Time
1558624284541
Theta
0.827317
t_wo + t_wo_cam
12.1607 6.97585 0
Time
1558624284570
Theta
0.882471
t_wo + t_wo_cam
12.1986 7.02187 0
Time
1558624284598
Theta
0.882471
t_wo + t_wo_cam
12.177 7.07634 0
Time
1558624284623
Theta
0.937626
t_wo + t_wo_cam
12.2351 7.06889 0
Time
1558624284652
Theta
0.882471
t_wo + t_wo_cam
12.2136 7.12337 0
Time
1558624284680
Theta
0.937626
t_wo + t_wo_cam
12.2488 7.1714 0
Time
1558624284709
Theta
0.937626
t_wo + t_wo_cam
12.2243 7.2246 0
Time
1558624284738
Theta
0.99278
t_wo + t_wo_cam
12.2827 7.22037 0
Time
1558624284766
Theta
0.937626
t_wo + t_wo_cam
12.2582 7.27357 0
Time
1558624284791
Theta
0.99278
t_wo + t_wo_cam
12.2908 7.32347 0
Time
1558624284819
Theta
0.99278
t_wo + t_wo_cam
12.3233 7.37338 0
Time
1558624284848
Theta
0.99278
t_wo + t_wo_cam
12.3233 7.37338 0
Time
1558624284877
Theta
0.99278
t_wo + t_wo_cam
12.3559 7.42328 0
Time
1558624284905
Theta
0.99278
t_wo + t_wo_cam
12.3284 7.47505 0
Time
1558624284934
Theta
1.04793
t_wo + t_wo_cam
12.3582 7.52667 0
Time
1558624284963
Theta
1.04793
t_wo + t_wo_cam
12.328 7.57685 0
Time
1558624284987
Theta
1.10309
t_wo + t_wo_cam
12.3865 7.57907 0
Time
1558624285016
Theta
1.04793
t_wo + t_wo_cam
12.3563 7.62926 0
Time
1558624285045
Theta
1.10309
t_wo + t_wo_cam
12.3831 7.68244 0
Time
1558624285073
Theta
1.10309
t_wo + t_wo_cam
12.3502 7.73088 0
Time
1558624285102
Theta
1.15824
t_wo + t_wo_cam
12.4085 7.73632 0
Time
1558624285131
Theta
1.10309
t_wo + t_wo_cam
12.3755 7.78476 0
Time
1558624285159
Theta
1.15824
t_wo + t_wo_cam
12.3994 7.83934 0
Time
1558624285184
Theta
1.15824
t_wo + t_wo_cam
12.3639 7.88589 0
Time
1558624285212
Theta
1.2134
t_wo + t_wo_cam
12.4218 7.89454 0
Time
1558624285241
Theta
1.15824
t_wo + t_wo_cam
12.4457 7.94913 0
Time
1558624285270
Theta
1.15824
t_wo + t_wo_cam
12.4101 7.99567 0
Time
1558624285298
Theta
1.2134
t_wo + t_wo_cam
12.431 8.05149 0
Time
1558624285327
Theta
1.2134
t_wo + t_wo_cam
12.431 8.05149 0
Time
1558624285356
Theta
1.2134
t_wo + t_wo_cam
12.4518 8.10731 0
Time
1558624285380
Theta
1.2134
t_wo + t_wo_cam
12.4137 8.15182 0
Time
1558624285409
Theta
1.26855
t_wo + t_wo_cam
12.4314 8.2087 0
Time
1558624285438
Theta
1.26855
t_wo + t_wo_cam
12.391 8.25105 0
Time
1558624285466
Theta
1.32371
t_wo + t_wo_cam
12.4476 8.26603 0
Time
1558624285495
Theta
1.26855
t_wo + t_wo_cam
12.4071 8.30838 0
Time
1558624285524
Theta
1.32371
t_wo + t_wo_cam
12.4217 8.36615 0
Time
1558624285548
Theta
1.32371
t_wo + t_wo_cam
12.4363 8.42392 0
Time
1558624285577
Theta
1.32371
t_wo + t_wo_cam
12.4363 8.42392 0
Time
1558624285605
Theta
1.32371
t_wo + t_wo_cam
12.4508 8.48169 0
Time
1558624285634
Theta
1.32371
t_wo + t_wo_cam
12.4081 8.52175 0
Time
1558624285663
Theta
1.37886
t_wo + t_wo_cam
12.4194 8.58023 0
Time
1558624285691
Theta
1.37886
t_wo + t_wo_cam
12.4194 8.58023 0
Time
1558624285720
Theta
1.37886
t_wo + t_wo_cam
12.4308 8.63872 0
Time
1558624285745
Theta
1.37886
t_wo + t_wo_cam
12.3859 8.67636 0
Time
1558624285773
Theta
1.43402
t_wo + t_wo_cam
12.4405 8.69748 0
Time
1558624285802
Theta
1.37886
t_wo + t_wo_cam
12.4519 8.75597 0
Time
1558624285831
Theta
1.37886
t_wo + t_wo_cam
12.407 8.7936 0
Time
1558624285859
Theta
1.43402
t_wo + t_wo_cam
12.4151 8.85263 0
Time
1558624285888
Theta
1.43402
t_wo + t_wo_cam
12.4151 8.85263 0
Time
1558624285917
Theta
1.43402
t_wo + t_wo_cam
12.4233 8.91165 0
Time
1558624285941
Theta
1.43402
t_wo + t_wo_cam
12.3763 8.94675 0
Time
1558624285970
Theta
1.48917
t_wo + t_wo_cam
12.3812 9.00614 0
Time
1558624285998
Theta
1.48917
t_wo + t_wo_cam
12.4346 9.03024 0
Time
1558624286027
Theta
1.43402
t_wo + t_wo_cam
12.3877 9.06534 0
Time
1558624286056
Theta
1.48917
t_wo + t_wo_cam
12.3926 9.12472 0
Time
1558624286084
Theta
1.48917
t_wo + t_wo_cam
12.3438 9.15719 0
Time
1558624286113
Theta
1.54433
t_wo + t_wo_cam
12.3958 9.1842 0
Time
1558624286138
Theta
1.48917
t_wo + t_wo_cam
12.4006 9.24358 0
Time
1558624286166
Theta
1.48917
t_wo + t_wo_cam
12.3519 9.27604 0
Time
1558624286195
Theta
1.54433
t_wo + t_wo_cam
12.3534 9.3356 0
Time
1558624286224
Theta
1.54433
t_wo + t_wo_cam
12.3534 9.3356 0
Time
1558624286252
Theta
1.54433
t_wo + t_wo_cam
12.355 9.39516 0
Time
1558624286281
Theta
1.54433
t_wo + t_wo_cam
12.3566 9.45472 0
Time
1558624286305
Theta
1.54433
t_wo + t_wo_cam
12.3566 9.45472 0
Time
1558624286334
Theta
1.54433
t_wo + t_wo_cam
12.3582 9.51429 0
Time
1558624286363
Theta
1.54433
t_wo + t_wo_cam
12.3077 9.54401 0
Time
1558624286391
Theta
1.59948
t_wo + t_wo_cam
12.306 9.60357 0
Time
1558624286420
Theta
1.59948
t_wo + t_wo_cam
12.3564 9.6334 0
Time
1558624286449
Theta
1.54433
t_wo + t_wo_cam
12.3059 9.66313 0
Time
1558624286477
Theta
1.59948
t_wo + t_wo_cam
12.3042 9.72268 0
Time
1558624286502
Theta
1.59948
t_wo + t_wo_cam
12.3546 9.75252 0
Time
1558624286531
Theta
1.54433
t_wo + t_wo_cam
12.3041 9.78224 0
Time
1558624286559
Theta
1.59948
t_wo + t_wo_cam
12.3024 9.8418 0
Time
1558624286588
Theta
1.59948
t_wo + t_wo_cam
12.3024 9.8418 0
Time
1558624286617
Theta
1.59948
t_wo + t_wo_cam
12.3007 9.90136 0
Time
1558624286645
Theta
1.59948
t_wo + t_wo_cam
12.299 9.96091 0
Time
1558624286674
Theta
1.59948
t_wo + t_wo_cam
12.299 9.96091 0
Time
1558624286698
Theta
1.59948
t_wo + t_wo_cam
12.2973 10.0205 0
Time
1558624286727
Theta
1.59948
t_wo + t_wo_cam
12.2452 10.0474 0
Time
1558624286756
Theta
1.65463
t_wo + t_wo_cam
12.2939 10.0799 0
Time
1558624286784
Theta
1.59948
t_wo + t_wo_cam
12.2922 10.1395 0
Time
1558624286813
Theta
1.59948
t_wo + t_wo_cam
12.2402 10.1664 0
Time
1558624286842
Theta
1.65463
t_wo + t_wo_cam
12.2889 10.199 0
Time
1558624286870
Theta
1.59948
t_wo + t_wo_cam
12.2872 10.2585 0
Time
1558624286895
Theta
1.59948
t_wo + t_wo_cam
12.2351 10.2854 0
Time
1558624286924
Theta
1.65463
t_wo + t_wo_cam
12.2838 10.318 0
Time
1558624286952
Theta
1.59948
t_wo + t_wo_cam
12.2821 10.3775 0
Time
1558624286981
Theta
1.59948
t_wo + t_wo_cam
12.2301 10.4044 0
Time
1558624287010
Theta
1.65463
t_wo + t_wo_cam
12.2788 10.437 0
Time
1558624287038
Theta
1.59948
t_wo + t_wo_cam
12.2267 10.4639 0
Time
1558624287063
Theta
1.65463
t_wo + t_wo_cam
12.2217 10.5233 0
Time
1558624287092
Theta
1.65463
t_wo + t_wo_cam
12.2704 10.5558 0
Time
1558624287120
Theta
1.59948
t_wo + t_wo_cam
12.2184 10.5827 0
Time
1558624287149
Theta
1.65463
t_wo + t_wo_cam
12.2134 10.6421 0
Time
1558624287177
Theta
1.65463
t_wo + t_wo_cam
12.2621 10.6747 0
Time
1558624287206
Theta
1.59948
t_wo + t_wo_cam
12.21 10.7016 0
Time
1558624287235
Theta
1.65463
t_wo + t_wo_cam
12.2051 10.7609 0
Time
1558624287259
Theta
1.65463
t_wo + t_wo_cam
12.2051 10.7609 0
Time
1558624287288
Theta
1.65463
t_wo + t_wo_cam
12.2001 10.8203 0
Time
1558624287317
Theta
1.65463
t_wo + t_wo_cam
12.1951 10.8797 0
Time
1558624287345
Theta
1.65463
t_wo + t_wo_cam
12.1951 10.8797 0
Time
1558624287374
Theta
1.65463
t_wo + t_wo_cam
12.1901 10.9391 0
Time
1558624287403
Theta
1.65463
t_wo + t_wo_cam
12.1851 10.9984 0
Time
1558624287431
Theta
1.65463
t_wo + t_wo_cam
12.1851 10.9984 0
Time
1558624287456
Theta
1.65463
t_wo + t_wo_cam
12.1801 11.0578 0
Time
1558624287484
Theta
1.65463
t_wo + t_wo_cam
12.1751 11.1172 0
Time
1558624287513
Theta
1.65463
t_wo + t_wo_cam
12.1751 11.1172 0
Time
1558624287542
Theta
1.65463
t_wo + t_wo_cam
12.1701 11.1766 0
Time
1558624287570
Theta
1.65463
t_wo + t_wo_cam
12.1167 11.2005 0
Time
1558624287599
Theta
1.70979
t_wo + t_wo_cam
12.1635 11.2357 0
Time
1558624287628
Theta
1.65463
t_wo + t_wo_cam
12.1585 11.2951 0
Time
1558624287652
Theta
1.65463
t_wo + t_wo_cam
12.1051 11.3191 0
Time
1558624287681
Theta
1.70979
t_wo + t_wo_cam
12.1519 11.3543 0
Time
1558624287710
Theta
1.65463
t_wo + t_wo_cam
12.1469 11.4137 0
Time
1558624287738
Theta
1.65463
t_wo + t_wo_cam
12.0935 11.4377 0
Time
1558624287767
Theta
1.70979
t_wo + t_wo_cam
12.1403 11.4729 0
Time
1558624287796
Theta
1.65463
t_wo + t_wo_cam
12.0868 11.4969 0
Time
1558624287820
Theta
1.70979
t_wo + t_wo_cam
12.0786 11.5559 0
Time
1558624287849
Theta
1.70979
t_wo + t_wo_cam
12.1254 11.5911 0
Time
1558624287877
Theta
1.65463
t_wo + t_wo_cam
12.072 11.6151 0
Time
1558624287906
Theta
1.70979
t_wo + t_wo_cam
12.0637 11.6741 0
Time
1558624287935
Theta
1.70979
t_wo + t_wo_cam
12.1105 11.7093 0
Time
1558624287963
Theta
1.65463
t_wo + t_wo_cam
12.0571 11.7333 0
Time
1558624287992
Theta
1.70979
t_wo + t_wo_cam
12.0488 11.7923 0
Time
1558624288017
Theta
1.70979
t_wo + t_wo_cam
12.0488 11.7923 0
Time
1558624288045
Theta
1.70979
t_wo + t_wo_cam
12.0406 11.8513 0
Time
1558624288074
Theta
1.70979
t_wo + t_wo_cam
12.0323 11.9103 0
Time
1558624288103
Theta
1.70979
t_wo + t_wo_cam
12.0323 11.9103 0
Time
1558624288131
Theta
1.70979
t_wo + t_wo_cam
12.0241 11.9693 0
Time
1558624288160
Theta
1.70979
t_wo + t_wo_cam
12.0158 12.0283 0
Time
1558624288189
Theta
1.70979
t_wo + t_wo_cam
12.0158 12.0283 0
Time
1558624288213
Theta
1.70979
t_wo + t_wo_cam
12.0076 12.0873 0
Time
1558624288242
Theta
1.70979
t_wo + t_wo_cam
11.9993 12.1463 0
Time
1558624288270
Theta
1.70979
t_wo + t_wo_cam
11.9993 12.1463 0
Time
1558624288299
Theta
1.70979
t_wo + t_wo_cam
11.991 12.2053 0
Time
1558624288328
Theta
1.70979
t_wo + t_wo_cam
11.9363 12.2263 0
Time
1558624288356
Theta
1.76494
t_wo + t_wo_cam
11.9249 12.2848 0
Time
1558624288385
Theta
1.76494
t_wo + t_wo_cam
11.9697 12.3225 0
Time
1558624288410
Theta
1.70979
t_wo + t_wo_cam
11.915 12.3435 0
Time
1558624288438
Theta
1.76494
t_wo + t_wo_cam
11.9035 12.402 0
Time
1558624288467
Theta
1.76494
t_wo + t_wo_cam
11.9483 12.4397 0
Time
1558624288496
Theta
1.70979
t_wo + t_wo_cam
11.8936 12.4607 0
Time
1558624288524
Theta
1.76494
t_wo + t_wo_cam
11.8821 12.5192 0
Time
1558624288553
Theta
1.76494
t_wo + t_wo_cam
11.9269 12.5569 0
Time
1558624288582
Theta
1.70979
t_wo + t_wo_cam
11.8722 12.5779 0
Time
1558624288606
Theta
1.76494
t_wo + t_wo_cam
11.8607 12.6364 0
Time
1558624288635
Theta
1.76494
t_wo + t_wo_cam
11.9056 12.6741 0
Time
1558624288663
Theta
1.70979
t_wo + t_wo_cam
11.8509 12.6951 0
Time
1558624288692
Theta
1.76494
t_wo + t_wo_cam
11.8394 12.7536 0
Time
1558624288721
Theta
1.76494
t_wo + t_wo_cam
11.8842 12.7913 0
Time
1558624288749
Theta
1.70979
t_wo + t_wo_cam
11.8295 12.8123 0
Time
1558624288774
Theta
1.76494
t_wo + t_wo_cam
11.818 12.8708 0
Time
1558624288803
Theta
1.76494
t_wo + t_wo_cam
11.8065 12.9292 0
Time
1558624288831
Theta
1.76494
t_wo + t_wo_cam
11.8065 12.9292 0
Time
1558624288860
Theta
1.76494
t_wo + t_wo_cam
11.795 12.9877 0
Time
1558624288889
Theta
1.76494
t_wo + t_wo_cam
11.7392 13.0056 0
Time
1558624288917
Theta
1.8201
t_wo + t_wo_cam
11.7819 13.0458 0
Time
1558624288946
Theta
1.76494
t_wo + t_wo_cam
11.7704 13.1043 0
Time
1558624288971
Theta
1.76494
t_wo + t_wo_cam
11.7147 13.1222 0
Time
1558624288999
Theta
1.8201
t_wo + t_wo_cam
11.7573 13.1624 0
Time
1558624289028
Theta
1.76494
t_wo + t_wo_cam
11.7458 13.2208 0
Time
1558624289056
Theta
1.76494
t_wo + t_wo_cam
11.6901 13.2388 0
Time
1558624289085
Theta
1.8201
t_wo + t_wo_cam
11.7327 13.2789 0
Time
1558624289114
Theta
1.76494
t_wo + t_wo_cam
11.7212 13.3374 0
Time
1558624289142
Theta
1.76494
t_wo + t_wo_cam
11.6655 13.3553 0
Time
1558624289167
Theta
1.8201
t_wo + t_wo_cam
11.6508 13.4131 0
Time
1558624289196
Theta
1.8201
t_wo + t_wo_cam
11.6934 13.4532 0
Time
1558624289224
Theta
1.76494
t_wo + t_wo_cam
11.6377 13.4712 0
Time
1558624289253
Theta
1.8201
t_wo + t_wo_cam
11.623 13.5289 0
Time
1558624289282
Theta
1.8201
t_wo + t_wo_cam
11.6656 13.5691 0
Time
1558624289310
Theta
1.76494
t_wo + t_wo_cam
11.6099 13.587 0
Time
1558624289339
Theta
1.8201
t_wo + t_wo_cam
11.5952 13.6448 0
Time
1558624289363
Theta
1.8201
t_wo + t_wo_cam
11.6378 13.6849 0
Time
1558624289392
Theta
1.76494
t_wo + t_wo_cam
11.5821 13.7029 0
Time
1558624289422
Theta
1.8201
t_wo + t_wo_cam
11.5674 13.7606 0
Time
1558624289450
Theta
1.8201
t_wo + t_wo_cam
11.5527 13.8183 0
Time
1558624289478
Theta
1.8201
t_wo + t_wo_cam
11.5527 13.8183 0
Time
1558624289507
Theta
1.8201
t_wo + t_wo_cam
11.538 13.8761 0
Time
1558624289531
Theta
1.8201
t_wo + t_wo_cam
11.5233 13.9338 0
Time
1558624289560
Theta
1.8201
t_wo + t_wo_cam
11.5233 13.9338 0
Time
1558624289589
Theta
1.8201
t_wo + t_wo_cam
11.5086 13.9916 0
Time
1558624289617
Theta
1.8201
t_wo + t_wo_cam
11.4939 14.0493 0
Time
1558624289646
Theta
1.8201
t_wo + t_wo_cam
11.4939 14.0493 0
Time
1558624289675
Theta
1.8201
t_wo + t_wo_cam
11.4792 14.107 0
Time
1558624289703
Theta
1.8201
t_wo + t_wo_cam
11.4645 14.1648 0
Time
1558624289728
Theta
1.8201
t_wo + t_wo_cam
11.4078 14.1796 0
Time
1558624289757
Theta
1.87525
t_wo + t_wo_cam
11.4482 14.2221 0
Time
1558624289785
Theta
1.8201
t_wo + t_wo_cam
11.4335 14.2798 0
Time
1558624289814
Theta
1.8201
t_wo + t_wo_cam
11.3768 14.2947 0
Time
1558624289842
Theta
1.87525
t_wo + t_wo_cam
11.4172 14.3371 0
Time
1558624289871
Theta
1.8201
t_wo + t_wo_cam
11.4025 14.3948 0
Time
1558624289900
Theta
1.8201
t_wo + t_wo_cam
11.3458 14.4097 0
Time
1558624289924
Theta
1.87525
t_wo + t_wo_cam
11.3862 14.4521 0
Time
1558624289953
Theta
1.8201
t_wo + t_wo_cam
11.3715 14.5099 0
Time
1558624289982
Theta
1.8201
t_wo + t_wo_cam
11.3149 14.5247 0
Time
1558624290010
Theta
1.87525
t_wo + t_wo_cam
11.297 14.5816 0
Time
1558624290039
Theta
1.87525
t_wo + t_wo_cam
11.3374 14.624 0
Time
1558624290068
Theta
1.8201
t_wo + t_wo_cam
11.2807 14.6389 0
Time
1558624290096
Theta
1.87525
t_wo + t_wo_cam
11.2628 14.6957 0
Time
1558624290121
Theta
1.87525
t_wo + t_wo_cam
11.2628 14.6957 0
Time
1558624290150
Theta
1.87525
t_wo + t_wo_cam
11.245 14.7525 0
Time
1558624290178
Theta
1.87525
t_wo + t_wo_cam
11.2271 14.8094 0
Time
1558624290207
Theta
1.87525
t_wo + t_wo_cam
11.2271 14.8094 0
Time
1558624290235
Theta
1.87525
t_wo + t_wo_cam
11.2093 14.8662 0
Time
1558624290264
Theta
1.87525
t_wo + t_wo_cam
11.1914 14.9231 0
Time
1558624290289
Theta
1.87525
t_wo + t_wo_cam
11.1914 14.9231 0
Time
1558624290317
Theta
1.87525
t_wo + t_wo_cam
11.1735 14.9799 0
Time
1558624290346
Theta
1.87525
t_wo + t_wo_cam
11.1557 15.0367 0
Time
1558624290375
Theta
1.87525
t_wo + t_wo_cam
11.1557 15.0367 0
Time
1558624290403
Theta
1.87525
t_wo + t_wo_cam
11.1378 15.0936 0
Time
1558624290432
Theta
1.87525
t_wo + t_wo_cam
11.12 15.1504 0
Time
1558624290461
Theta
1.87525
t_wo + t_wo_cam
11.12 15.1504 0
Time
1558624290485
Theta
1.87525
t_wo + t_wo_cam
11.1021 15.2073 0
Time
1558624290514
Theta
1.87525
t_wo + t_wo_cam
11.0842 15.2641 0
Time
1558624290542
Theta
1.87525
t_wo + t_wo_cam
11.0842 15.2641 0
Time
1558624290571
Theta
1.87525
t_wo + t_wo_cam
11.0664 15.321 0
Time
1558624290600
Theta
1.87525
t_wo + t_wo_cam
11.009 15.3327 0
Time
1558624290628
Theta
1.93041
t_wo + t_wo_cam
10.988 15.3884 0
Time
1558624290657
Theta
1.93041
t_wo + t_wo_cam
11.026 15.433 0
Time
1558624290682
Theta
1.87525
t_wo + t_wo_cam
10.9686 15.4447 0
Time
1558624290710
Theta
1.93041
t_wo + t_wo_cam
10.9476 15.5005 0
Time
1558624290739
Theta
1.93041
t_wo + t_wo_cam
10.9856 15.5451 0
Time
1558624290768
Theta
1.87525
t_wo + t_wo_cam
10.9282 15.5568 0
Time
1558624290796
Theta
1.93041
t_wo + t_wo_cam
10.9072 15.6126 0
Time
1558624290825
Theta
1.93041
t_wo + t_wo_cam
10.9452 15.6572 0
Time
1558624290854
Theta
1.87525
t_wo + t_wo_cam
10.8878 15.6689 0
Time
1558624290878
Theta
1.93041
t_wo + t_wo_cam
10.8669 15.7247 0
Time
1558624290907
Theta
1.93041
t_wo + t_wo_cam
10.8669 15.7247 0
Time
1558624290936
Theta
1.93041
t_wo + t_wo_cam
10.8459 15.7804 0
Time
1558624290964
Theta
1.93041
t_wo + t_wo_cam
10.8249 15.8362 0
Time
1558624290993
Theta
1.93041
t_wo + t_wo_cam
10.8249 15.8362 0
Time
1558624291022
Theta
1.93041
t_wo + t_wo_cam
10.804 15.892 0
Time
1558624291046
Theta
1.93041
t_wo + t_wo_cam
10.783 15.9477 0
Time
1558624291075
Theta
1.93041
t_wo + t_wo_cam
10.783 15.9477 0
Time
1558624291103
Theta
1.93041
t_wo + t_wo_cam
10.762 16.0035 0
Time
1558624291132
Theta
1.93041
t_wo + t_wo_cam
10.7041 16.012 0
Time
1558624291161
Theta
1.98556
t_wo + t_wo_cam
10.7395 16.0587 0
Time
1558624291189
Theta
1.93041
t_wo + t_wo_cam
10.7186 16.1144 0
Time
1558624291218
Theta
1.93041
t_wo + t_wo_cam
10.6606 16.123 0
Time
1558624291243
Theta
1.98556
t_wo + t_wo_cam
10.6961 16.1696 0
Time
1558624291271
Theta
1.93041
t_wo + t_wo_cam
10.6381 16.1781 0
Time
1558624291300
Theta
1.98556
t_wo + t_wo_cam
10.6736 16.2247 0
Time
1558624291329
Theta
1.93041
t_wo + t_wo_cam
10.6526 16.2805 0
Time
1558624291357
Theta
1.93041
t_wo + t_wo_cam
10.5947 16.289 0
Time
1558624291386
Theta
1.98556
t_wo + t_wo_cam
10.6301 16.3357 0
Time
1558624291415
Theta
1.93041
t_wo + t_wo_cam
10.5722 16.3442 0
Time
1558624291439
Theta
1.98556
t_wo + t_wo_cam
10.5482 16.3987 0
Time
1558624291468
Theta
1.98556
t_wo + t_wo_cam
10.5482 16.3987 0
Time
1558624291496
Theta
1.98556
t_wo + t_wo_cam
10.5241 16.4532 0
Time
1558624291525
Theta
1.98556
t_wo + t_wo_cam
10.4658 16.4586 0
Time
1558624291554
Theta
2.04072
t_wo + t_wo_cam
10.4987 16.5071 0
Time
1558624291582
Theta
1.98556
t_wo + t_wo_cam
10.4746 16.5616 0
Time
1558624291611
Theta
1.98556
t_wo + t_wo_cam
10.4746 16.5616 0
Time
1558624291636
Theta
1.98556
t_wo + t_wo_cam
10.4506 16.6161 0
Time
1558624291664
Theta
1.98556
t_wo + t_wo_cam
10.3923 16.6215 0
Time
1558624291693
Theta
2.04072
t_wo + t_wo_cam
10.4251 16.67 0
Time
1558624291722
Theta
1.98556
t_wo + t_wo_cam
10.3668 16.6753 0
Time
1558624291750
Theta
2.04072
t_wo + t_wo_cam
10.3398 16.7284 0
Time
1558624291779
Theta
2.04072
t_wo + t_wo_cam
10.3398 16.7284 0
Time
1558624291804
Theta
2.04072
t_wo + t_wo_cam
10.3128 16.7815 0
Time
1558624291832
Theta
2.04072
t_wo + t_wo_cam
10.3128 16.7815 0
Time
1558624291861
Theta
2.04072
t_wo + t_wo_cam
10.2859 16.8346 0
Time
1558624291889
Theta
2.04072
t_wo + t_wo_cam
10.2273 16.8367 0
Time
1558624291918
Theta
2.09587
t_wo + t_wo_cam
10.2574 16.887 0
Time
1558624291947
Theta
2.04072
t_wo + t_wo_cam
10.2305 16.9401 0
Time
1558624291976
Theta
2.04072
t_wo + t_wo_cam
10.1719 16.9422 0
Time
1558624292000
Theta
2.09587
t_wo + t_wo_cam
10.202 16.9925 0
Time
1558624292029
Theta
2.04072
t_wo + t_wo_cam
10.1435 16.9945 0
Time
1558624292057
Theta
2.09587
t_wo + t_wo_cam
10.1136 17.0461 0
Time
1558624292086
Theta
2.09587
t_wo + t_wo_cam
10.1136 17.0461 0
Time
1558624292115
Theta
2.09587
t_wo + t_wo_cam
10.0837 17.0977 0
Time
1558624292143
Theta
2.09587
t_wo + t_wo_cam
10.0252 17.0965 0
Time
1558624292172
Theta
2.15102
t_wo + t_wo_cam
10.0525 17.1483 0
Time
1558624292197
Theta
2.09587
t_wo + t_wo_cam
9.9939 17.1472 0
Time
1558624292225
Theta
2.15102
t_wo + t_wo_cam
9.96124 17.197 0
Time
1558624292254
Theta
2.15102
t_wo + t_wo_cam
9.98855 17.2489 0
Time
1558624292283
Theta
2.09587
t_wo + t_wo_cam
9.92997 17.2477 0
Time
1558624292311
Theta
2.15102
t_wo + t_wo_cam
9.89731 17.2976 0
Time
1558624292340
Theta
2.15102
t_wo + t_wo_cam
9.89731 17.2976 0
Time
1558624292369
Theta
2.15102
t_wo + t_wo_cam
9.86465 17.3474 0
Time
1558624292393
Theta
2.15102
t_wo + t_wo_cam
9.80622 17.343 0
Time
1558624292422
Theta
2.20618
t_wo + t_wo_cam
9.83064 17.3963 0
Time
1558624292451
Theta
2.15102
t_wo + t_wo_cam
9.77221 17.3919 0
Time
1558624292479
Theta
2.20618
t_wo + t_wo_cam
9.73685 17.4399 0
Time
1558624292508
Theta
2.20618
t_wo + t_wo_cam
9.73685 17.4399 0
Time
1558624292537
Theta
2.20618
t_wo + t_wo_cam
9.70149 17.4878 0
Time
1558624292561
Theta
2.20618
t_wo + t_wo_cam
9.66613 17.5358 0
Time
1558624292590
Theta
2.20618
t_wo + t_wo_cam
9.66613 17.5358 0
Time
1558624292618
Theta
2.20618
t_wo + t_wo_cam
9.63077 17.5837 0
Time
1558624292647
Theta
2.20618
t_wo + t_wo_cam
9.57267 17.5762 0
Time
1558624292676
Theta
2.26133
t_wo + t_wo_cam
9.59411 17.6307 0
Time
1558624292704
Theta
2.20618
t_wo + t_wo_cam
9.53602 17.6231 0
Time
1558624292733
Theta
2.26133
t_wo + t_wo_cam
9.49807 17.669 0
Time
1558624292758
Theta
2.26133
t_wo + t_wo_cam
9.49807 17.669 0
Time
1558624292786
Theta
2.26133
t_wo + t_wo_cam
9.46011 17.715 0
Time
1558624292815
Theta
2.26133
t_wo + t_wo_cam
9.40253 17.7042 0
Time
1558624292844
Theta
2.31649
t_wo + t_wo_cam
9.42093 17.7598 0
Time
1558624292872
Theta
2.26133
t_wo + t_wo_cam
9.38298 17.8057 0
Time
1558624292901
Theta
2.26133
t_wo + t_wo_cam
9.32539 17.795 0
Time
1558624292930
Theta
2.31649
t_wo + t_wo_cam
9.34379 17.8506 0
Time
1558624292954
Theta
2.26133
t_wo + t_wo_cam
9.2862 17.8398 0
Time
1558624292983
Theta
2.31649
t_wo + t_wo_cam
9.24577 17.8836 0
Time
1558624293012
Theta
2.31649
t_wo + t_wo_cam
9.24577 17.8836 0
Time
1558624293040
Theta
2.31649
t_wo + t_wo_cam
9.20535 17.9274 0
Time
1558624293069
Theta
2.31649
t_wo + t_wo_cam
9.14844 17.9134 0
Time
1558624293098
Theta
2.37164
t_wo + t_wo_cam
9.16375 17.97 0
Time
1558624293126
Theta
2.31649
t_wo + t_wo_cam
9.12332 18.0138 0
Time
1558624293151
Theta
2.31649
t_wo + t_wo_cam
9.06642 17.9998 0
Time
1558624293180
Theta
2.37164
t_wo + t_wo_cam
9.08172 18.0564 0
Time
1558624293208
Theta
2.31649
t_wo + t_wo_cam
9.02482 18.0424 0
Time
1558624293237
Theta
2.37164
t_wo + t_wo_cam
8.98204 18.0839 0
Time
1558624293266
Theta
2.37164
t_wo + t_wo_cam
8.92599 18.0669 0
Time
1558624293294
Theta
2.4268
t_wo + t_wo_cam
8.93815 18.1242 0
Time
1558624293319
Theta
2.37164
t_wo + t_wo_cam
8.89538 18.1657 0
Time
1558624293347
Theta
2.37164
t_wo + t_wo_cam
8.83932 18.1486 0
Time
1558624293376
Theta
2.4268
t_wo + t_wo_cam
8.85149 18.2059 0
Time
1558624293405
Theta
2.37164
t_wo + t_wo_cam
8.79544 18.1889 0
Time
1558624293434
Theta
2.4268
t_wo + t_wo_cam
8.75044 18.2279 0
Time
1558624293462
Theta
2.4268
t_wo + t_wo_cam
8.70544 18.267 0
Time
1558624293491
Theta
2.4268
t_wo + t_wo_cam
8.70544 18.267 0
Time
1558624293515
Theta
2.4268
t_wo + t_wo_cam
8.66044 18.306 0
Time
1558624293544
Theta
2.4268
t_wo + t_wo_cam
8.60541 18.2859 0
Time
1558624293573
Theta
2.48195
t_wo + t_wo_cam
8.55833 18.3224 0
Time
1558624293601
Theta
2.48195
t_wo + t_wo_cam
8.56732 18.3803 0
Time
1558624293630
Theta
2.4268
t_wo + t_wo_cam
8.51229 18.3602 0
Time
1558624293659
Theta
2.48195
t_wo + t_wo_cam
8.46521 18.3967 0
Time
1558624293688
Theta
2.48195
t_wo + t_wo_cam
8.41137 18.3736 0
Time
1558624293712
Theta
2.53711
t_wo + t_wo_cam
8.41716 18.4319 0
Time
1558624293741
Theta
2.48195
t_wo + t_wo_cam
8.37007 18.4684 0
Time
1558624293769
Theta
2.48195
t_wo + t_wo_cam
8.31624 18.4453 0
Time
1558624293798
Theta
2.53711
t_wo + t_wo_cam
8.26722 18.4792 0
Time
1558624293827
Theta
2.53711
t_wo + t_wo_cam
8.26722 18.4792 0
Time
1558624293855
Theta
2.53711
t_wo + t_wo_cam
8.21819 18.5131 0
Time
1558624293884
Theta
2.53711
t_wo + t_wo_cam
8.16917 18.5469 0
Time
1558624293909
Theta
2.53711
t_wo + t_wo_cam
8.16917 18.5469 0
Time
1558624293937
Theta
2.53711
t_wo + t_wo_cam
8.12014 18.5808 0
Time
1558624293966
Theta
2.53711
t_wo + t_wo_cam
8.07112 18.6146 0
Time
1558624293995
Theta
2.53711
t_wo + t_wo_cam
8.01864 18.5886 0
Time
1558624294023
Theta
2.59226
t_wo + t_wo_cam
8.0212 18.6471 0
Time
1558624294052
Theta
2.53711
t_wo + t_wo_cam
7.96872 18.6211 0
Time
1558624294077
Theta
2.59226
t_wo + t_wo_cam
7.91791 18.6522 0
Time
1558624294105
Theta
2.59226
t_wo + t_wo_cam
7.86709 18.6833 0
Time
1558624294134
Theta
2.59226
t_wo + t_wo_cam
7.86709 18.6833 0
Time
1558624294163
Theta
2.59226
t_wo + t_wo_cam
7.81627 18.7144 0
Time
1558624294191
Theta
2.59226
t_wo + t_wo_cam
7.76531 18.6855 0
Time
1558624294220
Theta
2.64741
t_wo + t_wo_cam
7.71286 18.7138 0
Time
1558624294249
Theta
2.64741
t_wo + t_wo_cam
7.71219 18.7724 0
Time
1558624294273
Theta
2.59226
t_wo + t_wo_cam
7.66122 18.7435 0
Time
1558624294302
Theta
2.64741
t_wo + t_wo_cam
7.60877 18.7717 0
Time
1558624294330
Theta
2.64741
t_wo + t_wo_cam
7.55948 18.7401 0
Time
1558624294359
Theta
2.70257
t_wo + t_wo_cam
7.55558 18.7985 0
Time
1558624294388
Theta
2.64741
t_wo + t_wo_cam
7.50312 18.8268 0
Time
1558624294417
Theta
2.64741
t_wo + t_wo_cam
7.45383 18.7951 0
Time
1558624294445
Theta
2.70257
t_wo + t_wo_cam
7.3999 18.8204 0
Time
1558624294470
Theta
2.70257
t_wo + t_wo_cam
7.3999 18.8204 0
Time
1558624294498
Theta
2.70257
t_wo + t_wo_cam
7.34597 18.8458 0
Time
1558624294527
Theta
2.70257
t_wo + t_wo_cam
7.29203 18.8711 0
Time
1558624294556
Theta
2.70257
t_wo + t_wo_cam
7.24456 18.8368 0
Time
1558624294584
Theta
2.75772
t_wo + t_wo_cam
7.23745 18.8949 0
Time
1558624294613
Theta
2.70257
t_wo + t_wo_cam
7.18997 18.8606 0
Time
1558624294642
Theta
2.75772
t_wo + t_wo_cam
7.13473 18.8829 0
Time
1558624294666
Theta
2.75772
t_wo + t_wo_cam
7.07948 18.9052 0
Time
1558624294695
Theta
2.75772
t_wo + t_wo_cam
7.07948 18.9052 0
Time
1558624294724
Theta
2.75772
t_wo + t_wo_cam
7.02424 18.9275 0
Time
1558624294752
Theta
2.75772
t_wo + t_wo_cam
6.97873 18.8906 0
Time
1558624294781
Theta
2.81288
t_wo + t_wo_cam
6.92234 18.9099 0
Time
1558624294810
Theta
2.81288
t_wo + t_wo_cam
6.92234 18.9099 0
Time
1558624294834
Theta
2.81288
t_wo + t_wo_cam
6.86594 18.9291 0
Time
1558624294863
Theta
2.81288
t_wo + t_wo_cam
6.80955 18.9483 0
Time
1558624294892
Theta
2.81288
t_wo + t_wo_cam
6.80955 18.9483 0
Time
1558624294920
Theta
2.81288
t_wo + t_wo_cam
6.75316 18.9676 0
Time
1558624294949
Theta
2.81288
t_wo + t_wo_cam
6.70976 18.9282 0
Time
1558624294978
Theta
2.86803
t_wo + t_wo_cam
6.65239 18.9443 0
Time
1558624295006
Theta
2.86803
t_wo + t_wo_cam
6.65239 18.9443 0
Time
1558624295031
Theta
2.86803
t_wo + t_wo_cam
6.59502 18.9604 0
Time
1558624295060
Theta
2.86803
t_wo + t_wo_cam
6.53766 18.9765 0
Time
1558624295088
Theta
2.86803
t_wo + t_wo_cam
6.53766 18.9765 0
Time
1558624295117
Theta
2.86803
t_wo + t_wo_cam
6.48029 18.9926 0
Time
1558624295146
Theta
2.86803
t_wo + t_wo_cam
6.43912 18.9509 0
Time
1558624295174
Theta
2.92319
t_wo + t_wo_cam
6.38095 18.9638 0
Time
1558624295203
Theta
2.92319
t_wo + t_wo_cam
6.38095 18.9638 0
Time
1558624295228
Theta
2.92319
t_wo + t_wo_cam
6.32279 18.9767 0
Time
1558624295256
Theta
2.92319
t_wo + t_wo_cam
6.26462 18.9896 0
Time
1558624295285
Theta
2.92319
t_wo + t_wo_cam
6.26462 18.9896 0
Time
1558624295313
Theta
2.92319
t_wo + t_wo_cam
6.20646 19.0025 0
Time
1558624295342
Theta
2.92319
t_wo + t_wo_cam
6.16765 18.9587 0
Time
1558624295371
Theta
2.97834
t_wo + t_wo_cam
6.10886 18.9683 0
Time
1558624295400
Theta
2.97834
t_wo + t_wo_cam
6.10886 18.9683 0
Time
1558624295424
Theta
2.97834
t_wo + t_wo_cam
6.05007 18.978 0
Time
1558624295453
Theta
2.97834
t_wo + t_wo_cam
5.99128 18.9877 0
Time
1558624295481
Theta
2.97834
t_wo + t_wo_cam
5.99128 18.9877 0
Time
1558624295510
Theta
2.97834
t_wo + t_wo_cam
5.93249 18.9974 0
Time
1558624295539
Theta
2.97834
t_wo + t_wo_cam
5.89616 18.9514 0
Time
1558624295567
Theta
3.0335
t_wo + t_wo_cam
5.83692 18.9579 0
Time
1558624295592
Theta
3.0335
t_wo + t_wo_cam
5.83692 18.9579 0
Time
1558624295621
Theta
3.0335
t_wo + t_wo_cam
5.77769 18.9643 0
Time
1558624295649
Theta
3.0335
t_wo + t_wo_cam
5.74395 18.9164 0
Time
1558624295678
Theta
3.08865
t_wo + t_wo_cam
5.71832 18.9691 0
Time
1558624295707
Theta
3.0335
t_wo + t_wo_cam
5.65909 18.9755 0
Time
1558624295735
Theta
3.0335
t_wo + t_wo_cam
5.62535 18.9276 0
Time
1558624295764
Theta
3.08865
t_wo + t_wo_cam
5.56585 18.9308 0
Time
1558624295789
Theta
3.08865
t_wo + t_wo_cam
5.56585 18.9308 0
Time
1558624295817
Theta
3.08865
t_wo + t_wo_cam
5.50635 18.9339 0
Time
1558624295846
Theta
3.08865
t_wo + t_wo_cam
5.4753 18.8842 0
Time
1558624295875
Theta
3.1438
t_wo + t_wo_cam
5.44681 18.9354 0
Time
1558624295903
Theta
3.08865
t_wo + t_wo_cam
5.41576 18.8857 0
Time
1558624295932
Theta
3.1438
t_wo + t_wo_cam
5.35618 18.8856 0
Time
1558624295961
Theta
3.1438
t_wo + t_wo_cam
5.35618 18.8856 0
Time
1558624295985
Theta
3.1438
t_wo + t_wo_cam
5.2966 18.8855 0
Time
1558624296014
Theta
3.1438
t_wo + t_wo_cam
5.23702 18.8853 0
Time
1558624296043
Theta
3.1438
t_wo + t_wo_cam
5.20875 18.834 0
Time
1558624296071
Theta
3.19896
t_wo + t_wo_cam
5.17748 18.8836 0
Time
1558624296100
Theta
3.1438
t_wo + t_wo_cam
5.14922 18.8323 0
Time
1558624296129
Theta
3.19896
t_wo + t_wo_cam
5.08973 18.8288 0
Time
1558624296157
Theta
3.19896
t_wo + t_wo_cam
5.08973 18.8288 0
Time
1558624296182
Theta
3.19896
t_wo + t_wo_cam
5.03025 18.8254 0
Time
1558624296211
Theta
3.19896
t_wo + t_wo_cam
5.00486 18.7726 0
Time
1558624296239
Theta
3.25411
t_wo + t_wo_cam
4.97091 18.8204 0
Time
1558624296268
Theta
3.19896
t_wo + t_wo_cam
4.94551 18.7676 0
Time
1558624296297
Theta
3.25411
t_wo + t_wo_cam
4.88631 18.7609 0
Time
1558624296325
Theta
3.25411
t_wo + t_wo_cam
4.86387 18.7068 0
Time
1558624296350
Theta
3.30927
t_wo + t_wo_cam
4.82733 18.7526 0
Time
1558624296378
Theta
3.25411
t_wo + t_wo_cam
4.76813 18.7459 0
Time
1558624296407
Theta
3.25411
t_wo + t_wo_cam
4.74569 18.6918 0
Time
1558624296436
Theta
3.30927
t_wo + t_wo_cam
4.70915 18.7376 0
Time
1558624296464
Theta
3.25411
t_wo + t_wo_cam
4.68671 18.6834 0
Time
1558624296493
Theta
3.30927
t_wo + t_wo_cam
4.62796 18.6735 0
Time
1558624296522
Theta
3.30927
t_wo + t_wo_cam
4.62796 18.6735 0
Time
1558624296546
Theta
3.30927
t_wo + t_wo_cam
4.56922 18.6636 0
Time
1558624296575
Theta
3.30927
t_wo + t_wo_cam
4.54979 18.6083 0
Time
1558624296604
Theta
3.36442
t_wo + t_wo_cam
4.51079 18.652 0
Time
1558624296632
Theta
3.30927
t_wo + t_wo_cam
4.49137 18.5967 0
Time
1558624296661
Theta
3.36442
t_wo + t_wo_cam
4.43326 18.5836 0
Time
1558624296690
Theta
3.36442
t_wo + t_wo_cam
4.37515 18.5704 0
Time
1558624296718
Theta
3.36442
t_wo + t_wo_cam
4.37515 18.5704 0
Time
1558624296743
Theta
3.36442
t_wo + t_wo_cam
4.31704 18.5572 0
Time
1558624296772
Theta
3.36442
t_wo + t_wo_cam
4.30069 18.501 0
Time
1558624296800
Theta
3.41958
t_wo + t_wo_cam
4.25934 18.5425 0
Time
1558624296829
Theta
3.36442
t_wo + t_wo_cam
4.24299 18.4862 0
Time
1558624296858
Theta
3.41958
t_wo + t_wo_cam
4.18569 18.4699 0
Time
1558624296886
Theta
3.41958
t_wo + t_wo_cam
4.14434 18.5114 0
Time
1558624296915
Theta
3.36442
t_wo + t_wo_cam
4.12799 18.4551 0
Time
1558624296940
Theta
3.41958
t_wo + t_wo_cam
4.0707 18.4387 0
Time
1558624296968
Theta
3.41958
t_wo + t_wo_cam
4.0707 18.4387 0
Time
1558624296997
Theta
3.41958
t_wo + t_wo_cam
4.0134 18.4224 0
Time
1558624297026
Theta
3.41958
t_wo + t_wo_cam
4.00018 18.3653 0
Time
1558624297054
Theta
3.47473
t_wo + t_wo_cam
3.9566 18.4045 0
Time
1558624297083
Theta
3.41958
t_wo + t_wo_cam
3.89931 18.3881 0
Time
1558624297112
Theta
3.41958
t_wo + t_wo_cam
3.88609 18.331 0
Time
1558624297136
Theta
3.47473
t_wo + t_wo_cam
3.84251 18.3702 0
Time
1558624297165
Theta
3.41958
t_wo + t_wo_cam
3.82929 18.3131 0
Time
1558624297193
Theta
3.47473
t_wo + t_wo_cam
3.77298 18.2936 0
Time
1558624297222
Theta
3.47473
t_wo + t_wo_cam
3.7294 18.3328 0
Time
1558624297251
Theta
3.41958
t_wo + t_wo_cam
3.71618 18.2757 0
Time
1558624297279
Theta
3.47473
t_wo + t_wo_cam
3.65987 18.2562 0
Time
1558624297304
Theta
3.47473
t_wo + t_wo_cam
3.65987 18.2562 0
Time
1558624297333
Theta
3.47473
t_wo + t_wo_cam
3.60357 18.2368 0
Time
1558624297361
Theta
3.47473
t_wo + t_wo_cam
3.59351 18.179 0
Time
1558624297390
Theta
3.52989
t_wo + t_wo_cam
3.54784 18.2157 0
Time
1558624297419
Theta
3.47473
t_wo + t_wo_cam
3.49153 18.1963 0
Time
1558624297447
Theta
3.47473
t_wo + t_wo_cam
3.48148 18.1385 0
Time
1558624297476
Theta
3.52989
t_wo + t_wo_cam
3.43581 18.1752 0
Time
1558624297501
Theta
3.47473
t_wo + t_wo_cam
3.42575 18.1175 0
Time
1558624297529
Theta
3.52989
t_wo + t_wo_cam
3.37061 18.095 0
Time
1558624297558
Theta
3.52989
t_wo + t_wo_cam
3.32494 18.1317 0
Time
1558624297587
Theta
3.47473
t_wo + t_wo_cam
3.31488 18.0739 0
Time
1558624297615
Theta
3.52989
t_wo + t_wo_cam
3.25973 18.0514 0
Time
1558624297644
Theta
3.52989
t_wo + t_wo_cam
3.25973 18.0514 0
Time
1558624297673
Theta
3.52989
t_wo + t_wo_cam
3.20459 18.0288 0
Time
1558624297697
Theta
3.52989
t_wo + t_wo_cam
3.14944 18.0063 0
Time
1558624297726
Theta
3.52989
t_wo + t_wo_cam
3.14944 18.0063 0
Time
1558624297755
Theta
3.52989
t_wo + t_wo_cam
3.09429 17.9837 0
Time
1558624297783
Theta
3.52989
t_wo + t_wo_cam
3.08744 17.9255 0
Time
1558624297812
Theta
3.58504
t_wo + t_wo_cam
3.03981 17.9596 0
Time
1558624297841
Theta
3.52989
t_wo + t_wo_cam
3.03295 17.9015 0
Time
1558624297869
Theta
3.58504
t_wo + t_wo_cam
2.97913 17.8759 0
Time
1558624297894
Theta
3.58504
t_wo + t_wo_cam
2.93151 17.91 0
Time
1558624297923
Theta
3.52989
t_wo + t_wo_cam
2.92465 17.8518 0
Time
1558624297951
Theta
3.58504
t_wo + t_wo_cam
2.87703 17.886 0
Time
1558624297980
Theta
3.52989
t_wo + t_wo_cam
2.87017 17.8278 0
Time
1558624298009
Theta
3.58504
t_wo + t_wo_cam
2.81635 17.8022 0
Time
1558624298037
Theta
3.58504
t_wo + t_wo_cam
2.81635 17.8022 0
Time
1558624298062
Theta
3.58504
t_wo + t_wo_cam
2.76253 17.7766 0
Time
1558624298091
Theta
3.58504
t_wo + t_wo_cam
2.71491 17.8108 0
Time
1558624298119
Theta
3.52989
t_wo + t_wo_cam
2.70805 17.7526 0
Time
1558624298148
Theta
3.58504
t_wo + t_wo_cam
2.65423 17.727 0
Time
1558624298177
Theta
3.58504
t_wo + t_wo_cam
2.65423 17.727 0
Time
1558624298205
Theta
3.58504
t_wo + t_wo_cam
2.60041 17.7015 0
Time
1558624298234
Theta
3.58504
t_wo + t_wo_cam
2.60041 17.7015 0
Time
1558624298258
Theta
3.58504
t_wo + t_wo_cam
2.54659 17.6759 0
Time
1558624298287
Theta
3.58504
t_wo + t_wo_cam
2.54659 17.6759 0
Time
1558624298316
Theta
3.58504
t_wo + t_wo_cam
2.49277 17.6503 0
Time
1558624298344
Theta
3.58504
t_wo + t_wo_cam
2.49277 17.6503 0
Time
1558624298373
Theta
3.58504
t_wo + t_wo_cam
2.43895 17.6248 0
Time
1558624298402
Theta
3.58504
t_wo + t_wo_cam
2.43895 17.6248 0
Time
1558624298430
Theta
3.58504
t_wo + t_wo_cam
2.38513 17.5992 0
Time
1558624298455
Theta
3.58504
t_wo + t_wo_cam
2.38513 17.5992 0
Time
1558624298484
Theta
3.58504
t_wo + t_wo_cam
2.33131 17.5736 0
Time
1558624298512
Theta
3.58504
t_wo + t_wo_cam
2.33131 17.5736 0
Time
1558624298541
Theta
3.58504
t_wo + t_wo_cam
2.2775 17.5481 0
Time
1558624298570
Theta
3.58504
t_wo + t_wo_cam
2.2775 17.5481 0
Time
1558624298598
Theta
3.58504
t_wo + t_wo_cam
2.2775 17.5481 0
Time
1558624298627
Theta
3.58504
t_wo + t_wo_cam
2.22368 17.5225 0
Time
1558624298652
Theta
3.58504
t_wo + t_wo_cam
2.22368 17.5225 0
Time
1558624298680
Theta
3.58504
t_wo + t_wo_cam
2.22368 17.5225 0
Time
1558624298709
Theta
3.58504
t_wo + t_wo_cam
2.16986 17.4969 0
Time
1558624298738
Theta
3.58504
t_wo + t_wo_cam
2.16986 17.4969 0
Time
1558624298766
Theta
3.58504
t_wo + t_wo_cam
0.943274 -0.762704 0.0336271
Time
1558624298795
Theta
0.20427
t_wo + t_wo_cam
1.00162 -0.750618 0.0336271
Time
1558624298819
Theta
0.20427
t_wo + t_wo_cam
0.943274 -0.762704 0.0336271
Time
1558624298848
Theta
0.20427
t_wo + t_wo_cam
0.922046 -0.613834 0.045317
Time
1558624298877
Theta
0.163692
t_wo + t_wo_cam
0.958396 -0.659781 0.045317
Time
1558624298906
Theta
0.108538
t_wo + t_wo_cam
0.941691 -0.558639 0.045317
Time
1558624298934
Theta
0.218846
t_wo + t_wo_cam
0.922046 -0.613834 0.045317
Time
1558624298963
Theta
0.163692
t_wo + t_wo_cam
0.912763 -0.547427 0.0445845
Time
1558624298992
Theta
0.145504
t_wo + t_wo_cam
0.912763 -0.547427 0.0445845
Time
1558624299016
Theta
0.145504
t_wo + t_wo_cam
0.971716 -0.538789 0.0445845
Time
1558624299045
Theta
0.145504
t_wo + t_wo_cam
0.912763 -0.547427 0.0445845
Time
1558624299073
Theta
0.145504
t_wo + t_wo_cam
0.897476 -0.438925 0.0413521
Time
1558624299102
Theta
0.112474
t_wo + t_wo_cam
0.897476 -0.438925 0.0413521
Time
1558624299131
Theta
0.112474
t_wo + t_wo_cam
0.897476 -0.438925 0.0413521
Time
1558624299159
Theta
0.112474
t_wo + t_wo_cam
0.897476 -0.438925 0.0413521
Time
1558624299188
Theta
0.112474
t_wo + t_wo_cam
0.920411 -0.409915 0.036449
Time
1558624299213
Theta
0.034925
