t_GA - R_GA * R_AB * t_BA
0 0 0
t_wo + cam_pos
0.9 0 0
Time
1558446192600
Theta
0
t_GA - R_GA * R_AB * t_BA
0 0 0
t_wo + cam_pos
0.9 0 0
Time
1558446192650
Theta
0
t_GA - R_GA * R_AB * t_BA
0 0 0
t_wo + cam_pos
0.9 0 0
Time
1558446192701
Theta
0
t_GA - R_GA * R_AB * t_BA
0 0 0
t_wo + cam_pos
0.9 0 0
Time
1558446192751
Theta
0
t_GA - R_GA * R_AB * t_BA
0 0 0
t_wo + cam_pos
0.9 0 0
Time
1558446192802
Theta
0
t_GA - R_GA * R_AB * t_BA
0 0 0
t_wo + cam_pos
0.9 0 0
Time
1558446192852
Theta
0
t_GA - R_GA * R_AB * t_BA
0 0 0
t_wo + cam_pos
0.9 0 0
Time
1558446192902
Theta
0
t_GA - R_GA * R_AB * t_BA
0 0 0
t_wo + cam_pos
0.9 0 0
Time
1558446192953
Theta
0
t_GA - R_GA * R_AB * t_BA
0 0 0
t_wo + cam_pos
0.9 0 0
Time
1558446193003
Theta
0
t_GA - R_GA * R_AB * t_BA
0 0 0
t_wo + cam_pos
0.9 0 0
Time
1558446193054
Theta
0
t_GA - R_GA * R_AB * t_BA
0 0 0
t_wo + cam_pos
0.9 0 0
Time
1558446193104
Theta
0
t_GA - R_GA * R_AB * t_BA
0 0 0
t_wo + cam_pos
0.9 0 0
Time
1558446193154
Theta
0
t_GA - R_GA * R_AB * t_BA
0 0 0
t_wo + cam_pos
0.9 0 0
Time
1558446193205
Theta
0
t_GA - R_GA * R_AB * t_BA
0 0 0
t_wo + cam_pos
0.9 0 0
Time
1558446193255
Theta
0
t_GA - R_GA * R_AB * t_BA
0 0 0
t_wo + cam_pos
0.9 0 0
Time
1558446193306
Theta
0
t_GA - R_GA * R_AB * t_BA
0 0 0
t_wo + cam_pos
0.9 0 0
Time
1558446193356
Theta
0
t_GA - R_GA * R_AB * t_BA
0 0 0
t_wo + cam_pos
0.9 0 0
Time
1558446193406
Theta
0
t_GA - R_GA * R_AB * t_BA
0 0 0
t_wo + cam_pos
0.9 0 0
Time
1558446193457
Theta
0
t_GA - R_GA * R_AB * t_BA
0 0 0
t_wo + cam_pos
0.9 0 0
Time
1558446193507
Theta
0
t_GA - R_GA * R_AB * t_BA
0 0 0
t_wo + cam_pos
0.9 0 0
Time
1558446193558
Theta
0
t_GA - R_GA * R_AB * t_BA
0 0 0
t_wo + cam_pos
0.9 0 0
Time
1558446193608
Theta
0
t_GA - R_GA * R_AB * t_BA
0 0 0
t_wo + cam_pos
0.9 0 0
Time
1558446193658
Theta
0
t_GA - R_GA * R_AB * t_BA
0 0 0
t_wo + cam_pos
0.9 0 0
Time
1558446193709
Theta
0
t_GA - R_GA * R_AB * t_BA
0 0 0
t_wo + cam_pos
0.9 0 0
Time
1558446193759
Theta
0
t_GA - R_GA * R_AB * t_BA
0 0 0
t_wo + cam_pos
0.9 0 0
Time
1558446193810
Theta
0
t_GA - R_GA * R_AB * t_BA
0 0 0
t_wo + cam_pos
0.9 0 0
Time
1558446193860
Theta
0
t_GA - R_GA * R_AB * t_BA
0 0 0
t_wo + cam_pos
0.9 0 0
Time
1558446193910
Theta
0
t_GA - R_GA * R_AB * t_BA
0 0 0
t_wo + cam_pos
0.9 0 0
Time
1558446193961
Theta
0
t_GA - R_GA * R_AB * t_BA
0 0 0
t_wo + cam_pos
0.9 0 0
Time
1558446194011
Theta
0
t_GA - R_GA * R_AB * t_BA
0 0 0
t_wo + cam_pos
0.9 0 0
Time
1558446194062
Theta
0
t_GA - R_GA * R_AB * t_BA
0 0 0
t_wo + cam_pos
0.9 0 0
Time
1558446194112
Theta
0
t_GA - R_GA * R_AB * t_BA
0 0 0
t_wo + cam_pos
0.9 0 0
Time
1558446194162
Theta
0
t_GA - R_GA * R_AB * t_BA
0 0 0
t_wo + cam_pos
0.9 0 0
Time
1558446194213
Theta
0
t_GA - R_GA * R_AB * t_BA
0 0 0
t_wo + cam_pos
0.9 0 0
Time
1558446194263
Theta
0
t_GA - R_GA * R_AB * t_BA
0 0 0
t_wo + cam_pos
0.9 0 0
Time
1558446194314
Theta
0
t_GA - R_GA * R_AB * t_BA
0 0 0
t_wo + cam_pos
0.9 0 0
Time
1558446194364
Theta
0
t_GA - R_GA * R_AB * t_BA
0 0 0
t_wo + cam_pos
0.9 0 0
Time
1558446194415
Theta
0
t_GA - R_GA * R_AB * t_BA
0 0 0
t_wo + cam_pos
0.9 0 0
Time
1558446194465
Theta
0
t_GA - R_GA * R_AB * t_BA
0 0 0
t_wo + cam_pos
0.9 0 0
Time
1558446194515
Theta
0
t_GA - R_GA * R_AB * t_BA
0 0 0
t_wo + cam_pos
0.9 0 0
Time
1558446194566
Theta
0
t_GA - R_GA * R_AB * t_BA
0 0 0
t_wo + cam_pos
0.9 0 0
Time
1558446194616
Theta
0
t_GA - R_GA * R_AB * t_BA
0 0 0
t_wo + cam_pos
0.9 0 0
Time
1558446194666
Theta
0
t_GA - R_GA * R_AB * t_BA
0 0 0
t_wo + cam_pos
0.9 0 0
Time
1558446194717
Theta
0
t_GA - R_GA * R_AB * t_BA
0 0 0
t_wo + cam_pos
0.9 0 0
Time
1558446194767
Theta
0
t_GA - R_GA * R_AB * t_BA
0 0 0
t_wo + cam_pos
0.9 0 0
Time
1558446194818
Theta
0
t_GA - R_GA * R_AB * t_BA
0 0 0
t_wo + cam_pos
0.9 0 0
Time
1558446194868
Theta
0
t_GA - R_GA * R_AB * t_BA
0 0 0
t_wo + cam_pos
0.9 0 0
Time
1558446194918
Theta
0
t_GA - R_GA * R_AB * t_BA
0 0 0
t_wo + cam_pos
0.9 0 0
Time
1558446194969
Theta
0
t_GA - R_GA * R_AB * t_BA
0 0 0
t_wo + cam_pos
0.9 0 0
Time
1558446195019
Theta
0
t_GA - R_GA * R_AB * t_BA
0 0 0
t_wo + cam_pos
0.9 0 0
Time
1558446195069
Theta
0
t_GA - R_GA * R_AB * t_BA
0 0 0
t_wo + cam_pos
0.9 0 0
Time
1558446195120
Theta
0
t_GA - R_GA * R_AB * t_BA
0 0 0
t_wo + cam_pos
0.9 0 0
Time
1558446195170
Theta
0
t_GA - R_GA * R_AB * t_BA
0 0 0
t_wo + cam_pos
0.9 0 0
Time
1558446195221
Theta
0
t_GA - R_GA * R_AB * t_BA
0 0 0
t_wo + cam_pos
0.9 0 0
Time
1558446195271
Theta
0
t_GA - R_GA * R_AB * t_BA
0 0 0
t_wo + cam_pos
0.9 0 0
Time
1558446195322
Theta
0
t_GA - R_GA * R_AB * t_BA
0 0 0
t_wo + cam_pos
0.9 0 0
Time
1558446195372
Theta
0
t_GA - R_GA * R_AB * t_BA
0 0 0
t_wo + cam_pos
0.9 0 0
Time
1558446195422
Theta
0
t_GA - R_GA * R_AB * t_BA
0 0 0
t_wo + cam_pos
0.9 0 0
Time
1558446195473
Theta
0
t_GA - R_GA * R_AB * t_BA
0 0 0
t_wo + cam_pos
0.9 0 0
Time
1558446195523
Theta
0
t_GA - R_GA * R_AB * t_BA
0 0 0
t_wo + cam_pos
0.9 0 0
Time
1558446195574
Theta
0
t_GA - R_GA * R_AB * t_BA
0 0 0
t_wo + cam_pos
0.9 0 0
Time
1558446195624
Theta
0
t_GA - R_GA * R_AB * t_BA
0 0 0
t_wo + cam_pos
0.9 0 0
Time
1558446195674
Theta
0
t_GA - R_GA * R_AB * t_BA
0 0 0
t_wo + cam_pos
0.9 0 0
Time
1558446195725
Theta
0
t_GA - R_GA * R_AB * t_BA
0 0 0
t_wo + cam_pos
0.9 0 0
Time
1558446195775
Theta
0
t_GA - R_GA * R_AB * t_BA
0 0 0
t_wo + cam_pos
0.9 0 0
Time
1558446195826
Theta
0
t_GA - R_GA * R_AB * t_BA
0 0 0
t_wo + cam_pos
0.9 0 0
Time
1558446195876
Theta
0
t_GA - R_GA * R_AB * t_BA
0 0 0
t_wo + cam_pos
0.9 0 0
Time
1558446195927
Theta
0
t_GA - R_GA * R_AB * t_BA
0 0 0
t_wo + cam_pos
0.9 0 0
Time
1558446195978
Theta
0
t_GA - R_GA * R_AB * t_BA
0 0 0
t_wo + cam_pos
0.9 0 0
Time
1558446196028
Theta
0
t_GA - R_GA * R_AB * t_BA
0 0 0
t_wo + cam_pos
0.9 0 0
Time
1558446196078
Theta
0
t_GA - R_GA * R_AB * t_BA
0 0 0
t_wo + cam_pos
0.9 0 0
Time
1558446196129
Theta
0
t_GA - R_GA * R_AB * t_BA
0 0 0
t_wo + cam_pos
0.9 0 0
Time
1558446196179
Theta
0
t_GA - R_GA * R_AB * t_BA
0 0 0
t_wo + cam_pos
0.9 0 0
Time
1558446196230
Theta
0
t_GA - R_GA * R_AB * t_BA
0 0 0
t_wo + cam_pos
0.9 0 0
Time
1558446196280
Theta
0
t_GA - R_GA * R_AB * t_BA
0 0 0
t_wo + cam_pos
0.9 0 0
Time
1558446196331
Theta
0
t_GA - R_GA * R_AB * t_BA
0 0 0
t_wo + cam_pos
0.9 0 0
Time
1558446196381
Theta
0
t_GA - R_GA * R_AB * t_BA
0 0 0
t_wo + cam_pos
0.9 0 0
Time
1558446196431
Theta
0
t_GA - R_GA * R_AB * t_BA
0 0 0
t_wo + cam_pos
0.9 0 0
Time
1558446196482
Theta
0
t_GA - R_GA * R_AB * t_BA
0 0 0
t_wo + cam_pos
0.9 0 0
Time
1558446196532
Theta
0
t_GA - R_GA * R_AB * t_BA
0 0 0
t_wo + cam_pos
0.9 0 0
Time
1558446196582
Theta
0
t_GA - R_GA * R_AB * t_BA
0 0 0
t_wo + cam_pos
0.9 0 0
Time
1558446196633
Theta
0
t_GA - R_GA * R_AB * t_BA
0 0 0
t_wo + cam_pos
0.9 0 0
Time
1558446196683
Theta
0
t_GA - R_GA * R_AB * t_BA
0 0 0
t_wo + cam_pos
0.9 0 0
Time
1558446196733
Theta
0
t_GA - R_GA * R_AB * t_BA
0 0 0
t_wo + cam_pos
0.9 0 0
Time
1558446196784
Theta
0
t_GA - R_GA * R_AB * t_BA
0 0 0
t_wo + cam_pos
0.9 0 0
Time
1558446196834
Theta
0
t_GA - R_GA * R_AB * t_BA
0 0 0
t_wo + cam_pos
0.9 0 0
Time
1558446196884
Theta
0
t_GA - R_GA * R_AB * t_BA
0 0 0
t_wo + cam_pos
0.9 0 0
Time
1558446196935
Theta
0
t_GA - R_GA * R_AB * t_BA
0 0 0
t_wo + cam_pos
0.9 0 0
Time
1558446196985
Theta
0
t_GA - R_GA * R_AB * t_BA
0 0 0
t_wo + cam_pos
0.9 0 0
Time
1558446197035
Theta
0
t_GA - R_GA * R_AB * t_BA
0 0 0
t_wo + cam_pos
0.9 0 0
Time
1558446197086
Theta
0
t_GA - R_GA * R_AB * t_BA
0 0 0
t_wo + cam_pos
0.9 0 0
Time
1558446197136
Theta
0
t_GA - R_GA * R_AB * t_BA
0 0 0
t_wo + cam_pos
0.9 0 0
Time
1558446197187
Theta
0
t_GA - R_GA * R_AB * t_BA
0 0 0
t_wo + cam_pos
0.9 0 0
Time
1558446197237
Theta
0
t_GA - R_GA * R_AB * t_BA
0 0 0
t_wo + cam_pos
0.9 0 0
Time
1558446197287
Theta
0
t_GA - R_GA * R_AB * t_BA
0 0 0
t_wo + cam_pos
0.9 0 0
Time
1558446197338
Theta
0
t_GA - R_GA * R_AB * t_BA
0 0 0
t_wo + cam_pos
0.9 0 0
Time
1558446197388
Theta
0
t_GA - R_GA * R_AB * t_BA
0 0 0
t_wo + cam_pos
0.9 0 0
Time
1558446197439
Theta
0
t_GA - R_GA * R_AB * t_BA
0 0 0
t_wo + cam_pos
0.9 0 0
Time
1558446197489
Theta
0
t_GA - R_GA * R_AB * t_BA
0 0 0
t_wo + cam_pos
0.9 0 0
Time
1558446197539
Theta
0
t_GA - R_GA * R_AB * t_BA
0 0 0
t_wo + cam_pos
0.9 0 0
Time
1558446197590
Theta
0
t_GA - R_GA * R_AB * t_BA
0 0 0
t_wo + cam_pos
0.9 0 0
Time
1558446197640
Theta
0
t_GA - R_GA * R_AB * t_BA
0 0 0
t_wo + cam_pos
0.9 0 0
Time
1558446197690
Theta
0
t_GA - R_GA * R_AB * t_BA
0 0 0
t_wo + cam_pos
0.9 0 0
Time
1558446197741
Theta
0
t_GA - R_GA * R_AB * t_BA
0 0 0
t_wo + cam_pos
0.9 0 0
Time
1558446197791
Theta
0
t_GA - R_GA * R_AB * t_BA
0 0 0
t_wo + cam_pos
0.9 0 0
Time
1558446197841
Theta
0
t_GA - R_GA * R_AB * t_BA
0 0 0
t_wo + cam_pos
0.9 0 0
Time
1558446197892
Theta
0
t_GA - R_GA * R_AB * t_BA
0 0 0
t_wo + cam_pos
0.9 0 0
Time
1558446197942
Theta
0
t_GA - R_GA * R_AB * t_BA
0 0 0
t_wo + cam_pos
0.9 0 0
Time
1558446197993
Theta
0
t_GA - R_GA * R_AB * t_BA
0 0 0
t_wo + cam_pos
0.9 0 0
Time
1558446198043
Theta
0
t_GA - R_GA * R_AB * t_BA
0 0 0
t_wo + cam_pos
0.9 0 0
Time
1558446198093
Theta
0
t_GA - R_GA * R_AB * t_BA
0 0 0
t_wo + cam_pos
0.9 0 0
Time
1558446198144
Theta
0
t_GA - R_GA * R_AB * t_BA
0 0 0
t_wo + cam_pos
0.9 0 0
Time
1558446198194
Theta
0
t_GA - R_GA * R_AB * t_BA
0 0 0
t_wo + cam_pos
0.9 0 0
Time
1558446198244
Theta
0
t_GA - R_GA * R_AB * t_BA
0 0 0
t_wo + cam_pos
0.9 0 0
Time
1558446198295
Theta
0
t_GA - R_GA * R_AB * t_BA
0 0 0
t_wo + cam_pos
0.9 0 0
Time
1558446198345
Theta
0
t_GA - R_GA * R_AB * t_BA
0 0 0
t_wo + cam_pos
0.9 0 0
Time
1558446198395
Theta
0
t_GA - R_GA * R_AB * t_BA
0 0 0
t_wo + cam_pos
0.9 0 0
Time
1558446198446
Theta
0
t_GA - R_GA * R_AB * t_BA
0 0 0
t_wo + cam_pos
0.9 0 0
Time
1558446198496
Theta
0
t_GA - R_GA * R_AB * t_BA
0 0 0
t_wo + cam_pos
0.9 0 0
Time
1558446198547
Theta
0
t_GA - R_GA * R_AB * t_BA
0 0 0
t_wo + cam_pos
0.9 0 0
Time
1558446198597
Theta
0
t_GA - R_GA * R_AB * t_BA
0 0 0
t_wo + cam_pos
0.9 0 0
Time
1558446198647
Theta
0
t_GA - R_GA * R_AB * t_BA
0 0 0
t_wo + cam_pos
0.9 0 0
Time
1558446198698
Theta
0
t_GA - R_GA * R_AB * t_BA
0 0 0
t_wo + cam_pos
0.9 0 0
Time
1558446198748
Theta
0
t_GA - R_GA * R_AB * t_BA
0 0 0
t_wo + cam_pos
0.9 0 0
Time
1558446198798
Theta
0
t_GA - R_GA * R_AB * t_BA
0 0 0
t_wo + cam_pos
0.9 0 0
Time
1558446198849
Theta
0
t_GA - R_GA * R_AB * t_BA
0 0 0
t_wo + cam_pos
0.9 0 0
Time
1558446198899
Theta
0
t_GA - R_GA * R_AB * t_BA
0 0 0
t_wo + cam_pos
0.9 0 0
Time
1558446198950
Theta
0
t_GA - R_GA * R_AB * t_BA
0 0 0
t_wo + cam_pos
0.9 0 0
Time
1558446199000
Theta
0
t_GA - R_GA * R_AB * t_BA
0 0 0
t_wo + cam_pos
0.9 0 0
Time
1558446199050
Theta
0
t_GA - R_GA * R_AB * t_BA
0 0 0
t_wo + cam_pos
0.9 0 0
Time
1558446199101
Theta
0
t_GA - R_GA * R_AB * t_BA
0 0 0
t_wo + cam_pos
0.9 0 0
Time
1558446199151
Theta
0
t_GA - R_GA * R_AB * t_BA
0 0 0
t_wo + cam_pos
0.9 0 0
Time
1558446199201
Theta
0
t_GA - R_GA * R_AB * t_BA
0 0 0
t_wo + cam_pos
0.9 0 0
Time
1558446199252
Theta
0
t_GA - R_GA * R_AB * t_BA
0 0 0
t_wo + cam_pos
0.9 0 0
Time
1558446199302
Theta
0
t_GA - R_GA * R_AB * t_BA
0 0 0
t_wo + cam_pos
0.9 0 0
Time
1558446199352
Theta
0
t_GA - R_GA * R_AB * t_BA
0 0 0
t_wo + cam_pos
0.9 0 0
Time
1558446199403
Theta
0
t_GA - R_GA * R_AB * t_BA
0 0 0
t_wo + cam_pos
0.9 0 0
Time
1558446199453
Theta
0
t_GA - R_GA * R_AB * t_BA
0 0 0
t_wo + cam_pos
0.9 0 0
Time
1558446199504
Theta
0
t_GA - R_GA * R_AB * t_BA
0 0 0
t_wo + cam_pos
0.9 0 0
Time
1558446199554
Theta
0
t_GA - R_GA * R_AB * t_BA
0 0 0
t_wo + cam_pos
0.9 0 0
Time
1558446199604
Theta
0
t_GA - R_GA * R_AB * t_BA
0 0 0
t_wo + cam_pos
0.9 0 0
Time
1558446199655
Theta
0
t_GA - R_GA * R_AB * t_BA
0 0 0
t_wo + cam_pos
0.9 0 0
Time
1558446199705
Theta
0
t_GA - R_GA * R_AB * t_BA
0 0 0
t_wo + cam_pos
0.9 0 0
Time
1558446199756
Theta
0
t_GA - R_GA * R_AB * t_BA
0 0 0
t_wo + cam_pos
0.9 0 0
Time
1558446199807
Theta
0
t_GA - R_GA * R_AB * t_BA
0 0 0
t_wo + cam_pos
0.9 0 0
Time
1558446199857
Theta
0
t_GA - R_GA * R_AB * t_BA
0 0 0
t_wo + cam_pos
0.9 0 0
Time
1558446199907
Theta
0
t_GA - R_GA * R_AB * t_BA
0 0 0
t_wo + cam_pos
0.9 0 0
Time
1558446199958
Theta
0
t_GA - R_GA * R_AB * t_BA
0 0 0
t_wo + cam_pos
0.9 0 0
Time
1558446200008
Theta
0
t_GA - R_GA * R_AB * t_BA
0 0 0
t_wo + cam_pos
0.9 0 0
Time
1558446200059
Theta
0
t_GA - R_GA * R_AB * t_BA
0 0 0
t_wo + cam_pos
0.9 0 0
Time
1558446200109
Theta
0
t_GA - R_GA * R_AB * t_BA
0 0 0
t_wo + cam_pos
0.9 0 0
Time
1558446200159
Theta
0
t_GA - R_GA * R_AB * t_BA
0 0 0
t_wo + cam_pos
0.9 0 0
Time
1558446200210
Theta
0
t_GA - R_GA * R_AB * t_BA
0 0 0
t_wo + cam_pos
0.9 0 0
Time
1558446200260
Theta
0
t_GA - R_GA * R_AB * t_BA
0 0 0
t_wo + cam_pos
0.9 0 0
Time
1558446200310
Theta
0
t_GA - R_GA * R_AB * t_BA
0 0 0
t_wo + cam_pos
0.9 0 0
Time
1558446200361
Theta
0
t_GA - R_GA * R_AB * t_BA
0 0 0
t_wo + cam_pos
0.9 0 0
Time
1558446200411
Theta
0
t_GA - R_GA * R_AB * t_BA
0 0 0
t_wo + cam_pos
0.9 0 0
Time
1558446200461
Theta
0
t_GA - R_GA * R_AB * t_BA
0 0 0
t_wo + cam_pos
0.9 0 0
Time
1558446200512
Theta
0
t_GA - R_GA * R_AB * t_BA
0 0 0
t_wo + cam_pos
0.9 0 0
Time
1558446200562
Theta
0
t_GA - R_GA * R_AB * t_BA
0 0 0
t_wo + cam_pos
0.9 0 0
Time
1558446200613
Theta
0
t_GA - R_GA * R_AB * t_BA
0 0 0
t_wo + cam_pos
0.9 0 0
Time
1558446200663
Theta
0
t_GA - R_GA * R_AB * t_BA
0 0 0
t_wo + cam_pos
1.00979 0.283945 0
Time
1558446200714
Theta
0.274113
t_GA - R_GA * R_AB * t_BA
0 0 0
t_wo + cam_pos
1.00979 0.283945 0
Time
1558446200764
Theta
0.274113
t_GA - R_GA * R_AB * t_BA
0 0 0
t_wo + cam_pos
1.00979 0.283945 0
Time
1558446200814
Theta
0.274113
t_GA - R_GA * R_AB * t_BA
0 0 0
t_wo + cam_pos
1.00979 0.283945 0
Time
1558446200865
Theta
0.274113
t_GA - R_GA * R_AB * t_BA
0 0 0
t_wo + cam_pos
1.00979 0.283945 0
Time
1558446200915
Theta
0.274113
t_GA - R_GA * R_AB * t_BA
0 0 0
t_wo + cam_pos
1.00979 0.283945 0
Time
1558446200966
Theta
0.274113
t_GA - R_GA * R_AB * t_BA
0 0 0
t_wo + cam_pos
1.00979 0.283945 0
Time
1558446201016
Theta
0.274113
t_GA - R_GA * R_AB * t_BA
0 0 0
t_wo + cam_pos
1.00979 0.283945 0
Time
1558446201067
Theta
0.274113
t_GA - R_GA * R_AB * t_BA
0 0 0
t_wo + cam_pos
1.00979 0.283945 0
Time
1558446201117
Theta
0.274113
t_GA - R_GA * R_AB * t_BA
0 0 0
t_wo + cam_pos
1.00979 0.283945 0
Time
1558446201167
Theta
0.274113
t_GA - R_GA * R_AB * t_BA
0 0 0
t_wo + cam_pos
1.00979 0.283945 0
Time
1558446201218
Theta
0.274113
t_GA - R_GA * R_AB * t_BA
0 0 0
t_wo + cam_pos
1.00979 0.283945 0
Time
1558446201268
Theta
0.274113
t_GA - R_GA * R_AB * t_BA
0 0 0
t_wo + cam_pos
1.00979 0.283945 0
Time
1558446201318
Theta
0.274113
t_GA - R_GA * R_AB * t_BA
0 0 0
t_wo + cam_pos
1.00979 0.283945 0
Time
1558446201369
Theta
0.274113
t_GA - R_GA * R_AB * t_BA
0 0 0
t_wo + cam_pos
1.00979 0.283945 0
Time
1558446201419
Theta
0.274113
t_GA - R_GA * R_AB * t_BA
0 0 0
t_wo + cam_pos
1.00979 0.283945 0
Time
1558446201469
Theta
0.274113
t_GA - R_GA * R_AB * t_BA
0 0 0
t_wo + cam_pos
1.00979 0.283945 0
Time
1558446201520
Theta
0.274113
t_GA - R_GA * R_AB * t_BA
0 0 0
t_wo + cam_pos
1.00979 0.283945 0
Time
1558446201570
Theta
0.274113
t_GA - R_GA * R_AB * t_BA
0 0 0
t_wo + cam_pos
1.00979 0.283945 0
Time
1558446201620
Theta
0.274113
t_GA - R_GA * R_AB * t_BA
0 0 0
t_wo + cam_pos
1.00979 0.283945 0
Time
1558446201671
Theta
0.274113
t_GA - R_GA * R_AB * t_BA
0 0 0
t_wo + cam_pos
1.00979 0.283945 0
Time
1558446201721
Theta
0.274113
t_GA - R_GA * R_AB * t_BA
0 0 0
t_wo + cam_pos
1.00979 0.283945 0
Time
1558446201771
Theta
0.274113
t_GA - R_GA * R_AB * t_BA
0 0 0
t_wo + cam_pos
1.00979 0.283945 0
Time
1558446201822
Theta
0.274113
t_GA - R_GA * R_AB * t_BA
0 0 0
t_wo + cam_pos
1.00979 0.283945 0
Time
1558446201872
Theta
0.274113
t_GA - R_GA * R_AB * t_BA
0 0 0
t_wo + cam_pos
1.00979 0.283945 0
Time
1558446201922
Theta
0.274113
t_GA - R_GA * R_AB * t_BA
0 0 0
t_wo + cam_pos
1.00979 0.283945 0
Time
1558446201973
Theta
0.274113
t_GA - R_GA * R_AB * t_BA
0 0 0
t_wo + cam_pos
1.00979 0.283945 0
Time
1558446202023
Theta
0.274113
t_GA - R_GA * R_AB * t_BA
0 0 0
t_wo + cam_pos
1.00979 0.283945 0
Time
1558446202073
Theta
0.274113
t_GA - R_GA * R_AB * t_BA
0 0 0
t_wo + cam_pos
1.00979 0.283945 0
Time
1558446202124
Theta
0.274113
t_GA - R_GA * R_AB * t_BA
0 0 0
t_wo + cam_pos
1.00979 0.283945 0
Time
1558446202174
Theta
0.274113
t_GA - R_GA * R_AB * t_BA
0 0 0
t_wo + cam_pos
1.00979 0.283945 0
Time
1558446202224
Theta
0.274113
t_GA - R_GA * R_AB * t_BA
0 0 0
t_wo + cam_pos
1.00979 0.283945 0
Time
1558446202275
Theta
0.274113
t_GA - R_GA * R_AB * t_BA
0 0 0
t_wo + cam_pos
1.00979 0.283945 0
Time
1558446202325
Theta
0.274113
t_GA - R_GA * R_AB * t_BA
0 0 0
t_wo + cam_pos
1.00979 0.283945 0
Time
1558446202375
Theta
0.274113
t_GA - R_GA * R_AB * t_BA
0 0 0
t_wo + cam_pos
1.00979 0.283945 0
Time
1558446202426
Theta
0.274113
t_GA - R_GA * R_AB * t_BA
0 0 0
t_wo + cam_pos
1.00979 0.283945 0
Time
1558446202476
Theta
0.274113
t_GA - R_GA * R_AB * t_BA
0 0 0
t_wo + cam_pos
1.00979 0.283945 0
Time
1558446202526
Theta
0.274113
t_GA - R_GA * R_AB * t_BA
0 0 0
t_wo + cam_pos
1.00979 0.283945 0
Time
1558446202577
Theta
0.274113
t_GA - R_GA * R_AB * t_BA
0 0 0
t_wo + cam_pos
1.00979 0.283945 0
Time
1558446202627
Theta
0.274113
t_GA - R_GA * R_AB * t_BA
0 0 0
t_wo + cam_pos
1.00979 0.283945 0
Time
1558446202677
Theta
0.274113
t_GA - R_GA * R_AB * t_BA
0 0 0
t_wo + cam_pos
1.00979 0.283945 0
Time
1558446202728
Theta
0.274113
t_GA - R_GA * R_AB * t_BA
0 0 0
t_wo + cam_pos
1.00979 0.283945 0
Time
1558446202778
Theta
0.274113
t_GA - R_GA * R_AB * t_BA
0 0 0
t_wo + cam_pos
1.00979 0.283945 0
Time
1558446202828
Theta
0.274113
t_GA - R_GA * R_AB * t_BA
0 0 0
t_wo + cam_pos
1.00979 0.283945 0
Time
1558446202879
Theta
0.274113
t_GA - R_GA * R_AB * t_BA
0 0 0
t_wo + cam_pos
1.00979 0.283945 0
Time
1558446202929
Theta
0.274113
t_GA - R_GA * R_AB * t_BA
0 0 0
t_wo + cam_pos
1.00979 0.283945 0
Time
1558446202979
Theta
0.274113
t_GA - R_GA * R_AB * t_BA
0 0 0
t_wo + cam_pos
1.00979 0.283945 0
Time
1558446203030
Theta
0.274113
t_GA - R_GA * R_AB * t_BA
0 0 0
t_wo + cam_pos
1.00979 0.283945 0
Time
1558446203080
Theta
0.274113
t_GA - R_GA * R_AB * t_BA
0 0 0
t_wo + cam_pos
1.00979 0.283945 0
Time
1558446203130
Theta
0.274113
t_GA - R_GA * R_AB * t_BA
0 0 0
t_wo + cam_pos
1.00979 0.283945 0
Time
1558446203181
Theta
0.274113
t_GA - R_GA * R_AB * t_BA
0 0 0
t_wo + cam_pos
1.00979 0.283945 0
Time
1558446203231
Theta
0.274113
t_GA - R_GA * R_AB * t_BA
0 0 0
t_wo + cam_pos
1.00979 0.283945 0
Time
1558446203281
Theta
0.274113
t_GA - R_GA * R_AB * t_BA
0 0 0
t_wo + cam_pos
1.00979 0.283945 0
Time
1558446203332
Theta
0.274113
t_GA - R_GA * R_AB * t_BA
0 0 0
t_wo + cam_pos
1.00979 0.283945 0
Time
1558446203382
Theta
0.274113
t_GA - R_GA * R_AB * t_BA
0 0 0
t_wo + cam_pos
1.00979 0.283945 0
Time
1558446203433
Theta
0.274113
t_GA - R_GA * R_AB * t_BA
0 0 0
t_wo + cam_pos
1.00979 0.283945 0
Time
1558446203483
Theta
0.274113
t_GA - R_GA * R_AB * t_BA
0 0 0
t_wo + cam_pos
1.00979 0.283945 0
Time
1558446203533
Theta
0.274113
t_GA - R_GA * R_AB * t_BA
0 0 0
t_wo + cam_pos
1.00979 0.283945 0
Time
1558446203584
Theta
0.274113
t_GA - R_GA * R_AB * t_BA
0 0 0
t_wo + cam_pos
1.00979 0.283945 0
Time
1558446203634
Theta
0.274113
t_GA - R_GA * R_AB * t_BA
0 0 0
t_wo + cam_pos
1.00979 0.283945 0
Time
1558446203684
Theta
0.274113
t_GA - R_GA * R_AB * t_BA
0 0 0
t_wo + cam_pos
1.00979 0.283945 0
Time
1558446203735
Theta
0.274113
t_GA - R_GA * R_AB * t_BA
0 0 0
t_wo + cam_pos
1.00979 0.283945 0
Time
1558446203785
Theta
0.274113
t_GA - R_GA * R_AB * t_BA
0 0 0
t_wo + cam_pos
1.00979 0.283945 0
Time
1558446203835
Theta
0.274113
t_GA - R_GA * R_AB * t_BA
0 0 0
t_wo + cam_pos
1.00979 0.283945 0
Time
1558446203886
Theta
0.274113
t_GA - R_GA * R_AB * t_BA
0 0 0
t_wo + cam_pos
1.00979 0.283945 0
Time
1558446203936
Theta
0.274113
t_GA - R_GA * R_AB * t_BA
0 0 0
t_wo + cam_pos
1.00979 0.283945 0
Time
1558446203987
Theta
0.274113
t_GA - R_GA * R_AB * t_BA
0 0 0
t_wo + cam_pos
1.00979 0.283945 0
Time
1558446204037
Theta
0.274113
t_GA - R_GA * R_AB * t_BA
0 0 0
t_wo + cam_pos
1.00979 0.283945 0
Time
1558446204087
Theta
0.274113
t_GA - R_GA * R_AB * t_BA
0 0 0
t_wo + cam_pos
1.00979 0.283945 0
Time
1558446204138
Theta
0.274113
t_GA - R_GA * R_AB * t_BA
0 0 0
t_wo + cam_pos
1.00979 0.283945 0
Time
1558446204188
Theta
0.274113
t_GA - R_GA * R_AB * t_BA
0 0 0
t_wo + cam_pos
1.00979 0.283945 0
Time
1558446204239
Theta
0.274113
t_GA - R_GA * R_AB * t_BA
0 0 0
t_wo + cam_pos
1.00979 0.283945 0
Time
1558446204289
Theta
0.274113
t_GA - R_GA * R_AB * t_BA
0 0 0
t_wo + cam_pos
1.00979 0.283945 0
Time
1558446204339
Theta
0.274113
t_GA - R_GA * R_AB * t_BA
0 0 0
t_wo + cam_pos
1.00979 0.283945 0
Time
1558446204390
Theta
0.274113
t_GA - R_GA * R_AB * t_BA
0 0 0
t_wo + cam_pos
1.00979 0.283945 0
Time
1558446204440
Theta
0.274113
t_GA - R_GA * R_AB * t_BA
0 0 0
t_wo + cam_pos
1.00979 0.283945 0
Time
1558446204490
Theta
0.274113
t_GA - R_GA * R_AB * t_BA
0 0 0
t_wo + cam_pos
1.00979 0.283945 0
Time
1558446204541
Theta
0.274113
t_GA - R_GA * R_AB * t_BA
0 0 0
t_wo + cam_pos
1.00979 0.283945 0
Time
1558446204591
Theta
0.274113
t_GA - R_GA * R_AB * t_BA
0 0 0
t_wo + cam_pos
1.00979 0.283945 0
Time
1558446204642
Theta
0.274113
t_GA - R_GA * R_AB * t_BA
0 0 0
t_wo + cam_pos
1.00979 0.283945 0
Time
1558446204692
Theta
0.274113
t_GA - R_GA * R_AB * t_BA
0 0 0
t_wo + cam_pos
1.00979 0.283945 0
Time
1558446204742
Theta
0.274113
t_GA - R_GA * R_AB * t_BA
0 0 0
t_wo + cam_pos
1.00979 0.283945 0
Time
1558446204793
Theta
0.274113
t_GA - R_GA * R_AB * t_BA
0 0 0
t_wo + cam_pos
1.00979 0.283945 0
Time
1558446204843
Theta
0.274113
t_GA - R_GA * R_AB * t_BA
0 0 0
t_wo + cam_pos
1.00979 0.283945 0
Time
1558446204893
Theta
0.274113
t_GA - R_GA * R_AB * t_BA
0 0 0
t_wo + cam_pos
1.00979 0.283945 0
Time
1558446204944
Theta
0.274113
t_GA - R_GA * R_AB * t_BA
0 0 0
t_wo + cam_pos
1.00979 0.283945 0
Time
1558446204994
Theta
0.274113
t_GA - R_GA * R_AB * t_BA
0 0 0
t_wo + cam_pos
1.00979 0.283945 0
Time
1558446205044
Theta
0.274113
t_GA - R_GA * R_AB * t_BA
0 0 0
t_wo + cam_pos
1.00979 0.283945 0
Time
1558446205095
Theta
0.274113
t_GA - R_GA * R_AB * t_BA
0 0 0
t_wo + cam_pos
1.00979 0.283945 0
Time
1558446205145
Theta
0.274113
t_GA - R_GA * R_AB * t_BA
0 0 0
t_wo + cam_pos
1.00979 0.283945 0
Time
1558446205195
Theta
0.274113
t_GA - R_GA * R_AB * t_BA
0 0 0
t_wo + cam_pos
1.00979 0.283945 0
Time
1558446205246
Theta
0.274113
t_GA - R_GA * R_AB * t_BA
0 0 0
t_wo + cam_pos
1.00979 0.283945 0
Time
1558446205296
Theta
0.274113
t_GA - R_GA * R_AB * t_BA
0 0 0
t_wo + cam_pos
1.00979 0.283945 0
Time
1558446205347
Theta
0.274113
t_GA - R_GA * R_AB * t_BA
0 0 0
t_wo + cam_pos
1.00979 0.283945 0
Time
1558446205397
Theta
0.274113
t_GA - R_GA * R_AB * t_BA
0 0 0
t_wo + cam_pos
1.00979 0.283945 0
Time
1558446205447
Theta
0.274113
t_GA - R_GA * R_AB * t_BA
0 0 0
t_wo + cam_pos
1.00979 0.283945 0
Time
1558446205498
Theta
0.274113
t_GA - R_GA * R_AB * t_BA
0 0 0
t_wo + cam_pos
1.00979 0.283945 0
Time
1558446205548
Theta
0.274113
t_GA - R_GA * R_AB * t_BA
0 0 0
t_wo + cam_pos
1.00979 0.283945 0
Time
1558446205598
Theta
0.274113
t_GA - R_GA * R_AB * t_BA
0 0 0
t_wo + cam_pos
1.00979 0.283945 0
Time
1558446205649
Theta
0.274113
t_GA - R_GA * R_AB * t_BA
0 0 0
t_wo + cam_pos
1.00979 0.283945 0
Time
1558446205699
Theta
0.274113
t_GA - R_GA * R_AB * t_BA
0 0 0
t_wo + cam_pos
1.00979 0.283945 0
Time
1558446205749
Theta
0.274113
t_GA - R_GA * R_AB * t_BA
0 0 0
t_wo + cam_pos
1.00979 0.283945 0
Time
1558446205800
Theta
0.274113
t_GA - R_GA * R_AB * t_BA
0 0 0
t_wo + cam_pos
1.00979 0.283945 0
Time
1558446205850
Theta
0.274113
t_GA - R_GA * R_AB * t_BA
0 0 0
t_wo + cam_pos
1.00979 0.283945 0
Time
1558446205900
Theta
0.274113
t_GA - R_GA * R_AB * t_BA
0 0 0
t_wo + cam_pos
1.00979 0.283945 0
Time
1558446205951
Theta
0.274113
t_GA - R_GA * R_AB * t_BA
0 0 0
t_wo + cam_pos
1.00979 0.283945 0
Time
1558446206001
Theta
0.274113
t_GA - R_GA * R_AB * t_BA
0 0 0
t_wo + cam_pos
1.00979 0.283945 0
Time
1558446206052
Theta
0.274113
t_GA - R_GA * R_AB * t_BA
0 0 0
t_wo + cam_pos
1.00979 0.283945 0
Time
1558446206102
Theta
0.274113
t_GA - R_GA * R_AB * t_BA
0 0 0
t_wo + cam_pos
1.00979 0.283945 0
Time
1558446206152
Theta
0.274113
t_GA - R_GA * R_AB * t_BA
0 0 0
t_wo + cam_pos
1.00979 0.283945 0
Time
1558446206203
Theta
0.274113
t_GA - R_GA * R_AB * t_BA
0 0 0
t_wo + cam_pos
1.00979 0.283945 0
Time
1558446206253
Theta
0.274113
t_GA - R_GA * R_AB * t_BA
0 0 0
t_wo + cam_pos
1.00979 0.283945 0
Time
1558446206303
Theta
0.274113
t_GA - R_GA * R_AB * t_BA
0 0 0
t_wo + cam_pos
1.00979 0.283945 0
Time
1558446206354
Theta
0.274113
t_GA - R_GA * R_AB * t_BA
0 0 0
t_wo + cam_pos
1.00979 0.283945 0
Time
1558446206404
Theta
0.274113
t_GA - R_GA * R_AB * t_BA
0 0 0
t_wo + cam_pos
1.00979 0.283945 0
Time
1558446206454
Theta
0.274113
t_GA - R_GA * R_AB * t_BA
0 0 0
t_wo + cam_pos
1.00979 0.283945 0
Time
1558446206505
Theta
0.274113
t_GA - R_GA * R_AB * t_BA
0 0 0
t_wo + cam_pos
1.00979 0.283945 0
Time
1558446206555
Theta
0.274113
t_GA - R_GA * R_AB * t_BA
0 0 0
t_wo + cam_pos
1.00979 0.283945 0
Time
1558446206606
Theta
0.274113
t_GA - R_GA * R_AB * t_BA
0 0 0
t_wo + cam_pos
1.00979 0.283945 0
Time
1558446206656
Theta
0.274113
t_GA - R_GA * R_AB * t_BA
0 0 0
t_wo + cam_pos
1.00979 0.283945 0
Time
1558446206706
Theta
0.274113
t_GA - R_GA * R_AB * t_BA
0 0 0
t_wo + cam_pos
1.00979 0.283945 0
Time
1558446206757
Theta
0.274113
t_GA - R_GA * R_AB * t_BA
0 0 0
t_wo + cam_pos
1.00979 0.283945 0
Time
1558446206807
Theta
0.274113
t_GA - R_GA * R_AB * t_BA
0 0 0
t_wo + cam_pos
1.00979 0.283945 0
Time
1558446206857
Theta
0.274113
t_GA - R_GA * R_AB * t_BA
0 0 0
t_wo + cam_pos
1.00979 0.283945 0
Time
1558446206908
Theta
0.274113
t_GA - R_GA * R_AB * t_BA
0 0 0
t_wo + cam_pos
1.00979 0.283945 0
Time
1558446206958
Theta
0.274113
t_GA - R_GA * R_AB * t_BA
0 0 0
t_wo + cam_pos
1.00979 0.283945 0
Time
1558446207009
Theta
0.274113
t_GA - R_GA * R_AB * t_BA
0 0 0
t_wo + cam_pos
1.00979 0.283945 0
Time
1558446207059
Theta
0.274113
t_GA - R_GA * R_AB * t_BA
0 0 0
t_wo + cam_pos
1.00979 0.283945 0
Time
1558446207109
Theta
0.274113
t_GA - R_GA * R_AB * t_BA
0 0 0
t_wo + cam_pos
1.00979 0.283945 0
Time
1558446207160
Theta
0.274113
t_GA - R_GA * R_AB * t_BA
0 0 0
t_wo + cam_pos
1.00979 0.283945 0
Time
1558446207210
Theta
0.274113
t_GA - R_GA * R_AB * t_BA
0 0 0
t_wo + cam_pos
1.00979 0.283945 0
Time
1558446207260
Theta
0.274113
t_GA - R_GA * R_AB * t_BA
0 0 0
t_wo + cam_pos
1.00979 0.283945 0
Time
1558446207311
Theta
0.274113
t_GA - R_GA * R_AB * t_BA
0 0 0
t_wo + cam_pos
1.00979 0.283945 0
Time
1558446207361
Theta
0.274113
t_GA - R_GA * R_AB * t_BA
0 0 0
t_wo + cam_pos
1.00979 0.283945 0
Time
1558446207411
Theta
0.274113
t_GA - R_GA * R_AB * t_BA
0 0 0
t_wo + cam_pos
1.00979 0.283945 0
Time
1558446207462
Theta
0.274113
t_GA - R_GA * R_AB * t_BA
0 0 0
t_wo + cam_pos
1.00979 0.283945 0
Time
1558446207512
Theta
0.274113
t_GA - R_GA * R_AB * t_BA
0 0 0
t_wo + cam_pos
1.00979 0.283945 0
Time
1558446207563
Theta
0.274113
t_GA - R_GA * R_AB * t_BA
0 0 0
t_wo + cam_pos
1.00979 0.283945 0
Time
1558446207613
Theta
0.274113
t_GA - R_GA * R_AB * t_BA
0 0 0
t_wo + cam_pos
1.00979 0.283945 0
Time
1558446207663
Theta
0.274113
t_GA - R_GA * R_AB * t_BA
0 0 0
t_wo + cam_pos
1.00979 0.283945 0
Time
1558446207714
Theta
0.274113
t_GA - R_GA * R_AB * t_BA
0 0 0
t_wo + cam_pos
1.00979 0.283945 0
Time
1558446207764
Theta
0.274113
t_GA - R_GA * R_AB * t_BA
0 0 0
t_wo + cam_pos
1.00979 0.283945 0
Time
1558446207814
Theta
0.274113
t_GA - R_GA * R_AB * t_BA
0 0 0
t_wo + cam_pos
1.00979 0.283945 0
Time
1558446207865
Theta
0.274113
t_GA - R_GA * R_AB * t_BA
0 0 0
t_wo + cam_pos
1.00979 0.283945 0
Time
1558446207915
Theta
0.274113
t_GA - R_GA * R_AB * t_BA
0 0 0
t_wo + cam_pos
1.00979 0.283945 0
Time
1558446207965
Theta
0.274113
t_GA - R_GA * R_AB * t_BA
0 0 0
t_wo + cam_pos
1.00979 0.283945 0
Time
1558446208016
Theta
0.274113
t_GA - R_GA * R_AB * t_BA
0 0 0
t_wo + cam_pos
1.00979 0.283945 0
Time
1558446208066
Theta
0.274113
t_GA - R_GA * R_AB * t_BA
0 0 0
t_wo + cam_pos
1.00979 0.283945 0
Time
1558446208117
Theta
0.274113
t_GA - R_GA * R_AB * t_BA
0 0 0
t_wo + cam_pos
1.00979 0.283945 0
Time
1558446208167
Theta
0.274113
t_GA - R_GA * R_AB * t_BA
0 0 0
t_wo + cam_pos
1.00979 0.283945 0
Time
1558446208218
Theta
0.274113
t_GA - R_GA * R_AB * t_BA
0 0 0
t_wo + cam_pos
1.00979 0.283945 0
Time
1558446208269
Theta
0.274113
t_GA - R_GA * R_AB * t_BA
0 0 0
t_wo + cam_pos
1.00979 0.283945 0
Time
1558446208319
Theta
0.274113
t_GA - R_GA * R_AB * t_BA
0 0 0
t_wo + cam_pos
1.00979 0.283945 0
Time
1558446208369
Theta
0.274113
t_GA - R_GA * R_AB * t_BA
0 0 0
t_wo + cam_pos
1.00979 0.283945 0
Time
1558446208420
Theta
0.274113
t_GA - R_GA * R_AB * t_BA
0 0 0
t_wo + cam_pos
1.00979 0.283945 0
Time
1558446208470
Theta
0.274113
t_GA - R_GA * R_AB * t_BA
0 0 0
t_wo + cam_pos
1.00979 0.283945 0
Time
1558446208520
Theta
0.274113
t_GA - R_GA * R_AB * t_BA
0 0 0
t_wo + cam_pos
1.00979 0.283945 0
Time
1558446208571
Theta
0.274113
t_GA - R_GA * R_AB * t_BA
0 0 0
t_wo + cam_pos
1.00979 0.283945 0
Time
1558446208621
Theta
0.274113
t_GA - R_GA * R_AB * t_BA
0 0 0
t_wo + cam_pos
1.00979 0.283945 0
Time
1558446208671
Theta
0.274113
t_GA - R_GA * R_AB * t_BA
0 0 0
t_wo + cam_pos
1.00979 0.283945 0
Time
1558446208722
Theta
0.274113
t_GA - R_GA * R_AB * t_BA
0 0 0
t_wo + cam_pos
1.00979 0.283945 0
Time
1558446208772
Theta
0.274113
t_GA - R_GA * R_AB * t_BA
0 0 0
t_wo + cam_pos
1.00979 0.283945 0
Time
1558446208823
Theta
0.274113
t_GA - R_GA * R_AB * t_BA
0 0 0
t_wo + cam_pos
1.00979 0.283945 0
Time
1558446208873
Theta
0.274113
t_GA - R_GA * R_AB * t_BA
0 0 0
t_wo + cam_pos
1.00979 0.283945 0
Time
1558446208923
Theta
0.274113
t_GA - R_GA * R_AB * t_BA
0 0 0
t_wo + cam_pos
1.00979 0.283945 0
Time
1558446208974
Theta
0.274113
t_GA - R_GA * R_AB * t_BA
0 0 0
t_wo + cam_pos
1.00979 0.283945 0
Time
1558446209024
Theta
0.274113
t_GA - R_GA * R_AB * t_BA
0 0 0
t_wo + cam_pos
1.00979 0.283945 0
Time
1558446209074
Theta
0.274113
t_GA - R_GA * R_AB * t_BA
0 0 0
t_wo + cam_pos
1.00979 0.283945 0
Time
1558446209125
Theta
0.274113
t_GA - R_GA * R_AB * t_BA
0 0 0
t_wo + cam_pos
1.00979 0.283945 0
Time
1558446209175
Theta
0.274113
t_GA - R_GA * R_AB * t_BA
0 0 0
t_wo + cam_pos
1.00979 0.283945 0
Time
1558446209226
Theta
0.274113
t_GA - R_GA * R_AB * t_BA
0 0 0
t_wo + cam_pos
1.00979 0.283945 0
Time
1558446209276
Theta
0.274113
t_GA - R_GA * R_AB * t_BA
0 0 0
t_wo + cam_pos
1.00979 0.283945 0
Time
1558446209326
Theta
0.274113
t_GA - R_GA * R_AB * t_BA
0 0 0
t_wo + cam_pos
1.00979 0.283945 0
Time
1558446209377
Theta
0.274113
t_GA - R_GA * R_AB * t_BA
0 0 0
t_wo + cam_pos
1.00979 0.283945 0
Time
1558446209427
Theta
0.274113
t_GA - R_GA * R_AB * t_BA
0 0 0
t_wo + cam_pos
1.00979 0.283945 0
Time
1558446209477
Theta
0.274113
t_GA - R_GA * R_AB * t_BA
0 0 0
t_wo + cam_pos
1.00979 0.283945 0
Time
1558446209528
Theta
0.274113
t_GA - R_GA * R_AB * t_BA
0 0 0
t_wo + cam_pos
1.00979 0.283945 0
Time
1558446209578
Theta
0.274113
t_GA - R_GA * R_AB * t_BA
0 0 0
t_wo + cam_pos
1.00979 0.283945 0
Time
1558446209628
Theta
0.274113
t_GA - R_GA * R_AB * t_BA
0 0 0
t_wo + cam_pos
1.00979 0.283945 0
Time
1558446209679
Theta
0.274113
t_GA - R_GA * R_AB * t_BA
0 0 0
t_wo + cam_pos
1.00979 0.283945 0
Time
1558446209729
Theta
0.274113
t_GA - R_GA * R_AB * t_BA
0 0 0
t_wo + cam_pos
1.00979 0.283945 0
Time
1558446209780
Theta
0.274113
t_GA - R_GA * R_AB * t_BA
0 0 0
t_wo + cam_pos
1.00979 0.283945 0
Time
1558446209830
Theta
0.274113
t_GA - R_GA * R_AB * t_BA
0 0 0
t_wo + cam_pos
1.00979 0.283945 0
Time
1558446209880
Theta
0.274113
t_GA - R_GA * R_AB * t_BA
0 0 0
t_wo + cam_pos
1.00979 0.283945 0
Time
1558446209931
Theta
0.274113
t_GA - R_GA * R_AB * t_BA
0 0 0
t_wo + cam_pos
1.00979 0.283945 0
Time
1558446209981
Theta
0.274113
t_GA - R_GA * R_AB * t_BA
0 0 0
t_wo + cam_pos
1.00979 0.283945 0
Time
1558446210031
Theta
0.274113
t_GA - R_GA * R_AB * t_BA
0 0 0
t_wo + cam_pos
1.00979 0.283945 0
Time
1558446210082
Theta
0.274113
t_GA - R_GA * R_AB * t_BA
0 0 0
t_wo + cam_pos
1.00979 0.283945 0
Time
1558446210132
Theta
0.274113
t_GA - R_GA * R_AB * t_BA
0 0 0
t_wo + cam_pos
1.00979 0.283945 0
Time
1558446210182
Theta
0.274113
t_GA - R_GA * R_AB * t_BA
0 0 0
t_wo + cam_pos
1.00979 0.283945 0
Time
1558446210233
Theta
0.274113
t_GA - R_GA * R_AB * t_BA
0 0 0
t_wo + cam_pos
1.00979 0.283945 0
Time
1558446210283
Theta
0.274113
t_GA - R_GA * R_AB * t_BA
0 0 0
t_wo + cam_pos
1.00979 0.283945 0
Time
1558446210334
Theta
0.274113
t_GA - R_GA * R_AB * t_BA
0 0 0
t_wo + cam_pos
1.00979 0.283945 0
Time
1558446210384
Theta
0.274113
t_GA - R_GA * R_AB * t_BA
0 0 0
t_wo + cam_pos
1.00979 0.283945 0
Time
1558446210434
Theta
0.274113
t_GA - R_GA * R_AB * t_BA
0 0 0
t_wo + cam_pos
1.00979 0.283945 0
Time
1558446210485
Theta
0.274113
t_GA - R_GA * R_AB * t_BA
0 0 0
t_wo + cam_pos
1.00979 0.283945 0
Time
1558446210535
Theta
0.274113
t_GA - R_GA * R_AB * t_BA
0 0 0
t_wo + cam_pos
1.00979 0.283945 0
Time
1558446210585
Theta
0.274113
t_GA - R_GA * R_AB * t_BA
0 0 0
t_wo + cam_pos
1.00979 0.283945 0
Time
1558446210636
Theta
0.274113
t_GA - R_GA * R_AB * t_BA
0 0 0
t_wo + cam_pos
1.00979 0.283945 0
Time
1558446210686
Theta
0.274113
t_GA - R_GA * R_AB * t_BA
0 0 0
t_wo + cam_pos
1.00979 0.283945 0
Time
1558446210736
Theta
0.274113
t_GA - R_GA * R_AB * t_BA
0 0 0
t_wo + cam_pos
1.00979 0.283945 0
Time
1558446210787
Theta
0.274113
t_GA - R_GA * R_AB * t_BA
0 0 0
t_wo + cam_pos
1.00979 0.283945 0
Time
1558446210837
Theta
0.274113
t_GA - R_GA * R_AB * t_BA
0 0 0
t_wo + cam_pos
1.00979 0.283945 0
Time
1558446210887
Theta
0.274113
t_GA - R_GA * R_AB * t_BA
0 0 0
t_wo + cam_pos
1.00979 0.283945 0
Time
1558446210938
Theta
0.274113
t_GA - R_GA * R_AB * t_BA
0 0 0
t_wo + cam_pos
1.00979 0.283945 0
Time
1558446210988
Theta
0.274113
t_GA - R_GA * R_AB * t_BA
0 0 0
t_wo + cam_pos
1.00979 0.283945 0
Time
1558446211039
Theta
0.274113
t_GA - R_GA * R_AB * t_BA
0 0 0
t_wo + cam_pos
1.00979 0.283945 0
Time
1558446211089
Theta
0.274113
t_GA - R_GA * R_AB * t_BA
0 0 0
t_wo + cam_pos
1.00979 0.283945 0
Time
1558446211139
Theta
0.274113
t_GA - R_GA * R_AB * t_BA
0 0 0
t_wo + cam_pos
1.00979 0.283945 0
Time
1558446211190
Theta
0.274113
t_GA - R_GA * R_AB * t_BA
0 0 0
t_wo + cam_pos
1.00979 0.283945 0
Time
1558446211240
Theta
0.274113
t_GA - R_GA * R_AB * t_BA
0 0 0
t_wo + cam_pos
1.00979 0.283945 0
Time
1558446211291
Theta
0.274113
t_GA - R_GA * R_AB * t_BA
0 0 0
t_wo + cam_pos
1.00979 0.283945 0
Time
1558446211341
Theta
0.274113
t_GA - R_GA * R_AB * t_BA
0 0 0
t_wo + cam_pos
1.00979 0.283945 0
Time
1558446211392
Theta
0.274113
t_GA - R_GA * R_AB * t_BA
0 0 0
t_wo + cam_pos
1.00979 0.283945 0
Time
1558446211442
Theta
0.274113
t_GA - R_GA * R_AB * t_BA
0 0 0
t_wo + cam_pos
1.00979 0.283945 0
Time
1558446211492
Theta
0.274113
t_GA - R_GA * R_AB * t_BA
0 0 0
t_wo + cam_pos
1.00979 0.283945 0
Time
1558446211543
Theta
0.274113
t_GA - R_GA * R_AB * t_BA
0 0 0
t_wo + cam_pos
1.00979 0.283945 0
Time
1558446211593
Theta
0.274113
t_GA - R_GA * R_AB * t_BA
0 0 0
t_wo + cam_pos
1.00979 0.283945 0
Time
1558446211643
Theta
0.274113
t_GA - R_GA * R_AB * t_BA
0 0 0
t_wo + cam_pos
1.00979 0.283945 0
Time
1558446211694
Theta
0.274113
t_GA - R_GA * R_AB * t_BA
0 0 0
t_wo + cam_pos
1.00979 0.283945 0
Time
1558446211744
Theta
0.274113
t_GA - R_GA * R_AB * t_BA
0 0 0
t_wo + cam_pos
1.00979 0.283945 0
Time
1558446211794
Theta
0.274113
t_GA - R_GA * R_AB * t_BA
0 0 0
t_wo + cam_pos
1.00979 0.283945 0
Time
1558446211845
Theta
0.274113
t_GA - R_GA * R_AB * t_BA
0 0 0
t_wo + cam_pos
1.00979 0.283945 0
Time
1558446211895
Theta
0.274113
t_GA - R_GA * R_AB * t_BA
0 0 0
t_wo + cam_pos
1.00979 0.283945 0
Time
1558446211946
Theta
0.274113
t_GA - R_GA * R_AB * t_BA
0 0 0
t_wo + cam_pos
1.00979 0.283945 0
Time
1558446211996
Theta
0.274113
t_GA - R_GA * R_AB * t_BA
0 0 0
t_wo + cam_pos
1.00979 0.283945 0
Time
1558446212046
Theta
0.274113
t_GA - R_GA * R_AB * t_BA
0 0 0
t_wo + cam_pos
1.00979 0.283945 0
Time
1558446212097
Theta
0.274113
t_GA - R_GA * R_AB * t_BA
0 0 0
t_wo + cam_pos
1.00979 0.283945 0
Time
1558446212147
Theta
0.274113
t_GA - R_GA * R_AB * t_BA
0 0 0
t_wo + cam_pos
1.00979 0.283945 0
Time
1558446212197
Theta
0.274113
t_GA - R_GA * R_AB * t_BA
0 0 0
t_wo + cam_pos
1.00979 0.283945 0
Time
1558446212248
Theta
0.274113
t_GA - R_GA * R_AB * t_BA
0 0 0
t_wo + cam_pos
1.00979 0.283945 0
Time
1558446212298
Theta
0.274113
t_GA - R_GA * R_AB * t_BA
0 0 0
t_wo + cam_pos
1.00979 0.283945 0
Time
1558446212348
Theta
0.274113
t_GA - R_GA * R_AB * t_BA
0 0 0
t_wo + cam_pos
1.00979 0.283945 0
Time
1558446212399
Theta
0.274113
t_GA - R_GA * R_AB * t_BA
0 0 0
t_wo + cam_pos
1.00979 0.283945 0
Time
1558446212449
Theta
0.274113
t_GA - R_GA * R_AB * t_BA
0 0 0
t_wo + cam_pos
1.00979 0.283945 0
Time
1558446212500
Theta
0.274113
t_GA - R_GA * R_AB * t_BA
0 0 0
t_wo + cam_pos
1.00979 0.283945 0
Time
1558446212550
Theta
0.274113
t_GA - R_GA * R_AB * t_BA
0 0 0
t_wo + cam_pos
1.00979 0.283945 0
Time
1558446212600
Theta
0.274113
t_GA - R_GA * R_AB * t_BA
0 0 0
t_wo + cam_pos
1.00979 0.283945 0
Time
1558446212651
Theta
0.274113
t_GA - R_GA * R_AB * t_BA
0 0 0
t_wo + cam_pos
1.00979 0.283945 0
Time
1558446212701
Theta
0.274113
t_GA - R_GA * R_AB * t_BA
0 0 0
t_wo + cam_pos
1.00979 0.283945 0
Time
1558446212752
Theta
0.274113
t_GA - R_GA * R_AB * t_BA
0 0 0
t_wo + cam_pos
1.00979 0.283945 0
Time
1558446212802
Theta
0.274113
t_GA - R_GA * R_AB * t_BA
0 0 0
t_wo + cam_pos
1.00979 0.283945 0
Time
1558446212852
Theta
0.274113
t_GA - R_GA * R_AB * t_BA
0 0 0
t_wo + cam_pos
1.00979 0.283945 0
Time
1558446212903
Theta
0.274113
t_GA - R_GA * R_AB * t_BA
0 0 0
t_wo + cam_pos
1.00979 0.283945 0
Time
1558446212953
Theta
0.274113
t_GA - R_GA * R_AB * t_BA
0 0 0
t_wo + cam_pos
1.00979 0.283945 0
Time
1558446213003
Theta
0.274113
t_GA - R_GA * R_AB * t_BA
0 0 0
t_wo + cam_pos
1.00979 0.283945 0
Time
1558446213054
Theta
0.274113
t_GA - R_GA * R_AB * t_BA
0 0 0
t_wo + cam_pos
1.00979 0.283945 0
Time
1558446213104
Theta
0.274113
t_GA - R_GA * R_AB * t_BA
0 0 0
t_wo + cam_pos
1.00979 0.283945 0
Time
1558446213154
Theta
0.274113
t_GA - R_GA * R_AB * t_BA
0 0 0
t_wo + cam_pos
1.00979 0.283945 0
Time
1558446213205
Theta
0.274113
t_GA - R_GA * R_AB * t_BA
0 0 0
t_wo + cam_pos
1.00979 0.283945 0
Time
1558446213255
Theta
0.274113
t_GA - R_GA * R_AB * t_BA
0 0 0
t_wo + cam_pos
1.00979 0.283945 0
Time
1558446213306
Theta
0.274113
t_GA - R_GA * R_AB * t_BA
0 0 0
t_wo + cam_pos
1.00979 0.283945 0
Time
1558446213356
Theta
0.274113
t_GA - R_GA * R_AB * t_BA
0 0 0
t_wo + cam_pos
1.00979 0.283945 0
Time
1558446213406
Theta
0.274113
t_GA - R_GA * R_AB * t_BA
0 0 0
t_wo + cam_pos
1.00979 0.283945 0
Time
1558446213457
Theta
0.274113
t_GA - R_GA * R_AB * t_BA
0 0 0
t_wo + cam_pos
1.00979 0.283945 0
Time
1558446213507
Theta
0.274113
t_GA - R_GA * R_AB * t_BA
0 0 0
t_wo + cam_pos
1.00979 0.283945 0
Time
1558446213557
Theta
0.274113
t_GA - R_GA * R_AB * t_BA
0 0 0
t_wo + cam_pos
1.00979 0.283945 0
Time
1558446213608
Theta
0.274113
t_GA - R_GA * R_AB * t_BA
0 0 0
t_wo + cam_pos
1.00979 0.283945 0
Time
1558446213658
Theta
0.274113
t_GA - R_GA * R_AB * t_BA
0 0 0
t_wo + cam_pos
1.00979 0.283945 0
Time
1558446213709
Theta
0.274113
t_GA - R_GA * R_AB * t_BA
0 0 0
t_wo + cam_pos
1.00979 0.283945 0
Time
1558446213759
Theta
0.274113
t_GA - R_GA * R_AB * t_BA
0 0 0
t_wo + cam_pos
1.00979 0.283945 0
Time
1558446213809
Theta
0.274113
t_GA - R_GA * R_AB * t_BA
0 0 0
t_wo + cam_pos
1.00979 0.283945 0
Time
1558446213860
Theta
0.274113
t_GA - R_GA * R_AB * t_BA
0 0 0
t_wo + cam_pos
1.00979 0.283945 0
Time
1558446213910
Theta
0.274113
t_GA - R_GA * R_AB * t_BA
0 0 0
t_wo + cam_pos
1.00979 0.283945 0
Time
1558446213961
Theta
0.274113
t_GA - R_GA * R_AB * t_BA
0 0 0
t_wo + cam_pos
1.00979 0.283945 0
Time
1558446214011
Theta
0.274113
t_GA - R_GA * R_AB * t_BA
0 0 0
t_wo + cam_pos
1.00979 0.283945 0
Time
1558446214061
Theta
0.274113
t_GA - R_GA * R_AB * t_BA
0 0 0
t_wo + cam_pos
1.00979 0.283945 0
Time
1558446214112
Theta
0.274113
t_GA - R_GA * R_AB * t_BA
0 0 0
t_wo + cam_pos
1.00979 0.283945 0
Time
1558446214162
Theta
0.274113
t_GA - R_GA * R_AB * t_BA
0 0 0
t_wo + cam_pos
1.00979 0.283945 0
Time
1558446214212
Theta
0.274113
t_GA - R_GA * R_AB * t_BA
0 0 0
t_wo + cam_pos
1.00979 0.283945 0
Time
1558446214263
Theta
0.274113
t_GA - R_GA * R_AB * t_BA
0 0 0
t_wo + cam_pos
1.00979 0.283945 0
Time
1558446214313
Theta
0.274113
t_GA - R_GA * R_AB * t_BA
0 0 0
t_wo + cam_pos
1.00979 0.283945 0
Time
1558446214364
Theta
0.274113
t_GA - R_GA * R_AB * t_BA
0 0 0
t_wo + cam_pos
1.00979 0.283945 0
Time
1558446214414
Theta
0.274113
t_GA - R_GA * R_AB * t_BA
0 0 0
t_wo + cam_pos
1.00979 0.283945 0
Time
1558446214464
Theta
0.274113
t_GA - R_GA * R_AB * t_BA
0 0 0
t_wo + cam_pos
1.00979 0.283945 0
Time
1558446214515
Theta
0.274113
t_GA - R_GA * R_AB * t_BA
0 0 0
t_wo + cam_pos
1.00979 0.283945 0
Time
1558446214565
Theta
0.274113
t_GA - R_GA * R_AB * t_BA
0 0 0
t_wo + cam_pos
1.00979 0.283945 0
Time
1558446214615
Theta
0.274113
t_GA - R_GA * R_AB * t_BA
0 0 0
t_wo + cam_pos
1.00979 0.283945 0
Time
1558446214666
Theta
0.274113
t_GA - R_GA * R_AB * t_BA
0 0 0
t_wo + cam_pos
1.00979 0.283945 0
Time
1558446214716
Theta
0.274113
t_GA - R_GA * R_AB * t_BA
0 0 0
t_wo + cam_pos
1.00979 0.283945 0
Time
1558446214767
Theta
0.274113
t_GA - R_GA * R_AB * t_BA
0 0 0
t_wo + cam_pos
1.00979 0.283945 0
Time
1558446214817
Theta
0.274113
t_GA - R_GA * R_AB * t_BA
0 0 0
t_wo + cam_pos
1.00979 0.283945 0
Time
1558446214867
Theta
0.274113
t_GA - R_GA * R_AB * t_BA
0 0 0
t_wo + cam_pos
1.00979 0.283945 0
Time
1558446214918
Theta
0.274113
t_GA - R_GA * R_AB * t_BA
0 0 0
t_wo + cam_pos
1.00979 0.283945 0
Time
1558446214968
Theta
0.274113
t_GA - R_GA * R_AB * t_BA
0 0 0
t_wo + cam_pos
1.00979 0.283945 0
Time
1558446215019
Theta
0.274113
t_GA - R_GA * R_AB * t_BA
0 0 0
t_wo + cam_pos
1.00979 0.283945 0
Time
1558446215069
Theta
0.274113
t_GA - R_GA * R_AB * t_BA
0 0 0
t_wo + cam_pos
1.00979 0.283945 0
Time
1558446215119
Theta
0.274113
t_GA - R_GA * R_AB * t_BA
0 0 0
t_wo + cam_pos
1.00979 0.283945 0
Time
1558446215170
Theta
0.274113
t_GA - R_GA * R_AB * t_BA
0 0 0
t_wo + cam_pos
1.00979 0.283945 0
Time
1558446215220
Theta
0.274113
t_GA - R_GA * R_AB * t_BA
0 0 0
t_wo + cam_pos
1.00979 0.283945 0
Time
1558446215271
Theta
0.274113
t_GA - R_GA * R_AB * t_BA
0 0 0
t_wo + cam_pos
1.00979 0.283945 0
Time
1558446215321
Theta
0.274113
t_GA - R_GA * R_AB * t_BA
0 0 0
t_wo + cam_pos
1.00979 0.283945 0
Time
1558446215371
Theta
0.274113
t_GA - R_GA * R_AB * t_BA
0 0 0
t_wo + cam_pos
1.00979 0.283945 0
Time
1558446215422
Theta
0.274113
t_GA - R_GA * R_AB * t_BA
0 0 0
t_wo + cam_pos
1.00979 0.283945 0
Time
1558446215472
Theta
0.274113
t_GA - R_GA * R_AB * t_BA
0 0 0
t_wo + cam_pos
1.00979 0.283945 0
Time
1558446215523
Theta
0.274113
t_GA - R_GA * R_AB * t_BA
0 0 0
t_wo + cam_pos
1.00979 0.283945 0
Time
1558446215573
Theta
0.274113
t_GA - R_GA * R_AB * t_BA
0 0 0
t_wo + cam_pos
1.00979 0.283945 0
Time
1558446215623
Theta
0.274113
t_GA - R_GA * R_AB * t_BA
0 0 0
t_wo + cam_pos
1.00979 0.283945 0
Time
1558446215674
Theta
0.274113
t_GA - R_GA * R_AB * t_BA
0 0 0
t_wo + cam_pos
1.00979 0.283945 0
Time
1558446215724
Theta
0.274113
t_GA - R_GA * R_AB * t_BA
0 0 0
t_wo + cam_pos
1.00979 0.283945 0
Time
1558446215774
Theta
0.274113
t_GA - R_GA * R_AB * t_BA
0 0 0
t_wo + cam_pos
1.00979 0.283945 0
Time
1558446215825
Theta
0.274113
t_GA - R_GA * R_AB * t_BA
0 0 0
t_wo + cam_pos
1.00979 0.283945 0
Time
1558446215875
Theta
0.274113
t_GA - R_GA * R_AB * t_BA
0 0 0
t_wo + cam_pos
1.00979 0.283945 0
Time
1558446215926
Theta
0.274113
t_GA - R_GA * R_AB * t_BA
0 0 0
t_wo + cam_pos
1.00979 0.283945 0
Time
1558446215976
Theta
0.274113
t_GA - R_GA * R_AB * t_BA
0 0 0
t_wo + cam_pos
1.00979 0.283945 0
Time
1558446216026
Theta
0.274113
t_GA - R_GA * R_AB * t_BA
0 0 0
t_wo + cam_pos
1.00979 0.283945 0
Time
1558446216077
Theta
0.274113
t_GA - R_GA * R_AB * t_BA
0 0 0
t_wo + cam_pos
1.00979 0.283945 0
Time
1558446216127
Theta
0.274113
t_GA - R_GA * R_AB * t_BA
0 0 0
t_wo + cam_pos
1.00979 0.283945 0
Time
1558446216178
Theta
0.274113
t_GA - R_GA * R_AB * t_BA
0 0 0
t_wo + cam_pos
1.00979 0.283945 0
Time
1558446216228
Theta
0.274113
t_GA - R_GA * R_AB * t_BA
0 0 0
t_wo + cam_pos
1.03862 0.587009 0
Time
1558446216278
Theta
0.548226
t_GA - R_GA * R_AB * t_BA
0 0 0
t_wo + cam_pos
1.03862 0.587009 0
Time
1558446216329
Theta
0.548226
t_GA - R_GA * R_AB * t_BA
0 0 0
t_wo + cam_pos
1.03862 0.587009 0
Time
1558446216379
Theta
0.548226
t_GA - R_GA * R_AB * t_BA
0 0 0
t_wo + cam_pos
1.03862 0.587009 0
Time
1558446216430
Theta
0.548226
t_GA - R_GA * R_AB * t_BA
0 0 0
t_wo + cam_pos
1.03862 0.587009 0
Time
1558446216480
Theta
0.548226
t_GA - R_GA * R_AB * t_BA
0 0 0
t_wo + cam_pos
1.03862 0.587009 0
Time
1558446216531
Theta
0.548226
t_GA - R_GA * R_AB * t_BA
0 0 0
t_wo + cam_pos
1.03862 0.587009 0
Time
1558446216581
Theta
0.548226
t_GA - R_GA * R_AB * t_BA
0 0 0
t_wo + cam_pos
1.03862 0.587009 0
Time
1558446216631
Theta
0.548226
t_GA - R_GA * R_AB * t_BA
0 0 0
t_wo + cam_pos
1.03862 0.587009 0
Time
1558446216682
Theta
0.548226
t_GA - R_GA * R_AB * t_BA
0 0 0
t_wo + cam_pos
1.03862 0.587009 0
Time
1558446216732
Theta
0.548226
t_GA - R_GA * R_AB * t_BA
0 0 0
t_wo + cam_pos
1.03862 0.587009 0
Time
1558446216783
Theta
0.548226
t_GA - R_GA * R_AB * t_BA
0 0 0
t_wo + cam_pos
1.03862 0.587009 0
Time
1558446216833
Theta
0.548226
t_GA - R_GA * R_AB * t_BA
0 0 0
t_wo + cam_pos
1.03862 0.587009 0
Time
1558446216884
Theta
0.548226
t_GA - R_GA * R_AB * t_BA
0 0 0
t_wo + cam_pos
1.03862 0.587009 0
Time
1558446216934
Theta
0.548226
t_GA - R_GA * R_AB * t_BA
0 0 0
t_wo + cam_pos
1.03862 0.587009 0
Time
1558446216984
Theta
0.548226
t_GA - R_GA * R_AB * t_BA
0 0 0
t_wo + cam_pos
1.03862 0.587009 0
Time
1558446217035
Theta
0.548226
t_GA - R_GA * R_AB * t_BA
0 0 0
t_wo + cam_pos
1.03862 0.587009 0
Time
1558446217085
Theta
0.548226
t_GA - R_GA * R_AB * t_BA
0 0 0
t_wo + cam_pos
1.03862 0.587009 0
Time
1558446217135
Theta
0.548226
t_GA - R_GA * R_AB * t_BA
0 0 0
t_wo + cam_pos
1.03862 0.587009 0
Time
1558446217186
Theta
0.548226
t_GA - R_GA * R_AB * t_BA
0 0 0
t_wo + cam_pos
1.03862 0.587009 0
Time
1558446217236
Theta
0.548226
t_GA - R_GA * R_AB * t_BA
0 0 0
t_wo + cam_pos
1.03862 0.587009 0
Time
1558446217287
Theta
0.548226
t_GA - R_GA * R_AB * t_BA
0 0 0
t_wo + cam_pos
1.03862 0.587009 0
Time
1558446217337
Theta
0.548226
t_GA - R_GA * R_AB * t_BA
0 0 0
t_wo + cam_pos
1.03862 0.587009 0
Time
1558446217388
Theta
0.548226
t_GA - R_GA * R_AB * t_BA
0 0 0
t_wo + cam_pos
1.03862 0.587009 0
Time
1558446217438
Theta
0.548226
t_GA - R_GA * R_AB * t_BA
0 0 0
t_wo + cam_pos
1.03862 0.587009 0
Time
1558446217488
Theta
0.548226
t_GA - R_GA * R_AB * t_BA
0 0 0
t_wo + cam_pos
1.03862 0.587009 0
Time
1558446217539
Theta
0.548226
t_GA - R_GA * R_AB * t_BA
0 0 0
t_wo + cam_pos
1.03862 0.587009 0
Time
1558446217589
Theta
0.548226
t_GA - R_GA * R_AB * t_BA
0 0 0
t_wo + cam_pos
1.03862 0.587009 0
Time
1558446217639
Theta
0.548226
t_GA - R_GA * R_AB * t_BA
0 0 0
t_wo + cam_pos
1.03862 0.587009 0
Time
1558446217690
Theta
0.548226
t_GA - R_GA * R_AB * t_BA
0 0 0
t_wo + cam_pos
1.03862 0.587009 0
Time
1558446217740
Theta
0.548226
t_GA - R_GA * R_AB * t_BA
0 0 0
t_wo + cam_pos
1.03862 0.587009 0
Time
1558446217791
Theta
0.548226
t_GA - R_GA * R_AB * t_BA
0 0 0
t_wo + cam_pos
1.03862 0.587009 0
Time
1558446217841
Theta
0.548226
t_GA - R_GA * R_AB * t_BA
0 0 0
t_wo + cam_pos
1.03862 0.587009 0
Time
1558446217891
Theta
0.548226
t_GA - R_GA * R_AB * t_BA
0 0 0
t_wo + cam_pos
1.03862 0.587009 0
Time
1558446217942
Theta
0.548226
t_GA - R_GA * R_AB * t_BA
0 0 0
t_wo + cam_pos
1.03862 0.587009 0
Time
1558446217992
Theta
0.548226
t_GA - R_GA * R_AB * t_BA
0 0 0
t_wo + cam_pos
1.03862 0.587009 0
Time
1558446218042
Theta
0.548226
t_GA - R_GA * R_AB * t_BA
0 0 0
t_wo + cam_pos
1.03862 0.587009 0
Time
1558446218093
Theta
0.548226
t_GA - R_GA * R_AB * t_BA
0 0 0
t_wo + cam_pos
1.03862 0.587009 0
Time
1558446218143
Theta
0.548226
t_GA - R_GA * R_AB * t_BA
0 0 0
t_wo + cam_pos
1.03862 0.587009 0
Time
1558446218194
Theta
0.548226
t_GA - R_GA * R_AB * t_BA
0 0 0
t_wo + cam_pos
1.03862 0.587009 0
Time
1558446218244
Theta
0.548226
t_GA - R_GA * R_AB * t_BA
0 0 0
t_wo + cam_pos
1.03862 0.587009 0
Time
1558446218294
Theta
0.548226
t_GA - R_GA * R_AB * t_BA
0 0 0
t_wo + cam_pos
1.03862 0.587009 0
Time
1558446218345
Theta
0.548226
t_GA - R_GA * R_AB * t_BA
0 0 0
t_wo + cam_pos
1.03862 0.587009 0
Time
1558446218395
Theta
0.548226
t_GA - R_GA * R_AB * t_BA
0 0 0
t_wo + cam_pos
1.03862 0.587009 0
Time
1558446218445
Theta
0.548226
t_GA - R_GA * R_AB * t_BA
0 0 0
t_wo + cam_pos
1.03862 0.587009 0
Time
1558446218496
Theta
0.548226
t_GA - R_GA * R_AB * t_BA
0 0 0
t_wo + cam_pos
1.03862 0.587009 0
Time
1558446218546
Theta
0.548226
t_GA - R_GA * R_AB * t_BA
0 0 0
t_wo + cam_pos
1.03862 0.587009 0
Time
1558446218597
Theta
0.548226
t_GA - R_GA * R_AB * t_BA
0 0 0
t_wo + cam_pos
1.03862 0.587009 0
Time
1558446218647
Theta
0.548226
t_GA - R_GA * R_AB * t_BA
0 0 0
t_wo + cam_pos
1.03862 0.587009 0
Time
1558446218697
Theta
0.548226
t_GA - R_GA * R_AB * t_BA
0 0 0
t_wo + cam_pos
1.03862 0.587009 0
Time
1558446218748
Theta
0.548226
t_GA - R_GA * R_AB * t_BA
0 0 0
t_wo + cam_pos
1.03862 0.587009 0
Time
1558446218798
Theta
0.548226
t_GA - R_GA * R_AB * t_BA
0 0 0
t_wo + cam_pos
1.03862 0.587009 0
Time
1558446218848
Theta
0.548226
t_GA - R_GA * R_AB * t_BA
0 0 0
t_wo + cam_pos
1.03862 0.587009 0
Time
1558446218899
Theta
0.548226
t_GA - R_GA * R_AB * t_BA
0 0 0
t_wo + cam_pos
1.03862 0.587009 0
Time
1558446218949
Theta
0.548226
t_GA - R_GA * R_AB * t_BA
0 0 0
t_wo + cam_pos
1.03862 0.587009 0
Time
1558446218999
Theta
0.548226
t_GA - R_GA * R_AB * t_BA
0 0 0
t_wo + cam_pos
1.03862 0.587009 0
Time
1558446219050
Theta
0.548226
t_GA - R_GA * R_AB * t_BA
0 0 0
t_wo + cam_pos
1.03862 0.587009 0
Time
1558446219100
Theta
0.548226
t_GA - R_GA * R_AB * t_BA
0 0 0
t_wo + cam_pos
1.03862 0.587009 0
Time
1558446219150
Theta
0.548226
t_GA - R_GA * R_AB * t_BA
0 0 0
t_wo + cam_pos
1.03862 0.587009 0
Time
1558446219201
Theta
0.548226
t_GA - R_GA * R_AB * t_BA
0 0 0
t_wo + cam_pos
1.03862 0.587009 0
Time
1558446219251
Theta
0.548226
t_GA - R_GA * R_AB * t_BA
0 0 0
t_wo + cam_pos
1.03862 0.587009 0
Time
1558446219302
Theta
0.548226
t_GA - R_GA * R_AB * t_BA
0 0 0
t_wo + cam_pos
1.03862 0.587009 0
Time
1558446219352
Theta
0.548226
t_GA - R_GA * R_AB * t_BA
0 0 0
t_wo + cam_pos
1.03862 0.587009 0
Time
1558446219402
Theta
0.548226
t_GA - R_GA * R_AB * t_BA
0 0 0
t_wo + cam_pos
1.03862 0.587009 0
Time
1558446219453
Theta
0.548226
t_GA - R_GA * R_AB * t_BA
0 0 0
t_wo + cam_pos
1.03862 0.587009 0
Time
1558446219503
Theta
0.548226
t_GA - R_GA * R_AB * t_BA
0 0 0
t_wo + cam_pos
1.03862 0.587009 0
Time
1558446219553
Theta
0.548226
t_GA - R_GA * R_AB * t_BA
0 0 0
t_wo + cam_pos
1.03862 0.587009 0
Time
1558446219604
Theta
0.548226
t_GA - R_GA * R_AB * t_BA
0 0 0
t_wo + cam_pos
1.03862 0.587009 0
Time
1558446219654
Theta
0.548226
t_GA - R_GA * R_AB * t_BA
0 0 0
t_wo + cam_pos
1.03862 0.587009 0
Time
1558446219704
Theta
0.548226
t_GA - R_GA * R_AB * t_BA
0 0 0
t_wo + cam_pos
1.03862 0.587009 0
Time
1558446219755
Theta
0.548226
t_GA - R_GA * R_AB * t_BA
0 0 0
t_wo + cam_pos
1.03862 0.587009 0
Time
1558446219805
Theta
0.548226
t_GA - R_GA * R_AB * t_BA
0 0 0
t_wo + cam_pos
1.03862 0.587009 0
Time
1558446219856
Theta
0.548226
t_GA - R_GA * R_AB * t_BA
0 0 0
t_wo + cam_pos
1.03862 0.587009 0
Time
1558446219906
Theta
0.548226
t_GA - R_GA * R_AB * t_BA
0 0 0
t_wo + cam_pos
1.03862 0.587009 0
Time
1558446219956
Theta
0.548226
t_GA - R_GA * R_AB * t_BA
0 0 0
t_wo + cam_pos
1.03862 0.587009 0
Time
1558446220007
Theta
0.548226
t_GA - R_GA * R_AB * t_BA
0 0 0
t_wo + cam_pos
1.03862 0.587009 0
Time
1558446220057
Theta
0.548226
t_GA - R_GA * R_AB * t_BA
0 0 0
t_wo + cam_pos
1.03862 0.587009 0
Time
1558446220107
Theta
0.548226
t_GA - R_GA * R_AB * t_BA
0 0 0
t_wo + cam_pos
1.03862 0.587009 0
Time
1558446220158
Theta
0.548226
t_GA - R_GA * R_AB * t_BA
0 0 0
t_wo + cam_pos
1.03862 0.587009 0
Time
1558446220208
Theta
0.548226
t_GA - R_GA * R_AB * t_BA
0 0 0
t_wo + cam_pos
1.03862 0.587009 0
Time
1558446220259
Theta
0.548226
t_GA - R_GA * R_AB * t_BA
0 0 0
t_wo + cam_pos
1.03862 0.587009 0
Time
1558446220309
Theta
0.548226
t_GA - R_GA * R_AB * t_BA
0 0 0
t_wo + cam_pos
1.03862 0.587009 0
Time
1558446220359
Theta
0.548226
t_GA - R_GA * R_AB * t_BA
0 0 0
t_wo + cam_pos
1.03862 0.587009 0
Time
1558446220410
Theta
0.548226
t_GA - R_GA * R_AB * t_BA
0 0 0
t_wo + cam_pos
1.03862 0.587009 0
Time
1558446220460
Theta
0.548226
t_GA - R_GA * R_AB * t_BA
0 0 0
t_wo + cam_pos
1.03862 0.587009 0
Time
1558446220510
Theta
0.548226
t_GA - R_GA * R_AB * t_BA
0 0 0
t_wo + cam_pos
1.03862 0.587009 0
Time
1558446220561
Theta
0.548226
t_GA - R_GA * R_AB * t_BA
0 0 0
t_wo + cam_pos
1.03862 0.587009 0
Time
1558446220611
Theta
0.548226
t_GA - R_GA * R_AB * t_BA
0 0 0
t_wo + cam_pos
1.03862 0.587009 0
Time
1558446220661
Theta
0.548226
t_GA - R_GA * R_AB * t_BA
0 0 0
t_wo + cam_pos
1.03862 0.587009 0
Time
1558446220712
Theta
0.548226
t_GA - R_GA * R_AB * t_BA
0 0 0
t_wo + cam_pos
1.03862 0.587009 0
Time
1558446220762
Theta
0.548226
t_GA - R_GA * R_AB * t_BA
0 0 0
t_wo + cam_pos
1.03862 0.587009 0
Time
1558446220812
Theta
0.548226
t_GA - R_GA * R_AB * t_BA
0 0 0
t_wo + cam_pos
1.03862 0.587009 0
Time
1558446220863
Theta
0.548226
t_GA - R_GA * R_AB * t_BA
0 0 0
t_wo + cam_pos
1.03862 0.587009 0
Time
1558446220913
Theta
0.548226
t_GA - R_GA * R_AB * t_BA
0 0 0
t_wo + cam_pos
1.03862 0.587009 0
Time
1558446220963
Theta
0.548226
t_GA - R_GA * R_AB * t_BA
0 0 0
t_wo + cam_pos
1.03862 0.587009 0
Time
1558446221014
Theta
0.548226
t_GA - R_GA * R_AB * t_BA
0 0 0
t_wo + cam_pos
1.03862 0.587009 0
Time
1558446221064
Theta
0.548226
t_GA - R_GA * R_AB * t_BA
0 0 0
t_wo + cam_pos
1.03862 0.587009 0
Time
1558446221114
Theta
0.548226
t_GA - R_GA * R_AB * t_BA
0 0 0
t_wo + cam_pos
1.03862 0.587009 0
Time
1558446221165
Theta
0.548226
t_GA - R_GA * R_AB * t_BA
0 0 0
t_wo + cam_pos
1.03862 0.587009 0
Time
1558446221215
Theta
0.548226
t_GA - R_GA * R_AB * t_BA
0 0 0
t_wo + cam_pos
1.03862 0.587009 0
Time
1558446221265
Theta
0.548226
t_GA - R_GA * R_AB * t_BA
0 0 0
t_wo + cam_pos
1.03862 0.587009 0
Time
1558446221316
Theta
0.548226
t_GA - R_GA * R_AB * t_BA
0 0 0
t_wo + cam_pos
1.03862 0.587009 0
Time
1558446221366
Theta
0.548226
t_GA - R_GA * R_AB * t_BA
0 0 0
t_wo + cam_pos
1.03862 0.587009 0
Time
1558446221416
Theta
0.548226
t_GA - R_GA * R_AB * t_BA
0 0 0
t_wo + cam_pos
1.03862 0.587009 0
Time
1558446221467
Theta
0.548226
t_GA - R_GA * R_AB * t_BA
0 0 0
t_wo + cam_pos
1.03862 0.587009 0
Time
1558446221517
Theta
0.548226
t_GA - R_GA * R_AB * t_BA
0 0 0
t_wo + cam_pos
1.03862 0.587009 0
Time
1558446221567
Theta
0.548226
t_GA - R_GA * R_AB * t_BA
0 0 0
t_wo + cam_pos
1.03862 0.587009 0
Time
1558446221618
Theta
0.548226
t_GA - R_GA * R_AB * t_BA
0 0 0
t_wo + cam_pos
1.03862 0.587009 0
Time
1558446221668
Theta
0.548226
t_GA - R_GA * R_AB * t_BA
0 0 0
t_wo + cam_pos
1.03862 0.587009 0
Time
1558446221718
Theta
0.548226
t_GA - R_GA * R_AB * t_BA
0 0 0
t_wo + cam_pos
1.03862 0.587009 0
Time
1558446221769
Theta
0.548226
t_GA - R_GA * R_AB * t_BA
0 0 0
t_wo + cam_pos
1.03862 0.587009 0
Time
1558446221819
Theta
0.548226
t_GA - R_GA * R_AB * t_BA
0 0 0
t_wo + cam_pos
1.03862 0.587009 0
Time
1558446221869
Theta
0.548226
t_GA - R_GA * R_AB * t_BA
0 0 0
t_wo + cam_pos
1.03862 0.587009 0
Time
1558446221920
Theta
0.548226
t_GA - R_GA * R_AB * t_BA
0 0 0
t_wo + cam_pos
1.03862 0.587009 0
Time
1558446221970
Theta
0.548226
t_GA - R_GA * R_AB * t_BA
0 0 0
t_wo + cam_pos
1.03862 0.587009 0
Time
1558446222020
Theta
0.548226
t_GA - R_GA * R_AB * t_BA
0 0 0
t_wo + cam_pos
1.03862 0.587009 0
Time
1558446222071
Theta
0.548226
t_GA - R_GA * R_AB * t_BA
0 0 0
t_wo + cam_pos
1.03862 0.587009 0
Time
1558446222121
Theta
0.548226
t_GA - R_GA * R_AB * t_BA
0 0 0
t_wo + cam_pos
1.03862 0.587009 0
Time
1558446222171
Theta
0.548226
t_GA - R_GA * R_AB * t_BA
0 0 0
t_wo + cam_pos
1.03862 0.587009 0
Time
1558446222222
Theta
0.548226
t_GA - R_GA * R_AB * t_BA
0 0 0
t_wo + cam_pos
1.03862 0.587009 0
Time
1558446222272
Theta
0.548226
t_GA - R_GA * R_AB * t_BA
0 0 0
t_wo + cam_pos
1.03862 0.587009 0
Time
1558446222322
Theta
0.548226
t_GA - R_GA * R_AB * t_BA
0 0 0
t_wo + cam_pos
1.03862 0.587009 0
Time
1558446222373
Theta
0.548226
t_GA - R_GA * R_AB * t_BA
0 0 0
t_wo + cam_pos
1.03862 0.587009 0
Time
1558446222423
Theta
0.548226
t_GA - R_GA * R_AB * t_BA
0 0 0
t_wo + cam_pos
1.03862 0.587009 0
Time
1558446222473
Theta
0.548226
t_GA - R_GA * R_AB * t_BA
0 0 0
t_wo + cam_pos
1.03862 0.587009 0
Time
1558446222524
Theta
0.548226
t_GA - R_GA * R_AB * t_BA
0 0 0
t_wo + cam_pos
1.03862 0.587009 0
Time
1558446222574
Theta
0.548226
t_GA - R_GA * R_AB * t_BA
0 0 0
t_wo + cam_pos
1.03862 0.587009 0
Time
1558446222625
Theta
0.548226
t_GA - R_GA * R_AB * t_BA
0 0 0
t_wo + cam_pos
1.03862 0.587009 0
Time
1558446222675
Theta
0.548226
t_GA - R_GA * R_AB * t_BA
0 0 0
t_wo + cam_pos
1.03862 0.587009 0
Time
1558446222726
Theta
0.548226
t_GA - R_GA * R_AB * t_BA
0 0 0
t_wo + cam_pos
1.03862 0.587009 0
Time
1558446222776
Theta
0.548226
t_GA - R_GA * R_AB * t_BA
0 0 0
t_wo + cam_pos
1.03862 0.587009 0
Time
1558446222826
Theta
0.548226
t_GA - R_GA * R_AB * t_BA
0 0 0
t_wo + cam_pos
1.03862 0.587009 0
Time
1558446222877
Theta
0.548226
t_GA - R_GA * R_AB * t_BA
0 0 0
t_wo + cam_pos
1.03862 0.587009 0
Time
1558446222927
Theta
0.548226
t_GA - R_GA * R_AB * t_BA
0 0 0
t_wo + cam_pos
1.03862 0.587009 0
Time
1558446222978
Theta
0.548226
t_GA - R_GA * R_AB * t_BA
0 0 0
t_wo + cam_pos
1.03862 0.587009 0
Time
1558446223028
Theta
0.548226
t_GA - R_GA * R_AB * t_BA
0 0 0
t_wo + cam_pos
1.03862 0.587009 0
Time
1558446223079
Theta
0.548226
t_GA - R_GA * R_AB * t_BA
0 0 0
t_wo + cam_pos
1.03862 0.587009 0
Time
1558446223129
Theta
0.548226
t_GA - R_GA * R_AB * t_BA
0 0 0
t_wo + cam_pos
1.03862 0.587009 0
Time
1558446223180
Theta
0.548226
t_GA - R_GA * R_AB * t_BA
0 0 0
t_wo + cam_pos
1.03862 0.587009 0
Time
1558446223230
Theta
0.548226
t_GA - R_GA * R_AB * t_BA
0 0 0
t_wo + cam_pos
1.03862 0.587009 0
Time
1558446223280
Theta
0.548226
t_GA - R_GA * R_AB * t_BA
0 0 0
t_wo + cam_pos
1.03862 0.587009 0
Time
1558446223331
Theta
0.548226
t_GA - R_GA * R_AB * t_BA
0 0 0
t_wo + cam_pos
1.03862 0.587009 0
Time
1558446223381
Theta
0.548226
t_GA - R_GA * R_AB * t_BA
0 0 0
t_wo + cam_pos
1.03862 0.587009 0
Time
1558446223431
Theta
0.548226
t_GA - R_GA * R_AB * t_BA
0 0 0
t_wo + cam_pos
1.03862 0.587009 0
Time
1558446223482
Theta
0.548226
t_GA - R_GA * R_AB * t_BA
0 0 0
t_wo + cam_pos
1.03862 0.587009 0
Time
1558446223532
Theta
0.548226
t_GA - R_GA * R_AB * t_BA
0 0 0
t_wo + cam_pos
1.03862 0.587009 0
Time
1558446223583
Theta
0.548226
t_GA - R_GA * R_AB * t_BA
0 0 0
t_wo + cam_pos
1.03862 0.587009 0
Time
1558446223633
Theta
0.548226
t_GA - R_GA * R_AB * t_BA
0 0 0
t_wo + cam_pos
1.03862 0.587009 0
Time
1558446223683
Theta
0.548226
t_GA - R_GA * R_AB * t_BA
0 0 0
t_wo + cam_pos
1.03862 0.587009 0
Time
1558446223734
Theta
0.548226
t_GA - R_GA * R_AB * t_BA
0 0 0
t_wo + cam_pos
1.03862 0.587009 0
Time
1558446223784
Theta
0.548226
t_GA - R_GA * R_AB * t_BA
0 0 0
t_wo + cam_pos
1.03862 0.587009 0
Time
1558446223835
Theta
0.548226
t_GA - R_GA * R_AB * t_BA
0 0 0
t_wo + cam_pos
1.03862 0.587009 0
Time
1558446223886
Theta
0.548226
t_GA - R_GA * R_AB * t_BA
0 0 0
t_wo + cam_pos
1.03862 0.587009 0
Time
1558446223936
Theta
0.548226
t_GA - R_GA * R_AB * t_BA
0 0 0
t_wo + cam_pos
1.03862 0.587009 0
Time
1558446223986
Theta
0.548226
t_GA - R_GA * R_AB * t_BA
0 0 0
t_wo + cam_pos
1.03862 0.587009 0
Time
1558446224037
Theta
0.548226
t_GA - R_GA * R_AB * t_BA
0 0 0
t_wo + cam_pos
1.03862 0.587009 0
Time
1558446224087
Theta
0.548226
t_GA - R_GA * R_AB * t_BA
0 0 0
t_wo + cam_pos
1.03862 0.587009 0
Time
1558446224137
Theta
0.548226
t_GA - R_GA * R_AB * t_BA
0 0 0
t_wo + cam_pos
1.03862 0.587009 0
Time
1558446224188
Theta
0.548226
t_GA - R_GA * R_AB * t_BA
0 0 0
t_wo + cam_pos
1.03862 0.587009 0
Time
1558446224238
Theta
0.548226
t_GA - R_GA * R_AB * t_BA
0 0 0
t_wo + cam_pos
1.03862 0.587009 0
Time
1558446224289
Theta
0.548226
t_GA - R_GA * R_AB * t_BA
0 0 0
t_wo + cam_pos
1.03862 0.587009 0
Time
1558446224339
Theta
0.548226
t_GA - R_GA * R_AB * t_BA
0 0 0
t_wo + cam_pos
1.03862 0.587009 0
Time
1558446224390
Theta
0.548226
t_GA - R_GA * R_AB * t_BA
0 0 0
t_wo + cam_pos
1.03862 0.587009 0
Time
1558446224440
Theta
0.548226
t_GA - R_GA * R_AB * t_BA
0 0 0
t_wo + cam_pos
1.03862 0.587009 0
Time
1558446224490
Theta
0.548226
t_GA - R_GA * R_AB * t_BA
0 0 0
t_wo + cam_pos
1.03862 0.587009 0
Time
1558446224541
Theta
0.548226
t_GA - R_GA * R_AB * t_BA
0 0 0
t_wo + cam_pos
1.03862 0.587009 0
Time
1558446224591
Theta
0.548226
t_GA - R_GA * R_AB * t_BA
0 0 0
t_wo + cam_pos
1.03862 0.587009 0
Time
1558446224641
Theta
0.548226
t_GA - R_GA * R_AB * t_BA
0 0 0
t_wo + cam_pos
1.03862 0.587009 0
Time
1558446224692
Theta
0.548226
t_GA - R_GA * R_AB * t_BA
0 0 0
t_wo + cam_pos
1.03862 0.587009 0
Time
1558446224742
Theta
0.548226
t_GA - R_GA * R_AB * t_BA
0 0 0
t_wo + cam_pos
1.03862 0.587009 0
Time
1558446224793
Theta
0.548226
t_GA - R_GA * R_AB * t_BA
0 0 0
t_wo + cam_pos
1.03862 0.587009 0
Time
1558446224843
Theta
0.548226
t_GA - R_GA * R_AB * t_BA
0 0 0
t_wo + cam_pos
1.03862 0.587009 0
Time
1558446224894
Theta
0.548226
t_GA - R_GA * R_AB * t_BA
0 0 0
t_wo + cam_pos
1.03862 0.587009 0
Time
1558446224944
Theta
0.548226
t_GA - R_GA * R_AB * t_BA
0 0 0
t_wo + cam_pos
1.03862 0.587009 0
Time
1558446224994
Theta
0.548226
t_GA - R_GA * R_AB * t_BA
0 0 0
t_wo + cam_pos
1.03862 0.587009 0
Time
1558446225045
Theta
0.548226
t_GA - R_GA * R_AB * t_BA
0 0 0
t_wo + cam_pos
1.03862 0.587009 0
Time
1558446225095
Theta
0.548226
t_GA - R_GA * R_AB * t_BA
0 0 0
t_wo + cam_pos
1.03862 0.587009 0
Time
1558446225146
Theta
0.548226
t_GA - R_GA * R_AB * t_BA
0 0 0
t_wo + cam_pos
1.03862 0.587009 0
Time
1558446225196
Theta
0.548226
t_GA - R_GA * R_AB * t_BA
0 0 0
t_wo + cam_pos
1.03862 0.587009 0
Time
1558446225246
Theta
0.548226
t_GA - R_GA * R_AB * t_BA
0 0 0
t_wo + cam_pos
1.03862 0.587009 0
Time
1558446225297
Theta
0.548226
t_GA - R_GA * R_AB * t_BA
0 0 0
t_wo + cam_pos
1.03862 0.587009 0
Time
1558446225347
Theta
0.548226
t_GA - R_GA * R_AB * t_BA
0 0 0
t_wo + cam_pos
1.03862 0.587009 0
Time
1558446225398
Theta
0.548226
t_GA - R_GA * R_AB * t_BA
0 0 0
t_wo + cam_pos
1.03862 0.587009 0
Time
1558446225448
Theta
0.548226
t_GA - R_GA * R_AB * t_BA
0 0 0
t_wo + cam_pos
1.03862 0.587009 0
Time
1558446225498
Theta
0.548226
t_GA - R_GA * R_AB * t_BA
0 0 0
t_wo + cam_pos
1.03862 0.587009 0
Time
1558446225549
Theta
0.548226
t_GA - R_GA * R_AB * t_BA
0 0 0
t_wo + cam_pos
1.03862 0.587009 0
Time
1558446225599
Theta
0.548226
t_GA - R_GA * R_AB * t_BA
0 0 0
t_wo + cam_pos
1.03862 0.587009 0
Time
1558446225650
Theta
0.548226
t_GA - R_GA * R_AB * t_BA
0 0 0
t_wo + cam_pos
1.03862 0.587009 0
Time
1558446225700
Theta
0.548226
t_GA - R_GA * R_AB * t_BA
0 0 0
t_wo + cam_pos
1.03862 0.587009 0
Time
1558446225750
Theta
0.548226
t_GA - R_GA * R_AB * t_BA
0 0 0
t_wo + cam_pos
1.03862 0.587009 0
Time
1558446225801
Theta
0.548226
t_GA - R_GA * R_AB * t_BA
0 0 0
t_wo + cam_pos
1.03862 0.587009 0
Time
1558446225851
Theta
0.548226
t_GA - R_GA * R_AB * t_BA
0 0 0
t_wo + cam_pos
1.03862 0.587009 0
Time
1558446225901
Theta
0.548226
t_GA - R_GA * R_AB * t_BA
0 0 0
t_wo + cam_pos
1.03862 0.587009 0
Time
1558446225952
Theta
0.548226
t_GA - R_GA * R_AB * t_BA
0 0 0
t_wo + cam_pos
1.03862 0.587009 0
Time
1558446226002
Theta
0.548226
t_GA - R_GA * R_AB * t_BA
0 0 0
t_wo + cam_pos
1.03862 0.587009 0
Time
1558446226052
Theta
0.548226
t_GA - R_GA * R_AB * t_BA
0 0 0
t_wo + cam_pos
1.03862 0.587009 0
Time
1558446226103
Theta
0.548226
t_GA - R_GA * R_AB * t_BA
0 0 0
t_wo + cam_pos
1.03862 0.587009 0
Time
1558446226153
Theta
0.548226
t_GA - R_GA * R_AB * t_BA
0 0 0
t_wo + cam_pos
1.03862 0.587009 0
Time
1558446226204
Theta
0.548226
t_GA - R_GA * R_AB * t_BA
0 0 0
t_wo + cam_pos
1.03862 0.587009 0
Time
1558446226254
Theta
0.548226
t_GA - R_GA * R_AB * t_BA
0 0 0
t_wo + cam_pos
1.03862 0.587009 0
Time
1558446226305
Theta
0.548226
t_GA - R_GA * R_AB * t_BA
0 0 0
t_wo + cam_pos
1.03862 0.587009 0
Time
1558446226355
Theta
0.548226
t_GA - R_GA * R_AB * t_BA
0 0 0
t_wo + cam_pos
1.03862 0.587009 0
Time
1558446226405
Theta
0.548226
t_GA - R_GA * R_AB * t_BA
0 0 0
t_wo + cam_pos
1.03862 0.587009 0
Time
1558446226456
Theta
0.548226
t_GA - R_GA * R_AB * t_BA
0 0 0
t_wo + cam_pos
1.03862 0.587009 0
Time
1558446226506
Theta
0.548226
t_GA - R_GA * R_AB * t_BA
0 0 0
t_wo + cam_pos
1.03862 0.587009 0
Time
1558446226557
Theta
0.548226
t_GA - R_GA * R_AB * t_BA
0 0 0
t_wo + cam_pos
1.03862 0.587009 0
Time
1558446226607
Theta
0.548226
t_GA - R_GA * R_AB * t_BA
0 0 0
t_wo + cam_pos
1.03862 0.587009 0
Time
1558446226657
Theta
0.548226
t_GA - R_GA * R_AB * t_BA
0 0 0
t_wo + cam_pos
1.03862 0.587009 0
Time
1558446226708
Theta
0.548226
t_GA - R_GA * R_AB * t_BA
0 0 0
t_wo + cam_pos
1.03862 0.587009 0
Time
1558446226758
Theta
0.548226
t_GA - R_GA * R_AB * t_BA
0 0 0
t_wo + cam_pos
1.03862 0.587009 0
Time
1558446226808
Theta
0.548226
t_GA - R_GA * R_AB * t_BA
0 0 0
t_wo + cam_pos
1.03862 0.587009 0
Time
1558446226859
Theta
0.548226
t_GA - R_GA * R_AB * t_BA
0 0 0
t_wo + cam_pos
1.03862 0.587009 0
Time
1558446226909
Theta
0.548226
t_GA - R_GA * R_AB * t_BA
0 0 0
t_wo + cam_pos
1.03862 0.587009 0
Time
1558446226959
Theta
0.548226
t_GA - R_GA * R_AB * t_BA
0 0 0
t_wo + cam_pos
1.03862 0.587009 0
Time
1558446227010
Theta
0.548226
t_GA - R_GA * R_AB * t_BA
0 0 0
t_wo + cam_pos
1.03862 0.587009 0
Time
1558446227060
Theta
0.548226
t_GA - R_GA * R_AB * t_BA
0 0 0
t_wo + cam_pos
1.03862 0.587009 0
Time
1558446227111
Theta
0.548226
t_GA - R_GA * R_AB * t_BA
0 0 0
t_wo + cam_pos
1.03862 0.587009 0
Time
1558446227161
Theta
0.548226
t_GA - R_GA * R_AB * t_BA
0 0 0
t_wo + cam_pos
1.03862 0.587009 0
Time
1558446227211
Theta
0.548226
t_GA - R_GA * R_AB * t_BA
0 0 0
t_wo + cam_pos
1.03862 0.587009 0
Time
1558446227262
Theta
0.548226
t_GA - R_GA * R_AB * t_BA
0 0 0
t_wo + cam_pos
1.03862 0.587009 0
Time
1558446227312
Theta
0.548226
t_GA - R_GA * R_AB * t_BA
0 0 0
t_wo + cam_pos
1.03862 0.587009 0
Time
1558446227363
Theta
0.548226
t_GA - R_GA * R_AB * t_BA
0 0 0
t_wo + cam_pos
1.03862 0.587009 0
Time
1558446227413
Theta
0.548226
t_GA - R_GA * R_AB * t_BA
0 0 0
t_wo + cam_pos
1.03862 0.587009 0
Time
1558446227464
Theta
0.548226
t_GA - R_GA * R_AB * t_BA
0 0 0
t_wo + cam_pos
1.03862 0.587009 0
Time
1558446227514
Theta
0.548226
t_GA - R_GA * R_AB * t_BA
0 0 0
t_wo + cam_pos
1.03862 0.587009 0
Time
1558446227564
Theta
0.548226
t_GA - R_GA * R_AB * t_BA
0 0 0
t_wo + cam_pos
1.03862 0.587009 0
Time
1558446227615
Theta
0.548226
t_GA - R_GA * R_AB * t_BA
0 0 0
t_wo + cam_pos
1.03862 0.587009 0
Time
1558446227665
Theta
0.548226
t_GA - R_GA * R_AB * t_BA
0 0 0
t_wo + cam_pos
1.03862 0.587009 0
Time
1558446227715
Theta
0.548226
t_GA - R_GA * R_AB * t_BA
0 0 0
t_wo + cam_pos
1.03862 0.587009 0
Time
1558446227766
Theta
0.548226
t_GA - R_GA * R_AB * t_BA
0 0 0
t_wo + cam_pos
1.03862 0.587009 0
Time
1558446227816
Theta
0.548226
t_GA - R_GA * R_AB * t_BA
0 0 0
t_wo + cam_pos
1.03862 0.587009 0
Time
1558446227866
Theta
0.548226
t_GA - R_GA * R_AB * t_BA
0 0 0
t_wo + cam_pos
1.03862 0.587009 0
Time
1558446227917
Theta
0.548226
t_GA - R_GA * R_AB * t_BA
0 0 0
t_wo + cam_pos
1.03862 0.587009 0
Time
1558446227967
Theta
0.548226
t_GA - R_GA * R_AB * t_BA
0 0 0
t_wo + cam_pos
1.03862 0.587009 0
Time
1558446228017
Theta
0.548226
t_GA - R_GA * R_AB * t_BA
0 0 0
t_wo + cam_pos
1.03862 0.587009 0
Time
1558446228068
Theta
0.548226
t_GA - R_GA * R_AB * t_BA
0 0 0
t_wo + cam_pos
1.03862 0.587009 0
Time
1558446228118
Theta
0.548226
t_GA - R_GA * R_AB * t_BA
0 0 0
t_wo + cam_pos
1.03862 0.587009 0
Time
1558446228169
Theta
0.548226
t_GA - R_GA * R_AB * t_BA
0 0 0
t_wo + cam_pos
1.03862 0.587009 0
Time
1558446228219
Theta
0.548226
t_GA - R_GA * R_AB * t_BA
0 0 0
t_wo + cam_pos
1.03862 0.587009 0
Time
1558446228269
Theta
0.548226
t_GA - R_GA * R_AB * t_BA
0 0 0
t_wo + cam_pos
1.03862 0.587009 0
Time
1558446228320
Theta
0.548226
t_GA - R_GA * R_AB * t_BA
0 0 0
t_wo + cam_pos
1.03862 0.587009 0
Time
1558446228370
Theta
0.548226
t_GA - R_GA * R_AB * t_BA
0 0 0
t_wo + cam_pos
1.03862 0.587009 0
Time
1558446228420
Theta
0.548226
t_GA - R_GA * R_AB * t_BA
0 0 0
t_wo + cam_pos
1.03862 0.587009 0
Time
1558446228471
Theta
0.548226
t_GA - R_GA * R_AB * t_BA
0 0 0
t_wo + cam_pos
1.03862 0.587009 0
Time
1558446228521
Theta
0.548226
t_GA - R_GA * R_AB * t_BA
0 0 0
t_wo + cam_pos
1.03862 0.587009 0
Time
1558446228571
Theta
0.548226
t_GA - R_GA * R_AB * t_BA
0 0 0
t_wo + cam_pos
1.03862 0.587009 0
Time
1558446228622
Theta
0.548226
t_GA - R_GA * R_AB * t_BA
0 0 0
t_wo + cam_pos
1.03862 0.587009 0
Time
1558446228672
Theta
0.548226
t_GA - R_GA * R_AB * t_BA
0 0 0
t_wo + cam_pos
1.03862 0.587009 0
Time
1558446228722
Theta
0.548226
t_GA - R_GA * R_AB * t_BA
0 0 0
t_wo + cam_pos
1.03862 0.587009 0
Time
1558446228773
Theta
0.548226
t_GA - R_GA * R_AB * t_BA
0 0 0
t_wo + cam_pos
1.03862 0.587009 0
Time
1558446228823
Theta
0.548226
t_GA - R_GA * R_AB * t_BA
0 0 0
t_wo + cam_pos
1.03862 0.587009 0
Time
1558446228874
Theta
0.548226
t_GA - R_GA * R_AB * t_BA
0 0 0
t_wo + cam_pos
1.03862 0.587009 0
Time
1558446228924
Theta
0.548226
t_GA - R_GA * R_AB * t_BA
0 0 0
t_wo + cam_pos
1.03862 0.587009 0
Time
1558446228974
Theta
0.548226
t_GA - R_GA * R_AB * t_BA
0 0 0
t_wo + cam_pos
1.03862 0.587009 0
Time
1558446229025
Theta
0.548226
t_GA - R_GA * R_AB * t_BA
0 0 0
t_wo + cam_pos
1.03862 0.587009 0
Time
1558446229075
Theta
0.548226
t_GA - R_GA * R_AB * t_BA
0 0 0
t_wo + cam_pos
1.03862 0.587009 0
Time
1558446229125
Theta
0.548226
t_GA - R_GA * R_AB * t_BA
0 0 0
t_wo + cam_pos
1.03862 0.587009 0
Time
1558446229176
Theta
0.548226
t_GA - R_GA * R_AB * t_BA
0 0 0
t_wo + cam_pos
1.03862 0.587009 0
Time
1558446229226
Theta
0.548226
t_GA - R_GA * R_AB * t_BA
0 0 0
t_wo + cam_pos
1.03862 0.587009 0
Time
1558446229276
Theta
0.548226
t_GA - R_GA * R_AB * t_BA
0 0 0
t_wo + cam_pos
1.03862 0.587009 0
Time
1558446229327
Theta
0.548226
t_GA - R_GA * R_AB * t_BA
0 0 0
t_wo + cam_pos
1.03862 0.587009 0
Time
1558446229377
Theta
0.548226
t_GA - R_GA * R_AB * t_BA
0 0 0
t_wo + cam_pos
1.03862 0.587009 0
Time
1558446229427
Theta
0.548226
t_GA - R_GA * R_AB * t_BA
0 0 0
t_wo + cam_pos
1.03862 0.587009 0
Time
1558446229478
Theta
0.548226
t_GA - R_GA * R_AB * t_BA
0 0 0
t_wo + cam_pos
1.03862 0.587009 0
Time
1558446229528
Theta
0.548226
t_GA - R_GA * R_AB * t_BA
0 0 0
t_wo + cam_pos
1.03862 0.587009 0
Time
1558446229579
Theta
0.548226
t_GA - R_GA * R_AB * t_BA
0 0 0
t_wo + cam_pos
1.03862 0.587009 0
Time
1558446229629
Theta
0.548226
t_GA - R_GA * R_AB * t_BA
0 0 0
t_wo + cam_pos
1.03862 0.587009 0
Time
1558446229679
Theta
0.548226
t_GA - R_GA * R_AB * t_BA
0 0 0
t_wo + cam_pos
1.03862 0.587009 0
Time
1558446229730
Theta
0.548226
t_GA - R_GA * R_AB * t_BA
0 0 0
t_wo + cam_pos
1.03862 0.587009 0
Time
1558446229780
Theta
0.548226
t_GA - R_GA * R_AB * t_BA
0 0 0
t_wo + cam_pos
1.03862 0.587009 0
Time
1558446229830
Theta
0.548226
t_GA - R_GA * R_AB * t_BA
0 0 0
t_wo + cam_pos
1.03862 0.587009 0
Time
1558446229881
Theta
0.548226
t_GA - R_GA * R_AB * t_BA
0 0 0
t_wo + cam_pos
1.03862 0.587009 0
Time
1558446229931
Theta
0.548226
t_GA - R_GA * R_AB * t_BA
0 0 0
t_wo + cam_pos
1.03862 0.587009 0
Time
1558446229981
Theta
0.548226
t_GA - R_GA * R_AB * t_BA
0 0 0
t_wo + cam_pos
1.03862 0.587009 0
Time
1558446230032
Theta
0.548226
t_GA - R_GA * R_AB * t_BA
0 0 0
t_wo + cam_pos
1.03862 0.587009 0
Time
1558446230082
Theta
0.548226
t_GA - R_GA * R_AB * t_BA
0 0 0
t_wo + cam_pos
1.03862 0.587009 0
Time
1558446230132
Theta
0.548226
t_GA - R_GA * R_AB * t_BA
0 0 0
t_wo + cam_pos
1.03862 0.587009 0
Time
1558446230183
Theta
0.548226
t_GA - R_GA * R_AB * t_BA
0 0 0
t_wo + cam_pos
1.03862 0.587009 0
Time
1558446230233
Theta
0.548226
t_GA - R_GA * R_AB * t_BA
0 0 0
t_wo + cam_pos
1.03862 0.587009 0
Time
1558446230284
Theta
0.548226
t_GA - R_GA * R_AB * t_BA
0 0 0
t_wo + cam_pos
1.03862 0.587009 0
Time
1558446230334
Theta
0.548226
t_GA - R_GA * R_AB * t_BA
0 0 0
t_wo + cam_pos
1.03862 0.587009 0
Time
1558446230384
Theta
0.548226
t_GA - R_GA * R_AB * t_BA
0 0 0
t_wo + cam_pos
1.03862 0.587009 0
Time
1558446230435
Theta
0.548226
t_GA - R_GA * R_AB * t_BA
0 0 0
t_wo + cam_pos
1.03862 0.587009 0
Time
1558446230485
Theta
0.548226
t_GA - R_GA * R_AB * t_BA
0 0 0
t_wo + cam_pos
1.03862 0.587009 0
Time
1558446230536
Theta
0.548226
t_GA - R_GA * R_AB * t_BA
0 0 0
t_wo + cam_pos
1.03862 0.587009 0
Time
1558446230586
Theta
0.548226
t_GA - R_GA * R_AB * t_BA
0 0 0
t_wo + cam_pos
1.03862 0.587009 0
Time
1558446230636
Theta
0.548226
t_GA - R_GA * R_AB * t_BA
0 0 0
t_wo + cam_pos
1.03862 0.587009 0
Time
1558446230686
Theta
0.548226
t_GA - R_GA * R_AB * t_BA
0 0 0
t_wo + cam_pos
1.03862 0.587009 0
Time
1558446230737
Theta
0.548226
t_GA - R_GA * R_AB * t_BA
0 0 0
t_wo + cam_pos
1.03862 0.587009 0
Time
1558446230787
Theta
0.548226
t_GA - R_GA * R_AB * t_BA
0 0 0
t_wo + cam_pos
1.03862 0.587009 0
Time
1558446230838
Theta
0.548226
t_GA - R_GA * R_AB * t_BA
0 0 0
t_wo + cam_pos
1.03862 0.587009 0
Time
1558446230888
Theta
0.548226
t_GA - R_GA * R_AB * t_BA
0 0 0
t_wo + cam_pos
1.03862 0.587009 0
Time
1558446230938
Theta
0.548226
t_GA - R_GA * R_AB * t_BA
0 0 0
t_wo + cam_pos
1.03862 0.587009 0
Time
1558446230989
Theta
0.548226
t_GA - R_GA * R_AB * t_BA
0 0 0
t_wo + cam_pos
1.03862 0.587009 0
Time
1558446231039
Theta
0.548226
t_GA - R_GA * R_AB * t_BA
0 0 0
t_wo + cam_pos
1.03862 0.587009 0
Time
1558446231089
Theta
0.548226
t_GA - R_GA * R_AB * t_BA
0 0 0
t_wo + cam_pos
1.03862 0.587009 0
Time
1558446231140
Theta
0.548226
t_GA - R_GA * R_AB * t_BA
0 0 0
t_wo + cam_pos
1.03862 0.587009 0
Time
1558446231190
Theta
0.548226
t_GA - R_GA * R_AB * t_BA
0 0 0
t_wo + cam_pos
1.03862 0.587009 0
Time
1558446231241
Theta
0.548226
t_GA - R_GA * R_AB * t_BA
0 0 0
t_wo + cam_pos
1.03862 0.587009 0
Time
1558446231291
Theta
0.548226
t_GA - R_GA * R_AB * t_BA
0 0 0
t_wo + cam_pos
1.03862 0.587009 0
Time
1558446231341
Theta
0.548226
t_GA - R_GA * R_AB * t_BA
0 0 0
t_wo + cam_pos
1.03862 0.587009 0
Time
1558446231392
Theta
0.548226
t_GA - R_GA * R_AB * t_BA
0 0 0
t_wo + cam_pos
1.03862 0.587009 0
Time
1558446231442
Theta
0.548226
t_GA - R_GA * R_AB * t_BA
0 0 0
t_wo + cam_pos
1.03862 0.587009 0
Time
1558446231492
Theta
0.548226
t_GA - R_GA * R_AB * t_BA
0 0 0
t_wo + cam_pos
1.03862 0.587009 0
Time
1558446231543
Theta
0.548226
t_GA - R_GA * R_AB * t_BA
0 0 0
t_wo + cam_pos
1.03862 0.587009 0
Time
1558446231593
Theta
0.548226
t_GA - R_GA * R_AB * t_BA
0 0 0
t_wo + cam_pos
1.03862 0.587009 0
Time
1558446231643
Theta
0.548226
t_GA - R_GA * R_AB * t_BA
0 0 0
t_wo + cam_pos
1.03862 0.587009 0
Time
1558446231694
Theta
0.548226
t_GA - R_GA * R_AB * t_BA
0 0 0
t_wo + cam_pos
1.03862 0.587009 0
Time
1558446231744
Theta
0.548226
t_GA - R_GA * R_AB * t_BA
0 0 0
t_wo + cam_pos
1.03862 0.587009 0
Time
1558446231794
Theta
0.548226
t_GA - R_GA * R_AB * t_BA
0 0 0
t_wo + cam_pos
1.03862 0.587009 0
Time
1558446231845
Theta
0.548226
t_GA - R_GA * R_AB * t_BA
0 0 0
t_wo + cam_pos
1.03862 0.587009 0
Time
1558446231896
Theta
0.548226
t_GA - R_GA * R_AB * t_BA
0 0 0
t_wo + cam_pos
1.03862 0.587009 0
Time
1558446231946
Theta
0.548226
t_GA - R_GA * R_AB * t_BA
0 0 0
t_wo + cam_pos
1.03862 0.587009 0
Time
1558446231996
Theta
0.548226
t_GA - R_GA * R_AB * t_BA
0 0 0
t_wo + cam_pos
1.03862 0.587009 0
Time
1558446232047
Theta
0.548226
t_GA - R_GA * R_AB * t_BA
0 0 0
t_wo + cam_pos
1.03862 0.587009 0
Time
1558446232097
Theta
0.548226
t_GA - R_GA * R_AB * t_BA
0 0 0
t_wo + cam_pos
1.03862 0.587009 0
Time
1558446232147
Theta
0.548226
t_GA - R_GA * R_AB * t_BA
0 0 0
t_wo + cam_pos
1.03862 0.587009 0
Time
1558446232198
Theta
0.548226
t_GA - R_GA * R_AB * t_BA
0 0 0
t_wo + cam_pos
1.03862 0.587009 0
Time
1558446232248
Theta
0.548226
t_GA - R_GA * R_AB * t_BA
0 0 0
t_wo + cam_pos
1.03862 0.587009 0
Time
1558446232299
Theta
0.548226
t_GA - R_GA * R_AB * t_BA
0 0 0
t_wo + cam_pos
1.03862 0.587009 0
Time
1558446232349
Theta
0.548226
t_GA - R_GA * R_AB * t_BA
0 0 0
t_wo + cam_pos
1.03862 0.587009 0
Time
1558446232400
Theta
0.548226
t_GA - R_GA * R_AB * t_BA
0 0 0
t_wo + cam_pos
1.03862 0.587009 0
Time
1558446232450
Theta
0.548226
t_GA - R_GA * R_AB * t_BA
0 0 0
t_wo + cam_pos
1.03862 0.587009 0
Time
1558446232500
Theta
0.548226
t_GA - R_GA * R_AB * t_BA
0 0 0
t_wo + cam_pos
1.03862 0.587009 0
Time
1558446232551
Theta
0.548226
t_GA - R_GA * R_AB * t_BA
0 0 0
t_wo + cam_pos
1.03862 0.587009 0
Time
1558446232601
Theta
0.548226
t_GA - R_GA * R_AB * t_BA
0 0 0
t_wo + cam_pos
1.03862 0.587009 0
Time
1558446232651
Theta
0.548226
t_GA - R_GA * R_AB * t_BA
0 0 0
t_wo + cam_pos
1.03862 0.587009 0
Time
1558446232702
Theta
0.548226
t_GA - R_GA * R_AB * t_BA
0 0 0
t_wo + cam_pos
1.03862 0.587009 0
Time
1558446232752
Theta
0.548226
t_GA - R_GA * R_AB * t_BA
0 0 0
t_wo + cam_pos
1.03862 0.587009 0
Time
1558446232802
Theta
0.548226
t_GA - R_GA * R_AB * t_BA
0 0 0
t_wo + cam_pos
1.03862 0.587009 0
Time
1558446232853
Theta
0.548226
t_GA - R_GA * R_AB * t_BA
0 0 0
t_wo + cam_pos
1.03862 0.587009 0
Time
1558446232903
Theta
0.548226
t_GA - R_GA * R_AB * t_BA
0 0 0
t_wo + cam_pos
1.03862 0.587009 0
Time
1558446232954
Theta
0.548226
t_GA - R_GA * R_AB * t_BA
0 0 0
t_wo + cam_pos
1.03862 0.587009 0
Time
1558446233004
Theta
0.548226
t_GA - R_GA * R_AB * t_BA
0 0 0
t_wo + cam_pos
1.03862 0.587009 0
Time
1558446233054
Theta
0.548226
t_GA - R_GA * R_AB * t_BA
0 0 0
t_wo + cam_pos
1.03862 0.587009 0
Time
1558446233105
Theta
0.548226
t_GA - R_GA * R_AB * t_BA
0 0 0
t_wo + cam_pos
1.03862 0.587009 0
Time
1558446233155
Theta
0.548226
t_GA - R_GA * R_AB * t_BA
0 0 0
t_wo + cam_pos
1.03862 0.587009 0
Time
1558446233205
Theta
0.548226
t_GA - R_GA * R_AB * t_BA
0 0 0
t_wo + cam_pos
1.03862 0.587009 0
Time
1558446233256
Theta
0.548226
t_GA - R_GA * R_AB * t_BA
0 0 0
t_wo + cam_pos
1.03862 0.587009 0
Time
1558446233306
Theta
0.548226
t_GA - R_GA * R_AB * t_BA
0 0 0
t_wo + cam_pos
1.03862 0.587009 0
Time
1558446233356
Theta
0.548226
t_GA - R_GA * R_AB * t_BA
0 0 0
t_wo + cam_pos
1.03862 0.587009 0
Time
1558446233407
Theta
0.548226
t_GA - R_GA * R_AB * t_BA
0 0 0
t_wo + cam_pos
1.03862 0.587009 0
Time
1558446233457
Theta
0.548226
t_GA - R_GA * R_AB * t_BA
0 0 0
t_wo + cam_pos
1.03862 0.587009 0
Time
1558446233507
Theta
0.548226
t_GA - R_GA * R_AB * t_BA
0 0 0
t_wo + cam_pos
1.03862 0.587009 0
Time
1558446233558
Theta
0.548226
t_GA - R_GA * R_AB * t_BA
0 0 0
t_wo + cam_pos
1.03862 0.587009 0
Time
1558446233608
Theta
0.548226
t_GA - R_GA * R_AB * t_BA
0 0 0
t_wo + cam_pos
1.03862 0.587009 0
Time
1558446233659
Theta
0.548226
t_GA - R_GA * R_AB * t_BA
0 0 0
t_wo + cam_pos
1.03862 0.587009 0
Time
1558446233709
Theta
0.548226
t_GA - R_GA * R_AB * t_BA
0 0 0
t_wo + cam_pos
1.03862 0.587009 0
Time
1558446233759
Theta
0.548226
t_GA - R_GA * R_AB * t_BA
0 0 0
t_wo + cam_pos
1.03862 0.587009 0
Time
1558446233810
Theta
0.548226
t_GA - R_GA * R_AB * t_BA
0 0 0
t_wo + cam_pos
1.03862 0.587009 0
Time
1558446233860
Theta
0.548226
t_GA - R_GA * R_AB * t_BA
0 0 0
t_wo + cam_pos
1.03862 0.587009 0
Time
1558446233910
Theta
0.548226
t_GA - R_GA * R_AB * t_BA
0 0 0
t_wo + cam_pos
1.03862 0.587009 0
Time
1558446233961
Theta
0.548226
t_GA - R_GA * R_AB * t_BA
0 0 0
t_wo + cam_pos
1.03862 0.587009 0
Time
1558446234011
Theta
0.548226
t_GA - R_GA * R_AB * t_BA
0 0 0
t_wo + cam_pos
1.03862 0.587009 0
Time
1558446234061
Theta
0.548226
t_GA - R_GA * R_AB * t_BA
0 0 0
t_wo + cam_pos
1.03862 0.587009 0
Time
1558446234112
Theta
0.548226
t_GA - R_GA * R_AB * t_BA
0 0 0
t_wo + cam_pos
1.03862 0.587009 0
Time
1558446234162
Theta
0.548226
t_GA - R_GA * R_AB * t_BA
0 0 0
t_wo + cam_pos
1.03862 0.587009 0
Time
1558446234213
Theta
0.548226
t_GA - R_GA * R_AB * t_BA
0 0 0
t_wo + cam_pos
1.03862 0.587009 0
Time
1558446234263
Theta
0.548226
t_GA - R_GA * R_AB * t_BA
0 0 0
t_wo + cam_pos
1.03862 0.587009 0
Time
1558446234313
Theta
0.548226
t_GA - R_GA * R_AB * t_BA
0 0 0
t_wo + cam_pos
1.03862 0.587009 0
Time
1558446234364
Theta
0.548226
t_GA - R_GA * R_AB * t_BA
0 0 0
t_wo + cam_pos
1.03862 0.587009 0
Time
1558446234414
Theta
0.548226
t_GA - R_GA * R_AB * t_BA
0 0 0
t_wo + cam_pos
1.03862 0.587009 0
Time
1558446234464
Theta
0.548226
t_GA - R_GA * R_AB * t_BA
0 0 0
t_wo + cam_pos
1.03862 0.587009 0
Time
1558446234515
Theta
0.548226
t_GA - R_GA * R_AB * t_BA
0 0 0
t_wo + cam_pos
1.03862 0.587009 0
Time
1558446234565
Theta
0.548226
t_GA - R_GA * R_AB * t_BA
0 0 0
t_wo + cam_pos
1.03862 0.587009 0
Time
1558446234615
Theta
0.548226
t_GA - R_GA * R_AB * t_BA
0 0 0
t_wo + cam_pos
1.03862 0.587009 0
Time
1558446234666
Theta
0.548226
t_GA - R_GA * R_AB * t_BA
0 0 0
t_wo + cam_pos
1.03862 0.587009 0
Time
1558446234716
Theta
0.548226
t_GA - R_GA * R_AB * t_BA
0 0 0
t_wo + cam_pos
1.03862 0.587009 0
Time
1558446234767
Theta
0.548226
t_GA - R_GA * R_AB * t_BA
0 0 0
t_wo + cam_pos
1.03862 0.587009 0
Time
1558446234817
Theta
0.548226
t_GA - R_GA * R_AB * t_BA
0 0 0
t_wo + cam_pos
1.03862 0.587009 0
Time
1558446234867
Theta
0.548226
t_GA - R_GA * R_AB * t_BA
0 0 0
t_wo + cam_pos
1.03862 0.587009 0
Time
1558446234918
Theta
0.548226
t_GA - R_GA * R_AB * t_BA
0 0 0
t_wo + cam_pos
1.03862 0.587009 0
Time
1558446234968
Theta
0.548226
t_GA - R_GA * R_AB * t_BA
0 0 0
t_wo + cam_pos
1.03862 0.587009 0
Time
1558446235018
Theta
0.548226
t_GA - R_GA * R_AB * t_BA
0 0 0
t_wo + cam_pos
1.03862 0.587009 0
Time
1558446235069
Theta
0.548226
t_GA - R_GA * R_AB * t_BA
0 0 0
t_wo + cam_pos
1.03862 0.587009 0
Time
1558446235119
Theta
0.548226
t_GA - R_GA * R_AB * t_BA
0 0 0
t_wo + cam_pos
1.03862 0.587009 0
Time
1558446235169
Theta
0.548226
t_GA - R_GA * R_AB * t_BA
0 0 0
t_wo + cam_pos
1.03862 0.587009 0
Time
1558446235220
Theta
0.548226
t_GA - R_GA * R_AB * t_BA
0 0 0
t_wo + cam_pos
1.03862 0.587009 0
Time
1558446235270
Theta
0.548226
t_GA - R_GA * R_AB * t_BA
0 0 0
t_wo + cam_pos
1.03862 0.587009 0
Time
1558446235321
Theta
0.548226
t_GA - R_GA * R_AB * t_BA
0 0 0
t_wo + cam_pos
1.03862 0.587009 0
Time
1558446235371
Theta
0.548226
t_GA - R_GA * R_AB * t_BA
0 0 0
t_wo + cam_pos
1.03862 0.587009 0
Time
1558446235421
Theta
0.548226
t_GA - R_GA * R_AB * t_BA
0 0 0
t_wo + cam_pos
1.03862 0.587009 0
Time
1558446235472
Theta
0.548226
t_GA - R_GA * R_AB * t_BA
0 0 0
t_wo + cam_pos
1.03862 0.587009 0
Time
1558446235522
Theta
0.548226
t_GA - R_GA * R_AB * t_BA
0 0 0
t_wo + cam_pos
1.03862 0.587009 0
Time
1558446235572
Theta
0.548226
t_GA - R_GA * R_AB * t_BA
0 0 0
t_wo + cam_pos
1.03862 0.587009 0
Time
1558446235623
Theta
0.548226
t_GA - R_GA * R_AB * t_BA
0 0 0
t_wo + cam_pos
1.03862 0.587009 0
Time
1558446235673
Theta
0.548226
t_GA - R_GA * R_AB * t_BA
0 0 0
t_wo + cam_pos
1.03862 0.587009 0
Time
1558446235723
Theta
0.548226
t_GA - R_GA * R_AB * t_BA
0 0 0
t_wo + cam_pos
1.03862 0.587009 0
Time
1558446235774
Theta
0.548226
t_GA - R_GA * R_AB * t_BA
0 0 0
t_wo + cam_pos
1.03862 0.587009 0
Time
1558446235824
Theta
0.548226
t_GA - R_GA * R_AB * t_BA
0 0 0
t_wo + cam_pos
1.03862 0.587009 0
Time
1558446235875
Theta
0.548226
t_GA - R_GA * R_AB * t_BA
0 0 0
t_wo + cam_pos
1.03862 0.587009 0
Time
1558446235925
Theta
0.548226
t_GA - R_GA * R_AB * t_BA
0 0 0
t_wo + cam_pos
1.03862 0.587009 0
Time
1558446235975
Theta
0.548226
t_GA - R_GA * R_AB * t_BA
0 0 0
t_wo + cam_pos
1.03862 0.587009 0
Time
1558446236026
Theta
0.548226
t_GA - R_GA * R_AB * t_BA
0 0 0
t_wo + cam_pos
1.03862 0.587009 0
Time
1558446236076
Theta
0.548226
t_GA - R_GA * R_AB * t_BA
0 0 0
t_wo + cam_pos
1.03862 0.587009 0
Time
1558446236126
Theta
0.548226
t_GA - R_GA * R_AB * t_BA
0 0 0
t_wo + cam_pos
1.03862 0.587009 0
Time
1558446236177
Theta
0.548226
t_GA - R_GA * R_AB * t_BA
0 0 0
t_wo + cam_pos
1.03862 0.587009 0
Time
1558446236227
Theta
0.548226
t_GA - R_GA * R_AB * t_BA
0 0 0
t_wo + cam_pos
1.03862 0.587009 0
Time
1558446236278
Theta
0.548226
t_GA - R_GA * R_AB * t_BA
0 0 0
t_wo + cam_pos
1.03862 0.587009 0
Time
1558446236328
Theta
0.548226
t_GA - R_GA * R_AB * t_BA
0 0 0
t_wo + cam_pos
1.03862 0.587009 0
Time
1558446236378
Theta
0.548226
t_GA - R_GA * R_AB * t_BA
0 0 0
t_wo + cam_pos
1.03862 0.587009 0
Time
1558446236429
Theta
0.548226
t_GA - R_GA * R_AB * t_BA
0 0 0
t_wo + cam_pos
1.03862 0.587009 0
Time
1558446236479
Theta
0.548226
t_GA - R_GA * R_AB * t_BA
0 0 0
t_wo + cam_pos
1.03862 0.587009 0
Time
1558446236529
Theta
0.548226
t_GA - R_GA * R_AB * t_BA
0 0 0
t_wo + cam_pos
1.03862 0.587009 0
Time
1558446236580
Theta
0.548226
t_GA - R_GA * R_AB * t_BA
0 0 0
t_wo + cam_pos
1.03862 0.587009 0
Time
1558446236630
Theta
0.548226
t_GA - R_GA * R_AB * t_BA
0 0 0
t_wo + cam_pos
1.03862 0.587009 0
Time
1558446236680
Theta
0.548226
t_GA - R_GA * R_AB * t_BA
0 0 0
t_wo + cam_pos
1.03862 0.587009 0
Time
1558446236731
Theta
0.548226
t_GA - R_GA * R_AB * t_BA
0 0 0
t_wo + cam_pos
1.03862 0.587009 0
Time
1558446236781
Theta
0.548226
t_GA - R_GA * R_AB * t_BA
0 0 0
t_wo + cam_pos
1.03862 0.587009 0
Time
1558446236831
Theta
0.548226
t_GA - R_GA * R_AB * t_BA
0 0 0
t_wo + cam_pos
1.03862 0.587009 0
Time
1558446236882
Theta
0.548226
t_GA - R_GA * R_AB * t_BA
0 0 0
t_wo + cam_pos
1.03862 0.587009 0
Time
1558446236932
Theta
0.548226
t_GA - R_GA * R_AB * t_BA
0 0 0
t_wo + cam_pos
1.03862 0.587009 0
Time
1558446236982
Theta
0.548226
t_GA - R_GA * R_AB * t_BA
0 0 0
t_wo + cam_pos
1.03862 0.587009 0
Time
1558446237033
Theta
0.548226
t_GA - R_GA * R_AB * t_BA
0 0 0
t_wo + cam_pos
1.03862 0.587009 0
Time
1558446237083
Theta
0.548226
t_GA - R_GA * R_AB * t_BA
0 0 0
t_wo + cam_pos
1.03862 0.587009 0
Time
1558446237133
Theta
0.548226
t_GA - R_GA * R_AB * t_BA
0 0 0
t_wo + cam_pos
1.03862 0.587009 0
Time
1558446237184
Theta
0.548226
t_GA - R_GA * R_AB * t_BA
0 0 0
t_wo + cam_pos
1.03862 0.587009 0
Time
1558446237234
Theta
0.548226
t_GA - R_GA * R_AB * t_BA
0 0 0
t_wo + cam_pos
1.03862 0.587009 0
Time
1558446237284
Theta
0.548226
t_GA - R_GA * R_AB * t_BA
0 0 0
t_wo + cam_pos
1.03862 0.587009 0
Time
1558446237335
Theta
0.548226
t_GA - R_GA * R_AB * t_BA
0 0 0
t_wo + cam_pos
1.03862 0.587009 0
Time
1558446237385
Theta
0.548226
t_GA - R_GA * R_AB * t_BA
0 0 0
t_wo + cam_pos
1.03862 0.587009 0
Time
1558446237435
Theta
0.548226
t_GA - R_GA * R_AB * t_BA
0 0 0
t_wo + cam_pos
1.03862 0.587009 0
Time
1558446237486
Theta
0.548226
t_GA - R_GA * R_AB * t_BA
0 0 0
t_wo + cam_pos
1.03862 0.587009 0
Time
1558446237536
Theta
0.548226
t_GA - R_GA * R_AB * t_BA
0 0 0
t_wo + cam_pos
1.03862 0.587009 0
Time
1558446237587
Theta
0.548226
t_GA - R_GA * R_AB * t_BA
0 0 0
t_wo + cam_pos
1.03862 0.587009 0
Time
1558446237637
Theta
0.548226
t_GA - R_GA * R_AB * t_BA
0 0 0
t_wo + cam_pos
1.03862 0.587009 0
Time
1558446237687
Theta
0.548226
t_GA - R_GA * R_AB * t_BA
0 0 0
t_wo + cam_pos
1.03862 0.587009 0
Time
1558446237738
Theta
0.548226
t_GA - R_GA * R_AB * t_BA
0 0 0
t_wo + cam_pos
1.03862 0.587009 0
Time
1558446237788
Theta
0.548226
t_GA - R_GA * R_AB * t_BA
0 0 0
t_wo + cam_pos
1.03862 0.587009 0
Time
1558446237838
Theta
0.548226
t_GA - R_GA * R_AB * t_BA
0 0 0
t_wo + cam_pos
1.03862 0.587009 0
Time
1558446237889
Theta
0.548226
t_GA - R_GA * R_AB * t_BA
0 0 0
t_wo + cam_pos
1.03862 0.587009 0
Time
1558446237939
Theta
0.548226
t_GA - R_GA * R_AB * t_BA
0 0 0
t_wo + cam_pos
1.03862 0.587009 0
Time
1558446237989
Theta
0.548226
t_GA - R_GA * R_AB * t_BA
0 0 0
t_wo + cam_pos
1.03862 0.587009 0
Time
1558446238040
Theta
0.548226
