t_GA - R_GA * R_AB * t_BA
0 0 0
t_wo + t_wo_cam
0.9 0 0
Time
1558538852291
Theta
0
t_GA - R_GA * R_AB * t_BA
0 0 0
t_wo + t_wo_cam
0.9 0 0
Time
1558538852342
Theta
0
t_GA - R_GA * R_AB * t_BA
0 0 0
t_wo + t_wo_cam
0.9 0 0
Time
1558538852392
Theta
0
t_GA - R_GA * R_AB * t_BA
0 0 0
t_wo + t_wo_cam
0.928377 -0.0512561 0
Time
1558538852443
Theta
-0.0551545
t_GA - R_GA * R_AB * t_BA
0 0 0
t_wo + t_wo_cam
0.928377 -0.0512561 0
Time
1558538852494
Theta
-0.0551545
t_GA - R_GA * R_AB * t_BA
0 0 0
t_wo + t_wo_cam
0.928377 -0.0512561 0
Time
1558538852545
Theta
-0.0551545
t_GA - R_GA * R_AB * t_BA
0 0 0
t_wo + t_wo_cam
0.928377 -0.0512561 0
Time
1558538852596
Theta
-0.0551545
t_GA - R_GA * R_AB * t_BA
0 0 0
t_wo + t_wo_cam
0.928377 -0.0512561 0
Time
1558538852647
Theta
-0.0551545
t_GA - R_GA * R_AB * t_BA
0 0 0
t_wo + t_wo_cam
0.928377 -0.0512561 0
Time
1558538852698
Theta
-0.0551545
t_GA - R_GA * R_AB * t_BA
0 0 0
t_wo + t_wo_cam
0.928377 -0.0512561 0
Time
1558538852749
Theta
-0.0551545
t_GA - R_GA * R_AB * t_BA
0 0 0
t_wo + t_wo_cam
0.959537 -0.00164227 0
Time
1558538852800
Theta
0
t_GA - R_GA * R_AB * t_BA
0 0 0
t_wo + t_wo_cam
0.959537 -0.00164227 0
Time
1558538852850
Theta
0
t_GA - R_GA * R_AB * t_BA
0 0 0
t_wo + t_wo_cam
0.987914 -0.0528984 0
Time
1558538852902
Theta
-0.0551545
t_GA - R_GA * R_AB * t_BA
0 0 0
t_wo + t_wo_cam
0.987914 -0.0528984 0
Time
1558538852953
Theta
-0.0551545
t_GA - R_GA * R_AB * t_BA
0 0 0
t_wo + t_wo_cam
0.987914 -0.0528984 0
Time
1558538853004
Theta
-0.0551545
t_GA - R_GA * R_AB * t_BA
0 0 0
t_wo + t_wo_cam
0.987914 -0.0528984 0
Time
1558538853055
Theta
-0.0551545
t_GA - R_GA * R_AB * t_BA
0 0 0
t_wo + t_wo_cam
0.987914 -0.0528984 0
Time
1558538853106
Theta
-0.0551545
t_GA - R_GA * R_AB * t_BA
0 0 0
t_wo + t_wo_cam
1.01907 -0.00328454 0
Time
1558538853157
Theta
0
t_GA - R_GA * R_AB * t_BA
0 0 0
t_wo + t_wo_cam
1.01907 -0.00328454 0
Time
1558538853208
Theta
0
t_GA - R_GA * R_AB * t_BA
0 0 0
t_wo + t_wo_cam
1.04745 -0.0545407 0
Time
1558538853259
Theta
-0.0551545
t_GA - R_GA * R_AB * t_BA
0 0 0
t_wo + t_wo_cam
1.04745 -0.0545407 0
Time
1558538853310
Theta
-0.0551545
t_GA - R_GA * R_AB * t_BA
0 0 0
t_wo + t_wo_cam
1.04745 -0.0545407 0
Time
1558538853361
Theta
-0.0551545
t_GA - R_GA * R_AB * t_BA
0 0 0
t_wo + t_wo_cam
1.04745 -0.0545407 0
Time
1558538853412
Theta
-0.0551545
t_GA - R_GA * R_AB * t_BA
0 0 0
t_wo + t_wo_cam
1.04745 -0.0545407 0
Time
1558538853463
Theta
-0.0551545
t_GA - R_GA * R_AB * t_BA
0 0 0
t_wo + t_wo_cam
1.04745 -0.0545407 0
Time
1558538853514
Theta
-0.0551545
t_GA - R_GA * R_AB * t_BA
0 0 0
t_wo + t_wo_cam
1.07861 -0.00492682 0
Time
1558538853565
Theta
0
t_GA - R_GA * R_AB * t_BA
0 0 0
t_wo + t_wo_cam
1.10699 -0.0561829 0
Time
1558538853616
Theta
-0.0551545
t_GA - R_GA * R_AB * t_BA
0 0 0
t_wo + t_wo_cam
1.10699 -0.0561829 0
Time
1558538853668
Theta
-0.0551545
t_GA - R_GA * R_AB * t_BA
0 0 0
t_wo + t_wo_cam
1.10699 -0.0561829 0
Time
1558538853719
Theta
-0.0551545
t_GA - R_GA * R_AB * t_BA
0 0 0
t_wo + t_wo_cam
1.10699 -0.0561829 0
Time
1558538853770
Theta
-0.0551545
t_GA - R_GA * R_AB * t_BA
0 0 0
t_wo + t_wo_cam
1.10699 -0.0561829 0
Time
1558538853821
Theta
-0.0551545
t_GA - R_GA * R_AB * t_BA
0 0 0
t_wo + t_wo_cam
1.10699 -0.0561829 0
Time
1558538853872
Theta
-0.0551545
t_GA - R_GA * R_AB * t_BA
0 0 0
t_wo + t_wo_cam
1.13815 -0.00656909 0
Time
1558538853923
Theta
0
t_GA - R_GA * R_AB * t_BA
0 0 0
t_wo + t_wo_cam
1.13815 -0.00656909 0
Time
1558538853974
Theta
0
t_GA - R_GA * R_AB * t_BA
0 0 0
t_wo + t_wo_cam
1.16652 -0.0578252 0
Time
1558538854025
Theta
-0.0551545
t_GA - R_GA * R_AB * t_BA
0 0 0
t_wo + t_wo_cam
1.16652 -0.0578252 0
Time
1558538854076
Theta
-0.0551545
t_GA - R_GA * R_AB * t_BA
0 0 0
t_wo + t_wo_cam
1.16652 -0.0578252 0
Time
1558538854127
Theta
-0.0551545
t_GA - R_GA * R_AB * t_BA
0 0 0
t_wo + t_wo_cam
1.16652 -0.0578252 0
Time
1558538854178
Theta
-0.0551545
t_GA - R_GA * R_AB * t_BA
0 0 0
t_wo + t_wo_cam
1.16652 -0.0578252 0
Time
1558538854229
Theta
-0.0551545
t_GA - R_GA * R_AB * t_BA
0 0 0
t_wo + t_wo_cam
1.19768 -0.00821136 0
Time
1558538854280
Theta
0
t_GA - R_GA * R_AB * t_BA
0 0 0
t_wo + t_wo_cam
1.22606 -0.0594675 0
Time
1558538854331
Theta
-0.0551545
t_GA - R_GA * R_AB * t_BA
0 0 0
t_wo + t_wo_cam
1.22606 -0.0594675 0
Time
1558538854382
Theta
-0.0551545
t_GA - R_GA * R_AB * t_BA
0 0 0
t_wo + t_wo_cam
1.22606 -0.0594675 0
Time
1558538854433
Theta
-0.0551545
t_GA - R_GA * R_AB * t_BA
0 0 0
t_wo + t_wo_cam
1.22606 -0.0594675 0
Time
1558538854484
Theta
-0.0551545
t_GA - R_GA * R_AB * t_BA
0 0 0
t_wo + t_wo_cam
1.22606 -0.0594675 0
Time
1558538854535
Theta
-0.0551545
t_GA - R_GA * R_AB * t_BA
0 0 0
t_wo + t_wo_cam
1.22606 -0.0594675 0
Time
1558538854586
Theta
-0.0551545
t_GA - R_GA * R_AB * t_BA
0 0 0
t_wo + t_wo_cam
1.22606 -0.0594675 0
Time
1558538854637
Theta
-0.0551545
t_GA - R_GA * R_AB * t_BA
0 0 0
t_wo + t_wo_cam
1.25722 -0.00985363 0
Time
1558538854688
Theta
0
t_GA - R_GA * R_AB * t_BA
0 0 0
t_wo + t_wo_cam
1.25722 -0.00985363 0
Time
1558538854739
Theta
0
t_GA - R_GA * R_AB * t_BA
0 0 0
t_wo + t_wo_cam
1.2856 -0.0611098 0
Time
1558538854790
Theta
-0.0551545
t_GA - R_GA * R_AB * t_BA
0 0 0
t_wo + t_wo_cam
1.2856 -0.0611098 0
Time
1558538854841
Theta
-0.0551545
t_GA - R_GA * R_AB * t_BA
0 0 0
t_wo + t_wo_cam
1.2856 -0.0611098 0
Time
1558538854892
Theta
-0.0551545
t_GA - R_GA * R_AB * t_BA
0 0 0
t_wo + t_wo_cam
1.2856 -0.0611098 0
Time
1558538854943
Theta
-0.0551545
t_GA - R_GA * R_AB * t_BA
0 0 0
t_wo + t_wo_cam
1.2856 -0.0611098 0
Time
1558538854994
Theta
-0.0551545
t_GA - R_GA * R_AB * t_BA
0 0 0
t_wo + t_wo_cam
1.31676 -0.0114959 0
Time
1558538855045
Theta
0
t_GA - R_GA * R_AB * t_BA
0 0 0
t_wo + t_wo_cam
1.31676 -0.0114959 0
Time
1558538855096
Theta
0
t_GA - R_GA * R_AB * t_BA
0 0 0
t_wo + t_wo_cam
1.34513 -0.062752 0
Time
1558538855148
Theta
-0.0551545
t_GA - R_GA * R_AB * t_BA
0 0 0
t_wo + t_wo_cam
1.34513 -0.062752 0
Time
1558538855199
Theta
-0.0551545
t_GA - R_GA * R_AB * t_BA
0 0 0
t_wo + t_wo_cam
1.34513 -0.062752 0
Time
1558538855250
Theta
-0.0551545
t_GA - R_GA * R_AB * t_BA
0 0 0
t_wo + t_wo_cam
1.34513 -0.062752 0
Time
1558538855301
Theta
-0.0551545
t_GA - R_GA * R_AB * t_BA
0 0 0
t_wo + t_wo_cam
1.34513 -0.062752 0
Time
1558538855352
Theta
-0.0551545
t_GA - R_GA * R_AB * t_BA
0 0 0
t_wo + t_wo_cam
1.34513 -0.062752 0
Time
1558538855403
Theta
-0.0551545
t_GA - R_GA * R_AB * t_BA
0 0 0
t_wo + t_wo_cam
1.37629 -0.0131382 0
Time
1558538855454
Theta
0
t_GA - R_GA * R_AB * t_BA
0 0 0
t_wo + t_wo_cam
1.37629 -0.0131382 0
Time
1558538855505
Theta
0
t_GA - R_GA * R_AB * t_BA
0 0 0
t_wo + t_wo_cam
1.37629 -0.0131382 0
Time
1558538855556
Theta
0
t_GA - R_GA * R_AB * t_BA
0 0 0
t_wo + t_wo_cam
1.37629 -0.0131382 0
Time
1558538855607
Theta
0
t_GA - R_GA * R_AB * t_BA
0 0 0
t_wo + t_wo_cam
1.37629 -0.0131382 0
Time
1558538855658
Theta
0
t_GA - R_GA * R_AB * t_BA
0 0 0
t_wo + t_wo_cam
1.37629 -0.0131382 0
Time
1558538855709
Theta
0
t_GA - R_GA * R_AB * t_BA
0 0 0
t_wo + t_wo_cam
1.40467 0.038118 0
Time
1558538855760
Theta
0.0551545
t_GA - R_GA * R_AB * t_BA
0 0 0
t_wo + t_wo_cam
1.40467 0.038118 0
Time
1558538855811
Theta
0.0551545
t_GA - R_GA * R_AB * t_BA
0 0 0
t_wo + t_wo_cam
1.40467 0.038118 0
Time
1558538855862
Theta
0.0551545
t_GA - R_GA * R_AB * t_BA
0 0 0
t_wo + t_wo_cam
1.43583 -0.0114959 0
Time
1558538855913
Theta
0
t_GA - R_GA * R_AB * t_BA
0 0 0
t_wo + t_wo_cam
1.43583 -0.0114959 0
Time
1558538855963
Theta
0
t_GA - R_GA * R_AB * t_BA
0 0 0
t_wo + t_wo_cam
1.43583 -0.0114959 0
Time
1558538856014
Theta
0
t_GA - R_GA * R_AB * t_BA
0 0 0
t_wo + t_wo_cam
1.43583 -0.0114959 0
Time
1558538856065
Theta
0
t_GA - R_GA * R_AB * t_BA
0 0 0
t_wo + t_wo_cam
1.43583 -0.0114959 0
Time
1558538856116
Theta
0
t_GA - R_GA * R_AB * t_BA
0 0 0
t_wo + t_wo_cam
1.46421 0.0397602 0
Time
1558538856167
Theta
0.0551545
t_GA - R_GA * R_AB * t_BA
0 0 0
t_wo + t_wo_cam
1.46421 0.0397602 0
Time
1558538856217
Theta
0.0551545
t_GA - R_GA * R_AB * t_BA
0 0 0
t_wo + t_wo_cam
1.49537 -0.00985363 0
Time
1558538856268
Theta
0
t_GA - R_GA * R_AB * t_BA
0 0 0
t_wo + t_wo_cam
1.49537 -0.00985363 0
Time
1558538856319
Theta
0
t_GA - R_GA * R_AB * t_BA
0 0 0
t_wo + t_wo_cam
1.49537 -0.00985363 0
Time
1558538856370
Theta
0
t_GA - R_GA * R_AB * t_BA
0 0 0
t_wo + t_wo_cam
1.49537 -0.00985363 0
Time
1558538856420
Theta
0
t_GA - R_GA * R_AB * t_BA
0 0 0
t_wo + t_wo_cam
1.49537 -0.00985363 0
Time
1558538856471
Theta
0
t_GA - R_GA * R_AB * t_BA
0 0 0
t_wo + t_wo_cam
1.49537 -0.00985363 0
Time
1558538856522
Theta
0
t_GA - R_GA * R_AB * t_BA
0 0 0
t_wo + t_wo_cam
1.49537 -0.00985363 0
Time
1558538856573
Theta
0
t_GA - R_GA * R_AB * t_BA
0 0 0
t_wo + t_wo_cam
1.52374 0.0414025 0
Time
1558538856623
Theta
0.0551545
t_GA - R_GA * R_AB * t_BA
0 0 0
t_wo + t_wo_cam
1.52374 0.0414025 0
Time
1558538856674
Theta
0.0551545
t_GA - R_GA * R_AB * t_BA
0 0 0
t_wo + t_wo_cam
1.5549 -0.00821136 0
Time
1558538856725
Theta
0
t_GA - R_GA * R_AB * t_BA
0 0 0
t_wo + t_wo_cam
1.5549 -0.00821136 0
Time
1558538856776
Theta
0
t_GA - R_GA * R_AB * t_BA
0 0 0
t_wo + t_wo_cam
1.5549 -0.00821136 0
Time
1558538856827
Theta
0
t_GA - R_GA * R_AB * t_BA
0 0 0
t_wo + t_wo_cam
1.5549 -0.00821136 0
Time
1558538856877
Theta
0
t_GA - R_GA * R_AB * t_BA
0 0 0
t_wo + t_wo_cam
1.5549 -0.00821136 0
Time
1558538856928
Theta
0
t_GA - R_GA * R_AB * t_BA
0 0 0
t_wo + t_wo_cam
1.5549 -0.00821136 0
Time
1558538856979
Theta
0
t_GA - R_GA * R_AB * t_BA
0 0 0
t_wo + t_wo_cam
1.5549 -0.00821136 0
Time
1558538857030
Theta
0
t_GA - R_GA * R_AB * t_BA
0 0 0
t_wo + t_wo_cam
1.58328 0.0430448 0
Time
1558538857080
Theta
0.0551545
t_GA - R_GA * R_AB * t_BA
0 0 0
t_wo + t_wo_cam
1.61444 -0.00656909 0
Time
1558538857131
Theta
0
t_GA - R_GA * R_AB * t_BA
0 0 0
t_wo + t_wo_cam
1.61444 -0.00656909 0
Time
1558538857165
Theta
0
