t_GA - R_GA * R_AB * t_BA
0 0 0
t_wo + t_wo_cam
0.9 0 0
Time
1558452967719
Theta
0
t_GA - R_GA * R_AB * t_BA
0 0 0
t_wo + t_wo_cam
0.9 0 0
Time
1558452967787
Theta
0
t_GA - R_GA * R_AB * t_BA
0 0 0
t_wo + t_wo_cam
0.9 0 0
Time
1558452967865
Theta
0
t_GA - R_GA * R_AB * t_BA
0 0 0
t_wo + t_wo_cam
0.9 0 0
Time
1558452967943
Theta
0
t_GA - R_GA * R_AB * t_BA
0 0 0
t_wo + t_wo_cam
0.9 0 0
Time
1558452968021
Theta
0
t_GA - R_GA * R_AB * t_BA
0 0 0
t_wo + t_wo_cam
0.9 0 0
Time
1558452968103
Theta
0
t_GA - R_GA * R_AB * t_BA
0 0 0
t_wo + t_wo_cam
0.9 0 0
Time
1558452968176
Theta
0
t_GA - R_GA * R_AB * t_BA
0 0 0
t_wo + t_wo_cam
0.9 0 0
Time
1558452968254
Theta
0
t_GA - R_GA * R_AB * t_BA
0 0 0
t_wo + t_wo_cam
0.9 0 0
Time
1558452968332
Theta
0
t_GA - R_GA * R_AB * t_BA
0 0 0
t_wo + t_wo_cam
0.9 0 0
Time
1558452968410
Theta
0
t_GA - R_GA * R_AB * t_BA
0 0 0
t_wo + t_wo_cam
0.9 0 0
Time
1558452968488
Theta
0
t_GA - R_GA * R_AB * t_BA
0 0 0
t_wo + t_wo_cam
0.9 0 0
Time
1558452968565
Theta
0
t_GA - R_GA * R_AB * t_BA
0 0 0
t_wo + t_wo_cam
0.9 0 0
Time
1558452968643
Theta
0
t_GA - R_GA * R_AB * t_BA
-0.0846385 1.82014 -0.173643
t_wo + t_wo_cam
-0.0846385 1.82014 -0.173643
Time
1558452968721
Theta
-1.5708
t_GA - R_GA * R_AB * t_BA
-0.0879661 1.82027 -0.172647
t_wo + t_wo_cam
-0.0879661 1.82027 -0.172647
Time
1558452968799
Theta
-1.5708
t_GA - R_GA * R_AB * t_BA
-0.0677408 1.82309 -0.162695
t_wo + t_wo_cam
-0.0677408 1.82309 -0.162695
Time
1558452968877
Theta
-1.5708
t_GA - R_GA * R_AB * t_BA
-0.0733301 1.82057 -0.182389
t_wo + t_wo_cam
-0.0733301 1.82057 -0.182389
Time
1558452968963
Theta
-1.5708
t_GA - R_GA * R_AB * t_BA
-0.0805799 1.81954 -0.18207
t_wo + t_wo_cam
-0.0805799 1.81954 -0.18207
Time
1558452969037
Theta
-1.5708
t_GA - R_GA * R_AB * t_BA
-0.074366 1.8202 -0.18174
t_wo + t_wo_cam
-0.074366 1.8202 -0.18174
Time
1558452969114
Theta
-1.5708
t_GA - R_GA * R_AB * t_BA
-0.092069 1.82028 -0.174737
t_wo + t_wo_cam
-0.092069 1.82028 -0.174737
Time
1558452969192
Theta
-1.5708
t_GA - R_GA * R_AB * t_BA
-0.097044 1.81825 -0.182568
t_wo + t_wo_cam
-0.097044 1.81825 -0.182568
Time
1558452969270
Theta
-1.5708
t_GA - R_GA * R_AB * t_BA
-0.0527585 1.81969 -0.192239
t_wo + t_wo_cam
-0.097044 1.81825 -0.182568
Time
1558452969348
Theta
-1.5708
t_GA - R_GA * R_AB * t_BA
-0.0858537 1.82028 -0.175029
t_wo + t_wo_cam
-0.0527585 1.81969 -0.192239
Time
1558452969426
Theta
-1.5708
t_GA - R_GA * R_AB * t_BA
-0.0560011 1.82028 -0.188754
t_wo + t_wo_cam
-0.0858537 1.82028 -0.175029
Time
1558452969503
Theta
-1.5708
t_GA - R_GA * R_AB * t_BA
-0.0419338 1.82192 -0.178804
t_wo + t_wo_cam
-0.0560011 1.82028 -0.188754
Time
1558452969581
Theta
-1.5708
t_GA - R_GA * R_AB * t_BA
-0.0570319 1.82144 -0.180634
t_wo + t_wo_cam
-0.0419338 1.82192 -0.178804
Time
1558452969659
Theta
-1.5708
t_GA - R_GA * R_AB * t_BA
-0.0570319 1.82144 -0.180634
t_wo + t_wo_cam
-0.0570319 1.82144 -0.180634
Time
1558452969737
Theta
-1.5708
t_GA - R_GA * R_AB * t_BA
-0.0818452 1.82118 -0.170646
t_wo + t_wo_cam
-0.0818452 1.82118 -0.170646
Time
1558452969815
Theta
-1.5708
t_GA - R_GA * R_AB * t_BA
-0.101018 1.81923 -0.172924
t_wo + t_wo_cam
-0.101018 1.81923 -0.172924
Time
1558452969893
Theta
-1.5708
t_GA - R_GA * R_AB * t_BA
-0.0855242 1.81804 -0.19056
t_wo + t_wo_cam
-0.0855242 1.81804 -0.19056
Time
1558452969970
Theta
-1.5708
t_GA - R_GA * R_AB * t_BA
-0.0766009 1.81706 -0.199341
t_wo + t_wo_cam
-0.0855242 1.81804 -0.19056
Time
1558452970048
Theta
-1.5708
t_GA - R_GA * R_AB * t_BA
-0.0771745 1.81621 -0.202833
t_wo + t_wo_cam
-0.0766009 1.81706 -0.199341
Time
1558452970126
Theta
-1.5708
t_GA - R_GA * R_AB * t_BA
-0.075128 1.81717 -0.200444
t_wo + t_wo_cam
-0.0771745 1.81621 -0.202833
Time
1558452970204
Theta
-1.5708
t_GA - R_GA * R_AB * t_BA
-0.075128 1.81717 -0.200444
t_wo + t_wo_cam
-0.075128 1.81717 -0.200444
Time
1558452970282
Theta
-1.5708
t_GA - R_GA * R_AB * t_BA
-0.0680626 1.82116 -0.178073
t_wo + t_wo_cam
-0.0680626 1.82116 -0.178073
Time
1558452970359
Theta
-1.5708
t_GA - R_GA * R_AB * t_BA
-0.0528825 1.82148 -0.180611
t_wo + t_wo_cam
-0.0528825 1.82148 -0.180611
Time
1558452970437
Theta
-1.5708
t_GA - R_GA * R_AB * t_BA
-0.0579257 1.82104 -0.183383
t_wo + t_wo_cam
-0.0528825 1.82148 -0.180611
Time
1558452970515
Theta
-1.5708
t_GA - R_GA * R_AB * t_BA
-0.0695256 1.82132 -0.175301
t_wo + t_wo_cam
-0.0579257 1.82104 -0.183383
Time
1558452970593
Theta
-1.5708
t_GA - R_GA * R_AB * t_BA
-0.0734927 1.82057 -0.180188
t_wo + t_wo_cam
-0.0695256 1.82132 -0.175301
Time
1558452970671
Theta
-1.5708
t_GA - R_GA * R_AB * t_BA
-0.0734927 1.82057 -0.180188
t_wo + t_wo_cam
-0.0734927 1.82057 -0.180188
Time
1558452970749
Theta
-1.5708
t_GA - R_GA * R_AB * t_BA
-0.0578098 1.82321 -0.171313
t_wo + t_wo_cam
-0.0578098 1.82321 -0.171313
Time
1558452970826
Theta
-1.5708
t_GA - R_GA * R_AB * t_BA
-0.0555006 1.8185 -0.202135
t_wo + t_wo_cam
-0.0578098 1.82321 -0.171313
Time
1558452970904
Theta
-1.5708
t_GA - R_GA * R_AB * t_BA
-0.0555006 1.8185 -0.202135
t_wo + t_wo_cam
-0.0555006 1.8185 -0.202135
Time
1558452970982
Theta
-1.5708
t_GA - R_GA * R_AB * t_BA
-0.0936913 1.82005 -0.170478
t_wo + t_wo_cam
-0.0936913 1.82005 -0.170478
Time
1558452971060
Theta
-1.5708
t_GA - R_GA * R_AB * t_BA
-0.0702712 1.8218 -0.174427
t_wo + t_wo_cam
-0.0702712 1.8218 -0.174427
Time
1558452971138
Theta
-1.5708
t_GA - R_GA * R_AB * t_BA
-0.0754663 1.8211 -0.177192
t_wo + t_wo_cam
-0.0754663 1.8211 -0.177192
Time
1558452971216
Theta
-1.5708
t_GA - R_GA * R_AB * t_BA
-0.0845314 1.82094 -0.169214
t_wo + t_wo_cam
-0.0754663 1.8211 -0.177192
Time
1558452971297
Theta
-1.5708
t_GA - R_GA * R_AB * t_BA
-0.0762964 1.82259 -0.16518
t_wo + t_wo_cam
-0.0845314 1.82094 -0.169214
Time
1558452971375
Theta
-1.5708
t_GA - R_GA * R_AB * t_BA
-0.0727579 1.82261 -0.167493
t_wo + t_wo_cam
-0.0762964 1.82259 -0.16518
Time
1558452971453
Theta
-1.5708
t_GA - R_GA * R_AB * t_BA
-0.081569 1.82319 -0.156407
t_wo + t_wo_cam
-0.0727579 1.82261 -0.167493
Time
1558452971531
Theta
-1.5708
t_GA - R_GA * R_AB * t_BA
-0.0717663 1.82002 -0.182938
t_wo + t_wo_cam
-0.081569 1.82319 -0.156407
Time
1558452971608
Theta
-1.5708
t_GA - R_GA * R_AB * t_BA
-0.0565756 1.82228 -0.174282
t_wo + t_wo_cam
-0.0717663 1.82002 -0.182938
Time
1558452971686
Theta
-1.5708
t_GA - R_GA * R_AB * t_BA
-0.0565756 1.82228 -0.174282
t_wo + t_wo_cam
-0.0565756 1.82228 -0.174282
Time
1558452971764
Theta
-1.5708
t_GA - R_GA * R_AB * t_BA
-0.0844088 1.81904 -0.182484
t_wo + t_wo_cam
-0.0844088 1.81904 -0.182484
Time
1558452971842
Theta
-1.5708
t_GA - R_GA * R_AB * t_BA
-0.062627 1.82514 -0.153258
t_wo + t_wo_cam
-0.062627 1.82514 -0.153258
Time
1558452971920
Theta
-1.5708
t_GA - R_GA * R_AB * t_BA
-0.0756858 1.82255 -0.164361
t_wo + t_wo_cam
-0.0756858 1.82255 -0.164361
Time
1558452971997
Theta
-1.5708
t_GA - R_GA * R_AB * t_BA
-0.0799697 1.82128 -0.170667
t_wo + t_wo_cam
-0.0799697 1.82128 -0.170667
Time
1558452972075
Theta
-1.5708
t_GA - R_GA * R_AB * t_BA
-0.0628725 1.82202 -0.173983
t_wo + t_wo_cam
-0.0628725 1.82202 -0.173983
Time
1558452972153
Theta
-1.5708
t_GA - R_GA * R_AB * t_BA
-0.0723307 1.82099 -0.17564
t_wo + t_wo_cam
-0.0628725 1.82202 -0.173983
Time
1558452972231
Theta
-1.5708
t_GA - R_GA * R_AB * t_BA
-0.0723307 1.82099 -0.17564
t_wo + t_wo_cam
-0.0723307 1.82099 -0.17564
Time
1558452972308
Theta
-1.5708
t_GA - R_GA * R_AB * t_BA
-0.0882507 1.82047 -0.173599
t_wo + t_wo_cam
-0.0882507 1.82047 -0.173599
Time
1558452972386
Theta
-1.5708
t_GA - R_GA * R_AB * t_BA
-0.0763333 1.82259 -0.16152
t_wo + t_wo_cam
-0.0763333 1.82259 -0.16152
Time
1558452972464
Theta
-1.5708
t_GA - R_GA * R_AB * t_BA
-0.0791505 1.82218 -0.163265
t_wo + t_wo_cam
-0.0763333 1.82259 -0.16152
Time
1558452972542
Theta
-1.5708
t_GA - R_GA * R_AB * t_BA
-0.0498282 1.82283 -0.174708
t_wo + t_wo_cam
-0.0791505 1.82218 -0.163265
Time
1558452972620
Theta
-1.5708
t_GA - R_GA * R_AB * t_BA
-0.0498282 1.82283 -0.174708
t_wo + t_wo_cam
-0.0498282 1.82283 -0.174708
Time
1558452972697
Theta
-1.5708
t_GA - R_GA * R_AB * t_BA
-0.0556933 1.82254 -0.174931
t_wo + t_wo_cam
-0.0556933 1.82254 -0.174931
Time
1558452972775
Theta
-1.5708
t_GA - R_GA * R_AB * t_BA
-0.0642255 1.82191 -0.173288
t_wo + t_wo_cam
-0.0642255 1.82191 -0.173288
Time
1558452972853
Theta
-1.5708
t_GA - R_GA * R_AB * t_BA
-0.0799776 1.82101 -0.17352
t_wo + t_wo_cam
-0.0642255 1.82191 -0.173288
Time
1558452972931
Theta
-1.5708
t_GA - R_GA * R_AB * t_BA
-0.0799776 1.82101 -0.17352
t_wo + t_wo_cam
-0.0799776 1.82101 -0.17352
Time
1558452973009
Theta
-1.5708
t_GA - R_GA * R_AB * t_BA
-0.089218 1.8206 -0.17001
t_wo + t_wo_cam
-0.089218 1.8206 -0.17001
Time
1558452973086
Theta
-1.5708
t_GA - R_GA * R_AB * t_BA
-0.0640102 1.82176 -0.176658
t_wo + t_wo_cam
-0.089218 1.8206 -0.17001
Time
1558452973164
Theta
-1.5708
t_GA - R_GA * R_AB * t_BA
-0.0640102 1.82176 -0.176658
t_wo + t_wo_cam
-0.0640102 1.82176 -0.176658
Time
1558452973242
Theta
-1.5708
t_GA - R_GA * R_AB * t_BA
-0.0523935 1.82385 -0.16604
t_wo + t_wo_cam
-0.0523935 1.82385 -0.16604
Time
1558452973320
Theta
-1.5708
t_GA - R_GA * R_AB * t_BA
-0.0711078 1.82356 -0.161757
t_wo + t_wo_cam
-0.0711078 1.82356 -0.161757
Time
1558452973397
Theta
-1.5708
t_GA - R_GA * R_AB * t_BA
-0.0640907 1.82179 -0.177484
t_wo + t_wo_cam
-0.0711078 1.82356 -0.161757
Time
1558452973475
Theta
-1.5708
t_GA - R_GA * R_AB * t_BA
-0.0779749 1.82294 -0.159576
t_wo + t_wo_cam
-0.0640907 1.82179 -0.177484
Time
1558452973557
Theta
-1.5708
t_GA - R_GA * R_AB * t_BA
-0.0864298 1.82162 -0.16261
t_wo + t_wo_cam
-0.0779749 1.82294 -0.159576
Time
1558452973635
Theta
-1.5708
t_GA - R_GA * R_AB * t_BA
-0.0811291 1.82259 -0.159015
t_wo + t_wo_cam
-0.0864298 1.82162 -0.16261
Time
1558452973713
Theta
-1.5708
t_GA - R_GA * R_AB * t_BA
-0.0702754 1.82389 -0.159957
t_wo + t_wo_cam
-0.0811291 1.82259 -0.159015
Time
1558452973790
Theta
-1.5708
t_GA - R_GA * R_AB * t_BA
-0.0702754 1.82389 -0.159957
t_wo + t_wo_cam
-0.0702754 1.82389 -0.159957
Time
1558452973868
Theta
-1.5708
t_GA - R_GA * R_AB * t_BA
-0.0708526 1.82018 -0.18398
t_wo + t_wo_cam
-0.0708526 1.82018 -0.18398
Time
1558452973946
Theta
-1.5708
t_GA - R_GA * R_AB * t_BA
-0.0612924 1.8202 -0.186884
t_wo + t_wo_cam
-0.0612924 1.8202 -0.186884
Time
1558452974024
Theta
-1.5708
t_GA - R_GA * R_AB * t_BA
-0.0876023 1.81988 -0.176533
t_wo + t_wo_cam
-0.0876023 1.81988 -0.176533
Time
1558452974102
Theta
-1.5708
t_GA - R_GA * R_AB * t_BA
-0.0805711 1.82374 -0.154358
t_wo + t_wo_cam
-0.0805711 1.82374 -0.154358
Time
1558452974179
Theta
-1.5708
t_GA - R_GA * R_AB * t_BA
-0.0616721 1.82398 -0.162382
t_wo + t_wo_cam
-0.0616721 1.82398 -0.162382
Time
1558452974257
Theta
-1.5708
t_GA - R_GA * R_AB * t_BA
-0.0686458 1.82449 -0.153285
t_wo + t_wo_cam
-0.0686458 1.82449 -0.153285
Time
1558452974335
Theta
-1.5708
t_GA - R_GA * R_AB * t_BA
-0.0687444 1.82557 -0.143358
t_wo + t_wo_cam
-0.0686458 1.82449 -0.153285
Time
1558452974413
Theta
-1.5708
t_GA - R_GA * R_AB * t_BA
-0.0702201 1.81988 -0.185435
t_wo + t_wo_cam
-0.0687444 1.82557 -0.143358
Time
1558452974490
Theta
-1.5708
t_GA - R_GA * R_AB * t_BA
-0.0705746 1.82218 -0.168007
t_wo + t_wo_cam
-0.0702201 1.81988 -0.185435
Time
1558452974568
Theta
-1.5708
t_GA - R_GA * R_AB * t_BA
-0.0738279 1.82265 -0.16556
t_wo + t_wo_cam
-0.0705746 1.82218 -0.168007
Time
1558452974646
Theta
-1.5708
t_GA - R_GA * R_AB * t_BA
-0.0738279 1.82265 -0.16556
t_wo + t_wo_cam
-0.0738279 1.82265 -0.16556
Time
1558452974724
Theta
-1.5708
t_GA - R_GA * R_AB * t_BA
-0.0732556 1.82042 -0.182632
t_wo + t_wo_cam
-0.0732556 1.82042 -0.182632
Time
1558452974802
Theta
-1.5708
t_GA - R_GA * R_AB * t_BA
-0.0826549 1.82146 -0.168596
t_wo + t_wo_cam
-0.0826549 1.82146 -0.168596
Time
1558452974879
Theta
-1.5708
t_GA - R_GA * R_AB * t_BA
-0.0871147 1.82144 -0.165917
t_wo + t_wo_cam
-0.0871147 1.82144 -0.165917
Time
1558452974957
Theta
-1.5708
t_GA - R_GA * R_AB * t_BA
-0.0699664 1.82312 -0.16664
t_wo + t_wo_cam
-0.0699664 1.82312 -0.16664
Time
1558452975035
Theta
-1.5708
t_GA - R_GA * R_AB * t_BA
-0.088618 1.82077 -0.170293
t_wo + t_wo_cam
-0.088618 1.82077 -0.170293
Time
1558452975113
Theta
-1.5708
t_GA - R_GA * R_AB * t_BA
-0.0543379 1.82389 -0.165161
t_wo + t_wo_cam
-0.0543379 1.82389 -0.165161
Time
1558452975190
Theta
-1.5708
t_GA - R_GA * R_AB * t_BA
-0.0933957 1.82347 -0.150522
t_wo + t_wo_cam
-0.0933957 1.82347 -0.150522
Time
1558452975268
Theta
-1.5708
t_GA - R_GA * R_AB * t_BA
-0.0808263 1.82167 -0.168849
t_wo + t_wo_cam
-0.0808263 1.82167 -0.168849
Time
1558452975346
Theta
-1.5708
t_GA - R_GA * R_AB * t_BA
-0.0851846 1.81934 -0.185724
t_wo + t_wo_cam
-0.0851846 1.81934 -0.185724
Time
1558452975424
Theta
-1.5708
t_GA - R_GA * R_AB * t_BA
-0.0954696 1.82193 -0.159987
t_wo + t_wo_cam
-0.0954696 1.82193 -0.159987
Time
1558452975502
Theta
-1.5708
t_GA - R_GA * R_AB * t_BA
-0.0940825 1.81822 -0.182101
t_wo + t_wo_cam
-0.0940825 1.81822 -0.182101
Time
1558452975579
Theta
-1.5708
t_GA - R_GA * R_AB * t_BA
-0.0748557 1.82608 -0.141096
t_wo + t_wo_cam
-0.0748557 1.82608 -0.141096
Time
1558452975657
Theta
-1.5708
t_GA - R_GA * R_AB * t_BA
-0.0978958 1.8222 -0.155859
t_wo + t_wo_cam
-0.0978958 1.8222 -0.155859
Time
1558452975735
Theta
-1.5708
t_GA - R_GA * R_AB * t_BA
-0.0901806 1.81892 -0.18529
t_wo + t_wo_cam
-0.0901806 1.81892 -0.18529
Time
1558452975813
Theta
-1.5708
t_GA - R_GA * R_AB * t_BA
-0.0901806 1.81892 -0.18529
t_wo + t_wo_cam
-0.0901806 1.81892 -0.18529
Time
1558452975895
Theta
-1.5708
t_GA - R_GA * R_AB * t_BA
-0.0715492 1.82319 -0.16387
t_wo + t_wo_cam
-0.0901806 1.81892 -0.18529
Time
1558452975972
Theta
-1.5708
t_GA - R_GA * R_AB * t_BA
-0.0925374 1.81999 -0.174688
t_wo + t_wo_cam
-0.0715492 1.82319 -0.16387
Time
1558452976050
Theta
-1.5708
t_GA - R_GA * R_AB * t_BA
-0.0925374 1.81999 -0.174688
t_wo + t_wo_cam
-0.0925374 1.81999 -0.174688
Time
1558452976128
Theta
-1.5708
t_GA - R_GA * R_AB * t_BA
-0.092056 1.82239 -0.160972
t_wo + t_wo_cam
-0.092056 1.82239 -0.160972
Time
1558452976206
Theta
-1.5708
t_GA - R_GA * R_AB * t_BA
-0.0925568 1.8202 -0.17486
t_wo + t_wo_cam
-0.092056 1.82239 -0.160972
Time
1558452976284
Theta
-1.5708
