t_GA - R_GA * R_AB * t_BA
0 0 0
t_wo + t_wo_cam
0.9 0 0
Time
1558546457737
Theta
0
t_GA - R_GA * R_AB * t_BA
0 0 0
t_wo + t_wo_cam
0.953759 0.105556 0
Time
1558546457737
Theta
0.110225
t_GA - R_GA * R_AB * t_BA
0 0 0
t_wo + t_wo_cam
0.953759 0.105556 0
Time
1558546457737
Theta
0.110225
t_GA - R_GA * R_AB * t_BA
0 0 0
t_wo + t_wo_cam
0.953759 0.105556 0
Time
1558546457737
Theta
0.110225
t_GA - R_GA * R_AB * t_BA
0 0 0
t_wo + t_wo_cam
0.953759 0.105556 0
Time
1558546457737
Theta
0.110225
t_GA - R_GA * R_AB * t_BA
0 0 0
t_wo + t_wo_cam
0.953759 0.105556 0
Time
1558546457737
Theta
0.110225
t_GA - R_GA * R_AB * t_BA
0 0 0
t_wo + t_wo_cam
0.953759 0.105556 0
Time
1558546457738
Theta
0.110225
t_GA - R_GA * R_AB * t_BA
0 0 0
t_wo + t_wo_cam
0.953759 0.105556 0
Time
1558546457738
Theta
0.110225
t_GA - R_GA * R_AB * t_BA
0 0 0
t_wo + t_wo_cam
0.953759 0.105556 0
Time
1558546457738
Theta
0.110225
t_GA - R_GA * R_AB * t_BA
0 0 0
t_wo + t_wo_cam
0.953759 0.105556 0
Time
1558546457738
Theta
0.110225
t_GA - R_GA * R_AB * t_BA
0 0 0
t_wo + t_wo_cam
0.953759 0.105556 0
Time
1558546457739
Theta
0.110225
t_GA - R_GA * R_AB * t_BA
0 0 0
t_wo + t_wo_cam
0.953759 0.105556 0
Time
1558546457739
Theta
0.110225
t_GA - R_GA * R_AB * t_BA
0 0 0
t_wo + t_wo_cam
0.953759 0.105556 0
Time
1558546457762
Theta
0.110225
t_GA - R_GA * R_AB * t_BA
0 0 0
t_wo + t_wo_cam
0.953759 0.105556 0
Time
1558546457785
Theta
0.110225
t_GA - R_GA * R_AB * t_BA
0 0 0
t_wo + t_wo_cam
0.953759 0.105556 0
Time
1558546457810
Theta
0.110225
t_GA - R_GA * R_AB * t_BA
0 0 0
t_wo + t_wo_cam
0.953759 0.105556 0
Time
1558546457834
Theta
0.110225
t_GA - R_GA * R_AB * t_BA
0 0 0
t_wo + t_wo_cam
0.953759 0.105556 0
Time
1558546457859
Theta
0.110225
t_GA - R_GA * R_AB * t_BA
0 0 0
t_wo + t_wo_cam
0.953759 0.105556 0
Time
1558546457883
Theta
0.110225
t_GA - R_GA * R_AB * t_BA
0 0 0
t_wo + t_wo_cam
0.953759 0.105556 0
Time
1558546457904
Theta
0.110225
t_GA - R_GA * R_AB * t_BA
0 0 0
t_wo + t_wo_cam
0.953759 0.105556 0
Time
1558546457928
Theta
0.110225
t_GA - R_GA * R_AB * t_BA
0 0 0
t_wo + t_wo_cam
0.953759 0.105556 0
Time
1558546457953
Theta
0.110225
t_GA - R_GA * R_AB * t_BA
0 0 0
t_wo + t_wo_cam
0.953759 0.105556 0
Time
1558546457978
Theta
0.110225
t_GA - R_GA * R_AB * t_BA
0 0 0
t_wo + t_wo_cam
0.953759 0.105556 0
Time
1558546458002
Theta
0.110225
t_GA - R_GA * R_AB * t_BA
0 0 0
t_wo + t_wo_cam
0.953759 0.105556 0
Time
1558546458027
Theta
0.110225
t_GA - R_GA * R_AB * t_BA
0 0 0
t_wo + t_wo_cam
0.953759 0.105556 0
Time
1558546458047
Theta
0.110225
t_GA - R_GA * R_AB * t_BA
0 0 0
t_wo + t_wo_cam
0.953759 0.105556 0
Time
1558546458072
Theta
0.110225
t_GA - R_GA * R_AB * t_BA
0 0 0
t_wo + t_wo_cam
0.953759 0.105556 0
Time
1558546458096
Theta
0.110225
t_GA - R_GA * R_AB * t_BA
0 0 0
t_wo + t_wo_cam
0.953759 0.105556 0
Time
1558546458121
Theta
0.110225
t_GA - R_GA * R_AB * t_BA
0 0 0
t_wo + t_wo_cam
0.953759 0.105556 0
Time
1558546458145
Theta
0.110225
t_GA - R_GA * R_AB * t_BA
0 0 0
t_wo + t_wo_cam
0.953759 0.105556 0
Time
1558546458170
Theta
0.110225
t_GA - R_GA * R_AB * t_BA
0 0 0
t_wo + t_wo_cam
0.953759 0.105556 0
Time
1558546458190
Theta
0.110225
t_GA - R_GA * R_AB * t_BA
0 0 0
t_wo + t_wo_cam
0.953759 0.105556 0
Time
1558546458215
Theta
0.110225
t_GA - R_GA * R_AB * t_BA
0 0 0
t_wo + t_wo_cam
0.953759 0.105556 0
Time
1558546458240
Theta
0.110225
t_GA - R_GA * R_AB * t_BA
0 0 0
t_wo + t_wo_cam
0.953759 0.105556 0
Time
1558546458264
Theta
0.110225
t_GA - R_GA * R_AB * t_BA
0 0 0
t_wo + t_wo_cam
0.953759 0.105556 0
Time
1558546458289
Theta
0.110225
t_GA - R_GA * R_AB * t_BA
0 0 0
t_wo + t_wo_cam
0.953759 0.105556 0
Time
1558546458313
Theta
0.110225
t_GA - R_GA * R_AB * t_BA
0 0 0
t_wo + t_wo_cam
0.953759 0.105556 0
Time
1558546458334
Theta
0.110225
t_GA - R_GA * R_AB * t_BA
0 0 0
t_wo + t_wo_cam
0.953759 0.105556 0
Time
1558546458358
Theta
0.110225
t_GA - R_GA * R_AB * t_BA
0 0 0
t_wo + t_wo_cam
0.953759 0.105556 0
Time
1558546458383
Theta
0.110225
t_GA - R_GA * R_AB * t_BA
0 0 0
t_wo + t_wo_cam
0.953759 0.105556 0
Time
1558546458408
Theta
0.110225
t_GA - R_GA * R_AB * t_BA
0 0 0
t_wo + t_wo_cam
0.953759 0.105556 0
Time
1558546458432
Theta
0.110225
t_GA - R_GA * R_AB * t_BA
0 0 0
t_wo + t_wo_cam
0.953759 0.105556 0
Time
1558546458456
Theta
0.110225
t_GA - R_GA * R_AB * t_BA
0 0 0
t_wo + t_wo_cam
0.953759 0.105556 0
Time
1558546458477
Theta
0.110225
t_GA - R_GA * R_AB * t_BA
0 0 0
t_wo + t_wo_cam
0.953759 0.105556 0
Time
1558546458501
Theta
0.110225
t_GA - R_GA * R_AB * t_BA
0 0 0
t_wo + t_wo_cam
0.953759 0.105556 0
Time
1558546458526
Theta
0.110225
t_GA - R_GA * R_AB * t_BA
0 0 0
t_wo + t_wo_cam
0.953759 0.105556 0
Time
1558546458551
Theta
0.110225
t_GA - R_GA * R_AB * t_BA
0 0 0
t_wo + t_wo_cam
0.953759 0.105556 0
Time
1558546458575
Theta
0.110225
t_GA - R_GA * R_AB * t_BA
0 0 0
t_wo + t_wo_cam
0.953759 0.105556 0
Time
1558546458600
Theta
0.110225
t_GA - R_GA * R_AB * t_BA
0 0 0
t_wo + t_wo_cam
0.953759 0.105556 0
Time
1558546458620
Theta
0.110225
t_GA - R_GA * R_AB * t_BA
0 0 0
t_wo + t_wo_cam
0.953759 0.105556 0
Time
1558546458645
Theta
0.110225
t_GA - R_GA * R_AB * t_BA
0 0 0
t_wo + t_wo_cam
0.953759 0.105556 0
Time
1558546458669
Theta
0.110225
t_GA - R_GA * R_AB * t_BA
0 0 0
t_wo + t_wo_cam
0.953759 0.105556 0
Time
1558546458694
Theta
0.110225
t_GA - R_GA * R_AB * t_BA
0 0 0
t_wo + t_wo_cam
0.953759 0.105556 0
Time
1558546458718
Theta
0.110225
t_GA - R_GA * R_AB * t_BA
0 0 0
t_wo + t_wo_cam
0.953759 0.105556 0
Time
1558546458743
Theta
0.110225
t_GA - R_GA * R_AB * t_BA
0 0 0
t_wo + t_wo_cam
0.953759 0.105556 0
Time
1558546458768
Theta
0.110225
t_GA - R_GA * R_AB * t_BA
0 0 0
t_wo + t_wo_cam
0.953759 0.105556 0
Time
1558546458788
Theta
0.110225
t_GA - R_GA * R_AB * t_BA
0 0 0
t_wo + t_wo_cam
0.953759 0.105556 0
Time
1558546458813
Theta
0.110225
t_GA - R_GA * R_AB * t_BA
0 0 0
t_wo + t_wo_cam
0.953759 0.105556 0
Time
1558546458837
Theta
0.110225
t_GA - R_GA * R_AB * t_BA
0 0 0
t_wo + t_wo_cam
0.953759 0.105556 0
Time
1558546458862
Theta
0.110225
t_GA - R_GA * R_AB * t_BA
0 0 0
t_wo + t_wo_cam
0.953759 0.105556 0
Time
1558546458886
Theta
0.110225
t_GA - R_GA * R_AB * t_BA
0 0 0
t_wo + t_wo_cam
0.953759 0.105556 0
Time
1558546458911
Theta
0.110225
t_GA - R_GA * R_AB * t_BA
0 0 0
t_wo + t_wo_cam
0.953759 0.105556 0
Time
1558546458931
Theta
0.110225
t_GA - R_GA * R_AB * t_BA
0 0 0
t_wo + t_wo_cam
0.953759 0.105556 0
Time
1558546458956
Theta
0.110225
t_GA - R_GA * R_AB * t_BA
0 0 0
t_wo + t_wo_cam
0.953759 0.105556 0
Time
1558546458980
Theta
0.110225
t_GA - R_GA * R_AB * t_BA
0 0 0
t_wo + t_wo_cam
0.953759 0.105556 0
Time
1558546459005
Theta
0.110225
t_GA - R_GA * R_AB * t_BA
0 0 0
t_wo + t_wo_cam
0.953759 0.105556 0
Time
1558546459030
Theta
0.110225
t_GA - R_GA * R_AB * t_BA
0 0 0
t_wo + t_wo_cam
0.953759 0.105556 0
Time
1558546459054
Theta
0.110225
t_GA - R_GA * R_AB * t_BA
0 0 0
t_wo + t_wo_cam
0.953759 0.105556 0
Time
1558546459075
Theta
0.110225
t_GA - R_GA * R_AB * t_BA
0 0 0
t_wo + t_wo_cam
0.953759 0.105556 0
Time
1558546459099
Theta
0.110225
t_GA - R_GA * R_AB * t_BA
0 0 0
t_wo + t_wo_cam
0.953759 0.105556 0
Time
1558546459124
Theta
0.110225
t_GA - R_GA * R_AB * t_BA
0 0 0
t_wo + t_wo_cam
0.953759 0.105556 0
Time
1558546459148
Theta
0.110225
t_GA - R_GA * R_AB * t_BA
0 0 0
t_wo + t_wo_cam
0.953759 0.105556 0
Time
1558546459173
Theta
0.110225
t_GA - R_GA * R_AB * t_BA
0 0 0
t_wo + t_wo_cam
0.953759 0.105556 0
Time
1558546459197
Theta
0.110225
t_GA - R_GA * R_AB * t_BA
0 0 0
t_wo + t_wo_cam
0.953759 0.105556 0
Time
1558546459218
Theta
0.110225
t_GA - R_GA * R_AB * t_BA
0 0 0
t_wo + t_wo_cam
0.953759 0.105556 0
Time
1558546459242
Theta
0.110225
t_GA - R_GA * R_AB * t_BA
0 0 0
t_wo + t_wo_cam
0.953759 0.105556 0
Time
1558546459267
Theta
0.110225
t_GA - R_GA * R_AB * t_BA
0 0 0
t_wo + t_wo_cam
0.953759 0.105556 0
Time
1558546459292
Theta
0.110225
t_GA - R_GA * R_AB * t_BA
0 0 0
t_wo + t_wo_cam
0.953759 0.105556 0
Time
1558546459316
Theta
0.110225
t_GA - R_GA * R_AB * t_BA
0 0 0
t_wo + t_wo_cam
0.953759 0.105556 0
Time
1558546459341
Theta
0.110225
t_GA - R_GA * R_AB * t_BA
0 0 0
t_wo + t_wo_cam
0.953759 0.105556 0
Time
1558546459361
Theta
0.110225
t_GA - R_GA * R_AB * t_BA
0 0 0
t_wo + t_wo_cam
0.953759 0.105556 0
Time
1558546459386
Theta
0.110225
t_GA - R_GA * R_AB * t_BA
0 0 0
t_wo + t_wo_cam
0.953759 0.105556 0
Time
1558546459410
Theta
0.110225
t_GA - R_GA * R_AB * t_BA
0 0 0
t_wo + t_wo_cam
0.953759 0.105556 0
Time
1558546459435
Theta
0.110225
t_GA - R_GA * R_AB * t_BA
0 0 0
t_wo + t_wo_cam
0.953759 0.105556 0
Time
1558546459459
Theta
0.110225
t_GA - R_GA * R_AB * t_BA
0 0 0
t_wo + t_wo_cam
0.953759 0.105556 0
Time
1558546459484
Theta
0.110225
t_GA - R_GA * R_AB * t_BA
0 0 0
t_wo + t_wo_cam
0.953759 0.105556 0
Time
1558546459504
Theta
0.110225
t_GA - R_GA * R_AB * t_BA
0 0 0
t_wo + t_wo_cam
0.953759 0.105556 0
Time
1558546459529
Theta
0.110225
t_GA - R_GA * R_AB * t_BA
0 0 0
t_wo + t_wo_cam
0.953759 0.105556 0
Time
1558546459554
Theta
0.110225
t_GA - R_GA * R_AB * t_BA
0 0 0
t_wo + t_wo_cam
0.953759 0.105556 0
Time
1558546459578
Theta
0.110225
t_GA - R_GA * R_AB * t_BA
0 0 0
t_wo + t_wo_cam
0.953759 0.105556 0
Time
1558546459603
Theta
0.110225
t_GA - R_GA * R_AB * t_BA
0 0 0
t_wo + t_wo_cam
0.953759 0.105556 0
Time
1558546459627
Theta
0.110225
t_GA - R_GA * R_AB * t_BA
0 0 0
t_wo + t_wo_cam
0.953759 0.105556 0
Time
1558546459648
Theta
0.110225
t_GA - R_GA * R_AB * t_BA
0 0 0
t_wo + t_wo_cam
0.953759 0.105556 0
Time
1558546459672
Theta
0.110225
t_GA - R_GA * R_AB * t_BA
0 0 0
t_wo + t_wo_cam
0.953759 0.105556 0
Time
1558546459697
Theta
0.110225
t_GA - R_GA * R_AB * t_BA
0 0 0
t_wo + t_wo_cam
0.953759 0.105556 0
Time
1558546459721
Theta
0.110225
t_GA - R_GA * R_AB * t_BA
0 0 0
t_wo + t_wo_cam
0.953759 0.105556 0
Time
1558546459746
Theta
0.110225
t_GA - R_GA * R_AB * t_BA
0 0 0
t_wo + t_wo_cam
0.953759 0.105556 0
Time
1558546459770
Theta
0.110225
t_GA - R_GA * R_AB * t_BA
0 0 0
t_wo + t_wo_cam
0.953759 0.105556 0
Time
1558546459795
Theta
0.110225
t_GA - R_GA * R_AB * t_BA
0 0 0
t_wo + t_wo_cam
0.953759 0.105556 0
Time
1558546459816
Theta
0.110225
t_GA - R_GA * R_AB * t_BA
0 0 0
t_wo + t_wo_cam
0.953759 0.105556 0
Time
1558546459840
Theta
0.110225
t_GA - R_GA * R_AB * t_BA
0 0 0
t_wo + t_wo_cam
0.953759 0.105556 0
Time
1558546459865
Theta
0.110225
t_GA - R_GA * R_AB * t_BA
0 0 0
t_wo + t_wo_cam
0.953759 0.105556 0
Time
1558546459889
Theta
0.110225
t_GA - R_GA * R_AB * t_BA
0 0 0
t_wo + t_wo_cam
0.953759 0.105556 0
Time
1558546459914
Theta
0.110225
t_GA - R_GA * R_AB * t_BA
0 0 0
t_wo + t_wo_cam
0.953759 0.105556 0
Time
1558546459938
Theta
0.110225
t_GA - R_GA * R_AB * t_BA
0 0 0
t_wo + t_wo_cam
0.953759 0.105556 0
Time
1558546459959
Theta
0.110225
t_GA - R_GA * R_AB * t_BA
0 0 0
t_wo + t_wo_cam
0.953759 0.105556 0
Time
1558546459983
Theta
0.110225
t_GA - R_GA * R_AB * t_BA
0 0 0
t_wo + t_wo_cam
0.953759 0.105556 0
Time
1558546460008
Theta
0.110225
t_GA - R_GA * R_AB * t_BA
0 0 0
t_wo + t_wo_cam
0.953759 0.105556 0
Time
1558546460032
Theta
0.110225
t_GA - R_GA * R_AB * t_BA
0 0 0
t_wo + t_wo_cam
0.953759 0.105556 0
Time
1558546460057
Theta
0.110225
t_GA - R_GA * R_AB * t_BA
0 0 0
t_wo + t_wo_cam
0.953759 0.105556 0
Time
1558546460082
Theta
0.110225
t_GA - R_GA * R_AB * t_BA
0 0 0
t_wo + t_wo_cam
0.953759 0.105556 0
Time
1558546460102
Theta
0.110225
t_GA - R_GA * R_AB * t_BA
0 0 0
t_wo + t_wo_cam
0.953759 0.105556 0
Time
1558546460127
Theta
0.110225
t_GA - R_GA * R_AB * t_BA
0 0 0
t_wo + t_wo_cam
0.953759 0.105556 0
Time
1558546460151
Theta
0.110225
t_GA - R_GA * R_AB * t_BA
0 0 0
t_wo + t_wo_cam
0.953759 0.105556 0
Time
1558546460176
Theta
0.110225
t_GA - R_GA * R_AB * t_BA
0 0 0
t_wo + t_wo_cam
0.953759 0.105556 0
Time
1558546460200
Theta
0.110225
t_GA - R_GA * R_AB * t_BA
0 0 0
t_wo + t_wo_cam
0.953759 0.105556 0
Time
1558546460225
Theta
0.110225
t_GA - R_GA * R_AB * t_BA
0 0 0
t_wo + t_wo_cam
0.953759 0.105556 0
Time
1558546460245
Theta
0.110225
t_GA - R_GA * R_AB * t_BA
0 0 0
t_wo + t_wo_cam
0.953759 0.105556 0
Time
1558546460270
Theta
0.110225
t_GA - R_GA * R_AB * t_BA
0 0 0
t_wo + t_wo_cam
0.953759 0.105556 0
Time
1558546460295
Theta
0.110225
t_GA - R_GA * R_AB * t_BA
0 0 0
t_wo + t_wo_cam
0.953759 0.105556 0
Time
1558546460319
Theta
0.110225
t_GA - R_GA * R_AB * t_BA
0 0 0
t_wo + t_wo_cam
0.953759 0.105556 0
Time
1558546460344
Theta
0.110225
t_GA - R_GA * R_AB * t_BA
0 0 0
t_wo + t_wo_cam
0.953759 0.105556 0
Time
1558546460368
Theta
0.110225
t_GA - R_GA * R_AB * t_BA
0 0 0
t_wo + t_wo_cam
0.953759 0.105556 0
Time
1558546460389
Theta
0.110225
t_GA - R_GA * R_AB * t_BA
0 0 0
t_wo + t_wo_cam
0.953759 0.105556 0
Time
1558546460413
Theta
0.110225
t_GA - R_GA * R_AB * t_BA
0 0 0
t_wo + t_wo_cam
0.953759 0.105556 0
Time
1558546460438
Theta
0.110225
t_GA - R_GA * R_AB * t_BA
0 0 0
t_wo + t_wo_cam
0.953759 0.105556 0
Time
1558546460462
Theta
0.110225
t_GA - R_GA * R_AB * t_BA
0 0 0
t_wo + t_wo_cam
0.953759 0.105556 0
Time
1558546460487
Theta
0.110225
t_GA - R_GA * R_AB * t_BA
0 0 0
t_wo + t_wo_cam
0.953759 0.105556 0
Time
1558546460512
Theta
0.110225
t_GA - R_GA * R_AB * t_BA
0 0 0
t_wo + t_wo_cam
0.953759 0.105556 0
Time
1558546460532
Theta
0.110225
t_GA - R_GA * R_AB * t_BA
0 0 0
t_wo + t_wo_cam
0.953759 0.105556 0
Time
1558546460556
Theta
0.110225
t_GA - R_GA * R_AB * t_BA
0 0 0
t_wo + t_wo_cam
0.953759 0.105556 0
Time
1558546460581
Theta
0.110225
t_GA - R_GA * R_AB * t_BA
0 0 0
t_wo + t_wo_cam
0.953759 0.105556 0
Time
1558546460606
Theta
0.110225
t_GA - R_GA * R_AB * t_BA
0 0 0
t_wo + t_wo_cam
0.953759 0.105556 0
Time
1558546460630
Theta
0.110225
t_GA - R_GA * R_AB * t_BA
0 0 0
t_wo + t_wo_cam
0.953759 0.105556 0
Time
1558546460655
Theta
0.110225
t_GA - R_GA * R_AB * t_BA
0 0 0
t_wo + t_wo_cam
0.953759 0.105556 0
Time
1558546460675
Theta
0.110225
t_GA - R_GA * R_AB * t_BA
0 0 0
t_wo + t_wo_cam
0.953759 0.105556 0
Time
1558546460700
Theta
0.110225
t_GA - R_GA * R_AB * t_BA
0 0 0
t_wo + t_wo_cam
0.953759 0.105556 0
Time
1558546460724
Theta
0.110225
t_GA - R_GA * R_AB * t_BA
0 0 0
t_wo + t_wo_cam
0.953759 0.105556 0
Time
1558546460749
Theta
0.110225
t_GA - R_GA * R_AB * t_BA
0 0 0
t_wo + t_wo_cam
0.953759 0.105556 0
Time
1558546460774
Theta
0.110225
t_GA - R_GA * R_AB * t_BA
0 0 0
t_wo + t_wo_cam
0.953759 0.105556 0
Time
1558546460798
Theta
0.110225
t_GA - R_GA * R_AB * t_BA
0 0 0
t_wo + t_wo_cam
0.953759 0.105556 0
Time
1558546460819
Theta
0.110225
t_GA - R_GA * R_AB * t_BA
0 0 0
t_wo + t_wo_cam
0.953759 0.105556 0
Time
1558546460843
Theta
0.110225
t_GA - R_GA * R_AB * t_BA
0 0 0
t_wo + t_wo_cam
0.953759 0.105556 0
Time
1558546460868
Theta
0.110225
t_GA - R_GA * R_AB * t_BA
0 0 0
t_wo + t_wo_cam
0.953759 0.105556 0
Time
1558546460892
Theta
0.110225
t_GA - R_GA * R_AB * t_BA
0 0 0
t_wo + t_wo_cam
0.953759 0.105556 0
Time
1558546460917
Theta
0.110225
t_GA - R_GA * R_AB * t_BA
0 0 0
t_wo + t_wo_cam
0.953759 0.105556 0
Time
1558546460941
Theta
0.110225
t_GA - R_GA * R_AB * t_BA
0 0 0
t_wo + t_wo_cam
0.953759 0.105556 0
Time
1558546460966
Theta
0.110225
t_GA - R_GA * R_AB * t_BA
0 0 0
t_wo + t_wo_cam
0.953759 0.105556 0
Time
1558546460986
Theta
0.110225
t_GA - R_GA * R_AB * t_BA
0 0 0
t_wo + t_wo_cam
0.953759 0.105556 0
Time
1558546461011
Theta
0.110225
t_GA - R_GA * R_AB * t_BA
0 0 0
t_wo + t_wo_cam
0.953759 0.105556 0
Time
1558546461035
Theta
0.110225
t_GA - R_GA * R_AB * t_BA
0 0 0
t_wo + t_wo_cam
0.953759 0.105556 0
Time
1558546461060
Theta
0.110225
t_GA - R_GA * R_AB * t_BA
0 0 0
t_wo + t_wo_cam
0.953759 0.105556 0
Time
1558546461085
Theta
0.110225
t_GA - R_GA * R_AB * t_BA
-1.14876 -0.0496023 0.327042
t_wo + t_wo_cam
-1.14876 -0.0496023 0.327042
Time
1558546461109
Theta
0.129147
t_GA - R_GA * R_AB * t_BA
-1.14876 -0.0496023 0.327042
t_wo + t_wo_cam
-1.14876 -0.0496023 0.327042
Time
1558546461130
Theta
0.129147
t_GA - R_GA * R_AB * t_BA
-1.14876 -0.0496023 0.327042
t_wo + t_wo_cam
-1.14876 -0.0496023 0.327042
Time
1558546461154
Theta
0.129147
t_GA - R_GA * R_AB * t_BA
-1.14876 -0.0496023 0.327042
t_wo + t_wo_cam
-1.14876 -0.0496023 0.327042
Time
1558546461179
Theta
0.129147
t_GA - R_GA * R_AB * t_BA
-1.14876 -0.0496023 0.327042
t_wo + t_wo_cam
-1.14876 -0.0496023 0.327042
Time
1558546461203
Theta
0.129147
t_GA - R_GA * R_AB * t_BA
-1.14876 -0.0496023 0.327042
t_wo + t_wo_cam
-1.14876 -0.0496023 0.327042
Time
1558546461228
Theta
0.129147
t_GA - R_GA * R_AB * t_BA
-1.14876 -0.0496023 0.327042
t_wo + t_wo_cam
-1.14876 -0.0496023 0.327042
Time
1558546461252
Theta
0.129147
t_GA - R_GA * R_AB * t_BA
-1.14876 -0.0496023 0.327042
t_wo + t_wo_cam
-1.14876 -0.0496023 0.327042
Time
1558546461273
Theta
0.129147
t_GA - R_GA * R_AB * t_BA
-1.14876 -0.0496023 0.327042
t_wo + t_wo_cam
-1.14876 -0.0496023 0.327042
Time
1558546461298
Theta
0.129147
t_GA - R_GA * R_AB * t_BA
-1.15838 0.581883 -0.104204
t_wo + t_wo_cam
-1.14876 -0.0496023 0.327042
Time
1558546461322
Theta
0.129147
t_GA - R_GA * R_AB * t_BA
-1.15838 0.581883 -0.104204
t_wo + t_wo_cam
-1.15838 0.581883 -0.104204
Time
1558546461347
Theta
-0.721934
t_GA - R_GA * R_AB * t_BA
-1.15838 0.581883 -0.104204
t_wo + t_wo_cam
-1.15838 0.581883 -0.104204
Time
1558546461371
Theta
-0.721934
t_GA - R_GA * R_AB * t_BA
-1.18291 0.534307 -0.251544
t_wo + t_wo_cam
-1.15838 0.581883 -0.104204
Time
1558546461396
Theta
-0.721934
t_GA - R_GA * R_AB * t_BA
-1.18291 0.534307 -0.251544
t_wo + t_wo_cam
-1.18291 0.534307 -0.251544
Time
1558546461416
Theta
-0.712251
t_GA - R_GA * R_AB * t_BA
-1.18291 0.534307 -0.251544
t_wo + t_wo_cam
-1.18291 0.534307 -0.251544
Time
1558546461441
Theta
-0.712251
t_GA - R_GA * R_AB * t_BA
-1.18291 0.534307 -0.251544
t_wo + t_wo_cam
-1.18291 0.534307 -0.251544
Time
1558546461465
Theta
-0.712251
t_GA - R_GA * R_AB * t_BA
-1.19941 0.421939 -0.434029
t_wo + t_wo_cam
-1.18291 0.534307 -0.251544
Time
1558546461490
Theta
-0.712251
t_GA - R_GA * R_AB * t_BA
-1.19941 0.421939 -0.434029
t_wo + t_wo_cam
-1.19941 0.421939 -0.434029
Time
1558546461514
Theta
-0.747388
t_GA - R_GA * R_AB * t_BA
-1.19941 0.421939 -0.434029
t_wo + t_wo_cam
-1.19941 0.421939 -0.434029
Time
1558546461539
Theta
-0.747388
t_GA - R_GA * R_AB * t_BA
-1.19941 0.421939 -0.434029
t_wo + t_wo_cam
-1.19941 0.421939 -0.434029
Time
1558546461559
Theta
-0.747388
t_GA - R_GA * R_AB * t_BA
-1.1972 0.40725 -0.482152
t_wo + t_wo_cam
-1.19941 0.421939 -0.434029
Time
1558546461584
Theta
-0.747388
t_GA - R_GA * R_AB * t_BA
-1.1972 0.40725 -0.482152
t_wo + t_wo_cam
-1.1972 0.40725 -0.482152
Time
1558546461609
Theta
-0.723295
t_GA - R_GA * R_AB * t_BA
-1.1972 0.40725 -0.482152
t_wo + t_wo_cam
-1.1972 0.40725 -0.482152
Time
1558546461633
Theta
-0.723295
t_GA - R_GA * R_AB * t_BA
-1.19614 0.411805 -0.472964
t_wo + t_wo_cam
-1.1972 0.40725 -0.482152
Time
1558546461658
Theta
-0.723295
t_GA - R_GA * R_AB * t_BA
-1.19614 0.411805 -0.472964
t_wo + t_wo_cam
-1.19614 0.411805 -0.472964
Time
1558546461682
Theta
-0.727256
t_GA - R_GA * R_AB * t_BA
-1.19614 0.411805 -0.472964
t_wo + t_wo_cam
-1.19614 0.411805 -0.472964
Time
1558546461703
Theta
-0.727256
t_GA - R_GA * R_AB * t_BA
-1.19614 0.411805 -0.472964
t_wo + t_wo_cam
-1.19614 0.411805 -0.472964
Time
1558546461727
Theta
-0.727256
t_GA - R_GA * R_AB * t_BA
-1.20858 0.401202 -0.450738
t_wo + t_wo_cam
-1.19614 0.411805 -0.472964
Time
1558546461752
Theta
-0.727256
t_GA - R_GA * R_AB * t_BA
-1.20858 0.401202 -0.450738
t_wo + t_wo_cam
-1.20858 0.401202 -0.450738
Time
1558546461776
Theta
-0.723153
t_GA - R_GA * R_AB * t_BA
-1.20858 0.401202 -0.450738
t_wo + t_wo_cam
-1.20858 0.401202 -0.450738
Time
1558546461801
Theta
-0.723153
t_GA - R_GA * R_AB * t_BA
-1.20247 0.413673 -0.456425
t_wo + t_wo_cam
-1.20858 0.401202 -0.450738
Time
1558546461826
Theta
-0.723153
t_GA - R_GA * R_AB * t_BA
-1.20247 0.413673 -0.456425
t_wo + t_wo_cam
-1.20247 0.413673 -0.456425
Time
1558546461846
Theta
-0.725173
t_GA - R_GA * R_AB * t_BA
-1.20247 0.413673 -0.456425
t_wo + t_wo_cam
-1.20247 0.413673 -0.456425
Time
1558546461871
Theta
-0.725173
t_GA - R_GA * R_AB * t_BA
-1.20247 0.413673 -0.456425
t_wo + t_wo_cam
-1.20247 0.413673 -0.456425
Time
1558546461895
Theta
-0.725173
t_GA - R_GA * R_AB * t_BA
-1.19891 0.412136 -0.469093
t_wo + t_wo_cam
-1.20247 0.413673 -0.456425
Time
1558546461920
Theta
-0.725173
t_GA - R_GA * R_AB * t_BA
-1.19891 0.412136 -0.469093
t_wo + t_wo_cam
-1.19891 0.412136 -0.469093
Time
1558546461944
Theta
-0.720314
t_GA - R_GA * R_AB * t_BA
-1.19891 0.412136 -0.469093
t_wo + t_wo_cam
-1.19891 0.412136 -0.469093
Time
1558546461969
Theta
-0.720314
t_GA - R_GA * R_AB * t_BA
-1.19962 0.397559 -0.482263
t_wo + t_wo_cam
-1.19891 0.412136 -0.469093
Time
1558546461993
Theta
-0.720314
t_GA - R_GA * R_AB * t_BA
-1.19962 0.397559 -0.482263
t_wo + t_wo_cam
-1.19962 0.397559 -0.482263
Time
1558546462014
Theta
-0.72079
t_GA - R_GA * R_AB * t_BA
-1.19962 0.397559 -0.482263
t_wo + t_wo_cam
-1.19962 0.397559 -0.482263
Time
1558546462038
Theta
-0.72079
t_GA - R_GA * R_AB * t_BA
-1.19962 0.397559 -0.482263
t_wo + t_wo_cam
-1.19962 0.397559 -0.482263
Time
1558546462063
Theta
-0.72079
t_GA - R_GA * R_AB * t_BA
-1.21885 0.360494 -0.462556
t_wo + t_wo_cam
-1.19962 0.397559 -0.482263
Time
1558546462088
Theta
-0.72079
t_GA - R_GA * R_AB * t_BA
-1.21885 0.360494 -0.462556
t_wo + t_wo_cam
-1.21885 0.360494 -0.462556
Time
1558546462112
Theta
-0.698984
t_GA - R_GA * R_AB * t_BA
-1.21885 0.360494 -0.462556
t_wo + t_wo_cam
-1.21885 0.360494 -0.462556
Time
1558546462137
Theta
-0.698984
t_GA - R_GA * R_AB * t_BA
-1.23904 0.344561 -0.418709
t_wo + t_wo_cam
-1.21885 0.360494 -0.462556
Time
1558546462157
Theta
-0.698984
t_GA - R_GA * R_AB * t_BA
-1.23904 0.344561 -0.418709
t_wo + t_wo_cam
-1.23904 0.344561 -0.418709
Time
1558546462182
Theta
-0.671114
t_GA - R_GA * R_AB * t_BA
-1.23904 0.344561 -0.418709
t_wo + t_wo_cam
-1.23904 0.344561 -0.418709
Time
1558546462206
Theta
-0.671114
t_GA - R_GA * R_AB * t_BA
-1.23904 0.344561 -0.418709
t_wo + t_wo_cam
-1.23904 0.344561 -0.418709
Time
1558546462231
Theta
-0.671114
t_GA - R_GA * R_AB * t_BA
-1.29439 0.221348 -0.338125
t_wo + t_wo_cam
-1.23904 0.344561 -0.418709
Time
1558546462255
Theta
-0.671114
t_GA - R_GA * R_AB * t_BA
-1.29439 0.221348 -0.338125
t_wo + t_wo_cam
-1.29439 0.221348 -0.338125
Time
1558546462280
Theta
-0.583097
t_GA - R_GA * R_AB * t_BA
-1.29439 0.221348 -0.338125
t_wo + t_wo_cam
-1.29439 0.221348 -0.338125
Time
1558546462301
Theta
-0.583097
t_GA - R_GA * R_AB * t_BA
-1.30944 0.0640194 -0.0405635
t_wo + t_wo_cam
-1.29439 0.221348 -0.338125
Time
1558546462325
Theta
-0.583097
t_GA - R_GA * R_AB * t_BA
-1.30944 0.0640194 -0.0405635
t_wo + t_wo_cam
-1.30944 0.0640194 -0.0405635
Time
1558546462350
Theta
-0.326737
t_GA - R_GA * R_AB * t_BA
-1.30944 0.0640194 -0.0405635
t_wo + t_wo_cam
-1.30944 0.0640194 -0.0405635
Time
1558546462374
Theta
-0.326737
t_GA - R_GA * R_AB * t_BA
-1.30944 0.0640194 -0.0405635
t_wo + t_wo_cam
-1.30944 0.0640194 -0.0405635
Time
1558546462399
Theta
-0.326737
t_GA - R_GA * R_AB * t_BA
-1.28029 -0.0355683 0.218677
t_wo + t_wo_cam
-1.30944 0.0640194 -0.0405635
Time
1558546462423
Theta
-0.326737
t_GA - R_GA * R_AB * t_BA
-1.28029 -0.0355683 0.218677
t_wo + t_wo_cam
-1.28029 -0.0355683 0.218677
Time
1558546462444
Theta
-0.18127
t_GA - R_GA * R_AB * t_BA
-1.28029 -0.0355683 0.218677
t_wo + t_wo_cam
-1.28029 -0.0355683 0.218677
Time
1558546462468
Theta
-0.18127
t_GA - R_GA * R_AB * t_BA
-1.28029 -0.0355683 0.218677
t_wo + t_wo_cam
-1.28029 -0.0355683 0.218677
Time
1558546462493
Theta
-0.18127
t_GA - R_GA * R_AB * t_BA
-1.28029 -0.0355683 0.218677
t_wo + t_wo_cam
-1.28029 -0.0355683 0.218677
Time
1558546462517
Theta
-0.18127
t_GA - R_GA * R_AB * t_BA
-1.28029 -0.0355683 0.218677
t_wo + t_wo_cam
-1.28029 -0.0355683 0.218677
Time
1558546462542
Theta
-0.18127
t_GA - R_GA * R_AB * t_BA
-1.28029 -0.0355683 0.218677
t_wo + t_wo_cam
-1.28029 -0.0355683 0.218677
Time
1558546462567
Theta
-0.18127
t_GA - R_GA * R_AB * t_BA
-1.28029 -0.0355683 0.218677
t_wo + t_wo_cam
-1.28029 -0.0355683 0.218677
Time
1558546462587
Theta
-0.18127
t_GA - R_GA * R_AB * t_BA
-1.28029 -0.0355683 0.218677
t_wo + t_wo_cam
-1.28029 -0.0355683 0.218677
Time
1558546462612
Theta
-0.18127
t_GA - R_GA * R_AB * t_BA
-1.28029 -0.0355683 0.218677
t_wo + t_wo_cam
-1.28029 -0.0355683 0.218677
Time
1558546462636
Theta
-0.18127
t_GA - R_GA * R_AB * t_BA
-1.28029 -0.0355683 0.218677
t_wo + t_wo_cam
-1.28029 -0.0355683 0.218677
Time
1558546462661
Theta
-0.18127
t_GA - R_GA * R_AB * t_BA
-1.28029 -0.0355683 0.218677
t_wo + t_wo_cam
-1.28029 -0.0355683 0.218677
Time
1558546462685
Theta
-0.18127
t_GA - R_GA * R_AB * t_BA
-1.28029 -0.0355683 0.218677
t_wo + t_wo_cam
-1.28029 -0.0355683 0.218677
Time
1558546462710
Theta
-0.18127
t_GA - R_GA * R_AB * t_BA
-1.28029 -0.0355683 0.218677
t_wo + t_wo_cam
-1.28029 -0.0355683 0.218677
Time
1558546462730
Theta
-0.18127
t_GA - R_GA * R_AB * t_BA
-1.28029 -0.0355683 0.218677
t_wo + t_wo_cam
-1.28029 -0.0355683 0.218677
Time
1558546462755
Theta
-0.18127
t_GA - R_GA * R_AB * t_BA
-1.28029 -0.0355683 0.218677
t_wo + t_wo_cam
-1.28029 -0.0355683 0.218677
Time
1558546462779
Theta
-0.18127
t_GA - R_GA * R_AB * t_BA
-1.28029 -0.0355683 0.218677
t_wo + t_wo_cam
-1.28029 -0.0355683 0.218677
Time
1558546462804
Theta
-0.18127
t_GA - R_GA * R_AB * t_BA
-1.28029 -0.0355683 0.218677
t_wo + t_wo_cam
-1.28029 -0.0355683 0.218677
Time
1558546462829
Theta
-0.18127
t_GA - R_GA * R_AB * t_BA
-1.28029 -0.0355683 0.218677
t_wo + t_wo_cam
-1.28029 -0.0355683 0.218677
Time
1558546462853
Theta
-0.18127
t_GA - R_GA * R_AB * t_BA
-1.28029 -0.0355683 0.218677
t_wo + t_wo_cam
-1.28029 -0.0355683 0.218677
Time
1558546462874
Theta
-0.18127
t_GA - R_GA * R_AB * t_BA
-1.28029 -0.0355683 0.218677
t_wo + t_wo_cam
-1.28029 -0.0355683 0.218677
Time
1558546462898
Theta
-0.18127
t_GA - R_GA * R_AB * t_BA
-1.28029 -0.0355683 0.218677
t_wo + t_wo_cam
-1.28029 -0.0355683 0.218677
Time
1558546462923
Theta
-0.18127
t_GA - R_GA * R_AB * t_BA
-1.28029 -0.0355683 0.218677
t_wo + t_wo_cam
-1.28029 -0.0355683 0.218677
Time
1558546462947
Theta
-0.18127
t_GA - R_GA * R_AB * t_BA
-1.28029 -0.0355683 0.218677
t_wo + t_wo_cam
-1.28029 -0.0355683 0.218677
Time
1558546462972
Theta
-0.18127
t_GA - R_GA * R_AB * t_BA
-1.28029 -0.0355683 0.218677
t_wo + t_wo_cam
-1.28029 -0.0355683 0.218677
Time
1558546462996
Theta
-0.18127
t_GA - R_GA * R_AB * t_BA
-1.28029 -0.0355683 0.218677
t_wo + t_wo_cam
-1.28029 -0.0355683 0.218677
Time
1558546463021
Theta
-0.18127
t_GA - R_GA * R_AB * t_BA
-1.28029 -0.0355683 0.218677
t_wo + t_wo_cam
-1.28029 -0.0355683 0.218677
Time
1558546463042
Theta
-0.18127
t_GA - R_GA * R_AB * t_BA
-1.28029 -0.0355683 0.218677
t_wo + t_wo_cam
-1.28029 -0.0355683 0.218677
Time
1558546463066
Theta
-0.18127
t_GA - R_GA * R_AB * t_BA
-1.28029 -0.0355683 0.218677
t_wo + t_wo_cam
-1.28029 -0.0355683 0.218677
Time
1558546463091
Theta
-0.18127
t_GA - R_GA * R_AB * t_BA
-1.28029 -0.0355683 0.218677
t_wo + t_wo_cam
-1.28029 -0.0355683 0.218677
Time
1558546463115
Theta
-0.18127
t_GA - R_GA * R_AB * t_BA
-1.28029 -0.0355683 0.218677
t_wo + t_wo_cam
-1.28029 -0.0355683 0.218677
Time
1558546463140
Theta
-0.18127
t_GA - R_GA * R_AB * t_BA
-1.28029 -0.0355683 0.218677
t_wo + t_wo_cam
-1.28029 -0.0355683 0.218677
Time
1558546463164
Theta
-0.18127
t_GA - R_GA * R_AB * t_BA
-1.28029 -0.0355683 0.218677
t_wo + t_wo_cam
-1.28029 -0.0355683 0.218677
Time
1558546463185
Theta
-0.18127
t_GA - R_GA * R_AB * t_BA
-1.28029 -0.0355683 0.218677
t_wo + t_wo_cam
-1.28029 -0.0355683 0.218677
Time
1558546463209
Theta
-0.18127
t_GA - R_GA * R_AB * t_BA
-1.28029 -0.0355683 0.218677
t_wo + t_wo_cam
-1.28029 -0.0355683 0.218677
Time
1558546463234
Theta
-0.18127
t_GA - R_GA * R_AB * t_BA
-1.28029 -0.0355683 0.218677
t_wo + t_wo_cam
-1.28029 -0.0355683 0.218677
Time
1558546463258
Theta
-0.18127
t_GA - R_GA * R_AB * t_BA
-1.28029 -0.0355683 0.218677
t_wo + t_wo_cam
-1.28029 -0.0355683 0.218677
Time
1558546463283
Theta
-0.18127
t_GA - R_GA * R_AB * t_BA
-1.28029 -0.0355683 0.218677
t_wo + t_wo_cam
-1.28029 -0.0355683 0.218677
Time
1558546463308
Theta
-0.18127
t_GA - R_GA * R_AB * t_BA
-1.28029 -0.0355683 0.218677
t_wo + t_wo_cam
-1.28029 -0.0355683 0.218677
Time
1558546463328
Theta
-0.18127
t_GA - R_GA * R_AB * t_BA
-1.28029 -0.0355683 0.218677
t_wo + t_wo_cam
-1.28029 -0.0355683 0.218677
Time
1558546463353
Theta
-0.18127
t_GA - R_GA * R_AB * t_BA
-1.28029 -0.0355683 0.218677
t_wo + t_wo_cam
-1.28029 -0.0355683 0.218677
Time
1558546463377
Theta
-0.18127
t_GA - R_GA * R_AB * t_BA
-1.28029 -0.0355683 0.218677
t_wo + t_wo_cam
-1.28029 -0.0355683 0.218677
Time
1558546463402
Theta
-0.18127
t_GA - R_GA * R_AB * t_BA
-1.28029 -0.0355683 0.218677
t_wo + t_wo_cam
-1.28029 -0.0355683 0.218677
Time
1558546463426
Theta
-0.18127
t_GA - R_GA * R_AB * t_BA
-1.28029 -0.0355683 0.218677
t_wo + t_wo_cam
-1.28029 -0.0355683 0.218677
Time
1558546463451
Theta
-0.18127
t_GA - R_GA * R_AB * t_BA
-1.28029 -0.0355683 0.218677
t_wo + t_wo_cam
-1.28029 -0.0355683 0.218677
Time
1558546463471
Theta
-0.18127
t_GA - R_GA * R_AB * t_BA
-1.28029 -0.0355683 0.218677
t_wo + t_wo_cam
-1.28029 -0.0355683 0.218677
Time
1558546463496
Theta
-0.18127
t_GA - R_GA * R_AB * t_BA
-1.28029 -0.0355683 0.218677
t_wo + t_wo_cam
-1.28029 -0.0355683 0.218677
Time
1558546463520
Theta
-0.18127
t_GA - R_GA * R_AB * t_BA
-1.28029 -0.0355683 0.218677
t_wo + t_wo_cam
-1.28029 -0.0355683 0.218677
Time
1558546463545
Theta
-0.18127
t_GA - R_GA * R_AB * t_BA
-1.28029 -0.0355683 0.218677
t_wo + t_wo_cam
-1.28029 -0.0355683 0.218677
Time
1558546463570
Theta
-0.18127
t_GA - R_GA * R_AB * t_BA
-1.28029 -0.0355683 0.218677
t_wo + t_wo_cam
-1.28029 -0.0355683 0.218677
Time
1558546463594
Theta
-0.18127
t_GA - R_GA * R_AB * t_BA
-1.28029 -0.0355683 0.218677
t_wo + t_wo_cam
-1.28029 -0.0355683 0.218677
Time
1558546463615
Theta
-0.18127
t_GA - R_GA * R_AB * t_BA
-1.28029 -0.0355683 0.218677
t_wo + t_wo_cam
-1.28029 -0.0355683 0.218677
Time
1558546463639
Theta
-0.18127
t_GA - R_GA * R_AB * t_BA
-1.28029 -0.0355683 0.218677
t_wo + t_wo_cam
-1.28029 -0.0355683 0.218677
Time
1558546463664
Theta
-0.18127
t_GA - R_GA * R_AB * t_BA
-1.28029 -0.0355683 0.218677
t_wo + t_wo_cam
-1.28029 -0.0355683 0.218677
Time
1558546463688
Theta
-0.18127
t_GA - R_GA * R_AB * t_BA
-1.28029 -0.0355683 0.218677
t_wo + t_wo_cam
-1.28029 -0.0355683 0.218677
Time
1558546463713
Theta
-0.18127
t_GA - R_GA * R_AB * t_BA
-1.28029 -0.0355683 0.218677
t_wo + t_wo_cam
-1.28029 -0.0355683 0.218677
Time
1558546463737
Theta
-0.18127
t_GA - R_GA * R_AB * t_BA
-1.28029 -0.0355683 0.218677
t_wo + t_wo_cam
-1.28029 -0.0355683 0.218677
Time
1558546463758
Theta
-0.18127
t_GA - R_GA * R_AB * t_BA
-1.28029 -0.0355683 0.218677
t_wo + t_wo_cam
-1.28029 -0.0355683 0.218677
Time
1558546463782
Theta
-0.18127
t_GA - R_GA * R_AB * t_BA
-1.28029 -0.0355683 0.218677
t_wo + t_wo_cam
-1.28029 -0.0355683 0.218677
Time
1558546463807
Theta
-0.18127
t_GA - R_GA * R_AB * t_BA
-1.28029 -0.0355683 0.218677
t_wo + t_wo_cam
-1.28029 -0.0355683 0.218677
Time
1558546463832
Theta
-0.18127
t_GA - R_GA * R_AB * t_BA
-1.28029 -0.0355683 0.218677
t_wo + t_wo_cam
-1.28029 -0.0355683 0.218677
Time
1558546463856
Theta
-0.18127
t_GA - R_GA * R_AB * t_BA
-1.28029 -0.0355683 0.218677
t_wo + t_wo_cam
-1.28029 -0.0355683 0.218677
Time
1558546463881
Theta
-0.18127
t_GA - R_GA * R_AB * t_BA
-1.28029 -0.0355683 0.218677
t_wo + t_wo_cam
-1.28029 -0.0355683 0.218677
Time
1558546463901
Theta
-0.18127
t_GA - R_GA * R_AB * t_BA
-1.28029 -0.0355683 0.218677
t_wo + t_wo_cam
-1.28029 -0.0355683 0.218677
Time
1558546463926
Theta
-0.18127
t_GA - R_GA * R_AB * t_BA
-1.28029 -0.0355683 0.218677
t_wo + t_wo_cam
-1.28029 -0.0355683 0.218677
Time
1558546463950
Theta
-0.18127
t_GA - R_GA * R_AB * t_BA
-1.28029 -0.0355683 0.218677
t_wo + t_wo_cam
-1.28029 -0.0355683 0.218677
Time
1558546463975
Theta
-0.18127
t_GA - R_GA * R_AB * t_BA
-1.28029 -0.0355683 0.218677
t_wo + t_wo_cam
-1.28029 -0.0355683 0.218677
Time
1558546463999
Theta
-0.18127
t_GA - R_GA * R_AB * t_BA
-1.28029 -0.0355683 0.218677
t_wo + t_wo_cam
-1.28029 -0.0355683 0.218677
Time
1558546464024
Theta
-0.18127
t_GA - R_GA * R_AB * t_BA
-1.28029 -0.0355683 0.218677
t_wo + t_wo_cam
-1.28029 -0.0355683 0.218677
Time
1558546464049
Theta
-0.18127
t_GA - R_GA * R_AB * t_BA
-1.28029 -0.0355683 0.218677
t_wo + t_wo_cam
-1.28029 -0.0355683 0.218677
Time
1558546464069
Theta
-0.18127
t_GA - R_GA * R_AB * t_BA
-1.28029 -0.0355683 0.218677
t_wo + t_wo_cam
-1.28029 -0.0355683 0.218677
Time
1558546464094
Theta
-0.18127
t_GA - R_GA * R_AB * t_BA
-1.28029 -0.0355683 0.218677
t_wo + t_wo_cam
-1.28029 -0.0355683 0.218677
Time
1558546464118
Theta
-0.18127
t_GA - R_GA * R_AB * t_BA
-1.28029 -0.0355683 0.218677
t_wo + t_wo_cam
-1.28029 -0.0355683 0.218677
Time
1558546464143
Theta
-0.18127
t_GA - R_GA * R_AB * t_BA
-1.28029 -0.0355683 0.218677
t_wo + t_wo_cam
-1.28029 -0.0355683 0.218677
Time
1558546464167
Theta
-0.18127
t_GA - R_GA * R_AB * t_BA
-1.28029 -0.0355683 0.218677
t_wo + t_wo_cam
-1.28029 -0.0355683 0.218677
Time
1558546464192
Theta
-0.18127
t_GA - R_GA * R_AB * t_BA
-1.28029 -0.0355683 0.218677
t_wo + t_wo_cam
-1.28029 -0.0355683 0.218677
Time
1558546464212
Theta
-0.18127
t_GA - R_GA * R_AB * t_BA
-1.28029 -0.0355683 0.218677
t_wo + t_wo_cam
-1.28029 -0.0355683 0.218677
Time
1558546464237
Theta
-0.18127
t_GA - R_GA * R_AB * t_BA
-1.28029 -0.0355683 0.218677
t_wo + t_wo_cam
-1.28029 -0.0355683 0.218677
Time
1558546464261
Theta
-0.18127
t_GA - R_GA * R_AB * t_BA
-1.28029 -0.0355683 0.218677
t_wo + t_wo_cam
-1.28029 -0.0355683 0.218677
Time
1558546464286
Theta
-0.18127
t_GA - R_GA * R_AB * t_BA
-1.28029 -0.0355683 0.218677
t_wo + t_wo_cam
-1.28029 -0.0355683 0.218677
Time
1558546464310
Theta
-0.18127
t_GA - R_GA * R_AB * t_BA
-1.28029 -0.0355683 0.218677
t_wo + t_wo_cam
-1.28029 -0.0355683 0.218677
Time
1558546464335
Theta
-0.18127
t_GA - R_GA * R_AB * t_BA
-1.28029 -0.0355683 0.218677
t_wo + t_wo_cam
-1.28029 -0.0355683 0.218677
Time
1558546464356
Theta
-0.18127
t_GA - R_GA * R_AB * t_BA
-1.28029 -0.0355683 0.218677
t_wo + t_wo_cam
-1.28029 -0.0355683 0.218677
Time
1558546464380
Theta
-0.18127
t_GA - R_GA * R_AB * t_BA
-1.28029 -0.0355683 0.218677
t_wo + t_wo_cam
-1.28029 -0.0355683 0.218677
Time
1558546464405
Theta
-0.18127
t_GA - R_GA * R_AB * t_BA
-1.28029 -0.0355683 0.218677
t_wo + t_wo_cam
-1.28029 -0.0355683 0.218677
Time
1558546464429
Theta
-0.18127
t_GA - R_GA * R_AB * t_BA
-1.28029 -0.0355683 0.218677
t_wo + t_wo_cam
-1.28029 -0.0355683 0.218677
Time
1558546464454
Theta
-0.18127
t_GA - R_GA * R_AB * t_BA
-1.28029 -0.0355683 0.218677
t_wo + t_wo_cam
-1.28029 -0.0355683 0.218677
Time
1558546464478
Theta
-0.18127
t_GA - R_GA * R_AB * t_BA
-1.28029 -0.0355683 0.218677
t_wo + t_wo_cam
-1.28029 -0.0355683 0.218677
Time
1558546464499
Theta
-0.18127
t_GA - R_GA * R_AB * t_BA
-1.28029 -0.0355683 0.218677
t_wo + t_wo_cam
-1.28029 -0.0355683 0.218677
Time
1558546464523
Theta
-0.18127
t_GA - R_GA * R_AB * t_BA
-1.28029 -0.0355683 0.218677
t_wo + t_wo_cam
-1.28029 -0.0355683 0.218677
Time
1558546464548
Theta
-0.18127
t_GA - R_GA * R_AB * t_BA
-1.28029 -0.0355683 0.218677
t_wo + t_wo_cam
-1.28029 -0.0355683 0.218677
Time
1558546464572
Theta
-0.18127
t_GA - R_GA * R_AB * t_BA
-1.28029 -0.0355683 0.218677
t_wo + t_wo_cam
-1.28029 -0.0355683 0.218677
Time
1558546464597
Theta
-0.18127
t_GA - R_GA * R_AB * t_BA
-1.28029 -0.0355683 0.218677
t_wo + t_wo_cam
-1.28029 -0.0355683 0.218677
Time
1558546464622
Theta
-0.18127
t_GA - R_GA * R_AB * t_BA
-1.28029 -0.0355683 0.218677
t_wo + t_wo_cam
-1.28029 -0.0355683 0.218677
Time
1558546464642
Theta
-0.18127
t_GA - R_GA * R_AB * t_BA
-1.28029 -0.0355683 0.218677
t_wo + t_wo_cam
-1.28029 -0.0355683 0.218677
Time
1558546464667
Theta
-0.18127
t_GA - R_GA * R_AB * t_BA
-1.28029 -0.0355683 0.218677
t_wo + t_wo_cam
-1.28029 -0.0355683 0.218677
Time
1558546464691
Theta
-0.18127
t_GA - R_GA * R_AB * t_BA
-1.28029 -0.0355683 0.218677
t_wo + t_wo_cam
-1.28029 -0.0355683 0.218677
Time
1558546464716
Theta
-0.18127
t_GA - R_GA * R_AB * t_BA
-1.28029 -0.0355683 0.218677
t_wo + t_wo_cam
-1.28029 -0.0355683 0.218677
Time
1558546464740
Theta
-0.18127
t_GA - R_GA * R_AB * t_BA
-1.28029 -0.0355683 0.218677
t_wo + t_wo_cam
-1.28029 -0.0355683 0.218677
Time
1558546464765
Theta
-0.18127
t_GA - R_GA * R_AB * t_BA
-1.28029 -0.0355683 0.218677
t_wo + t_wo_cam
-1.28029 -0.0355683 0.218677
Time
1558546464785
Theta
-0.18127
t_GA - R_GA * R_AB * t_BA
-1.28029 -0.0355683 0.218677
t_wo + t_wo_cam
-1.28029 -0.0355683 0.218677
Time
1558546464810
Theta
-0.18127
t_GA - R_GA * R_AB * t_BA
-1.28029 -0.0355683 0.218677
t_wo + t_wo_cam
-1.28029 -0.0355683 0.218677
Time
1558546464834
Theta
-0.18127
t_GA - R_GA * R_AB * t_BA
-1.28029 -0.0355683 0.218677
t_wo + t_wo_cam
-1.28029 -0.0355683 0.218677
Time
1558546464859
Theta
-0.18127
t_GA - R_GA * R_AB * t_BA
-1.28029 -0.0355683 0.218677
t_wo + t_wo_cam
-1.28029 -0.0355683 0.218677
Time
1558546464884
Theta
-0.18127
t_GA - R_GA * R_AB * t_BA
-1.28029 -0.0355683 0.218677
t_wo + t_wo_cam
-1.28029 -0.0355683 0.218677
Time
1558546464908
Theta
-0.18127
t_GA - R_GA * R_AB * t_BA
-1.28029 -0.0355683 0.218677
t_wo + t_wo_cam
-1.28029 -0.0355683 0.218677
Time
1558546464929
Theta
-0.18127
t_GA - R_GA * R_AB * t_BA
-1.28029 -0.0355683 0.218677
t_wo + t_wo_cam
-1.28029 -0.0355683 0.218677
Time
1558546464953
Theta
-0.18127
t_GA - R_GA * R_AB * t_BA
-1.28029 -0.0355683 0.218677
t_wo + t_wo_cam
-1.28029 -0.0355683 0.218677
Time
1558546464978
Theta
-0.18127
t_GA - R_GA * R_AB * t_BA
-1.28029 -0.0355683 0.218677
t_wo + t_wo_cam
-1.28029 -0.0355683 0.218677
Time
1558546465002
Theta
-0.18127
t_GA - R_GA * R_AB * t_BA
-1.28029 -0.0355683 0.218677
t_wo + t_wo_cam
-1.28029 -0.0355683 0.218677
Time
1558546465027
Theta
-0.18127
t_GA - R_GA * R_AB * t_BA
-1.28029 -0.0355683 0.218677
t_wo + t_wo_cam
-1.28029 -0.0355683 0.218677
Time
1558546465051
Theta
-0.18127
t_GA - R_GA * R_AB * t_BA
-1.28029 -0.0355683 0.218677
t_wo + t_wo_cam
-1.28029 -0.0355683 0.218677
Time
1558546465072
Theta
-0.18127
t_GA - R_GA * R_AB * t_BA
-1.28029 -0.0355683 0.218677
t_wo + t_wo_cam
-1.28029 -0.0355683 0.218677
Time
1558546465097
Theta
-0.18127
t_GA - R_GA * R_AB * t_BA
-1.28029 -0.0355683 0.218677
t_wo + t_wo_cam
-1.28029 -0.0355683 0.218677
Time
1558546465121
Theta
-0.18127
t_GA - R_GA * R_AB * t_BA
-1.28029 -0.0355683 0.218677
t_wo + t_wo_cam
-1.28029 -0.0355683 0.218677
Time
1558546465146
Theta
-0.18127
t_GA - R_GA * R_AB * t_BA
-1.28029 -0.0355683 0.218677
t_wo + t_wo_cam
-1.28029 -0.0355683 0.218677
Time
1558546465170
Theta
-0.18127
t_GA - R_GA * R_AB * t_BA
-1.28029 -0.0355683 0.218677
t_wo + t_wo_cam
-1.28029 -0.0355683 0.218677
Time
1558546465195
Theta
-0.18127
t_GA - R_GA * R_AB * t_BA
-1.28029 -0.0355683 0.218677
t_wo + t_wo_cam
-1.28029 -0.0355683 0.218677
Time
1558546465220
Theta
-0.18127
t_GA - R_GA * R_AB * t_BA
-1.28029 -0.0355683 0.218677
t_wo + t_wo_cam
-1.28029 -0.0355683 0.218677
Time
1558546465240
Theta
-0.18127
t_GA - R_GA * R_AB * t_BA
-1.28029 -0.0355683 0.218677
t_wo + t_wo_cam
-1.28029 -0.0355683 0.218677
Time
1558546465264
Theta
-0.18127
t_GA - R_GA * R_AB * t_BA
-1.28029 -0.0355683 0.218677
t_wo + t_wo_cam
-1.28029 -0.0355683 0.218677
Time
1558546465289
Theta
-0.18127
t_GA - R_GA * R_AB * t_BA
-1.28029 -0.0355683 0.218677
t_wo + t_wo_cam
-1.28029 -0.0355683 0.218677
Time
1558546465314
Theta
-0.18127
t_GA - R_GA * R_AB * t_BA
-1.28029 -0.0355683 0.218677
t_wo + t_wo_cam
-1.28029 -0.0355683 0.218677
Time
1558546465338
Theta
-0.18127
t_GA - R_GA * R_AB * t_BA
-1.28029 -0.0355683 0.218677
t_wo + t_wo_cam
-1.28029 -0.0355683 0.218677
Time
1558546465363
Theta
-0.18127
t_GA - R_GA * R_AB * t_BA
-1.28029 -0.0355683 0.218677
t_wo + t_wo_cam
-1.28029 -0.0355683 0.218677
Time
1558546465383
Theta
-0.18127
t_GA - R_GA * R_AB * t_BA
-1.28029 -0.0355683 0.218677
t_wo + t_wo_cam
-1.28029 -0.0355683 0.218677
Time
1558546465408
Theta
-0.18127
t_GA - R_GA * R_AB * t_BA
-1.28029 -0.0355683 0.218677
t_wo + t_wo_cam
-1.28029 -0.0355683 0.218677
Time
1558546465432
Theta
-0.18127
t_GA - R_GA * R_AB * t_BA
-1.28029 -0.0355683 0.218677
t_wo + t_wo_cam
-1.28029 -0.0355683 0.218677
Time
1558546465457
Theta
-0.18127
t_GA - R_GA * R_AB * t_BA
-1.28029 -0.0355683 0.218677
t_wo + t_wo_cam
-1.28029 -0.0355683 0.218677
Time
1558546465481
Theta
-0.18127
t_GA - R_GA * R_AB * t_BA
-1.28029 -0.0355683 0.218677
t_wo + t_wo_cam
-1.28029 -0.0355683 0.218677
Time
1558546465506
Theta
-0.18127
t_GA - R_GA * R_AB * t_BA
-1.28029 -0.0355683 0.218677
t_wo + t_wo_cam
-1.28029 -0.0355683 0.218677
Time
1558546465526
Theta
-0.18127
t_GA - R_GA * R_AB * t_BA
-1.28029 -0.0355683 0.218677
t_wo + t_wo_cam
-1.28029 -0.0355683 0.218677
Time
1558546465551
Theta
-0.18127
t_GA - R_GA * R_AB * t_BA
-1.28029 -0.0355683 0.218677
t_wo + t_wo_cam
-1.28029 -0.0355683 0.218677
Time
1558546465575
Theta
-0.18127
t_GA - R_GA * R_AB * t_BA
-1.28029 -0.0355683 0.218677
t_wo + t_wo_cam
-1.28029 -0.0355683 0.218677
Time
1558546465600
Theta
-0.18127
t_GA - R_GA * R_AB * t_BA
-1.28029 -0.0355683 0.218677
t_wo + t_wo_cam
-1.28029 -0.0355683 0.218677
Time
1558546465625
Theta
-0.18127
t_GA - R_GA * R_AB * t_BA
-1.28029 -0.0355683 0.218677
t_wo + t_wo_cam
-1.28029 -0.0355683 0.218677
Time
1558546465649
Theta
-0.18127
t_GA - R_GA * R_AB * t_BA
-1.28029 -0.0355683 0.218677
t_wo + t_wo_cam
-1.28029 -0.0355683 0.218677
Time
1558546465670
Theta
-0.18127
t_GA - R_GA * R_AB * t_BA
-1.28029 -0.0355683 0.218677
t_wo + t_wo_cam
-1.28029 -0.0355683 0.218677
Time
1558546465694
Theta
-0.18127
t_GA - R_GA * R_AB * t_BA
-1.28029 -0.0355683 0.218677
t_wo + t_wo_cam
-1.28029 -0.0355683 0.218677
Time
1558546465719
Theta
-0.18127
t_GA - R_GA * R_AB * t_BA
-1.28029 -0.0355683 0.218677
t_wo + t_wo_cam
-1.28029 -0.0355683 0.218677
Time
1558546465743
Theta
-0.18127
t_GA - R_GA * R_AB * t_BA
-1.28029 -0.0355683 0.218677
t_wo + t_wo_cam
-1.28029 -0.0355683 0.218677
Time
1558546465768
Theta
-0.18127
t_GA - R_GA * R_AB * t_BA
-1.28029 -0.0355683 0.218677
t_wo + t_wo_cam
-1.28029 -0.0355683 0.218677
Time
1558546465792
Theta
-0.18127
t_GA - R_GA * R_AB * t_BA
-1.28029 -0.0355683 0.218677
t_wo + t_wo_cam
-1.28029 -0.0355683 0.218677
Time
1558546465813
Theta
-0.18127
t_GA - R_GA * R_AB * t_BA
-1.28029 -0.0355683 0.218677
t_wo + t_wo_cam
-1.28029 -0.0355683 0.218677
Time
1558546465837
Theta
-0.18127
t_GA - R_GA * R_AB * t_BA
-1.28029 -0.0355683 0.218677
t_wo + t_wo_cam
-1.28029 -0.0355683 0.218677
Time
1558546465862
Theta
-0.18127
t_GA - R_GA * R_AB * t_BA
-1.28029 -0.0355683 0.218677
t_wo + t_wo_cam
-1.28029 -0.0355683 0.218677
Time
1558546465887
Theta
-0.18127
t_GA - R_GA * R_AB * t_BA
-1.28029 -0.0355683 0.218677
t_wo + t_wo_cam
-1.28029 -0.0355683 0.218677
Time
1558546465911
Theta
-0.18127
t_GA - R_GA * R_AB * t_BA
-1.28029 -0.0355683 0.218677
t_wo + t_wo_cam
-1.28029 -0.0355683 0.218677
Time
1558546465936
Theta
-0.18127
t_GA - R_GA * R_AB * t_BA
-1.28029 -0.0355683 0.218677
t_wo + t_wo_cam
-1.28029 -0.0355683 0.218677
Time
1558546465956
Theta
-0.18127
t_GA - R_GA * R_AB * t_BA
-1.28029 -0.0355683 0.218677
t_wo + t_wo_cam
-1.28029 -0.0355683 0.218677
Time
1558546465981
Theta
-0.18127
t_GA - R_GA * R_AB * t_BA
-1.28029 -0.0355683 0.218677
t_wo + t_wo_cam
-1.28029 -0.0355683 0.218677
Time
1558546466005
Theta
-0.18127
t_GA - R_GA * R_AB * t_BA
-1.28029 -0.0355683 0.218677
t_wo + t_wo_cam
-1.28029 -0.0355683 0.218677
Time
1558546466030
Theta
-0.18127
t_GA - R_GA * R_AB * t_BA
-1.28029 -0.0355683 0.218677
t_wo + t_wo_cam
-1.28029 -0.0355683 0.218677
Time
1558546466054
Theta
-0.18127
t_GA - R_GA * R_AB * t_BA
-1.28029 -0.0355683 0.218677
t_wo + t_wo_cam
-1.28029 -0.0355683 0.218677
Time
1558546466080
Theta
-0.18127
t_GA - R_GA * R_AB * t_BA
-1.28029 -0.0355683 0.218677
t_wo + t_wo_cam
-1.28029 -0.0355683 0.218677
Time
1558546466099
Theta
-0.18127
t_GA - R_GA * R_AB * t_BA
-1.28029 -0.0355683 0.218677
t_wo + t_wo_cam
-1.28029 -0.0355683 0.218677
Time
1558546466124
Theta
-0.18127
t_GA - R_GA * R_AB * t_BA
-1.28029 -0.0355683 0.218677
t_wo + t_wo_cam
-1.28029 -0.0355683 0.218677
Time
1558546466149
Theta
-0.18127
t_GA - R_GA * R_AB * t_BA
-1.28029 -0.0355683 0.218677
t_wo + t_wo_cam
-1.28029 -0.0355683 0.218677
Time
1558546466173
Theta
-0.18127
t_GA - R_GA * R_AB * t_BA
-1.28029 -0.0355683 0.218677
t_wo + t_wo_cam
-1.28029 -0.0355683 0.218677
Time
1558546466198
Theta
-0.18127
t_GA - R_GA * R_AB * t_BA
-1.28029 -0.0355683 0.218677
t_wo + t_wo_cam
-1.28029 -0.0355683 0.218677
Time
1558546466222
Theta
-0.18127
t_GA - R_GA * R_AB * t_BA
-1.28029 -0.0355683 0.218677
t_wo + t_wo_cam
-1.28029 -0.0355683 0.218677
Time
1558546466247
Theta
-0.18127
t_GA - R_GA * R_AB * t_BA
-1.28029 -0.0355683 0.218677
t_wo + t_wo_cam
-1.28029 -0.0355683 0.218677
Time
1558546466267
Theta
-0.18127
t_GA - R_GA * R_AB * t_BA
-1.28029 -0.0355683 0.218677
t_wo + t_wo_cam
-1.28029 -0.0355683 0.218677
Time
1558546466292
Theta
-0.18127
t_GA - R_GA * R_AB * t_BA
-1.28029 -0.0355683 0.218677
t_wo + t_wo_cam
-1.28029 -0.0355683 0.218677
Time
1558546466316
Theta
-0.18127
t_GA - R_GA * R_AB * t_BA
-1.28029 -0.0355683 0.218677
t_wo + t_wo_cam
-1.28029 -0.0355683 0.218677
Time
1558546466341
Theta
-0.18127
t_GA - R_GA * R_AB * t_BA
-1.28029 -0.0355683 0.218677
t_wo + t_wo_cam
-1.28029 -0.0355683 0.218677
Time
1558546466366
Theta
-0.18127
t_GA - R_GA * R_AB * t_BA
-1.28029 -0.0355683 0.218677
t_wo + t_wo_cam
-1.28029 -0.0355683 0.218677
Time
1558546466390
Theta
-0.18127
t_GA - R_GA * R_AB * t_BA
-1.28029 -0.0355683 0.218677
t_wo + t_wo_cam
-1.28029 -0.0355683 0.218677
Time
1558546466411
Theta
-0.18127
t_GA - R_GA * R_AB * t_BA
-1.28029 -0.0355683 0.218677
t_wo + t_wo_cam
-1.28029 -0.0355683 0.218677
Time
1558546466435
Theta
-0.18127
t_GA - R_GA * R_AB * t_BA
-1.28029 -0.0355683 0.218677
t_wo + t_wo_cam
-1.28029 -0.0355683 0.218677
Time
1558546466460
Theta
-0.18127
t_GA - R_GA * R_AB * t_BA
-1.28029 -0.0355683 0.218677
t_wo + t_wo_cam
-1.28029 -0.0355683 0.218677
Time
1558546466484
Theta
-0.18127
t_GA - R_GA * R_AB * t_BA
-1.28029 -0.0355683 0.218677
t_wo + t_wo_cam
-1.28029 -0.0355683 0.218677
Time
1558546466509
Theta
-0.18127
t_GA - R_GA * R_AB * t_BA
-1.28029 -0.0355683 0.218677
t_wo + t_wo_cam
-1.28029 -0.0355683 0.218677
Time
1558546466533
Theta
-0.18127
t_GA - R_GA * R_AB * t_BA
-1.28029 -0.0355683 0.218677
t_wo + t_wo_cam
-1.28029 -0.0355683 0.218677
Time
1558546466554
Theta
-0.18127
t_GA - R_GA * R_AB * t_BA
-1.28029 -0.0355683 0.218677
t_wo + t_wo_cam
-1.28029 -0.0355683 0.218677
Time
1558546466578
Theta
-0.18127
t_GA - R_GA * R_AB * t_BA
-1.28029 -0.0355683 0.218677
t_wo + t_wo_cam
-1.28029 -0.0355683 0.218677
Time
1558546466603
Theta
-0.18127
t_GA - R_GA * R_AB * t_BA
-1.28029 -0.0355683 0.218677
t_wo + t_wo_cam
-1.28029 -0.0355683 0.218677
Time
1558546466628
Theta
-0.18127
t_GA - R_GA * R_AB * t_BA
-1.28029 -0.0355683 0.218677
t_wo + t_wo_cam
-1.28029 -0.0355683 0.218677
Time
1558546466652
Theta
-0.18127
t_GA - R_GA * R_AB * t_BA
-1.28029 -0.0355683 0.218677
t_wo + t_wo_cam
-1.28029 -0.0355683 0.218677
Time
1558546466677
Theta
-0.18127
t_GA - R_GA * R_AB * t_BA
-1.28029 -0.0355683 0.218677
t_wo + t_wo_cam
-1.28029 -0.0355683 0.218677
Time
1558546466697
Theta
-0.18127
t_GA - R_GA * R_AB * t_BA
-1.28029 -0.0355683 0.218677
t_wo + t_wo_cam
-1.28029 -0.0355683 0.218677
Time
1558546466722
Theta
-0.18127
t_GA - R_GA * R_AB * t_BA
-1.28029 -0.0355683 0.218677
t_wo + t_wo_cam
-1.28029 -0.0355683 0.218677
Time
1558546466746
Theta
-0.18127
t_GA - R_GA * R_AB * t_BA
-1.28029 -0.0355683 0.218677
t_wo + t_wo_cam
-1.28029 -0.0355683 0.218677
Time
1558546466771
Theta
-0.18127
t_GA - R_GA * R_AB * t_BA
-1.28029 -0.0355683 0.218677
t_wo + t_wo_cam
-1.28029 -0.0355683 0.218677
Time
1558546466795
Theta
-0.18127
t_GA - R_GA * R_AB * t_BA
-1.28029 -0.0355683 0.218677
t_wo + t_wo_cam
-1.28029 -0.0355683 0.218677
Time
1558546466820
Theta
-0.18127
t_GA - R_GA * R_AB * t_BA
-1.28029 -0.0355683 0.218677
t_wo + t_wo_cam
-1.28029 -0.0355683 0.218677
Time
1558546466840
Theta
-0.18127
t_GA - R_GA * R_AB * t_BA
-1.28029 -0.0355683 0.218677
t_wo + t_wo_cam
-1.28029 -0.0355683 0.218677
Time
1558546466865
Theta
-0.18127
t_GA - R_GA * R_AB * t_BA
-1.28029 -0.0355683 0.218677
t_wo + t_wo_cam
-1.28029 -0.0355683 0.218677
Time
1558546466890
Theta
-0.18127
t_GA - R_GA * R_AB * t_BA
-1.28029 -0.0355683 0.218677
t_wo + t_wo_cam
-1.28029 -0.0355683 0.218677
Time
1558546466914
Theta
-0.18127
t_GA - R_GA * R_AB * t_BA
-1.28029 -0.0355683 0.218677
t_wo + t_wo_cam
-1.28029 -0.0355683 0.218677
Time
1558546466939
Theta
-0.18127
t_GA - R_GA * R_AB * t_BA
-1.28029 -0.0355683 0.218677
t_wo + t_wo_cam
-1.28029 -0.0355683 0.218677
Time
1558546466963
Theta
-0.18127
t_GA - R_GA * R_AB * t_BA
-1.28029 -0.0355683 0.218677
t_wo + t_wo_cam
-1.28029 -0.0355683 0.218677
Time
1558546466984
Theta
-0.18127
t_GA - R_GA * R_AB * t_BA
-1.28029 -0.0355683 0.218677
t_wo + t_wo_cam
-1.28029 -0.0355683 0.218677
Time
1558546467008
Theta
-0.18127
t_GA - R_GA * R_AB * t_BA
-1.28029 -0.0355683 0.218677
t_wo + t_wo_cam
-1.28029 -0.0355683 0.218677
Time
1558546467033
Theta
-0.18127
t_GA - R_GA * R_AB * t_BA
-1.28029 -0.0355683 0.218677
t_wo + t_wo_cam
-1.28029 -0.0355683 0.218677
Time
1558546467057
Theta
-0.18127
t_GA - R_GA * R_AB * t_BA
-1.28029 -0.0355683 0.218677
t_wo + t_wo_cam
-1.28029 -0.0355683 0.218677
Time
1558546467082
Theta
-0.18127
t_GA - R_GA * R_AB * t_BA
-1.28029 -0.0355683 0.218677
t_wo + t_wo_cam
-1.28029 -0.0355683 0.218677
Time
1558546467107
Theta
-0.18127
t_GA - R_GA * R_AB * t_BA
-1.28029 -0.0355683 0.218677
t_wo + t_wo_cam
-1.28029 -0.0355683 0.218677
Time
1558546467127
Theta
-0.18127
t_GA - R_GA * R_AB * t_BA
-1.28029 -0.0355683 0.218677
t_wo + t_wo_cam
-1.28029 -0.0355683 0.218677
Time
1558546467152
Theta
-0.18127
t_GA - R_GA * R_AB * t_BA
-1.28029 -0.0355683 0.218677
t_wo + t_wo_cam
-1.28029 -0.0355683 0.218677
Time
1558546467176
Theta
-0.18127
t_GA - R_GA * R_AB * t_BA
-1.28029 -0.0355683 0.218677
t_wo + t_wo_cam
-1.28029 -0.0355683 0.218677
Time
1558546467201
Theta
-0.18127
t_GA - R_GA * R_AB * t_BA
-1.28029 -0.0355683 0.218677
t_wo + t_wo_cam
-1.28029 -0.0355683 0.218677
Time
1558546467225
Theta
-0.18127
t_GA - R_GA * R_AB * t_BA
-1.28029 -0.0355683 0.218677
t_wo + t_wo_cam
-1.28029 -0.0355683 0.218677
Time
1558546467250
Theta
-0.18127
t_GA - R_GA * R_AB * t_BA
-1.28029 -0.0355683 0.218677
t_wo + t_wo_cam
-1.28029 -0.0355683 0.218677
Time
1558546467270
Theta
-0.18127
t_GA - R_GA * R_AB * t_BA
-1.28029 -0.0355683 0.218677
t_wo + t_wo_cam
-1.28029 -0.0355683 0.218677
Time
1558546467295
Theta
-0.18127
t_GA - R_GA * R_AB * t_BA
-1.28029 -0.0355683 0.218677
t_wo + t_wo_cam
-1.28029 -0.0355683 0.218677
Time
1558546467319
Theta
-0.18127
t_GA - R_GA * R_AB * t_BA
-1.28029 -0.0355683 0.218677
t_wo + t_wo_cam
-1.28029 -0.0355683 0.218677
Time
1558546467344
Theta
-0.18127
t_GA - R_GA * R_AB * t_BA
-1.28029 -0.0355683 0.218677
t_wo + t_wo_cam
-1.28029 -0.0355683 0.218677
Time
1558546467369
Theta
-0.18127
t_GA - R_GA * R_AB * t_BA
-1.28029 -0.0355683 0.218677
t_wo + t_wo_cam
-1.28029 -0.0355683 0.218677
Time
1558546467393
Theta
-0.18127
t_GA - R_GA * R_AB * t_BA
-1.28029 -0.0355683 0.218677
t_wo + t_wo_cam
-1.28029 -0.0355683 0.218677
Time
1558546467418
Theta
-0.18127
t_GA - R_GA * R_AB * t_BA
-1.28029 -0.0355683 0.218677
t_wo + t_wo_cam
-1.28029 -0.0355683 0.218677
Time
1558546467438
Theta
-0.18127
t_GA - R_GA * R_AB * t_BA
-1.28029 -0.0355683 0.218677
t_wo + t_wo_cam
-1.28029 -0.0355683 0.218677
Time
1558546467463
Theta
-0.18127
t_GA - R_GA * R_AB * t_BA
-1.28029 -0.0355683 0.218677
t_wo + t_wo_cam
-1.28029 -0.0355683 0.218677
Time
1558546467487
Theta
-0.18127
t_GA - R_GA * R_AB * t_BA
-1.28029 -0.0355683 0.218677
t_wo + t_wo_cam
-1.28029 -0.0355683 0.218677
Time
1558546467512
Theta
-0.18127
t_GA - R_GA * R_AB * t_BA
-1.28029 -0.0355683 0.218677
t_wo + t_wo_cam
-1.28029 -0.0355683 0.218677
Time
1558546467536
Theta
-0.18127
t_GA - R_GA * R_AB * t_BA
-1.28029 -0.0355683 0.218677
t_wo + t_wo_cam
-1.28029 -0.0355683 0.218677
Time
1558546467561
Theta
-0.18127
t_GA - R_GA * R_AB * t_BA
-1.28029 -0.0355683 0.218677
t_wo + t_wo_cam
-1.28029 -0.0355683 0.218677
Time
1558546467581
Theta
-0.18127
t_GA - R_GA * R_AB * t_BA
-1.28029 -0.0355683 0.218677
t_wo + t_wo_cam
-1.28029 -0.0355683 0.218677
Time
1558546467606
Theta
-0.18127
t_GA - R_GA * R_AB * t_BA
-1.28029 -0.0355683 0.218677
t_wo + t_wo_cam
-1.28029 -0.0355683 0.218677
Time
1558546467631
Theta
-0.18127
t_GA - R_GA * R_AB * t_BA
-1.28029 -0.0355683 0.218677
t_wo + t_wo_cam
-1.28029 -0.0355683 0.218677
Time
1558546467655
Theta
-0.18127
t_GA - R_GA * R_AB * t_BA
-1.28029 -0.0355683 0.218677
t_wo + t_wo_cam
-1.28029 -0.0355683 0.218677
Time
1558546467680
Theta
-0.18127
t_GA - R_GA * R_AB * t_BA
-1.28029 -0.0355683 0.218677
t_wo + t_wo_cam
-1.28029 -0.0355683 0.218677
Time
1558546467704
Theta
-0.18127
t_GA - R_GA * R_AB * t_BA
-1.28029 -0.0355683 0.218677
t_wo + t_wo_cam
-1.28029 -0.0355683 0.218677
Time
1558546467725
Theta
-0.18127
t_GA - R_GA * R_AB * t_BA
-1.28029 -0.0355683 0.218677
t_wo + t_wo_cam
-1.28029 -0.0355683 0.218677
Time
1558546467749
Theta
-0.18127
t_GA - R_GA * R_AB * t_BA
-1.28029 -0.0355683 0.218677
t_wo + t_wo_cam
-1.28029 -0.0355683 0.218677
Time
1558546467774
Theta
-0.18127
t_GA - R_GA * R_AB * t_BA
-1.28029 -0.0355683 0.218677
t_wo + t_wo_cam
-1.28029 -0.0355683 0.218677
Time
1558546467798
Theta
-0.18127
t_GA - R_GA * R_AB * t_BA
-1.28029 -0.0355683 0.218677
t_wo + t_wo_cam
-1.28029 -0.0355683 0.218677
Time
1558546467823
Theta
-0.18127
t_GA - R_GA * R_AB * t_BA
-1.28029 -0.0355683 0.218677
t_wo + t_wo_cam
-1.28029 -0.0355683 0.218677
Time
1558546467848
Theta
-0.18127
t_GA - R_GA * R_AB * t_BA
-1.28029 -0.0355683 0.218677
t_wo + t_wo_cam
-1.28029 -0.0355683 0.218677
Time
1558546467868
Theta
-0.18127
t_GA - R_GA * R_AB * t_BA
-1.28029 -0.0355683 0.218677
t_wo + t_wo_cam
-1.28029 -0.0355683 0.218677
Time
1558546467893
Theta
-0.18127
t_GA - R_GA * R_AB * t_BA
-1.28029 -0.0355683 0.218677
t_wo + t_wo_cam
-1.28029 -0.0355683 0.218677
Time
1558546467917
Theta
-0.18127
t_GA - R_GA * R_AB * t_BA
-1.28029 -0.0355683 0.218677
t_wo + t_wo_cam
-1.28029 -0.0355683 0.218677
Time
1558546467942
Theta
-0.18127
t_GA - R_GA * R_AB * t_BA
-1.28029 -0.0355683 0.218677
t_wo + t_wo_cam
-1.28029 -0.0355683 0.218677
Time
1558546467966
Theta
-0.18127
t_GA - R_GA * R_AB * t_BA
-1.28029 -0.0355683 0.218677
t_wo + t_wo_cam
-1.28029 -0.0355683 0.218677
Time
1558546467991
Theta
-0.18127
t_GA - R_GA * R_AB * t_BA
-1.28029 -0.0355683 0.218677
t_wo + t_wo_cam
-1.28029 -0.0355683 0.218677
Time
1558546468011
Theta
-0.18127
t_GA - R_GA * R_AB * t_BA
-1.28029 -0.0355683 0.218677
t_wo + t_wo_cam
-1.28029 -0.0355683 0.218677
Time
1558546468036
Theta
-0.18127
t_GA - R_GA * R_AB * t_BA
-1.28029 -0.0355683 0.218677
t_wo + t_wo_cam
-1.28029 -0.0355683 0.218677
Time
1558546468060
Theta
-0.18127
t_GA - R_GA * R_AB * t_BA
-1.28029 -0.0355683 0.218677
t_wo + t_wo_cam
-1.28029 -0.0355683 0.218677
Time
1558546468085
Theta
-0.18127
t_GA - R_GA * R_AB * t_BA
-1.28029 -0.0355683 0.218677
t_wo + t_wo_cam
-1.28029 -0.0355683 0.218677
Time
1558546468110
Theta
-0.18127
t_GA - R_GA * R_AB * t_BA
-1.28029 -0.0355683 0.218677
t_wo + t_wo_cam
-1.28029 -0.0355683 0.218677
Time
1558546468134
Theta
-0.18127
t_GA - R_GA * R_AB * t_BA
-1.28029 -0.0355683 0.218677
t_wo + t_wo_cam
-1.28029 -0.0355683 0.218677
Time
1558546468155
Theta
-0.18127
t_GA - R_GA * R_AB * t_BA
-1.28029 -0.0355683 0.218677
t_wo + t_wo_cam
-1.28029 -0.0355683 0.218677
Time
1558546468179
Theta
-0.18127
t_GA - R_GA * R_AB * t_BA
-1.28029 -0.0355683 0.218677
t_wo + t_wo_cam
-1.28029 -0.0355683 0.218677
Time
1558546468204
Theta
-0.18127
t_GA - R_GA * R_AB * t_BA
-1.28029 -0.0355683 0.218677
t_wo + t_wo_cam
-1.28029 -0.0355683 0.218677
Time
1558546468228
Theta
-0.18127
t_GA - R_GA * R_AB * t_BA
-1.28029 -0.0355683 0.218677
t_wo + t_wo_cam
-1.28029 -0.0355683 0.218677
Time
1558546468253
Theta
-0.18127
t_GA - R_GA * R_AB * t_BA
-1.28029 -0.0355683 0.218677
t_wo + t_wo_cam
-1.28029 -0.0355683 0.218677
Time
1558546468277
Theta
-0.18127
t_GA - R_GA * R_AB * t_BA
-1.28029 -0.0355683 0.218677
t_wo + t_wo_cam
-1.28029 -0.0355683 0.218677
Time
1558546468298
Theta
-0.18127
t_GA - R_GA * R_AB * t_BA
-1.28029 -0.0355683 0.218677
t_wo + t_wo_cam
-1.28029 -0.0355683 0.218677
Time
1558546468322
Theta
-0.18127
t_GA - R_GA * R_AB * t_BA
-1.28029 -0.0355683 0.218677
t_wo + t_wo_cam
-1.28029 -0.0355683 0.218677
Time
1558546468347
Theta
-0.18127
t_GA - R_GA * R_AB * t_BA
-0.940691 0.367437 0.602852
t_wo + t_wo_cam
-1.28029 -0.0355683 0.218677
Time
1558546468371
Theta
-0.18127
t_GA - R_GA * R_AB * t_BA
-0.940691 0.367437 0.602852
t_wo + t_wo_cam
-0.940691 0.367437 0.602852
Time
1558546468396
Theta
-2.72773
t_GA - R_GA * R_AB * t_BA
-0.940691 0.367437 0.602852
t_wo + t_wo_cam
-0.940691 0.367437 0.602852
Time
1558546468421
Theta
-2.72773
t_GA - R_GA * R_AB * t_BA
-0.940691 0.367437 0.602852
t_wo + t_wo_cam
-0.940691 0.367437 0.602852
Time
1558546468445
Theta
-2.72773
t_GA - R_GA * R_AB * t_BA
-0.993398 0.243657 0.538777
t_wo + t_wo_cam
-0.940691 0.367437 0.602852
Time
1558546468466
Theta
-2.72773
t_GA - R_GA * R_AB * t_BA
-0.993398 0.243657 0.538777
t_wo + t_wo_cam
-0.993398 0.243657 0.538777
Time
1558546468490
Theta
-2.82582
t_GA - R_GA * R_AB * t_BA
-0.993398 0.243657 0.538777
t_wo + t_wo_cam
-0.993398 0.243657 0.538777
Time
1558546468515
Theta
-2.82582
t_GA - R_GA * R_AB * t_BA
-1.05654 0.059306 0.417244
t_wo + t_wo_cam
-0.993398 0.243657 0.538777
Time
1558546468539
Theta
-2.82582
t_GA - R_GA * R_AB * t_BA
-1.05654 0.059306 0.417244
t_wo + t_wo_cam
-1.05654 0.059306 0.417244
Time
1558546468564
Theta
-2.90064
t_GA - R_GA * R_AB * t_BA
-1.05654 0.059306 0.417244
t_wo + t_wo_cam
-1.05654 0.059306 0.417244
Time
1558546468589
Theta
-2.90064
t_GA - R_GA * R_AB * t_BA
-1.05654 0.059306 0.417244
t_wo + t_wo_cam
-1.05654 0.059306 0.417244
Time
1558546468609
Theta
-2.90064
t_GA - R_GA * R_AB * t_BA
-1.05539 0.0171616 0.396305
t_wo + t_wo_cam
-1.05654 0.059306 0.417244
Time
1558546468634
Theta
-2.90064
t_GA - R_GA * R_AB * t_BA
-1.05539 0.0171616 0.396305
t_wo + t_wo_cam
-1.05539 0.0171616 0.396305
Time
1558546468658
Theta
-2.90957
t_GA - R_GA * R_AB * t_BA
-1.05539 0.0171616 0.396305
t_wo + t_wo_cam
-1.05539 0.0171616 0.396305
Time
1558546468683
Theta
-2.90957
t_GA - R_GA * R_AB * t_BA
-1.0653 -0.0229733 0.369603
t_wo + t_wo_cam
-1.05539 0.0171616 0.396305
Time
1558546468707
Theta
-2.90957
t_GA - R_GA * R_AB * t_BA
-1.0653 -0.0229733 0.369603
t_wo + t_wo_cam
-1.0653 -0.0229733 0.369603
Time
1558546468732
Theta
-2.94112
t_GA - R_GA * R_AB * t_BA
-1.0653 -0.0229733 0.369603
t_wo + t_wo_cam
-1.0653 -0.0229733 0.369603
Time
1558546468752
Theta
-2.94112
t_GA - R_GA * R_AB * t_BA
-1.0653 -0.0229733 0.369603
t_wo + t_wo_cam
-1.0653 -0.0229733 0.369603
Time
1558546468777
Theta
-2.94112
t_GA - R_GA * R_AB * t_BA
-1.08434 -0.0735254 0.318899
t_wo + t_wo_cam
-1.0653 -0.0229733 0.369603
Time
1558546468801
Theta
-2.94112
t_GA - R_GA * R_AB * t_BA
-1.08434 -0.0735254 0.318899
t_wo + t_wo_cam
-1.08434 -0.0735254 0.318899
Time
1558546468826
Theta
-2.98484
t_GA - R_GA * R_AB * t_BA
-1.08434 -0.0735254 0.318899
t_wo + t_wo_cam
-1.08434 -0.0735254 0.318899
Time
1558546468851
Theta
-2.98484
t_GA - R_GA * R_AB * t_BA
-1.08434 -0.0735254 0.318899
t_wo + t_wo_cam
-1.08434 -0.0735254 0.318899
Time
1558546468875
Theta
-2.98484
t_GA - R_GA * R_AB * t_BA
-1.08922 -0.0959771 0.303784
t_wo + t_wo_cam
-1.08434 -0.0735254 0.318899
Time
1558546468896
Theta
-2.98484
t_GA - R_GA * R_AB * t_BA
-1.08922 -0.0959771 0.303784
t_wo + t_wo_cam
-1.08922 -0.0959771 0.303784
Time
1558546468920
Theta
-2.96688
t_GA - R_GA * R_AB * t_BA
-1.08922 -0.0959771 0.303784
t_wo + t_wo_cam
-1.08922 -0.0959771 0.303784
Time
1558546468945
Theta
-2.96688
t_GA - R_GA * R_AB * t_BA
-1.0911 -0.105413 0.301676
t_wo + t_wo_cam
-1.08922 -0.0959771 0.303784
Time
1558546468969
Theta
-2.96688
t_GA - R_GA * R_AB * t_BA
-1.0911 -0.105413 0.301676
t_wo + t_wo_cam
-1.0911 -0.105413 0.301676
Time
1558546468994
Theta
-2.97124
t_GA - R_GA * R_AB * t_BA
-1.0911 -0.105413 0.301676
t_wo + t_wo_cam
-1.0911 -0.105413 0.301676
Time
1558546469018
Theta
-2.97124
t_GA - R_GA * R_AB * t_BA
-1.0911 -0.105413 0.301676
t_wo + t_wo_cam
-1.0911 -0.105413 0.301676
Time
1558546469039
Theta
-2.97124
t_GA - R_GA * R_AB * t_BA
-1.0909 -0.108359 0.304493
t_wo + t_wo_cam
-1.0911 -0.105413 0.301676
Time
1558546469063
Theta
-2.97124
t_GA - R_GA * R_AB * t_BA
-1.0909 -0.108359 0.304493
t_wo + t_wo_cam
-1.0909 -0.108359 0.304493
Time
1558546469088
Theta
-2.98888
t_GA - R_GA * R_AB * t_BA
-1.0909 -0.108359 0.304493
t_wo + t_wo_cam
-1.0909 -0.108359 0.304493
Time
1558546469112
Theta
-2.98888
t_GA - R_GA * R_AB * t_BA
-1.08551 -0.115664 0.314474
t_wo + t_wo_cam
-1.0909 -0.108359 0.304493
Time
1558546469137
Theta
-2.98888
t_GA - R_GA * R_AB * t_BA
-1.08551 -0.115664 0.314474
t_wo + t_wo_cam
-1.08551 -0.115664 0.314474
Time
1558546469162
Theta
-3.00073
t_GA - R_GA * R_AB * t_BA
-1.08551 -0.115664 0.314474
t_wo + t_wo_cam
-1.08551 -0.115664 0.314474
Time
1558546469182
Theta
-3.00073
t_GA - R_GA * R_AB * t_BA
-1.08551 -0.115664 0.314474
t_wo + t_wo_cam
-1.08551 -0.115664 0.314474
Time
1558546469207
Theta
-3.00073
t_GA - R_GA * R_AB * t_BA
-1.07751 -0.137189 0.327727
t_wo + t_wo_cam
-1.08551 -0.115664 0.314474
Time
1558546469231
Theta
-3.00073
t_GA - R_GA * R_AB * t_BA
-1.07751 -0.137189 0.327727
t_wo + t_wo_cam
-1.07751 -0.137189 0.327727
Time
1558546469256
Theta
3.008
t_GA - R_GA * R_AB * t_BA
-1.07751 -0.137189 0.327727
t_wo + t_wo_cam
-1.07751 -0.137189 0.327727
Time
1558546469280
Theta
3.008
t_GA - R_GA * R_AB * t_BA
-1.06804 -0.153716 0.344115
t_wo + t_wo_cam
-1.07751 -0.137189 0.327727
Time
1558546469305
Theta
3.008
t_GA - R_GA * R_AB * t_BA
-1.06804 -0.153716 0.344115
t_wo + t_wo_cam
-1.06804 -0.153716 0.344115
Time
1558546469325
Theta
2.99873
t_GA - R_GA * R_AB * t_BA
-1.06804 -0.153716 0.344115
t_wo + t_wo_cam
-1.06804 -0.153716 0.344115
Time
1558546469350
Theta
2.99873
t_GA - R_GA * R_AB * t_BA
-1.06804 -0.153716 0.344115
t_wo + t_wo_cam
-1.06804 -0.153716 0.344115
Time
1558546469374
Theta
2.99873
t_GA - R_GA * R_AB * t_BA
-1.06498 -0.205166 0.338503
t_wo + t_wo_cam
-1.06804 -0.153716 0.344115
Time
1558546469399
Theta
2.99873
t_GA - R_GA * R_AB * t_BA
-1.06498 -0.205166 0.338503
t_wo + t_wo_cam
-1.06498 -0.205166 0.338503
Time
1558546469424
Theta
2.968
t_GA - R_GA * R_AB * t_BA
-1.06498 -0.205166 0.338503
t_wo + t_wo_cam
-1.06498 -0.205166 0.338503
Time
1558546469448
Theta
2.968
t_GA - R_GA * R_AB * t_BA
-1.06498 -0.205166 0.338503
t_wo + t_wo_cam
-1.06498 -0.205166 0.338503
Time
1558546469473
Theta
2.968
t_GA - R_GA * R_AB * t_BA
-1.07501 -0.189992 0.322853
t_wo + t_wo_cam
-1.06498 -0.205166 0.338503
Time
1558546469493
Theta
2.968
t_GA - R_GA * R_AB * t_BA
-1.07501 -0.189992 0.322853
t_wo + t_wo_cam
-1.07501 -0.189992 0.322853
Time
1558546469518
Theta
2.97509
t_GA - R_GA * R_AB * t_BA
-1.07501 -0.189992 0.322853
t_wo + t_wo_cam
-1.07501 -0.189992 0.322853
Time
1558546469542
Theta
2.97509
t_GA - R_GA * R_AB * t_BA
-1.08743 -0.192789 0.295733
t_wo + t_wo_cam
-1.07501 -0.189992 0.322853
Time
1558546469567
Theta
2.97509
t_GA - R_GA * R_AB * t_BA
-1.08743 -0.192789 0.295733
t_wo + t_wo_cam
-1.08743 -0.192789 0.295733
Time
1558546469591
Theta
2.9811
t_GA - R_GA * R_AB * t_BA
-1.08743 -0.192789 0.295733
t_wo + t_wo_cam
-1.08743 -0.192789 0.295733
Time
1558546469616
Theta
2.9811
t_GA - R_GA * R_AB * t_BA
-1.08743 -0.192789 0.295733
t_wo + t_wo_cam
-1.08743 -0.192789 0.295733
Time
1558546469636
Theta
2.9811
t_GA - R_GA * R_AB * t_BA
-1.11385 -0.197765 0.235529
t_wo + t_wo_cam
-1.08743 -0.192789 0.295733
Time
1558546469661
Theta
2.9811
t_GA - R_GA * R_AB * t_BA
-1.11385 -0.197765 0.235529
t_wo + t_wo_cam
-1.11385 -0.197765 0.235529
Time
1558546469686
Theta
2.9926
t_GA - R_GA * R_AB * t_BA
-1.11385 -0.197765 0.235529
t_wo + t_wo_cam
-1.11385 -0.197765 0.235529
Time
1558546469710
Theta
2.9926
t_GA - R_GA * R_AB * t_BA
-1.11385 -0.197765 0.235529
t_wo + t_wo_cam
-1.11385 -0.197765 0.235529
Time
1558546469735
Theta
2.9926
t_GA - R_GA * R_AB * t_BA
-1.12008 -0.197723 0.220648
t_wo + t_wo_cam
-1.11385 -0.197765 0.235529
Time
1558546469759
Theta
2.9926
t_GA - R_GA * R_AB * t_BA
-1.12008 -0.197723 0.220648
t_wo + t_wo_cam
-1.12008 -0.197723 0.220648
Time
1558546469780
Theta
2.99886
t_GA - R_GA * R_AB * t_BA
-1.12008 -0.197723 0.220648
t_wo + t_wo_cam
-1.12008 -0.197723 0.220648
Time
1558546469804
Theta
2.99886
t_GA - R_GA * R_AB * t_BA
-1.12486 -0.215707 0.202718
t_wo + t_wo_cam
-1.12008 -0.197723 0.220648
Time
1558546469829
Theta
2.99886
t_GA - R_GA * R_AB * t_BA
-1.12486 -0.215707 0.202718
t_wo + t_wo_cam
-1.12486 -0.215707 0.202718
Time
1558546469853
Theta
2.99503
t_GA - R_GA * R_AB * t_BA
-1.12486 -0.215707 0.202718
t_wo + t_wo_cam
-1.12486 -0.215707 0.202718
Time
1558546469878
Theta
2.99503
t_GA - R_GA * R_AB * t_BA
-1.12486 -0.215707 0.202718
t_wo + t_wo_cam
-1.12486 -0.215707 0.202718
Time
1558546469903
Theta
2.99503
t_GA - R_GA * R_AB * t_BA
-1.12019 -0.232336 0.20623
t_wo + t_wo_cam
-1.12486 -0.215707 0.202718
Time
1558546469923
Theta
2.99503
t_GA - R_GA * R_AB * t_BA
-1.12019 -0.232336 0.20623
t_wo + t_wo_cam
-1.12019 -0.232336 0.20623
Time
1558546469948
Theta
2.9858
t_GA - R_GA * R_AB * t_BA
-1.12019 -0.232336 0.20623
t_wo + t_wo_cam
-1.12019 -0.232336 0.20623
Time
1558546469972
Theta
2.9858
t_GA - R_GA * R_AB * t_BA
-1.11422 -0.242841 0.220531
t_wo + t_wo_cam
-1.12019 -0.232336 0.20623
Time
1558546469997
Theta
2.9858
t_GA - R_GA * R_AB * t_BA
-1.11422 -0.242841 0.220531
t_wo + t_wo_cam
-1.11422 -0.242841 0.220531
Time
1558546470021
Theta
2.97995
t_GA - R_GA * R_AB * t_BA
-1.11422 -0.242841 0.220531
t_wo + t_wo_cam
-1.11422 -0.242841 0.220531
Time
1558546470046
Theta
2.97995
t_GA - R_GA * R_AB * t_BA
-1.11422 -0.242841 0.220531
t_wo + t_wo_cam
-1.11422 -0.242841 0.220531
Time
1558546470066
Theta
2.97995
t_GA - R_GA * R_AB * t_BA
-1.10857 -0.250947 0.231677
t_wo + t_wo_cam
-1.11422 -0.242841 0.220531
Time
1558546470091
Theta
2.97995
t_GA - R_GA * R_AB * t_BA
-1.10857 -0.250947 0.231677
t_wo + t_wo_cam
-1.10857 -0.250947 0.231677
Time
1558546470116
Theta
2.97571
t_GA - R_GA * R_AB * t_BA
-1.10857 -0.250947 0.231677
t_wo + t_wo_cam
-1.10857 -0.250947 0.231677
Time
1558546470140
Theta
2.97571
t_GA - R_GA * R_AB * t_BA
-1.10788 -0.253299 0.233033
t_wo + t_wo_cam
-1.10857 -0.250947 0.231677
Time
1558546470165
Theta
2.97571
t_GA - R_GA * R_AB * t_BA
-1.10788 -0.253299 0.233033
t_wo + t_wo_cam
-1.10788 -0.253299 0.233033
Time
1558546470189
Theta
2.97443
t_GA - R_GA * R_AB * t_BA
-1.10788 -0.253299 0.233033
t_wo + t_wo_cam
-1.10788 -0.253299 0.233033
Time
1558546470210
Theta
2.97443
t_GA - R_GA * R_AB * t_BA
-1.10788 -0.253299 0.233033
t_wo + t_wo_cam
-1.10788 -0.253299 0.233033
Time
1558546470234
Theta
2.97443
t_GA - R_GA * R_AB * t_BA
-1.10829 -0.254511 0.231796
t_wo + t_wo_cam
-1.10788 -0.253299 0.233033
Time
1558546470259
Theta
2.97443
t_GA - R_GA * R_AB * t_BA
-1.10829 -0.254511 0.231796
t_wo + t_wo_cam
-1.10829 -0.254511 0.231796
Time
1558546470283
Theta
2.97451
t_GA - R_GA * R_AB * t_BA
-1.10829 -0.254511 0.231796
t_wo + t_wo_cam
-1.10829 -0.254511 0.231796
Time
1558546470308
Theta
2.97451
t_GA - R_GA * R_AB * t_BA
-1.11651 -0.260778 0.205912
t_wo + t_wo_cam
-1.10829 -0.254511 0.231796
Time
1558546470332
Theta
2.97451
t_GA - R_GA * R_AB * t_BA
-1.11651 -0.260778 0.205912
t_wo + t_wo_cam
-1.11651 -0.260778 0.205912
Time
1558546470353
Theta
2.96989
t_GA - R_GA * R_AB * t_BA
-1.11651 -0.260778 0.205912
t_wo + t_wo_cam
-1.11651 -0.260778 0.205912
Time
1558546470378
Theta
2.96989
t_GA - R_GA * R_AB * t_BA
-1.11651 -0.260778 0.205912
t_wo + t_wo_cam
-1.11651 -0.260778 0.205912
Time
1558546470402
Theta
2.96989
t_GA - R_GA * R_AB * t_BA
-1.12102 -0.257662 0.195964
t_wo + t_wo_cam
-1.11651 -0.260778 0.205912
Time
1558546470427
Theta
2.96989
t_GA - R_GA * R_AB * t_BA
-1.12102 -0.257662 0.195964
t_wo + t_wo_cam
-1.12102 -0.257662 0.195964
Time
1558546470451
Theta
2.97231
t_GA - R_GA * R_AB * t_BA
-1.12102 -0.257662 0.195964
t_wo + t_wo_cam
-1.12102 -0.257662 0.195964
Time
1558546470476
Theta
2.97231
t_GA - R_GA * R_AB * t_BA
-1.12102 -0.257662 0.195964
t_wo + t_wo_cam
-1.12102 -0.257662 0.195964
Time
1558546470500
Theta
2.97231
t_GA - R_GA * R_AB * t_BA
-1.12379 -0.260532 0.185755
t_wo + t_wo_cam
-1.12102 -0.257662 0.195964
Time
1558546470521
Theta
2.97231
t_GA - R_GA * R_AB * t_BA
-1.12379 -0.260532 0.185755
t_wo + t_wo_cam
-1.12379 -0.260532 0.185755
Time
1558546470545
Theta
2.97052
t_GA - R_GA * R_AB * t_BA
-1.12379 -0.260532 0.185755
t_wo + t_wo_cam
-1.12379 -0.260532 0.185755
Time
1558546470570
Theta
2.97052
t_GA - R_GA * R_AB * t_BA
-1.12588 -0.261744 0.178099
t_wo + t_wo_cam
-1.12379 -0.260532 0.185755
Time
1558546470594
Theta
2.97052
t_GA - R_GA * R_AB * t_BA
-1.12588 -0.261744 0.178099
t_wo + t_wo_cam
-1.12588 -0.261744 0.178099
Time
1558546470619
Theta
2.96945
t_GA - R_GA * R_AB * t_BA
-1.12588 -0.261744 0.178099
t_wo + t_wo_cam
-1.12588 -0.261744 0.178099
Time
1558546470644
Theta
2.96945
t_GA - R_GA * R_AB * t_BA
-1.12588 -0.261744 0.178099
t_wo + t_wo_cam
-1.12588 -0.261744 0.178099
Time
1558546470664
Theta
2.96945
t_GA - R_GA * R_AB * t_BA
-1.12387 -0.261309 0.184203
t_wo + t_wo_cam
-1.12588 -0.261744 0.178099
Time
1558546470689
Theta
2.96945
t_GA - R_GA * R_AB * t_BA
-1.12387 -0.261309 0.184203
t_wo + t_wo_cam
-1.12387 -0.261309 0.184203
Time
1558546470713
Theta
2.97044
t_GA - R_GA * R_AB * t_BA
-1.12387 -0.261309 0.184203
t_wo + t_wo_cam
-1.12387 -0.261309 0.184203
Time
1558546470738
Theta
2.97044
t_GA - R_GA * R_AB * t_BA
-1.12307 -0.254749 0.192143
t_wo + t_wo_cam
-1.12387 -0.261309 0.184203
Time
1558546470762
Theta
2.97044
t_GA - R_GA * R_AB * t_BA
-1.12307 -0.254749 0.192143
t_wo + t_wo_cam
-1.12307 -0.254749 0.192143
Time
1558546470787
Theta
2.97622
t_GA - R_GA * R_AB * t_BA
-1.12307 -0.254749 0.192143
t_wo + t_wo_cam
-1.12307 -0.254749 0.192143
Time
1558546470807
Theta
2.97622
t_GA - R_GA * R_AB * t_BA
-1.12307 -0.254749 0.192143
t_wo + t_wo_cam
-1.12307 -0.254749 0.192143
Time
1558546470832
Theta
2.97622
t_GA - R_GA * R_AB * t_BA
-1.11441 -0.260575 0.213926
t_wo + t_wo_cam
-1.12307 -0.254749 0.192143
Time
1558546470856
Theta
2.97622
t_GA - R_GA * R_AB * t_BA
-1.11441 -0.260575 0.213926
t_wo + t_wo_cam
-1.11441 -0.260575 0.213926
Time
1558546470881
Theta
2.97503
t_GA - R_GA * R_AB * t_BA
-1.11441 -0.260575 0.213926
t_wo + t_wo_cam
-1.11441 -0.260575 0.213926
Time
1558546470906
Theta
2.97503
t_GA - R_GA * R_AB * t_BA
-1.11441 -0.260575 0.213926
t_wo + t_wo_cam
-1.11441 -0.260575 0.213926
Time
1558546470930
Theta
2.97503
t_GA - R_GA * R_AB * t_BA
-1.11175 -0.268197 0.216872
t_wo + t_wo_cam
-1.11441 -0.260575 0.213926
Time
1558546470951
Theta
2.97503
t_GA - R_GA * R_AB * t_BA
-1.11175 -0.268197 0.216872
t_wo + t_wo_cam
-1.11175 -0.268197 0.216872
Time
1558546470975
Theta
2.96894
t_GA - R_GA * R_AB * t_BA
-1.11175 -0.268197 0.216872
t_wo + t_wo_cam
-1.11175 -0.268197 0.216872
Time
1558546471000
Theta
2.96894
t_GA - R_GA * R_AB * t_BA
-1.11111 -0.264139 0.222278
t_wo + t_wo_cam
-1.11175 -0.268197 0.216872
Time
1558546471024
Theta
2.96894
t_GA - R_GA * R_AB * t_BA
-1.11111 -0.264139 0.222278
t_wo + t_wo_cam
-1.11111 -0.264139 0.222278
Time
1558546471049
Theta
2.97252
t_GA - R_GA * R_AB * t_BA
-1.11111 -0.264139 0.222278
t_wo + t_wo_cam
-1.11111 -0.264139 0.222278
Time
1558546471073
Theta
2.97252
t_GA - R_GA * R_AB * t_BA
-1.11111 -0.264139 0.222278
t_wo + t_wo_cam
-1.11111 -0.264139 0.222278
Time
1558546471094
Theta
2.97252
t_GA - R_GA * R_AB * t_BA
-1.11231 -0.269447 0.217223
t_wo + t_wo_cam
-1.11111 -0.264139 0.222278
Time
1558546471118
Theta
2.97252
t_GA - R_GA * R_AB * t_BA
-1.11231 -0.269447 0.217223
t_wo + t_wo_cam
-1.11231 -0.269447 0.217223
Time
1558546471143
Theta
2.96888
t_GA - R_GA * R_AB * t_BA
-1.11231 -0.269447 0.217223
t_wo + t_wo_cam
-1.11231 -0.269447 0.217223
Time
1558546471168
Theta
2.96888
t_GA - R_GA * R_AB * t_BA
-1.11231 -0.269447 0.217223
t_wo + t_wo_cam
-1.11231 -0.269447 0.217223
Time
1558546471192
Theta
2.96888
t_GA - R_GA * R_AB * t_BA
-1.11159 -0.273374 0.216852
t_wo + t_wo_cam
-1.11159 -0.273374 0.216852
Time
1558546471217
Theta
2.96574
t_GA - R_GA * R_AB * t_BA
-1.11159 -0.273374 0.216852
t_wo + t_wo_cam
-1.11159 -0.273374 0.216852
Time
1558546471237
Theta
2.96574
t_GA - R_GA * R_AB * t_BA
-1.11159 -0.273374 0.216852
t_wo + t_wo_cam
-1.11159 -0.273374 0.216852
Time
1558546471262
Theta
2.96574
t_GA - R_GA * R_AB * t_BA
-1.1125 -0.273043 0.215387
t_wo + t_wo_cam
-1.11159 -0.273374 0.216852
Time
1558546471286
Theta
2.96574
t_GA - R_GA * R_AB * t_BA
-1.1125 -0.273043 0.215387
t_wo + t_wo_cam
-1.1125 -0.273043 0.215387
Time
1558546471311
Theta
2.96576
t_GA - R_GA * R_AB * t_BA
-1.1125 -0.273043 0.215387
t_wo + t_wo_cam
-1.1125 -0.273043 0.215387
Time
1558546471336
Theta
2.96576
t_GA - R_GA * R_AB * t_BA
-1.1125 -0.273043 0.215387
t_wo + t_wo_cam
-1.1125 -0.273043 0.215387
Time
1558546471360
Theta
2.96576
t_GA - R_GA * R_AB * t_BA
-1.11214 -0.274145 0.21555
t_wo + t_wo_cam
-1.11214 -0.274145 0.21555
Time
1558546471381
Theta
2.96576
t_GA - R_GA * R_AB * t_BA
-1.11214 -0.274145 0.21555
t_wo + t_wo_cam
-1.11214 -0.274145 0.21555
Time
1558546471405
Theta
2.9649
t_GA - R_GA * R_AB * t_BA
-1.11214 -0.274145 0.21555
t_wo + t_wo_cam
-1.11214 -0.274145 0.21555
Time
1558546471430
Theta
2.9649
t_GA - R_GA * R_AB * t_BA
-1.1136 -0.270187 0.215028
t_wo + t_wo_cam
-1.11214 -0.274145 0.21555
Time
1558546471454
Theta
2.9649
t_GA - R_GA * R_AB * t_BA
-1.1136 -0.270187 0.215028
t_wo + t_wo_cam
-1.1136 -0.270187 0.215028
Time
1558546471479
Theta
2.96795
t_GA - R_GA * R_AB * t_BA
-1.1136 -0.270187 0.215028
t_wo + t_wo_cam
-1.1136 -0.270187 0.215028
Time
1558546471503
Theta
2.96795
t_GA - R_GA * R_AB * t_BA
-1.1136 -0.270187 0.215028
t_wo + t_wo_cam
-1.1136 -0.270187 0.215028
Time
1558546471524
Theta
2.96795
t_GA - R_GA * R_AB * t_BA
-1.11212 -0.273703 0.216273
t_wo + t_wo_cam
-1.1136 -0.270187 0.215028
Time
1558546471548
Theta
2.96795
t_GA - R_GA * R_AB * t_BA
-1.11212 -0.273703 0.216273
t_wo + t_wo_cam
-1.11212 -0.273703 0.216273
Time
1558546471573
Theta
2.96484
t_GA - R_GA * R_AB * t_BA
-1.11212 -0.273703 0.216273
t_wo + t_wo_cam
-1.11212 -0.273703 0.216273
Time
1558546471598
Theta
2.96484
t_GA - R_GA * R_AB * t_BA
-1.11186 -0.275089 0.216379
t_wo + t_wo_cam
-1.11212 -0.273703 0.216273
Time
1558546471622
Theta
2.96484
t_GA - R_GA * R_AB * t_BA
-1.11186 -0.275089 0.216379
t_wo + t_wo_cam
-1.11186 -0.275089 0.216379
Time
1558546471647
Theta
2.96367
t_GA - R_GA * R_AB * t_BA
-1.11186 -0.275089 0.216379
t_wo + t_wo_cam
-1.11186 -0.275089 0.216379
Time
1558546471671
Theta
2.96367
t_GA - R_GA * R_AB * t_BA
-1.11186 -0.275089 0.216379
t_wo + t_wo_cam
-1.11186 -0.275089 0.216379
Time
1558546471692
Theta
2.96367
t_GA - R_GA * R_AB * t_BA
-1.11292 -0.269871 0.217482
t_wo + t_wo_cam
-1.11186 -0.275089 0.216379
Time
1558546471716
Theta
2.96367
t_GA - R_GA * R_AB * t_BA
-1.11292 -0.269871 0.217482
t_wo + t_wo_cam
-1.11292 -0.269871 0.217482
Time
1558546471741
Theta
2.968
t_GA - R_GA * R_AB * t_BA
-1.11292 -0.269871 0.217482
t_wo + t_wo_cam
-1.11292 -0.269871 0.217482
Time
1558546471766
Theta
2.968
t_GA - R_GA * R_AB * t_BA
-1.11226 -0.268176 0.219141
t_wo + t_wo_cam
-1.11292 -0.269871 0.217482
Time
1558546471790
Theta
2.968
t_GA - R_GA * R_AB * t_BA
-1.11226 -0.268176 0.219141
t_wo + t_wo_cam
-1.11226 -0.268176 0.219141
Time
1558546471815
Theta
2.96931
t_GA - R_GA * R_AB * t_BA
-1.11226 -0.268176 0.219141
t_wo + t_wo_cam
-1.11226 -0.268176 0.219141
Time
1558546471835
Theta
2.96931
t_GA - R_GA * R_AB * t_BA
-1.11226 -0.268176 0.219141
t_wo + t_wo_cam
-1.11226 -0.268176 0.219141
Time
1558546471860
Theta
2.96931
t_GA - R_GA * R_AB * t_BA
-1.11739 -0.195027 0.237552
t_wo + t_wo_cam
-1.11226 -0.268176 0.219141
Time
1558546471884
Theta
2.96931
t_GA - R_GA * R_AB * t_BA
-1.11739 -0.195027 0.237552
t_wo + t_wo_cam
-1.11739 -0.195027 0.237552
Time
1558546471909
Theta
3.02625
t_GA - R_GA * R_AB * t_BA
-1.11739 -0.195027 0.237552
t_wo + t_wo_cam
-1.11739 -0.195027 0.237552
Time
1558546471933
Theta
3.02625
t_GA - R_GA * R_AB * t_BA
-1.11692 -0.14513 0.249669
t_wo + t_wo_cam
-1.11739 -0.195027 0.237552
Time
1558546471958
Theta
3.02625
t_GA - R_GA * R_AB * t_BA
-1.11692 -0.14513 0.249669
t_wo + t_wo_cam
-1.11692 -0.14513 0.249669
Time
1558546471978
Theta
3.06083
t_GA - R_GA * R_AB * t_BA
-1.11692 -0.14513 0.249669
t_wo + t_wo_cam
-1.11692 -0.14513 0.249669
Time
1558546472003
Theta
3.06083
t_GA - R_GA * R_AB * t_BA
-1.11692 -0.14513 0.249669
t_wo + t_wo_cam
-1.11692 -0.14513 0.249669
Time
1558546472027
Theta
3.06083
t_GA - R_GA * R_AB * t_BA
-1.11122 -0.0730354 0.270886
t_wo + t_wo_cam
-1.11692 -0.14513 0.249669
Time
1558546472052
Theta
3.06083
t_GA - R_GA * R_AB * t_BA
-1.11122 -0.0730354 0.270886
t_wo + t_wo_cam
-1.11122 -0.0730354 0.270886
Time
1558546472077
Theta
-3.08524
t_GA - R_GA * R_AB * t_BA
-1.11122 -0.0730354 0.270886
t_wo + t_wo_cam
-1.11122 -0.0730354 0.270886
Time
1558546472101
Theta
-3.08524
t_GA - R_GA * R_AB * t_BA
-1.11122 -0.0730354 0.270886
t_wo + t_wo_cam
-1.11122 -0.0730354 0.270886
Time
1558546472122
Theta
-3.08524
t_GA - R_GA * R_AB * t_BA
-1.10428 -0.0147036 0.286154
t_wo + t_wo_cam
-1.11122 -0.0730354 0.270886
Time
1558546472146
Theta
-3.08524
t_GA - R_GA * R_AB * t_BA
-1.10428 -0.0147036 0.286154
t_wo + t_wo_cam
-1.10428 -0.0147036 0.286154
Time
1558546472171
Theta
-3.06656
t_GA - R_GA * R_AB * t_BA
-1.10428 -0.0147036 0.286154
t_wo + t_wo_cam
-1.10428 -0.0147036 0.286154
Time
1558546472195
Theta
-3.06656
t_GA - R_GA * R_AB * t_BA
-1.08577 0.118046 0.305105
t_wo + t_wo_cam
-1.10428 -0.0147036 0.286154
Time
1558546472220
Theta
-3.06656
t_GA - R_GA * R_AB * t_BA
-1.08577 0.118046 0.305105
t_wo + t_wo_cam
-1.08577 0.118046 0.305105
Time
1558546472245
Theta
-2.96705
t_GA - R_GA * R_AB * t_BA
-1.08577 0.118046 0.305105
t_wo + t_wo_cam
-1.08577 0.118046 0.305105
Time
1558546472265
Theta
-2.96705
t_GA - R_GA * R_AB * t_BA
-1.08577 0.118046 0.305105
t_wo + t_wo_cam
-1.08577 0.118046 0.305105
Time
1558546472290
Theta
-2.96705
t_GA - R_GA * R_AB * t_BA
-1.07268 0.181766 0.312346
t_wo + t_wo_cam
-1.08577 0.118046 0.305105
Time
1558546472314
Theta
-2.96705
t_GA - R_GA * R_AB * t_BA
-1.07268 0.181766 0.312346
t_wo + t_wo_cam
-1.07268 0.181766 0.312346
Time
1558546472339
Theta
-2.90988
t_GA - R_GA * R_AB * t_BA
-1.07268 0.181766 0.312346
t_wo + t_wo_cam
-1.07268 0.181766 0.312346
Time
1558546472363
Theta
-2.90988
t_GA - R_GA * R_AB * t_BA
-1.05368 0.250459 0.319833
t_wo + t_wo_cam
-1.07268 0.181766 0.312346
Time
1558546472388
Theta
-2.90988
t_GA - R_GA * R_AB * t_BA
-1.05368 0.250459 0.319833
t_wo + t_wo_cam
-1.05368 0.250459 0.319833
Time
1558546472408
Theta
-2.84553
t_GA - R_GA * R_AB * t_BA
-1.05368 0.250459 0.319833
t_wo + t_wo_cam
-1.05368 0.250459 0.319833
Time
1558546472433
Theta
-2.84553
t_GA - R_GA * R_AB * t_BA
-1.05368 0.250459 0.319833
t_wo + t_wo_cam
-1.05368 0.250459 0.319833
Time
1558546472458
Theta
-2.84553
t_GA - R_GA * R_AB * t_BA
-1.0326 0.31435 0.324526
t_wo + t_wo_cam
-1.05368 0.250459 0.319833
Time
1558546472482
Theta
-2.84553
t_GA - R_GA * R_AB * t_BA
-1.0326 0.31435 0.324526
t_wo + t_wo_cam
-1.0326 0.31435 0.324526
Time
1558546472507
Theta
-2.78677
t_GA - R_GA * R_AB * t_BA
-1.0326 0.31435 0.324526
t_wo + t_wo_cam
-1.0326 0.31435 0.324526
Time
1558546472531
Theta
-2.78677
t_GA - R_GA * R_AB * t_BA
-0.99502 0.42731 0.309578
t_wo + t_wo_cam
-1.0326 0.31435 0.324526
Time
1558546472552
Theta
-2.78677
t_GA - R_GA * R_AB * t_BA
-0.99502 0.42731 0.309578
t_wo + t_wo_cam
-0.99502 0.42731 0.309578
Time
1558546472576
Theta
-2.6823
t_GA - R_GA * R_AB * t_BA
-0.99502 0.42731 0.309578
t_wo + t_wo_cam
-0.99502 0.42731 0.309578
Time
1558546472601
Theta
-2.6823
t_GA - R_GA * R_AB * t_BA
-0.99502 0.42731 0.309578
t_wo + t_wo_cam
-0.99502 0.42731 0.309578
Time
1558546472626
Theta
-2.6823
t_GA - R_GA * R_AB * t_BA
-0.977611 0.476915 0.295446
t_wo + t_wo_cam
-0.99502 0.42731 0.309578
Time
1558546472650
Theta
-2.6823
t_GA - R_GA * R_AB * t_BA
-0.977611 0.476915 0.295446
t_wo + t_wo_cam
-0.977611 0.476915 0.295446
Time
1558546472675
Theta
-2.6341
t_GA - R_GA * R_AB * t_BA
-0.977611 0.476915 0.295446
t_wo + t_wo_cam
-0.977611 0.476915 0.295446
Time
1558546472699
Theta
-2.6341
t_GA - R_GA * R_AB * t_BA
-0.953985 0.530742 0.281089
t_wo + t_wo_cam
-0.977611 0.476915 0.295446
Time
1558546472720
Theta
-2.6341
t_GA - R_GA * R_AB * t_BA
-0.953985 0.530742 0.281089
t_wo + t_wo_cam
-0.953985 0.530742 0.281089
Time
1558546472744
Theta
-2.58041
t_GA - R_GA * R_AB * t_BA
-0.953985 0.530742 0.281089
t_wo + t_wo_cam
-0.953985 0.530742 0.281089
Time
1558546472769
Theta
-2.58041
t_GA - R_GA * R_AB * t_BA
-0.953985 0.530742 0.281089
t_wo + t_wo_cam
-0.953985 0.530742 0.281089
Time
1558546472793
Theta
-2.58041
t_GA - R_GA * R_AB * t_BA
-0.873895 0.660248 0.263608
t_wo + t_wo_cam
-0.953985 0.530742 0.281089
Time
1558546472818
Theta
-2.58041
t_GA - R_GA * R_AB * t_BA
-0.873895 0.660248 0.263608
t_wo + t_wo_cam
-0.873895 0.660248 0.263608
Time
1558546472843
Theta
-2.44142
t_GA - R_GA * R_AB * t_BA
-0.873895 0.660248 0.263608
t_wo + t_wo_cam
-0.873895 0.660248 0.263608
Time
1558546472863
Theta
-2.44142
t_GA - R_GA * R_AB * t_BA
-0.873895 0.660248 0.263608
t_wo + t_wo_cam
-0.873895 0.660248 0.263608
Time
1558546472888
Theta
-2.44142
t_GA - R_GA * R_AB * t_BA
-0.830515 0.716834 0.257433
t_wo + t_wo_cam
-0.873895 0.660248 0.263608
Time
1558546472912
Theta
-2.44142
t_GA - R_GA * R_AB * t_BA
-0.830515 0.716834 0.257433
t_wo + t_wo_cam
-0.830515 0.716834 0.257433
Time
1558546472937
Theta
-2.37469
t_GA - R_GA * R_AB * t_BA
-0.830515 0.716834 0.257433
t_wo + t_wo_cam
-0.830515 0.716834 0.257433
Time
1558546472961
Theta
-2.37469
t_GA - R_GA * R_AB * t_BA
-0.787794 0.765184 0.253278
t_wo + t_wo_cam
-0.830515 0.716834 0.257433
Time
1558546472986
Theta
-2.37469
t_GA - R_GA * R_AB * t_BA
-0.787794 0.765184 0.253278
t_wo + t_wo_cam
-0.787794 0.765184 0.253278
Time
1558546473006
Theta
-2.31265
t_GA - R_GA * R_AB * t_BA
-0.787794 0.765184 0.253278
t_wo + t_wo_cam
-0.787794 0.765184 0.253278
Time
1558546473031
Theta
-2.31265
t_GA - R_GA * R_AB * t_BA
-0.787794 0.765184 0.253278
t_wo + t_wo_cam
-0.787794 0.765184 0.253278
Time
1558546473056
Theta
-2.31265
t_GA - R_GA * R_AB * t_BA
-0.726978 0.814062 0.265997
t_wo + t_wo_cam
-0.787794 0.765184 0.253278
Time
1558546473080
Theta
-2.31265
t_GA - R_GA * R_AB * t_BA
-0.726978 0.814062 0.265997
t_wo + t_wo_cam
-0.726978 0.814062 0.265997
Time
1558546473105
Theta
-2.24075
t_GA - R_GA * R_AB * t_BA
-0.726978 0.814062 0.265997
t_wo + t_wo_cam
-0.726978 0.814062 0.265997
Time
1558546473129
Theta
-2.24075
t_GA - R_GA * R_AB * t_BA
-0.710379 0.821912 0.278898
t_wo + t_wo_cam
-0.726978 0.814062 0.265997
Time
1558546473150
Theta
-2.24075
t_GA - R_GA * R_AB * t_BA
-0.710379 0.821912 0.278898
t_wo + t_wo_cam
-0.710379 0.821912 0.278898
Time
1558546473174
Theta
-2.22586
t_GA - R_GA * R_AB * t_BA
-0.710379 0.821912 0.278898
t_wo + t_wo_cam
-0.710379 0.821912 0.278898
Time
1558546473199
Theta
-2.22586
t_GA - R_GA * R_AB * t_BA
-0.710379 0.821912 0.278898
t_wo + t_wo_cam
-0.710379 0.821912 0.278898
Time
1558546473224
Theta
-2.22586
t_GA - R_GA * R_AB * t_BA
-0.710162 0.814081 0.295629
t_wo + t_wo_cam
-0.710379 0.821912 0.278898
Time
1558546473248
Theta
-2.22586
t_GA - R_GA * R_AB * t_BA
-0.710162 0.814081 0.295629
t_wo + t_wo_cam
-0.710162 0.814081 0.295629
Time
1558546473273
Theta
-2.23099
t_GA - R_GA * R_AB * t_BA
-0.710162 0.814081 0.295629
t_wo + t_wo_cam
-0.710162 0.814081 0.295629
Time
1558546473293
Theta
-2.23099
t_GA - R_GA * R_AB * t_BA
-0.710151 0.810353 0.307254
t_wo + t_wo_cam
-0.710162 0.814081 0.295629
Time
1558546473318
Theta
-2.23099
t_GA - R_GA * R_AB * t_BA
-0.710151 0.810353 0.307254
t_wo + t_wo_cam
-0.710151 0.810353 0.307254
Time
1558546473342
Theta
-2.23101
t_GA - R_GA * R_AB * t_BA
-0.710151 0.810353 0.307254
t_wo + t_wo_cam
-0.710151 0.810353 0.307254
Time
1558546473367
Theta
-2.23101
t_GA - R_GA * R_AB * t_BA
-0.710151 0.810353 0.307254
t_wo + t_wo_cam
-0.710151 0.810353 0.307254
Time
1558546473391
Theta
-2.23101
t_GA - R_GA * R_AB * t_BA
-0.732691 0.782664 0.318302
t_wo + t_wo_cam
-0.710151 0.810353 0.307254
Time
1558546473416
Theta
-2.23101
t_GA - R_GA * R_AB * t_BA
-0.732691 0.782664 0.318302
t_wo + t_wo_cam
-0.732691 0.782664 0.318302
Time
1558546473436
Theta
-2.26545
t_GA - R_GA * R_AB * t_BA
-0.732691 0.782664 0.318302
t_wo + t_wo_cam
-0.732691 0.782664 0.318302
Time
1558546473461
Theta
-2.26545
t_GA - R_GA * R_AB * t_BA
-0.801581 0.703975 0.3288
t_wo + t_wo_cam
-0.732691 0.782664 0.318302
Time
1558546473486
Theta
-2.26545
t_GA - R_GA * R_AB * t_BA
-0.801581 0.703975 0.3288
t_wo + t_wo_cam
-0.801581 0.703975 0.3288
Time
1558546473510
Theta
-2.36895
t_GA - R_GA * R_AB * t_BA
-0.801581 0.703975 0.3288
t_wo + t_wo_cam
-0.801581 0.703975 0.3288
Time
1558546473535
Theta
-2.36895
t_GA - R_GA * R_AB * t_BA
-0.801581 0.703975 0.3288
t_wo + t_wo_cam
-0.801581 0.703975 0.3288
Time
1558546473559
Theta
-2.36895
t_GA - R_GA * R_AB * t_BA
-0.929567 0.523879 0.337989
t_wo + t_wo_cam
-0.801581 0.703975 0.3288
Time
1558546473580
Theta
-2.36895
t_GA - R_GA * R_AB * t_BA
-0.929567 0.523879 0.337989
t_wo + t_wo_cam
-0.929567 0.523879 0.337989
Time
1558546473604
Theta
-2.57911
t_GA - R_GA * R_AB * t_BA
-0.929567 0.523879 0.337989
t_wo + t_wo_cam
-0.929567 0.523879 0.337989
Time
1558546473629
Theta
-2.57911
t_GA - R_GA * R_AB * t_BA
-1.02342 0.295645 0.346692
t_wo + t_wo_cam
-0.929567 0.523879 0.337989
Time
1558546473654
Theta
-2.57911
t_GA - R_GA * R_AB * t_BA
-1.02342 0.295645 0.346692
t_wo + t_wo_cam
-1.02342 0.295645 0.346692
Time
1558546473678
Theta
-2.80772
t_GA - R_GA * R_AB * t_BA
-1.02342 0.295645 0.346692
t_wo + t_wo_cam
-1.02342 0.295645 0.346692
Time
1558546473703
Theta
-2.80772
t_GA - R_GA * R_AB * t_BA
-1.02342 0.295645 0.346692
t_wo + t_wo_cam
-1.02342 0.295645 0.346692
Time
1558546473723
Theta
-2.80772
t_GA - R_GA * R_AB * t_BA
-1.08323 0.0122601 0.324796
t_wo + t_wo_cam
-1.02342 0.295645 0.346692
Time
1558546473748
Theta
-2.80772
t_GA - R_GA * R_AB * t_BA
-1.08323 0.0122601 0.324796
t_wo + t_wo_cam
-1.08323 0.0122601 0.324796
Time
1558546473772
Theta
-3.07444
t_GA - R_GA * R_AB * t_BA
-1.08323 0.0122601 0.324796
t_wo + t_wo_cam
-1.08323 0.0122601 0.324796
Time
1558546473797
Theta
-3.07444
t_GA - R_GA * R_AB * t_BA
-1.09807 -0.106626 0.296656
t_wo + t_wo_cam
-1.08323 0.0122601 0.324796
Time
1558546473821
Theta
-3.07444
t_GA - R_GA * R_AB * t_BA
-1.09807 -0.106626 0.296656
t_wo + t_wo_cam
-1.09807 -0.106626 0.296656
Time
1558546473846
Theta
3.09953
t_GA - R_GA * R_AB * t_BA
-1.09807 -0.106626 0.296656
t_wo + t_wo_cam
-1.09807 -0.106626 0.296656
Time
1558546473871
Theta
3.09953
t_GA - R_GA * R_AB * t_BA
-1.09807 -0.106626 0.296656
t_wo + t_wo_cam
-1.09807 -0.106626 0.296656
Time
1558546473891
Theta
3.09953
t_GA - R_GA * R_AB * t_BA
-1.08535 -0.368683 0.220194
t_wo + t_wo_cam
-1.09807 -0.106626 0.296656
Time
1558546473916
Theta
3.09953
t_GA - R_GA * R_AB * t_BA
-1.08535 -0.368683 0.220194
t_wo + t_wo_cam
-1.08535 -0.368683 0.220194
Time
1558546473940
Theta
2.86958
t_GA - R_GA * R_AB * t_BA
-1.08535 -0.368683 0.220194
t_wo + t_wo_cam
-1.08535 -0.368683 0.220194
Time
1558546473965
Theta
2.86958
t_GA - R_GA * R_AB * t_BA
-1.08535 -0.368683 0.220194
t_wo + t_wo_cam
-1.08535 -0.368683 0.220194
Time
1558546473989
Theta
2.86958
t_GA - R_GA * R_AB * t_BA
-1.08535 -0.368683 0.220194
t_wo + t_wo_cam
-1.08535 -0.368683 0.220194
Time
1558546474014
Theta
2.86958
t_GA - R_GA * R_AB * t_BA
-1.08535 -0.368683 0.220194
t_wo + t_wo_cam
-1.08535 -0.368683 0.220194
Time
1558546474034
Theta
2.86958
t_GA - R_GA * R_AB * t_BA
-1.08535 -0.368683 0.220194
t_wo + t_wo_cam
-1.08535 -0.368683 0.220194
Time
1558546474059
Theta
2.86958
t_GA - R_GA * R_AB * t_BA
-1.08535 -0.368683 0.220194
t_wo + t_wo_cam
-1.08535 -0.368683 0.220194
Time
1558546474084
Theta
2.86958
t_GA - R_GA * R_AB * t_BA
-1.08535 -0.368683 0.220194
t_wo + t_wo_cam
-1.08535 -0.368683 0.220194
Time
1558546474108
Theta
2.86958
t_GA - R_GA * R_AB * t_BA
-1.08535 -0.368683 0.220194
t_wo + t_wo_cam
-1.08535 -0.368683 0.220194
Time
1558546474133
Theta
2.86958
t_GA - R_GA * R_AB * t_BA
-1.08535 -0.368683 0.220194
t_wo + t_wo_cam
-1.08535 -0.368683 0.220194
Time
1558546474157
Theta
2.86958
t_GA - R_GA * R_AB * t_BA
-1.08535 -0.368683 0.220194
t_wo + t_wo_cam
-1.08535 -0.368683 0.220194
Time
1558546474178
Theta
2.86958
t_GA - R_GA * R_AB * t_BA
-1.08535 -0.368683 0.220194
t_wo + t_wo_cam
-1.08535 -0.368683 0.220194
Time
1558546474202
Theta
2.86958
t_GA - R_GA * R_AB * t_BA
-1.08535 -0.368683 0.220194
t_wo + t_wo_cam
-1.08535 -0.368683 0.220194
Time
1558546474227
Theta
2.86958
t_GA - R_GA * R_AB * t_BA
-1.08535 -0.368683 0.220194
t_wo + t_wo_cam
-1.08535 -0.368683 0.220194
Time
1558546474252
Theta
2.86958
t_GA - R_GA * R_AB * t_BA
-1.08535 -0.368683 0.220194
t_wo + t_wo_cam
-1.08535 -0.368683 0.220194
Time
1558546474276
Theta
2.86958
t_GA - R_GA * R_AB * t_BA
-1.08535 -0.368683 0.220194
t_wo + t_wo_cam
-1.08535 -0.368683 0.220194
Time
1558546474301
Theta
2.86958
t_GA - R_GA * R_AB * t_BA
0.00369086 -1.19046 -0.120691
t_wo + t_wo_cam
-1.08535 -0.368683 0.220194
Time
1558546474321
Theta
2.86958
t_GA - R_GA * R_AB * t_BA
0.00369086 -1.19046 -0.120691
t_wo + t_wo_cam
0.00369086 -1.19046 -0.120691
Time
1558546474346
Theta
1.65457
t_GA - R_GA * R_AB * t_BA
0.00369086 -1.19046 -0.120691
t_wo + t_wo_cam
0.00369086 -1.19046 -0.120691
Time
1558546474370
Theta
1.65457
t_GA - R_GA * R_AB * t_BA
0.0262263 -1.18856 -0.148505
t_wo + t_wo_cam
0.00369086 -1.19046 -0.120691
Time
1558546474395
Theta
1.65457
t_GA - R_GA * R_AB * t_BA
0.0262263 -1.18856 -0.148505
t_wo + t_wo_cam
0.0262263 -1.18856 -0.148505
Time
1558546474419
Theta
1.63746
t_GA - R_GA * R_AB * t_BA
0.0262263 -1.18856 -0.148505
t_wo + t_wo_cam
0.0262263 -1.18856 -0.148505
Time
1558546474444
Theta
1.63746
t_GA - R_GA * R_AB * t_BA
0.0262263 -1.18856 -0.148505
t_wo + t_wo_cam
0.0262263 -1.18856 -0.148505
Time
1558546474465
Theta
1.63746
t_GA - R_GA * R_AB * t_BA
-0.0258216 -1.18783 -0.159275
t_wo + t_wo_cam
0.0262263 -1.18856 -0.148505
Time
1558546474489
Theta
1.63746
t_GA - R_GA * R_AB * t_BA
-0.0258216 -1.18783 -0.159275
t_wo + t_wo_cam
-0.0258216 -1.18783 -0.159275
Time
1558546474514
Theta
1.68018
t_GA - R_GA * R_AB * t_BA
-0.0258216 -1.18783 -0.159275
t_wo + t_wo_cam
-0.0258216 -1.18783 -0.159275
Time
1558546474538
Theta
1.68018
t_GA - R_GA * R_AB * t_BA
-0.0258216 -1.18783 -0.159275
t_wo + t_wo_cam
-0.0258216 -1.18783 -0.159275
Time
1558546474563
Theta
1.68018
t_GA - R_GA * R_AB * t_BA
-0.0258216 -1.18783 -0.159275
t_wo + t_wo_cam
-0.0258216 -1.18783 -0.159275
Time
1558546474587
Theta
1.68018
t_GA - R_GA * R_AB * t_BA
-0.0258216 -1.18783 -0.159275
t_wo + t_wo_cam
-0.0258216 -1.18783 -0.159275
Time
1558546474608
Theta
1.68018
t_GA - R_GA * R_AB * t_BA
-0.0258216 -1.18783 -0.159275
t_wo + t_wo_cam
-0.0258216 -1.18783 -0.159275
Time
1558546474632
Theta
1.68018
t_GA - R_GA * R_AB * t_BA
-0.0258216 -1.18783 -0.159275
t_wo + t_wo_cam
-0.0258216 -1.18783 -0.159275
Time
1558546474657
Theta
1.68018
t_GA - R_GA * R_AB * t_BA
-0.0258216 -1.18783 -0.159275
t_wo + t_wo_cam
-0.0258216 -1.18783 -0.159275
Time
1558546474682
Theta
1.68018
t_GA - R_GA * R_AB * t_BA
-0.0258216 -1.18783 -0.159275
t_wo + t_wo_cam
-0.0258216 -1.18783 -0.159275
Time
1558546474706
Theta
1.68018
t_GA - R_GA * R_AB * t_BA
-0.0258216 -1.18783 -0.159275
t_wo + t_wo_cam
-0.0258216 -1.18783 -0.159275
Time
1558546474731
Theta
1.68018
t_GA - R_GA * R_AB * t_BA
-0.0258216 -1.18783 -0.159275
t_wo + t_wo_cam
-0.0258216 -1.18783 -0.159275
Time
1558546474751
Theta
1.68018
t_GA - R_GA * R_AB * t_BA
-0.0258216 -1.18783 -0.159275
t_wo + t_wo_cam
-0.0258216 -1.18783 -0.159275
Time
1558546474776
Theta
1.68018
t_GA - R_GA * R_AB * t_BA
-1.17216 -0.0216456 0.159273
t_wo + t_wo_cam
-0.0258216 -1.18783 -0.159275
Time
1558546474800
Theta
1.68018
t_GA - R_GA * R_AB * t_BA
-1.17216 -0.0216456 0.159273
t_wo + t_wo_cam
-1.17216 -0.0216456 0.159273
Time
1558546474825
Theta
-3.09873
t_GA - R_GA * R_AB * t_BA
-1.17216 -0.0216456 0.159273
t_wo + t_wo_cam
-1.17216 -0.0216456 0.159273
Time
1558546474849
Theta
-3.09873
t_GA - R_GA * R_AB * t_BA
-1.17216 -0.0216456 0.159273
t_wo + t_wo_cam
-1.17216 -0.0216456 0.159273
Time
1558546474874
Theta
-3.09873
t_GA - R_GA * R_AB * t_BA
-1.15492 0.13242 0.196209
t_wo + t_wo_cam
-1.17216 -0.0216456 0.159273
Time
1558546474899
Theta
-3.09873
t_GA - R_GA * R_AB * t_BA
-1.15492 0.13242 0.196209
t_wo + t_wo_cam
-1.15492 0.13242 0.196209
Time
1558546474919
Theta
-3.00262
t_GA - R_GA * R_AB * t_BA
-1.15492 0.13242 0.196209
t_wo + t_wo_cam
-1.15492 0.13242 0.196209
Time
1558546474944
Theta
-3.00262
t_GA - R_GA * R_AB * t_BA
-1.15787 0.288135 0.114038
t_wo + t_wo_cam
-1.15492 0.13242 0.196209
Time
1558546474968
Theta
-3.00262
t_GA - R_GA * R_AB * t_BA
-1.15787 0.288135 0.114038
t_wo + t_wo_cam
-1.15787 0.288135 0.114038
Time
1558546474993
Theta
-2.88199
t_GA - R_GA * R_AB * t_BA
-1.15787 0.288135 0.114038
t_wo + t_wo_cam
-1.15787 0.288135 0.114038
Time
1558546475017
Theta
-2.88199
t_GA - R_GA * R_AB * t_BA
-1.15787 0.288135 0.114038
t_wo + t_wo_cam
-1.15787 0.288135 0.114038
Time
1558546475042
Theta
-2.88199
t_GA - R_GA * R_AB * t_BA
-1.16447 0.318755 -0.00596564
t_wo + t_wo_cam
-1.15787 0.288135 0.114038
Time
1558546475063
Theta
-2.88199
t_GA - R_GA * R_AB * t_BA
-1.16447 0.318755 -0.00596564
t_wo + t_wo_cam
-1.16447 0.318755 -0.00596564
Time
1558546475087
Theta
-2.8482
t_GA - R_GA * R_AB * t_BA
-1.16447 0.318755 -0.00596564
t_wo + t_wo_cam
-1.16447 0.318755 -0.00596564
Time
1558546475112
Theta
-2.8482
t_GA - R_GA * R_AB * t_BA
-1.1703 0.287479 -0.194561
t_wo + t_wo_cam
-1.16447 0.318755 -0.00596564
Time
1558546475136
Theta
-2.8482
t_GA - R_GA * R_AB * t_BA
-1.1703 0.287479 -0.194561
t_wo + t_wo_cam
-1.1703 0.287479 -0.194561
Time
1558546475161
Theta
-2.86719
t_GA - R_GA * R_AB * t_BA
-1.1703 0.287479 -0.194561
t_wo + t_wo_cam
-1.1703 0.287479 -0.194561
Time
1558546475185
Theta
-2.86719
t_GA - R_GA * R_AB * t_BA
-1.1703 0.287479 -0.194561
t_wo + t_wo_cam
-1.1703 0.287479 -0.194561
Time
1558546475206
Theta
-2.86719
t_GA - R_GA * R_AB * t_BA
-1.10873 0.282239 -0.448515
t_wo + t_wo_cam
-1.1703 0.287479 -0.194561
Time
1558546475230
Theta
-2.86719
t_GA - R_GA * R_AB * t_BA
-1.10873 0.282239 -0.448515
t_wo + t_wo_cam
-1.10873 0.282239 -0.448515
Time
1558546475255
Theta
-2.88414
t_GA - R_GA * R_AB * t_BA
-1.10873 0.282239 -0.448515
t_wo + t_wo_cam
-1.10873 0.282239 -0.448515
Time
1558546475280
Theta
-2.88414
t_GA - R_GA * R_AB * t_BA
-0.901545 0.410528 -0.789912
t_wo + t_wo_cam
-1.10873 0.282239 -0.448515
Time
1558546475304
Theta
-2.88414
t_GA - R_GA * R_AB * t_BA
-0.901545 0.410528 -0.789912
t_wo + t_wo_cam
-0.901545 0.410528 -0.789912
Time
1558546475329
Theta
-2.80829
t_GA - R_GA * R_AB * t_BA
-0.901545 0.410528 -0.789912
t_wo + t_wo_cam
-0.901545 0.410528 -0.789912
Time
1558546475349
Theta
-2.80829
t_GA - R_GA * R_AB * t_BA
-0.901545 0.410528 -0.789912
t_wo + t_wo_cam
-0.901545 0.410528 -0.789912
Time
1558546475374
Theta
-2.80829
t_GA - R_GA * R_AB * t_BA
-0.836929 0.442616 -0.885422
t_wo + t_wo_cam
-0.901545 0.410528 -0.789912
Time
1558546475398
Theta
-2.80829
t_GA - R_GA * R_AB * t_BA
-0.836929 0.442616 -0.885422
t_wo + t_wo_cam
-0.836929 0.442616 -0.885422
Time
1558546475423
Theta
-2.75654
t_GA - R_GA * R_AB * t_BA
-0.836929 0.442616 -0.885422
t_wo + t_wo_cam
-0.836929 0.442616 -0.885422
Time
1558546475447
Theta
-2.75654
t_GA - R_GA * R_AB * t_BA
-0.836929 0.442616 -0.885422
t_wo + t_wo_cam
-0.836929 0.442616 -0.885422
Time
1558546475472
Theta
-2.75654
t_GA - R_GA * R_AB * t_BA
-0.836929 0.442616 -0.885422
t_wo + t_wo_cam
-0.836929 0.442616 -0.885422
Time
1558546475493
Theta
-2.75654
t_GA - R_GA * R_AB * t_BA
-0.811613 0.427009 -0.936914
t_wo + t_wo_cam
-0.836929 0.442616 -0.885422
Time
1558546475517
Theta
-2.75654
t_GA - R_GA * R_AB * t_BA
-0.811613 0.427009 -0.936914
t_wo + t_wo_cam
-0.811613 0.427009 -0.936914
Time
1558546475542
Theta
-2.68419
t_GA - R_GA * R_AB * t_BA
-0.811613 0.427009 -0.936914
t_wo + t_wo_cam
-0.811613 0.427009 -0.936914
Time
1558546475566
Theta
-2.68419
t_GA - R_GA * R_AB * t_BA
-0.811613 0.427009 -0.936914
t_wo + t_wo_cam
-0.811613 0.427009 -0.936914
Time
1558546475591
Theta
-2.68419
t_GA - R_GA * R_AB * t_BA
-0.817711 0.365727 -0.995028
t_wo + t_wo_cam
-0.811613 0.427009 -0.936914
Time
1558546475615
Theta
-2.68419
t_GA - R_GA * R_AB * t_BA
-0.817711 0.365727 -0.995028
t_wo + t_wo_cam
-0.817711 0.365727 -0.995028
Time
1558546475636
Theta
-2.40527
t_GA - R_GA * R_AB * t_BA
-0.817711 0.365727 -0.995028
t_wo + t_wo_cam
-0.817711 0.365727 -0.995028
Time
1558546475661
Theta
-2.40527
t_GA - R_GA * R_AB * t_BA
-0.817711 0.365727 -0.995028
t_wo + t_wo_cam
-0.817711 0.365727 -0.995028
Time
1558546475685
Theta
-2.40527
t_GA - R_GA * R_AB * t_BA
-0.835617 0.297902 -1.01448
t_wo + t_wo_cam
-0.817711 0.365727 -0.995028
Time
1558546475710
Theta
-2.40527
t_GA - R_GA * R_AB * t_BA
-0.835617 0.297902 -1.01448
t_wo + t_wo_cam
-0.835617 0.297902 -1.01448
Time
1558546475734
Theta
-2.32551
