t_GA - R_GA * R_AB * t_BA
0 0 0
t_wo + cam_pos
0.9 0 0
Time
1558439843132
Theta
0
t_GA - R_GA * R_AB * t_BA
0 0 0
t_wo + cam_pos
0.9 0 0
Time
1558439843138
Theta
0
t_GA - R_GA * R_AB * t_BA
0 0 0
t_wo + cam_pos
0.9 0 0
Time
1558439843143
Theta
0
t_GA - R_GA * R_AB * t_BA
0 0 0
t_wo + cam_pos
0.9 0 0
Time
1558439843148
Theta
0
t_GA - R_GA * R_AB * t_BA
0 0 0
t_wo + cam_pos
0.9 0 0
Time
1558439843159
Theta
0
t_GA - R_GA * R_AB * t_BA
0 0 0
t_wo + cam_pos
0.9 0 0
Time
1558439843164
Theta
0
t_GA - R_GA * R_AB * t_BA
0 0 0
t_wo + cam_pos
0.9 0 0
Time
1558439843169
Theta
0
t_GA - R_GA * R_AB * t_BA
0 0 0
t_wo + cam_pos
0.9 0 0
Time
1558439843175
Theta
0
t_GA - R_GA * R_AB * t_BA
0 0 0
t_wo + cam_pos
0.9 0 0
Time
1558439843180
Theta
0
t_GA - R_GA * R_AB * t_BA
0 0 0
t_wo + cam_pos
0.9 0 0
Time
1558439843185
Theta
0
t_GA - R_GA * R_AB * t_BA
0 0 0
t_wo + cam_pos
0.9 0 0
Time
1558439843194
Theta
0
t_GA - R_GA * R_AB * t_BA
0 0 0
t_wo + cam_pos
0.9 0 0
Time
1558439843200
Theta
0
t_GA - R_GA * R_AB * t_BA
0 0 0
t_wo + cam_pos
0.9 0 0
Time
1558439843205
Theta
0
t_GA - R_GA * R_AB * t_BA
0 0 0
t_wo + cam_pos
0.9 0 0
Time
1558439843210
Theta
0
t_GA - R_GA * R_AB * t_BA
0 0 0
t_wo + cam_pos
0.9 0 0
Time
1558439843215
Theta
0
t_GA - R_GA * R_AB * t_BA
0 0 0
t_wo + cam_pos
0.9 0 0
Time
1558439843221
Theta
0
t_GA - R_GA * R_AB * t_BA
0 0 0
t_wo + cam_pos
0.9 0 0
Time
1558439843226
Theta
0
t_GA - R_GA * R_AB * t_BA
0 0 0
t_wo + cam_pos
0.9 0 0
Time
1558439843231
Theta
0
t_GA - R_GA * R_AB * t_BA
0 0 0
t_wo + cam_pos
0.9 0 0
Time
1558439843237
Theta
0
t_GA - R_GA * R_AB * t_BA
0 0 0
t_wo + cam_pos
0.9 0 0
Time
1558439843242
Theta
0
t_GA - R_GA * R_AB * t_BA
0 0 0
t_wo + cam_pos
0.9 0 0
Time
1558439843247
Theta
0
t_GA - R_GA * R_AB * t_BA
0 0 0
t_wo + cam_pos
0.9 0 0
Time
1558439843253
Theta
0
t_GA - R_GA * R_AB * t_BA
0 0 0
t_wo + cam_pos
0.9 0 0
Time
1558439843258
Theta
0
t_GA - R_GA * R_AB * t_BA
0 0 0
t_wo + cam_pos
0.9 0 0
Time
1558439843263
Theta
0
t_GA - R_GA * R_AB * t_BA
0 0 0
t_wo + cam_pos
0.9 0 0
Time
1558439843269
Theta
0
t_GA - R_GA * R_AB * t_BA
0 0 0
t_wo + cam_pos
0.9 0 0
Time
1558439843274
Theta
0
t_GA - R_GA * R_AB * t_BA
0 0 0
t_wo + cam_pos
0.9 0 0
Time
1558439843279
Theta
0
t_GA - R_GA * R_AB * t_BA
0 0 0
t_wo + cam_pos
0.9 0 0
Time
1558439843285
Theta
0
t_GA - R_GA * R_AB * t_BA
0 0 0
t_wo + cam_pos
0.9 0 0
Time
1558439843290
Theta
0
t_GA - R_GA * R_AB * t_BA
0 0 0
t_wo + cam_pos
0.9 0 0
Time
1558439843295
Theta
0
t_GA - R_GA * R_AB * t_BA
0 0 0
t_wo + cam_pos
0.9 0 0
Time
1558439843301
Theta
0
t_GA - R_GA * R_AB * t_BA
0 0 0
t_wo + cam_pos
0.9 0 0
Time
1558439843306
Theta
0
t_GA - R_GA * R_AB * t_BA
0 0 0
t_wo + cam_pos
0.9 0 0
Time
1558439843311
Theta
0
t_GA - R_GA * R_AB * t_BA
0 0 0
t_wo + cam_pos
0.9 0 0
Time
1558439843316
Theta
0
t_GA - R_GA * R_AB * t_BA
0 0 0
t_wo + cam_pos
0.9 0 0
Time
1558439843322
Theta
0
t_GA - R_GA * R_AB * t_BA
0 0 0
t_wo + cam_pos
0.9 0 0
Time
1558439843327
Theta
0
t_GA - R_GA * R_AB * t_BA
0 0 0
t_wo + cam_pos
0.9 0 0
Time
1558439843332
Theta
0
t_GA - R_GA * R_AB * t_BA
0 0 0
t_wo + cam_pos
0.9 0 0
Time
1558439843338
Theta
0
t_GA - R_GA * R_AB * t_BA
0 0 0
t_wo + cam_pos
0.9 0 0
Time
1558439843343
Theta
0
t_GA - R_GA * R_AB * t_BA
0 0 0
t_wo + cam_pos
0.9 0 0
Time
1558439843348
Theta
0
t_GA - R_GA * R_AB * t_BA
0 0 0
t_wo + cam_pos
0.9 0 0
Time
1558439843354
Theta
0
t_GA - R_GA * R_AB * t_BA
0 0 0
t_wo + cam_pos
0.9 0 0
Time
1558439843359
Theta
0
t_GA - R_GA * R_AB * t_BA
0 0 0
t_wo + cam_pos
0.9 0 0
Time
1558439843364
Theta
0
t_GA - R_GA * R_AB * t_BA
0 0 0
t_wo + cam_pos
0.9 0 0
Time
1558439843370
Theta
0
t_GA - R_GA * R_AB * t_BA
0 0 0
t_wo + cam_pos
0.9 0 0
Time
1558439843375
Theta
0
t_GA - R_GA * R_AB * t_BA
0 0 0
t_wo + cam_pos
0.9 0 0
Time
1558439843380
Theta
0
t_GA - R_GA * R_AB * t_BA
0 0 0
t_wo + cam_pos
0.9 0 0
Time
1558439843385
Theta
0
t_GA - R_GA * R_AB * t_BA
0 0 0
t_wo + cam_pos
0.9 0 0
Time
1558439843391
Theta
0
t_GA - R_GA * R_AB * t_BA
0 0 0
t_wo + cam_pos
0.9 0 0
Time
1558439843396
Theta
0
t_GA - R_GA * R_AB * t_BA
0 0 0
t_wo + cam_pos
0.9 0 0
Time
1558439843401
Theta
0
t_GA - R_GA * R_AB * t_BA
0 0 0
t_wo + cam_pos
0.9 0 0
Time
1558439843407
Theta
0
t_GA - R_GA * R_AB * t_BA
0 0 0
t_wo + cam_pos
0.9 0 0
Time
1558439843412
Theta
0
t_GA - R_GA * R_AB * t_BA
0 0 0
t_wo + cam_pos
0.9 0 0
Time
1558439843417
Theta
0
t_GA - R_GA * R_AB * t_BA
0 0 0
t_wo + cam_pos
0.9 0 0
Time
1558439843423
Theta
0
t_GA - R_GA * R_AB * t_BA
0 0 0
t_wo + cam_pos
0.9 0 0
Time
1558439843428
Theta
0
t_GA - R_GA * R_AB * t_BA
0 0 0
t_wo + cam_pos
0.9 0 0
Time
1558439843433
Theta
0
t_GA - R_GA * R_AB * t_BA
0 0 0
t_wo + cam_pos
0.9 0 0
Time
1558439843441
Theta
0
t_GA - R_GA * R_AB * t_BA
0 0 0
t_wo + cam_pos
0.9 0 0
Time
1558439843446
Theta
0
t_GA - R_GA * R_AB * t_BA
0 0 0
t_wo + cam_pos
0.9 0 0
Time
1558439843451
Theta
0
t_GA - R_GA * R_AB * t_BA
0 0 0
t_wo + cam_pos
0.9 0 0
Time
1558439843457
Theta
0
t_GA - R_GA * R_AB * t_BA
0 0 0
t_wo + cam_pos
0.9 0 0
Time
1558439843462
Theta
0
t_GA - R_GA * R_AB * t_BA
0 0 0
t_wo + cam_pos
0.9 0 0
Time
1558439843467
Theta
0
t_GA - R_GA * R_AB * t_BA
0 0 0
t_wo + cam_pos
0.9 0 0
Time
1558439843472
Theta
0
t_GA - R_GA * R_AB * t_BA
0 0 0
t_wo + cam_pos
0.9 0 0
Time
1558439843478
Theta
0
t_GA - R_GA * R_AB * t_BA
0 0 0
t_wo + cam_pos
0.9 0 0
Time
1558439843483
Theta
0
t_GA - R_GA * R_AB * t_BA
0 0 0
t_wo + cam_pos
0.9 0 0
Time
1558439843488
Theta
0
t_GA - R_GA * R_AB * t_BA
0 0 0
t_wo + cam_pos
0.9 0 0
Time
1558439843494
Theta
0
t_GA - R_GA * R_AB * t_BA
0 0 0
t_wo + cam_pos
0.9 0 0
Time
1558439843499
Theta
0
t_GA - R_GA * R_AB * t_BA
0 0 0
t_wo + cam_pos
0.9 0 0
Time
1558439843504
Theta
0
t_GA - R_GA * R_AB * t_BA
0 0 0
t_wo + cam_pos
0.9 0 0
Time
1558439843509
Theta
0
t_GA - R_GA * R_AB * t_BA
0 0 0
t_wo + cam_pos
0.9 0 0
Time
1558439843515
Theta
0
t_GA - R_GA * R_AB * t_BA
0 0 0
t_wo + cam_pos
0.9 0 0
Time
1558439843520
Theta
0
t_GA - R_GA * R_AB * t_BA
0 0 0
t_wo + cam_pos
0.9 0 0
Time
1558439843525
Theta
0
t_GA - R_GA * R_AB * t_BA
0 0 0
t_wo + cam_pos
0.9 0 0
Time
1558439843531
Theta
0
t_GA - R_GA * R_AB * t_BA
0 0 0
t_wo + cam_pos
0.9 0 0
Time
1558439843538
Theta
0
t_GA - R_GA * R_AB * t_BA
0 0 0
t_wo + cam_pos
0.9 0 0
Time
1558439843543
Theta
0
t_GA - R_GA * R_AB * t_BA
0 0 0
t_wo + cam_pos
0.9 0 0
Time
1558439843548
Theta
0
t_GA - R_GA * R_AB * t_BA
0 0 0
t_wo + cam_pos
0.9 0 0
Time
1558439843554
Theta
0
t_GA - R_GA * R_AB * t_BA
0 0 0
t_wo + cam_pos
0.9 0 0
Time
1558439843559
Theta
0
t_GA - R_GA * R_AB * t_BA
0 0 0
t_wo + cam_pos
0.9 0 0
Time
1558439843564
Theta
0
t_GA - R_GA * R_AB * t_BA
0 0 0
t_wo + cam_pos
0.9 0 0
Time
1558439843569
Theta
0
t_GA - R_GA * R_AB * t_BA
0 0 0
t_wo + cam_pos
0.9 0 0
Time
1558439843575
Theta
0
t_GA - R_GA * R_AB * t_BA
0 0 0
t_wo + cam_pos
0.9 0 0
Time
1558439843580
Theta
0
t_GA - R_GA * R_AB * t_BA
0 0 0
t_wo + cam_pos
0.9 0 0
Time
1558439843585
Theta
0
t_GA - R_GA * R_AB * t_BA
0 0 0
t_wo + cam_pos
0.9 0 0
Time
1558439843590
Theta
0
t_GA - R_GA * R_AB * t_BA
0 0 0
t_wo + cam_pos
0.9 0 0
Time
1558439843595
Theta
0
t_GA - R_GA * R_AB * t_BA
0 0 0
t_wo + cam_pos
0.9 0 0
Time
1558439843601
Theta
0
t_GA - R_GA * R_AB * t_BA
0 0 0
t_wo + cam_pos
0.9 0 0
Time
1558439843606
Theta
0
t_GA - R_GA * R_AB * t_BA
0 0 0
t_wo + cam_pos
0.9 0 0
Time
1558439843611
Theta
0
t_GA - R_GA * R_AB * t_BA
0 0 0
t_wo + cam_pos
0.9 0 0
Time
1558439843616
Theta
0
t_GA - R_GA * R_AB * t_BA
0 0 0
t_wo + cam_pos
0.9 0 0
Time
1558439843622
Theta
0
t_GA - R_GA * R_AB * t_BA
0 0 0
t_wo + cam_pos
0.9 0 0
Time
1558439843627
Theta
0
t_GA - R_GA * R_AB * t_BA
0 0 0
t_wo + cam_pos
0.9 0 0
Time
1558439843632
Theta
0
t_GA - R_GA * R_AB * t_BA
0 0 0
t_wo + cam_pos
0.9 0 0
Time
1558439843637
Theta
0
t_GA - R_GA * R_AB * t_BA
0 0 0
t_wo + cam_pos
0.9 0 0
Time
1558439843642
Theta
0
t_GA - R_GA * R_AB * t_BA
0 0 0
t_wo + cam_pos
0.9 0 0
Time
1558439843648
Theta
0
t_GA - R_GA * R_AB * t_BA
0 0 0
t_wo + cam_pos
0.9 0 0
Time
1558439843653
Theta
0
t_GA - R_GA * R_AB * t_BA
0 0 0
t_wo + cam_pos
0.9 0 0
Time
1558439843658
Theta
0
t_GA - R_GA * R_AB * t_BA
0 0 0
t_wo + cam_pos
0.9 0 0
Time
1558439843664
Theta
0
t_GA - R_GA * R_AB * t_BA
0 0 0
t_wo + cam_pos
0.9 0 0
Time
1558439843669
Theta
0
t_GA - R_GA * R_AB * t_BA
0 0 0
t_wo + cam_pos
0.9 0 0
Time
1558439843674
Theta
0
t_GA - R_GA * R_AB * t_BA
0 0 0
t_wo + cam_pos
0.9 0 0
Time
1558439843683
Theta
0
t_GA - R_GA * R_AB * t_BA
0 0 0
t_wo + cam_pos
0.9 0 0
Time
1558439843688
Theta
0
t_GA - R_GA * R_AB * t_BA
0 0 0
t_wo + cam_pos
0.9 0 0
Time
1558439843693
Theta
0
t_GA - R_GA * R_AB * t_BA
0 0 0
t_wo + cam_pos
0.9 0 0
Time
1558439843698
Theta
0
t_GA - R_GA * R_AB * t_BA
0 0 0
t_wo + cam_pos
0.9 0 0
Time
1558439843704
Theta
0
t_GA - R_GA * R_AB * t_BA
0 0 0
t_wo + cam_pos
0.9 0 0
Time
1558439843709
Theta
0
t_GA - R_GA * R_AB * t_BA
0 0 0
t_wo + cam_pos
0.9 0 0
Time
1558439843714
Theta
0
t_GA - R_GA * R_AB * t_BA
0 0 0
t_wo + cam_pos
0.9 0 0
Time
1558439843720
Theta
0
t_GA - R_GA * R_AB * t_BA
0 0 0
t_wo + cam_pos
0.9 0 0
Time
1558439843725
Theta
0
t_GA - R_GA * R_AB * t_BA
0 0 0
t_wo + cam_pos
0.9 0 0
Time
1558439843730
Theta
0
t_GA - R_GA * R_AB * t_BA
0 0 0
t_wo + cam_pos
0.9 0 0
Time
1558439843735
Theta
0
t_GA - R_GA * R_AB * t_BA
0 0 0
t_wo + cam_pos
0.9 0 0
Time
1558439843741
Theta
0
t_GA - R_GA * R_AB * t_BA
0 0 0
t_wo + cam_pos
0.9 0 0
Time
1558439843746
Theta
0
t_GA - R_GA * R_AB * t_BA
0 0 0
t_wo + cam_pos
0.9 0 0
Time
1558439843752
Theta
0
t_GA - R_GA * R_AB * t_BA
0 0 0
t_wo + cam_pos
0.9 0 0
Time
1558439843757
Theta
0
t_GA - R_GA * R_AB * t_BA
0 0 0
t_wo + cam_pos
0.9 0 0
Time
1558439843762
Theta
0
t_GA - R_GA * R_AB * t_BA
0 0 0
t_wo + cam_pos
0.9 0 0
Time
1558439843769
Theta
0
t_GA - R_GA * R_AB * t_BA
0 0 0
t_wo + cam_pos
0.9 0 0
Time
1558439843774
Theta
0
t_GA - R_GA * R_AB * t_BA
0 0 0
t_wo + cam_pos
0.9 0 0
Time
1558439843779
Theta
0
t_GA - R_GA * R_AB * t_BA
0 0 0
t_wo + cam_pos
0.9 0 0
Time
1558439843785
Theta
0
t_GA - R_GA * R_AB * t_BA
0 0 0
t_wo + cam_pos
0.9 0 0
Time
1558439843797
Theta
0
t_GA - R_GA * R_AB * t_BA
0 0 0
t_wo + cam_pos
0.9 0 0
Time
1558439843802
Theta
0
t_GA - R_GA * R_AB * t_BA
0 0 0
t_wo + cam_pos
0.9 0 0
Time
1558439843808
Theta
0
t_GA - R_GA * R_AB * t_BA
0 0 0
t_wo + cam_pos
0.9 0 0
Time
1558439843813
Theta
0
t_GA - R_GA * R_AB * t_BA
0 0 0
t_wo + cam_pos
0.9 0 0
Time
1558439843818
Theta
0
t_GA - R_GA * R_AB * t_BA
0 0 0
t_wo + cam_pos
0.9 0 0
Time
1558439843824
Theta
0
t_GA - R_GA * R_AB * t_BA
0 0 0
t_wo + cam_pos
0.9 0 0
Time
1558439843829
Theta
0
t_GA - R_GA * R_AB * t_BA
0 0 0
t_wo + cam_pos
0.9 0 0
Time
1558439843834
Theta
0
t_GA - R_GA * R_AB * t_BA
0 0 0
t_wo + cam_pos
0.9 0 0
Time
1558439843839
Theta
0
t_GA - R_GA * R_AB * t_BA
0 0 0
t_wo + cam_pos
0.9 0 0
Time
1558439843845
Theta
0
t_GA - R_GA * R_AB * t_BA
0 0 0
t_wo + cam_pos
0.9 0 0
Time
1558439843850
Theta
0
t_GA - R_GA * R_AB * t_BA
0 0 0
t_wo + cam_pos
0.9 0 0
Time
1558439843855
Theta
0
t_GA - R_GA * R_AB * t_BA
0 0 0
t_wo + cam_pos
0.9 0 0
Time
1558439843861
Theta
0
t_GA - R_GA * R_AB * t_BA
0 0 0
t_wo + cam_pos
0.9 0 0
Time
1558439843866
Theta
0
t_GA - R_GA * R_AB * t_BA
0 0 0
t_wo + cam_pos
0.9 0 0
Time
1558439843871
Theta
0
t_GA - R_GA * R_AB * t_BA
0 0 0
t_wo + cam_pos
0.9 0 0
Time
1558439843877
Theta
0
t_GA - R_GA * R_AB * t_BA
0 0 0
t_wo + cam_pos
0.9 0 0
Time
1558439843882
Theta
0
t_GA - R_GA * R_AB * t_BA
0 0 0
t_wo + cam_pos
0.9 0 0
Time
1558439843887
Theta
0
t_GA - R_GA * R_AB * t_BA
0 0 0
t_wo + cam_pos
0.9 0 0
Time
1558439843893
Theta
0
t_GA - R_GA * R_AB * t_BA
0 0 0
t_wo + cam_pos
0.9 0 0
Time
1558439843900
Theta
0
t_GA - R_GA * R_AB * t_BA
0 0 0
t_wo + cam_pos
0.9 0 0
Time
1558439843905
Theta
0
t_GA - R_GA * R_AB * t_BA
0 0 0
t_wo + cam_pos
0.9 0 0
Time
1558439843911
Theta
0
t_GA - R_GA * R_AB * t_BA
0 0 0
t_wo + cam_pos
0.9 0 0
Time
1558439843916
Theta
0
t_GA - R_GA * R_AB * t_BA
0 0 0
t_wo + cam_pos
0.9 0 0
Time
1558439843921
Theta
0
t_GA - R_GA * R_AB * t_BA
0 0 0
t_wo + cam_pos
0.9 0 0
Time
1558439843927
Theta
0
t_GA - R_GA * R_AB * t_BA
0 0 0
t_wo + cam_pos
0.9 0 0
Time
1558439843932
Theta
0
t_GA - R_GA * R_AB * t_BA
0 0 0
t_wo + cam_pos
0.9 0 0
Time
1558439843937
Theta
0
t_GA - R_GA * R_AB * t_BA
0 0 0
t_wo + cam_pos
0.9 0 0
Time
1558439843942
Theta
0
t_GA - R_GA * R_AB * t_BA
0 0 0
t_wo + cam_pos
0.9 0 0
Time
1558439843948
Theta
0
t_GA - R_GA * R_AB * t_BA
0 0 0
t_wo + cam_pos
0.9 0 0
Time
1558439843953
Theta
0
t_GA - R_GA * R_AB * t_BA
0 0 0
t_wo + cam_pos
0.9 0 0
Time
1558439843958
Theta
0
t_GA - R_GA * R_AB * t_BA
0 0 0
t_wo + cam_pos
0.9 0 0
Time
1558439843964
Theta
0
t_GA - R_GA * R_AB * t_BA
0 0 0
t_wo + cam_pos
0.9 0 0
Time
1558439843969
Theta
0
t_GA - R_GA * R_AB * t_BA
0 0 0
t_wo + cam_pos
0.9 0 0
Time
1558439843974
Theta
0
t_GA - R_GA * R_AB * t_BA
0 0 0
t_wo + cam_pos
0.9 0 0
Time
1558439843980
Theta
0
t_GA - R_GA * R_AB * t_BA
0 0 0
t_wo + cam_pos
0.9 0 0
Time
1558439843985
Theta
0
t_GA - R_GA * R_AB * t_BA
0 0 0
t_wo + cam_pos
0.9 0 0
Time
1558439843990
Theta
0
t_GA - R_GA * R_AB * t_BA
0 0 0
t_wo + cam_pos
0.9 0 0
Time
1558439843995
Theta
0
t_GA - R_GA * R_AB * t_BA
0 0 0
t_wo + cam_pos
0.9 0 0
Time
1558439844001
Theta
0
t_GA - R_GA * R_AB * t_BA
0 0 0
t_wo + cam_pos
0.9 0 0
Time
1558439844006
Theta
0
t_GA - R_GA * R_AB * t_BA
0 0 0
t_wo + cam_pos
0.9 0 0
Time
1558439844011
Theta
0
t_GA - R_GA * R_AB * t_BA
0 0 0
t_wo + cam_pos
0.9 0 0
Time
1558439844016
Theta
0
t_GA - R_GA * R_AB * t_BA
0 0 0
t_wo + cam_pos
0.9 0 0
Time
1558439844022
Theta
0
t_GA - R_GA * R_AB * t_BA
0 0 0
t_wo + cam_pos
0.9 0 0
Time
1558439844028
Theta
0
t_GA - R_GA * R_AB * t_BA
0 0 0
t_wo + cam_pos
0.9 0 0
Time
1558439844033
Theta
0
t_GA - R_GA * R_AB * t_BA
0 0 0
t_wo + cam_pos
0.9 0 0
Time
1558439844039
Theta
0
t_GA - R_GA * R_AB * t_BA
0 0 0
t_wo + cam_pos
0.9 0 0
Time
1558439844044
Theta
0
t_GA - R_GA * R_AB * t_BA
0 0 0
t_wo + cam_pos
0.9 0 0
Time
1558439844050
Theta
0
t_GA - R_GA * R_AB * t_BA
0 0 0
t_wo + cam_pos
0.9 0 0
Time
1558439844055
Theta
0
t_GA - R_GA * R_AB * t_BA
0 0 0
t_wo + cam_pos
0.9 0 0
Time
1558439844063
Theta
0
t_GA - R_GA * R_AB * t_BA
0 0 0
t_wo + cam_pos
0.9 0 0
Time
1558439844068
Theta
0
t_GA - R_GA * R_AB * t_BA
0 0 0
t_wo + cam_pos
0.9 0 0
Time
1558439844073
Theta
0
t_GA - R_GA * R_AB * t_BA
0 0 0
t_wo + cam_pos
0.9 0 0
Time
1558439844079
Theta
0
t_GA - R_GA * R_AB * t_BA
0 0 0
t_wo + cam_pos
0.9 0 0
Time
1558439844084
Theta
0
t_GA - R_GA * R_AB * t_BA
0 0 0
t_wo + cam_pos
0.9 0 0
Time
1558439844089
Theta
0
t_GA - R_GA * R_AB * t_BA
0 0 0
t_wo + cam_pos
0.9 0 0
Time
1558439844095
Theta
0
t_GA - R_GA * R_AB * t_BA
0 0 0
t_wo + cam_pos
0.9 0 0
Time
1558439844100
Theta
0
t_GA - R_GA * R_AB * t_BA
0 0 0
t_wo + cam_pos
0.9 0 0
Time
1558439844105
Theta
0
t_GA - R_GA * R_AB * t_BA
0 0 0
t_wo + cam_pos
0.9 0 0
Time
1558439844111
Theta
0
t_GA - R_GA * R_AB * t_BA
0 0 0
t_wo + cam_pos
0.9 0 0
Time
1558439844116
Theta
0
t_GA - R_GA * R_AB * t_BA
0 0 0
t_wo + cam_pos
0.9 0 0
Time
1558439844121
Theta
0
t_GA - R_GA * R_AB * t_BA
0 0 0
t_wo + cam_pos
0.9 0 0
Time
1558439844126
Theta
0
t_GA - R_GA * R_AB * t_BA
0 0 0
t_wo + cam_pos
0.9 0 0
Time
1558439844132
Theta
0
t_GA - R_GA * R_AB * t_BA
0 0 0
t_wo + cam_pos
0.9 0 0
Time
1558439844137
Theta
0
t_GA - R_GA * R_AB * t_BA
0 0 0
t_wo + cam_pos
0.9 0 0
Time
1558439844142
Theta
0
t_GA - R_GA * R_AB * t_BA
0 0 0
t_wo + cam_pos
0.9 0 0
Time
1558439844147
Theta
0
t_GA - R_GA * R_AB * t_BA
0 0 0
t_wo + cam_pos
0.9 0 0
Time
1558439844152
Theta
0
t_GA - R_GA * R_AB * t_BA
0 0 0
t_wo + cam_pos
0.9 0 0
Time
1558439844158
Theta
0
t_GA - R_GA * R_AB * t_BA
0 0 0
t_wo + cam_pos
0.9 0 0
Time
1558439844163
Theta
0
t_GA - R_GA * R_AB * t_BA
0 0 0
t_wo + cam_pos
0.9 0 0
Time
1558439844168
Theta
0
t_GA - R_GA * R_AB * t_BA
0 0 0
t_wo + cam_pos
0.9 0 0
Time
1558439844183
Theta
0
t_GA - R_GA * R_AB * t_BA
0 0 0
t_wo + cam_pos
0.9 0 0
Time
1558439844208
Theta
0
t_GA - R_GA * R_AB * t_BA
0 0 0
t_wo + cam_pos
0.9 0 0
Time
1558439844228
Theta
0
t_GA - R_GA * R_AB * t_BA
0 0 0
t_wo + cam_pos
0.9 0 0
Time
1558439844253
Theta
0
t_GA - R_GA * R_AB * t_BA
0 0 0
t_wo + cam_pos
0.9 0 0
Time
1558439844277
Theta
0
t_GA - R_GA * R_AB * t_BA
0 0 0
t_wo + cam_pos
0.9 0 0
Time
1558439844302
Theta
0
t_GA - R_GA * R_AB * t_BA
0 0 0
t_wo + cam_pos
0.9 0 0
Time
1558439844327
Theta
0
t_GA - R_GA * R_AB * t_BA
0 0 0
t_wo + cam_pos
0.9 0 0
Time
1558439844351
Theta
0
t_GA - R_GA * R_AB * t_BA
0 0 0
t_wo + cam_pos
0.9 0 0
Time
1558439844371
Theta
0
t_GA - R_GA * R_AB * t_BA
0 0 0
t_wo + cam_pos
0.9 0 0
Time
1558439844396
Theta
0
t_GA - R_GA * R_AB * t_BA
0 0 0
t_wo + cam_pos
0.9 0 0
Time
1558439844421
Theta
0
t_GA - R_GA * R_AB * t_BA
0 0 0
t_wo + cam_pos
0.9 0 0
Time
1558439844445
Theta
0
t_GA - R_GA * R_AB * t_BA
0 0 0
t_wo + cam_pos
0.9 0 0
Time
1558439844470
Theta
0
t_GA - R_GA * R_AB * t_BA
0 0 0
t_wo + cam_pos
0.9 0 0
Time
1558439844494
Theta
0
t_GA - R_GA * R_AB * t_BA
0 0 0
t_wo + cam_pos
0.9 0 0
Time
1558439844515
Theta
0
t_GA - R_GA * R_AB * t_BA
0 0 0
t_wo + cam_pos
0.9 0 0
Time
1558439844539
Theta
0
t_GA - R_GA * R_AB * t_BA
0 0 0
t_wo + cam_pos
0.9 0 0
Time
1558439844564
Theta
0
t_GA - R_GA * R_AB * t_BA
0 0 0
t_wo + cam_pos
0.9 0 0
Time
1558439844589
Theta
0
t_GA - R_GA * R_AB * t_BA
0 0 0
t_wo + cam_pos
0.9 0 0
Time
1558439844613
Theta
0
t_GA - R_GA * R_AB * t_BA
0 0 0
t_wo + cam_pos
0.9 0 0
Time
1558439844638
Theta
0
t_GA - R_GA * R_AB * t_BA
0 0 0
t_wo + cam_pos
0.9 0 0
Time
1558439844662
Theta
0
t_GA - R_GA * R_AB * t_BA
0 0 0
t_wo + cam_pos
0.9 0 0
Time
1558439844683
Theta
0
t_GA - R_GA * R_AB * t_BA
0 0 0
t_wo + cam_pos
0.9 0 0
Time
1558439844707
Theta
0
t_GA - R_GA * R_AB * t_BA
0 0 0
t_wo + cam_pos
0.9 0 0
Time
1558439844732
Theta
0
t_GA - R_GA * R_AB * t_BA
0 0 0
t_wo + cam_pos
0.9 0 0
Time
1558439844756
Theta
0
t_GA - R_GA * R_AB * t_BA
0 0 0
t_wo + cam_pos
0.9 0 0
Time
1558439844781
Theta
0
t_GA - R_GA * R_AB * t_BA
0 0 0
t_wo + cam_pos
0.9 0 0
Time
1558439844806
Theta
0
t_GA - R_GA * R_AB * t_BA
0 0 0
t_wo + cam_pos
0.9 0 0
Time
1558439844826
Theta
0
t_GA - R_GA * R_AB * t_BA
0 0 0
t_wo + cam_pos
0.9 0 0
Time
1558439844851
Theta
0
t_GA - R_GA * R_AB * t_BA
0 0 0
t_wo + cam_pos
0.9 0 0
Time
1558439844875
Theta
0
t_GA - R_GA * R_AB * t_BA
0 0 0
t_wo + cam_pos
0.9 0 0
Time
1558439844900
Theta
0
t_GA - R_GA * R_AB * t_BA
0 0 0
t_wo + cam_pos
0.9 0 0
Time
1558439844924
Theta
0
t_GA - R_GA * R_AB * t_BA
0 0 0
t_wo + cam_pos
0.9 0 0
Time
1558439844949
Theta
0
t_GA - R_GA * R_AB * t_BA
0 0 0
t_wo + cam_pos
0.9 0 0
Time
1558439844969
Theta
0
t_GA - R_GA * R_AB * t_BA
0 0 0
t_wo + cam_pos
0.9 0 0
Time
1558439844994
Theta
0
t_GA - R_GA * R_AB * t_BA
0 0 0
t_wo + cam_pos
0.9 0 0
Time
1558439845019
Theta
0
t_GA - R_GA * R_AB * t_BA
0 0 0
t_wo + cam_pos
0.9 0 0
Time
1558439845043
Theta
0
t_GA - R_GA * R_AB * t_BA
0 0 0
t_wo + cam_pos
0.9 0 0
Time
1558439845068
Theta
0
t_GA - R_GA * R_AB * t_BA
0 0 0
t_wo + cam_pos
0.9 0 0
Time
1558439845092
Theta
0
t_GA - R_GA * R_AB * t_BA
0 0 0
t_wo + cam_pos
0.9 0 0
Time
1558439845113
Theta
0
t_GA - R_GA * R_AB * t_BA
0 0 0
t_wo + cam_pos
0.9 0 0
Time
1558439845137
Theta
0
t_GA - R_GA * R_AB * t_BA
0 0 0
t_wo + cam_pos
0.9 0 0
Time
1558439845162
Theta
0
t_GA - R_GA * R_AB * t_BA
0 0 0
t_wo + cam_pos
0.9 0 0
Time
1558439845187
Theta
0
t_GA - R_GA * R_AB * t_BA
0 0 0
t_wo + cam_pos
0.9 0 0
Time
1558439845212
Theta
0
t_GA - R_GA * R_AB * t_BA
0 0 0
t_wo + cam_pos
0.9 0 0
Time
1558439845236
Theta
0
t_GA - R_GA * R_AB * t_BA
0 0 0
t_wo + cam_pos
0.9 0 0
Time
1558439845256
Theta
0
t_GA - R_GA * R_AB * t_BA
0 0 0
t_wo + cam_pos
0.9 0 0
Time
1558439845281
Theta
0
t_GA - R_GA * R_AB * t_BA
0 0 0
t_wo + cam_pos
0.9 0 0
Time
1558439845305
Theta
0
t_GA - R_GA * R_AB * t_BA
0 0 0
t_wo + cam_pos
0.9 0 0
Time
1558439845330
Theta
0
t_GA - R_GA * R_AB * t_BA
0 0 0
t_wo + cam_pos
0.9 0 0
Time
1558439845355
Theta
0
t_GA - R_GA * R_AB * t_BA
0 0 0
t_wo + cam_pos
0.9 0 0
Time
1558439845379
Theta
0
t_GA - R_GA * R_AB * t_BA
0 0 0
t_wo + cam_pos
0.9 0 0
Time
1558439845400
Theta
0
t_GA - R_GA * R_AB * t_BA
0 0 0
t_wo + cam_pos
0.9 0 0
Time
1558439845424
Theta
0
t_GA - R_GA * R_AB * t_BA
0 0 0
t_wo + cam_pos
0.9 0 0
Time
1558439845449
Theta
0
t_GA - R_GA * R_AB * t_BA
0 0 0
t_wo + cam_pos
0.9 0 0
Time
1558439845473
Theta
0
t_GA - R_GA * R_AB * t_BA
0 0 0
t_wo + cam_pos
0.9 0 0
Time
1558439845498
Theta
0
t_GA - R_GA * R_AB * t_BA
0 0 0
t_wo + cam_pos
0.9 0 0
Time
1558439845522
Theta
0
t_GA - R_GA * R_AB * t_BA
0 0 0
t_wo + cam_pos
0.9 0 0
Time
1558439845543
Theta
0
t_GA - R_GA * R_AB * t_BA
0 0 0
t_wo + cam_pos
0.9 0 0
Time
1558439845567
Theta
0
t_GA - R_GA * R_AB * t_BA
0 0 0
t_wo + cam_pos
0.9 0 0
Time
1558439845592
Theta
0
t_GA - R_GA * R_AB * t_BA
0 0 0
t_wo + cam_pos
0.9 0 0
Time
1558439845617
Theta
0
t_GA - R_GA * R_AB * t_BA
0 0 0
t_wo + cam_pos
0.9 0 0
Time
1558439845641
Theta
0
t_GA - R_GA * R_AB * t_BA
0 0 0
t_wo + cam_pos
0.9 0 0
Time
1558439845666
Theta
0
t_GA - R_GA * R_AB * t_BA
0 0 0
t_wo + cam_pos
0.9 0 0
Time
1558439845690
Theta
0
t_GA - R_GA * R_AB * t_BA
0 0 0
t_wo + cam_pos
0.9 0 0
Time
1558439845711
Theta
0
t_GA - R_GA * R_AB * t_BA
0 0 0
t_wo + cam_pos
0.9 0 0
Time
1558439845735
Theta
0
t_GA - R_GA * R_AB * t_BA
0 0 0
t_wo + cam_pos
0.9 0 0
Time
1558439845760
Theta
0
t_GA - R_GA * R_AB * t_BA
0 0 0
t_wo + cam_pos
0.9 0 0
Time
1558439845785
Theta
0
t_GA - R_GA * R_AB * t_BA
0 0 0
t_wo + cam_pos
0.9 0 0
Time
1558439845809
Theta
0
t_GA - R_GA * R_AB * t_BA
0 0 0
t_wo + cam_pos
0.9 0 0
Time
1558439845834
Theta
0
t_GA - R_GA * R_AB * t_BA
0 0 0
t_wo + cam_pos
0.9 0 0
Time
1558439845854
Theta
0
t_GA - R_GA * R_AB * t_BA
0 0 0
t_wo + cam_pos
0.9 0 0
Time
1558439845879
Theta
0
t_GA - R_GA * R_AB * t_BA
0 0 0
t_wo + cam_pos
0.9 0 0
Time
1558439845903
Theta
0
t_GA - R_GA * R_AB * t_BA
0 0 0
t_wo + cam_pos
0.9 0 0
Time
1558439845928
Theta
0
t_GA - R_GA * R_AB * t_BA
0 0 0
t_wo + cam_pos
0.9 0 0
Time
1558439845952
Theta
0
t_GA - R_GA * R_AB * t_BA
0 0 0
t_wo + cam_pos
0.9 0 0
Time
1558439845977
Theta
0
t_GA - R_GA * R_AB * t_BA
0 0 0
t_wo + cam_pos
0.9 0 0
Time
1558439845997
Theta
0
t_GA - R_GA * R_AB * t_BA
0 0 0
t_wo + cam_pos
0.9 0 0
Time
1558439846022
Theta
0
t_GA - R_GA * R_AB * t_BA
0 0 0
t_wo + cam_pos
0.9 0 0
Time
1558439846047
Theta
0
t_GA - R_GA * R_AB * t_BA
0 0 0
t_wo + cam_pos
0.9 0 0
Time
1558439846071
Theta
0
t_GA - R_GA * R_AB * t_BA
0 0 0
t_wo + cam_pos
0.9 0 0
Time
1558439846096
Theta
0
t_GA - R_GA * R_AB * t_BA
0 0 0
t_wo + cam_pos
0.9 0 0
Time
1558439846120
Theta
0
t_GA - R_GA * R_AB * t_BA
0 0 0
t_wo + cam_pos
0.9 0 0
Time
1558439846141
Theta
0
t_GA - R_GA * R_AB * t_BA
0 0 0
t_wo + cam_pos
0.9 0 0
Time
1558439846165
Theta
0
t_GA - R_GA * R_AB * t_BA
0 0 0
t_wo + cam_pos
0.9 0 0
Time
1558439846190
Theta
0
t_GA - R_GA * R_AB * t_BA
0 0 0
t_wo + cam_pos
0.9 0 0
Time
1558439846215
Theta
0
t_GA - R_GA * R_AB * t_BA
0 0 0
t_wo + cam_pos
0.9 0 0
Time
1558439846239
Theta
0
t_GA - R_GA * R_AB * t_BA
0 0 0
t_wo + cam_pos
0.9 0 0
Time
1558439846264
Theta
0
t_GA - R_GA * R_AB * t_BA
0 0 0
t_wo + cam_pos
0.9 0 0
Time
1558439846284
Theta
0
t_GA - R_GA * R_AB * t_BA
0 0 0
t_wo + cam_pos
0.9 0 0
Time
1558439846309
Theta
0
t_GA - R_GA * R_AB * t_BA
0 0 0
t_wo + cam_pos
0.9 0 0
Time
1558439846333
Theta
0
t_GA - R_GA * R_AB * t_BA
0 0 0
t_wo + cam_pos
0.9 0 0
Time
1558439846358
Theta
0
t_GA - R_GA * R_AB * t_BA
0 0 0
t_wo + cam_pos
0.9 0 0
Time
1558439846383
Theta
0
t_GA - R_GA * R_AB * t_BA
0 0 0
t_wo + cam_pos
0.9 0 0
Time
1558439846407
Theta
0
t_GA - R_GA * R_AB * t_BA
0 0 0
t_wo + cam_pos
0.9 0 0
Time
1558439846428
Theta
0
t_GA - R_GA * R_AB * t_BA
0 0 0
t_wo + cam_pos
0.9 0 0
Time
1558439846452
Theta
0
t_GA - R_GA * R_AB * t_BA
0 0 0
t_wo + cam_pos
0.9 0 0
Time
1558439846477
Theta
0
t_GA - R_GA * R_AB * t_BA
0 0 0
t_wo + cam_pos
0.9 0 0
Time
1558439846501
Theta
0
t_GA - R_GA * R_AB * t_BA
0 0 0
t_wo + cam_pos
0.9 0 0
Time
1558439846526
Theta
0
t_GA - R_GA * R_AB * t_BA
0 0 0
t_wo + cam_pos
0.9 0 0
Time
1558439846550
Theta
0
