t_GA - R_GA * R_AB * t_BA
0 0 0
t_wo + cam_pos
0.9 0 0
Time
1558449303270
Theta
0
t_GA - R_GA * R_AB * t_BA
0 0 0
t_wo + cam_pos
0.9 0 0
Time
1558449303320
Theta
0
t_GA - R_GA * R_AB * t_BA
0 0 0
t_wo + cam_pos
0.9 0 0
Time
1558449303371
Theta
0
t_GA - R_GA * R_AB * t_BA
0 0 0
t_wo + cam_pos
0.9 0 0
Time
1558449303421
Theta
0
t_GA - R_GA * R_AB * t_BA
0 0 0
t_wo + cam_pos
0.9 0 0
Time
1558449303471
Theta
0
t_GA - R_GA * R_AB * t_BA
0 0 0
t_wo + cam_pos
0.9 0 0
Time
1558449303522
Theta
0
t_GA - R_GA * R_AB * t_BA
0 0 0
t_wo + cam_pos
0.9 0 0
Time
1558449303572
Theta
0
t_GA - R_GA * R_AB * t_BA
0 0 0
t_wo + cam_pos
0.9 0 0
Time
1558449303623
Theta
0
t_GA - R_GA * R_AB * t_BA
0 0 0
t_wo + cam_pos
0.9 0 0
Time
1558449303673
Theta
0
t_GA - R_GA * R_AB * t_BA
0 0 0
t_wo + cam_pos
0.9 0 0
Time
1558449303723
Theta
0
t_GA - R_GA * R_AB * t_BA
0 0 0
t_wo + cam_pos
0.9 0 0
Time
1558449303774
Theta
0
t_GA - R_GA * R_AB * t_BA
0 0 0
t_wo + cam_pos
0.9 0 0
Time
1558449303824
Theta
0
t_GA - R_GA * R_AB * t_BA
0 0 0
t_wo + cam_pos
0.9 0 0
Time
1558449303874
Theta
0
t_GA - R_GA * R_AB * t_BA
0 0 0
t_wo + cam_pos
0.9 0 0
Time
1558449303925
Theta
0
t_GA - R_GA * R_AB * t_BA
0 0 0
t_wo + cam_pos
0.9 0 0
Time
1558449303975
Theta
0
t_GA - R_GA * R_AB * t_BA
0 0 0
t_wo + cam_pos
0.9 0 0
Time
1558449304025
Theta
0
t_GA - R_GA * R_AB * t_BA
0 0 0
t_wo + cam_pos
0.9 0 0
Time
1558449304076
Theta
0
t_GA - R_GA * R_AB * t_BA
0 0 0
t_wo + cam_pos
0.9 0 0
Time
1558449304126
Theta
0
t_GA - R_GA * R_AB * t_BA
0 0 0
t_wo + cam_pos
0.9 0 0
Time
1558449304177
Theta
0
t_GA - R_GA * R_AB * t_BA
0 0 0
t_wo + cam_pos
0.9 0 0
Time
1558449304227
Theta
0
t_GA - R_GA * R_AB * t_BA
0 0 0
t_wo + cam_pos
0.9 0 0
Time
1558449304277
Theta
0
t_GA - R_GA * R_AB * t_BA
0 0 0
t_wo + cam_pos
0.9 0 0
Time
1558449304328
Theta
0
t_GA - R_GA * R_AB * t_BA
0 0 0
t_wo + cam_pos
0.9 0 0
Time
1558449304378
Theta
0
t_GA - R_GA * R_AB * t_BA
0 0 0
t_wo + cam_pos
0.9 0 0
Time
1558449304429
Theta
0
t_GA - R_GA * R_AB * t_BA
0 0 0
t_wo + cam_pos
0.9 0 0
Time
1558449304479
Theta
0
t_GA - R_GA * R_AB * t_BA
0 0 0
t_wo + cam_pos
0.9 0 0
Time
1558449304529
Theta
0
t_GA - R_GA * R_AB * t_BA
0 0 0
t_wo + cam_pos
0.9 0 0
Time
1558449304580
Theta
0
t_GA - R_GA * R_AB * t_BA
0 0 0
t_wo + cam_pos
0.9 0 0
Time
1558449304630
Theta
0
t_GA - R_GA * R_AB * t_BA
0 0 0
t_wo + cam_pos
0.9 0 0
Time
1558449304681
Theta
0
t_GA - R_GA * R_AB * t_BA
0 0 0
t_wo + cam_pos
0.9 0 0
Time
1558449304731
Theta
0
t_GA - R_GA * R_AB * t_BA
0 0 0
t_wo + cam_pos
0.9 0 0
Time
1558449304782
Theta
0
t_GA - R_GA * R_AB * t_BA
0 0 0
t_wo + cam_pos
0.9 0 0
Time
1558449304832
Theta
0
t_GA - R_GA * R_AB * t_BA
0 0 0
t_wo + cam_pos
0.9 0 0
Time
1558449304882
Theta
0
t_GA - R_GA * R_AB * t_BA
0 0 0
t_wo + cam_pos
0.9 0 0
Time
1558449304933
Theta
0
t_GA - R_GA * R_AB * t_BA
0 0 0
t_wo + cam_pos
0.9 0 0
Time
1558449304983
Theta
0
t_GA - R_GA * R_AB * t_BA
0 0 0
t_wo + cam_pos
0.9 0 0
Time
1558449305034
Theta
0
t_GA - R_GA * R_AB * t_BA
0 0 0
t_wo + cam_pos
0.9 0 0
Time
1558449305084
Theta
0
t_GA - R_GA * R_AB * t_BA
0 0 0
t_wo + cam_pos
0.9 0 0
Time
1558449305134
Theta
0
t_GA - R_GA * R_AB * t_BA
0 0 0
t_wo + cam_pos
0.9 0 0
Time
1558449305185
Theta
0
t_GA - R_GA * R_AB * t_BA
0 0 0
t_wo + cam_pos
0.9 0 0
Time
1558449305235
Theta
0
t_GA - R_GA * R_AB * t_BA
0 0 0
t_wo + cam_pos
0.9 0 0
Time
1558449305286
Theta
0
t_GA - R_GA * R_AB * t_BA
0 0 0
t_wo + cam_pos
0.9 0 0
Time
1558449305336
Theta
0
t_GA - R_GA * R_AB * t_BA
0 0 0
t_wo + cam_pos
0.9 0 0
Time
1558449305386
Theta
0
t_GA - R_GA * R_AB * t_BA
0 0 0
t_wo + cam_pos
0.9 0 0
Time
1558449305437
Theta
0
t_GA - R_GA * R_AB * t_BA
0 0 0
t_wo + cam_pos
0.9 0 0
Time
1558449305487
Theta
0
t_GA - R_GA * R_AB * t_BA
0 0 0
t_wo + cam_pos
0.9 0 0
Time
1558449305538
Theta
0
t_GA - R_GA * R_AB * t_BA
0 0 0
t_wo + cam_pos
0.9 0 0
Time
1558449305588
Theta
0
t_GA - R_GA * R_AB * t_BA
0 0 0
t_wo + cam_pos
0.9 0 0
Time
1558449305638
Theta
0
t_GA - R_GA * R_AB * t_BA
0 0 0
t_wo + cam_pos
0.9 0 0
Time
1558449305689
Theta
0
t_GA - R_GA * R_AB * t_BA
0 0 0
t_wo + cam_pos
0.9 0 0
Time
1558449305739
Theta
0
t_GA - R_GA * R_AB * t_BA
0 0 0
t_wo + cam_pos
0.9 0 0
Time
1558449305789
Theta
0
t_GA - R_GA * R_AB * t_BA
0 0 0
t_wo + cam_pos
0.9 0 0
Time
1558449305840
Theta
0
t_GA - R_GA * R_AB * t_BA
0 0 0
t_wo + cam_pos
0.9 0 0
Time
1558449305890
Theta
0
t_GA - R_GA * R_AB * t_BA
0 0 0
t_wo + cam_pos
0.9 0 0
Time
1558449305941
Theta
0
t_GA - R_GA * R_AB * t_BA
0 0 0
t_wo + cam_pos
0.9 0 0
Time
1558449305991
Theta
0
t_GA - R_GA * R_AB * t_BA
0 0 0
t_wo + cam_pos
0.9 0 0
Time
1558449306041
Theta
0
t_GA - R_GA * R_AB * t_BA
0 0 0
t_wo + cam_pos
0.9 0 0
Time
1558449306092
Theta
0
t_GA - R_GA * R_AB * t_BA
0 0 0
t_wo + cam_pos
0.9 0 0
Time
1558449306142
Theta
0
t_GA - R_GA * R_AB * t_BA
0 0 0
t_wo + cam_pos
0.9 0 0
Time
1558449306193
Theta
0
t_GA - R_GA * R_AB * t_BA
0 0 0
t_wo + cam_pos
0.9 0 0
Time
1558449306243
Theta
0
t_GA - R_GA * R_AB * t_BA
0 0 0
t_wo + cam_pos
0.9 0 0
Time
1558449306293
Theta
0
t_GA - R_GA * R_AB * t_BA
0 0 0
t_wo + cam_pos
0.9 0 0
Time
1558449306344
Theta
0
t_GA - R_GA * R_AB * t_BA
0 0 0
t_wo + cam_pos
0.9 0 0
Time
1558449306394
Theta
0
t_GA - R_GA * R_AB * t_BA
0 0 0
t_wo + cam_pos
0.9 0 0
Time
1558449306445
Theta
0
t_GA - R_GA * R_AB * t_BA
0 0 0
t_wo + cam_pos
0.9 0 0
Time
1558449306495
Theta
0
t_GA - R_GA * R_AB * t_BA
0 0 0
t_wo + cam_pos
0.9 0 0
Time
1558449306545
Theta
0
t_GA - R_GA * R_AB * t_BA
0 0 0
t_wo + cam_pos
0.9 0 0
Time
1558449306596
Theta
0
t_GA - R_GA * R_AB * t_BA
0 0 0
t_wo + cam_pos
0.9 0 0
Time
1558449306646
Theta
0
t_GA - R_GA * R_AB * t_BA
0 0 0
t_wo + cam_pos
0.9 0 0
Time
1558449306696
Theta
0
t_GA - R_GA * R_AB * t_BA
0 0 0
t_wo + cam_pos
0.9 0 0
Time
1558449306747
Theta
0
t_GA - R_GA * R_AB * t_BA
0 0 0
t_wo + cam_pos
0.9 0 0
Time
1558449306797
Theta
0
t_GA - R_GA * R_AB * t_BA
0 0 0
t_wo + cam_pos
0.9 0 0
Time
1558449306848
Theta
0
t_GA - R_GA * R_AB * t_BA
0 0 0
t_wo + cam_pos
0.9 0 0
Time
1558449306898
Theta
0
t_GA - R_GA * R_AB * t_BA
0 0 0
t_wo + cam_pos
0.9 0 0
Time
1558449306948
Theta
0
t_GA - R_GA * R_AB * t_BA
0 0 0
t_wo + cam_pos
0.9 0 0
Time
1558449306999
Theta
0
t_GA - R_GA * R_AB * t_BA
0 0 0
t_wo + cam_pos
0.9 0 0
Time
1558449307063
Theta
0
t_GA - R_GA * R_AB * t_BA
0 0 0
t_wo + cam_pos
0.9 0 0
Time
1558449307114
Theta
0
t_GA - R_GA * R_AB * t_BA
0 0 0
t_wo + cam_pos
0.9 0 0
Time
1558449307164
Theta
0
t_GA - R_GA * R_AB * t_BA
0 0 0
t_wo + cam_pos
0.9 0 0
Time
1558449307215
Theta
0
t_GA - R_GA * R_AB * t_BA
0 0 0
t_wo + cam_pos
0.9 0 0
Time
1558449307265
Theta
0
t_GA - R_GA * R_AB * t_BA
0 0 0
t_wo + cam_pos
0.9 0 0
Time
1558449307318
Theta
0
t_GA - R_GA * R_AB * t_BA
0 0 0
t_wo + cam_pos
0.9 0 0
Time
1558449307369
Theta
0
t_GA - R_GA * R_AB * t_BA
0 0 0
t_wo + cam_pos
0.9 0 0
Time
1558449307419
Theta
0
t_GA - R_GA * R_AB * t_BA
0 0 0
t_wo + cam_pos
0.9 0 0
Time
1558449307469
Theta
0
t_GA - R_GA * R_AB * t_BA
0 0 0
t_wo + cam_pos
0.9 0 0
Time
1558449307520
Theta
0
t_GA - R_GA * R_AB * t_BA
0 0 0
t_wo + cam_pos
0.9 0 0
Time
1558449307570
Theta
0
t_GA - R_GA * R_AB * t_BA
0 0 0
t_wo + cam_pos
0.9 0 0
Time
1558449307620
Theta
0
t_GA - R_GA * R_AB * t_BA
0 0 0
t_wo + cam_pos
0.9 0 0
Time
1558449307671
Theta
0
t_GA - R_GA * R_AB * t_BA
0 0 0
t_wo + cam_pos
0.9 0 0
Time
1558449307721
Theta
0
t_GA - R_GA * R_AB * t_BA
0 0 0
t_wo + cam_pos
0.9 0 0
Time
1558449307771
Theta
0
t_GA - R_GA * R_AB * t_BA
0 0 0
t_wo + cam_pos
0.9 0 0
Time
1558449307822
Theta
0
t_GA - R_GA * R_AB * t_BA
0 0 0
t_wo + cam_pos
0.9 0 0
Time
1558449307872
Theta
0
t_GA - R_GA * R_AB * t_BA
0 0 0
t_wo + cam_pos
0.9 0 0
Time
1558449307922
Theta
0
t_GA - R_GA * R_AB * t_BA
0 0 0
t_wo + cam_pos
0.9 0 0
Time
1558449307973
Theta
0
t_GA - R_GA * R_AB * t_BA
0 0 0
t_wo + cam_pos
0.9 0 0
Time
1558449308023
Theta
0
t_GA - R_GA * R_AB * t_BA
0 0 0
t_wo + cam_pos
0.9 0 0
Time
1558449308073
Theta
0
t_GA - R_GA * R_AB * t_BA
0 0 0
t_wo + cam_pos
0.9 0 0
Time
1558449308124
Theta
0
t_GA - R_GA * R_AB * t_BA
0 0 0
t_wo + cam_pos
0.9 0 0
Time
1558449308174
Theta
0
t_GA - R_GA * R_AB * t_BA
0 0 0
t_wo + cam_pos
0.9 0 0
Time
1558449308225
Theta
0
t_GA - R_GA * R_AB * t_BA
0 0 0
t_wo + cam_pos
0.9 0 0
Time
1558449308275
Theta
0
t_GA - R_GA * R_AB * t_BA
0 0 0
t_wo + cam_pos
0.9 0 0
Time
1558449308326
Theta
0
t_GA - R_GA * R_AB * t_BA
0 0 0
t_wo + cam_pos
0.9 0 0
Time
1558449308376
Theta
0
t_GA - R_GA * R_AB * t_BA
0 0 0
t_wo + cam_pos
0.9 0 0
Time
1558449308426
Theta
0
t_GA - R_GA * R_AB * t_BA
0 0 0
t_wo + cam_pos
0.9 0 0
Time
1558449308477
Theta
0
t_GA - R_GA * R_AB * t_BA
0 0 0
t_wo + cam_pos
0.9 0 0
Time
1558449308527
Theta
0
t_GA - R_GA * R_AB * t_BA
0 0 0
t_wo + cam_pos
0.9 0 0
Time
1558449308577
Theta
0
t_GA - R_GA * R_AB * t_BA
0 0 0
t_wo + cam_pos
0.9 0 0
Time
1558449308628
Theta
0
t_GA - R_GA * R_AB * t_BA
0 0 0
t_wo + cam_pos
0.9 0 0
Time
1558449308678
Theta
0
t_GA - R_GA * R_AB * t_BA
0 0 0
t_wo + cam_pos
0.9 0 0
Time
1558449308728
Theta
0
t_GA - R_GA * R_AB * t_BA
0 0 0
t_wo + cam_pos
0.9 0 0
Time
1558449308779
Theta
0
t_GA - R_GA * R_AB * t_BA
0 0 0
t_wo + cam_pos
0.9 0 0
Time
1558449308829
Theta
0
t_GA - R_GA * R_AB * t_BA
0 0 0
t_wo + cam_pos
0.9 0 0
Time
1558449308879
Theta
0
t_GA - R_GA * R_AB * t_BA
0 0 0
t_wo + cam_pos
0.9 0 0
Time
1558449308930
Theta
0
t_GA - R_GA * R_AB * t_BA
0 0 0
t_wo + cam_pos
0.9 0 0
Time
1558449308980
Theta
0
t_GA - R_GA * R_AB * t_BA
0 0 0
t_wo + cam_pos
0.9 0 0
Time
1558449309030
Theta
0
t_GA - R_GA * R_AB * t_BA
0 0 0
t_wo + cam_pos
0.9 0 0
Time
1558449309081
Theta
0
t_GA - R_GA * R_AB * t_BA
0 0 0
t_wo + cam_pos
0.9 0 0
Time
1558449309131
Theta
0
t_GA - R_GA * R_AB * t_BA
0 0 0
t_wo + cam_pos
0.9 0 0
Time
1558449309182
Theta
0
t_GA - R_GA * R_AB * t_BA
0 0 0
t_wo + cam_pos
0.9 0 0
Time
1558449309232
Theta
0
t_GA - R_GA * R_AB * t_BA
0 0 0
t_wo + cam_pos
0.9 0 0
Time
1558449309282
Theta
0
t_GA - R_GA * R_AB * t_BA
0 0 0
t_wo + cam_pos
0.9 0 0
Time
1558449309333
Theta
0
t_GA - R_GA * R_AB * t_BA
0 0 0
t_wo + cam_pos
0.9 0 0
Time
1558449309383
Theta
0
t_GA - R_GA * R_AB * t_BA
0 0 0
t_wo + cam_pos
0.9 0 0
Time
1558449309433
Theta
0
t_GA - R_GA * R_AB * t_BA
0 0 0
t_wo + cam_pos
0.9 0 0
Time
1558449309484
Theta
0
t_GA - R_GA * R_AB * t_BA
0 0 0
t_wo + cam_pos
0.9 0 0
Time
1558449309534
Theta
0
t_GA - R_GA * R_AB * t_BA
0 0 0
t_wo + cam_pos
0.9 0 0
Time
1558449309585
Theta
0
t_GA - R_GA * R_AB * t_BA
0 0 0
t_wo + cam_pos
0.9 0 0
Time
1558449309635
Theta
0
t_GA - R_GA * R_AB * t_BA
0 0 0
t_wo + cam_pos
0.9 0 0
Time
1558449309685
Theta
0
t_GA - R_GA * R_AB * t_BA
0 0 0
t_wo + cam_pos
0.9 0 0
Time
1558449309736
Theta
0
t_GA - R_GA * R_AB * t_BA
0 0 0
t_wo + cam_pos
0.9 0 0
Time
1558449309786
Theta
0
t_GA - R_GA * R_AB * t_BA
0 0 0
t_wo + cam_pos
0.9 0 0
Time
1558449309837
Theta
0
t_GA - R_GA * R_AB * t_BA
0 0 0
t_wo + cam_pos
0.9 0 0
Time
1558449309887
Theta
0
t_GA - R_GA * R_AB * t_BA
0 0 0
t_wo + cam_pos
0.9 0 0
Time
1558449309938
Theta
0
t_GA - R_GA * R_AB * t_BA
0 0 0
t_wo + cam_pos
0.9 0 0
Time
1558449309988
Theta
0
t_GA - R_GA * R_AB * t_BA
0 0 0
t_wo + cam_pos
0.9 0 0
Time
1558449310038
Theta
0
t_GA - R_GA * R_AB * t_BA
0 0 0
t_wo + cam_pos
0.9 0 0
Time
1558449310089
Theta
0
t_GA - R_GA * R_AB * t_BA
0 0 0
t_wo + cam_pos
0.9 0 0
Time
1558449310139
Theta
0
t_GA - R_GA * R_AB * t_BA
0 0 0
t_wo + cam_pos
0.9 0 0
Time
1558449310190
Theta
0
t_GA - R_GA * R_AB * t_BA
0 0 0
t_wo + cam_pos
0.9 0 0
Time
1558449310240
Theta
0
t_GA - R_GA * R_AB * t_BA
0 0 0
t_wo + cam_pos
0.9 0 0
Time
1558449310290
Theta
0
t_GA - R_GA * R_AB * t_BA
0 0 0
t_wo + cam_pos
0.9 0 0
Time
1558449310341
Theta
0
t_GA - R_GA * R_AB * t_BA
0 0 0
t_wo + cam_pos
0.9 0 0
Time
1558449310391
Theta
0
t_GA - R_GA * R_AB * t_BA
0 0 0
t_wo + cam_pos
0.9 0 0
Time
1558449310441
Theta
0
t_GA - R_GA * R_AB * t_BA
0 0 0
t_wo + cam_pos
0.9 0 0
Time
1558449310492
Theta
0
t_GA - R_GA * R_AB * t_BA
0 0 0
t_wo + cam_pos
0.9 0 0
Time
1558449310542
Theta
0
t_GA - R_GA * R_AB * t_BA
0 0 0
t_wo + cam_pos
0.9 0 0
Time
1558449310593
Theta
0
t_GA - R_GA * R_AB * t_BA
0 0 0
t_wo + cam_pos
0.9 0 0
Time
1558449310643
Theta
0
t_GA - R_GA * R_AB * t_BA
0 0 0
t_wo + cam_pos
0.9 0 0
Time
1558449310693
Theta
0
t_GA - R_GA * R_AB * t_BA
0 0 0
t_wo + cam_pos
0.9 0 0
Time
1558449310744
Theta
0
t_GA - R_GA * R_AB * t_BA
0 0 0
t_wo + cam_pos
0.9 0 0
Time
1558449310794
Theta
0
t_GA - R_GA * R_AB * t_BA
0 0 0
t_wo + cam_pos
0.9 0 0
Time
1558449310845
Theta
0
t_GA - R_GA * R_AB * t_BA
0 0 0
t_wo + cam_pos
0.9 0 0
Time
1558449310895
Theta
0
t_GA - R_GA * R_AB * t_BA
0 0 0
t_wo + cam_pos
0.9 0 0
Time
1558449310946
Theta
0
t_GA - R_GA * R_AB * t_BA
0 0 0
t_wo + cam_pos
0.9 0 0
Time
1558449310996
Theta
0
t_GA - R_GA * R_AB * t_BA
0 0 0
t_wo + cam_pos
0.9 0 0
Time
1558449311046
Theta
0
t_GA - R_GA * R_AB * t_BA
0 0 0
t_wo + cam_pos
0.9 0 0
Time
1558449311097
Theta
0
t_GA - R_GA * R_AB * t_BA
0 0 0
t_wo + cam_pos
0.9 0 0
Time
1558449311147
Theta
0
t_GA - R_GA * R_AB * t_BA
0 0 0
t_wo + cam_pos
0.9 0 0
Time
1558449311198
Theta
0
t_GA - R_GA * R_AB * t_BA
0 0 0
t_wo + cam_pos
0.9 0 0
Time
1558449311249
Theta
0
t_GA - R_GA * R_AB * t_BA
0 0 0
t_wo + cam_pos
0.9 0 0
Time
1558449311299
Theta
0
t_GA - R_GA * R_AB * t_BA
0 0 0
t_wo + cam_pos
0.9 0 0
Time
1558449311349
Theta
0
t_GA - R_GA * R_AB * t_BA
0 0 0
t_wo + cam_pos
0.9 0 0
Time
1558449311400
Theta
0
t_GA - R_GA * R_AB * t_BA
0 0 0
t_wo + cam_pos
0.9 0 0
Time
1558449311450
Theta
0
t_GA - R_GA * R_AB * t_BA
0 0 0
t_wo + cam_pos
0.9 0 0
Time
1558449311501
Theta
0
t_GA - R_GA * R_AB * t_BA
0 0 0
t_wo + cam_pos
0.9 0 0
Time
1558449311551
Theta
0
t_GA - R_GA * R_AB * t_BA
0 0 0
t_wo + cam_pos
0.9 0 0
Time
1558449311601
Theta
0
t_GA - R_GA * R_AB * t_BA
0 0 0
t_wo + cam_pos
0.9 0 0
Time
1558449311652
Theta
0
t_GA - R_GA * R_AB * t_BA
0 0 0
t_wo + cam_pos
0.9 0 0
Time
1558449311702
Theta
0
t_GA - R_GA * R_AB * t_BA
0 0 0
t_wo + cam_pos
0.9 0 0
Time
1558449311752
Theta
0
t_GA - R_GA * R_AB * t_BA
0 0 0
t_wo + cam_pos
0.9 0 0
Time
1558449311803
Theta
0
t_GA - R_GA * R_AB * t_BA
0 0 0
t_wo + cam_pos
0.9 0 0
Time
1558449311853
Theta
0
t_GA - R_GA * R_AB * t_BA
0 0 0
t_wo + cam_pos
0.9 0 0
Time
1558449311904
Theta
0
t_GA - R_GA * R_AB * t_BA
0 0 0
t_wo + cam_pos
0.9 0 0
Time
1558449311954
Theta
0
t_GA - R_GA * R_AB * t_BA
0 0 0
t_wo + cam_pos
0.9 0 0
Time
1558449312004
Theta
0
t_GA - R_GA * R_AB * t_BA
0 0 0
t_wo + cam_pos
0.9 0 0
Time
1558449312055
Theta
0
t_GA - R_GA * R_AB * t_BA
0 0 0
t_wo + cam_pos
0.9 0 0
Time
1558449312105
Theta
0
t_GA - R_GA * R_AB * t_BA
0 0 0
t_wo + cam_pos
0.9 0 0
Time
1558449312156
Theta
0
t_GA - R_GA * R_AB * t_BA
0 0 0
t_wo + cam_pos
0.9 0 0
Time
1558449312206
Theta
0
t_GA - R_GA * R_AB * t_BA
0 0 0
t_wo + cam_pos
0.9 0 0
Time
1558449312257
Theta
0
t_GA - R_GA * R_AB * t_BA
0 0 0
t_wo + cam_pos
0.9 0 0
Time
1558449312307
Theta
0
t_GA - R_GA * R_AB * t_BA
0 0 0
t_wo + cam_pos
0.9 0 0
Time
1558449312357
Theta
0
t_GA - R_GA * R_AB * t_BA
0 0 0
t_wo + cam_pos
0.9 0 0
Time
1558449312408
Theta
0
t_GA - R_GA * R_AB * t_BA
0 0 0
t_wo + cam_pos
0.9 0 0
Time
1558449312458
Theta
0
t_GA - R_GA * R_AB * t_BA
0 0 0
t_wo + cam_pos
0.9 0 0
Time
1558449312509
Theta
0
t_GA - R_GA * R_AB * t_BA
0 0 0
t_wo + cam_pos
0.9 0 0
Time
1558449312559
Theta
0
t_GA - R_GA * R_AB * t_BA
0 0 0
t_wo + cam_pos
0.9 0 0
Time
1558449312609
Theta
0
t_GA - R_GA * R_AB * t_BA
0 0 0
t_wo + cam_pos
0.9 0 0
Time
1558449312660
Theta
0
t_GA - R_GA * R_AB * t_BA
0 0 0
t_wo + cam_pos
0.9 0 0
Time
1558449312710
Theta
0
t_GA - R_GA * R_AB * t_BA
0 0 0
t_wo + cam_pos
0.9 0 0
Time
1558449312761
Theta
0
t_GA - R_GA * R_AB * t_BA
0 0 0
t_wo + cam_pos
0.9 0 0
Time
1558449312811
Theta
0
t_GA - R_GA * R_AB * t_BA
0 0 0
t_wo + cam_pos
0.9 0 0
Time
1558449312861
Theta
0
t_GA - R_GA * R_AB * t_BA
0 0 0
t_wo + cam_pos
0.9 0 0
Time
1558449312912
Theta
0
t_GA - R_GA * R_AB * t_BA
0 0 0
t_wo + cam_pos
0.9 0 0
Time
1558449312962
Theta
0
t_GA - R_GA * R_AB * t_BA
0 0 0
t_wo + cam_pos
0.9 0 0
Time
1558449313013
Theta
0
t_GA - R_GA * R_AB * t_BA
0 0 0
t_wo + cam_pos
0.9 0 0
Time
1558449313063
Theta
0
t_GA - R_GA * R_AB * t_BA
0 0 0
t_wo + cam_pos
0.9 0 0
Time
1558449313113
Theta
0
t_GA - R_GA * R_AB * t_BA
0 0 0
t_wo + cam_pos
0.9 0 0
Time
1558449313164
Theta
0
t_GA - R_GA * R_AB * t_BA
0 0 0
t_wo + cam_pos
0.9 0 0
Time
1558449313214
Theta
0
t_GA - R_GA * R_AB * t_BA
0 0 0
t_wo + cam_pos
0.9 0 0
Time
1558449313264
Theta
0
t_GA - R_GA * R_AB * t_BA
0 0 0
t_wo + cam_pos
0.9 0 0
Time
1558449313315
Theta
0
t_GA - R_GA * R_AB * t_BA
0 0 0
t_wo + cam_pos
0.9 0 0
Time
1558449313365
Theta
0
t_GA - R_GA * R_AB * t_BA
0 0 0
t_wo + cam_pos
0.9 0 0
Time
1558449313416
Theta
0
t_GA - R_GA * R_AB * t_BA
0 0 0
t_wo + cam_pos
0.9 0 0
Time
1558449313466
Theta
0
t_GA - R_GA * R_AB * t_BA
0 0 0
t_wo + cam_pos
0.9 0 0
Time
1558449313516
Theta
0
t_GA - R_GA * R_AB * t_BA
0 0 0
t_wo + cam_pos
0.9 0 0
Time
1558449313567
Theta
0
t_GA - R_GA * R_AB * t_BA
0 0 0
t_wo + cam_pos
0.9 0 0
Time
1558449313617
Theta
0
t_GA - R_GA * R_AB * t_BA
0 0 0
t_wo + cam_pos
0.9 0 0
Time
1558449313668
Theta
0
t_GA - R_GA * R_AB * t_BA
0 0 0
t_wo + cam_pos
0.9 0 0
Time
1558449313718
Theta
0
t_GA - R_GA * R_AB * t_BA
0 0 0
t_wo + cam_pos
0.9 0 0
Time
1558449313768
Theta
0
t_GA - R_GA * R_AB * t_BA
0 0 0
t_wo + cam_pos
0.9 0 0
Time
1558449313819
Theta
0
t_GA - R_GA * R_AB * t_BA
0 0 0
t_wo + cam_pos
0.9 0 0
Time
1558449313869
Theta
0
t_GA - R_GA * R_AB * t_BA
0 0 0
t_wo + cam_pos
0.9 0 0
Time
1558449313920
Theta
0
t_GA - R_GA * R_AB * t_BA
0 0 0
t_wo + cam_pos
0.9 0 0
Time
1558449313970
Theta
0
t_GA - R_GA * R_AB * t_BA
0 0 0
t_wo + cam_pos
0.9 0 0
Time
1558449314020
Theta
0
t_GA - R_GA * R_AB * t_BA
0 0 0
t_wo + cam_pos
0.9 0 0
Time
1558449314071
Theta
0
t_GA - R_GA * R_AB * t_BA
0 0 0
t_wo + cam_pos
0.9 0 0
Time
1558449314121
Theta
0
t_GA - R_GA * R_AB * t_BA
0 0 0
t_wo + cam_pos
0.9 0 0
Time
1558449314172
Theta
0
t_GA - R_GA * R_AB * t_BA
0 0 0
t_wo + cam_pos
0.9 0 0
Time
1558449314222
Theta
0
t_GA - R_GA * R_AB * t_BA
0 0 0
t_wo + cam_pos
0.9 0 0
Time
1558449314272
Theta
0
t_GA - R_GA * R_AB * t_BA
0 0 0
t_wo + cam_pos
0.9 0 0
Time
1558449314323
Theta
0
t_GA - R_GA * R_AB * t_BA
0 0 0
t_wo + cam_pos
0.9 0 0
Time
1558449314373
Theta
0
t_GA - R_GA * R_AB * t_BA
0 0 0
t_wo + cam_pos
0.9 0 0
Time
1558449314423
Theta
0
t_GA - R_GA * R_AB * t_BA
0 0 0
t_wo + cam_pos
0.9 0 0
Time
1558449314474
Theta
0
t_GA - R_GA * R_AB * t_BA
0 0 0
t_wo + cam_pos
0.9 0 0
Time
1558449314524
Theta
0
t_GA - R_GA * R_AB * t_BA
0 0 0
t_wo + cam_pos
0.9 0 0
Time
1558449314575
Theta
0
t_GA - R_GA * R_AB * t_BA
0 0 0
t_wo + cam_pos
0.9 0 0
Time
1558449314625
Theta
0
t_GA - R_GA * R_AB * t_BA
0 0 0
t_wo + cam_pos
0.9 0 0
Time
1558449314675
Theta
0
t_GA - R_GA * R_AB * t_BA
0 0 0
t_wo + cam_pos
0.9 0 0
Time
1558449314726
Theta
0
t_GA - R_GA * R_AB * t_BA
0 0 0
t_wo + cam_pos
0.9 0 0
Time
1558449314776
Theta
0
t_GA - R_GA * R_AB * t_BA
0 0 0
t_wo + cam_pos
0.9 0 0
Time
1558449314827
Theta
0
t_GA - R_GA * R_AB * t_BA
0 0 0
t_wo + cam_pos
0.9 0 0
Time
1558449314877
Theta
0
t_GA - R_GA * R_AB * t_BA
0 0 0
t_wo + cam_pos
0.9 0 0
Time
1558449314927
Theta
0
t_GA - R_GA * R_AB * t_BA
0 0 0
t_wo + cam_pos
0.9 0 0
Time
1558449314978
Theta
0
t_GA - R_GA * R_AB * t_BA
0 0 0
t_wo + cam_pos
0.9 0 0
Time
1558449315028
Theta
0
t_GA - R_GA * R_AB * t_BA
0 0 0
t_wo + cam_pos
0.9 0 0
Time
1558449315079
Theta
0
t_GA - R_GA * R_AB * t_BA
0 0 0
t_wo + cam_pos
0.9 0 0
Time
1558449315129
Theta
0
t_GA - R_GA * R_AB * t_BA
0 0 0
t_wo + cam_pos
0.9 0 0
Time
1558449315179
Theta
0
t_GA - R_GA * R_AB * t_BA
0 0 0
t_wo + cam_pos
0.9 0 0
Time
1558449315230
Theta
0
t_GA - R_GA * R_AB * t_BA
0 0 0
t_wo + cam_pos
0.9 0 0
Time
1558449315280
Theta
0
t_GA - R_GA * R_AB * t_BA
0 0 0
t_wo + cam_pos
0.9 0 0
Time
1558449315330
Theta
0
t_GA - R_GA * R_AB * t_BA
0 0 0
t_wo + cam_pos
0.9 0 0
Time
1558449315381
Theta
0
t_GA - R_GA * R_AB * t_BA
0 0 0
t_wo + cam_pos
0.9 0 0
Time
1558449315431
Theta
0
t_GA - R_GA * R_AB * t_BA
0 0 0
t_wo + cam_pos
0.9 0 0
Time
1558449315482
Theta
0
t_GA - R_GA * R_AB * t_BA
0 0 0
t_wo + cam_pos
0.9 0 0
Time
1558449315532
Theta
0
t_GA - R_GA * R_AB * t_BA
0 0 0
t_wo + cam_pos
0.9 0 0
Time
1558449315582
Theta
0
t_GA - R_GA * R_AB * t_BA
0 0 0
t_wo + cam_pos
0.9 0 0
Time
1558449315633
Theta
0
t_GA - R_GA * R_AB * t_BA
0 0 0
t_wo + cam_pos
0.9 0 0
Time
1558449315683
Theta
0
t_GA - R_GA * R_AB * t_BA
0 0 0
t_wo + cam_pos
0.9 0 0
Time
1558449315734
Theta
0
t_GA - R_GA * R_AB * t_BA
0 0 0
t_wo + cam_pos
0.9 0 0
Time
1558449315784
Theta
0
t_GA - R_GA * R_AB * t_BA
0 0 0
t_wo + cam_pos
0.9 0 0
Time
1558449315835
Theta
0
t_GA - R_GA * R_AB * t_BA
0 0 0
t_wo + cam_pos
0.9 0 0
Time
1558449315885
Theta
0
t_GA - R_GA * R_AB * t_BA
0 0 0
t_wo + cam_pos
0.9 0 0
Time
1558449315936
Theta
0
t_GA - R_GA * R_AB * t_BA
0 0 0
t_wo + cam_pos
0.9 0 0
Time
1558449315986
Theta
0
t_GA - R_GA * R_AB * t_BA
0 0 0
t_wo + cam_pos
0.9 0 0
Time
1558449316036
Theta
0
t_GA - R_GA * R_AB * t_BA
0 0 0
t_wo + cam_pos
0.9 0 0
Time
1558449316087
Theta
0
t_GA - R_GA * R_AB * t_BA
0 0 0
t_wo + cam_pos
0.9 0 0
Time
1558449316137
Theta
0
t_GA - R_GA * R_AB * t_BA
0 0 0
t_wo + cam_pos
0.9 0 0
Time
1558449316188
Theta
0
t_GA - R_GA * R_AB * t_BA
0 0 0
t_wo + cam_pos
0.9 0 0
Time
1558449316238
Theta
0
t_GA - R_GA * R_AB * t_BA
0 0 0
t_wo + cam_pos
0.9 0 0
Time
1558449316289
Theta
0
t_GA - R_GA * R_AB * t_BA
0 0 0
t_wo + cam_pos
0.9 0 0
Time
1558449316339
Theta
0
t_GA - R_GA * R_AB * t_BA
0 0 0
t_wo + cam_pos
0.9 0 0
Time
1558449316389
Theta
0
t_GA - R_GA * R_AB * t_BA
0 0 0
t_wo + cam_pos
0.9 0 0
Time
1558449316440
Theta
0
t_GA - R_GA * R_AB * t_BA
0 0 0
t_wo + cam_pos
0.9 0 0
Time
1558449316490
Theta
0
t_GA - R_GA * R_AB * t_BA
0 0 0
t_wo + cam_pos
0.9 0 0
Time
1558449316540
Theta
0
t_GA - R_GA * R_AB * t_BA
0 0 0
t_wo + cam_pos
0.9 0 0
Time
1558449316591
Theta
0
t_GA - R_GA * R_AB * t_BA
0 0 0
t_wo + cam_pos
0.9 0 0
Time
1558449316641
Theta
0
t_GA - R_GA * R_AB * t_BA
0 0 0
t_wo + cam_pos
0.9 0 0
Time
1558449316692
Theta
0
t_GA - R_GA * R_AB * t_BA
0 0 0
t_wo + cam_pos
0.9 0 0
Time
1558449316743
Theta
0
t_GA - R_GA * R_AB * t_BA
0 0 0
t_wo + cam_pos
0.9 0 0
Time
1558449316793
Theta
0
t_GA - R_GA * R_AB * t_BA
0 0 0
t_wo + cam_pos
0.9 0 0
Time
1558449316843
Theta
0
t_GA - R_GA * R_AB * t_BA
0 0 0
t_wo + cam_pos
0.9 0 0
Time
1558449316894
Theta
0
t_GA - R_GA * R_AB * t_BA
0 0 0
t_wo + cam_pos
0.9 0 0
Time
1558449316944
Theta
0
t_GA - R_GA * R_AB * t_BA
0 0 0
t_wo + cam_pos
0.9 0 0
Time
1558449316994
Theta
0
t_GA - R_GA * R_AB * t_BA
0 0 0
t_wo + cam_pos
0.9 0 0
Time
1558449317045
Theta
0
t_GA - R_GA * R_AB * t_BA
0 0 0
t_wo + cam_pos
0.9 0 0
Time
1558449317095
Theta
0
t_GA - R_GA * R_AB * t_BA
0 0 0
t_wo + cam_pos
0.9 0 0
Time
1558449317146
Theta
0
t_GA - R_GA * R_AB * t_BA
0 0 0
t_wo + cam_pos
0.9 0 0
Time
1558449317196
Theta
0
t_GA - R_GA * R_AB * t_BA
0 0 0
t_wo + cam_pos
0.9 0 0
Time
1558449317246
Theta
0
t_GA - R_GA * R_AB * t_BA
0 0 0
t_wo + cam_pos
0.9 0 0
Time
1558449317297
Theta
0
t_GA - R_GA * R_AB * t_BA
0 0 0
t_wo + cam_pos
0.9 0 0
Time
1558449317347
Theta
0
t_GA - R_GA * R_AB * t_BA
0 0 0
t_wo + cam_pos
0.9 0 0
Time
1558449317398
Theta
0
t_GA - R_GA * R_AB * t_BA
0 0 0
t_wo + cam_pos
0.9 0 0
Time
1558449317448
Theta
0
t_GA - R_GA * R_AB * t_BA
0 0 0
t_wo + cam_pos
0.9 0 0
Time
1558449317498
Theta
0
t_GA - R_GA * R_AB * t_BA
0 0 0
t_wo + cam_pos
0.9 0 0
Time
1558449317549
Theta
0
t_GA - R_GA * R_AB * t_BA
0 0 0
t_wo + cam_pos
0.9 0 0
Time
1558449317599
Theta
0
t_GA - R_GA * R_AB * t_BA
0 0 0
t_wo + cam_pos
0.9 0 0
Time
1558449317649
Theta
0
t_GA - R_GA * R_AB * t_BA
0 0 0
t_wo + cam_pos
0.9 0 0
Time
1558449317700
Theta
0
t_GA - R_GA * R_AB * t_BA
0 0 0
t_wo + cam_pos
0.9 0 0
Time
1558449317750
Theta
0
t_GA - R_GA * R_AB * t_BA
0 0 0
t_wo + cam_pos
0.9 0 0
Time
1558449317801
Theta
0
t_GA - R_GA * R_AB * t_BA
0 0 0
t_wo + cam_pos
0.9 0 0
Time
1558449317851
Theta
0
t_GA - R_GA * R_AB * t_BA
0 0 0
t_wo + cam_pos
0.9 0 0
Time
1558449317901
Theta
0
t_GA - R_GA * R_AB * t_BA
0 0 0
t_wo + cam_pos
0.9 0 0
Time
1558449317952
Theta
0
t_GA - R_GA * R_AB * t_BA
0 0 0
t_wo + cam_pos
0.9 0 0
Time
1558449318002
Theta
0
t_GA - R_GA * R_AB * t_BA
0 0 0
t_wo + cam_pos
0.9 0 0
Time
1558449318052
Theta
0
t_GA - R_GA * R_AB * t_BA
0 0 0
t_wo + cam_pos
0.9 0 0
Time
1558449318103
Theta
0
t_GA - R_GA * R_AB * t_BA
0 0 0
t_wo + cam_pos
0.9 0 0
Time
1558449318153
Theta
0
t_GA - R_GA * R_AB * t_BA
0 0 0
t_wo + cam_pos
0.9 0 0
Time
1558449318204
Theta
0
t_GA - R_GA * R_AB * t_BA
0 0 0
t_wo + cam_pos
0.9 0 0
Time
1558449318254
Theta
0
t_GA - R_GA * R_AB * t_BA
0 0 0
t_wo + cam_pos
0.9 0 0
Time
1558449318304
Theta
0
t_GA - R_GA * R_AB * t_BA
0 0 0
t_wo + cam_pos
0.9 0 0
Time
1558449318355
Theta
0
t_GA - R_GA * R_AB * t_BA
0 0 0
t_wo + cam_pos
0.9 0 0
Time
1558449318405
Theta
0
t_GA - R_GA * R_AB * t_BA
0 0 0
t_wo + cam_pos
0.9 0 0
Time
1558449318456
Theta
0
t_GA - R_GA * R_AB * t_BA
0 0 0
t_wo + cam_pos
0.9 0 0
Time
1558449318506
Theta
0
t_GA - R_GA * R_AB * t_BA
0 0 0
t_wo + cam_pos
0.9 0 0
Time
1558449318556
Theta
0
t_GA - R_GA * R_AB * t_BA
0 0 0
t_wo + cam_pos
0.9 0 0
Time
1558449318607
Theta
0
t_GA - R_GA * R_AB * t_BA
0 0 0
t_wo + cam_pos
0.9 0 0
Time
1558449318657
Theta
0
t_GA - R_GA * R_AB * t_BA
0 0 0
t_wo + cam_pos
0.9 0 0
Time
1558449318708
Theta
0
t_GA - R_GA * R_AB * t_BA
0 0 0
t_wo + cam_pos
0.9 0 0
Time
1558449318758
Theta
0
t_GA - R_GA * R_AB * t_BA
0 0 0
t_wo + cam_pos
0.9 0 0
Time
1558449318808
Theta
0
t_GA - R_GA * R_AB * t_BA
0 0 0
t_wo + cam_pos
0.9 0 0
Time
1558449318859
Theta
0
t_GA - R_GA * R_AB * t_BA
0 0 0
t_wo + cam_pos
0.9 0 0
Time
1558449318909
Theta
0
t_GA - R_GA * R_AB * t_BA
0 0 0
t_wo + cam_pos
0.9 0 0
Time
1558449318960
Theta
0
t_GA - R_GA * R_AB * t_BA
0 0 0
t_wo + cam_pos
0.9 0 0
Time
1558449319010
Theta
0
t_GA - R_GA * R_AB * t_BA
0 0 0
t_wo + cam_pos
0.9 0 0
Time
1558449319060
Theta
0
t_GA - R_GA * R_AB * t_BA
0 0 0
t_wo + cam_pos
0.9 0 0
Time
1558449319111
Theta
0
t_GA - R_GA * R_AB * t_BA
0 0 0
t_wo + cam_pos
0.9 0 0
Time
1558449319161
Theta
0
t_GA - R_GA * R_AB * t_BA
0 0 0
t_wo + cam_pos
0.9 0 0
Time
1558449319212
Theta
0
t_GA - R_GA * R_AB * t_BA
0 0 0
t_wo + cam_pos
0.9 0 0
Time
1558449319262
Theta
0
t_GA - R_GA * R_AB * t_BA
0 0 0
t_wo + cam_pos
0.9 0 0
Time
1558449319312
Theta
0
t_GA - R_GA * R_AB * t_BA
0 0 0
t_wo + cam_pos
0.9 0 0
Time
1558449319363
Theta
0
t_GA - R_GA * R_AB * t_BA
0 0 0
t_wo + cam_pos
0.9 0 0
Time
1558449319413
Theta
0
t_GA - R_GA * R_AB * t_BA
0 0 0
t_wo + cam_pos
0.9 0 0
Time
1558449319464
Theta
0
t_GA - R_GA * R_AB * t_BA
0 0 0
t_wo + cam_pos
0.9 0 0
Time
1558449319514
Theta
0
t_GA - R_GA * R_AB * t_BA
0 0 0
t_wo + cam_pos
0.9 0 0
Time
1558449319564
Theta
0
t_GA - R_GA * R_AB * t_BA
0 0 0
t_wo + cam_pos
0.9 0 0
Time
1558449319615
Theta
0
t_GA - R_GA * R_AB * t_BA
0 0 0
t_wo + cam_pos
1.19791 0 0
Time
1558449319665
Theta
0
t_GA - R_GA * R_AB * t_BA
0 0 0
t_wo + cam_pos
1.19791 0 0
Time
1558449319716
Theta
0
t_GA - R_GA * R_AB * t_BA
0 0 0
t_wo + cam_pos
1.19791 0 0
Time
1558449319766
Theta
0
t_GA - R_GA * R_AB * t_BA
0 0 0
t_wo + cam_pos
1.19791 0 0
Time
1558449319816
Theta
0
t_GA - R_GA * R_AB * t_BA
0 0 0
t_wo + cam_pos
1.19791 0 0
Time
1558449319867
Theta
0
t_GA - R_GA * R_AB * t_BA
0 0 0
t_wo + cam_pos
1.19791 0 0
Time
1558449319917
Theta
0
t_GA - R_GA * R_AB * t_BA
0 0 0
t_wo + cam_pos
1.19791 0 0
Time
1558449319967
Theta
0
t_GA - R_GA * R_AB * t_BA
0 0 0
t_wo + cam_pos
1.19791 0 0
Time
1558449320018
Theta
0
t_GA - R_GA * R_AB * t_BA
0 0 0
t_wo + cam_pos
1.19791 0 0
Time
1558449320068
Theta
0
t_GA - R_GA * R_AB * t_BA
0 0 0
t_wo + cam_pos
1.19791 0 0
Time
1558449320119
Theta
0
t_GA - R_GA * R_AB * t_BA
0 0 0
t_wo + cam_pos
1.19791 0 0
Time
1558449320169
Theta
0
t_GA - R_GA * R_AB * t_BA
0 0 0
t_wo + cam_pos
1.19791 0 0
Time
1558449320219
Theta
0
t_GA - R_GA * R_AB * t_BA
0 0 0
t_wo + cam_pos
1.19791 0 0
Time
1558449320270
Theta
0
t_GA - R_GA * R_AB * t_BA
0 0 0
t_wo + cam_pos
1.19791 0 0
Time
1558449320320
Theta
0
t_GA - R_GA * R_AB * t_BA
0 0 0
t_wo + cam_pos
1.19791 0 0
Time
1558449320370
Theta
0
t_GA - R_GA * R_AB * t_BA
0 0 0
t_wo + cam_pos
1.19791 0 0
Time
1558449320421
Theta
0
t_GA - R_GA * R_AB * t_BA
0 0 0
t_wo + cam_pos
1.19791 0 0
Time
1558449320471
Theta
0
t_GA - R_GA * R_AB * t_BA
0 0 0
t_wo + cam_pos
1.19791 0 0
Time
1558449320521
Theta
0
t_GA - R_GA * R_AB * t_BA
0 0 0
t_wo + cam_pos
1.19791 0 0
Time
1558449320572
Theta
0
t_GA - R_GA * R_AB * t_BA
0 0 0
t_wo + cam_pos
1.19791 0 0
Time
1558449320622
Theta
0
t_GA - R_GA * R_AB * t_BA
0 0 0
t_wo + cam_pos
1.19791 0 0
Time
1558449320673
Theta
0
t_GA - R_GA * R_AB * t_BA
0 0 0
t_wo + cam_pos
1.19791 0 0
Time
1558449320723
Theta
0
t_GA - R_GA * R_AB * t_BA
0 0 0
t_wo + cam_pos
1.19791 0 0
Time
1558449320773
Theta
0
t_GA - R_GA * R_AB * t_BA
0 0 0
t_wo + cam_pos
1.19791 0 0
Time
1558449320824
Theta
0
t_GA - R_GA * R_AB * t_BA
0 0 0
t_wo + cam_pos
1.19791 0 0
Time
1558449320874
Theta
0
t_GA - R_GA * R_AB * t_BA
0 0 0
t_wo + cam_pos
1.19791 0 0
Time
1558449320925
Theta
0
t_GA - R_GA * R_AB * t_BA
0 0 0
t_wo + cam_pos
1.19791 0 0
Time
1558449320975
Theta
0
t_GA - R_GA * R_AB * t_BA
0 0 0
t_wo + cam_pos
1.19791 0 0
Time
1558449321025
Theta
0
t_GA - R_GA * R_AB * t_BA
0 0 0
t_wo + cam_pos
1.19791 0 0
Time
1558449321076
Theta
0
t_GA - R_GA * R_AB * t_BA
0 0 0
t_wo + cam_pos
1.19791 0 0
Time
1558449321126
Theta
0
t_GA - R_GA * R_AB * t_BA
0 0 0
t_wo + cam_pos
1.19791 0 0
Time
1558449321177
Theta
0
t_GA - R_GA * R_AB * t_BA
0 0 0
t_wo + cam_pos
1.19791 0 0
Time
1558449321227
Theta
0
t_GA - R_GA * R_AB * t_BA
0 0 0
t_wo + cam_pos
1.19791 0 0
Time
1558449321278
Theta
0
t_GA - R_GA * R_AB * t_BA
0 0 0
t_wo + cam_pos
1.19791 0 0
Time
1558449321328
Theta
0
t_GA - R_GA * R_AB * t_BA
0 0 0
t_wo + cam_pos
1.19791 0 0
Time
1558449321378
Theta
0
t_GA - R_GA * R_AB * t_BA
0 0 0
t_wo + cam_pos
1.19791 0 0
Time
1558449321429
Theta
0
t_GA - R_GA * R_AB * t_BA
0 0 0
t_wo + cam_pos
1.19791 0 0
Time
1558449321479
Theta
0
t_GA - R_GA * R_AB * t_BA
0 0 0
t_wo + cam_pos
1.19791 0 0
Time
1558449321529
Theta
0
t_GA - R_GA * R_AB * t_BA
0 0 0
t_wo + cam_pos
1.19791 0 0
Time
1558449321580
Theta
0
t_GA - R_GA * R_AB * t_BA
0 0 0
t_wo + cam_pos
1.19791 0 0
Time
1558449321630
Theta
0
t_GA - R_GA * R_AB * t_BA
0 0 0
t_wo + cam_pos
1.19791 0 0
Time
1558449321681
Theta
0
t_GA - R_GA * R_AB * t_BA
0 0 0
t_wo + cam_pos
1.19791 0 0
Time
1558449321731
Theta
0
t_GA - R_GA * R_AB * t_BA
0 0 0
t_wo + cam_pos
1.19791 0 0
Time
1558449321781
Theta
0
t_GA - R_GA * R_AB * t_BA
0 0 0
t_wo + cam_pos
1.19791 0 0
Time
1558449321832
Theta
0
t_GA - R_GA * R_AB * t_BA
0 0 0
t_wo + cam_pos
1.19791 0 0
Time
1558449321882
Theta
0
t_GA - R_GA * R_AB * t_BA
0 0 0
t_wo + cam_pos
1.19791 0 0
Time
1558449321932
Theta
0
t_GA - R_GA * R_AB * t_BA
0 0 0
t_wo + cam_pos
1.19791 0 0
Time
1558449321983
Theta
0
t_GA - R_GA * R_AB * t_BA
0 0 0
t_wo + cam_pos
1.19791 0 0
Time
1558449322033
Theta
0
t_GA - R_GA * R_AB * t_BA
0 0 0
t_wo + cam_pos
1.19791 0 0
Time
1558449322084
Theta
0
t_GA - R_GA * R_AB * t_BA
0 0 0
t_wo + cam_pos
1.19791 0 0
Time
1558449322134
Theta
0
t_GA - R_GA * R_AB * t_BA
0 0 0
t_wo + cam_pos
1.19791 0 0
Time
1558449322185
Theta
0
t_GA - R_GA * R_AB * t_BA
0 0 0
t_wo + cam_pos
1.19791 0 0
Time
1558449322235
Theta
0
t_GA - R_GA * R_AB * t_BA
0 0 0
t_wo + cam_pos
1.19791 0 0
Time
1558449322285
Theta
0
t_GA - R_GA * R_AB * t_BA
0 0 0
t_wo + cam_pos
1.19791 0 0
Time
1558449322336
Theta
0
t_GA - R_GA * R_AB * t_BA
0 0 0
t_wo + cam_pos
1.19791 0 0
Time
1558449322386
Theta
0
t_GA - R_GA * R_AB * t_BA
0 0 0
t_wo + cam_pos
1.19791 0 0
Time
1558449322437
Theta
0
t_GA - R_GA * R_AB * t_BA
0 0 0
t_wo + cam_pos
1.19791 0 0
Time
1558449322487
Theta
0
t_GA - R_GA * R_AB * t_BA
0 0 0
t_wo + cam_pos
1.19791 0 0
Time
1558449322537
Theta
0
t_GA - R_GA * R_AB * t_BA
0 0 0
t_wo + cam_pos
1.19791 0 0
Time
1558449322588
Theta
0
t_GA - R_GA * R_AB * t_BA
0 0 0
t_wo + cam_pos
1.19791 0 0
Time
1558449322638
Theta
0
t_GA - R_GA * R_AB * t_BA
0 0 0
t_wo + cam_pos
1.19791 0 0
Time
1558449322688
Theta
0
t_GA - R_GA * R_AB * t_BA
0 0 0
t_wo + cam_pos
1.19791 0 0
Time
1558449322739
Theta
0
t_GA - R_GA * R_AB * t_BA
0 0 0
t_wo + cam_pos
1.19791 0 0
Time
1558449322789
Theta
0
t_GA - R_GA * R_AB * t_BA
0 0 0
t_wo + cam_pos
1.19791 0 0
Time
1558449322840
Theta
0
t_GA - R_GA * R_AB * t_BA
0 0 0
t_wo + cam_pos
1.19791 0 0
Time
1558449322890
Theta
0
t_GA - R_GA * R_AB * t_BA
0 0 0
t_wo + cam_pos
1.19791 0 0
Time
1558449322940
Theta
0
t_GA - R_GA * R_AB * t_BA
0 0 0
t_wo + cam_pos
1.19791 0 0
Time
1558449322991
Theta
0
t_GA - R_GA * R_AB * t_BA
0 0 0
t_wo + cam_pos
1.19791 0 0
Time
1558449323041
Theta
0
t_GA - R_GA * R_AB * t_BA
0 0 0
t_wo + cam_pos
1.19791 0 0
Time
1558449323091
Theta
0
t_GA - R_GA * R_AB * t_BA
0 0 0
t_wo + cam_pos
1.19791 0 0
Time
1558449323142
Theta
0
t_GA - R_GA * R_AB * t_BA
0 0 0
t_wo + cam_pos
1.19791 0 0
Time
1558449323192
Theta
0
t_GA - R_GA * R_AB * t_BA
0 0 0
t_wo + cam_pos
1.19791 0 0
Time
1558449323243
Theta
0
t_GA - R_GA * R_AB * t_BA
0 0 0
t_wo + cam_pos
1.19791 0 0
Time
1558449323293
Theta
0
t_GA - R_GA * R_AB * t_BA
0 0 0
t_wo + cam_pos
1.19791 0 0
Time
1558449323343
Theta
0
t_GA - R_GA * R_AB * t_BA
0 0 0
t_wo + cam_pos
1.19791 0 0
Time
1558449323394
Theta
0
t_GA - R_GA * R_AB * t_BA
0 0 0
t_wo + cam_pos
1.19791 0 0
Time
1558449323444
Theta
0
t_GA - R_GA * R_AB * t_BA
0 0 0
t_wo + cam_pos
1.19791 0 0
Time
1558449323494
Theta
0
t_GA - R_GA * R_AB * t_BA
0 0 0
t_wo + cam_pos
1.19791 0 0
Time
1558449323545
Theta
0
t_GA - R_GA * R_AB * t_BA
0 0 0
t_wo + cam_pos
1.19791 0 0
Time
1558449323595
Theta
0
t_GA - R_GA * R_AB * t_BA
0 0 0
t_wo + cam_pos
1.19791 0 0
Time
1558449323646
Theta
0
t_GA - R_GA * R_AB * t_BA
0 0 0
t_wo + cam_pos
1.19791 0 0
Time
1558449323696
Theta
0
t_GA - R_GA * R_AB * t_BA
0 0 0
t_wo + cam_pos
1.19791 0 0
Time
1558449323746
Theta
0
t_GA - R_GA * R_AB * t_BA
0 0 0
t_wo + cam_pos
1.19791 0 0
Time
1558449323797
Theta
0
t_GA - R_GA * R_AB * t_BA
0 0 0
t_wo + cam_pos
1.19791 0 0
Time
1558449323847
Theta
0
t_GA - R_GA * R_AB * t_BA
0 0 0
t_wo + cam_pos
1.19791 0 0
Time
1558449323898
Theta
0
t_GA - R_GA * R_AB * t_BA
0 0 0
t_wo + cam_pos
1.19791 0 0
Time
1558449323948
Theta
0
t_GA - R_GA * R_AB * t_BA
0 0 0
t_wo + cam_pos
1.19791 0 0
Time
1558449323999
Theta
0
t_GA - R_GA * R_AB * t_BA
0 0 0
t_wo + cam_pos
1.19791 0 0
Time
1558449324049
Theta
0
t_GA - R_GA * R_AB * t_BA
0 0 0
t_wo + cam_pos
1.19791 0 0
Time
1558449324099
Theta
0
t_GA - R_GA * R_AB * t_BA
0 0 0
t_wo + cam_pos
1.19791 0 0
Time
1558449324150
Theta
0
t_GA - R_GA * R_AB * t_BA
0 0 0
t_wo + cam_pos
1.19791 0 0
Time
1558449324200
Theta
0
t_GA - R_GA * R_AB * t_BA
0 0 0
t_wo + cam_pos
1.19791 0 0
Time
1558449324250
Theta
0
t_GA - R_GA * R_AB * t_BA
0 0 0
t_wo + cam_pos
1.19791 0 0
Time
1558449324301
Theta
0
t_GA - R_GA * R_AB * t_BA
0 0 0
t_wo + cam_pos
1.19791 0 0
Time
1558449324351
Theta
0
t_GA - R_GA * R_AB * t_BA
0 0 0
t_wo + cam_pos
1.19791 0 0
Time
1558449324401
Theta
0
t_GA - R_GA * R_AB * t_BA
0 0 0
t_wo + cam_pos
1.19791 0 0
Time
1558449324452
Theta
0
t_GA - R_GA * R_AB * t_BA
0 0 0
t_wo + cam_pos
1.19791 0 0
Time
1558449324502
Theta
0
t_GA - R_GA * R_AB * t_BA
0 0 0
t_wo + cam_pos
1.19791 0 0
Time
1558449324553
Theta
0
t_GA - R_GA * R_AB * t_BA
0 0 0
t_wo + cam_pos
1.19791 0 0
Time
1558449324603
Theta
0
t_GA - R_GA * R_AB * t_BA
0 0 0
t_wo + cam_pos
1.19791 0 0
Time
1558449324653
Theta
0
t_GA - R_GA * R_AB * t_BA
0 0 0
t_wo + cam_pos
1.19791 0 0
Time
1558449324704
Theta
0
t_GA - R_GA * R_AB * t_BA
0 0 0
t_wo + cam_pos
1.19791 0 0
Time
1558449324754
Theta
0
t_GA - R_GA * R_AB * t_BA
0 0 0
t_wo + cam_pos
1.19791 0 0
Time
1558449324804
Theta
0
t_GA - R_GA * R_AB * t_BA
0 0 0
t_wo + cam_pos
1.19791 0 0
Time
1558449324855
Theta
0
t_GA - R_GA * R_AB * t_BA
0 0 0
t_wo + cam_pos
1.19791 0 0
Time
1558449324905
Theta
0
t_GA - R_GA * R_AB * t_BA
0 0 0
t_wo + cam_pos
1.19791 0 0
Time
1558449324956
Theta
0
t_GA - R_GA * R_AB * t_BA
0 0 0
t_wo + cam_pos
1.19791 0 0
Time
1558449325006
Theta
0
t_GA - R_GA * R_AB * t_BA
0 0 0
t_wo + cam_pos
1.19791 0 0
Time
1558449325056
Theta
0
t_GA - R_GA * R_AB * t_BA
0 0 0
t_wo + cam_pos
1.19791 0 0
Time
1558449325107
Theta
0
t_GA - R_GA * R_AB * t_BA
0 0 0
t_wo + cam_pos
1.19791 0 0
Time
1558449325157
Theta
0
t_GA - R_GA * R_AB * t_BA
0 0 0
t_wo + cam_pos
1.19791 0 0
Time
1558449325207
Theta
0
t_GA - R_GA * R_AB * t_BA
0 0 0
t_wo + cam_pos
1.19791 0 0
Time
1558449325258
Theta
0
t_GA - R_GA * R_AB * t_BA
0 0 0
t_wo + cam_pos
1.19791 0 0
Time
1558449325308
Theta
0
t_GA - R_GA * R_AB * t_BA
0 0 0
t_wo + cam_pos
1.19791 0 0
Time
1558449325359
Theta
0
t_GA - R_GA * R_AB * t_BA
0 0 0
t_wo + cam_pos
1.19791 0 0
Time
1558449325409
Theta
0
t_GA - R_GA * R_AB * t_BA
0 0 0
t_wo + cam_pos
1.19791 0 0
Time
1558449325459
Theta
0
t_GA - R_GA * R_AB * t_BA
0 0 0
t_wo + cam_pos
1.19791 0 0
Time
1558449325510
Theta
0
t_GA - R_GA * R_AB * t_BA
0 0 0
t_wo + cam_pos
1.19791 0 0
Time
1558449325560
Theta
0
t_GA - R_GA * R_AB * t_BA
0 0 0
t_wo + cam_pos
1.19791 0 0
Time
1558449325610
Theta
0
t_GA - R_GA * R_AB * t_BA
0 0 0
t_wo + cam_pos
1.19791 0 0
Time
1558449325661
Theta
0
t_GA - R_GA * R_AB * t_BA
0 0 0
t_wo + cam_pos
1.19791 0 0
Time
1558449325711
Theta
0
t_GA - R_GA * R_AB * t_BA
0 0 0
t_wo + cam_pos
1.19791 0 0
Time
1558449325761
Theta
0
t_GA - R_GA * R_AB * t_BA
0 0 0
t_wo + cam_pos
1.19791 0 0
Time
1558449325812
Theta
0
t_GA - R_GA * R_AB * t_BA
0 0 0
t_wo + cam_pos
1.19791 0 0
Time
1558449325862
Theta
0
t_GA - R_GA * R_AB * t_BA
0 0 0
t_wo + cam_pos
1.19791 0 0
Time
1558449325913
Theta
0
t_GA - R_GA * R_AB * t_BA
0 0 0
t_wo + cam_pos
1.19791 0 0
Time
1558449325963
Theta
0
t_GA - R_GA * R_AB * t_BA
0 0 0
t_wo + cam_pos
1.19791 0 0
Time
1558449326013
Theta
0
t_GA - R_GA * R_AB * t_BA
0 0 0
t_wo + cam_pos
1.19791 0 0
Time
1558449326064
Theta
0
t_GA - R_GA * R_AB * t_BA
0 0 0
t_wo + cam_pos
1.19791 0 0
Time
1558449326114
Theta
0
t_GA - R_GA * R_AB * t_BA
0 0 0
t_wo + cam_pos
1.19791 0 0
Time
1558449326165
Theta
0
t_GA - R_GA * R_AB * t_BA
0 0 0
t_wo + cam_pos
1.19791 0 0
Time
1558449326215
Theta
0
t_GA - R_GA * R_AB * t_BA
0 0 0
t_wo + cam_pos
1.19791 0 0
Time
1558449326265
Theta
0
t_GA - R_GA * R_AB * t_BA
0 0 0
t_wo + cam_pos
1.19791 0 0
Time
1558449326316
Theta
0
t_GA - R_GA * R_AB * t_BA
0 0 0
t_wo + cam_pos
1.19791 0 0
Time
1558449326366
Theta
0
t_GA - R_GA * R_AB * t_BA
0 0 0
t_wo + cam_pos
1.19791 0 0
Time
1558449326416
Theta
0
t_GA - R_GA * R_AB * t_BA
0 0 0
t_wo + cam_pos
1.19791 0 0
Time
1558449326467
Theta
0
t_GA - R_GA * R_AB * t_BA
0 0 0
t_wo + cam_pos
1.19791 0 0
Time
1558449326517
Theta
0
t_GA - R_GA * R_AB * t_BA
0 0 0
t_wo + cam_pos
1.19791 0 0
Time
1558449326567
Theta
0
t_GA - R_GA * R_AB * t_BA
0 0 0
t_wo + cam_pos
1.19791 0 0
Time
1558449326618
Theta
0
t_GA - R_GA * R_AB * t_BA
0 0 0
t_wo + cam_pos
1.19791 0 0
Time
1558449326668
Theta
0
t_GA - R_GA * R_AB * t_BA
0 0 0
t_wo + cam_pos
1.19791 0 0
Time
1558449326719
Theta
0
t_GA - R_GA * R_AB * t_BA
0 0 0
t_wo + cam_pos
1.19791 0 0
Time
1558449326769
Theta
0
t_GA - R_GA * R_AB * t_BA
0 0 0
t_wo + cam_pos
1.19791 0 0
Time
1558449326820
Theta
0
t_GA - R_GA * R_AB * t_BA
0 0 0
t_wo + cam_pos
1.19791 0 0
Time
1558449326870
Theta
0
t_GA - R_GA * R_AB * t_BA
0 0 0
t_wo + cam_pos
1.19791 0 0
Time
1558449326920
Theta
0
t_GA - R_GA * R_AB * t_BA
0 0 0
t_wo + cam_pos
1.19791 0 0
Time
1558449326971
Theta
0
t_GA - R_GA * R_AB * t_BA
0 0 0
t_wo + cam_pos
1.19791 0 0
Time
1558449327021
Theta
0
t_GA - R_GA * R_AB * t_BA
0 0 0
t_wo + cam_pos
1.19791 0 0
Time
1558449327072
Theta
0
t_GA - R_GA * R_AB * t_BA
0 0 0
t_wo + cam_pos
1.19791 0 0
Time
1558449327122
Theta
0
t_GA - R_GA * R_AB * t_BA
0 0 0
t_wo + cam_pos
1.19791 0 0
Time
1558449327172
Theta
0
t_GA - R_GA * R_AB * t_BA
0 0 0
t_wo + cam_pos
1.19791 0 0
Time
1558449327223
Theta
0
t_GA - R_GA * R_AB * t_BA
0 0 0
t_wo + cam_pos
1.19791 0 0
Time
1558449327273
Theta
0
t_GA - R_GA * R_AB * t_BA
0 0 0
t_wo + cam_pos
1.19791 0 0
Time
1558449327323
Theta
0
t_GA - R_GA * R_AB * t_BA
0 0 0
t_wo + cam_pos
1.19791 0 0
Time
1558449327374
Theta
0
t_GA - R_GA * R_AB * t_BA
0 0 0
t_wo + cam_pos
1.19791 0 0
Time
1558449327424
Theta
0
t_GA - R_GA * R_AB * t_BA
0 0 0
t_wo + cam_pos
1.19791 0 0
Time
1558449327474
Theta
0
t_GA - R_GA * R_AB * t_BA
0 0 0
t_wo + cam_pos
1.19791 0 0
Time
1558449327525
Theta
0
t_GA - R_GA * R_AB * t_BA
0 0 0
t_wo + cam_pos
1.19791 0 0
Time
1558449327575
Theta
0
t_GA - R_GA * R_AB * t_BA
0 0 0
t_wo + cam_pos
1.19791 0 0
Time
1558449327626
Theta
0
t_GA - R_GA * R_AB * t_BA
0 0 0
t_wo + cam_pos
1.19791 0 0
Time
1558449327676
Theta
0
t_GA - R_GA * R_AB * t_BA
0 0 0
t_wo + cam_pos
1.19791 0 0
Time
1558449327726
Theta
0
t_GA - R_GA * R_AB * t_BA
0 0 0
t_wo + cam_pos
1.19791 0 0
Time
1558449327777
Theta
0
t_GA - R_GA * R_AB * t_BA
0 0 0
t_wo + cam_pos
1.19791 0 0
Time
1558449327827
Theta
0
t_GA - R_GA * R_AB * t_BA
0 0 0
t_wo + cam_pos
1.19791 0 0
Time
1558449327878
Theta
0
t_GA - R_GA * R_AB * t_BA
0 0 0
t_wo + cam_pos
1.19791 0 0
Time
1558449327928
Theta
0
t_GA - R_GA * R_AB * t_BA
0 0 0
t_wo + cam_pos
1.19791 0 0
Time
1558449327978
Theta
0
t_GA - R_GA * R_AB * t_BA
0 0 0
t_wo + cam_pos
1.19791 0 0
Time
1558449328029
Theta
0
t_GA - R_GA * R_AB * t_BA
0 0 0
t_wo + cam_pos
1.19791 0 0
Time
1558449328079
Theta
0
t_GA - R_GA * R_AB * t_BA
0 0 0
t_wo + cam_pos
1.19791 0 0
Time
1558449328130
Theta
0
t_GA - R_GA * R_AB * t_BA
0 0 0
t_wo + cam_pos
1.19791 0 0
Time
1558449328180
Theta
0
t_GA - R_GA * R_AB * t_BA
0 0 0
t_wo + cam_pos
1.19791 0 0
Time
1558449328230
Theta
0
t_GA - R_GA * R_AB * t_BA
0 0 0
t_wo + cam_pos
1.19791 0 0
Time
1558449328281
Theta
0
t_GA - R_GA * R_AB * t_BA
0 0 0
t_wo + cam_pos
1.19791 0 0
Time
1558449328331
Theta
0
t_GA - R_GA * R_AB * t_BA
0 0 0
t_wo + cam_pos
1.19791 0 0
Time
1558449328381
Theta
0
t_GA - R_GA * R_AB * t_BA
0 0 0
t_wo + cam_pos
1.19791 0 0
Time
1558449328432
Theta
0
t_GA - R_GA * R_AB * t_BA
0 0 0
t_wo + cam_pos
1.19791 0 0
Time
1558449328482
Theta
0
t_GA - R_GA * R_AB * t_BA
0 0 0
t_wo + cam_pos
1.19791 0 0
Time
1558449328532
Theta
0
t_GA - R_GA * R_AB * t_BA
0 0 0
t_wo + cam_pos
1.19791 0 0
Time
1558449328583
Theta
0
t_GA - R_GA * R_AB * t_BA
0 0 0
t_wo + cam_pos
1.19791 0 0
Time
1558449328633
Theta
0
t_GA - R_GA * R_AB * t_BA
0 0 0
t_wo + cam_pos
1.19791 0 0
Time
1558449328684
Theta
0
t_GA - R_GA * R_AB * t_BA
0 0 0
t_wo + cam_pos
1.19791 0 0
Time
1558449328734
Theta
0
t_GA - R_GA * R_AB * t_BA
0 0 0
t_wo + cam_pos
1.19791 0 0
Time
1558449328784
Theta
0
t_GA - R_GA * R_AB * t_BA
0 0 0
t_wo + cam_pos
1.19791 0 0
Time
1558449328835
Theta
0
t_GA - R_GA * R_AB * t_BA
0 0 0
t_wo + cam_pos
1.19791 0 0
Time
1558449328885
Theta
0
t_GA - R_GA * R_AB * t_BA
0 0 0
t_wo + cam_pos
1.19791 0 0
Time
1558449328935
Theta
0
t_GA - R_GA * R_AB * t_BA
0 0 0
t_wo + cam_pos
1.19791 0 0
Time
1558449328986
Theta
0
t_GA - R_GA * R_AB * t_BA
0 0 0
t_wo + cam_pos
1.19791 0 0
Time
1558449329036
Theta
0
t_GA - R_GA * R_AB * t_BA
0 0 0
t_wo + cam_pos
1.19791 0 0
Time
1558449329086
Theta
0
t_GA - R_GA * R_AB * t_BA
0 0 0
t_wo + cam_pos
1.19791 0 0
Time
1558449329137
Theta
0
t_GA - R_GA * R_AB * t_BA
0 0 0
t_wo + cam_pos
1.19791 0 0
Time
1558449329187
Theta
0
t_GA - R_GA * R_AB * t_BA
0 0 0
t_wo + cam_pos
1.19791 0 0
Time
1558449329238
Theta
0
t_GA - R_GA * R_AB * t_BA
0 0 0
t_wo + cam_pos
1.19791 0 0
Time
1558449329288
Theta
0
t_GA - R_GA * R_AB * t_BA
0 0 0
t_wo + cam_pos
1.19791 0 0
Time
1558449329338
Theta
0
t_GA - R_GA * R_AB * t_BA
0 0 0
t_wo + cam_pos
1.19791 0 0
Time
1558449329389
Theta
0
t_GA - R_GA * R_AB * t_BA
0 0 0
t_wo + cam_pos
1.19791 0 0
Time
1558449329439
Theta
0
t_GA - R_GA * R_AB * t_BA
0 0 0
t_wo + cam_pos
1.19791 0 0
Time
1558449329490
Theta
0
t_GA - R_GA * R_AB * t_BA
0 0 0
t_wo + cam_pos
1.19791 0 0
Time
1558449329540
Theta
0
t_GA - R_GA * R_AB * t_BA
0 0 0
t_wo + cam_pos
1.19791 0 0
Time
1558449329590
Theta
0
t_GA - R_GA * R_AB * t_BA
0 0 0
t_wo + cam_pos
1.19791 0 0
Time
1558449329641
Theta
0
t_GA - R_GA * R_AB * t_BA
0 0 0
t_wo + cam_pos
1.19791 0 0
Time
1558449329691
Theta
0
t_GA - R_GA * R_AB * t_BA
0 0 0
t_wo + cam_pos
1.19791 0 0
Time
1558449329742
Theta
0
t_GA - R_GA * R_AB * t_BA
0 0 0
t_wo + cam_pos
1.19791 0 0
Time
1558449329792
Theta
0
t_GA - R_GA * R_AB * t_BA
0 0 0
t_wo + cam_pos
1.19791 0 0
Time
1558449329842
Theta
0
t_GA - R_GA * R_AB * t_BA
0 0 0
t_wo + cam_pos
1.19791 0 0
Time
1558449329893
Theta
0
t_GA - R_GA * R_AB * t_BA
0 0 0
t_wo + cam_pos
1.19791 0 0
Time
1558449329943
Theta
0
t_GA - R_GA * R_AB * t_BA
0 0 0
t_wo + cam_pos
1.19791 0 0
Time
1558449329993
Theta
0
t_GA - R_GA * R_AB * t_BA
0 0 0
t_wo + cam_pos
1.19791 0 0
Time
1558449330044
Theta
0
t_GA - R_GA * R_AB * t_BA
0 0 0
t_wo + cam_pos
1.19791 0 0
Time
1558449330094
Theta
0
t_GA - R_GA * R_AB * t_BA
0 0 0
t_wo + cam_pos
1.19791 0 0
Time
1558449330144
Theta
0
t_GA - R_GA * R_AB * t_BA
0 0 0
t_wo + cam_pos
1.19791 0 0
Time
1558449330195
Theta
0
t_GA - R_GA * R_AB * t_BA
0 0 0
t_wo + cam_pos
1.19791 0 0
Time
1558449330245
Theta
0
t_GA - R_GA * R_AB * t_BA
0 0 0
t_wo + cam_pos
1.19791 0 0
Time
1558449330296
Theta
0
t_GA - R_GA * R_AB * t_BA
0 0 0
t_wo + cam_pos
1.19791 0 0
Time
1558449330346
Theta
0
t_GA - R_GA * R_AB * t_BA
0 0 0
t_wo + cam_pos
1.19791 0 0
Time
1558449330396
Theta
0
t_GA - R_GA * R_AB * t_BA
0 0 0
t_wo + cam_pos
1.19791 0 0
Time
1558449330447
Theta
0
t_GA - R_GA * R_AB * t_BA
0 0 0
t_wo + cam_pos
1.19791 0 0
Time
1558449330497
Theta
0
t_GA - R_GA * R_AB * t_BA
0 0 0
t_wo + cam_pos
1.19791 0 0
Time
1558449330547
Theta
0
t_GA - R_GA * R_AB * t_BA
0 0 0
t_wo + cam_pos
1.19791 0 0
Time
1558449330598
Theta
0
t_GA - R_GA * R_AB * t_BA
0 0 0
t_wo + cam_pos
1.19791 0 0
Time
1558449330648
Theta
0
t_GA - R_GA * R_AB * t_BA
0 0 0
t_wo + cam_pos
1.19791 0 0
Time
1558449330698
Theta
0
t_GA - R_GA * R_AB * t_BA
0 0 0
t_wo + cam_pos
1.19791 0 0
Time
1558449330749
Theta
0
t_GA - R_GA * R_AB * t_BA
0 0 0
t_wo + cam_pos
1.19791 0 0
Time
1558449330799
Theta
0
t_GA - R_GA * R_AB * t_BA
0 0 0
t_wo + cam_pos
1.19791 0 0
Time
1558449330850
Theta
0
t_GA - R_GA * R_AB * t_BA
0 0 0
t_wo + cam_pos
1.19791 0 0
Time
1558449330900
Theta
0
t_GA - R_GA * R_AB * t_BA
0 0 0
t_wo + cam_pos
1.19791 0 0
Time
1558449330950
Theta
0
t_GA - R_GA * R_AB * t_BA
0 0 0
t_wo + cam_pos
1.19791 0 0
Time
1558449331001
Theta
0
t_GA - R_GA * R_AB * t_BA
0 0 0
t_wo + cam_pos
1.19791 0 0
Time
1558449331051
Theta
0
t_GA - R_GA * R_AB * t_BA
0 0 0
t_wo + cam_pos
1.19791 0 0
Time
1558449331101
Theta
0
t_GA - R_GA * R_AB * t_BA
0 0 0
t_wo + cam_pos
1.19791 0 0
Time
1558449331152
Theta
0
t_GA - R_GA * R_AB * t_BA
0 0 0
t_wo + cam_pos
1.19791 0 0
Time
1558449331202
Theta
0
t_GA - R_GA * R_AB * t_BA
0 0 0
t_wo + cam_pos
1.19791 0 0
Time
1558449331253
Theta
0
t_GA - R_GA * R_AB * t_BA
0 0 0
t_wo + cam_pos
1.19791 0 0
Time
1558449331303
Theta
0
t_GA - R_GA * R_AB * t_BA
0 0 0
t_wo + cam_pos
1.19791 0 0
Time
1558449331354
Theta
0
t_GA - R_GA * R_AB * t_BA
0 0 0
t_wo + cam_pos
1.19791 0 0
Time
1558449331404
Theta
0
t_GA - R_GA * R_AB * t_BA
0 0 0
t_wo + cam_pos
1.19791 0 0
Time
1558449331454
Theta
0
t_GA - R_GA * R_AB * t_BA
0 0 0
t_wo + cam_pos
1.19791 0 0
Time
1558449331505
Theta
0
t_GA - R_GA * R_AB * t_BA
0 0 0
t_wo + cam_pos
1.19791 0 0
Time
1558449331555
Theta
0
t_GA - R_GA * R_AB * t_BA
0 0 0
t_wo + cam_pos
1.19791 0 0
Time
1558449331606
Theta
0
t_GA - R_GA * R_AB * t_BA
0 0 0
t_wo + cam_pos
1.19791 0 0
Time
1558449331656
Theta
0
t_GA - R_GA * R_AB * t_BA
0 0 0
t_wo + cam_pos
1.19791 0 0
Time
1558449331706
Theta
0
t_GA - R_GA * R_AB * t_BA
0 0 0
t_wo + cam_pos
1.19791 0 0
Time
1558449331757
Theta
0
t_GA - R_GA * R_AB * t_BA
0 0 0
t_wo + cam_pos
1.19791 0 0
Time
1558449331807
Theta
0
t_GA - R_GA * R_AB * t_BA
0 0 0
t_wo + cam_pos
1.19791 0 0
Time
1558449331857
Theta
0
t_GA - R_GA * R_AB * t_BA
0 0 0
t_wo + cam_pos
1.19791 0 0
Time
1558449331908
Theta
0
t_GA - R_GA * R_AB * t_BA
0 0 0
t_wo + cam_pos
1.19791 0 0
Time
1558449331958
Theta
0
t_GA - R_GA * R_AB * t_BA
0 0 0
t_wo + cam_pos
1.19791 0 0
Time
1558449332009
Theta
0
t_GA - R_GA * R_AB * t_BA
0 0 0
t_wo + cam_pos
1.19791 0 0
Time
1558449332059
Theta
0
t_GA - R_GA * R_AB * t_BA
0 0 0
t_wo + cam_pos
1.19791 0 0
Time
1558449332109
Theta
0
t_GA - R_GA * R_AB * t_BA
0 0 0
t_wo + cam_pos
1.19791 0 0
Time
1558449332160
Theta
0
t_GA - R_GA * R_AB * t_BA
0 0 0
t_wo + cam_pos
1.19791 0 0
Time
1558449332210
Theta
0
t_GA - R_GA * R_AB * t_BA
0 0 0
t_wo + cam_pos
1.19791 0 0
Time
1558449332261
Theta
0
t_GA - R_GA * R_AB * t_BA
0 0 0
t_wo + cam_pos
1.19791 0 0
Time
1558449332311
Theta
0
t_GA - R_GA * R_AB * t_BA
0 0 0
t_wo + cam_pos
1.19791 0 0
Time
1558449332361
Theta
0
t_GA - R_GA * R_AB * t_BA
0 0 0
t_wo + cam_pos
1.19791 0 0
Time
1558449332412
Theta
0
t_GA - R_GA * R_AB * t_BA
0 0 0
t_wo + cam_pos
1.19791 0 0
Time
1558449332462
Theta
0
t_GA - R_GA * R_AB * t_BA
0 0 0
t_wo + cam_pos
1.19791 0 0
Time
1558449332512
Theta
0
t_GA - R_GA * R_AB * t_BA
0 0 0
t_wo + cam_pos
1.19791 0 0
Time
1558449332563
Theta
0
t_GA - R_GA * R_AB * t_BA
0 0 0
t_wo + cam_pos
1.19791 0 0
Time
1558449332613
Theta
0
t_GA - R_GA * R_AB * t_BA
0 0 0
t_wo + cam_pos
1.19791 0 0
Time
1558449332664
Theta
0
t_GA - R_GA * R_AB * t_BA
0 0 0
t_wo + cam_pos
1.19791 0 0
Time
1558449332714
Theta
0
t_GA - R_GA * R_AB * t_BA
0 0 0
t_wo + cam_pos
1.19791 0 0
Time
1558449332764
Theta
0
t_GA - R_GA * R_AB * t_BA
0 0 0
t_wo + cam_pos
1.19791 0 0
Time
1558449332815
Theta
0
t_GA - R_GA * R_AB * t_BA
0 0 0
t_wo + cam_pos
1.19791 0 0
Time
1558449332865
Theta
0
t_GA - R_GA * R_AB * t_BA
0 0 0
t_wo + cam_pos
1.19791 0 0
Time
1558449332915
Theta
0
t_GA - R_GA * R_AB * t_BA
0 0 0
t_wo + cam_pos
1.19791 0 0
Time
1558449332966
Theta
0
t_GA - R_GA * R_AB * t_BA
0 0 0
t_wo + cam_pos
1.19791 0 0
Time
1558449333016
Theta
0
t_GA - R_GA * R_AB * t_BA
0 0 0
t_wo + cam_pos
1.19791 0 0
Time
1558449333066
Theta
0
t_GA - R_GA * R_AB * t_BA
0 0 0
t_wo + cam_pos
1.19791 0 0
Time
1558449333117
Theta
0
t_GA - R_GA * R_AB * t_BA
0 0 0
t_wo + cam_pos
1.19791 0 0
Time
1558449333167
Theta
0
t_GA - R_GA * R_AB * t_BA
0 0 0
t_wo + cam_pos
1.19791 0 0
Time
1558449333218
Theta
0
t_GA - R_GA * R_AB * t_BA
0 0 0
t_wo + cam_pos
1.19791 0 0
Time
1558449333268
Theta
0
t_GA - R_GA * R_AB * t_BA
0 0 0
t_wo + cam_pos
1.19791 0 0
Time
1558449333318
Theta
0
t_GA - R_GA * R_AB * t_BA
0 0 0
t_wo + cam_pos
1.19791 0 0
Time
1558449333369
Theta
0
t_GA - R_GA * R_AB * t_BA
0 0 0
t_wo + cam_pos
1.19791 0 0
Time
1558449333419
Theta
0
t_GA - R_GA * R_AB * t_BA
0 0 0
t_wo + cam_pos
1.19791 0 0
Time
1558449333469
Theta
0
t_GA - R_GA * R_AB * t_BA
0 0 0
t_wo + cam_pos
1.19791 0 0
Time
1558449333520
Theta
0
t_GA - R_GA * R_AB * t_BA
0 0 0
t_wo + cam_pos
1.19791 0 0
Time
1558449333570
Theta
0
t_GA - R_GA * R_AB * t_BA
0 0 0
t_wo + cam_pos
1.19791 0 0
Time
1558449333620
Theta
0
t_GA - R_GA * R_AB * t_BA
0 0 0
t_wo + cam_pos
1.19791 0 0
Time
1558449333671
Theta
0
t_GA - R_GA * R_AB * t_BA
0 0 0
t_wo + cam_pos
1.19791 0 0
Time
1558449333721
Theta
0
t_GA - R_GA * R_AB * t_BA
0 0 0
t_wo + cam_pos
1.19791 0 0
Time
1558449333772
Theta
0
t_GA - R_GA * R_AB * t_BA
0 0 0
t_wo + cam_pos
1.19791 0 0
Time
1558449333822
Theta
0
t_GA - R_GA * R_AB * t_BA
0 0 0
t_wo + cam_pos
1.19791 0 0
Time
1558449333872
Theta
0
t_GA - R_GA * R_AB * t_BA
0 0 0
t_wo + cam_pos
1.19791 0 0
Time
1558449333923
Theta
0
t_GA - R_GA * R_AB * t_BA
0 0 0
t_wo + cam_pos
1.19791 0 0
Time
1558449333973
Theta
0
t_GA - R_GA * R_AB * t_BA
0 0 0
t_wo + cam_pos
1.19791 0 0
Time
1558449334024
Theta
0
t_GA - R_GA * R_AB * t_BA
0 0 0
t_wo + cam_pos
1.19791 0 0
Time
1558449334074
Theta
0
t_GA - R_GA * R_AB * t_BA
0 0 0
t_wo + cam_pos
1.19791 0 0
Time
1558449334125
Theta
0
t_GA - R_GA * R_AB * t_BA
0 0 0
t_wo + cam_pos
1.19791 0 0
Time
1558449334175
Theta
0
t_GA - R_GA * R_AB * t_BA
0 0 0
t_wo + cam_pos
1.19791 0 0
Time
1558449334225
Theta
0
t_GA - R_GA * R_AB * t_BA
0 0 0
t_wo + cam_pos
1.19791 0 0
Time
1558449334276
Theta
0
t_GA - R_GA * R_AB * t_BA
0 0 0
t_wo + cam_pos
1.19791 0 0
Time
1558449334326
Theta
0
t_GA - R_GA * R_AB * t_BA
0 0 0
t_wo + cam_pos
1.19791 0 0
Time
1558449334377
Theta
0
t_GA - R_GA * R_AB * t_BA
0 0 0
t_wo + cam_pos
1.19791 0 0
Time
1558449334427
Theta
0
t_GA - R_GA * R_AB * t_BA
0 0 0
t_wo + cam_pos
1.19791 0 0
Time
1558449334477
Theta
0
t_GA - R_GA * R_AB * t_BA
0 0 0
t_wo + cam_pos
1.19791 0 0
Time
1558449334528
Theta
0
t_GA - R_GA * R_AB * t_BA
0 0 0
t_wo + cam_pos
1.19791 0 0
Time
1558449334578
Theta
0
t_GA - R_GA * R_AB * t_BA
0 0 0
t_wo + cam_pos
1.19791 0 0
Time
1558449334629
Theta
0
t_GA - R_GA * R_AB * t_BA
0 0 0
t_wo + cam_pos
1.19791 0 0
Time
1558449334679
Theta
0
t_GA - R_GA * R_AB * t_BA
0 0 0
t_wo + cam_pos
1.19791 0 0
Time
1558449334729
Theta
0
t_GA - R_GA * R_AB * t_BA
0 0 0
t_wo + cam_pos
1.19791 0 0
Time
1558449334780
Theta
0
t_GA - R_GA * R_AB * t_BA
0 0 0
t_wo + cam_pos
1.19791 0 0
Time
1558449334830
Theta
0
t_GA - R_GA * R_AB * t_BA
0 0 0
t_wo + cam_pos
1.19791 0 0
Time
1558449334881
Theta
0
t_GA - R_GA * R_AB * t_BA
0 0 0
t_wo + cam_pos
1.19791 0 0
Time
1558449334931
Theta
0
t_GA - R_GA * R_AB * t_BA
0 0 0
t_wo + cam_pos
1.19791 0 0
Time
1558449334982
Theta
0
t_GA - R_GA * R_AB * t_BA
0 0 0
t_wo + cam_pos
1.19791 0 0
Time
1558449335032
Theta
0
t_GA - R_GA * R_AB * t_BA
0 0 0
t_wo + cam_pos
1.19791 0 0
Time
1558449335083
Theta
0
t_GA - R_GA * R_AB * t_BA
0 0 0
t_wo + cam_pos
1.19791 0 0
Time
1558449335133
Theta
0
t_GA - R_GA * R_AB * t_BA
0 0 0
t_wo + cam_pos
1.19791 0 0
Time
1558449335183
Theta
0
t_GA - R_GA * R_AB * t_BA
0 0 0
t_wo + cam_pos
1.19791 0 0
Time
1558449335234
Theta
0
t_GA - R_GA * R_AB * t_BA
0 0 0
t_wo + cam_pos
1.19791 0 0
Time
1558449335284
Theta
0
t_GA - R_GA * R_AB * t_BA
0 0 0
t_wo + cam_pos
1.19791 0 0
Time
1558449335335
Theta
0
t_GA - R_GA * R_AB * t_BA
0 0 0
t_wo + cam_pos
1.19791 0 0
Time
1558449335385
Theta
0
t_GA - R_GA * R_AB * t_BA
0 0 0
t_wo + cam_pos
1.19791 0 0
Time
1558449335436
Theta
0
t_GA - R_GA * R_AB * t_BA
0 0 0
t_wo + cam_pos
1.19791 0 0
Time
1558449335486
Theta
0
t_GA - R_GA * R_AB * t_BA
0 0 0
t_wo + cam_pos
1.19791 0 0
Time
1558449335537
Theta
0
t_GA - R_GA * R_AB * t_BA
0 0 0
t_wo + cam_pos
1.37666 0 0
Time
1558449335587
Theta
0
t_GA - R_GA * R_AB * t_BA
0 0 0
t_wo + cam_pos
1.37666 0 0
Time
1558449335637
Theta
0
t_GA - R_GA * R_AB * t_BA
0 0 0
t_wo + cam_pos
1.37666 0 0
Time
1558449335688
Theta
0
t_GA - R_GA * R_AB * t_BA
0 0 0
t_wo + cam_pos
1.37666 0 0
Time
1558449335738
Theta
0
t_GA - R_GA * R_AB * t_BA
0 0 0
t_wo + cam_pos
1.37666 0 0
Time
1558449335788
Theta
0
t_GA - R_GA * R_AB * t_BA
0 0 0
t_wo + cam_pos
1.37666 0 0
Time
1558449335839
Theta
0
t_GA - R_GA * R_AB * t_BA
0 0 0
t_wo + cam_pos
1.37666 0 0
Time
1558449335889
Theta
0
t_GA - R_GA * R_AB * t_BA
0 0 0
t_wo + cam_pos
1.37666 0 0
Time
1558449335939
Theta
0
t_GA - R_GA * R_AB * t_BA
0 0 0
t_wo + cam_pos
1.37666 0 0
Time
1558449335990
Theta
0
t_GA - R_GA * R_AB * t_BA
0 0 0
t_wo + cam_pos
1.37666 0 0
Time
1558449336040
Theta
0
t_GA - R_GA * R_AB * t_BA
0 0 0
t_wo + cam_pos
1.37666 0 0
Time
1558449336091
Theta
0
t_GA - R_GA * R_AB * t_BA
0 0 0
t_wo + cam_pos
1.37666 0 0
Time
1558449336141
Theta
0
t_GA - R_GA * R_AB * t_BA
0 0 0
t_wo + cam_pos
1.37666 0 0
Time
1558449336191
Theta
0
t_GA - R_GA * R_AB * t_BA
0 0 0
t_wo + cam_pos
1.37666 0 0
Time
1558449336242
Theta
0
t_GA - R_GA * R_AB * t_BA
0 0 0
t_wo + cam_pos
1.37666 0 0
Time
1558449336292
Theta
0
t_GA - R_GA * R_AB * t_BA
0 0 0
t_wo + cam_pos
1.37666 0 0
Time
1558449336343
Theta
0
t_GA - R_GA * R_AB * t_BA
0 0 0
t_wo + cam_pos
1.37666 0 0
Time
1558449336393
Theta
0
t_GA - R_GA * R_AB * t_BA
0 0 0
t_wo + cam_pos
1.37666 0 0
Time
1558449336443
Theta
0
t_GA - R_GA * R_AB * t_BA
0 0 0
t_wo + cam_pos
1.37666 0 0
Time
1558449336494
Theta
0
t_GA - R_GA * R_AB * t_BA
0 0 0
t_wo + cam_pos
1.37666 0 0
Time
1558449336544
Theta
0
t_GA - R_GA * R_AB * t_BA
0 0 0
t_wo + cam_pos
1.37666 0 0
Time
1558449336595
Theta
0
t_GA - R_GA * R_AB * t_BA
0 0 0
t_wo + cam_pos
1.37666 0 0
Time
1558449336645
Theta
0
t_GA - R_GA * R_AB * t_BA
0 0 0
t_wo + cam_pos
1.37666 0 0
Time
1558449336695
Theta
0
t_GA - R_GA * R_AB * t_BA
0 0 0
t_wo + cam_pos
1.37666 0 0
Time
1558449336746
Theta
0
t_GA - R_GA * R_AB * t_BA
0 0 0
t_wo + cam_pos
1.37666 0 0
Time
1558449336796
Theta
0
t_GA - R_GA * R_AB * t_BA
0 0 0
t_wo + cam_pos
1.37666 0 0
Time
1558449336847
Theta
0
t_GA - R_GA * R_AB * t_BA
0 0 0
t_wo + cam_pos
1.37666 0 0
Time
1558449336897
Theta
0
t_GA - R_GA * R_AB * t_BA
0 0 0
t_wo + cam_pos
1.37666 0 0
Time
1558449336947
Theta
0
t_GA - R_GA * R_AB * t_BA
0 0 0
t_wo + cam_pos
1.37666 0 0
Time
1558449336998
Theta
0
t_GA - R_GA * R_AB * t_BA
0 0 0
t_wo + cam_pos
1.37666 0 0
Time
1558449337048
Theta
0
t_GA - R_GA * R_AB * t_BA
0 0 0
t_wo + cam_pos
1.37666 0 0
Time
1558449337099
Theta
0
t_GA - R_GA * R_AB * t_BA
0 0 0
t_wo + cam_pos
1.37666 0 0
Time
1558449337149
Theta
0
t_GA - R_GA * R_AB * t_BA
0 0 0
t_wo + cam_pos
1.37666 0 0
Time
1558449337199
Theta
0
t_GA - R_GA * R_AB * t_BA
0 0 0
t_wo + cam_pos
1.37666 0 0
Time
1558449337250
Theta
0
t_GA - R_GA * R_AB * t_BA
0 0 0
t_wo + cam_pos
1.37666 0 0
Time
1558449337300
Theta
0
t_GA - R_GA * R_AB * t_BA
0 0 0
t_wo + cam_pos
1.37666 0 0
Time
1558449337351
Theta
0
t_GA - R_GA * R_AB * t_BA
0 0 0
t_wo + cam_pos
1.37666 0 0
Time
1558449337401
Theta
0
t_GA - R_GA * R_AB * t_BA
0 0 0
t_wo + cam_pos
1.37666 0 0
Time
1558449337451
Theta
0
t_GA - R_GA * R_AB * t_BA
0 0 0
t_wo + cam_pos
1.37666 0 0
Time
1558449337502
Theta
0
t_GA - R_GA * R_AB * t_BA
0 0 0
t_wo + cam_pos
1.37666 0 0
Time
1558449337552
Theta
0
t_GA - R_GA * R_AB * t_BA
0 0 0
t_wo + cam_pos
1.37666 0 0
Time
1558449337603
Theta
0
t_GA - R_GA * R_AB * t_BA
0 0 0
t_wo + cam_pos
1.37666 0 0
Time
1558449337653
Theta
0
t_GA - R_GA * R_AB * t_BA
0 0 0
t_wo + cam_pos
1.37666 0 0
Time
1558449337703
Theta
0
t_GA - R_GA * R_AB * t_BA
0 0 0
t_wo + cam_pos
1.37666 0 0
Time
1558449337754
Theta
0
t_GA - R_GA * R_AB * t_BA
0 0 0
t_wo + cam_pos
1.37666 0 0
Time
1558449337804
Theta
0
t_GA - R_GA * R_AB * t_BA
0 0 0
t_wo + cam_pos
1.37666 0 0
Time
1558449337855
Theta
0
t_GA - R_GA * R_AB * t_BA
0 0 0
t_wo + cam_pos
1.37666 0 0
Time
1558449337905
Theta
0
t_GA - R_GA * R_AB * t_BA
0 0 0
t_wo + cam_pos
1.37666 0 0
Time
1558449337955
Theta
0
t_GA - R_GA * R_AB * t_BA
0 0 0
t_wo + cam_pos
1.37666 0 0
Time
1558449338006
Theta
0
t_GA - R_GA * R_AB * t_BA
0 0 0
t_wo + cam_pos
1.37666 0 0
Time
1558449338056
Theta
0
t_GA - R_GA * R_AB * t_BA
0 0 0
t_wo + cam_pos
1.37666 0 0
Time
1558449338106
Theta
0
t_GA - R_GA * R_AB * t_BA
0 0 0
t_wo + cam_pos
1.37666 0 0
Time
1558449338157
Theta
0
t_GA - R_GA * R_AB * t_BA
0 0 0
t_wo + cam_pos
1.37666 0 0
Time
1558449338207
Theta
0
t_GA - R_GA * R_AB * t_BA
0 0 0
t_wo + cam_pos
1.37666 0 0
Time
1558449338258
Theta
0
t_GA - R_GA * R_AB * t_BA
0 0 0
t_wo + cam_pos
1.37666 0 0
Time
1558449338308
Theta
0
t_GA - R_GA * R_AB * t_BA
0 0 0
t_wo + cam_pos
1.37666 0 0
Time
1558449338358
Theta
0
t_GA - R_GA * R_AB * t_BA
0 0 0
t_wo + cam_pos
1.37666 0 0
Time
1558449338409
Theta
0
t_GA - R_GA * R_AB * t_BA
0 0 0
t_wo + cam_pos
1.37666 0 0
Time
1558449338459
Theta
0
t_GA - R_GA * R_AB * t_BA
0 0 0
t_wo + cam_pos
1.37666 0 0
Time
1558449338509
Theta
0
t_GA - R_GA * R_AB * t_BA
0 0 0
t_wo + cam_pos
1.37666 0 0
Time
1558449338560
Theta
0
t_GA - R_GA * R_AB * t_BA
0 0 0
t_wo + cam_pos
1.37666 0 0
Time
1558449338610
Theta
0
t_GA - R_GA * R_AB * t_BA
0 0 0
t_wo + cam_pos
1.37666 0 0
Time
1558449338661
Theta
0
t_GA - R_GA * R_AB * t_BA
0 0 0
t_wo + cam_pos
1.37666 0 0
Time
1558449338711
Theta
0
t_GA - R_GA * R_AB * t_BA
0 0 0
t_wo + cam_pos
1.37666 0 0
Time
1558449338761
Theta
0
t_GA - R_GA * R_AB * t_BA
0 0 0
t_wo + cam_pos
1.37666 0 0
Time
1558449338812
Theta
0
t_GA - R_GA * R_AB * t_BA
0 0 0
t_wo + cam_pos
1.37666 0 0
Time
1558449338862
Theta
0
t_GA - R_GA * R_AB * t_BA
0 0 0
t_wo + cam_pos
1.37666 0 0
Time
1558449338913
Theta
0
t_GA - R_GA * R_AB * t_BA
0 0 0
t_wo + cam_pos
1.37666 0 0
Time
1558449338963
Theta
0
t_GA - R_GA * R_AB * t_BA
0 0 0
t_wo + cam_pos
1.37666 0 0
Time
1558449339013
Theta
0
t_GA - R_GA * R_AB * t_BA
0 0 0
t_wo + cam_pos
1.37666 0 0
Time
1558449339064
Theta
0
t_GA - R_GA * R_AB * t_BA
0 0 0
t_wo + cam_pos
1.37666 0 0
Time
1558449339114
Theta
0
t_GA - R_GA * R_AB * t_BA
0 0 0
t_wo + cam_pos
1.37666 0 0
Time
1558449339164
Theta
0
t_GA - R_GA * R_AB * t_BA
0 0 0
t_wo + cam_pos
1.37666 0 0
Time
1558449339215
Theta
0
t_GA - R_GA * R_AB * t_BA
0 0 0
t_wo + cam_pos
1.37666 0 0
Time
1558449339265
Theta
0
t_GA - R_GA * R_AB * t_BA
0 0 0
t_wo + cam_pos
1.37666 0 0
Time
1558449339316
Theta
0
t_GA - R_GA * R_AB * t_BA
0 0 0
t_wo + cam_pos
1.37666 0 0
Time
1558449339366
Theta
0
t_GA - R_GA * R_AB * t_BA
0 0 0
t_wo + cam_pos
1.37666 0 0
Time
1558449339416
Theta
0
t_GA - R_GA * R_AB * t_BA
0 0 0
t_wo + cam_pos
1.37666 0 0
Time
1558449339467
Theta
0
t_GA - R_GA * R_AB * t_BA
0 0 0
t_wo + cam_pos
1.37666 0 0
Time
1558449339517
Theta
0
t_GA - R_GA * R_AB * t_BA
0 0 0
t_wo + cam_pos
1.37666 0 0
Time
1558449339568
Theta
0
t_GA - R_GA * R_AB * t_BA
0 0 0
t_wo + cam_pos
1.37666 0 0
Time
1558449339618
Theta
0
t_GA - R_GA * R_AB * t_BA
0 0 0
t_wo + cam_pos
1.37666 0 0
Time
1558449339668
Theta
0
t_GA - R_GA * R_AB * t_BA
0 0 0
t_wo + cam_pos
1.37666 0 0
Time
1558449339719
Theta
0
t_GA - R_GA * R_AB * t_BA
0 0 0
t_wo + cam_pos
1.37666 0 0
Time
1558449339769
Theta
0
t_GA - R_GA * R_AB * t_BA
0 0 0
t_wo + cam_pos
1.37666 0 0
Time
1558449339819
Theta
0
t_GA - R_GA * R_AB * t_BA
0 0 0
t_wo + cam_pos
1.37666 0 0
Time
1558449339870
Theta
0
t_GA - R_GA * R_AB * t_BA
0 0 0
t_wo + cam_pos
1.37666 0 0
Time
1558449339920
Theta
0
t_GA - R_GA * R_AB * t_BA
0 0 0
t_wo + cam_pos
1.37666 0 0
Time
1558449339970
Theta
0
t_GA - R_GA * R_AB * t_BA
0 0 0
t_wo + cam_pos
1.37666 0 0
Time
1558449340021
Theta
0
t_GA - R_GA * R_AB * t_BA
0 0 0
t_wo + cam_pos
1.37666 0 0
Time
1558449340071
Theta
0
t_GA - R_GA * R_AB * t_BA
0 0 0
t_wo + cam_pos
1.37666 0 0
Time
1558449340122
Theta
0
t_GA - R_GA * R_AB * t_BA
0 0 0
t_wo + cam_pos
1.37666 0 0
Time
1558449340172
Theta
0
t_GA - R_GA * R_AB * t_BA
0 0 0
t_wo + cam_pos
1.37666 0 0
Time
1558449340222
Theta
0
t_GA - R_GA * R_AB * t_BA
0 0 0
t_wo + cam_pos
1.37666 0 0
Time
1558449340273
Theta
0
t_GA - R_GA * R_AB * t_BA
0 0 0
t_wo + cam_pos
1.37666 0 0
Time
1558449340323
Theta
0
t_GA - R_GA * R_AB * t_BA
0 0 0
t_wo + cam_pos
1.37666 0 0
Time
1558449340374
Theta
0
t_GA - R_GA * R_AB * t_BA
0 0 0
t_wo + cam_pos
1.37666 0 0
Time
1558449340424
Theta
0
t_GA - R_GA * R_AB * t_BA
0 0 0
t_wo + cam_pos
1.37666 0 0
Time
1558449340474
Theta
0
t_GA - R_GA * R_AB * t_BA
0 0 0
t_wo + cam_pos
1.37666 0 0
Time
1558449340525
Theta
0
t_GA - R_GA * R_AB * t_BA
0 0 0
t_wo + cam_pos
1.37666 0 0
Time
1558449340575
Theta
0
t_GA - R_GA * R_AB * t_BA
0 0 0
t_wo + cam_pos
1.37666 0 0
Time
1558449340626
Theta
0
t_GA - R_GA * R_AB * t_BA
0 0 0
t_wo + cam_pos
1.37666 0 0
Time
1558449340676
Theta
0
t_GA - R_GA * R_AB * t_BA
0 0 0
t_wo + cam_pos
1.37666 0 0
Time
1558449340726
Theta
0
t_GA - R_GA * R_AB * t_BA
0 0 0
t_wo + cam_pos
1.37666 0 0
Time
1558449340777
Theta
0
t_GA - R_GA * R_AB * t_BA
0 0 0
t_wo + cam_pos
1.37666 0 0
Time
1558449340827
Theta
0
t_GA - R_GA * R_AB * t_BA
0 0 0
t_wo + cam_pos
1.37666 0 0
Time
1558449340878
Theta
0
t_GA - R_GA * R_AB * t_BA
0 0 0
t_wo + cam_pos
1.37666 0 0
Time
1558449340928
Theta
0
t_GA - R_GA * R_AB * t_BA
0 0 0
t_wo + cam_pos
1.37666 0 0
Time
1558449340979
Theta
0
t_GA - R_GA * R_AB * t_BA
0 0 0
t_wo + cam_pos
1.37666 0 0
Time
1558449341029
Theta
0
t_GA - R_GA * R_AB * t_BA
0 0 0
t_wo + cam_pos
1.37666 0 0
Time
1558449341080
Theta
0
t_GA - R_GA * R_AB * t_BA
0 0 0
t_wo + cam_pos
1.37666 0 0
Time
1558449341130
Theta
0
t_GA - R_GA * R_AB * t_BA
0 0 0
t_wo + cam_pos
1.37666 0 0
Time
1558449341180
Theta
0
t_GA - R_GA * R_AB * t_BA
0 0 0
t_wo + cam_pos
1.37666 0 0
Time
1558449341231
Theta
0
t_GA - R_GA * R_AB * t_BA
0 0 0
t_wo + cam_pos
1.37666 0 0
Time
1558449341281
Theta
0
t_GA - R_GA * R_AB * t_BA
0 0 0
t_wo + cam_pos
1.37666 0 0
Time
1558449341331
Theta
0
t_GA - R_GA * R_AB * t_BA
0 0 0
t_wo + cam_pos
1.37666 0 0
Time
1558449341382
Theta
0
t_GA - R_GA * R_AB * t_BA
0 0 0
t_wo + cam_pos
1.37666 0 0
Time
1558449341432
Theta
0
t_GA - R_GA * R_AB * t_BA
0 0 0
t_wo + cam_pos
1.37666 0 0
Time
1558449341483
Theta
0
t_GA - R_GA * R_AB * t_BA
0 0 0
t_wo + cam_pos
1.37666 0 0
Time
1558449341533
Theta
0
t_GA - R_GA * R_AB * t_BA
0 0 0
t_wo + cam_pos
1.37666 0 0
Time
1558449341583
Theta
0
t_GA - R_GA * R_AB * t_BA
0 0 0
t_wo + cam_pos
1.37666 0 0
Time
1558449341634
Theta
0
t_GA - R_GA * R_AB * t_BA
0 0 0
t_wo + cam_pos
1.37666 0 0
Time
1558449341684
Theta
0
t_GA - R_GA * R_AB * t_BA
0 0 0
t_wo + cam_pos
1.37666 0 0
Time
1558449341734
Theta
0
t_GA - R_GA * R_AB * t_BA
0 0 0
t_wo + cam_pos
1.37666 0 0
Time
1558449341785
Theta
0
t_GA - R_GA * R_AB * t_BA
0 0 0
t_wo + cam_pos
1.37666 0 0
Time
1558449341835
Theta
0
t_GA - R_GA * R_AB * t_BA
0 0 0
t_wo + cam_pos
1.37666 0 0
Time
1558449341886
Theta
0
t_GA - R_GA * R_AB * t_BA
0 0 0
t_wo + cam_pos
1.37666 0 0
Time
1558449341936
Theta
0
t_GA - R_GA * R_AB * t_BA
0 0 0
t_wo + cam_pos
1.37666 0 0
Time
1558449341986
Theta
0
t_GA - R_GA * R_AB * t_BA
0 0 0
t_wo + cam_pos
1.37666 0 0
Time
1558449342037
Theta
0
t_GA - R_GA * R_AB * t_BA
0 0 0
t_wo + cam_pos
1.37666 0 0
Time
1558449342087
Theta
0
