t_GA - R_GA * R_AB * t_BA
0 0 0
t_wo + cam_pos
0.9 0 0
Time
1558446256255
Theta
0
t_GA - R_GA * R_AB * t_BA
0 0 0
t_wo + cam_pos
0.9 0 0
Time
1558446256305
Theta
0
t_GA - R_GA * R_AB * t_BA
0 0 0
t_wo + cam_pos
0.9 0 0
Time
1558446256356
Theta
0
t_GA - R_GA * R_AB * t_BA
0 0 0
t_wo + cam_pos
0.9 0 0
Time
1558446256406
Theta
0
t_GA - R_GA * R_AB * t_BA
0 0 0
t_wo + cam_pos
0.9 0 0
Time
1558446256456
Theta
0
t_GA - R_GA * R_AB * t_BA
0 0 0
t_wo + cam_pos
0.9 0 0
Time
1558446256507
Theta
0
t_GA - R_GA * R_AB * t_BA
0 0 0
t_wo + cam_pos
0.9 0 0
Time
1558446256557
Theta
0
t_GA - R_GA * R_AB * t_BA
0 0 0
t_wo + cam_pos
0.9 0 0
Time
1558446256608
Theta
0
t_GA - R_GA * R_AB * t_BA
0 0 0
t_wo + cam_pos
1.00979 0.283945 0
Time
1558446256658
Theta
0.274113
t_GA - R_GA * R_AB * t_BA
0 0 0
t_wo + cam_pos
1.00979 0.283945 0
Time
1558446256709
Theta
0.274113
t_GA - R_GA * R_AB * t_BA
0 0 0
t_wo + cam_pos
1.00979 0.283945 0
Time
1558446256759
Theta
0.274113
t_GA - R_GA * R_AB * t_BA
0 0 0
t_wo + cam_pos
1.00979 0.283945 0
Time
1558446256810
Theta
0.274113
t_GA - R_GA * R_AB * t_BA
0 0 0
t_wo + cam_pos
1.00979 0.283945 0
Time
1558446256860
Theta
0.274113
t_GA - R_GA * R_AB * t_BA
0 0 0
t_wo + cam_pos
1.00979 0.283945 0
Time
1558446256911
Theta
0.274113
t_GA - R_GA * R_AB * t_BA
0 0 0
t_wo + cam_pos
1.00979 0.283945 0
Time
1558446256961
Theta
0.274113
t_GA - R_GA * R_AB * t_BA
0 0 0
t_wo + cam_pos
1.00979 0.283945 0
Time
1558446257012
Theta
0.274113
t_GA - R_GA * R_AB * t_BA
0 0 0
t_wo + cam_pos
1.00979 0.283945 0
Time
1558446257062
Theta
0.274113
t_GA - R_GA * R_AB * t_BA
0 0 0
t_wo + cam_pos
1.00979 0.283945 0
Time
1558446257112
Theta
0.274113
t_GA - R_GA * R_AB * t_BA
0 0 0
t_wo + cam_pos
1.00979 0.283945 0
Time
1558446257163
Theta
0.274113
t_GA - R_GA * R_AB * t_BA
0 0 0
t_wo + cam_pos
1.00979 0.283945 0
Time
1558446257213
Theta
0.274113
t_GA - R_GA * R_AB * t_BA
0 0 0
t_wo + cam_pos
1.00979 0.283945 0
Time
1558446257264
Theta
0.274113
t_GA - R_GA * R_AB * t_BA
0 0 0
t_wo + cam_pos
1.00979 0.283945 0
Time
1558446257314
Theta
0.274113
t_GA - R_GA * R_AB * t_BA
0 0 0
t_wo + cam_pos
1.00979 0.283945 0
Time
1558446257364
Theta
0.274113
t_GA - R_GA * R_AB * t_BA
0 0 0
t_wo + cam_pos
1.00979 0.283945 0
Time
1558446257415
Theta
0.274113
t_GA - R_GA * R_AB * t_BA
0 0 0
t_wo + cam_pos
1.00979 0.283945 0
Time
1558446257465
Theta
0.274113
t_GA - R_GA * R_AB * t_BA
0 0 0
t_wo + cam_pos
1.00979 0.283945 0
Time
1558446257516
Theta
0.274113
t_GA - R_GA * R_AB * t_BA
0 0 0
t_wo + cam_pos
1.00979 0.283945 0
Time
1558446257566
Theta
0.274113
t_GA - R_GA * R_AB * t_BA
0 0 0
t_wo + cam_pos
1.00979 0.283945 0
Time
1558446257616
Theta
0.274113
t_GA - R_GA * R_AB * t_BA
0 0 0
t_wo + cam_pos
1.00979 0.283945 0
Time
1558446257667
Theta
0.274113
t_GA - R_GA * R_AB * t_BA
0 0 0
t_wo + cam_pos
1.00979 0.283945 0
Time
1558446257717
Theta
0.274113
t_GA - R_GA * R_AB * t_BA
0 0 0
t_wo + cam_pos
1.00979 0.283945 0
Time
1558446257767
Theta
0.274113
t_GA - R_GA * R_AB * t_BA
0 0 0
t_wo + cam_pos
1.00979 0.283945 0
Time
1558446257818
Theta
0.274113
t_GA - R_GA * R_AB * t_BA
0 0 0
t_wo + cam_pos
1.00979 0.283945 0
Time
1558446257868
Theta
0.274113
t_GA - R_GA * R_AB * t_BA
0 0 0
t_wo + cam_pos
1.00979 0.283945 0
Time
1558446257919
Theta
0.274113
t_GA - R_GA * R_AB * t_BA
0 0 0
t_wo + cam_pos
1.00979 0.283945 0
Time
1558446257969
Theta
0.274113
t_GA - R_GA * R_AB * t_BA
0 0 0
t_wo + cam_pos
1.00979 0.283945 0
Time
1558446258019
Theta
0.274113
t_GA - R_GA * R_AB * t_BA
0 0 0
t_wo + cam_pos
1.00979 0.283945 0
Time
1558446258070
Theta
0.274113
t_GA - R_GA * R_AB * t_BA
0 0 0
t_wo + cam_pos
1.00979 0.283945 0
Time
1558446258120
Theta
0.274113
t_GA - R_GA * R_AB * t_BA
0 0 0
t_wo + cam_pos
1.00979 0.283945 0
Time
1558446258171
Theta
0.274113
t_GA - R_GA * R_AB * t_BA
0 0 0
t_wo + cam_pos
1.00979 0.283945 0
Time
1558446258221
Theta
0.274113
t_GA - R_GA * R_AB * t_BA
0 0 0
t_wo + cam_pos
1.00979 0.283945 0
Time
1558446258271
Theta
0.274113
t_GA - R_GA * R_AB * t_BA
0 0 0
t_wo + cam_pos
1.00979 0.283945 0
Time
1558446258322
Theta
0.274113
t_GA - R_GA * R_AB * t_BA
0 0 0
t_wo + cam_pos
1.00979 0.283945 0
Time
1558446258372
Theta
0.274113
t_GA - R_GA * R_AB * t_BA
0 0 0
t_wo + cam_pos
1.00979 0.283945 0
Time
1558446258422
Theta
0.274113
t_GA - R_GA * R_AB * t_BA
0 0 0
t_wo + cam_pos
1.00979 0.283945 0
Time
1558446258473
Theta
0.274113
t_GA - R_GA * R_AB * t_BA
0 0 0
t_wo + cam_pos
1.00979 0.283945 0
Time
1558446258523
Theta
0.274113
t_GA - R_GA * R_AB * t_BA
0 0 0
t_wo + cam_pos
1.00979 0.283945 0
Time
1558446258573
Theta
0.274113
t_GA - R_GA * R_AB * t_BA
0 0 0
t_wo + cam_pos
1.00979 0.283945 0
Time
1558446258624
Theta
0.274113
t_GA - R_GA * R_AB * t_BA
0 0 0
t_wo + cam_pos
1.00979 0.283945 0
Time
1558446258674
Theta
0.274113
t_GA - R_GA * R_AB * t_BA
0 0 0
t_wo + cam_pos
1.00979 0.283945 0
Time
1558446258725
Theta
0.274113
t_GA - R_GA * R_AB * t_BA
0 0 0
t_wo + cam_pos
1.00979 0.283945 0
Time
1558446258775
Theta
0.274113
t_GA - R_GA * R_AB * t_BA
0 0 0
t_wo + cam_pos
1.00979 0.283945 0
Time
1558446258825
Theta
0.274113
t_GA - R_GA * R_AB * t_BA
0 0 0
t_wo + cam_pos
1.00979 0.283945 0
Time
1558446258876
Theta
0.274113
t_GA - R_GA * R_AB * t_BA
0 0 0
t_wo + cam_pos
1.00979 0.283945 0
Time
1558446258926
Theta
0.274113
t_GA - R_GA * R_AB * t_BA
0 0 0
t_wo + cam_pos
1.00979 0.283945 0
Time
1558446258976
Theta
0.274113
t_GA - R_GA * R_AB * t_BA
0 0 0
t_wo + cam_pos
1.00979 0.283945 0
Time
1558446259027
Theta
0.274113
t_GA - R_GA * R_AB * t_BA
0 0 0
t_wo + cam_pos
1.00979 0.283945 0
Time
1558446259077
Theta
0.274113
t_GA - R_GA * R_AB * t_BA
0 0 0
t_wo + cam_pos
1.00979 0.283945 0
Time
1558446259128
Theta
0.274113
t_GA - R_GA * R_AB * t_BA
0 0 0
t_wo + cam_pos
1.00979 0.283945 0
Time
1558446259178
Theta
0.274113
t_GA - R_GA * R_AB * t_BA
0 0 0
t_wo + cam_pos
1.00979 0.283945 0
Time
1558446259228
Theta
0.274113
t_GA - R_GA * R_AB * t_BA
0 0 0
t_wo + cam_pos
1.00979 0.283945 0
Time
1558446259279
Theta
0.274113
t_GA - R_GA * R_AB * t_BA
0 0 0
t_wo + cam_pos
1.00979 0.283945 0
Time
1558446259329
Theta
0.274113
t_GA - R_GA * R_AB * t_BA
0 0 0
t_wo + cam_pos
1.00979 0.283945 0
Time
1558446259379
Theta
0.274113
t_GA - R_GA * R_AB * t_BA
0 0 0
t_wo + cam_pos
1.00979 0.283945 0
Time
1558446259430
Theta
0.274113
t_GA - R_GA * R_AB * t_BA
0 0 0
t_wo + cam_pos
1.00979 0.283945 0
Time
1558446259480
Theta
0.274113
t_GA - R_GA * R_AB * t_BA
0 0 0
t_wo + cam_pos
1.00979 0.283945 0
Time
1558446259531
Theta
0.274113
t_GA - R_GA * R_AB * t_BA
0 0 0
t_wo + cam_pos
1.00979 0.283945 0
Time
1558446259581
Theta
0.274113
t_GA - R_GA * R_AB * t_BA
0 0 0
t_wo + cam_pos
1.00979 0.283945 0
Time
1558446259631
Theta
0.274113
t_GA - R_GA * R_AB * t_BA
0 0 0
t_wo + cam_pos
1.00979 0.283945 0
Time
1558446259682
Theta
0.274113
t_GA - R_GA * R_AB * t_BA
0 0 0
t_wo + cam_pos
1.00979 0.283945 0
Time
1558446259732
Theta
0.274113
t_GA - R_GA * R_AB * t_BA
0 0 0
t_wo + cam_pos
1.00979 0.283945 0
Time
1558446259783
Theta
0.274113
t_GA - R_GA * R_AB * t_BA
0 0 0
t_wo + cam_pos
1.00979 0.283945 0
Time
1558446259833
Theta
0.274113
t_GA - R_GA * R_AB * t_BA
0 0 0
t_wo + cam_pos
1.00979 0.283945 0
Time
1558446259884
Theta
0.274113
t_GA - R_GA * R_AB * t_BA
0 0 0
t_wo + cam_pos
1.00979 0.283945 0
Time
1558446259934
Theta
0.274113
t_GA - R_GA * R_AB * t_BA
0 0 0
t_wo + cam_pos
1.00979 0.283945 0
Time
1558446259984
Theta
0.274113
t_GA - R_GA * R_AB * t_BA
0 0 0
t_wo + cam_pos
1.00979 0.283945 0
Time
1558446260035
Theta
0.274113
t_GA - R_GA * R_AB * t_BA
0 0 0
t_wo + cam_pos
1.00979 0.283945 0
Time
1558446260085
Theta
0.274113
t_GA - R_GA * R_AB * t_BA
0 0 0
t_wo + cam_pos
1.00979 0.283945 0
Time
1558446260135
Theta
0.274113
t_GA - R_GA * R_AB * t_BA
0 0 0
t_wo + cam_pos
1.00979 0.283945 0
Time
1558446260186
Theta
0.274113
t_GA - R_GA * R_AB * t_BA
0 0 0
t_wo + cam_pos
1.00979 0.283945 0
Time
1558446260236
Theta
0.274113
t_GA - R_GA * R_AB * t_BA
0 0 0
t_wo + cam_pos
1.00979 0.283945 0
Time
1558446260287
Theta
0.274113
t_GA - R_GA * R_AB * t_BA
0 0 0
t_wo + cam_pos
1.00979 0.283945 0
Time
1558446260337
Theta
0.274113
t_GA - R_GA * R_AB * t_BA
0 0 0
t_wo + cam_pos
1.00979 0.283945 0
Time
1558446260387
Theta
0.274113
t_GA - R_GA * R_AB * t_BA
0 0 0
t_wo + cam_pos
1.00979 0.283945 0
Time
1558446260438
Theta
0.274113
t_GA - R_GA * R_AB * t_BA
0 0 0
t_wo + cam_pos
1.00979 0.283945 0
Time
1558446260488
Theta
0.274113
t_GA - R_GA * R_AB * t_BA
0 0 0
t_wo + cam_pos
1.00979 0.283945 0
Time
1558446260538
Theta
0.274113
t_GA - R_GA * R_AB * t_BA
0 0 0
t_wo + cam_pos
1.00979 0.283945 0
Time
1558446260589
Theta
0.274113
t_GA - R_GA * R_AB * t_BA
0 0 0
t_wo + cam_pos
1.00979 0.283945 0
Time
1558446260639
Theta
0.274113
t_GA - R_GA * R_AB * t_BA
0 0 0
t_wo + cam_pos
1.00979 0.283945 0
Time
1558446260690
Theta
0.274113
t_GA - R_GA * R_AB * t_BA
0 0 0
t_wo + cam_pos
1.00979 0.283945 0
Time
1558446260740
Theta
0.274113
t_GA - R_GA * R_AB * t_BA
0 0 0
t_wo + cam_pos
1.00979 0.283945 0
Time
1558446260790
Theta
0.274113
t_GA - R_GA * R_AB * t_BA
0 0 0
t_wo + cam_pos
1.00979 0.283945 0
Time
1558446260841
Theta
0.274113
t_GA - R_GA * R_AB * t_BA
0 0 0
t_wo + cam_pos
1.00979 0.283945 0
Time
1558446260891
Theta
0.274113
t_GA - R_GA * R_AB * t_BA
0 0 0
t_wo + cam_pos
1.00979 0.283945 0
Time
1558446260942
Theta
0.274113
t_GA - R_GA * R_AB * t_BA
0 0 0
t_wo + cam_pos
1.00979 0.283945 0
Time
1558446260992
Theta
0.274113
t_GA - R_GA * R_AB * t_BA
0 0 0
t_wo + cam_pos
1.00979 0.283945 0
Time
1558446261042
Theta
0.274113
t_GA - R_GA * R_AB * t_BA
0 0 0
t_wo + cam_pos
1.00979 0.283945 0
Time
1558446261093
Theta
0.274113
t_GA - R_GA * R_AB * t_BA
0 0 0
t_wo + cam_pos
1.00979 0.283945 0
Time
1558446261143
Theta
0.274113
t_GA - R_GA * R_AB * t_BA
0 0 0
t_wo + cam_pos
1.00979 0.283945 0
Time
1558446261194
Theta
0.274113
t_GA - R_GA * R_AB * t_BA
0 0 0
t_wo + cam_pos
1.00979 0.283945 0
Time
1558446261244
Theta
0.274113
t_GA - R_GA * R_AB * t_BA
0 0 0
t_wo + cam_pos
1.00979 0.283945 0
Time
1558446261294
Theta
0.274113
t_GA - R_GA * R_AB * t_BA
0 0 0
t_wo + cam_pos
1.00979 0.283945 0
Time
1558446261345
Theta
0.274113
t_GA - R_GA * R_AB * t_BA
0 0 0
t_wo + cam_pos
1.00979 0.283945 0
Time
1558446261395
Theta
0.274113
t_GA - R_GA * R_AB * t_BA
0 0 0
t_wo + cam_pos
1.00979 0.283945 0
Time
1558446261446
Theta
0.274113
t_GA - R_GA * R_AB * t_BA
0 0 0
t_wo + cam_pos
1.00979 0.283945 0
Time
1558446261496
Theta
0.274113
t_GA - R_GA * R_AB * t_BA
0 0 0
t_wo + cam_pos
1.00979 0.283945 0
Time
1558446261546
Theta
0.274113
t_GA - R_GA * R_AB * t_BA
0 0 0
t_wo + cam_pos
1.00979 0.283945 0
Time
1558446261597
Theta
0.274113
t_GA - R_GA * R_AB * t_BA
0 0 0
t_wo + cam_pos
1.00979 0.283945 0
Time
1558446261647
Theta
0.274113
t_GA - R_GA * R_AB * t_BA
0 0 0
t_wo + cam_pos
1.00979 0.283945 0
Time
1558446261697
Theta
0.274113
t_GA - R_GA * R_AB * t_BA
0 0 0
t_wo + cam_pos
1.00979 0.283945 0
Time
1558446261748
Theta
0.274113
t_GA - R_GA * R_AB * t_BA
0 0 0
t_wo + cam_pos
1.00979 0.283945 0
Time
1558446261798
Theta
0.274113
t_GA - R_GA * R_AB * t_BA
0 0 0
t_wo + cam_pos
1.00979 0.283945 0
Time
1558446261849
Theta
0.274113
t_GA - R_GA * R_AB * t_BA
0 0 0
t_wo + cam_pos
1.00979 0.283945 0
Time
1558446261899
Theta
0.274113
t_GA - R_GA * R_AB * t_BA
0 0 0
t_wo + cam_pos
1.00979 0.283945 0
Time
1558446261949
Theta
0.274113
t_GA - R_GA * R_AB * t_BA
0 0 0
t_wo + cam_pos
1.00979 0.283945 0
Time
1558446262000
Theta
0.274113
t_GA - R_GA * R_AB * t_BA
0 0 0
t_wo + cam_pos
1.00979 0.283945 0
Time
1558446262050
Theta
0.274113
t_GA - R_GA * R_AB * t_BA
0 0 0
t_wo + cam_pos
1.00979 0.283945 0
Time
1558446262101
Theta
0.274113
t_GA - R_GA * R_AB * t_BA
0 0 0
t_wo + cam_pos
1.00979 0.283945 0
Time
1558446262151
Theta
0.274113
t_GA - R_GA * R_AB * t_BA
0 0 0
t_wo + cam_pos
1.00979 0.283945 0
Time
1558446262201
Theta
0.274113
t_GA - R_GA * R_AB * t_BA
0 0 0
t_wo + cam_pos
1.00979 0.283945 0
Time
1558446262252
Theta
0.274113
t_GA - R_GA * R_AB * t_BA
0 0 0
t_wo + cam_pos
1.00979 0.283945 0
Time
1558446262302
Theta
0.274113
t_GA - R_GA * R_AB * t_BA
0 0 0
t_wo + cam_pos
1.00979 0.283945 0
Time
1558446262352
Theta
0.274113
t_GA - R_GA * R_AB * t_BA
0 0 0
t_wo + cam_pos
1.00979 0.283945 0
Time
1558446262403
Theta
0.274113
t_GA - R_GA * R_AB * t_BA
0 0 0
t_wo + cam_pos
1.00979 0.283945 0
Time
1558446262453
Theta
0.274113
t_GA - R_GA * R_AB * t_BA
0 0 0
t_wo + cam_pos
1.00979 0.283945 0
Time
1558446262504
Theta
0.274113
t_GA - R_GA * R_AB * t_BA
0 0 0
t_wo + cam_pos
1.00979 0.283945 0
Time
1558446262554
Theta
0.274113
t_GA - R_GA * R_AB * t_BA
0 0 0
t_wo + cam_pos
1.00979 0.283945 0
Time
1558446262604
Theta
0.274113
t_GA - R_GA * R_AB * t_BA
0 0 0
t_wo + cam_pos
1.00979 0.283945 0
Time
1558446262655
Theta
0.274113
t_GA - R_GA * R_AB * t_BA
0 0 0
t_wo + cam_pos
1.00979 0.283945 0
Time
1558446262705
Theta
0.274113
t_GA - R_GA * R_AB * t_BA
0 0 0
t_wo + cam_pos
1.00979 0.283945 0
Time
1558446262756
Theta
0.274113
t_GA - R_GA * R_AB * t_BA
0 0 0
t_wo + cam_pos
1.00979 0.283945 0
Time
1558446262806
Theta
0.274113
t_GA - R_GA * R_AB * t_BA
0 0 0
t_wo + cam_pos
1.00979 0.283945 0
Time
1558446262856
Theta
0.274113
t_GA - R_GA * R_AB * t_BA
0 0 0
t_wo + cam_pos
1.00979 0.283945 0
Time
1558446262907
Theta
0.274113
t_GA - R_GA * R_AB * t_BA
0 0 0
t_wo + cam_pos
1.00979 0.283945 0
Time
1558446262957
Theta
0.274113
t_GA - R_GA * R_AB * t_BA
0 0 0
t_wo + cam_pos
1.00979 0.283945 0
Time
1558446263007
Theta
0.274113
t_GA - R_GA * R_AB * t_BA
0 0 0
t_wo + cam_pos
1.00979 0.283945 0
Time
1558446263058
Theta
0.274113
t_GA - R_GA * R_AB * t_BA
0 0 0
t_wo + cam_pos
1.00979 0.283945 0
Time
1558446263108
Theta
0.274113
t_GA - R_GA * R_AB * t_BA
0 0 0
t_wo + cam_pos
1.00979 0.283945 0
Time
1558446263158
Theta
0.274113
t_GA - R_GA * R_AB * t_BA
0 0 0
t_wo + cam_pos
1.00979 0.283945 0
Time
1558446263209
Theta
0.274113
t_GA - R_GA * R_AB * t_BA
0 0 0
t_wo + cam_pos
1.00979 0.283945 0
Time
1558446263259
Theta
0.274113
t_GA - R_GA * R_AB * t_BA
0 0 0
t_wo + cam_pos
1.00979 0.283945 0
Time
1558446263310
Theta
0.274113
t_GA - R_GA * R_AB * t_BA
0 0 0
t_wo + cam_pos
1.00979 0.283945 0
Time
1558446263360
Theta
0.274113
t_GA - R_GA * R_AB * t_BA
0 0 0
t_wo + cam_pos
1.00979 0.283945 0
Time
1558446263410
Theta
0.274113
t_GA - R_GA * R_AB * t_BA
0 0 0
t_wo + cam_pos
1.00979 0.283945 0
Time
1558446263461
Theta
0.274113
t_GA - R_GA * R_AB * t_BA
0 0 0
t_wo + cam_pos
1.00979 0.283945 0
Time
1558446263511
Theta
0.274113
t_GA - R_GA * R_AB * t_BA
0 0 0
t_wo + cam_pos
1.00979 0.283945 0
Time
1558446263562
Theta
0.274113
t_GA - R_GA * R_AB * t_BA
0 0 0
t_wo + cam_pos
1.00979 0.283945 0
Time
1558446263612
Theta
0.274113
t_GA - R_GA * R_AB * t_BA
0 0 0
t_wo + cam_pos
1.00979 0.283945 0
Time
1558446263662
Theta
0.274113
t_GA - R_GA * R_AB * t_BA
0 0 0
t_wo + cam_pos
1.00979 0.283945 0
Time
1558446263713
Theta
0.274113
t_GA - R_GA * R_AB * t_BA
0 0 0
t_wo + cam_pos
1.00979 0.283945 0
Time
1558446263763
Theta
0.274113
t_GA - R_GA * R_AB * t_BA
0 0 0
t_wo + cam_pos
1.00979 0.283945 0
Time
1558446263814
Theta
0.274113
t_GA - R_GA * R_AB * t_BA
0 0 0
t_wo + cam_pos
1.00979 0.283945 0
Time
1558446263864
Theta
0.274113
t_GA - R_GA * R_AB * t_BA
0 0 0
t_wo + cam_pos
1.00979 0.283945 0
Time
1558446263914
Theta
0.274113
t_GA - R_GA * R_AB * t_BA
0 0 0
t_wo + cam_pos
1.00979 0.283945 0
Time
1558446263965
Theta
0.274113
t_GA - R_GA * R_AB * t_BA
0 0 0
t_wo + cam_pos
1.00979 0.283945 0
Time
1558446264015
Theta
0.274113
t_GA - R_GA * R_AB * t_BA
0 0 0
t_wo + cam_pos
1.00979 0.283945 0
Time
1558446264066
Theta
0.274113
t_GA - R_GA * R_AB * t_BA
0 0 0
t_wo + cam_pos
1.00979 0.283945 0
Time
1558446264116
Theta
0.274113
t_GA - R_GA * R_AB * t_BA
0 0 0
t_wo + cam_pos
1.00979 0.283945 0
Time
1558446264167
Theta
0.274113
t_GA - R_GA * R_AB * t_BA
0 0 0
t_wo + cam_pos
1.00979 0.283945 0
Time
1558446264217
Theta
0.274113
t_GA - R_GA * R_AB * t_BA
0 0 0
t_wo + cam_pos
1.00979 0.283945 0
Time
1558446264268
Theta
0.274113
t_GA - R_GA * R_AB * t_BA
0 0 0
t_wo + cam_pos
1.00979 0.283945 0
Time
1558446264318
Theta
0.274113
t_GA - R_GA * R_AB * t_BA
0 0 0
t_wo + cam_pos
1.00979 0.283945 0
Time
1558446264368
Theta
0.274113
t_GA - R_GA * R_AB * t_BA
0 0 0
t_wo + cam_pos
1.00979 0.283945 0
Time
1558446264419
Theta
0.274113
t_GA - R_GA * R_AB * t_BA
0 0 0
t_wo + cam_pos
1.00979 0.283945 0
Time
1558446264469
Theta
0.274113
t_GA - R_GA * R_AB * t_BA
0 0 0
t_wo + cam_pos
1.00979 0.283945 0
Time
1558446264520
Theta
0.274113
t_GA - R_GA * R_AB * t_BA
0 0 0
t_wo + cam_pos
1.00979 0.283945 0
Time
1558446264570
Theta
0.274113
t_GA - R_GA * R_AB * t_BA
0 0 0
t_wo + cam_pos
1.03862 0.587009 0
Time
1558446264621
Theta
0.548226
t_GA - R_GA * R_AB * t_BA
0 0 0
t_wo + cam_pos
1.03862 0.587009 0
Time
1558446264671
Theta
0.548226
t_GA - R_GA * R_AB * t_BA
0 0 0
t_wo + cam_pos
1.03862 0.587009 0
Time
1558446264721
Theta
0.548226
t_GA - R_GA * R_AB * t_BA
0 0 0
t_wo + cam_pos
1.03862 0.587009 0
Time
1558446264772
Theta
0.548226
t_GA - R_GA * R_AB * t_BA
0 0 0
t_wo + cam_pos
1.03862 0.587009 0
Time
1558446264822
Theta
0.548226
t_GA - R_GA * R_AB * t_BA
0 0 0
t_wo + cam_pos
1.03862 0.587009 0
Time
1558446264873
Theta
0.548226
t_GA - R_GA * R_AB * t_BA
0 0 0
t_wo + cam_pos
1.03862 0.587009 0
Time
1558446264923
Theta
0.548226
t_GA - R_GA * R_AB * t_BA
0 0 0
t_wo + cam_pos
1.03862 0.587009 0
Time
1558446264973
Theta
0.548226
t_GA - R_GA * R_AB * t_BA
0 0 0
t_wo + cam_pos
1.03862 0.587009 0
Time
1558446265024
Theta
0.548226
t_GA - R_GA * R_AB * t_BA
0 0 0
t_wo + cam_pos
1.03862 0.587009 0
Time
1558446265074
Theta
0.548226
t_GA - R_GA * R_AB * t_BA
0 0 0
t_wo + cam_pos
1.03862 0.587009 0
Time
1558446265124
Theta
0.548226
t_GA - R_GA * R_AB * t_BA
0 0 0
t_wo + cam_pos
1.03862 0.587009 0
Time
1558446265175
Theta
0.548226
t_GA - R_GA * R_AB * t_BA
0 0 0
t_wo + cam_pos
1.03862 0.587009 0
Time
1558446265225
Theta
0.548226
t_GA - R_GA * R_AB * t_BA
0 0 0
t_wo + cam_pos
1.03862 0.587009 0
Time
1558446265276
Theta
0.548226
t_GA - R_GA * R_AB * t_BA
0 0 0
t_wo + cam_pos
1.03862 0.587009 0
Time
1558446265326
Theta
0.548226
t_GA - R_GA * R_AB * t_BA
0 0 0
t_wo + cam_pos
1.03862 0.587009 0
Time
1558446265376
Theta
0.548226
t_GA - R_GA * R_AB * t_BA
0 0 0
t_wo + cam_pos
1.03862 0.587009 0
Time
1558446265427
Theta
0.548226
t_GA - R_GA * R_AB * t_BA
0 0 0
t_wo + cam_pos
1.03862 0.587009 0
Time
1558446265477
Theta
0.548226
t_GA - R_GA * R_AB * t_BA
0 0 0
t_wo + cam_pos
1.03862 0.587009 0
Time
1558446265527
Theta
0.548226
t_GA - R_GA * R_AB * t_BA
0 0 0
t_wo + cam_pos
1.03862 0.587009 0
Time
1558446265578
Theta
0.548226
t_GA - R_GA * R_AB * t_BA
0 0 0
t_wo + cam_pos
1.03862 0.587009 0
Time
1558446265628
Theta
0.548226
t_GA - R_GA * R_AB * t_BA
0 0 0
t_wo + cam_pos
1.03862 0.587009 0
Time
1558446265679
Theta
0.548226
t_GA - R_GA * R_AB * t_BA
0 0 0
t_wo + cam_pos
1.03862 0.587009 0
Time
1558446265729
Theta
0.548226
t_GA - R_GA * R_AB * t_BA
0 0 0
t_wo + cam_pos
1.03862 0.587009 0
Time
1558446265780
Theta
0.548226
t_GA - R_GA * R_AB * t_BA
0 0 0
t_wo + cam_pos
1.03862 0.587009 0
Time
1558446265830
Theta
0.548226
t_GA - R_GA * R_AB * t_BA
0 0 0
t_wo + cam_pos
1.03862 0.587009 0
Time
1558446265880
Theta
0.548226
t_GA - R_GA * R_AB * t_BA
0 0 0
t_wo + cam_pos
1.03862 0.587009 0
Time
1558446265931
Theta
0.548226
t_GA - R_GA * R_AB * t_BA
0 0 0
t_wo + cam_pos
1.03862 0.587009 0
Time
1558446265981
Theta
0.548226
t_GA - R_GA * R_AB * t_BA
0 0 0
t_wo + cam_pos
1.03862 0.587009 0
Time
1558446266031
Theta
0.548226
t_GA - R_GA * R_AB * t_BA
0 0 0
t_wo + cam_pos
1.03862 0.587009 0
Time
1558446266082
Theta
0.548226
t_GA - R_GA * R_AB * t_BA
0 0 0
t_wo + cam_pos
1.03862 0.587009 0
Time
1558446266132
Theta
0.548226
t_GA - R_GA * R_AB * t_BA
0 0 0
t_wo + cam_pos
1.03862 0.587009 0
Time
1558446266182
Theta
0.548226
t_GA - R_GA * R_AB * t_BA
0 0 0
t_wo + cam_pos
1.03862 0.587009 0
Time
1558446266233
Theta
0.548226
t_GA - R_GA * R_AB * t_BA
0 0 0
t_wo + cam_pos
1.03862 0.587009 0
Time
1558446266283
Theta
0.548226
t_GA - R_GA * R_AB * t_BA
0 0 0
t_wo + cam_pos
1.03862 0.587009 0
Time
1558446266333
Theta
0.548226
t_GA - R_GA * R_AB * t_BA
0 0 0
t_wo + cam_pos
1.03862 0.587009 0
Time
1558446266384
Theta
0.548226
t_GA - R_GA * R_AB * t_BA
0 0 0
t_wo + cam_pos
1.03862 0.587009 0
Time
1558446266434
Theta
0.548226
t_GA - R_GA * R_AB * t_BA
0 0 0
t_wo + cam_pos
1.03862 0.587009 0
Time
1558446266484
Theta
0.548226
t_GA - R_GA * R_AB * t_BA
0 0 0
t_wo + cam_pos
1.03862 0.587009 0
Time
1558446266535
Theta
0.548226
t_GA - R_GA * R_AB * t_BA
0 0 0
t_wo + cam_pos
1.03862 0.587009 0
Time
1558446266585
Theta
0.548226
t_GA - R_GA * R_AB * t_BA
0 0 0
t_wo + cam_pos
1.03862 0.587009 0
Time
1558446266636
Theta
0.548226
t_GA - R_GA * R_AB * t_BA
0 0 0
t_wo + cam_pos
1.03862 0.587009 0
Time
1558446266686
Theta
0.548226
t_GA - R_GA * R_AB * t_BA
0 0 0
t_wo + cam_pos
1.03862 0.587009 0
Time
1558446266736
Theta
0.548226
t_GA - R_GA * R_AB * t_BA
0 0 0
t_wo + cam_pos
1.03862 0.587009 0
Time
1558446266787
Theta
0.548226
t_GA - R_GA * R_AB * t_BA
0 0 0
t_wo + cam_pos
1.03862 0.587009 0
Time
1558446266837
Theta
0.548226
t_GA - R_GA * R_AB * t_BA
0 0 0
t_wo + cam_pos
1.03862 0.587009 0
Time
1558446266887
Theta
0.548226
t_GA - R_GA * R_AB * t_BA
0 0 0
t_wo + cam_pos
1.03862 0.587009 0
Time
1558446266938
Theta
0.548226
t_GA - R_GA * R_AB * t_BA
0 0 0
t_wo + cam_pos
1.03862 0.587009 0
Time
1558446266988
Theta
0.548226
t_GA - R_GA * R_AB * t_BA
0 0 0
t_wo + cam_pos
1.03862 0.587009 0
Time
1558446267038
Theta
0.548226
t_GA - R_GA * R_AB * t_BA
0 0 0
t_wo + cam_pos
1.03862 0.587009 0
Time
1558446267089
Theta
0.548226
t_GA - R_GA * R_AB * t_BA
0 0 0
t_wo + cam_pos
1.03862 0.587009 0
Time
1558446267139
Theta
0.548226
t_GA - R_GA * R_AB * t_BA
0 0 0
t_wo + cam_pos
1.03862 0.587009 0
Time
1558446267189
Theta
0.548226
t_GA - R_GA * R_AB * t_BA
0 0 0
t_wo + cam_pos
1.03862 0.587009 0
Time
1558446267240
Theta
0.548226
t_GA - R_GA * R_AB * t_BA
0 0 0
t_wo + cam_pos
1.03862 0.587009 0
Time
1558446267290
Theta
0.548226
t_GA - R_GA * R_AB * t_BA
0 0 0
t_wo + cam_pos
1.03862 0.587009 0
Time
1558446267340
Theta
0.548226
t_GA - R_GA * R_AB * t_BA
0 0 0
t_wo + cam_pos
1.03862 0.587009 0
Time
1558446267391
Theta
0.548226
t_GA - R_GA * R_AB * t_BA
0 0 0
t_wo + cam_pos
1.03862 0.587009 0
Time
1558446267441
Theta
0.548226
t_GA - R_GA * R_AB * t_BA
0 0 0
t_wo + cam_pos
1.03862 0.587009 0
Time
1558446267491
Theta
0.548226
t_GA - R_GA * R_AB * t_BA
0 0 0
t_wo + cam_pos
1.03862 0.587009 0
Time
1558446267542
Theta
0.548226
t_GA - R_GA * R_AB * t_BA
0 0 0
t_wo + cam_pos
1.03862 0.587009 0
Time
1558446267592
Theta
0.548226
t_GA - R_GA * R_AB * t_BA
0 0 0
t_wo + cam_pos
1.03862 0.587009 0
Time
1558446267642
Theta
0.548226
t_GA - R_GA * R_AB * t_BA
0 0 0
t_wo + cam_pos
1.03862 0.587009 0
Time
1558446267693
Theta
0.548226
t_GA - R_GA * R_AB * t_BA
0 0 0
t_wo + cam_pos
1.03862 0.587009 0
Time
1558446267743
Theta
0.548226
t_GA - R_GA * R_AB * t_BA
0 0 0
t_wo + cam_pos
1.03862 0.587009 0
Time
1558446267793
Theta
0.548226
t_GA - R_GA * R_AB * t_BA
0 0 0
t_wo + cam_pos
1.03862 0.587009 0
Time
1558446267844
Theta
0.548226
t_GA - R_GA * R_AB * t_BA
0 0 0
t_wo + cam_pos
1.03862 0.587009 0
Time
1558446267894
Theta
0.548226
t_GA - R_GA * R_AB * t_BA
0 0 0
t_wo + cam_pos
1.03862 0.587009 0
Time
1558446267944
Theta
0.548226
t_GA - R_GA * R_AB * t_BA
0 0 0
t_wo + cam_pos
1.03862 0.587009 0
Time
1558446267995
Theta
0.548226
t_GA - R_GA * R_AB * t_BA
0 0 0
t_wo + cam_pos
1.03862 0.587009 0
Time
1558446268045
Theta
0.548226
t_GA - R_GA * R_AB * t_BA
0 0 0
t_wo + cam_pos
1.03862 0.587009 0
Time
1558446268095
Theta
0.548226
t_GA - R_GA * R_AB * t_BA
0 0 0
t_wo + cam_pos
1.03862 0.587009 0
Time
1558446268146
Theta
0.548226
t_GA - R_GA * R_AB * t_BA
0 0 0
t_wo + cam_pos
1.03862 0.587009 0
Time
1558446268196
Theta
0.548226
t_GA - R_GA * R_AB * t_BA
0 0 0
t_wo + cam_pos
1.03862 0.587009 0
Time
1558446268247
Theta
0.548226
t_GA - R_GA * R_AB * t_BA
0 0 0
t_wo + cam_pos
1.03862 0.587009 0
Time
1558446268297
Theta
0.548226
t_GA - R_GA * R_AB * t_BA
0 0 0
t_wo + cam_pos
1.03862 0.587009 0
Time
1558446268348
Theta
0.548226
t_GA - R_GA * R_AB * t_BA
0 0 0
t_wo + cam_pos
1.03862 0.587009 0
Time
1558446268398
Theta
0.548226
t_GA - R_GA * R_AB * t_BA
0 0 0
t_wo + cam_pos
1.03862 0.587009 0
Time
1558446268448
Theta
0.548226
t_GA - R_GA * R_AB * t_BA
0 0 0
t_wo + cam_pos
1.03862 0.587009 0
Time
1558446268499
Theta
0.548226
t_GA - R_GA * R_AB * t_BA
0 0 0
t_wo + cam_pos
1.03862 0.587009 0
Time
1558446268549
Theta
0.548226
t_GA - R_GA * R_AB * t_BA
0 0 0
t_wo + cam_pos
1.03862 0.587009 0
Time
1558446268599
Theta
0.548226
t_GA - R_GA * R_AB * t_BA
0 0 0
t_wo + cam_pos
1.03862 0.587009 0
Time
1558446268650
Theta
0.548226
t_GA - R_GA * R_AB * t_BA
0 0 0
t_wo + cam_pos
1.03862 0.587009 0
Time
1558446268700
Theta
0.548226
t_GA - R_GA * R_AB * t_BA
0 0 0
t_wo + cam_pos
1.03862 0.587009 0
Time
1558446268750
Theta
0.548226
t_GA - R_GA * R_AB * t_BA
0 0 0
t_wo + cam_pos
1.03862 0.587009 0
Time
1558446268801
Theta
0.548226
t_GA - R_GA * R_AB * t_BA
0 0 0
t_wo + cam_pos
1.03862 0.587009 0
Time
1558446268851
Theta
0.548226
t_GA - R_GA * R_AB * t_BA
0 0 0
t_wo + cam_pos
1.03862 0.587009 0
Time
1558446268902
Theta
0.548226
t_GA - R_GA * R_AB * t_BA
0 0 0
t_wo + cam_pos
1.03862 0.587009 0
Time
1558446268952
Theta
0.548226
t_GA - R_GA * R_AB * t_BA
0 0 0
t_wo + cam_pos
1.03862 0.587009 0
Time
1558446269002
Theta
0.548226
t_GA - R_GA * R_AB * t_BA
0 0 0
t_wo + cam_pos
1.03862 0.587009 0
Time
1558446269053
Theta
0.548226
t_GA - R_GA * R_AB * t_BA
0 0 0
t_wo + cam_pos
1.03862 0.587009 0
Time
1558446269103
Theta
0.548226
t_GA - R_GA * R_AB * t_BA
0 0 0
t_wo + cam_pos
1.03862 0.587009 0
Time
1558446269153
Theta
0.548226
t_GA - R_GA * R_AB * t_BA
0 0 0
t_wo + cam_pos
1.03862 0.587009 0
Time
1558446269204
Theta
0.548226
t_GA - R_GA * R_AB * t_BA
0 0 0
t_wo + cam_pos
1.03862 0.587009 0
Time
1558446269254
Theta
0.548226
t_GA - R_GA * R_AB * t_BA
0 0 0
t_wo + cam_pos
1.03862 0.587009 0
Time
1558446269305
Theta
0.548226
t_GA - R_GA * R_AB * t_BA
0 0 0
t_wo + cam_pos
1.03862 0.587009 0
Time
1558446269355
Theta
0.548226
t_GA - R_GA * R_AB * t_BA
0 0 0
t_wo + cam_pos
1.03862 0.587009 0
Time
1558446269405
Theta
0.548226
t_GA - R_GA * R_AB * t_BA
0 0 0
t_wo + cam_pos
1.03862 0.587009 0
Time
1558446269456
Theta
0.548226
t_GA - R_GA * R_AB * t_BA
0 0 0
t_wo + cam_pos
1.03862 0.587009 0
Time
1558446269506
Theta
0.548226
t_GA - R_GA * R_AB * t_BA
0 0 0
t_wo + cam_pos
1.03862 0.587009 0
Time
1558446269556
Theta
0.548226
t_GA - R_GA * R_AB * t_BA
0 0 0
t_wo + cam_pos
1.03862 0.587009 0
Time
1558446269607
Theta
0.548226
t_GA - R_GA * R_AB * t_BA
0 0 0
t_wo + cam_pos
1.03862 0.587009 0
Time
1558446269657
Theta
0.548226
t_GA - R_GA * R_AB * t_BA
0 0 0
t_wo + cam_pos
1.03862 0.587009 0
Time
1558446269707
Theta
0.548226
t_GA - R_GA * R_AB * t_BA
0 0 0
t_wo + cam_pos
1.03862 0.587009 0
Time
1558446269758
Theta
0.548226
t_GA - R_GA * R_AB * t_BA
0 0 0
t_wo + cam_pos
1.03862 0.587009 0
Time
1558446269808
Theta
0.548226
t_GA - R_GA * R_AB * t_BA
0 0 0
t_wo + cam_pos
1.03862 0.587009 0
Time
1558446269859
Theta
0.548226
t_GA - R_GA * R_AB * t_BA
0 0 0
t_wo + cam_pos
1.03862 0.587009 0
Time
1558446269909
Theta
0.548226
t_GA - R_GA * R_AB * t_BA
0 0 0
t_wo + cam_pos
1.03862 0.587009 0
Time
1558446269959
Theta
0.548226
t_GA - R_GA * R_AB * t_BA
0 0 0
t_wo + cam_pos
1.03862 0.587009 0
Time
1558446270010
Theta
0.548226
t_GA - R_GA * R_AB * t_BA
0 0 0
t_wo + cam_pos
1.03862 0.587009 0
Time
1558446270060
Theta
0.548226
t_GA - R_GA * R_AB * t_BA
0 0 0
t_wo + cam_pos
1.03862 0.587009 0
Time
1558446270111
Theta
0.548226
t_GA - R_GA * R_AB * t_BA
0 0 0
t_wo + cam_pos
1.03862 0.587009 0
Time
1558446270161
Theta
0.548226
t_GA - R_GA * R_AB * t_BA
0 0 0
t_wo + cam_pos
1.03862 0.587009 0
Time
1558446270211
Theta
0.548226
t_GA - R_GA * R_AB * t_BA
0 0 0
t_wo + cam_pos
1.03862 0.587009 0
Time
1558446270262
Theta
0.548226
t_GA - R_GA * R_AB * t_BA
0 0 0
t_wo + cam_pos
1.03862 0.587009 0
Time
1558446270312
Theta
0.548226
t_GA - R_GA * R_AB * t_BA
0 0 0
t_wo + cam_pos
1.03862 0.587009 0
Time
1558446270362
Theta
0.548226
t_GA - R_GA * R_AB * t_BA
0 0 0
t_wo + cam_pos
1.03862 0.587009 0
Time
1558446270413
Theta
0.548226
t_GA - R_GA * R_AB * t_BA
0 0 0
t_wo + cam_pos
1.03862 0.587009 0
Time
1558446270463
Theta
0.548226
t_GA - R_GA * R_AB * t_BA
0 0 0
t_wo + cam_pos
1.03862 0.587009 0
Time
1558446270514
Theta
0.548226
t_GA - R_GA * R_AB * t_BA
0 0 0
t_wo + cam_pos
1.03862 0.587009 0
Time
1558446270564
Theta
0.548226
t_GA - R_GA * R_AB * t_BA
0 0 0
t_wo + cam_pos
1.03862 0.587009 0
Time
1558446270614
Theta
0.548226
t_GA - R_GA * R_AB * t_BA
0 0 0
t_wo + cam_pos
1.03862 0.587009 0
Time
1558446270665
Theta
0.548226
t_GA - R_GA * R_AB * t_BA
0 0 0
t_wo + cam_pos
1.03862 0.587009 0
Time
1558446270715
Theta
0.548226
t_GA - R_GA * R_AB * t_BA
0 0 0
t_wo + cam_pos
1.03862 0.587009 0
Time
1558446270766
Theta
0.548226
t_GA - R_GA * R_AB * t_BA
0 0 0
t_wo + cam_pos
1.03862 0.587009 0
Time
1558446270816
Theta
0.548226
t_GA - R_GA * R_AB * t_BA
0 0 0
t_wo + cam_pos
1.03862 0.587009 0
Time
1558446270866
Theta
0.548226
t_GA - R_GA * R_AB * t_BA
0 0 0
t_wo + cam_pos
1.03862 0.587009 0
Time
1558446270917
Theta
0.548226
t_GA - R_GA * R_AB * t_BA
0 0 0
t_wo + cam_pos
1.03862 0.587009 0
Time
1558446270967
Theta
0.548226
t_GA - R_GA * R_AB * t_BA
0 0 0
t_wo + cam_pos
1.03862 0.587009 0
Time
1558446271017
Theta
0.548226
t_GA - R_GA * R_AB * t_BA
0 0 0
t_wo + cam_pos
1.03862 0.587009 0
Time
1558446271068
Theta
0.548226
t_GA - R_GA * R_AB * t_BA
0 0 0
t_wo + cam_pos
1.03862 0.587009 0
Time
1558446271118
Theta
0.548226
t_GA - R_GA * R_AB * t_BA
0 0 0
t_wo + cam_pos
1.03862 0.587009 0
Time
1558446271169
Theta
0.548226
t_GA - R_GA * R_AB * t_BA
0 0 0
t_wo + cam_pos
1.03862 0.587009 0
Time
1558446271219
Theta
0.548226
t_GA - R_GA * R_AB * t_BA
0 0 0
t_wo + cam_pos
1.03862 0.587009 0
Time
1558446271269
Theta
0.548226
t_GA - R_GA * R_AB * t_BA
0 0 0
t_wo + cam_pos
1.03862 0.587009 0
Time
1558446271320
Theta
0.548226
t_GA - R_GA * R_AB * t_BA
0 0 0
t_wo + cam_pos
1.03862 0.587009 0
Time
1558446271370
Theta
0.548226
t_GA - R_GA * R_AB * t_BA
0 0 0
t_wo + cam_pos
1.03862 0.587009 0
Time
1558446271420
Theta
0.548226
t_GA - R_GA * R_AB * t_BA
0 0 0
t_wo + cam_pos
1.03862 0.587009 0
Time
1558446271471
Theta
0.548226
t_GA - R_GA * R_AB * t_BA
0 0 0
t_wo + cam_pos
1.03862 0.587009 0
Time
1558446271521
Theta
0.548226
t_GA - R_GA * R_AB * t_BA
0 0 0
t_wo + cam_pos
1.03862 0.587009 0
Time
1558446271571
Theta
0.548226
t_GA - R_GA * R_AB * t_BA
0 0 0
t_wo + cam_pos
1.03862 0.587009 0
Time
1558446271622
Theta
0.548226
t_GA - R_GA * R_AB * t_BA
0 0 0
t_wo + cam_pos
1.03862 0.587009 0
Time
1558446271672
Theta
0.548226
t_GA - R_GA * R_AB * t_BA
0 0 0
t_wo + cam_pos
1.03862 0.587009 0
Time
1558446271723
Theta
0.548226
t_GA - R_GA * R_AB * t_BA
0 0 0
t_wo + cam_pos
1.03862 0.587009 0
Time
1558446271773
Theta
0.548226
t_GA - R_GA * R_AB * t_BA
0 0 0
t_wo + cam_pos
1.03862 0.587009 0
Time
1558446271823
Theta
0.548226
t_GA - R_GA * R_AB * t_BA
0 0 0
t_wo + cam_pos
1.03862 0.587009 0
Time
1558446271874
Theta
0.548226
t_GA - R_GA * R_AB * t_BA
0 0 0
t_wo + cam_pos
1.03862 0.587009 0
Time
1558446271924
Theta
0.548226
t_GA - R_GA * R_AB * t_BA
0 0 0
t_wo + cam_pos
1.03862 0.587009 0
Time
1558446271974
Theta
0.548226
t_GA - R_GA * R_AB * t_BA
0 0 0
t_wo + cam_pos
1.03862 0.587009 0
Time
1558446272025
Theta
0.548226
t_GA - R_GA * R_AB * t_BA
0 0 0
t_wo + cam_pos
1.03862 0.587009 0
Time
1558446272075
Theta
0.548226
t_GA - R_GA * R_AB * t_BA
0 0 0
t_wo + cam_pos
1.03862 0.587009 0
Time
1558446272125
Theta
0.548226
t_GA - R_GA * R_AB * t_BA
0 0 0
t_wo + cam_pos
1.03862 0.587009 0
Time
1558446272176
Theta
0.548226
t_GA - R_GA * R_AB * t_BA
0 0 0
t_wo + cam_pos
1.03862 0.587009 0
Time
1558446272226
Theta
0.548226
t_GA - R_GA * R_AB * t_BA
0 0 0
t_wo + cam_pos
1.03862 0.587009 0
Time
1558446272276
Theta
0.548226
t_GA - R_GA * R_AB * t_BA
0 0 0
t_wo + cam_pos
1.03862 0.587009 0
Time
1558446272327
Theta
0.548226
t_GA - R_GA * R_AB * t_BA
0 0 0
t_wo + cam_pos
1.03862 0.587009 0
Time
1558446272377
Theta
0.548226
t_GA - R_GA * R_AB * t_BA
0 0 0
t_wo + cam_pos
1.03862 0.587009 0
Time
1558446272427
Theta
0.548226
t_GA - R_GA * R_AB * t_BA
0 0 0
t_wo + cam_pos
1.03862 0.587009 0
Time
1558446272478
Theta
0.548226
t_GA - R_GA * R_AB * t_BA
0 0 0
t_wo + cam_pos
1.03862 0.587009 0
Time
1558446272528
Theta
0.548226
t_GA - R_GA * R_AB * t_BA
0 0 0
t_wo + cam_pos
1.03862 0.587009 0
Time
1558446272578
Theta
0.548226
t_GA - R_GA * R_AB * t_BA
0 0 0
t_wo + cam_pos
1.03862 0.587009 0
Time
1558446272629
Theta
0.548226
t_GA - R_GA * R_AB * t_BA
0 0 0
t_wo + cam_pos
1.03862 0.587009 0
Time
1558446272679
Theta
0.548226
t_GA - R_GA * R_AB * t_BA
0 0 0
t_wo + cam_pos
1.03862 0.587009 0
Time
1558446272730
Theta
0.548226
t_GA - R_GA * R_AB * t_BA
0 0 0
t_wo + cam_pos
1.03862 0.587009 0
Time
1558446272780
Theta
0.548226
t_GA - R_GA * R_AB * t_BA
0 0 0
t_wo + cam_pos
1.03862 0.587009 0
Time
1558446272830
Theta
0.548226
t_GA - R_GA * R_AB * t_BA
0 0 0
t_wo + cam_pos
1.03862 0.587009 0
Time
1558446272881
Theta
0.548226
t_GA - R_GA * R_AB * t_BA
0 0 0
t_wo + cam_pos
1.03862 0.587009 0
Time
1558446272931
Theta
0.548226
t_GA - R_GA * R_AB * t_BA
0 0 0
t_wo + cam_pos
1.03862 0.587009 0
Time
1558446272981
Theta
0.548226
t_GA - R_GA * R_AB * t_BA
0 0 0
t_wo + cam_pos
1.03862 0.587009 0
Time
1558446273032
Theta
0.548226
t_GA - R_GA * R_AB * t_BA
0 0 0
t_wo + cam_pos
1.03862 0.587009 0
Time
1558446273082
Theta
0.548226
t_GA - R_GA * R_AB * t_BA
0 0 0
t_wo + cam_pos
1.03862 0.587009 0
Time
1558446273133
Theta
0.548226
t_GA - R_GA * R_AB * t_BA
0 0 0
t_wo + cam_pos
1.03862 0.587009 0
Time
1558446273183
Theta
0.548226
t_GA - R_GA * R_AB * t_BA
0 0 0
t_wo + cam_pos
1.03862 0.587009 0
Time
1558446273233
Theta
0.548226
t_GA - R_GA * R_AB * t_BA
0 0 0
t_wo + cam_pos
1.03862 0.587009 0
Time
1558446273284
Theta
0.548226
t_GA - R_GA * R_AB * t_BA
0 0 0
t_wo + cam_pos
1.03862 0.587009 0
Time
1558446273334
Theta
0.548226
t_GA - R_GA * R_AB * t_BA
0 0 0
t_wo + cam_pos
1.03862 0.587009 0
Time
1558446273384
Theta
0.548226
t_GA - R_GA * R_AB * t_BA
0 0 0
t_wo + cam_pos
1.03862 0.587009 0
Time
1558446273435
Theta
0.548226
t_GA - R_GA * R_AB * t_BA
0 0 0
t_wo + cam_pos
1.03862 0.587009 0
Time
1558446273485
Theta
0.548226
t_GA - R_GA * R_AB * t_BA
0 0 0
t_wo + cam_pos
1.03862 0.587009 0
Time
1558446273535
Theta
0.548226
t_GA - R_GA * R_AB * t_BA
0 0 0
t_wo + cam_pos
1.03862 0.587009 0
Time
1558446273586
Theta
0.548226
t_GA - R_GA * R_AB * t_BA
0 0 0
t_wo + cam_pos
1.03862 0.587009 0
Time
1558446273636
Theta
0.548226
t_GA - R_GA * R_AB * t_BA
0 0 0
t_wo + cam_pos
1.03862 0.587009 0
Time
1558446273686
Theta
0.548226
t_GA - R_GA * R_AB * t_BA
0 0 0
t_wo + cam_pos
1.03862 0.587009 0
Time
1558446273737
Theta
0.548226
t_GA - R_GA * R_AB * t_BA
0 0 0
t_wo + cam_pos
1.03862 0.587009 0
Time
1558446273787
Theta
0.548226
t_GA - R_GA * R_AB * t_BA
0 0 0
t_wo + cam_pos
1.03862 0.587009 0
Time
1558446273838
Theta
0.548226
t_GA - R_GA * R_AB * t_BA
0 0 0
t_wo + cam_pos
1.03862 0.587009 0
Time
1558446273888
Theta
0.548226
t_GA - R_GA * R_AB * t_BA
0 0 0
t_wo + cam_pos
1.03862 0.587009 0
Time
1558446273939
Theta
0.548226
t_GA - R_GA * R_AB * t_BA
0 0 0
t_wo + cam_pos
1.03862 0.587009 0
Time
1558446273989
Theta
0.548226
t_GA - R_GA * R_AB * t_BA
0 0 0
t_wo + cam_pos
1.03862 0.587009 0
Time
1558446274039
Theta
0.548226
t_GA - R_GA * R_AB * t_BA
0 0 0
t_wo + cam_pos
1.03862 0.587009 0
Time
1558446274090
Theta
0.548226
t_GA - R_GA * R_AB * t_BA
0 0 0
t_wo + cam_pos
1.03862 0.587009 0
Time
1558446274140
Theta
0.548226
t_GA - R_GA * R_AB * t_BA
0 0 0
t_wo + cam_pos
1.03862 0.587009 0
Time
1558446274191
Theta
0.548226
t_GA - R_GA * R_AB * t_BA
0 0 0
t_wo + cam_pos
1.03862 0.587009 0
Time
1558446274241
Theta
0.548226
t_GA - R_GA * R_AB * t_BA
0 0 0
t_wo + cam_pos
1.03862 0.587009 0
Time
1558446274291
Theta
0.548226
t_GA - R_GA * R_AB * t_BA
0 0 0
t_wo + cam_pos
1.03862 0.587009 0
Time
1558446274342
Theta
0.548226
t_GA - R_GA * R_AB * t_BA
0 0 0
t_wo + cam_pos
1.03862 0.587009 0
Time
1558446274392
Theta
0.548226
t_GA - R_GA * R_AB * t_BA
0 0 0
t_wo + cam_pos
1.03862 0.587009 0
Time
1558446274442
Theta
0.548226
t_GA - R_GA * R_AB * t_BA
0 0 0
t_wo + cam_pos
1.03862 0.587009 0
Time
1558446274493
Theta
0.548226
t_GA - R_GA * R_AB * t_BA
0 0 0
t_wo + cam_pos
1.03862 0.587009 0
Time
1558446274543
Theta
0.548226
t_GA - R_GA * R_AB * t_BA
0 0 0
t_wo + cam_pos
1.03862 0.587009 0
Time
1558446274593
Theta
0.548226
t_GA - R_GA * R_AB * t_BA
0 0 0
t_wo + cam_pos
1.03862 0.587009 0
Time
1558446274644
Theta
0.548226
t_GA - R_GA * R_AB * t_BA
0 0 0
t_wo + cam_pos
1.03862 0.587009 0
Time
1558446274694
Theta
0.548226
t_GA - R_GA * R_AB * t_BA
0 0 0
t_wo + cam_pos
1.03862 0.587009 0
Time
1558446274744
Theta
0.548226
t_GA - R_GA * R_AB * t_BA
0 0 0
t_wo + cam_pos
1.03862 0.587009 0
Time
1558446274795
Theta
0.548226
t_GA - R_GA * R_AB * t_BA
0 0 0
t_wo + cam_pos
1.03862 0.587009 0
Time
1558446274845
Theta
0.548226
t_GA - R_GA * R_AB * t_BA
0 0 0
t_wo + cam_pos
1.03862 0.587009 0
Time
1558446274896
Theta
0.548226
t_GA - R_GA * R_AB * t_BA
0 0 0
t_wo + cam_pos
1.03862 0.587009 0
Time
1558446274946
Theta
0.548226
t_GA - R_GA * R_AB * t_BA
0 0 0
t_wo + cam_pos
1.03862 0.587009 0
Time
1558446274996
Theta
0.548226
t_GA - R_GA * R_AB * t_BA
0 0 0
t_wo + cam_pos
1.03862 0.587009 0
Time
1558446275047
Theta
0.548226
t_GA - R_GA * R_AB * t_BA
0 0 0
t_wo + cam_pos
1.03862 0.587009 0
Time
1558446275097
Theta
0.548226
t_GA - R_GA * R_AB * t_BA
0 0 0
t_wo + cam_pos
1.03862 0.587009 0
Time
1558446275147
Theta
0.548226
t_GA - R_GA * R_AB * t_BA
0 0 0
t_wo + cam_pos
1.03862 0.587009 0
Time
1558446275198
Theta
0.548226
t_GA - R_GA * R_AB * t_BA
0 0 0
t_wo + cam_pos
1.03862 0.587009 0
Time
1558446275248
Theta
0.548226
t_GA - R_GA * R_AB * t_BA
0 0 0
t_wo + cam_pos
1.03862 0.587009 0
Time
1558446275299
Theta
0.548226
t_GA - R_GA * R_AB * t_BA
0 0 0
t_wo + cam_pos
1.03862 0.587009 0
Time
1558446275349
Theta
0.548226
t_GA - R_GA * R_AB * t_BA
0 0 0
t_wo + cam_pos
1.03862 0.587009 0
Time
1558446275399
Theta
0.548226
t_GA - R_GA * R_AB * t_BA
0 0 0
t_wo + cam_pos
1.03862 0.587009 0
Time
1558446275450
Theta
0.548226
t_GA - R_GA * R_AB * t_BA
0 0 0
t_wo + cam_pos
1.03862 0.587009 0
Time
1558446275500
Theta
0.548226
t_GA - R_GA * R_AB * t_BA
0 0 0
t_wo + cam_pos
1.03862 0.587009 0
Time
1558446275550
Theta
0.548226
t_GA - R_GA * R_AB * t_BA
0 0 0
t_wo + cam_pos
1.03862 0.587009 0
Time
1558446275601
Theta
0.548226
t_GA - R_GA * R_AB * t_BA
0 0 0
t_wo + cam_pos
1.03862 0.587009 0
Time
1558446275651
Theta
0.548226
t_GA - R_GA * R_AB * t_BA
0 0 0
t_wo + cam_pos
1.03862 0.587009 0
Time
1558446275702
Theta
0.548226
t_GA - R_GA * R_AB * t_BA
0 0 0
t_wo + cam_pos
1.03862 0.587009 0
Time
1558446275752
Theta
0.548226
t_GA - R_GA * R_AB * t_BA
0 0 0
t_wo + cam_pos
1.03862 0.587009 0
Time
1558446275802
Theta
0.548226
t_GA - R_GA * R_AB * t_BA
0 0 0
t_wo + cam_pos
1.03862 0.587009 0
Time
1558446275853
Theta
0.548226
t_GA - R_GA * R_AB * t_BA
0 0 0
t_wo + cam_pos
1.03862 0.587009 0
Time
1558446275903
Theta
0.548226
t_GA - R_GA * R_AB * t_BA
0 0 0
t_wo + cam_pos
1.03862 0.587009 0
Time
1558446275953
Theta
0.548226
t_GA - R_GA * R_AB * t_BA
0 0 0
t_wo + cam_pos
1.03862 0.587009 0
Time
1558446276004
Theta
0.548226
t_GA - R_GA * R_AB * t_BA
0 0 0
t_wo + cam_pos
1.03862 0.587009 0
Time
1558446276054
Theta
0.548226
t_GA - R_GA * R_AB * t_BA
0 0 0
t_wo + cam_pos
1.03862 0.587009 0
Time
1558446276105
Theta
0.548226
t_GA - R_GA * R_AB * t_BA
0 0 0
t_wo + cam_pos
1.03862 0.587009 0
Time
1558446276155
Theta
0.548226
t_GA - R_GA * R_AB * t_BA
0 0 0
t_wo + cam_pos
1.03862 0.587009 0
Time
1558446276205
Theta
0.548226
t_GA - R_GA * R_AB * t_BA
0 0 0
t_wo + cam_pos
1.03862 0.587009 0
Time
1558446276256
Theta
0.548226
t_GA - R_GA * R_AB * t_BA
0 0 0
t_wo + cam_pos
1.03862 0.587009 0
Time
1558446276306
Theta
0.548226
t_GA - R_GA * R_AB * t_BA
0 0 0
t_wo + cam_pos
1.03862 0.587009 0
Time
1558446276356
Theta
0.548226
t_GA - R_GA * R_AB * t_BA
0 0 0
t_wo + cam_pos
1.03862 0.587009 0
Time
1558446276407
Theta
0.548226
t_GA - R_GA * R_AB * t_BA
0 0 0
t_wo + cam_pos
1.03862 0.587009 0
Time
1558446276457
Theta
0.548226
t_GA - R_GA * R_AB * t_BA
0 0 0
t_wo + cam_pos
1.03862 0.587009 0
Time
1558446276507
Theta
0.548226
t_GA - R_GA * R_AB * t_BA
0 0 0
t_wo + cam_pos
1.03862 0.587009 0
Time
1558446276558
Theta
0.548226
t_GA - R_GA * R_AB * t_BA
0 0 0
t_wo + cam_pos
1.03862 0.587009 0
Time
1558446276608
Theta
0.548226
t_GA - R_GA * R_AB * t_BA
0 0 0
t_wo + cam_pos
1.03862 0.587009 0
Time
1558446276659
Theta
0.548226
t_GA - R_GA * R_AB * t_BA
0 0 0
t_wo + cam_pos
1.03862 0.587009 0
Time
1558446276709
Theta
0.548226
t_GA - R_GA * R_AB * t_BA
0 0 0
t_wo + cam_pos
1.03862 0.587009 0
Time
1558446276759
Theta
0.548226
t_GA - R_GA * R_AB * t_BA
0 0 0
t_wo + cam_pos
1.03862 0.587009 0
Time
1558446276810
Theta
0.548226
t_GA - R_GA * R_AB * t_BA
0 0 0
t_wo + cam_pos
1.03862 0.587009 0
Time
1558446276860
Theta
0.548226
t_GA - R_GA * R_AB * t_BA
0 0 0
t_wo + cam_pos
1.03862 0.587009 0
Time
1558446276910
Theta
0.548226
t_GA - R_GA * R_AB * t_BA
0 0 0
t_wo + cam_pos
1.03862 0.587009 0
Time
1558446276961
Theta
0.548226
t_GA - R_GA * R_AB * t_BA
0 0 0
t_wo + cam_pos
1.03862 0.587009 0
Time
1558446277011
Theta
0.548226
t_GA - R_GA * R_AB * t_BA
0 0 0
t_wo + cam_pos
1.03862 0.587009 0
Time
1558446277061
Theta
0.548226
t_GA - R_GA * R_AB * t_BA
0 0 0
t_wo + cam_pos
1.03862 0.587009 0
Time
1558446277112
Theta
0.548226
t_GA - R_GA * R_AB * t_BA
0 0 0
t_wo + cam_pos
1.03862 0.587009 0
Time
1558446277162
Theta
0.548226
t_GA - R_GA * R_AB * t_BA
0 0 0
t_wo + cam_pos
1.03862 0.587009 0
Time
1558446277212
Theta
0.548226
t_GA - R_GA * R_AB * t_BA
0 0 0
t_wo + cam_pos
1.03862 0.587009 0
Time
1558446277263
Theta
0.548226
t_GA - R_GA * R_AB * t_BA
0 0 0
t_wo + cam_pos
1.03862 0.587009 0
Time
1558446277313
Theta
0.548226
t_GA - R_GA * R_AB * t_BA
0 0 0
t_wo + cam_pos
1.03862 0.587009 0
Time
1558446277364
Theta
0.548226
t_GA - R_GA * R_AB * t_BA
0 0 0
t_wo + cam_pos
1.03862 0.587009 0
Time
1558446277414
Theta
0.548226
t_GA - R_GA * R_AB * t_BA
0 0 0
t_wo + cam_pos
1.03862 0.587009 0
Time
1558446277464
Theta
0.548226
t_GA - R_GA * R_AB * t_BA
0 0 0
t_wo + cam_pos
1.03862 0.587009 0
Time
1558446277515
Theta
0.548226
t_GA - R_GA * R_AB * t_BA
0 0 0
t_wo + cam_pos
1.03862 0.587009 0
Time
1558446277565
Theta
0.548226
t_GA - R_GA * R_AB * t_BA
0 0 0
t_wo + cam_pos
1.03862 0.587009 0
Time
1558446277615
Theta
0.548226
t_GA - R_GA * R_AB * t_BA
0 0 0
t_wo + cam_pos
1.03862 0.587009 0
Time
1558446277666
Theta
0.548226
t_GA - R_GA * R_AB * t_BA
0 0 0
t_wo + cam_pos
1.03862 0.587009 0
Time
1558446277716
Theta
0.548226
t_GA - R_GA * R_AB * t_BA
0 0 0
t_wo + cam_pos
1.03862 0.587009 0
Time
1558446277767
Theta
0.548226
t_GA - R_GA * R_AB * t_BA
0 0 0
t_wo + cam_pos
1.03862 0.587009 0
Time
1558446277817
Theta
0.548226
t_GA - R_GA * R_AB * t_BA
0 0 0
t_wo + cam_pos
1.03862 0.587009 0
Time
1558446277867
Theta
0.548226
t_GA - R_GA * R_AB * t_BA
0 0 0
t_wo + cam_pos
1.03862 0.587009 0
Time
1558446277918
Theta
0.548226
t_GA - R_GA * R_AB * t_BA
0 0 0
t_wo + cam_pos
1.03862 0.587009 0
Time
1558446277968
Theta
0.548226
t_GA - R_GA * R_AB * t_BA
0 0 0
t_wo + cam_pos
1.03862 0.587009 0
Time
1558446278018
Theta
0.548226
t_GA - R_GA * R_AB * t_BA
0 0 0
t_wo + cam_pos
1.03862 0.587009 0
Time
1558446278069
Theta
0.548226
t_GA - R_GA * R_AB * t_BA
0 0 0
t_wo + cam_pos
1.03862 0.587009 0
Time
1558446278119
Theta
0.548226
t_GA - R_GA * R_AB * t_BA
0 0 0
t_wo + cam_pos
1.03862 0.587009 0
Time
1558446278170
Theta
0.548226
t_GA - R_GA * R_AB * t_BA
0 0 0
t_wo + cam_pos
1.03862 0.587009 0
Time
1558446278220
Theta
0.548226
t_GA - R_GA * R_AB * t_BA
0 0 0
t_wo + cam_pos
1.03862 0.587009 0
Time
1558446278270
Theta
0.548226
t_GA - R_GA * R_AB * t_BA
0 0 0
t_wo + cam_pos
1.03862 0.587009 0
Time
1558446278321
Theta
0.548226
t_GA - R_GA * R_AB * t_BA
0 0 0
t_wo + cam_pos
1.03862 0.587009 0
Time
1558446278371
Theta
0.548226
t_GA - R_GA * R_AB * t_BA
0 0 0
t_wo + cam_pos
1.03862 0.587009 0
Time
1558446278421
Theta
0.548226
t_GA - R_GA * R_AB * t_BA
0 0 0
t_wo + cam_pos
1.03862 0.587009 0
Time
1558446278472
Theta
0.548226
t_GA - R_GA * R_AB * t_BA
0 0 0
t_wo + cam_pos
1.03862 0.587009 0
Time
1558446278522
Theta
0.548226
t_GA - R_GA * R_AB * t_BA
0 0 0
t_wo + cam_pos
1.03862 0.587009 0
Time
1558446278572
Theta
0.548226
t_GA - R_GA * R_AB * t_BA
0 0 0
t_wo + cam_pos
1.03862 0.587009 0
Time
1558446278623
Theta
0.548226
t_GA - R_GA * R_AB * t_BA
0 0 0
t_wo + cam_pos
1.03862 0.587009 0
Time
1558446278673
Theta
0.548226
t_GA - R_GA * R_AB * t_BA
0 0 0
t_wo + cam_pos
1.03862 0.587009 0
Time
1558446278723
Theta
0.548226
t_GA - R_GA * R_AB * t_BA
0 0 0
t_wo + cam_pos
1.03862 0.587009 0
Time
1558446278774
Theta
0.548226
t_GA - R_GA * R_AB * t_BA
0 0 0
t_wo + cam_pos
1.03862 0.587009 0
Time
1558446278824
Theta
0.548226
t_GA - R_GA * R_AB * t_BA
0 0 0
t_wo + cam_pos
1.03862 0.587009 0
Time
1558446278875
Theta
0.548226
t_GA - R_GA * R_AB * t_BA
0 0 0
t_wo + cam_pos
1.03862 0.587009 0
Time
1558446278925
Theta
0.548226
t_GA - R_GA * R_AB * t_BA
0 0 0
t_wo + cam_pos
1.03862 0.587009 0
Time
1558446278975
Theta
0.548226
t_GA - R_GA * R_AB * t_BA
0 0 0
t_wo + cam_pos
1.03862 0.587009 0
Time
1558446279026
Theta
0.548226
t_GA - R_GA * R_AB * t_BA
0 0 0
t_wo + cam_pos
1.03862 0.587009 0
Time
1558446279076
Theta
0.548226
t_GA - R_GA * R_AB * t_BA
0 0 0
t_wo + cam_pos
1.03862 0.587009 0
Time
1558446279126
Theta
0.548226
t_GA - R_GA * R_AB * t_BA
0 0 0
t_wo + cam_pos
1.03862 0.587009 0
Time
1558446279177
Theta
0.548226
t_GA - R_GA * R_AB * t_BA
0 0 0
t_wo + cam_pos
1.03862 0.587009 0
Time
1558446279227
Theta
0.548226
t_GA - R_GA * R_AB * t_BA
0 0 0
t_wo + cam_pos
1.03862 0.587009 0
Time
1558446279277
Theta
0.548226
t_GA - R_GA * R_AB * t_BA
0 0 0
t_wo + cam_pos
1.03862 0.587009 0
Time
1558446279328
Theta
0.548226
t_GA - R_GA * R_AB * t_BA
0 0 0
t_wo + cam_pos
1.03862 0.587009 0
Time
1558446279378
Theta
0.548226
t_GA - R_GA * R_AB * t_BA
0 0 0
t_wo + cam_pos
1.03862 0.587009 0
Time
1558446279428
Theta
0.548226
t_GA - R_GA * R_AB * t_BA
0 0 0
t_wo + cam_pos
1.03862 0.587009 0
Time
1558446279479
Theta
0.548226
t_GA - R_GA * R_AB * t_BA
0 0 0
t_wo + cam_pos
1.03862 0.587009 0
Time
1558446279529
Theta
0.548226
t_GA - R_GA * R_AB * t_BA
0 0 0
t_wo + cam_pos
1.03862 0.587009 0
Time
1558446279579
Theta
0.548226
t_GA - R_GA * R_AB * t_BA
0 0 0
t_wo + cam_pos
1.03862 0.587009 0
Time
1558446279630
Theta
0.548226
t_GA - R_GA * R_AB * t_BA
0 0 0
t_wo + cam_pos
1.03862 0.587009 0
Time
1558446279680
Theta
0.548226
t_GA - R_GA * R_AB * t_BA
0 0 0
t_wo + cam_pos
1.03862 0.587009 0
Time
1558446279730
Theta
0.548226
t_GA - R_GA * R_AB * t_BA
0 0 0
t_wo + cam_pos
0.984343 0.886563 0
Time
1558446279781
Theta
0.822339
t_GA - R_GA * R_AB * t_BA
0 0 0
t_wo + cam_pos
0.984343 0.886563 0
Time
1558446279831
Theta
0.822339
t_GA - R_GA * R_AB * t_BA
0 0 0
t_wo + cam_pos
0.851 1.16024 0
Time
1558446279881
Theta
1.09645
t_GA - R_GA * R_AB * t_BA
0 0 0
t_wo + cam_pos
0.851 1.16024 0
Time
1558446279932
Theta
1.09645
t_GA - R_GA * R_AB * t_BA
0 0 0
t_wo + cam_pos
0.851 1.16024 0
Time
1558446279982
Theta
1.09645
t_GA - R_GA * R_AB * t_BA
0 0 0
t_wo + cam_pos
0.851 1.16024 0
Time
1558446280033
Theta
1.09645
t_GA - R_GA * R_AB * t_BA
0 0 0
t_wo + cam_pos
0.851 1.16024 0
Time
1558446280083
Theta
1.09645
t_GA - R_GA * R_AB * t_BA
0 0 0
t_wo + cam_pos
0.851 1.16024 0
Time
1558446280133
Theta
1.09645
t_GA - R_GA * R_AB * t_BA
0 0 0
t_wo + cam_pos
0.851 1.16024 0
Time
1558446280184
Theta
1.09645
t_GA - R_GA * R_AB * t_BA
0 0 0
t_wo + cam_pos
0.851 1.16024 0
Time
1558446280234
Theta
1.09645
t_GA - R_GA * R_AB * t_BA
0 0 0
t_wo + cam_pos
0.851 1.16024 0
Time
1558446280284
Theta
1.09645
t_GA - R_GA * R_AB * t_BA
0 0 0
t_wo + cam_pos
0.851 1.16024 0
Time
1558446280335
Theta
1.09645
t_GA - R_GA * R_AB * t_BA
0 0 0
t_wo + cam_pos
0.851 1.16024 0
Time
1558446280385
Theta
1.09645
t_GA - R_GA * R_AB * t_BA
0 0 0
t_wo + cam_pos
0.851 1.16024 0
Time
1558446280435
Theta
1.09645
t_GA - R_GA * R_AB * t_BA
0 0 0
t_wo + cam_pos
0.851 1.16024 0
Time
1558446280486
Theta
1.09645
t_GA - R_GA * R_AB * t_BA
0 0 0
t_wo + cam_pos
0.851 1.16024 0
Time
1558446280536
Theta
1.09645
t_GA - R_GA * R_AB * t_BA
0 0 0
t_wo + cam_pos
0.851 1.16024 0
Time
1558446280586
Theta
1.09645
t_GA - R_GA * R_AB * t_BA
0 0 0
t_wo + cam_pos
0.851 1.16024 0
Time
1558446280637
Theta
1.09645
t_GA - R_GA * R_AB * t_BA
0 0 0
t_wo + cam_pos
0.851 1.16024 0
Time
1558446280687
Theta
1.09645
t_GA - R_GA * R_AB * t_BA
0 0 0
t_wo + cam_pos
0.851 1.16024 0
Time
1558446280737
Theta
1.09645
t_GA - R_GA * R_AB * t_BA
0 0 0
t_wo + cam_pos
0.851 1.16024 0
Time
1558446280788
Theta
1.09645
t_GA - R_GA * R_AB * t_BA
0 0 0
t_wo + cam_pos
0.851 1.16024 0
Time
1558446280838
Theta
1.09645
t_GA - R_GA * R_AB * t_BA
0 0 0
t_wo + cam_pos
0.851 1.16024 0
Time
1558446280888
Theta
1.09645
t_GA - R_GA * R_AB * t_BA
0 0 0
t_wo + cam_pos
0.851 1.16024 0
Time
1558446280939
Theta
1.09645
t_GA - R_GA * R_AB * t_BA
0 0 0
t_wo + cam_pos
0.851 1.16024 0
Time
1558446280989
Theta
1.09645
t_GA - R_GA * R_AB * t_BA
0 0 0
t_wo + cam_pos
0.851 1.16024 0
Time
1558446281040
Theta
1.09645
t_GA - R_GA * R_AB * t_BA
0 0 0
t_wo + cam_pos
0.851 1.16024 0
Time
1558446281090
Theta
1.09645
t_GA - R_GA * R_AB * t_BA
0 0 0
t_wo + cam_pos
0.851 1.16024 0
Time
1558446281140
Theta
1.09645
t_GA - R_GA * R_AB * t_BA
0 0 0
t_wo + cam_pos
0.851 1.16024 0
Time
1558446281191
Theta
1.09645
t_GA - R_GA * R_AB * t_BA
0 0 0
t_wo + cam_pos
0.851 1.16024 0
Time
1558446281241
Theta
1.09645
t_GA - R_GA * R_AB * t_BA
0 0 0
t_wo + cam_pos
0.851 1.16024 0
Time
1558446281291
Theta
1.09645
t_GA - R_GA * R_AB * t_BA
0 0 0
t_wo + cam_pos
0.851 1.16024 0
Time
1558446281342
Theta
1.09645
t_GA - R_GA * R_AB * t_BA
0 0 0
t_wo + cam_pos
0.851 1.16024 0
Time
1558446281392
Theta
1.09645
t_GA - R_GA * R_AB * t_BA
0 0 0
t_wo + cam_pos
0.851 1.16024 0
Time
1558446281442
Theta
1.09645
t_GA - R_GA * R_AB * t_BA
0 0 0
t_wo + cam_pos
0.851 1.16024 0
Time
1558446281493
Theta
1.09645
t_GA - R_GA * R_AB * t_BA
0 0 0
t_wo + cam_pos
0.851 1.16024 0
Time
1558446281543
Theta
1.09645
t_GA - R_GA * R_AB * t_BA
0 0 0
t_wo + cam_pos
0.851 1.16024 0
Time
1558446281593
Theta
1.09645
t_GA - R_GA * R_AB * t_BA
0 0 0
t_wo + cam_pos
0.851 1.16024 0
Time
1558446281644
Theta
1.09645
t_GA - R_GA * R_AB * t_BA
0 0 0
t_wo + cam_pos
0.851 1.16024 0
Time
1558446281694
Theta
1.09645
t_GA - R_GA * R_AB * t_BA
0 0 0
t_wo + cam_pos
0.851 1.16024 0
Time
1558446281744
Theta
1.09645
t_GA - R_GA * R_AB * t_BA
0 0 0
t_wo + cam_pos
0.851 1.16024 0
Time
1558446281795
Theta
1.09645
t_GA - R_GA * R_AB * t_BA
0 0 0
t_wo + cam_pos
0.851 1.16024 0
Time
1558446281845
Theta
1.09645
t_GA - R_GA * R_AB * t_BA
0 0 0
t_wo + cam_pos
0.851 1.16024 0
Time
1558446281895
Theta
1.09645
t_GA - R_GA * R_AB * t_BA
0 0 0
t_wo + cam_pos
0.851 1.16024 0
Time
1558446281946
Theta
1.09645
t_GA - R_GA * R_AB * t_BA
0 0 0
t_wo + cam_pos
0.851 1.16024 0
Time
1558446281996
Theta
1.09645
t_GA - R_GA * R_AB * t_BA
0 0 0
t_wo + cam_pos
0.851 1.16024 0
Time
1558446282047
Theta
1.09645
t_GA - R_GA * R_AB * t_BA
0 0 0
t_wo + cam_pos
0.851 1.16024 0
Time
1558446282097
Theta
1.09645
t_GA - R_GA * R_AB * t_BA
0 0 0
t_wo + cam_pos
0.851 1.16024 0
Time
1558446282147
Theta
1.09645
t_GA - R_GA * R_AB * t_BA
0 0 0
t_wo + cam_pos
0.851 1.16024 0
Time
1558446282198
Theta
1.09645
t_GA - R_GA * R_AB * t_BA
0 0 0
t_wo + cam_pos
0.851 1.16024 0
Time
1558446282248
Theta
1.09645
t_GA - R_GA * R_AB * t_BA
0 0 0
t_wo + cam_pos
0.851 1.16024 0
Time
1558446282298
Theta
1.09645
t_GA - R_GA * R_AB * t_BA
0 0 0
t_wo + cam_pos
0.851 1.16024 0
Time
1558446282349
Theta
1.09645
t_GA - R_GA * R_AB * t_BA
0 0 0
t_wo + cam_pos
0.851 1.16024 0
Time
1558446282399
Theta
1.09645
t_GA - R_GA * R_AB * t_BA
0 0 0
t_wo + cam_pos
0.851 1.16024 0
Time
1558446282449
Theta
1.09645
t_GA - R_GA * R_AB * t_BA
0 0 0
t_wo + cam_pos
0.851 1.16024 0
Time
1558446282500
Theta
1.09645
t_GA - R_GA * R_AB * t_BA
0 0 0
t_wo + cam_pos
0.851 1.16024 0
Time
1558446282550
Theta
1.09645
t_GA - R_GA * R_AB * t_BA
0 0 0
t_wo + cam_pos
0.851 1.16024 0
Time
1558446282600
Theta
1.09645
t_GA - R_GA * R_AB * t_BA
0 0 0
t_wo + cam_pos
0.851 1.16024 0
Time
1558446282651
Theta
1.09645
t_GA - R_GA * R_AB * t_BA
0 0 0
t_wo + cam_pos
0.851 1.16024 0
Time
1558446282701
Theta
1.09645
t_GA - R_GA * R_AB * t_BA
0 0 0
t_wo + cam_pos
0.851 1.16024 0
Time
1558446282752
Theta
1.09645
t_GA - R_GA * R_AB * t_BA
0 0 0
t_wo + cam_pos
0.851 1.16024 0
Time
1558446282802
Theta
1.09645
t_GA - R_GA * R_AB * t_BA
0 0 0
t_wo + cam_pos
0.851 1.16024 0
Time
1558446282852
Theta
1.09645
t_GA - R_GA * R_AB * t_BA
0 0 0
t_wo + cam_pos
0.851 1.16024 0
Time
1558446282903
Theta
1.09645
t_GA - R_GA * R_AB * t_BA
0 0 0
t_wo + cam_pos
0.851 1.16024 0
Time
1558446282953
Theta
1.09645
t_GA - R_GA * R_AB * t_BA
0 0 0
t_wo + cam_pos
0.851 1.16024 0
Time
1558446283004
Theta
1.09645
t_GA - R_GA * R_AB * t_BA
0 0 0
t_wo + cam_pos
0.851 1.16024 0
Time
1558446283054
Theta
1.09645
t_GA - R_GA * R_AB * t_BA
0 0 0
t_wo + cam_pos
0.851 1.16024 0
Time
1558446283104
Theta
1.09645
t_GA - R_GA * R_AB * t_BA
0 0 0
t_wo + cam_pos
0.851 1.16024 0
Time
1558446283155
Theta
1.09645
t_GA - R_GA * R_AB * t_BA
0 0 0
t_wo + cam_pos
0.851 1.16024 0
Time
1558446283205
Theta
1.09645
t_GA - R_GA * R_AB * t_BA
0 0 0
t_wo + cam_pos
0.851 1.16024 0
Time
1558446283255
Theta
1.09645
t_GA - R_GA * R_AB * t_BA
0 0 0
t_wo + cam_pos
0.851 1.16024 0
Time
1558446283306
Theta
1.09645
t_GA - R_GA * R_AB * t_BA
0 0 0
t_wo + cam_pos
0.851 1.16024 0
Time
1558446283356
Theta
1.09645
t_GA - R_GA * R_AB * t_BA
0 0 0
t_wo + cam_pos
0.851 1.16024 0
Time
1558446283406
Theta
1.09645
t_GA - R_GA * R_AB * t_BA
0 0 0
t_wo + cam_pos
0.851 1.16024 0
Time
1558446283457
Theta
1.09645
t_GA - R_GA * R_AB * t_BA
0 0 0
t_wo + cam_pos
0.851 1.16024 0
Time
1558446283507
Theta
1.09645
t_GA - R_GA * R_AB * t_BA
0 0 0
t_wo + cam_pos
0.851 1.16024 0
Time
1558446283557
Theta
1.09645
t_GA - R_GA * R_AB * t_BA
0 0 0
t_wo + cam_pos
0.851 1.16024 0
Time
1558446283608
Theta
1.09645
t_GA - R_GA * R_AB * t_BA
0 0 0
t_wo + cam_pos
0.851 1.16024 0
Time
1558446283658
Theta
1.09645
t_GA - R_GA * R_AB * t_BA
0 0 0
t_wo + cam_pos
0.851 1.16024 0
Time
1558446283709
Theta
1.09645
t_GA - R_GA * R_AB * t_BA
0 0 0
t_wo + cam_pos
0.851 1.16024 0
Time
1558446283759
Theta
1.09645
t_GA - R_GA * R_AB * t_BA
0 0 0
t_wo + cam_pos
0.851 1.16024 0
Time
1558446283809
Theta
1.09645
t_GA - R_GA * R_AB * t_BA
0 0 0
t_wo + cam_pos
0.851 1.16024 0
Time
1558446283860
Theta
1.09645
t_GA - R_GA * R_AB * t_BA
0 0 0
t_wo + cam_pos
0.851 1.16024 0
Time
1558446283910
Theta
1.09645
t_GA - R_GA * R_AB * t_BA
0 0 0
t_wo + cam_pos
0.851 1.16024 0
Time
1558446283960
Theta
1.09645
t_GA - R_GA * R_AB * t_BA
0 0 0
t_wo + cam_pos
0.851 1.16024 0
Time
1558446284011
Theta
1.09645
t_GA - R_GA * R_AB * t_BA
0 0 0
t_wo + cam_pos
0.851 1.16024 0
Time
1558446284061
Theta
1.09645
t_GA - R_GA * R_AB * t_BA
0 0 0
t_wo + cam_pos
0.851 1.16024 0
Time
1558446284111
Theta
1.09645
t_GA - R_GA * R_AB * t_BA
0 0 0
t_wo + cam_pos
0.851 1.16024 0
Time
1558446284162
Theta
1.09645
t_GA - R_GA * R_AB * t_BA
0 0 0
t_wo + cam_pos
0.851 1.16024 0
Time
1558446284212
Theta
1.09645
t_GA - R_GA * R_AB * t_BA
0 0 0
t_wo + cam_pos
0.851 1.16024 0
Time
1558446284263
Theta
1.09645
t_GA - R_GA * R_AB * t_BA
0 0 0
t_wo + cam_pos
0.851 1.16024 0
Time
1558446284313
Theta
1.09645
t_GA - R_GA * R_AB * t_BA
0 0 0
t_wo + cam_pos
0.851 1.16024 0
Time
1558446284363
Theta
1.09645
t_GA - R_GA * R_AB * t_BA
0 0 0
t_wo + cam_pos
0.851 1.16024 0
Time
1558446284414
Theta
1.09645
t_GA - R_GA * R_AB * t_BA
0 0 0
t_wo + cam_pos
0.851 1.16024 0
Time
1558446284464
Theta
1.09645
t_GA - R_GA * R_AB * t_BA
0 0 0
t_wo + cam_pos
0.851 1.16024 0
Time
1558446284514
Theta
1.09645
t_GA - R_GA * R_AB * t_BA
0 0 0
t_wo + cam_pos
0.851 1.16024 0
Time
1558446284565
Theta
1.09645
t_GA - R_GA * R_AB * t_BA
0 0 0
t_wo + cam_pos
0.851 1.16024 0
Time
1558446284615
Theta
1.09645
t_GA - R_GA * R_AB * t_BA
0 0 0
t_wo + cam_pos
0.851 1.16024 0
Time
1558446284665
Theta
1.09645
t_GA - R_GA * R_AB * t_BA
0 0 0
t_wo + cam_pos
0.851 1.16024 0
Time
1558446284716
Theta
1.09645
t_GA - R_GA * R_AB * t_BA
0 0 0
t_wo + cam_pos
0.851 1.16024 0
Time
1558446284766
Theta
1.09645
t_GA - R_GA * R_AB * t_BA
0 0 0
t_wo + cam_pos
0.851 1.16024 0
Time
1558446284817
Theta
1.09645
t_GA - R_GA * R_AB * t_BA
0 0 0
t_wo + cam_pos
0.851 1.16024 0
Time
1558446284867
Theta
1.09645
t_GA - R_GA * R_AB * t_BA
0 0 0
t_wo + cam_pos
0.851 1.16024 0
Time
1558446284917
Theta
1.09645
t_GA - R_GA * R_AB * t_BA
0 0 0
t_wo + cam_pos
0.851 1.16024 0
Time
1558446284968
Theta
1.09645
t_GA - R_GA * R_AB * t_BA
0 0 0
t_wo + cam_pos
0.851 1.16024 0
Time
1558446285018
Theta
1.09645
t_GA - R_GA * R_AB * t_BA
0 0 0
t_wo + cam_pos
0.851 1.16024 0
Time
1558446285068
Theta
1.09645
t_GA - R_GA * R_AB * t_BA
0 0 0
t_wo + cam_pos
0.851 1.16024 0
Time
1558446285119
Theta
1.09645
t_GA - R_GA * R_AB * t_BA
0 0 0
t_wo + cam_pos
0.851 1.16024 0
Time
1558446285169
Theta
1.09645
t_GA - R_GA * R_AB * t_BA
0 0 0
t_wo + cam_pos
0.851 1.16024 0
Time
1558446285219
Theta
1.09645
t_GA - R_GA * R_AB * t_BA
0 0 0
t_wo + cam_pos
0.851 1.16024 0
Time
1558446285270
Theta
1.09645
t_GA - R_GA * R_AB * t_BA
0 0 0
t_wo + cam_pos
0.851 1.16024 0
Time
1558446285320
Theta
1.09645
t_GA - R_GA * R_AB * t_BA
0 0 0
t_wo + cam_pos
0.851 1.16024 0
Time
1558446285370
Theta
1.09645
t_GA - R_GA * R_AB * t_BA
0 0 0
t_wo + cam_pos
0.851 1.16024 0
Time
1558446285421
Theta
1.09645
t_GA - R_GA * R_AB * t_BA
0 0 0
t_wo + cam_pos
0.851 1.16024 0
Time
1558446285471
Theta
1.09645
t_GA - R_GA * R_AB * t_BA
0 0 0
t_wo + cam_pos
0.851 1.16024 0
Time
1558446285522
Theta
1.09645
t_GA - R_GA * R_AB * t_BA
0 0 0
t_wo + cam_pos
0.851 1.16024 0
Time
1558446285572
Theta
1.09645
t_GA - R_GA * R_AB * t_BA
0 0 0
t_wo + cam_pos
0.851 1.16024 0
Time
1558446285622
Theta
1.09645
t_GA - R_GA * R_AB * t_BA
0 0 0
t_wo + cam_pos
0.851 1.16024 0
Time
1558446285673
Theta
1.09645
t_GA - R_GA * R_AB * t_BA
0 0 0
t_wo + cam_pos
0.851 1.16024 0
Time
1558446285723
Theta
1.09645
t_GA - R_GA * R_AB * t_BA
0 0 0
t_wo + cam_pos
0.851 1.16024 0
Time
1558446285773
Theta
1.09645
t_GA - R_GA * R_AB * t_BA
0 0 0
t_wo + cam_pos
0.851 1.16024 0
Time
1558446285824
Theta
1.09645
t_GA - R_GA * R_AB * t_BA
0 0 0
t_wo + cam_pos
0.851 1.16024 0
Time
1558446285874
Theta
1.09645
t_GA - R_GA * R_AB * t_BA
0 0 0
t_wo + cam_pos
0.851 1.16024 0
Time
1558446285925
Theta
1.09645
t_GA - R_GA * R_AB * t_BA
0 0 0
t_wo + cam_pos
0.851 1.16024 0
Time
1558446285975
Theta
1.09645
t_GA - R_GA * R_AB * t_BA
0 0 0
t_wo + cam_pos
0.851 1.16024 0
Time
1558446286025
Theta
1.09645
t_GA - R_GA * R_AB * t_BA
0 0 0
t_wo + cam_pos
0.851 1.16024 0
Time
1558446286076
Theta
1.09645
t_GA - R_GA * R_AB * t_BA
0 0 0
t_wo + cam_pos
0.851 1.16024 0
Time
1558446286126
Theta
1.09645
t_GA - R_GA * R_AB * t_BA
0 0 0
t_wo + cam_pos
0.851 1.16024 0
Time
1558446286176
Theta
1.09645
t_GA - R_GA * R_AB * t_BA
0 0 0
t_wo + cam_pos
0.851 1.16024 0
Time
1558446286227
Theta
1.09645
t_GA - R_GA * R_AB * t_BA
0 0 0
t_wo + cam_pos
0.851 1.16024 0
Time
1558446286277
Theta
1.09645
t_GA - R_GA * R_AB * t_BA
0 0 0
t_wo + cam_pos
0.851 1.16024 0
Time
1558446286328
Theta
1.09645
t_GA - R_GA * R_AB * t_BA
0 0 0
t_wo + cam_pos
0.851 1.16024 0
Time
1558446286378
Theta
1.09645
t_GA - R_GA * R_AB * t_BA
0 0 0
t_wo + cam_pos
0.851 1.16024 0
Time
1558446286428
Theta
1.09645
t_GA - R_GA * R_AB * t_BA
0 0 0
t_wo + cam_pos
0.851 1.16024 0
Time
1558446286479
Theta
1.09645
t_GA - R_GA * R_AB * t_BA
0 0 0
t_wo + cam_pos
0.851 1.16024 0
Time
1558446286529
Theta
1.09645
t_GA - R_GA * R_AB * t_BA
0 0 0
t_wo + cam_pos
0.851 1.16024 0
Time
1558446286580
Theta
1.09645
t_GA - R_GA * R_AB * t_BA
0 0 0
t_wo + cam_pos
0.851 1.16024 0
Time
1558446286630
Theta
1.09645
t_GA - R_GA * R_AB * t_BA
0 0 0
t_wo + cam_pos
0.851 1.16024 0
Time
1558446286680
Theta
1.09645
t_GA - R_GA * R_AB * t_BA
0 0 0
t_wo + cam_pos
0.851 1.16024 0
Time
1558446286731
Theta
1.09645
t_GA - R_GA * R_AB * t_BA
0 0 0
t_wo + cam_pos
0.851 1.16024 0
Time
1558446286781
Theta
1.09645
t_GA - R_GA * R_AB * t_BA
0 0 0
t_wo + cam_pos
0.851 1.16024 0
Time
1558446286832
Theta
1.09645
t_GA - R_GA * R_AB * t_BA
0 0 0
t_wo + cam_pos
0.851 1.16024 0
Time
1558446286882
Theta
1.09645
t_GA - R_GA * R_AB * t_BA
0 0 0
t_wo + cam_pos
0.851 1.16024 0
Time
1558446286932
Theta
1.09645
t_GA - R_GA * R_AB * t_BA
0 0 0
t_wo + cam_pos
0.851 1.16024 0
Time
1558446286983
Theta
1.09645
t_GA - R_GA * R_AB * t_BA
0 0 0
t_wo + cam_pos
0.851 1.16024 0
Time
1558446287033
Theta
1.09645
t_GA - R_GA * R_AB * t_BA
0 0 0
t_wo + cam_pos
0.851 1.16024 0
Time
1558446287083
Theta
1.09645
t_GA - R_GA * R_AB * t_BA
0 0 0
t_wo + cam_pos
0.851 1.16024 0
Time
1558446287134
Theta
1.09645
t_GA - R_GA * R_AB * t_BA
0 0 0
t_wo + cam_pos
0.851 1.16024 0
Time
1558446287184
Theta
1.09645
t_GA - R_GA * R_AB * t_BA
0 0 0
t_wo + cam_pos
0.851 1.16024 0
Time
1558446287235
Theta
1.09645
t_GA - R_GA * R_AB * t_BA
0 0 0
t_wo + cam_pos
0.851 1.16024 0
Time
1558446287285
Theta
1.09645
t_GA - R_GA * R_AB * t_BA
0 0 0
t_wo + cam_pos
0.851 1.16024 0
Time
1558446287335
Theta
1.09645
t_GA - R_GA * R_AB * t_BA
0 0 0
t_wo + cam_pos
0.851 1.16024 0
Time
1558446287386
Theta
1.09645
t_GA - R_GA * R_AB * t_BA
0 0 0
t_wo + cam_pos
0.851 1.16024 0
Time
1558446287436
Theta
1.09645
t_GA - R_GA * R_AB * t_BA
0 0 0
t_wo + cam_pos
0.851 1.16024 0
Time
1558446287486
Theta
1.09645
t_GA - R_GA * R_AB * t_BA
0 0 0
t_wo + cam_pos
0.851 1.16024 0
Time
1558446287537
Theta
1.09645
t_GA - R_GA * R_AB * t_BA
0 0 0
t_wo + cam_pos
0.851 1.16024 0
Time
1558446287587
Theta
1.09645
t_GA - R_GA * R_AB * t_BA
0 0 0
t_wo + cam_pos
0.851 1.16024 0
Time
1558446287637
Theta
1.09645
t_GA - R_GA * R_AB * t_BA
0 0 0
t_wo + cam_pos
0.851 1.16024 0
Time
1558446287688
Theta
1.09645
t_GA - R_GA * R_AB * t_BA
0 0 0
t_wo + cam_pos
0.851 1.16024 0
Time
1558446287738
Theta
1.09645
t_GA - R_GA * R_AB * t_BA
0 0 0
t_wo + cam_pos
0.851 1.16024 0
Time
1558446287789
Theta
1.09645
t_GA - R_GA * R_AB * t_BA
0 0 0
t_wo + cam_pos
0.851 1.16024 0
Time
1558446287839
Theta
1.09645
t_GA - R_GA * R_AB * t_BA
0 0 0
t_wo + cam_pos
0.851 1.16024 0
Time
1558446287889
Theta
1.09645
t_GA - R_GA * R_AB * t_BA
0 0 0
t_wo + cam_pos
0.851 1.16024 0
Time
1558446287940
Theta
1.09645
t_GA - R_GA * R_AB * t_BA
0 0 0
t_wo + cam_pos
0.851 1.16024 0
Time
1558446287990
Theta
1.09645
t_GA - R_GA * R_AB * t_BA
0 0 0
t_wo + cam_pos
0.851 1.16024 0
Time
1558446288041
Theta
1.09645
t_GA - R_GA * R_AB * t_BA
0 0 0
t_wo + cam_pos
0.851 1.16024 0
Time
1558446288091
Theta
1.09645
t_GA - R_GA * R_AB * t_BA
0 0 0
t_wo + cam_pos
0.851 1.16024 0
Time
1558446288141
Theta
1.09645
t_GA - R_GA * R_AB * t_BA
0 0 0
t_wo + cam_pos
0.851 1.16024 0
Time
1558446288192
Theta
1.09645
t_GA - R_GA * R_AB * t_BA
0 0 0
t_wo + cam_pos
0.851 1.16024 0
Time
1558446288242
Theta
1.09645
t_GA - R_GA * R_AB * t_BA
0 0 0
t_wo + cam_pos
0.851 1.16024 0
Time
1558446288293
Theta
1.09645
t_GA - R_GA * R_AB * t_BA
0 0 0
t_wo + cam_pos
0.851 1.16024 0
Time
1558446288343
Theta
1.09645
t_GA - R_GA * R_AB * t_BA
0 0 0
t_wo + cam_pos
0.851 1.16024 0
Time
1558446288393
Theta
1.09645
t_GA - R_GA * R_AB * t_BA
0 0 0
t_wo + cam_pos
0.851 1.16024 0
Time
1558446288444
Theta
1.09645
t_GA - R_GA * R_AB * t_BA
0 0 0
t_wo + cam_pos
0.851 1.16024 0
Time
1558446288494
Theta
1.09645
t_GA - R_GA * R_AB * t_BA
0 0 0
t_wo + cam_pos
0.851 1.16024 0
Time
1558446288545
Theta
1.09645
t_GA - R_GA * R_AB * t_BA
0 0 0
t_wo + cam_pos
0.851 1.16024 0
Time
1558446288595
Theta
1.09645
t_GA - R_GA * R_AB * t_BA
0 0 0
t_wo + cam_pos
0.851 1.16024 0
Time
1558446288645
Theta
1.09645
t_GA - R_GA * R_AB * t_BA
0 0 0
t_wo + cam_pos
0.851 1.16024 0
Time
1558446288696
Theta
1.09645
t_GA - R_GA * R_AB * t_BA
0 0 0
t_wo + cam_pos
0.851 1.16024 0
Time
1558446288746
Theta
1.09645
t_GA - R_GA * R_AB * t_BA
0 0 0
t_wo + cam_pos
0.851 1.16024 0
Time
1558446288797
Theta
1.09645
t_GA - R_GA * R_AB * t_BA
0 0 0
t_wo + cam_pos
0.851 1.16024 0
Time
1558446288848
Theta
1.09645
t_GA - R_GA * R_AB * t_BA
0 0 0
t_wo + cam_pos
0.851 1.16024 0
Time
1558446288898
Theta
1.09645
t_GA - R_GA * R_AB * t_BA
0 0 0
t_wo + cam_pos
0.851 1.16024 0
Time
1558446288948
Theta
1.09645
t_GA - R_GA * R_AB * t_BA
0 0 0
t_wo + cam_pos
0.851 1.16024 0
Time
1558446288999
Theta
1.09645
t_GA - R_GA * R_AB * t_BA
0 0 0
t_wo + cam_pos
0.851 1.16024 0
Time
1558446289049
Theta
1.09645
t_GA - R_GA * R_AB * t_BA
0 0 0
t_wo + cam_pos
0.851 1.16024 0
Time
1558446289100
Theta
1.09645
t_GA - R_GA * R_AB * t_BA
0 0 0
t_wo + cam_pos
0.851 1.16024 0
Time
1558446289150
Theta
1.09645
t_GA - R_GA * R_AB * t_BA
0 0 0
t_wo + cam_pos
0.851 1.16024 0
Time
1558446289200
Theta
1.09645
t_GA - R_GA * R_AB * t_BA
0 0 0
t_wo + cam_pos
0.851 1.16024 0
Time
1558446289251
Theta
1.09645
t_GA - R_GA * R_AB * t_BA
0 0 0
t_wo + cam_pos
0.851 1.16024 0
Time
1558446289301
Theta
1.09645
t_GA - R_GA * R_AB * t_BA
0 0 0
t_wo + cam_pos
0.851 1.16024 0
Time
1558446289351
Theta
1.09645
t_GA - R_GA * R_AB * t_BA
0 0 0
t_wo + cam_pos
0.851 1.16024 0
Time
1558446289402
Theta
1.09645
t_GA - R_GA * R_AB * t_BA
0 0 0
t_wo + cam_pos
0.851 1.16024 0
Time
1558446289452
Theta
1.09645
t_GA - R_GA * R_AB * t_BA
0 0 0
t_wo + cam_pos
0.851 1.16024 0
Time
1558446289502
Theta
1.09645
t_GA - R_GA * R_AB * t_BA
0 0 0
t_wo + cam_pos
0.851 1.16024 0
Time
1558446289553
Theta
1.09645
t_GA - R_GA * R_AB * t_BA
0 0 0
t_wo + cam_pos
0.851 1.16024 0
Time
1558446289603
Theta
1.09645
t_GA - R_GA * R_AB * t_BA
0 0 0
t_wo + cam_pos
0.851 1.16024 0
Time
1558446289654
Theta
1.09645
t_GA - R_GA * R_AB * t_BA
0 0 0
t_wo + cam_pos
0.851 1.16024 0
Time
1558446289704
Theta
1.09645
t_GA - R_GA * R_AB * t_BA
0 0 0
t_wo + cam_pos
0.851 1.16024 0
Time
1558446289754
Theta
1.09645
t_GA - R_GA * R_AB * t_BA
0 0 0
t_wo + cam_pos
0.851 1.16024 0
Time
1558446289805
Theta
1.09645
t_GA - R_GA * R_AB * t_BA
0 0 0
t_wo + cam_pos
0.851 1.16024 0
Time
1558446289855
Theta
1.09645
t_GA - R_GA * R_AB * t_BA
0 0 0
t_wo + cam_pos
0.851 1.16024 0
Time
1558446289905
Theta
1.09645
t_GA - R_GA * R_AB * t_BA
0 0 0
t_wo + cam_pos
0.851 1.16024 0
Time
1558446289956
Theta
1.09645
t_GA - R_GA * R_AB * t_BA
0 0 0
t_wo + cam_pos
0.851 1.16024 0
Time
1558446290006
Theta
1.09645
t_GA - R_GA * R_AB * t_BA
0 0 0
t_wo + cam_pos
0.851 1.16024 0
Time
1558446290056
Theta
1.09645
t_GA - R_GA * R_AB * t_BA
0 0 0
t_wo + cam_pos
0.851 1.16024 0
Time
1558446290107
Theta
1.09645
t_GA - R_GA * R_AB * t_BA
0 0 0
t_wo + cam_pos
0.851 1.16024 0
Time
1558446290157
Theta
1.09645
t_GA - R_GA * R_AB * t_BA
0 0 0
t_wo + cam_pos
0.851 1.16024 0
Time
1558446290208
Theta
1.09645
t_GA - R_GA * R_AB * t_BA
0 0 0
t_wo + cam_pos
0.851 1.16024 0
Time
1558446290259
Theta
1.09645
t_GA - R_GA * R_AB * t_BA
0 0 0
t_wo + cam_pos
0.851 1.16024 0
Time
1558446300912
Theta
1.09645
