awdqwd
t_GA - R_GA * R_AB * t_BA
1558436103154 0 0 0
t_wo
1558436103154 0.143394 -0.040321 0
Theta
-0.274113
t_GA - R_GA * R_AB * t_BA
1558436103155 0 0 0
t_wo
1558436103155 0.143394 -0.040321 0
Theta
-0.274113
t_GA - R_GA * R_AB * t_BA
1558436103157 0 0 0
t_wo
1558436103157 0.143394 -0.040321 0
Theta
-0.274113
t_GA - R_GA * R_AB * t_BA
1558436103158 0 0 0
t_wo
1558436103158 0.143394 -0.040321 0
Theta
-0.274113
t_GA - R_GA * R_AB * t_BA
1558436103159 0 0 0
t_wo
1558436103159 0.143394 -0.040321 0
Theta
-0.274113
t_GA - R_GA * R_AB * t_BA
1558436103160 0 0 0
t_wo
1558436103160 0.143394 -0.040321 0
Theta
-0.274113
t_GA - R_GA * R_AB * t_BA
1558436103161 0 0 0
t_wo
1558436103161 0.143394 -0.040321 0
Theta
-0.274113
t_GA - R_GA * R_AB * t_BA
1558436103162 0 0 0
t_wo
1558436103162 0.143394 -0.040321 0
Theta
-0.274113
t_GA - R_GA * R_AB * t_BA
1558436103164 0 0 0
t_wo
1558436103164 0.143394 -0.040321 0
Theta
-0.274113
t_GA - R_GA * R_AB * t_BA
1558436103165 0 0 0
t_wo
1558436103165 0.143394 -0.040321 0
Theta
-0.274113
t_GA - R_GA * R_AB * t_BA
1558436103166 0 0 0
t_wo
1558436103166 0.143394 -0.040321 0
Theta
-0.274113
t_GA - R_GA * R_AB * t_BA
1558436103167 0 0 0
t_wo
1558436103167 0.143394 -0.040321 0
Theta
-0.274113
t_GA - R_GA * R_AB * t_BA
1558436103168 0 0 0
t_wo
1558436103168 0.143394 -0.040321 0
Theta
-0.274113
t_GA - R_GA * R_AB * t_BA
1558436103169 0 0 0
t_wo
1558436103169 0.143394 -0.040321 0
Theta
-0.274113
t_GA - R_GA * R_AB * t_BA
1558436103171 0 0 0
t_wo
1558436103171 0.143394 -0.040321 0
Theta
-0.274113
t_GA - R_GA * R_AB * t_BA
1558436103172 0 0 0
t_wo
1558436103172 0.143394 -0.040321 0
Theta
-0.274113
t_GA - R_GA * R_AB * t_BA
1558436103173 0 0 0
t_wo
1558436103173 0.143394 -0.040321 0
Theta
-0.274113
t_GA - R_GA * R_AB * t_BA
1558436103174 0 0 0
t_wo
1558436103174 0.143394 -0.040321 0
Theta
-0.274113
t_GA - R_GA * R_AB * t_BA
1558436103176 0 0 0
t_wo
1558436103176 0.143394 -0.040321 0
Theta
-0.274113
t_GA - R_GA * R_AB * t_BA
1558436103201 0 0 0
t_wo
1558436103201 0.143394 -0.040321 0
Theta
-0.274113
t_GA - R_GA * R_AB * t_BA
1558436103221 0 0 0
t_wo
1558436103221 0.143394 -0.040321 0
Theta
-0.274113
t_GA - R_GA * R_AB * t_BA
1558436103242 0 0 0
t_wo
1558436103242 0.143394 -0.040321 0
Theta
-0.274113
t_GA - R_GA * R_AB * t_BA
1558436103267 0 0 0
t_wo
1558436103267 0.143394 -0.040321 0
Theta
-0.274113
t_GA - R_GA * R_AB * t_BA
1558436103287 0 0 0
t_wo
1558436103287 0.143394 -0.040321 0
Theta
-0.274113
t_GA - R_GA * R_AB * t_BA
1558436103308 0 0 0
t_wo
1558436103308 0.143394 -0.040321 0
Theta
-0.274113
t_GA - R_GA * R_AB * t_BA
1558436103332 0 0 0
t_wo
1558436103332 0.143394 -0.040321 0
Theta
-0.274113
t_GA - R_GA * R_AB * t_BA
1558436103353 0 0 0
t_wo
1558436103353 0.143394 -0.040321 0
Theta
-0.274113
t_GA - R_GA * R_AB * t_BA
1558436103373 0 0 0
t_wo
1558436103373 0.143394 -0.040321 0
Theta
-0.274113
t_GA - R_GA * R_AB * t_BA
1558436103398 0 0 0
t_wo
1558436103398 0.143394 -0.040321 0
Theta
-0.274113
t_GA - R_GA * R_AB * t_BA
1558436103418 0 0 0
t_wo
1558436103418 0.143394 -0.040321 0
Theta
-0.274113
t_GA - R_GA * R_AB * t_BA
1558436103439 0 0 0
t_wo
1558436103439 0.143394 -0.040321 0
Theta
-0.274113
t_GA - R_GA * R_AB * t_BA
1558436103463 0 0 0
t_wo
1558436103463 0.143394 -0.040321 0
Theta
-0.274113
t_GA - R_GA * R_AB * t_BA
1558436103484 0 0 0
t_wo
1558436103484 0.143394 -0.040321 0
Theta
-0.274113
t_GA - R_GA * R_AB * t_BA
1558436103504 0 0 0
t_wo
1558436103504 0.143394 -0.040321 0
Theta
-0.274113
t_GA - R_GA * R_AB * t_BA
1558436103529 0 0 0
t_wo
1558436103529 0.143394 -0.040321 0
Theta
-0.274113
t_GA - R_GA * R_AB * t_BA
1558436103549 0 0 0
t_wo
1558436103549 0.143394 -0.040321 0
Theta
-0.274113
t_GA - R_GA * R_AB * t_BA
1558436103570 0 0 0
t_wo
1558436103570 0.143394 -0.040321 0
Theta
-0.274113
t_GA - R_GA * R_AB * t_BA
1558436103594 0 0 0
t_wo
1558436103594 0.143394 -0.040321 0
Theta
-0.274113
t_GA - R_GA * R_AB * t_BA
1558436103615 0 0 0
t_wo
1558436103615 0.143394 -0.040321 0
Theta
-0.274113
t_GA - R_GA * R_AB * t_BA
1558436103635 0 0 0
t_wo
1558436103635 0.143394 -0.040321 0
Theta
-0.274113
t_GA - R_GA * R_AB * t_BA
1558436103660 0 0 0
t_wo
1558436103660 0.143394 -0.040321 0
Theta
-0.274113
t_GA - R_GA * R_AB * t_BA
1558436103680 0 0 0
t_wo
1558436103680 0.143394 -0.040321 0
Theta
-0.274113
t_GA - R_GA * R_AB * t_BA
1558436103701 0 0 0
t_wo
1558436103701 0.143394 -0.040321 0
Theta
-0.274113
t_GA - R_GA * R_AB * t_BA
1558436103725 0 0 0
t_wo
1558436103726 0.143394 -0.040321 0
Theta
-0.274113
t_GA - R_GA * R_AB * t_BA
1558436103746 0 0 0
t_wo
1558436103746 0.143394 -0.040321 0
Theta
-0.274113
t_GA - R_GA * R_AB * t_BA
1558436103766 0 0 0
t_wo
1558436103767 0.143394 -0.040321 0
Theta
-0.274113
t_GA - R_GA * R_AB * t_BA
1558436103791 0 0 0
t_wo
1558436103791 0.143394 -0.040321 0
Theta
-0.274113
t_GA - R_GA * R_AB * t_BA
1558436103812 0 0 0
t_wo
1558436103812 0.143394 -0.040321 0
Theta
-0.274113
t_GA - R_GA * R_AB * t_BA
1558436103832 0 0 0
t_wo
1558436103832 0.143394 -0.040321 0
Theta
-0.274113
t_GA - R_GA * R_AB * t_BA
1558436103856 0 0 0
t_wo
1558436103856 0.143394 -0.040321 0
Theta
-0.274113
t_GA - R_GA * R_AB * t_BA
1558436103877 0 0 0
t_wo
1558436103877 0.143394 -0.040321 0
Theta
-0.274113
t_GA - R_GA * R_AB * t_BA
1558436103900 0 0 0
t_wo
1558436103901 0.143394 -0.040321 0
Theta
-0.274113
t_GA - R_GA * R_AB * t_BA
1558436103922 0 0 0
t_wo
1558436103922 0.143394 -0.040321 0
Theta
-0.274113
t_GA - R_GA * R_AB * t_BA
1558436103942 0 0 0
t_wo
1558436103942 0.143394 -0.040321 0
Theta
-0.274113
t_GA - R_GA * R_AB * t_BA
1558436103964 0 0 0
t_wo
1558436103964 0.143394 -0.040321 0
Theta
-0.274113
t_GA - R_GA * R_AB * t_BA
1558436103987 0 0 0
t_wo
1558436103987 0.143394 -0.040321 0
Theta
-0.274113
t_GA - R_GA * R_AB * t_BA
1558436104008 0 0 0
t_wo
1558436104008 0.143394 -0.040321 0
Theta
-0.274113
t_GA - R_GA * R_AB * t_BA
1558436104028 0 0 0
t_wo
1558436104028 0.143394 -0.040321 0
Theta
-0.274113
t_GA - R_GA * R_AB * t_BA
1558436104053 0 0 0
t_wo
1558436104053 0.143394 -0.040321 0
Theta
-0.274113
t_GA - R_GA * R_AB * t_BA
1558436104073 0 0 0
t_wo
1558436104073 0.143394 -0.040321 0
Theta
-0.274113
t_GA - R_GA * R_AB * t_BA
1558436104094 0 0 0
t_wo
1558436104094 0.143394 -0.040321 0
Theta
-0.274113
t_GA - R_GA * R_AB * t_BA
1558436104118 0 0 0
t_wo
1558436104118 0.143394 -0.040321 0
Theta
-0.274113
t_GA - R_GA * R_AB * t_BA
1558436104139 0 0 0
t_wo
1558436104139 0.143394 -0.040321 0
Theta
-0.274113
t_GA - R_GA * R_AB * t_BA
1558436104159 0 0 0
t_wo
1558436104159 0.143394 -0.040321 0
Theta
-0.274113
t_GA - R_GA * R_AB * t_BA
1558436104184 0 0 0
t_wo
1558436104184 0.143394 -0.040321 0
Theta
-0.274113
t_GA - R_GA * R_AB * t_BA
1558436104204 0 0 0
t_wo
1558436104204 0.143394 -0.040321 0
Theta
-0.274113
t_GA - R_GA * R_AB * t_BA
1558436104225 0 0 0
t_wo
1558436104225 0.143394 -0.040321 0
Theta
-0.274113
t_GA - R_GA * R_AB * t_BA
1558436104250 0 0 0
t_wo
1558436104250 0.143394 -0.040321 0
Theta
-0.274113
t_GA - R_GA * R_AB * t_BA
1558436104270 0 0 0
t_wo
1558436104270 0.143394 -0.040321 0
Theta
-0.274113
t_GA - R_GA * R_AB * t_BA
1558436104290 0 0 0
t_wo
1558436104290 0.143394 -0.040321 0
Theta
-0.274113
t_GA - R_GA * R_AB * t_BA
1558436104315 0 0 0
t_wo
1558436104315 0.143394 -0.040321 0
Theta
-0.274113
t_GA - R_GA * R_AB * t_BA
1558436104336 0 0 0
t_wo
1558436104336 0.143394 -0.040321 0
Theta
-0.274113
t_GA - R_GA * R_AB * t_BA
1558436104356 0 0 0
t_wo
1558436104356 0.143394 -0.040321 0
Theta
-0.274113
t_GA - R_GA * R_AB * t_BA
1558436104381 0 0 0
t_wo
1558436104381 0.143394 -0.040321 0
Theta
-0.274113
t_GA - R_GA * R_AB * t_BA
1558436104401 0 0 0
t_wo
1558436104401 0.143394 -0.040321 0
Theta
-0.274113
t_GA - R_GA * R_AB * t_BA
1558436104422 0 0 0
t_wo
1558436104422 0.143394 -0.040321 0
Theta
-0.274113
t_GA - R_GA * R_AB * t_BA
1558436104446 0 0 0
t_wo
1558436104446 0.143394 -0.040321 0
Theta
-0.274113
t_GA - R_GA * R_AB * t_BA
1558436104467 0 0 0
t_wo
1558436104467 0.143394 -0.040321 0
Theta
-0.274113
t_GA - R_GA * R_AB * t_BA
1558436104487 0 0 0
t_wo
1558436104487 0.143394 -0.040321 0
Theta
-0.274113
t_GA - R_GA * R_AB * t_BA
1558436104512 0 0 0
t_wo
1558436104512 0.143394 -0.040321 0
Theta
-0.274113
t_GA - R_GA * R_AB * t_BA
1558436104532 0 0 0
t_wo
1558436104532 0.143394 -0.040321 0
Theta
-0.274113
t_GA - R_GA * R_AB * t_BA
1558436104553 0 0 0
t_wo
1558436104553 0.143394 -0.040321 0
Theta
-0.274113
t_GA - R_GA * R_AB * t_BA
1558436104577 0 0 0
t_wo
1558436104577 0.143394 -0.040321 0
Theta
-0.274113
t_GA - R_GA * R_AB * t_BA
1558436104598 0 0 0
t_wo
1558436104598 0.143394 -0.040321 0
Theta
-0.274113
t_GA - R_GA * R_AB * t_BA
1558436104619 0 0 0
t_wo
1558436104619 0.143394 -0.040321 0
Theta
-0.274113
t_GA - R_GA * R_AB * t_BA
1558436104643 0 0 0
t_wo
1558436104643 0.143394 -0.040321 0
Theta
-0.274113
t_GA - R_GA * R_AB * t_BA
1558436104663 0 0 0
t_wo
1558436104663 0.143394 -0.040321 0
Theta
-0.274113
t_GA - R_GA * R_AB * t_BA
1558436104684 0 0 0
t_wo
1558436104684 0.143394 -0.040321 0
Theta
-0.274113
t_GA - R_GA * R_AB * t_BA
1558436104708 0 0 0
t_wo
1558436104709 0.143394 -0.040321 0
Theta
-0.274113
t_GA - R_GA * R_AB * t_BA
1558436104729 0 0 0
t_wo
1558436104729 0.143394 -0.040321 0
Theta
-0.274113
t_GA - R_GA * R_AB * t_BA
1558436104749 0 0 0
t_wo
1558436104749 0.143394 -0.040321 0
Theta
-0.274113
t_GA - R_GA * R_AB * t_BA
1558436104774 0 0 0
t_wo
1558436104774 0.143394 -0.040321 0
Theta
-0.274113
t_GA - R_GA * R_AB * t_BA
1558436104794 0 0 0
t_wo
1558436104795 0.143394 -0.040321 0
Theta
-0.274113
t_GA - R_GA * R_AB * t_BA
1558436104815 0 0 0
t_wo
1558436104815 0.143394 -0.040321 0
Theta
-0.274113
t_GA - R_GA * R_AB * t_BA
1558436104840 0 0 0
t_wo
1558436104840 0.143394 -0.040321 0
Theta
-0.274113
t_GA - R_GA * R_AB * t_BA
1558436104860 0 0 0
t_wo
1558436104860 0.143394 -0.040321 0
Theta
-0.274113
t_GA - R_GA * R_AB * t_BA
1558436104880 0 0 0
t_wo
1558436104880 0.143394 -0.040321 0
Theta
-0.274113
t_GA - R_GA * R_AB * t_BA
1558436104905 0 0 0
t_wo
1558436104905 0.143394 -0.040321 0
Theta
-0.274113
t_GA - R_GA * R_AB * t_BA
1558436104926 0 0 0
t_wo
1558436104926 0.143394 -0.040321 0
Theta
-0.274113
t_GA - R_GA * R_AB * t_BA
1558436104946 0 0 0
t_wo
1558436104946 0.143394 -0.040321 0
Theta
-0.274113
t_GA - R_GA * R_AB * t_BA
1558436104971 0 0 0
t_wo
1558436104971 0.143394 -0.040321 0
Theta
-0.274113
t_GA - R_GA * R_AB * t_BA
1558436104991 0 0 0
t_wo
1558436104991 0.143394 -0.040321 0
Theta
-0.274113
t_GA - R_GA * R_AB * t_BA
1558436105012 0 0 0
t_wo
1558436105012 0.143394 -0.040321 0
Theta
-0.274113
t_GA - R_GA * R_AB * t_BA
1558436105032 0 0 0
t_wo
1558436105032 0.143394 -0.040321 0
Theta
-0.274113
t_GA - R_GA * R_AB * t_BA
1558436105057 0 0 0
t_wo
1558436105057 0.143394 -0.040321 0
Theta
-0.274113
t_GA - R_GA * R_AB * t_BA
1558436105077 0 0 0
t_wo
1558436105077 0.143394 -0.040321 0
Theta
-0.274113
t_GA - R_GA * R_AB * t_BA
1558436105098 0 0 0
t_wo
1558436105098 0.143394 -0.040321 0
Theta
-0.274113
t_GA - R_GA * R_AB * t_BA
1558436105122 0 0 0
t_wo
1558436105122 0.143394 -0.040321 0
Theta
-0.274113
t_GA - R_GA * R_AB * t_BA
1558436105143 0 0 0
t_wo
1558436105143 0.143394 -0.040321 0
Theta
-0.274113
t_GA - R_GA * R_AB * t_BA
1558436105163 0 0 0
t_wo
1558436105163 0.143394 -0.040321 0
Theta
-0.274113
t_GA - R_GA * R_AB * t_BA
1558436105188 0 0 0
t_wo
1558436105188 0.143394 -0.040321 0
Theta
-0.274113
t_GA - R_GA * R_AB * t_BA
1558436105208 0 0 0
t_wo
1558436105208 0.143394 -0.040321 0
Theta
-0.274113
t_GA - R_GA * R_AB * t_BA
1558436105229 0 0 0
t_wo
1558436105229 0.143394 -0.040321 0
Theta
-0.274113
t_GA - R_GA * R_AB * t_BA
1558436105253 0 0 0
t_wo
1558436105253 0.143394 -0.040321 0
Theta
-0.274113
t_GA - R_GA * R_AB * t_BA
1558436105274 0 0 0
t_wo
1558436105274 0.143394 -0.040321 0
Theta
-0.274113
t_GA - R_GA * R_AB * t_BA
1558436105294 0 0 0
t_wo
1558436105294 0.143394 -0.040321 0
Theta
-0.274113
t_GA - R_GA * R_AB * t_BA
1558436105319 0 0 0
t_wo
1558436105319 0.143394 -0.040321 0
Theta
-0.274113
t_GA - R_GA * R_AB * t_BA
1558436105339 0 0 0
t_wo
1558436105339 0.143394 -0.040321 0
Theta
-0.274113
t_GA - R_GA * R_AB * t_BA
1558436105360 0 0 0
t_wo
1558436105360 0.143394 -0.040321 0
Theta
-0.274113
t_GA - R_GA * R_AB * t_BA
1558436105384 0 0 0
t_wo
1558436105384 0.143394 -0.040321 0
Theta
-0.274113
t_GA - R_GA * R_AB * t_BA
1558436105405 0 0 0
t_wo
1558436105405 0.143394 -0.040321 0
Theta
-0.274113
t_GA - R_GA * R_AB * t_BA
1558436105425 0 0 0
t_wo
1558436105425 0.143394 -0.040321 0
Theta
-0.274113
t_GA - R_GA * R_AB * t_BA
1558436105450 0 0 0
t_wo
1558436105450 0.143394 -0.040321 0
Theta
-0.274113
t_GA - R_GA * R_AB * t_BA
1558436105470 0 0 0
t_wo
1558436105470 0.143394 -0.040321 0
Theta
-0.274113
t_GA - R_GA * R_AB * t_BA
1558436105491 0 0 0
t_wo
1558436105491 0.143394 -0.040321 0
Theta
-0.274113
t_GA - R_GA * R_AB * t_BA
1558436105515 0 0 0
t_wo
1558436105515 0.143394 -0.040321 0
Theta
-0.274113
t_GA - R_GA * R_AB * t_BA
1558436105536 0 0 0
t_wo
1558436105536 0.143394 -0.040321 0
Theta
-0.274113
t_GA - R_GA * R_AB * t_BA
1558436105556 0 0 0
t_wo
1558436105556 0.143394 -0.040321 0
Theta
-0.274113
t_GA - R_GA * R_AB * t_BA
1558436105581 0 0 0
t_wo
1558436105581 0.143394 -0.040321 0
Theta
-0.274113
t_GA - R_GA * R_AB * t_BA
1558436105601 0 0 0
t_wo
1558436105601 0.143394 -0.040321 0
Theta
-0.274113
t_GA - R_GA * R_AB * t_BA
1558436105622 0 0 0
t_wo
1558436105622 0.143394 -0.040321 0
Theta
-0.274113
t_GA - R_GA * R_AB * t_BA
1558436105646 0 0 0
t_wo
1558436105646 0.143394 -0.040321 0
Theta
-0.274113
t_GA - R_GA * R_AB * t_BA
1558436105667 0 0 0
t_wo
1558436105667 0.143394 -0.040321 0
Theta
-0.274113
t_GA - R_GA * R_AB * t_BA
1558436105687 0 0 0
t_wo
1558436105687 0.143394 -0.040321 0
Theta
-0.274113
t_GA - R_GA * R_AB * t_BA
1558436105712 0 0 0
t_wo
1558436105712 0.143394 -0.040321 0
Theta
-0.274113
t_GA - R_GA * R_AB * t_BA
1558436105732 0 0 0
t_wo
1558436105732 0.143394 -0.040321 0
Theta
-0.274113
t_GA - R_GA * R_AB * t_BA
1558436105753 0 0 0
t_wo
1558436105753 0.143394 -0.040321 0
Theta
-0.274113
t_GA - R_GA * R_AB * t_BA
1558436105777 0 0 0
t_wo
1558436105778 0.143394 -0.040321 0
Theta
-0.274113
t_GA - R_GA * R_AB * t_BA
1558436105798 0 0 0
t_wo
1558436105798 0.143394 -0.040321 0
Theta
-0.274113
t_GA - R_GA * R_AB * t_BA
1558436105818 0 0 0
t_wo
1558436105818 0.143394 -0.040321 0
Theta
-0.274113
t_GA - R_GA * R_AB * t_BA
1558436105843 0 0 0
t_wo
1558436105843 0.143394 -0.040321 0
Theta
-0.274113
t_GA - R_GA * R_AB * t_BA
1558436105863 0 0 0
t_wo
1558436105863 0.143394 -0.040321 0
Theta
-0.274113
t_GA - R_GA * R_AB * t_BA
1558436105884 0 0 0
t_wo
1558436105884 0.143394 -0.040321 0
Theta
-0.274113
t_GA - R_GA * R_AB * t_BA
1558436105909 0 0 0
t_wo
1558436105909 0.143394 -0.040321 0
Theta
-0.274113
t_GA - R_GA * R_AB * t_BA
1558436105929 0 0 0
t_wo
1558436105929 0.143394 -0.040321 0
Theta
-0.274113
t_GA - R_GA * R_AB * t_BA
1558436105949 0 0 0
t_wo
1558436105950 0.143394 -0.040321 0
Theta
-0.274113
t_GA - R_GA * R_AB * t_BA
1558436105974 0 0 0
t_wo
1558436105974 0.143394 -0.040321 0
Theta
-0.274113
t_GA - R_GA * R_AB * t_BA
1558436105995 0 0 0
t_wo
1558436105995 0.143394 -0.040321 0
Theta
-0.274113
t_GA - R_GA * R_AB * t_BA
1558436106015 0 0 0
t_wo
1558436106015 0.143394 -0.040321 0
Theta
-0.274113
t_GA - R_GA * R_AB * t_BA
1558436106040 0 0 0
t_wo
1558436106040 0.143394 -0.040321 0
Theta
-0.274113
t_GA - R_GA * R_AB * t_BA
1558436106060 0 0 0
t_wo
1558436106060 0.143394 -0.040321 0
Theta
-0.274113
t_GA - R_GA * R_AB * t_BA
1558436106081 0 0 0
t_wo
1558436106081 0.143394 -0.040321 0
Theta
-0.274113
t_GA - R_GA * R_AB * t_BA
1558436106105 0 0 0
t_wo
1558436106105 0.143394 -0.040321 0
Theta
-0.274113
t_GA - R_GA * R_AB * t_BA
1558436106126 0 0 0
t_wo
1558436106126 0.143394 -0.040321 0
Theta
-0.274113
t_GA - R_GA * R_AB * t_BA
1558436106146 0 0 0
t_wo
1558436106146 0.143394 -0.040321 0
Theta
-0.274113
t_GA - R_GA * R_AB * t_BA
1558436106171 0 0 0
t_wo
1558436106171 0.143394 -0.040321 0
Theta
-0.274113
t_GA - R_GA * R_AB * t_BA
1558436106191 0 0 0
t_wo
1558436106191 0.143394 -0.040321 0
Theta
-0.274113
t_GA - R_GA * R_AB * t_BA
1558436106212 0 0 0
t_wo
1558436106212 0.143394 -0.040321 0
Theta
-0.274113
t_GA - R_GA * R_AB * t_BA
1558436106236 0 0 0
t_wo
1558436106236 0.143394 -0.040321 0
Theta
-0.274113
t_GA - R_GA * R_AB * t_BA
1558436106257 0 0 0
t_wo
1558436106257 0.143394 -0.040321 0
Theta
-0.274113
t_GA - R_GA * R_AB * t_BA
1558436106277 0 0 0
t_wo
1558436106277 0.143394 -0.040321 0
Theta
-0.274113
t_GA - R_GA * R_AB * t_BA
1558436106302 0 0 0
t_wo
1558436106302 0.143394 -0.040321 0
Theta
-0.274113
t_GA - R_GA * R_AB * t_BA
1558436106322 0 0 0
t_wo
1558436106322 0.143394 -0.040321 0
Theta
-0.274113
t_GA - R_GA * R_AB * t_BA
1558436106343 0 0 0
t_wo
1558436106343 0.143394 -0.040321 0
Theta
-0.274113
t_GA - R_GA * R_AB * t_BA
1558436106367 0 0 0
t_wo
1558436106367 0.143394 -0.040321 0
Theta
-0.274113
t_GA - R_GA * R_AB * t_BA
1558436106388 0 0 0
t_wo
1558436106388 0.143394 -0.040321 0
Theta
-0.274113
t_GA - R_GA * R_AB * t_BA
1558436106408 0 0 0
t_wo
1558436106408 0.143394 -0.040321 0
Theta
-0.274113
t_GA - R_GA * R_AB * t_BA
1558436106433 0 0 0
t_wo
1558436106433 0.143394 -0.040321 0
Theta
-0.274113
t_GA - R_GA * R_AB * t_BA
1558436106453 0 0 0
t_wo
1558436106453 0.143394 -0.040321 0
Theta
-0.274113
t_GA - R_GA * R_AB * t_BA
1558436106474 0 0 0
t_wo
1558436106474 0.143394 -0.040321 0
Theta
-0.274113
t_GA - R_GA * R_AB * t_BA
1558436106498 0 0 0
t_wo
1558436106498 0.143394 -0.040321 0
Theta
-0.274113
t_GA - R_GA * R_AB * t_BA
1558436106519 0 0 0
t_wo
1558436106519 0.143394 -0.040321 0
Theta
-0.274113
t_GA - R_GA * R_AB * t_BA
1558436106539 0 0 0
t_wo
1558436106539 0.143394 -0.040321 0
Theta
-0.274113
t_GA - R_GA * R_AB * t_BA
1558436106564 0 0 0
t_wo
1558436106564 0.143394 -0.040321 0
Theta
-0.274113
t_GA - R_GA * R_AB * t_BA
1558436106584 0 0 0
t_wo
1558436106584 0.143394 -0.040321 0
Theta
-0.274113
t_GA - R_GA * R_AB * t_BA
1558436106605 0 0 0
t_wo
1558436106605 0.143394 -0.040321 0
Theta
-0.274113
t_GA - R_GA * R_AB * t_BA
1558436106629 0 0 0
t_wo
1558436106629 0.143394 -0.040321 0
Theta
-0.274113
t_GA - R_GA * R_AB * t_BA
1558436106650 0 0 0
t_wo
1558436106650 0.143394 -0.040321 0
Theta
-0.274113
t_GA - R_GA * R_AB * t_BA
1558436106670 0 0 0
t_wo
1558436106670 0.143394 -0.040321 0
Theta
-0.274113
t_GA - R_GA * R_AB * t_BA
1558436106695 0 0 0
t_wo
1558436106695 0.143394 -0.040321 0
Theta
-0.274113
t_GA - R_GA * R_AB * t_BA
1558436106715 0 0 0
t_wo
1558436106715 0.143394 -0.040321 0
Theta
-0.274113
t_GA - R_GA * R_AB * t_BA
1558436106736 0 0 0
t_wo
1558436106736 0.143394 -0.040321 0
Theta
-0.274113
t_GA - R_GA * R_AB * t_BA
1558436106760 0 0 0
t_wo
1558436106761 0.143394 -0.040321 0
Theta
-0.274113
t_GA - R_GA * R_AB * t_BA
1558436106781 0 0 0
t_wo
1558436106781 0.143394 -0.040321 0
Theta
-0.274113
t_GA - R_GA * R_AB * t_BA
1558436106801 0 0 0
t_wo
1558436106801 0.143394 -0.040321 0
Theta
-0.274113
t_GA - R_GA * R_AB * t_BA
1558436106826 0 0 0
t_wo
1558436106826 0.143394 -0.040321 0
Theta
-0.274113
t_GA - R_GA * R_AB * t_BA
1558436106846 0 0 0
t_wo
1558436106847 0.143394 -0.040321 0
Theta
-0.274113
t_GA - R_GA * R_AB * t_BA
1558436106867 0 0 0
t_wo
1558436106868 0.143394 -0.040321 0
Theta
-0.274113
t_GA - R_GA * R_AB * t_BA
1558436106887 0 0 0
t_wo
1558436106887 0.143394 -0.040321 0
Theta
-0.274113
t_GA - R_GA * R_AB * t_BA
1558436106912 0 0 0
t_wo
1558436106912 0.143394 -0.040321 0
Theta
-0.274113
t_GA - R_GA * R_AB * t_BA
1558436106932 0 0 0
t_wo
1558436106932 0.143394 -0.040321 0
Theta
-0.274113
t_GA - R_GA * R_AB * t_BA
1558436106953 0 0 0
t_wo
1558436106953 0.143394 -0.040321 0
Theta
-0.274113
t_GA - R_GA * R_AB * t_BA
1558436106978 0 0 0
t_wo
1558436106978 0.143394 -0.040321 0
Theta
-0.274113
t_GA - R_GA * R_AB * t_BA
1558436106998 0 0 0
t_wo
1558436106998 0.143394 -0.040321 0
Theta
-0.274113
t_GA - R_GA * R_AB * t_BA
1558436107018 0 0 0
t_wo
1558436107019 0.143394 -0.040321 0
Theta
-0.274113
t_GA - R_GA * R_AB * t_BA
1558436107043 0 0 0
t_wo
1558436107043 0.143394 -0.040321 0
Theta
-0.274113
t_GA - R_GA * R_AB * t_BA
1558436107064 0 0 0
t_wo
1558436107064 0.143394 -0.040321 0
Theta
-0.274113
t_GA - R_GA * R_AB * t_BA
1558436107084 0 0 0
t_wo
1558436107084 0.143394 -0.040321 0
Theta
-0.274113
t_GA - R_GA * R_AB * t_BA
1558436107109 0 0 0
t_wo
1558436107109 0.143394 -0.040321 0
Theta
-0.274113
t_GA - R_GA * R_AB * t_BA
1558436107129 0 0 0
t_wo
1558436107129 0.143394 -0.040321 0
Theta
-0.274113
t_GA - R_GA * R_AB * t_BA
1558436107150 0 0 0
t_wo
1558436107150 0.143394 -0.040321 0
Theta
-0.274113
t_GA - R_GA * R_AB * t_BA
1558436107174 0 0 0
t_wo
1558436107174 0.143394 -0.040321 0
Theta
-0.274113
t_GA - R_GA * R_AB * t_BA
1558436107195 0 0 0
t_wo
1558436107195 0.143394 -0.040321 0
Theta
-0.274113
t_GA - R_GA * R_AB * t_BA
1558436107215 0 0 0
t_wo
1558436107215 0.143394 -0.040321 0
Theta
-0.274113
t_GA - R_GA * R_AB * t_BA
1558436107240 0 0 0
t_wo
1558436107240 0.143394 -0.040321 0
Theta
-0.274113
t_GA - R_GA * R_AB * t_BA
1558436107260 0 0 0
t_wo
1558436107260 0.143394 -0.040321 0
Theta
-0.274113
t_GA - R_GA * R_AB * t_BA
1558436107281 0 0 0
t_wo
1558436107281 0.143394 -0.040321 0
Theta
-0.274113
t_GA - R_GA * R_AB * t_BA
1558436107305 0 0 0
t_wo
1558436107305 0.143394 -0.040321 0
Theta
-0.274113
t_GA - R_GA * R_AB * t_BA
1558436107326 0 0 0
t_wo
1558436107326 0.143394 -0.040321 0
Theta
-0.274113
t_GA - R_GA * R_AB * t_BA
1558436107346 0 0 0
t_wo
1558436107346 0.143394 -0.040321 0
Theta
-0.274113
t_GA - R_GA * R_AB * t_BA
1558436107371 0 0 0
t_wo
1558436107371 0.143394 -0.040321 0
Theta
-0.274113
t_GA - R_GA * R_AB * t_BA
1558436107391 0 0 0
t_wo
1558436107391 0.143394 -0.040321 0
Theta
-0.274113
t_GA - R_GA * R_AB * t_BA
1558436107412 0 0 0
t_wo
1558436107412 0.143394 -0.040321 0
Theta
-0.274113
t_GA - R_GA * R_AB * t_BA
1558436107436 0 0 0
t_wo
1558436107436 0.143394 -0.040321 0
Theta
-0.274113
t_GA - R_GA * R_AB * t_BA
1558436107457 0 0 0
t_wo
1558436107457 0.143394 -0.040321 0
Theta
-0.274113
t_GA - R_GA * R_AB * t_BA
1558436107477 0 0 0
t_wo
1558436107477 0.143394 -0.040321 0
Theta
-0.274113
t_GA - R_GA * R_AB * t_BA
1558436107502 0 0 0
t_wo
1558436107502 0.143394 -0.040321 0
Theta
-0.274113
t_GA - R_GA * R_AB * t_BA
1558436107522 0 0 0
t_wo
1558436107522 0.143394 -0.040321 0
Theta
-0.274113
t_GA - R_GA * R_AB * t_BA
1558436107543 0 0 0
t_wo
1558436107543 0.143394 -0.040321 0
Theta
-0.274113
t_GA - R_GA * R_AB * t_BA
1558436107567 0 0 0
t_wo
1558436107567 0.143394 -0.040321 0
Theta
-0.274113
t_GA - R_GA * R_AB * t_BA
1558436107588 0 0 0
t_wo
1558436107588 0.143394 -0.040321 0
Theta
-0.274113
t_GA - R_GA * R_AB * t_BA
1558436107608 0 0 0
t_wo
1558436107608 0.143394 -0.040321 0
Theta
-0.274113
t_GA - R_GA * R_AB * t_BA
1558436107633 0 0 0
t_wo
1558436107633 0.143394 -0.040321 0
Theta
-0.274113
t_GA - R_GA * R_AB * t_BA
1558436107653 0 0 0
t_wo
1558436107653 0.143394 -0.040321 0
Theta
-0.274113
t_GA - R_GA * R_AB * t_BA
1558436107674 0 0 0
t_wo
1558436107674 0.143394 -0.040321 0
Theta
-0.274113
t_GA - R_GA * R_AB * t_BA
1558436107698 0 0 0
t_wo
1558436107698 0.143394 -0.040321 0
Theta
-0.274113
t_GA - R_GA * R_AB * t_BA
1558436107719 0 0 0
t_wo
1558436107719 0.143394 -0.040321 0
Theta
-0.274113
t_GA - R_GA * R_AB * t_BA
1558436107739 0 0 0
t_wo
1558436107739 0.143394 -0.040321 0
Theta
-0.274113
t_GA - R_GA * R_AB * t_BA
1558436107764 0 0 0
t_wo
1558436107764 0.143394 -0.040321 0
Theta
-0.274113
t_GA - R_GA * R_AB * t_BA
1558436107784 0 0 0
t_wo
1558436107784 0.143394 -0.040321 0
Theta
-0.274113
t_GA - R_GA * R_AB * t_BA
1558436107805 0 0 0
t_wo
1558436107805 0.143394 -0.040321 0
Theta
-0.274113
t_GA - R_GA * R_AB * t_BA
1558436107830 0 0 0
t_wo
1558436107830 0.143394 -0.040321 0
Theta
-0.274113
t_GA - R_GA * R_AB * t_BA
1558436107850 0 0 0
t_wo
1558436107850 0.143394 -0.040321 0
Theta
-0.274113
t_GA - R_GA * R_AB * t_BA
1558436107870 0 0 0
t_wo
1558436107870 0.143394 -0.040321 0
Theta
-0.274113
t_GA - R_GA * R_AB * t_BA
1558436107895 0 0 0
t_wo
1558436107895 0.143394 -0.040321 0
Theta
-0.274113
t_GA - R_GA * R_AB * t_BA
1558436107915 0 0 0
t_wo
1558436107915 0.143394 -0.040321 0
Theta
-0.274113
t_GA - R_GA * R_AB * t_BA
1558436107936 0 0 0
t_wo
1558436107936 0.143394 -0.040321 0
Theta
-0.274113
t_GA - R_GA * R_AB * t_BA
1558436107960 0 0 0
t_wo
1558436107960 0.143394 -0.040321 0
Theta
-0.274113
t_GA - R_GA * R_AB * t_BA
1558436107981 0 0 0
t_wo
1558436107981 0.143394 -0.040321 0
Theta
-0.274113
t_GA - R_GA * R_AB * t_BA
1558436108001 0 0 0
t_wo
1558436108001 0.143394 -0.040321 0
Theta
-0.274113
t_GA - R_GA * R_AB * t_BA
1558436108026 0 0 0
t_wo
1558436108026 0.143394 -0.040321 0
Theta
-0.274113
t_GA - R_GA * R_AB * t_BA
1558436108047 0 0 0
t_wo
1558436108047 0.143394 -0.040321 0
Theta
-0.274113
t_GA - R_GA * R_AB * t_BA
1558436108067 0 0 0
t_wo
1558436108067 0.143394 -0.040321 0
Theta
-0.274113
t_GA - R_GA * R_AB * t_BA
1558436108092 0 0 0
t_wo
1558436108092 0.143394 -0.040321 0
Theta
-0.274113
t_GA - R_GA * R_AB * t_BA
1558436108112 0 0 0
t_wo
1558436108112 0.143394 -0.040321 0
Theta
-0.274113
t_GA - R_GA * R_AB * t_BA
1558436108133 0 0 0
t_wo
1558436108133 0.143394 -0.040321 0
Theta
-0.274113
t_GA - R_GA * R_AB * t_BA
1558436108157 0 0 0
t_wo
1558436108157 0.143394 -0.040321 0
Theta
-0.274113
t_GA - R_GA * R_AB * t_BA
1558436108178 0 0 0
t_wo
1558436108178 0.143394 -0.040321 0
Theta
-0.274113
t_GA - R_GA * R_AB * t_BA
1558436108198 0 0 0
t_wo
1558436108198 0.143394 -0.040321 0
Theta
-0.274113
t_GA - R_GA * R_AB * t_BA
1558436108223 0 0 0
t_wo
1558436108223 0.143394 -0.040321 0
Theta
-0.274113
t_GA - R_GA * R_AB * t_BA
1558436108243 0 0 0
t_wo
1558436108243 0.143394 -0.040321 0
Theta
-0.274113
t_GA - R_GA * R_AB * t_BA
1558436108264 0 0 0
t_wo
1558436108264 0.143394 -0.040321 0
Theta
-0.274113
t_GA - R_GA * R_AB * t_BA
1558436108288 0 0 0
t_wo
1558436108288 0.143394 -0.040321 0
Theta
-0.274113
t_GA - R_GA * R_AB * t_BA
1558436108309 0 0 0
t_wo
1558436108309 0.143394 -0.040321 0
Theta
-0.274113
