t_GA - R_GA * R_AB * t_BA
0 0 0
t_wo + t_wo_cam
0.9 0 0
Time
1558451895091
Theta
0
t_GA - R_GA * R_AB * t_BA
0 0 0
t_wo + t_wo_cam
0.9 0 0
Time
1558451895157
Theta
0
t_GA - R_GA * R_AB * t_BA
0 0 0
t_wo + t_wo_cam
0.9 0 0
Time
1558451895235
Theta
0
t_GA - R_GA * R_AB * t_BA
0 0 0
t_wo + t_wo_cam
0.9 0 0
Time
1558451895312
Theta
0
t_GA - R_GA * R_AB * t_BA
0 0 0
t_wo + t_wo_cam
0.9 0 0
Time
1558451895390
Theta
0
t_GA - R_GA * R_AB * t_BA
0 0 0
t_wo + t_wo_cam
0.9 0 0
Time
1558451895468
Theta
0
t_GA - R_GA * R_AB * t_BA
0 0 0
t_wo + t_wo_cam
0.9 0 0
Time
1558451895546
Theta
0
t_GA - R_GA * R_AB * t_BA
0 0 0
t_wo + t_wo_cam
0.9 0 0
Time
1558451895624
Theta
0
t_GA - R_GA * R_AB * t_BA
0 0 0
t_wo + t_wo_cam
0.9 0 0
Time
1558451895701
Theta
0
t_GA - R_GA * R_AB * t_BA
0 0 0
t_wo + t_wo_cam
0.9 0 0
Time
1558451895780
Theta
0
t_GA - R_GA * R_AB * t_BA
0 0 0
t_wo + t_wo_cam
0.9 0 0
Time
1558451895857
Theta
0
t_GA - R_GA * R_AB * t_BA
0 0 0
t_wo + t_wo_cam
0.928377 -0.0512561 0
Time
1558451895935
Theta
-0.0551545
t_GA - R_GA * R_AB * t_BA
0 0 0
t_wo + t_wo_cam
0.928377 -0.0512561 0
Time
1558451896013
Theta
-0.0551545
t_GA - R_GA * R_AB * t_BA
0 0 0
t_wo + t_wo_cam
0.928377 -0.0512561 0
Time
1558451896090
Theta
-0.0551545
t_GA - R_GA * R_AB * t_BA
0 0 0
t_wo + t_wo_cam
0.928377 -0.0512561 0
Time
1558451896168
Theta
-0.0551545
t_GA - R_GA * R_AB * t_BA
0 0 0
t_wo + t_wo_cam
0.928377 -0.0512561 0
Time
1558451896246
Theta
-0.0551545
t_GA - R_GA * R_AB * t_BA
0 0 0
t_wo + t_wo_cam
0.928377 -0.0512561 0
Time
1558451896324
Theta
-0.0551545
t_GA - R_GA * R_AB * t_BA
0 0 0
t_wo + t_wo_cam
0.928377 -0.0512561 0
Time
1558451896401
Theta
-0.0551545
t_GA - R_GA * R_AB * t_BA
0 0 0
t_wo + t_wo_cam
0.928377 -0.0512561 0
Time
1558451896484
Theta
-0.0551545
t_GA - R_GA * R_AB * t_BA
0 0 0
t_wo + t_wo_cam
0.928377 -0.0512561 0
Time
1558451896561
Theta
-0.0551545
t_GA - R_GA * R_AB * t_BA
0 0 0
t_wo + t_wo_cam
0.928377 -0.0512561 0
Time
1558451896639
Theta
-0.0551545
t_GA - R_GA * R_AB * t_BA
0 0 0
t_wo + t_wo_cam
0.928377 -0.0512561 0
Time
1558451896717
Theta
-0.0551545
t_GA - R_GA * R_AB * t_BA
0 0 0
t_wo + t_wo_cam
0.928377 -0.0512561 0
Time
1558451896795
Theta
-0.0551545
t_GA - R_GA * R_AB * t_BA
0 0 0
t_wo + t_wo_cam
0.928377 -0.0512561 0
Time
1558451896872
Theta
-0.0551545
t_GA - R_GA * R_AB * t_BA
0 0 0
t_wo + t_wo_cam
0.928377 -0.0512561 0
Time
1558451896950
Theta
-0.0551545
t_GA - R_GA * R_AB * t_BA
0 0 0
t_wo + t_wo_cam
0.928377 -0.0512561 0
Time
1558451897028
Theta
-0.0551545
t_GA - R_GA * R_AB * t_BA
0 0 0
t_wo + t_wo_cam
0.928377 -0.0512561 0
Time
1558451897106
Theta
-0.0551545
t_GA - R_GA * R_AB * t_BA
0 0 0
t_wo + t_wo_cam
0.928377 -0.0512561 0
Time
1558451897183
Theta
-0.0551545
t_GA - R_GA * R_AB * t_BA
0 0 0
t_wo + t_wo_cam
0.928377 -0.0512561 0
Time
1558451897261
Theta
-0.0551545
t_GA - R_GA * R_AB * t_BA
0 0 0
t_wo + t_wo_cam
0.928377 -0.0512561 0
Time
1558451897339
Theta
-0.0551545
t_GA - R_GA * R_AB * t_BA
0 0 0
t_wo + t_wo_cam
0.928377 -0.0512561 0
Time
1558451897417
Theta
-0.0551545
t_GA - R_GA * R_AB * t_BA
0 0 0
t_wo + t_wo_cam
0.928377 -0.0512561 0
Time
1558451897495
Theta
-0.0551545
t_GA - R_GA * R_AB * t_BA
0 0 0
t_wo + t_wo_cam
0.928377 -0.0512561 0
Time
1558451897573
Theta
-0.0551545
t_GA - R_GA * R_AB * t_BA
0 0 0
t_wo + t_wo_cam
0.928377 -0.0512561 0
Time
1558451897650
Theta
-0.0551545
t_GA - R_GA * R_AB * t_BA
0 0 0
t_wo + t_wo_cam
0.928377 -0.0512561 0
Time
1558451897728
Theta
-0.0551545
t_GA - R_GA * R_AB * t_BA
0 0 0
t_wo + t_wo_cam
0.928377 -0.0512561 0
Time
1558451897806
Theta
-0.0551545
t_GA - R_GA * R_AB * t_BA
0 0 0
t_wo + t_wo_cam
0.928377 -0.0512561 0
Time
1558451897883
Theta
-0.0551545
t_GA - R_GA * R_AB * t_BA
0 0 0
t_wo + t_wo_cam
0.928377 -0.0512561 0
Time
1558451897961
Theta
-0.0551545
t_GA - R_GA * R_AB * t_BA
0 0 0
t_wo + t_wo_cam
0.928377 -0.0512561 0
Time
1558451898039
Theta
-0.0551545
t_GA - R_GA * R_AB * t_BA
0 0 0
t_wo + t_wo_cam
0.928377 -0.0512561 0
Time
1558451898117
Theta
-0.0551545
t_GA - R_GA * R_AB * t_BA
0 0 0
t_wo + t_wo_cam
0.928377 -0.0512561 0
Time
1558451898194
Theta
-0.0551545
t_GA - R_GA * R_AB * t_BA
0 0 0
t_wo + t_wo_cam
0.928377 -0.0512561 0
Time
1558451898272
Theta
-0.0551545
t_GA - R_GA * R_AB * t_BA
0 0 0
t_wo + t_wo_cam
0.928377 -0.0512561 0
Time
1558451898350
Theta
-0.0551545
t_GA - R_GA * R_AB * t_BA
0 0 0
t_wo + t_wo_cam
0.928377 -0.0512561 0
Time
1558451898428
Theta
-0.0551545
t_GA - R_GA * R_AB * t_BA
0 0 0
t_wo + t_wo_cam
0.928377 -0.0512561 0
Time
1558451898506
Theta
-0.0551545
t_GA - R_GA * R_AB * t_BA
0 0 0
t_wo + t_wo_cam
0.928377 -0.0512561 0
Time
1558451898583
Theta
-0.0551545
t_GA - R_GA * R_AB * t_BA
0 0 0
t_wo + t_wo_cam
0.928377 -0.0512561 0
Time
1558451898661
Theta
-0.0551545
t_GA - R_GA * R_AB * t_BA
0 0 0
t_wo + t_wo_cam
0.928377 -0.0512561 0
Time
1558451898743
Theta
-0.0551545
t_GA - R_GA * R_AB * t_BA
0 0 0
t_wo + t_wo_cam
0.928377 -0.0512561 0
Time
1558451898821
Theta
-0.0551545
t_GA - R_GA * R_AB * t_BA
0 0 0
t_wo + t_wo_cam
0.928377 -0.0512561 0
Time
1558451898899
Theta
-0.0551545
t_GA - R_GA * R_AB * t_BA
0 0 0
t_wo + t_wo_cam
0.928377 -0.0512561 0
Time
1558451898977
Theta
-0.0551545
t_GA - R_GA * R_AB * t_BA
0 0 0
t_wo + t_wo_cam
0.928377 -0.0512561 0
Time
1558451899054
Theta
-0.0551545
t_GA - R_GA * R_AB * t_BA
0 0 0
t_wo + t_wo_cam
0.928377 -0.0512561 0
Time
1558451899132
Theta
-0.0551545
t_GA - R_GA * R_AB * t_BA
0 0 0
t_wo + t_wo_cam
0.928377 -0.0512561 0
Time
1558451899210
Theta
-0.0551545
t_GA - R_GA * R_AB * t_BA
0 0 0
t_wo + t_wo_cam
0.928377 -0.0512561 0
Time
1558451899288
Theta
-0.0551545
t_GA - R_GA * R_AB * t_BA
0 0 0
t_wo + t_wo_cam
0.928377 -0.0512561 0
Time
1558451899366
Theta
-0.0551545
t_GA - R_GA * R_AB * t_BA
0 0 0
t_wo + t_wo_cam
0.928377 -0.0512561 0
Time
1558451899443
Theta
-0.0551545
t_GA - R_GA * R_AB * t_BA
0 0 0
t_wo + t_wo_cam
0.928377 -0.0512561 0
Time
1558451899521
Theta
-0.0551545
t_GA - R_GA * R_AB * t_BA
0 0 0
t_wo + t_wo_cam
0.928377 -0.0512561 0
Time
1558451899599
Theta
-0.0551545
t_GA - R_GA * R_AB * t_BA
0 0 0
t_wo + t_wo_cam
0.928377 -0.0512561 0
Time
1558451899676
Theta
-0.0551545
t_GA - R_GA * R_AB * t_BA
0 0 0
t_wo + t_wo_cam
0.928377 -0.0512561 0
Time
1558451899754
Theta
-0.0551545
t_GA - R_GA * R_AB * t_BA
0 0 0
t_wo + t_wo_cam
0.928377 -0.0512561 0
Time
1558451899832
Theta
-0.0551545
t_GA - R_GA * R_AB * t_BA
0 0 0
t_wo + t_wo_cam
0.928377 -0.0512561 0
Time
1558451899910
Theta
-0.0551545
t_GA - R_GA * R_AB * t_BA
0 0 0
t_wo + t_wo_cam
0.928377 -0.0512561 0
Time
1558451899988
Theta
-0.0551545
t_GA - R_GA * R_AB * t_BA
0 0 0
t_wo + t_wo_cam
0.928377 -0.0512561 0
Time
1558451900066
Theta
-0.0551545
t_GA - R_GA * R_AB * t_BA
0 0 0
t_wo + t_wo_cam
0.928377 -0.0512561 0
Time
1558451900143
Theta
-0.0551545
t_GA - R_GA * R_AB * t_BA
0 0 0
t_wo + t_wo_cam
0.928377 -0.0512561 0
Time
1558451900221
Theta
-0.0551545
t_GA - R_GA * R_AB * t_BA
0 0 0
t_wo + t_wo_cam
0.928377 -0.0512561 0
Time
1558451900299
Theta
-0.0551545
t_GA - R_GA * R_AB * t_BA
0 0 0
t_wo + t_wo_cam
0.928377 -0.0512561 0
Time
1558451900377
Theta
-0.0551545
t_GA - R_GA * R_AB * t_BA
0 0 0
t_wo + t_wo_cam
0.928377 -0.0512561 0
Time
1558451900454
Theta
-0.0551545
t_GA - R_GA * R_AB * t_BA
0 0 0
t_wo + t_wo_cam
0.928377 -0.0512561 0
Time
1558451900532
Theta
-0.0551545
t_GA - R_GA * R_AB * t_BA
0 0 0
t_wo + t_wo_cam
0.928377 -0.0512561 0
Time
1558451900610
Theta
-0.0551545
t_GA - R_GA * R_AB * t_BA
0 0 0
t_wo + t_wo_cam
0.928377 -0.0512561 0
Time
1558451900687
Theta
-0.0551545
t_GA - R_GA * R_AB * t_BA
0 0 0
t_wo + t_wo_cam
0.928377 -0.0512561 0
Time
1558451900765
Theta
-0.0551545
t_GA - R_GA * R_AB * t_BA
0 0 0
t_wo + t_wo_cam
0.928377 -0.0512561 0
Time
1558451900843
Theta
-0.0551545
t_GA - R_GA * R_AB * t_BA
0 0 0
t_wo + t_wo_cam
0.928377 -0.0512561 0
Time
1558451900921
Theta
-0.0551545
t_GA - R_GA * R_AB * t_BA
0 0 0
t_wo + t_wo_cam
0.928377 -0.0512561 0
Time
1558451901000
Theta
-0.0551545
t_GA - R_GA * R_AB * t_BA
0 0 0
t_wo + t_wo_cam
0.928377 -0.0512561 0
Time
1558451901080
Theta
-0.0551545
t_GA - R_GA * R_AB * t_BA
0 0 0
t_wo + t_wo_cam
0.928377 -0.0512561 0
Time
1558451901158
Theta
-0.0551545
t_GA - R_GA * R_AB * t_BA
0 0 0
t_wo + t_wo_cam
0.928377 -0.0512561 0
Time
1558451901236
Theta
-0.0551545
t_GA - R_GA * R_AB * t_BA
0 0 0
t_wo + t_wo_cam
0.928377 -0.0512561 0
Time
1558451901314
Theta
-0.0551545
t_GA - R_GA * R_AB * t_BA
0 0 0
t_wo + t_wo_cam
0.928377 -0.0512561 0
Time
1558451901392
Theta
-0.0551545
t_GA - R_GA * R_AB * t_BA
0 0 0
t_wo + t_wo_cam
0.928377 -0.0512561 0
Time
1558451901470
Theta
-0.0551545
t_GA - R_GA * R_AB * t_BA
0 0 0
t_wo + t_wo_cam
0.928377 -0.0512561 0
Time
1558451901548
Theta
-0.0551545
t_GA - R_GA * R_AB * t_BA
0 0 0
t_wo + t_wo_cam
0.928377 -0.0512561 0
Time
1558451901625
Theta
-0.0551545
t_GA - R_GA * R_AB * t_BA
0 0 0
t_wo + t_wo_cam
0.928377 -0.0512561 0
Time
1558451901703
Theta
-0.0551545
t_GA - R_GA * R_AB * t_BA
0 0 0
t_wo + t_wo_cam
0.928377 -0.0512561 0
Time
1558451901781
Theta
-0.0551545
t_GA - R_GA * R_AB * t_BA
0 0 0
t_wo + t_wo_cam
0.928377 -0.0512561 0
Time
1558451901859
Theta
-0.0551545
t_GA - R_GA * R_AB * t_BA
0 0 0
t_wo + t_wo_cam
0.928377 -0.0512561 0
Time
1558451901936
Theta
-0.0551545
t_GA - R_GA * R_AB * t_BA
0 0 0
t_wo + t_wo_cam
0.928377 -0.0512561 0
Time
1558451902014
Theta
-0.0551545
t_GA - R_GA * R_AB * t_BA
0 0 0
t_wo + t_wo_cam
0.928377 -0.0512561 0
Time
1558451902092
Theta
-0.0551545
t_GA - R_GA * R_AB * t_BA
0 0 0
t_wo + t_wo_cam
0.928377 -0.0512561 0
Time
1558451902170
Theta
-0.0551545
t_GA - R_GA * R_AB * t_BA
0 0 0
t_wo + t_wo_cam
0.928377 -0.0512561 0
Time
1558451902247
Theta
-0.0551545
t_GA - R_GA * R_AB * t_BA
0 0 0
t_wo + t_wo_cam
0.928377 -0.0512561 0
Time
1558451902325
Theta
-0.0551545
t_GA - R_GA * R_AB * t_BA
0 0 0
t_wo + t_wo_cam
0.928377 -0.0512561 0
Time
1558451902403
Theta
-0.0551545
t_GA - R_GA * R_AB * t_BA
0 0 0
t_wo + t_wo_cam
0.928377 -0.0512561 0
Time
1558451902481
Theta
-0.0551545
t_GA - R_GA * R_AB * t_BA
0 0 0
t_wo + t_wo_cam
0.928377 -0.0512561 0
Time
1558451902558
Theta
-0.0551545
t_GA - R_GA * R_AB * t_BA
0 0 0
t_wo + t_wo_cam
0.928377 -0.0512561 0
Time
1558451902636
Theta
-0.0551545
t_GA - R_GA * R_AB * t_BA
0 0 0
t_wo + t_wo_cam
0.928377 -0.0512561 0
Time
1558451902714
Theta
-0.0551545
t_GA - R_GA * R_AB * t_BA
0 0 0
t_wo + t_wo_cam
0.928377 -0.0512561 0
Time
1558451902792
Theta
-0.0551545
t_GA - R_GA * R_AB * t_BA
0 0 0
t_wo + t_wo_cam
0.928377 -0.0512561 0
Time
1558451902870
Theta
-0.0551545
t_GA - R_GA * R_AB * t_BA
0 0 0
t_wo + t_wo_cam
0.928377 -0.0512561 0
Time
1558451902948
Theta
-0.0551545
t_GA - R_GA * R_AB * t_BA
0 0 0
t_wo + t_wo_cam
0.928377 -0.0512561 0
Time
1558451903025
Theta
-0.0551545
t_GA - R_GA * R_AB * t_BA
0 0 0
t_wo + t_wo_cam
0.928377 -0.0512561 0
Time
1558451903103
Theta
-0.0551545
t_GA - R_GA * R_AB * t_BA
0 0 0
t_wo + t_wo_cam
0.928377 -0.0512561 0
Time
1558451903181
Theta
-0.0551545
t_GA - R_GA * R_AB * t_BA
0 0 0
t_wo + t_wo_cam
0.928377 -0.0512561 0
Time
1558451903258
Theta
-0.0551545
t_GA - R_GA * R_AB * t_BA
0 0 0
t_wo + t_wo_cam
0.928377 -0.0512561 0
Time
1558451903340
Theta
-0.0551545
t_GA - R_GA * R_AB * t_BA
0 0 0
t_wo + t_wo_cam
0.928377 -0.0512561 0
Time
1558451903418
Theta
-0.0551545
t_GA - R_GA * R_AB * t_BA
0 0 0
t_wo + t_wo_cam
0.928377 -0.0512561 0
Time
1558451903496
Theta
-0.0551545
t_GA - R_GA * R_AB * t_BA
0 0 0
t_wo + t_wo_cam
0.928377 -0.0512561 0
Time
1558451903574
Theta
-0.0551545
t_GA - R_GA * R_AB * t_BA
0 0 0
t_wo + t_wo_cam
0.928377 -0.0512561 0
Time
1558451903652
Theta
-0.0551545
t_GA - R_GA * R_AB * t_BA
0 0 0
t_wo + t_wo_cam
0.928377 -0.0512561 0
Time
1558451903729
Theta
-0.0551545
t_GA - R_GA * R_AB * t_BA
0 0 0
t_wo + t_wo_cam
0.928377 -0.0512561 0
Time
1558451903807
Theta
-0.0551545
t_GA - R_GA * R_AB * t_BA
0 0 0
t_wo + t_wo_cam
0.928377 -0.0512561 0
Time
1558451903885
Theta
-0.0551545
t_GA - R_GA * R_AB * t_BA
0 0 0
t_wo + t_wo_cam
0.928377 -0.0512561 0
Time
1558451903963
Theta
-0.0551545
t_GA - R_GA * R_AB * t_BA
0 0 0
t_wo + t_wo_cam
0.928377 -0.0512561 0
Time
1558451904040
Theta
-0.0551545
t_GA - R_GA * R_AB * t_BA
0 0 0
t_wo + t_wo_cam
0.928377 -0.0512561 0
Time
1558451904118
Theta
-0.0551545
t_GA - R_GA * R_AB * t_BA
0 0 0
t_wo + t_wo_cam
0.928377 -0.0512561 0
Time
1558451904196
Theta
-0.0551545
t_GA - R_GA * R_AB * t_BA
0 0 0
t_wo + t_wo_cam
0.928377 -0.0512561 0
Time
1558451904274
Theta
-0.0551545
t_GA - R_GA * R_AB * t_BA
0 0 0
t_wo + t_wo_cam
0.928377 -0.0512561 0
Time
1558451904352
Theta
-0.0551545
t_GA - R_GA * R_AB * t_BA
0 0 0
t_wo + t_wo_cam
0.928377 -0.0512561 0
Time
1558451904430
Theta
-0.0551545
t_GA - R_GA * R_AB * t_BA
0 0 0
t_wo + t_wo_cam
0.928377 -0.0512561 0
Time
1558451904507
Theta
-0.0551545
t_GA - R_GA * R_AB * t_BA
0 0 0
t_wo + t_wo_cam
0.928377 -0.0512561 0
Time
1558451904585
Theta
-0.0551545
t_GA - R_GA * R_AB * t_BA
0 0 0
t_wo + t_wo_cam
0.928377 -0.0512561 0
Time
1558451904663
Theta
-0.0551545
t_GA - R_GA * R_AB * t_BA
0 0 0
t_wo + t_wo_cam
0.928377 -0.0512561 0
Time
1558451904741
Theta
-0.0551545
t_GA - R_GA * R_AB * t_BA
0 0 0
t_wo + t_wo_cam
0.928377 -0.0512561 0
Time
1558451904819
Theta
-0.0551545
t_GA - R_GA * R_AB * t_BA
0 0 0
t_wo + t_wo_cam
0.928377 -0.0512561 0
Time
1558451904896
Theta
-0.0551545
t_GA - R_GA * R_AB * t_BA
0 0 0
t_wo + t_wo_cam
0.928377 -0.0512561 0
Time
1558451904974
Theta
-0.0551545
t_GA - R_GA * R_AB * t_BA
0 0 0
t_wo + t_wo_cam
0.928377 -0.0512561 0
Time
1558451905052
Theta
-0.0551545
t_GA - R_GA * R_AB * t_BA
0 0 0
t_wo + t_wo_cam
0.928377 -0.0512561 0
Time
1558451905130
Theta
-0.0551545
t_GA - R_GA * R_AB * t_BA
0 0 0
t_wo + t_wo_cam
0.928377 -0.0512561 0
Time
1558451905207
Theta
-0.0551545
t_GA - R_GA * R_AB * t_BA
0 0 0
t_wo + t_wo_cam
0.928377 -0.0512561 0
Time
1558451905285
Theta
-0.0551545
t_GA - R_GA * R_AB * t_BA
0 0 0
t_wo + t_wo_cam
0.928377 -0.0512561 0
Time
1558451905363
Theta
-0.0551545
t_GA - R_GA * R_AB * t_BA
0 0 0
t_wo + t_wo_cam
0.928377 -0.0512561 0
Time
1558451905441
Theta
-0.0551545
t_GA - R_GA * R_AB * t_BA
0 0 0
t_wo + t_wo_cam
0.928377 -0.0512561 0
Time
1558451905518
Theta
-0.0551545
t_GA - R_GA * R_AB * t_BA
0 0 0
t_wo + t_wo_cam
0.928377 -0.0512561 0
Time
1558451905597
Theta
-0.0551545
t_GA - R_GA * R_AB * t_BA
0 0 0
t_wo + t_wo_cam
0.928377 -0.0512561 0
Time
1558451905678
Theta
-0.0551545
t_GA - R_GA * R_AB * t_BA
0 0 0
t_wo + t_wo_cam
0.928377 -0.0512561 0
Time
1558451905756
Theta
-0.0551545
t_GA - R_GA * R_AB * t_BA
0 0 0
t_wo + t_wo_cam
0.928377 -0.0512561 0
Time
1558451905834
Theta
-0.0551545
