1557764527214 0 0 0
1557764527314 0 0 0
1557764527415 0 0 0
1557764527515 0 0 0
1557764527616 0 0 0
1557764527716 0 0 0
1557764527816 0 0 0
1557764527917 0 0 0
1557764528017 0 0 0
1557764528117 0 0 0
1557764528218 0 0 0
1557764528318 0 0 0
1557764528419 0 0 0
1557764528519 0 0 0
1557764528620 0 0 0
1557764528720 0 0 0
1557764528820 0 0 0
1557764528921 0 0 0
1557764529021 0 0 0
1557764529121 0 0 0
1557764529222 0 0 0
1557764529322 0 0 0
1557764529422 0 0 0
1557764529523 0 0 0
1557764529623 0 0 0
1557764529724 0 0 0
1557764529824 0 0 0
1557764529924 0 0 0
1557764530025 0 0 0
1557764530125 0 0 0
1557764530226 0 0 0
1557764530326 0 0 0
1557764530427 0 0 0
1557764530527 0 0 0
1557764530627 0 0 0
1557764530728 0 0 0
1557764530828 0 0 0
1557764530928 0 0 0
1557764531029 0 0 0
1557764531129 0 0 0
1557764531229 0 0 0
1557764531330 0 0 0
1557764531430 0 0 0
1557764531531 0 0 0
1557764531631 0 0 0
1557764531732 0 0 0
1557764531832 0 0 0
1557764531932 0 0 0
1557764532033 0 0 0
1557764532133 0 0 0
1557764532234 0 0 0
1557764532334 0 0 0
1557764532434 0 0 0
1557764532534 0 0 0
1557764532635 0 0 0
1557764532735 0 0 0
1557764532836 0 0 0
1557764532936 0 0 0
1557764533036 0 0 0
1557764533137 0 0 0
1557764533237 0 0 0
1557764533337 0 0 0
1557764533438 0 0 0
1557764533538 0 0 0
1557764533639 0 0 0
1557764533739 0 0 0
1557764533840 0 0 0
1557764533940 0 0 0
1557764534040 0 0 0
1557764534141 0 0 0
1557764534241 0 0 0
1557764534342 0 0 0
1557764534442 0 0 0
1557764534543 0 0 0
1557764534643 0 0 0
1557764534744 0.103062 0.377271 0.00604731
1557764534844 0.105037 0.366819 0.00472696
1557764534944 0.0825288 0.37264 0.0359324
1557764535045 0.0666904 0.361804 -0.0676723
1557764535145 0.0675933 0.363163 -0.0670899
1557764535246 0.0676942 0.362747 -0.0679938
1557764535346 0.0686891 0.362781 -0.0678984
1557764535447 0.0697018 0.364633 -0.0686368
1557764535547 0.0470658 0.313448 0.00471577
1557764535648 0.0426695 0.316558 0.011714
1557764535748 0.0426695 0.316558 0.011714
1557764535848 0.0584215 0.328765 0.0014727
1557764535949 0.0689373 0.306123 0.00257893
1557764536049 0.0462124 0.301421 0.0109503
1557764536150 0.0462124 0.301421 0.0109503
1557764536250 0.0396436 0.298973 0.0197036
1557764536350 0.034258 0.30189 0.051853
1557764536451 0.0321584 0.301216 0.0529196
1557764536551 0.0321141 0.300245 0.0531566
1557764536652 0.0199353 0.314054 0.0283219
1557764536752 0.0210125 0.314948 0.0281192
1557764536853 0.0221641 0.315536 0.026967
1557764536953 0.0221734 0.316792 0.0276176
1557764537054 0.0222477 0.316487 0.0266682
1557764537154 0.0220806 0.314586 0.0272659
1557764537255 0.021997 0.313635 0.0275647
1557764537355 0.0210961 0.315898 0.0278204
1557764537455 -0.064109 0.31998 0.0318888
1557764537556 -0.053252 0.319339 0.0339612
1557764537656 -0.053252 0.319339 0.0339612
1557764537756 -0.0436979 0.317782 0.0313894
1557764537857 -0.0414108 0.316553 0.0246724
1557764537957 -0.0455751 0.315755 0.0226261
1557764538058 -0.0455751 0.315755 0.0226261
1557764538158 -0.0485132 0.31658 0.0230618
1557764538259 -0.0501319 0.317032 0.0228214
1557764538359 -0.0487727 0.316703 0.0228163
1557764538459 -0.0507338 0.316987 0.02333
1557764538560 -0.0495801 0.31703 0.0234597
1557764538660 -0.0505748 0.317055 0.0230326
1557764538761 -0.0505748 0.317055 0.0230326
1557764538861 -0.050113 0.317806 0.0228925
1557764538961 -0.0808414 0.327854 0.0544333
1557764539062 -0.0625101 0.335662 0.0516964
1557764539162 -0.0635069 0.335687 0.0516208
1557764539262 -0.0643939 0.336422 0.0503274
1557764539363 -0.0633971 0.336397 0.050403
1557764539463 -0.0812404 0.512193 0.148983
1557764539564 -0.0812404 0.512193 0.148983
1557764539664 -0.0207341 0.580594 0.0308672
1557764539764 -0.0207341 0.580594 0.0308672
1557764539865 -0.0494881 0.597063 0.0161678
1557764539965 -0.050482 0.597058 0.016057
1557764540065 0.021588 0.640367 0.00107428
1557764540165 0.021085 0.631025 0.00307445
1557764540266 0.0212402 0.630312 0.00121241
1557764540366 0.0220799 0.630993 0.00316996
1557764540467 -0.00109176 0.64345 -0.0295518
1557764540567 0.00889765 0.633892 -0.0506738
1557764540667 0.00788065 0.63519 -0.0501444
1557764540768 0.0542021 0.636338 -0.0635402
1557764540868 0.0594384 0.625845 -0.185456
1557764540968 0.0594384 0.625845 -0.185456
1557764541069 0.0294964 0.629047 -0.106513
1557764541169 0.0983603 0.639398 -0.0897329
1557764541270 0.0961328 0.641228 -0.0824871
1557764541370 0.0887951 0.644039 -0.0737211
1557764541470 0.0935296 0.650902 -0.0807254
1557764541571 0.0931331 0.645005 -0.0874528
1557764541671 0.0989976 0.632533 -0.139295
1557764541772 0.0557228 0.635415 -0.103156
1557764541872 0.0583255 0.634031 -0.116772
1557764541972 0.0539899 0.631896 -0.126887
1557764542073 0.0465179 0.631356 -0.125774
1557764542173 0.0484021 0.630195 -0.135396
1557764542273 0.0467304 0.62936 -0.137483
1557764542374 0.046449 0.629271 -0.137769
1557764542474 0.0489548 0.629201 -0.141603
1557764542575 0.0495727 0.62942 -0.139755
1557764542675 0.0501518 0.629426 -0.141465
1557764542776 0.0474827 0.628897 -0.143005
1557764542876 0.0504125 0.62856 -0.146015
1557764542976 0.0517071 0.629265 -0.142007
1557764543076 0.0565084 0.62878 -0.14545
1557764543177 0.0670036 0.628615 -0.14664
1557764543277 0.0533583 0.629075 -0.143513
1557764543377 0.0525672 0.628405 -0.14959
1557764543478 0.0490436 0.629198 -0.143363
1557764543578 0.0524636 0.629063 -0.146835
1557764543679 0.0515618 0.629012 -0.147441
1557764543779 0.0582409 0.629536 -0.14747
1557764543879 0.0538076 0.629691 -0.14612
1557764543980 0.0555056 0.629789 -0.147296
1557764544080 0.0545139 0.6298 -0.147788
1557764544181 0.056312 0.630008 -0.147805
1557764544281 0.0568125 0.629994 -0.148738
1557764544381 0.0569883 0.630921 -0.142383
1557764544482 0.0550227 0.630036 -0.148559
1557764544582 0.0566659 0.630744 -0.145233
1557764544683 0.0568552 0.630276 -0.148372
1557764544783 0.0589948 0.63098 -0.145083
1557764544883 0.0555674 0.630215 -0.148272
1557764544984 0.06351 0.630729 -0.148668
1557764545084 0.0647329 0.631272 -0.146
1557764545184 0.0634304 0.63114 -0.147161
1557764545285 0.0617441 0.630793 -0.149098
1557764545385 0.0649298 0.630835 -0.148771
1557764545485 0.0630822 0.630691 -0.148816
1557764545586 0.0657489 0.630566 -0.149363
1557764545687 0.0644795 0.630495 -0.148761
1557764545787 0.0883802 0.630543 -0.146168
1557764545888 0.0719727 0.630651 -0.146361
1557764545988 0.0868063 0.63039 -0.14615
1557764546089 0.0690083 0.630414 -0.148252
1557764546189 0.116575 0.627661 -0.147397
1557764546289 0.0724232 0.63082 -0.145972
1557764546390 0.0680159 0.630632 -0.148652
1557764546490 0.0637415 0.631083 -0.146007
1557764546590 0.0634002 0.63094 -0.148315
1557764546691 0.0630159 0.630801 -0.148366
1557764546791 0.0726203 0.630977 -0.149164
1557764546892 0.0671698 0.631182 -0.147714
1557764546992 0.0668504 0.631655 -0.145132
1557764547092 0.0640262 0.630996 -0.148903
1557764547193 0.0652345 0.631314 -0.147681
1557764547293 0.0658714 0.630993 -0.149616
1557764547394 0.0662198 0.631259 -0.148637
1557764547494 0.062056 0.631174 -0.14814
1557764547595 0.0734899 0.631238 -0.149737
1557764547695 0.0699779 0.631368 -0.148373
1557764547795 0.0747739 0.631048 -0.151003
1557764547896 0.0926631 0.6308 -0.148414
1557764547996 0.093527 0.630859 -0.14937
1557764548096 0.0745692 0.631516 -0.147838
1557764548197 0.122467 0.627942 -0.152269
1557764548297 0.138479 0.625094 -0.153151
1557764548397 0.15418 0.620339 -0.164147
1557764548498 0.166153 0.616463 -0.168037
1557764548598 0.158547 0.618009 -0.169536
1557764548698 0.167945 0.614934 -0.172796
1557764548799 0.131096 0.6133 -0.209079
1557764548899 0.131789 0.613856 -0.20659
1557764548999 0.128818 0.614701 -0.205378
1557764549100 0.151006 0.615718 -0.186658
1557764549201 0.129953 0.615335 -0.202344
1557764549301 0.1469 0.618216 -0.181198
1557764549401 0.147356 0.616955 -0.185878
1557764549502 0.142529 0.617251 -0.189614
1557764549602 0.163426 0.616351 -0.174356
1557764549703 0.158795 0.618237 -0.171615
1557764549803 0.130496 0.617879 -0.19553
1557764549903 0.12329 0.615527 -0.207669
1557764550004 0.119963 0.605609 -0.238143
1557764550104 0.119364 0.599971 -0.244295
1557764550204 0.120953 0.592997 -0.24261
1557764550305 0.123319 0.598605 -0.24359
1557764550405 0.122774 0.597766 -0.243581
1557764550505 0.12275 0.594193 -0.244693
1557764550606 0.124838 0.594007 -0.246839
1557764550706 0.123611 0.597222 -0.243652
1557764550806 0.124774 0.594038 -0.247837
1557764550907 0.123889 0.587437 -0.24999
1557764551007 0.12756 0.598201 -0.246884
1557764551108 0.12757 0.593371 -0.252048
1557764551208 0.129278 0.591026 -0.256241
1557764551309 0.134455 0.58879 -0.26266
1557764551409 0.138691 0.590733 -0.269891
1557764551509 0.146901 0.597227 -0.279241
1557764551610 0.152806 0.584849 -0.298054
1557764551710 0.159057 0.575888 -0.310767
1557764551810 0.164874 0.560108 -0.318652
1557764551911 0.169303 0.561958 -0.32289
1557764552011 0.177226 0.567488 -0.328241
1557764552111 0.179869 0.563311 -0.33556
1557764552212 0.182967 0.556431 -0.344997
1557764552312 0.187699 0.552067 -0.354461
1557764552412 0.190886 0.548728 -0.361789
1557764552513 0.195128 0.548325 -0.365083
1557764552613 0.197607 0.545468 -0.370344
1557764552714 0.200543 0.539908 -0.377725
1557764552814 0.205234 0.539148 -0.387074
1557764552915 0.206893 0.529658 -0.393492
1557764553015 0.206571 0.529813 -0.39848
1557764553115 0.211842 0.528774 -0.398852
1557764553216 0.210877 0.529379 -0.400776
1557764553316 0.212917 0.522048 -0.405146
1557764553416 0.215485 0.522732 -0.408298
1557764553517 0.216584 0.51958 -0.41348
1557764553617 0.218227 0.517266 -0.418671
1557764553717 0.219326 0.514113 -0.423853
1557764553818 0.222999 0.509299 -0.42825
1557764553918 0.225795 0.508631 -0.432461
1557764554019 0.22972 0.506038 -0.436806
1557764554119 0.232165 0.504439 -0.438016
1557764554219 0.233288 0.504858 -0.442085
1557764554320 0.232427 0.501829 -0.443127
1557764554420 0.234328 0.499391 -0.444328
1557764554521 0.234808 0.500261 -0.445334
1557764554621 0.235832 0.50197 -0.44635
1557764554722 0.236669 0.501426 -0.446421
1557764554822 0.237441 0.500914 -0.447489
1557764554922 0.236312 0.50284 -0.447356
1557764555023 0.234615 0.500354 -0.448327
1557764555123 0.235288 0.501131 -0.446341
1557764555224 0.235224 0.501162 -0.447338
1557764555324 0.23606 0.500619 -0.447409
1557764555425 0.236124 0.500588 -0.446412
1557764555525 0.235224 0.501162 -0.447338
1557764555625 0.23654 0.501488 -0.448415
1557764555726 0.234744 0.500292 -0.446332
1557764555826 0.236604 0.501457 -0.447418
1557764555926 0.233036 0.502637 -0.442138
1557764556027 0.230135 0.506939 -0.438809
1557764556127 0.224632 0.511815 -0.428277
1557764556228 0.221978 0.520823 -0.415794
1557764556328 0.212917 0.522048 -0.405146
1557764556428 0.205384 0.529425 -0.395407
1557764556529 0.200489 0.535109 -0.383886
1557764556629 0.194376 0.539177 -0.374342
1557764556730 0.188521 0.543121 -0.360809
1557764556830 0.18223 0.555685 -0.347981
1557764556930 0.178895 0.553168 -0.339823
1557764557031 0.171782 0.5591 -0.328152
1557764557131 0.164225 0.562904 -0.319525
1557764557232 0.161131 0.567439 -0.306151
1557764557332 0.156424 0.575375 -0.295575
1557764557432 0.15006 0.577222 -0.286084
1557764557533 0.144462 0.580902 -0.281598
1557764557633 0.141022 0.58202 -0.274323
1557764557734 0.138112 0.591152 -0.26583
1557764557834 0.135514 0.589381 -0.25469
1557764557935 0.130817 0.592486 -0.249277
1557764558035 0.125273 0.600966 -0.23863
1557764558135 0.119933 0.604522 -0.230154
1557764558236 0.116949 0.602937 -0.224998
1557764558336 0.114306 0.607114 -0.21768
1557764558436 0.111233 0.601988 -0.214634
1557764558537 0.10847 0.616976 -0.20697
1557764558637 0.108663 0.616883 -0.203978
1557764558737 0.106867 0.615686 -0.201894
1557764558838 0.106287 0.616106 -0.197834
1557764558938 0.109118 0.61432 -0.193059
1557764559038 0.105075 0.612145 -0.195874
1557764559139 0.104368 0.612626 -0.193808
1557764559239 0.103076 0.615872 -0.191618
1557764559340 0.101057 0.613542 -0.197576
1557764559440 0.105936 0.615174 -0.194832
1557764559541 0.103022 0.611073 -0.19778
1557764559641 0.104175 0.612719 -0.1968
1557764559742 0.106946 0.608479 -0.202124
1557764559842 0.108437 0.602655 -0.210422
1557764559942 0.115533 0.603899 -0.220867
1557764560043 0.111609 0.606492 -0.216523
1557764560143 0.113925 0.604955 -0.219727
1557764560243 0.119072 0.601493 -0.231196
1557764560344 0.122562 0.591941 -0.243749
1557764560444 0.129273 0.593511 -0.247141
1557764560545 0.13394 0.589178 -0.257602
1557764560645 0.137098 0.584613 -0.269979
1557764560745 0.143829 0.576522 -0.283698
1557764560846 0.147952 0.571351 -0.294151
1557764560946 0.15547 0.57115 -0.302663
1557764561047 0.161617 0.565824 -0.316258
1557764561147 0.168294 0.552933 -0.336139
1557764561248 0.175065 0.541239 -0.349974
1557764561348 0.180098 0.546241 -0.35716
1557764561449 0.18288 0.537171 -0.367648
1557764561549 0.18589 0.52675 -0.379195
1557764561649 0.192027 0.526254 -0.387627
1557764561750 0.199104 0.52158 -0.395247
1557764561850 0.202455 0.516921 -0.404631
1557764561950 0.205301 0.50782 -0.414121
1557764562051 0.209261 0.503969 -0.422517
1557764562151 0.212221 0.501981 -0.428786
1557764562252 0.215864 0.49594 -0.438232
1557764562352 0.216829 0.495334 -0.436308
1557764562453 0.220788 0.491483 -0.444704
1557764562553 0.222818 0.488983 -0.44391
1557764562654 0.22311 0.4876 -0.443972
1557764562754 0.228742 0.482662 -0.452509
1557764562854 0.230474 0.48389 -0.455591
1557764562954 0.229539 0.485722 -0.452465
1557764563055 0.227297 0.482398 -0.453427
1557764563155 0.226461 0.482941 -0.453356
1557764563256 0.229158 0.483563 -0.454513
1557764563356 0.225144 0.482615 -0.452279
1557764563456 0.224144 0.484479 -0.450151
1557764563556 0.226233 0.484293 -0.452297
1557764563657 0.226297 0.484262 -0.451299
1557764563757 0.228994 0.484883 -0.452456
1557764563858 0.226817 0.481528 -0.452421
1557764563958 0.225525 0.484774 -0.450231
1557764564059 0.225501 0.481202 -0.451343
1557764564159 0.224436 0.483096 -0.450213
1557764564260 0.223249 0.482708 -0.447141
1557764564360 0.222338 0.488113 -0.442903
1557764564461 0.221719 0.492135 -0.438728
1557764564561 0.21715 0.495179 -0.431321
1557764564661 0.212899 0.500412 -0.422863
1557764564762 0.208221 0.509575 -0.407237
1557764564862 0.198827 0.515786 -0.396412
1557764564962 0.191037 0.523427 -0.377626
1557764565063 0.183266 0.536985 -0.361663
1557764565163 0.17604 0.535942 -0.340176
1557764565263 0.166226 0.543598 -0.331284
1557764565364 0.161702 0.556271 -0.312551
1557764565464 0.153337 0.561846 -0.298805
1557764565565 0.146745 0.565044 -0.288254
1557764565665 0.136644 0.571737 -0.275364
1557764565766 0.131357 0.580092 -0.260726
1557764565866 0.12618 0.582327 -0.254308
1557764565966 0.120612 0.587234 -0.244772
1557764566067 0.114272 0.592654 -0.234169
1557764566167 0.104122 0.592202 -0.223503
1557764566268 0.097262 0.600355 -0.211778
1557764566368 0.0933913 0.607747 -0.201273
1557764566468 0.0888282 0.608445 -0.189928
1557764566569 0.0863589 0.606472 -0.189831
1557764566669 0.0845521 0.610106 -0.182583
1557764566769 0.0835523 0.61197 -0.180455
1557764566870 0.0829732 0.612389 -0.176395
1557764566970 0.0824932 0.611519 -0.175388
1557764567071 0.0838391 0.613073 -0.171416
1557764567171 0.0818846 0.610711 -0.176377
1557764567271 0.0836462 0.613166 -0.174409
1557764567372 0.0792762 0.613631 -0.17311
1557764567472 0.0820531 0.607046 -0.174497
1557764567573 0.0816568 0.612063 -0.175317
1557764567673 0.0838495 0.608242 -0.17658
1557764567773 0.0826965 0.606596 -0.17756
1557764567874 0.0820879 0.605788 -0.178548
1557764567974 0.0828252 0.606533 -0.175565
1557764568075 0.0814792 0.60498 -0.179537
1557764568175 0.0823401 0.608009 -0.178495
1557764568276 0.0834043 0.606114 -0.179626
1557764568376 0.0834043 0.606114 -0.179626
1557764568476 0.0831765 0.607465 -0.178566
1557764568577 0.0824443 0.604374 -0.177613
1557764568677 0.0816079 0.604918 -0.177542
1557764568778 0.08142 0.602666 -0.176597
1557764568878 0.0811279 0.604048 -0.176536
1557764568979 0.08094 0.601796 -0.175591
1557764569079 0.0802671 0.601019 -0.177577
1557764569180 0.0817764 0.601252 -0.175662
1557764569280 0.0803314 0.600988 -0.17658
1557764569380 0.0811035 0.600476 -0.177648
1557764569481 0.0824199 0.600802 -0.178725
1557764569581 0.0824199 0.600802 -0.178725
1557764569682 0.0859186 0.602138 -0.175901
1557764569782 0.0839589 0.602123 -0.184799
1557764569882 0.0858736 0.608087 -0.179723
1557764569983 0.086903 0.60745 -0.176802
1557764570083 0.0934361 0.601938 -0.184413
1557764570183 0.106011 0.610451 -0.185961
1557764570284 0.09554 0.594576 -0.187786
1557764570384 0.101482 0.609891 -0.178669
1557764570485 0.0975783 0.602824 -0.184653
1557764570585 0.0996963 0.603865 -0.181749
1557764570686 0.096361 0.601208 -0.18663
1557764570786 0.0968113 0.600991 -0.179647
1557764570886 0.101077 0.60416 -0.181829
1557764570987 0.0993502 0.600448 -0.187849
1557764571087 0.094629 0.599981 -0.183548
1557764571188 0.096213 0.595352 -0.1858
1557764571288 0.0992163 0.602995 -0.180743
1557764571388 0.0912344 0.59501 -0.185489
1557764571489 0.0945299 0.60127 -0.180494
1557764571589 0.101117 0.600556 -0.181944
1557764571690 0.0999884 0.602482 -0.181811
1557764571790 0.0988754 0.597232 -0.182905
1557764571890 0.1008 0.598366 -0.182994
1557764571991 0.0983954 0.596362 -0.181899
1557764572091 0.1008 0.598366 -0.182994
1557764572192 0.0977867 0.595555 -0.182887
1557764572293 0.0971781 0.594747 -0.183876
1557764572393 0.100192 0.597559 -0.183983
1557764572493 0.100004 0.595306 -0.183038
1557764572594 0.10042 0.596207 -0.185042
1557764572694 0.0978266 0.591951 -0.183002
1557764572795 0.10132 0.595633 -0.184115
1557764572895 0.0997761 0.596658 -0.181979
1557764572995 0.0991031 0.595881 -0.183965
1557764573096 0.100929 0.598304 -0.180999
1557764573196 0.103562 0.598957 -0.183154
1557764573297 0.104082 0.596223 -0.184275
1557764573397 0.101765 0.597761 -0.18107
1557764573497 0.103637 0.594096 -0.18732
1557764573598 0.108036 0.594857 -0.18357
1557764573698 0.107819 0.591378 -0.187675
1557764573799 0.112189 0.590913 -0.188974
1557764573899 0.115752 0.592218 -0.185153
1557764574000 0.111456 0.587822 -0.18802
1557764574100 0.119414 0.592234 -0.184386
1557764574200 0.115019 0.589127 -0.184199
1557764574300 0.121022 0.591178 -0.185525
1557764574401 0.116692 0.58804 -0.184341
1557764574501 0.119108 0.585214 -0.1906
1557764574601 0.122878 0.594689 -0.190548
1557764574702 0.121082 0.593493 -0.188464
1557764574802 0.125451 0.593027 -0.189763
1557764574902 0.128674 0.58857 -0.188105
1557764575003 0.130153 0.587576 -0.191239
1557764575103 0.13384 0.591165 -0.18936
1557764575204 0.129357 0.584516 -0.191283
1557764575304 0.124794 0.585075 -0.192976
1557764575405 0.129569 0.590341 -0.191115
1557764575505 0.132687 0.589518 -0.190339
1557764575605 0.123285 0.584842 -0.194891
1557764575706 0.13306 0.625008 -0.0438628
1557764575806 0.150811 0.608237 -0.0663323
1557764575907 0.0487451 0.641713 -0.043996
1557764576007 0.0285717 0.647139 -0.0682803
1557764576107 0.0244219 0.647348 -0.0579581
1557764576208 0.0326107 0.646714 -0.0783453
1557764576309 0.0550581 0.643117 -0.0652392
1557764576409 0.0525201 0.643657 -0.0790478
1557764576509 0.0671464 0.641848 -0.0610116
1557764576609 0.0595879 0.643332 -0.0732748
1557764576710 0.0564759 0.647978 -0.0408326
1557764576810 0.0451148 0.644527 -0.100175
1557764576911 0.0510555 0.639567 -0.0679127
1557764577011 0.0346856 0.636503 -0.0673367
1557764577112 0.0443208 0.637471 -0.058528
1557764577212 0.0512644 0.637687 -0.0574561
1557764577312 0.0483646 0.635312 -0.0557384
1557764577413 0.0711674 0.640557 -0.0586263
1557764577513 0.0897549 0.637909 -0.0458471
1557764577613 0.0659649 0.633734 -0.0261689
1557764577714 0.0835263 0.639672 -0.0126989
1557764577814 0.0547232 0.647596 -0.0229765
1557764577915 0.0578624 0.647922 -0.0308934
1557764578015 0.0591892 0.64455 -0.0343386
1557764578115 0.0584245 0.646719 -0.0326929
1557764578216 0.0593642 0.647794 -0.0336734
1557764578316 0.0611373 0.644151 -0.0329082
1557764578417 0.0292408 0.657974 -0.0353913
1557764578518 -0.00937487 0.654243 -0.00202462
1557764578618 -0.00734747 0.653196 -0.00432863
1557764578718 0.00509079 0.649155 -0.00237182
1557764578819 -0.00349047 0.653165 0.00450004
1557764578919 -0.00225421 0.653174 7.77265e-05
1557764579019 -0.00259108 0.650885 -0.000725825
1557764579120 -0.00822653 0.649417 0.00457392
1557764579220 -0.00363734 0.649076 0.00237782
1557764579320 -0.00339726 0.645584 -0.000220743
1557764579421 -0.00651351 0.64834 0.00194604
1557764579522 -0.000503259 0.643791 -0.00254611
1557764579622 -0.000413445 0.642107 -0.000275339
1557764579722 -0.00159442 0.642823 -0.000577853
1557764579823 0.00105949 0.644521 -0.00030466
1557764579923 0.0339878 0.668894 0.042096
1557764580024 0.0636996 0.666557 -0.00336965
1557764580124 0.0535868 0.659731 -0.00886746
1557764580225 0.0546656 0.659218 -0.00576139
1557764580325 0.0562292 0.659479 -0.00837776
1557764580425 0.0562067 0.659729 -0.0116055
1557764580526 0.0571412 0.658197 -0.0112714
1557764580626 0.0606456 0.657495 -0.0130243
1557764580727 0.0620349 0.658417 -0.012746
1557764580827 0.0648004 0.658756 -0.0135957
1557764580927 0.0668159 0.658359 -0.0122614
1557764581028 0.0659015 0.658868 -0.014476
1557764581128 0.0667367 0.659211 -0.0133875
1557764581228 0.0678378 0.659323 -0.0142678
1557764581329 0.0629301 0.661659 -0.0121559
1557764581429 0.0632751 0.660577 -0.0129986
1557764581530 0.0654235 0.660065 -0.0126488
1557764581630 0.0643762 0.660689 -0.013879
1557764581731 0.0649993 0.661999 -0.0129321
1557764581831 0.0644554 0.659838 -0.0127529
1557764581932 0.0649993 0.661999 -0.0129321
1557764582032 0.0643762 0.660689 -0.013879
1557764582132 0.0653443 0.660917 -0.0137749
1557764582233 0.0654235 0.660065 -0.0126488
1557764582333 0.0632751 0.660577 -0.0129986
1557764582433 0.0655564 0.65995 -0.0136332
1557764582534 0.0649993 0.661999 -0.0129321
1557764582634 0.0661796 0.66126 -0.0126864
1557764582734 0.0656893 0.659835 -0.0146177
1557764582835 0.0638982 0.661886 -0.0120518
1557764582935 0.063408 0.660462 -0.0139831
1557764583036 0.0642433 0.660805 -0.0128945
1557764583136 0.0661004 0.662112 -0.0138124
1557764583237 0.0648664 0.662114 -0.0119477
1557764583337 0.0649201 0.662851 -0.0140582
1557764583438 0.0636861 0.662853 -0.0121934
1557764583538 0.0665783 0.660915 -0.0156396
1557764583639 0.0701728 0.659434 -0.0170129
1557764583739 0.0724005 0.65807 -0.015537
1557764583839 0.0892307 0.652437 -0.015654
1557764583940 0.1011 0.648403 -0.0115485
1557764584040 0.119189 0.641179 -0.0102937
1557764584140 0.125408 0.634075 -0.00456067
1557764584241 0.138669 0.628335 -6.78178e-05
1557764584341 0.154398 0.622589 0.000695516
1557764584441 0.167473 0.616227 0.0082833
1557764584542 0.17628 0.606381 0.00554387
1557764584642 0.189183 0.599101 0.00712099
1557764584743 0.203056 0.592048 0.0088022
1557764584843 0.207324 0.5887 0.014849
1557764584944 0.214061 0.585346 0.0171662
1557764585044 0.227272 0.575951 0.0109055
1557764585145 0.241543 0.568553 0.00963339
1557764585245 0.249896 0.565148 0.0162382
1557764585345 0.258636 0.558776 0.0161312
1557764585446 0.268477 0.552516 0.0151439
1557764585546 0.279963 0.548531 0.013097
1557764585646 0.284631 0.544837 0.0161905
1557764585747 0.289007 0.542962 0.0180163
1557764585847 0.291925 0.539435 0.0178066
1557764585948 0.294908 0.539266 0.019245
1557764586048 0.294019 0.538186 0.020267
1557764586148 0.294152 0.538071 0.0192825
1557764586249 0.294497 0.536989 0.0184398
1557764586349 0.293662 0.536646 0.0173512
1557764586449 0.293795 0.536531 0.0163668
1557764586550 0.296779 0.536362 0.0178052
1557764586650 0.296155 0.535053 0.0168583
1557764586751 0.293795 0.536531 0.0163668
1557764586851 0.284166 0.541824 0.0174958
1557764586952 0.269313 0.552859 0.0162324
1557764587052 0.256766 0.561679 0.017571
1557764587152 0.24247 0.570666 0.0156065
1557764587253 0.224857 0.583525 0.0168049
1557764587353 0.208279 0.593138 0.015475
1557764587453 0.194009 0.600536 0.0167471
1557764587554 0.1797 0.6069 0.011024
1557764587654 0.164435 0.615659 0.00895544
1557764587755 0.147725 0.625387 0.00860994
1557764587855 0.133732 0.635177 0.0116717
1557764587955 0.124742 0.641482 0.00464192
1557764588056 0.11518 0.643301 0.00313846
1557764588156 0.106931 0.651098 0.00517676
1557764588257 0.0995831 0.655764 0.00567114
1557764588357 0.0851135 0.659918 0.00627963
1557764588458 0.0831516 0.661052 0.00283486
1557764588558 0.0686273 0.671301 0.0098343
1557764588659 0.0731777 0.667426 0.00480661
1557764588759 0.0668908 0.667257 0.00600924
1557764588859 0.0722632 0.667935 0.00259201
1557764588960 0.0712414 0.666971 0.00459842
1557764589060 0.0713743 0.666856 0.00361399
1557764589160 0.0730325 0.664919 0.00203252
1557764589261 0.0690929 0.667482 0.00424857
1557764589361 0.070605 0.669872 0.00417347
1557764589462 0.0736301 0.667818 -0.00025718
1557764589562 0.0711622 0.667823 0.00347234
1557764589662 0.0685358 0.669531 0.00494971
1557764589763 0.0731398 0.666393 -0.00218849
1557764589863 0.0712951 0.667708 0.00248791
1557764589964 0.0741203 0.669242 0.00167413
1557764590064 0.0701148 0.668447 0.00224217
1557764590164 0.0722632 0.667935 0.00259201
1557764590265 0.072184 0.668787 0.00146593
1557764590365 0.0686687 0.669416 0.00396528
1557764590466 0.07095 0.66879 0.00333069
1557764590566 0.0713743 0.666856 0.00361399
1557764590667 0.0719182 0.669017 0.00343479
1557764590767 0.0697161 0.668792 0.00519545
1557764590868 0.0730985 0.668278 0.00368053
1557764590968 0.0792657 0.664351 0.0029404
1557764591068 0.082275 0.662594 0.00761535
1557764591169 0.0992513 0.652635 0.00599199
1557764591269 0.11194 0.64924 0.0202916
1557764591369 0.131011 0.638033 0.0211286
1557764591470 0.148158 0.628993 0.0255159
1557764591570 0.160941 0.62445 0.0318359
1557764591670 0.173539 0.612452 0.0369705
1557764591771 0.189427 0.605003 0.039986
1557764591871 0.21151 0.595953 0.0369142
1557764591972 0.229414 0.581275 0.0369835
1557764592072 0.238058 0.576051 0.0448561
1557764592172 0.261097 0.564607 0.0381299
1557764592273 0.275792 0.555275 0.0371411
1557764592373 0.296575 0.542869 0.0342862
1557764592473 0.306521 0.534169 0.0376615
1557764592574 0.321403 0.525459 0.0335778
1557764592674 0.330845 0.519545 0.0355437
1557764592774 0.344002 0.509413 0.0313935
1557764592875 0.346799 0.508622 0.0359268
1557764592975 0.354359 0.502989 0.0355741
1557764593075 0.358378 0.499575 0.0344841
1557764593176 0.364466 0.4965 0.0326179
1557764593276 0.365488 0.497464 0.0306115
1557764593376 0.360435 0.497293 0.0299493
1557764593477 0.346072 0.509753 0.0306173
1557764593577 0.316441 0.527058 0.0378002
1557764593677 0.297743 0.539508 0.0307734
1557764593778 0.276897 0.55247 0.0233967
1557764593878 0.254456 0.566812 0.0278331
1557764593979 0.234603 0.578413 0.0237971
1557764594079 0.218914 0.589106 0.0214452
1557764594180 0.200998 0.601162 0.0176174
1557764594280 0.183334 0.617199 0.0123427
1557764594380 0.163362 0.624704 0.00876913
1557764594481 0.147806 0.635282 0.0054328
1557764594581 0.122979 0.645859 0.00186073
1557764594681 0.114665 0.661044 -0.0020522
1557764594782 0.098747 0.662253 0.00886307
1557764594882 0.08884 0.665154 0.00820238
1557764594983 0.084837 0.668273 0.000186756
1557764595083 0.0725818 0.675274 0.0027931
1557764595183 0.0686704 0.680163 -0.000337939
1557764595284 0.0609242 0.685173 0.00310973
1557764595384 0.0669875 0.676855 -0.00627351
1557764595485 0.0655538 0.680447 -0.000791878
1557764595585 0.0612155 0.683355 0.00437746
1557764595685 0.0643735 0.681186 -0.00103762
1557764595786 0.0632064 0.677715 -0.0018053
1557764595886 0.0647185 0.680104 -0.0018804
1557764595987 0.0683263 0.674412 -0.00377561
1557764596087 0.0772906 0.669695 1.75608e-05
1557764596188 0.0991052 0.656961 0.00749835
1557764596288 0.121357 0.638082 0.0147405
1557764596388 0.13521 0.634244 0.0383914
1557764596489 0.152664 0.623089 0.0349409
1557764596589 0.189626 0.601414 0.0363691
1557764596689 0.216867 0.590095 0.0383222
1557764596790 0.233881 0.58117 0.0436939
1557764596890 0.260407 0.566771 0.0398155
1557764596990 0.282184 0.553003 0.0403012
1557764597091 0.302422 0.545268 0.0419058
1557764597191 0.32237 0.532519 0.0379623
1557764597291 0.346152 0.519647 0.0274401
1557764597392 0.357585 0.514925 0.0275038
1557764597492 0.360076 0.509418 0.0355945
1557764597593 0.369797 0.499063 0.0350697
1557764597693 0.375976 0.497758 0.038088
1557764597793 0.375752 0.496103 0.0341879
1557764597894 0.375698 0.495366 0.0362984
1557764597994 0.371348 0.495653 0.0377092
1557764598095 0.372237 0.496732 0.0366872
1557764598195 0.361997 0.503337 0.0406278
1557764598296 0.339638 0.520742 0.0376067
1557764598396 0.308577 0.53872 0.0374072
1557764598497 0.287148 0.555319 0.0274951
1557764598597 0.257853 0.572834 0.0214931
1557764598697 0.234301 0.588357 0.0144677
1557764598798 0.205523 0.598876 0.00935313
1557764598898 0.171491 0.619644 0.0114738
1557764598998 0.153578 0.628782 -0.00521816
1557764599099 0.12712 0.650454 -0.00827541
1557764599199 0.110096 0.660672 -0.0259893
1557764599300 0.0918993 0.666422 -0.0230231
1557764599400 0.084197 0.673462 -0.0340282
1557764599500 0.0847832 0.666907 -0.0443568
1557764599600 0.0844663 0.670314 -0.0488611
1557764599701 0.0815081 0.668894 -0.0470629
1557764599802 0.0847576 0.668495 -0.0475934
1557764599902 0.0908738 0.667746 -0.0548067
1557764600002 0.0827958 0.669629 -0.0510382
1557764600103 0.0926393 0.667284 -0.0606092
1557764600203 0.0885669 0.669962 -0.0574087
1557764600303 0.0868708 0.670865 -0.0628223
1557764600404 0.0932651 0.672507 -0.068246
1557764600504 0.0952683 0.669489 -0.0706702
1557764600604 0.0976825 0.668747 -0.0722892
1557764600705 0.111106 0.658385 -0.0784083
1557764600805 0.109342 0.645184 -0.0811668
1557764600906 0.109936 0.651 -0.0705924
1557764601006 0.125735 0.645695 -0.0810451
1557764601106 0.114634 0.653545 -0.0814296
1557764601207 0.108918 0.664696 -0.0814728
1557764601307 0.121842 0.654201 -0.101865
1557764601408 0.116716 0.656507 -0.0784473
1557764601508 0.109609 0.662532 -0.0831584
1557764601609 0.11445 0.656838 -0.0869184
1557764601709 0.110935 0.657467 -0.084419
1557764601810 0.1162 0.656671 -0.0836152
1557764601910 0.11469 0.658196 -0.0921238
1557764602010 0.111862 0.65958 -0.0784459
1557764602111 0.113083 0.656955 -0.0840692
1557764602211 0.113827 0.655528 -0.0878652
1557764602311 0.117023 0.654392 -0.0862852
1557764602412 0.117156 0.654277 -0.0872696
1557764602512 0.112115 0.656728 -0.0841733
1557764602613 0.112514 0.656383 -0.0871266
1557764602713 0.115843 0.655132 -0.086531
1557764602813 0.11246 0.655646 -0.085016
1557764602914 0.113906 0.654676 -0.0867392
1557764603014 0.113694 0.655643 -0.0868808
1557764603114 0.114184 0.657068 -0.0849495
1557764603215 0.114662 0.655871 -0.0867767
1557764603315 0.115763 0.655984 -0.087657
1557764603416 0.11445 0.656838 -0.0869184
1557764603516 0.115843 0.655132 -0.086531
1557764603616 0.119358 0.654503 -0.0890303
1557764603717 0.116678 0.655474 -0.0854424
1557764603817 0.115843 0.655132 -0.086531
1557764603917 0.116108 0.654902 -0.0884998
1557764604018 0.117687 0.653817 -0.0912074
1557764604118 0.116507 0.654556 -0.0914531
1557764604219 0.117687 0.653817 -0.0912074
1557764604319 0.115365 0.656329 -0.0847038
1557764604419 0.113349 0.656725 -0.086038
1557764604520 0.116453 0.65382 -0.0893426
1557764604620 0.113561 0.655758 -0.0858964
1557764604721 0.112435 0.657234 -0.0882526
1557764604821 0.114874 0.654904 -0.0866351
1557764604921 0.111679 0.65604 -0.0882151
1557764605022 0.115856 0.650921 -0.0870529
1557764605122 0.115074 0.651315 -0.0902519
1557764605223 0.11884 0.650752 -0.0856145
1557764605323 0.117792 0.651377 -0.0868447
1557764605424 0.117871 0.650525 -0.0857186
1557764605524 0.119185 0.64967 -0.0864573
1557764605624 0.120498 0.648816 -0.087196
1557764605725 0.119264 0.648819 -0.0853312
1557764605825 0.120896 0.648471 -0.0901493
1557764605925 0.120365 0.648931 -0.0862116
1557764606026 0.119317 0.649555 -0.0874417
1557764606126 0.117514 0.648985 -0.0886344
1557764606227 0.119583 0.649325 -0.0894106
1557764606327 0.116903 0.650297 -0.0858227
1557764606428 0.118058 0.651146 -0.0888136
1557764606528 0.121732 0.648814 -0.0890608
1557764606629 0.126374 0.646708 -0.0892039
1557764606729 0.123586 0.646207 -0.081395
1557764606829 0.12802 0.64215 -0.0945438
1557764606930 0.123485 0.645729 -0.0986217
1557764607030 0.126573 0.64312 -0.0928207
1557764607131 0.129049 0.631076 -0.0799048
1557764607231 0.144754 0.620087 -0.0866585
1557764607331 0.154524 0.602641 -0.0721265
1557764607432 0.166687 0.576291 -0.0795947
1557764607532 0.168922 0.562889 -0.0614734
1557764607632 0.178158 0.54136 -0.0810741
1557764607733 0.176773 0.531027 -0.0648161
1557764607833 0.186642 0.509515 -0.0711277
1557764607934 0.196296 0.502634 -0.0690201
1557764608034 0.208549 0.491718 -0.0630428
1557764608135 0.20836 0.48035 -0.0556446
1557764608235 0.208722 0.47214 -0.0698735
1557764608335 0.225821 0.445781 -0.0848007
1557764608436 0.209332 0.45325 -0.0726623
1557764608536 0.202062 0.470728 -0.062481
1557764608637 0.206744 0.455991 -0.0641899
1557764608737 0.208734 0.457183 -0.0660922
1557764608837 0.206531 0.456958 -0.0643315
1557764608938 0.207898 0.456841 -0.0671807
1557764609038 0.204649 0.45724 -0.0666502
1557764609138 0.205538 0.458319 -0.0676722
1557764609239 0.203256 0.458946 -0.0670376
1557764609339 0.207009 0.455761 -0.0661587
1557764609439 0.206718 0.45758 -0.0674265
1557764609540 0.206851 0.457465 -0.0684109
1557764609640 0.205829 0.4565 -0.0664045
1557764609741 0.204649 0.45724 -0.0666502
1557764609841 0.205962 0.456385 -0.0673889
1557764609942 0.20575 0.457352 -0.0675306
1557764610042 0.205962 0.456385 -0.0673889
1557764610142 0.206718 0.45758 -0.0674265
1557764610243 0.20575 0.457352 -0.0675306
1557764610343 0.205883 0.457237 -0.068515
1557764610444 0.205883 0.457237 -0.068515
1557764610544 0.205617 0.457467 -0.0665461
1557764610644 0.207063 0.456498 -0.0682692
1557764610745 0.205962 0.456385 -0.0673889
1557764610845 0.205962 0.456385 -0.0673889
1557764610946 0.207063 0.456498 -0.0682692
1557764611046 0.20575 0.457352 -0.0675306
1557764611146 0.205829 0.4565 -0.0664045
1557764611247 0.204915 0.45701 -0.0686191
1557764611347 0.207275 0.455531 -0.0681276
1557764611448 0.205671 0.458204 -0.0686566
1557764611548 0.205829 0.4565 -0.0664045
1557764611648 0.207196 0.456383 -0.0692537
1557764611749 0.20961 0.455641 -0.0708727
1557764611849 0.208297 0.456496 -0.070134
1557764611949 0.213205 0.45416 -0.0722459
1557764612050 0.218166 0.452562 -0.0764684
1557764612150 0.221973 0.450114 -0.0777
1557764612250 0.221695 0.447722 -0.0794897
1557764612351 0.235912 0.439587 -0.0786513
1557764612454 0.232637 0.441575 -0.0813573
1557764612554 0.240156 0.430995 -0.0801215
1557764612655 0.237504 0.434293 -0.0818807
1557764612755 0.244798 0.42889 -0.0802646
1557764612855 0.246947 0.421546 -0.0841952
1557764612956 0.244972 0.42689 -0.0871181
1557764613056 0.250755 0.429845 -0.0897301
1557764613157 0.258991 0.43309 -0.086966
1557764613257 0.253833 0.43536 -0.0919908
1557764613357 0.256711 0.426885 -0.0906118
1557764613457 0.246856 0.437355 -0.0891026
1557764613558 0.247584 0.436224 -0.083793
1557764613658 0.247321 0.440368 -0.0904079
1557764613758 0.250608 0.441002 -0.0839432
1557764613859 0.240805 0.448295 -0.0759608
1557764613959 0.243205 0.441017 -0.0727547
1557764614060 0.236399 0.44393 -0.0638558
1557764614160 0.238202 0.4445 -0.0626632
1557764614260 0.234673 0.44934 -0.0596419
1557764614361 0.233386 0.448606 -0.0556667
1557764614461 0.230773 0.446104 -0.0547112
1557764614562 0.228387 0.449171 -0.0584393
1557764614662 0.228635 0.438491 -0.0469993
1557764614762 0.232562 0.433306 -0.0529739
1557764614863 0.234991 0.4391 -0.0594181
1557764614963 0.244221 0.434153 -0.0575938
1557764615063 0.246253 0.43346 -0.0653651
1557764615164 0.242273 0.431076 -0.0615605
1557764615264 0.249544 0.431176 -0.0717646
1557764615364 0.242392 0.435171 -0.062023
1557764615465 0.247104 0.433507 -0.0733822
1557764615565 0.244396 0.432153 -0.0644472
1557764615665 0.24799 0.430672 -0.0658205
1557764615766 0.241529 0.432503 -0.0577644
