t_GA - R_GA * R_AB * t_BA
0 0 0
t_wo + t_wo_cam
0.9 0 0
Time
1558546388286
Theta
0
t_GA - R_GA * R_AB * t_BA
0 0 0
t_wo + t_wo_cam
0.9 0 0
Time
1558546388287
Theta
0
t_GA - R_GA * R_AB * t_BA
0 0 0
t_wo + t_wo_cam
0.9 0 0
Time
1558546388287
Theta
0
t_GA - R_GA * R_AB * t_BA
0 0 0
t_wo + t_wo_cam
0.9 0 0
Time
1558546388288
Theta
0
t_GA - R_GA * R_AB * t_BA
0 0 0
t_wo + t_wo_cam
0.9 0 0
Time
1558546388289
Theta
0
t_GA - R_GA * R_AB * t_BA
0 0 0
t_wo + t_wo_cam
0.9 0 0
Time
1558546388289
Theta
0
t_GA - R_GA * R_AB * t_BA
0 0 0
t_wo + t_wo_cam
0.9 0 0
Time
1558546388290
Theta
0
t_GA - R_GA * R_AB * t_BA
0 0 0
t_wo + t_wo_cam
0.9 0 0
Time
1558546388291
Theta
0
t_GA - R_GA * R_AB * t_BA
0 0 0
t_wo + t_wo_cam
0.9 0 0
Time
1558546388292
Theta
0
t_GA - R_GA * R_AB * t_BA
0 0 0
t_wo + t_wo_cam
0.9 0 0
Time
1558546388292
Theta
0
t_GA - R_GA * R_AB * t_BA
0 0 0
t_wo + t_wo_cam
0.9 0 0
Time
1558546388293
Theta
0
t_GA - R_GA * R_AB * t_BA
0 0 0
t_wo + t_wo_cam
0.9 0 0
Time
1558546388294
Theta
0
t_GA - R_GA * R_AB * t_BA
0 0 0
t_wo + t_wo_cam
0.9 0 0
Time
1558546388294
Theta
0
t_GA - R_GA * R_AB * t_BA
0 0 0
t_wo + t_wo_cam
0.9 0 0
Time
1558546388311
Theta
0
t_GA - R_GA * R_AB * t_BA
0 0 0
t_wo + t_wo_cam
0.9 0 0
Time
1558546388335
Theta
0
t_GA - R_GA * R_AB * t_BA
0 0 0
t_wo + t_wo_cam
0.9 0 0
Time
1558546388356
Theta
0
t_GA - R_GA * R_AB * t_BA
0 0 0
t_wo + t_wo_cam
0.9 0 0
Time
1558546388380
Theta
0
t_GA - R_GA * R_AB * t_BA
0 0 0
t_wo + t_wo_cam
0.9 0 0
Time
1558546388405
Theta
0
t_GA - R_GA * R_AB * t_BA
0 0 0
t_wo + t_wo_cam
0.9 0 0
Time
1558546388429
Theta
0
t_GA - R_GA * R_AB * t_BA
0 0 0
t_wo + t_wo_cam
0.9 0 0
Time
1558546388454
Theta
0
t_GA - R_GA * R_AB * t_BA
0 0 0
t_wo + t_wo_cam
0.9 0 0
Time
1558546388479
Theta
0
t_GA - R_GA * R_AB * t_BA
0 0 0
t_wo + t_wo_cam
0.9 0 0
Time
1558546388499
Theta
0
t_GA - R_GA * R_AB * t_BA
0 0 0
t_wo + t_wo_cam
0.9 0 0
Time
1558546388524
Theta
0
t_GA - R_GA * R_AB * t_BA
0 0 0
t_wo + t_wo_cam
0.9 0 0
Time
1558546388548
Theta
0
t_GA - R_GA * R_AB * t_BA
0 0 0
t_wo + t_wo_cam
0.9 0 0
Time
1558546388573
Theta
0
t_GA - R_GA * R_AB * t_BA
0 0 0
t_wo + t_wo_cam
0.9 0 0
Time
1558546388597
Theta
0
t_GA - R_GA * R_AB * t_BA
0 0 0
t_wo + t_wo_cam
0.9 0 0
Time
1558546388622
Theta
0
t_GA - R_GA * R_AB * t_BA
0 0 0
t_wo + t_wo_cam
0.9 0 0
Time
1558546388642
Theta
0
t_GA - R_GA * R_AB * t_BA
0 0 0
t_wo + t_wo_cam
0.9 0 0
Time
1558546388667
Theta
0
t_GA - R_GA * R_AB * t_BA
0 0 0
t_wo + t_wo_cam
0.9 0 0
Time
1558546388692
Theta
0
t_GA - R_GA * R_AB * t_BA
0 0 0
t_wo + t_wo_cam
0.9 0 0
Time
1558546388716
Theta
0
t_GA - R_GA * R_AB * t_BA
0 0 0
t_wo + t_wo_cam
0.9 0 0
Time
1558546388741
Theta
0
t_GA - R_GA * R_AB * t_BA
0 0 0
t_wo + t_wo_cam
0.9 0 0
Time
1558546388765
Theta
0
t_GA - R_GA * R_AB * t_BA
0 0 0
t_wo + t_wo_cam
0.9 0 0
Time
1558546388790
Theta
0
t_GA - R_GA * R_AB * t_BA
0 0 0
t_wo + t_wo_cam
0.9 0 0
Time
1558546388810
Theta
0
t_GA - R_GA * R_AB * t_BA
0 0 0
t_wo + t_wo_cam
0.9 0 0
Time
1558546388835
Theta
0
t_GA - R_GA * R_AB * t_BA
0 0 0
t_wo + t_wo_cam
0.9 0 0
Time
1558546388860
Theta
0
t_GA - R_GA * R_AB * t_BA
0 0 0
t_wo + t_wo_cam
0.9 0 0
Time
1558546388884
Theta
0
t_GA - R_GA * R_AB * t_BA
0 0 0
t_wo + t_wo_cam
0.9 0 0
Time
1558546388909
Theta
0
t_GA - R_GA * R_AB * t_BA
0 0 0
t_wo + t_wo_cam
0.9 0 0
Time
1558546388933
Theta
0
t_GA - R_GA * R_AB * t_BA
0 0 0
t_wo + t_wo_cam
0.9 0 0
Time
1558546388954
Theta
0
t_GA - R_GA * R_AB * t_BA
0 0 0
t_wo + t_wo_cam
0.9 0 0
Time
1558546388978
Theta
0
t_GA - R_GA * R_AB * t_BA
0 0 0
t_wo + t_wo_cam
0.9 0 0
Time
1558546389003
Theta
0
t_GA - R_GA * R_AB * t_BA
0 0 0
t_wo + t_wo_cam
0.9 0 0
Time
1558546389028
Theta
0
t_GA - R_GA * R_AB * t_BA
0 0 0
t_wo + t_wo_cam
0.9 0 0
Time
1558546389052
Theta
0
t_GA - R_GA * R_AB * t_BA
0 0 0
t_wo + t_wo_cam
0.9 0 0
Time
1558546389077
Theta
0
t_GA - R_GA * R_AB * t_BA
0 0 0
t_wo + t_wo_cam
0.9 0 0
Time
1558546389097
Theta
0
t_GA - R_GA * R_AB * t_BA
0 0 0
t_wo + t_wo_cam
0.9 0 0
Time
1558546389122
Theta
0
t_GA - R_GA * R_AB * t_BA
0 0 0
t_wo + t_wo_cam
0.9 0 0
Time
1558546389146
Theta
0
t_GA - R_GA * R_AB * t_BA
0 0 0
t_wo + t_wo_cam
0.9 0 0
Time
1558546389171
Theta
0
t_GA - R_GA * R_AB * t_BA
0 0 0
t_wo + t_wo_cam
0.9 0 0
Time
1558546389195
Theta
0
t_GA - R_GA * R_AB * t_BA
0 0 0
t_wo + t_wo_cam
0.9 0 0
Time
1558546389220
Theta
0
t_GA - R_GA * R_AB * t_BA
0 0 0
t_wo + t_wo_cam
0.9 0 0
Time
1558546389240
Theta
0
t_GA - R_GA * R_AB * t_BA
0 0 0
t_wo + t_wo_cam
0.9 0 0
Time
1558546389265
Theta
0
t_GA - R_GA * R_AB * t_BA
0 0 0
t_wo + t_wo_cam
0.9 0 0
Time
1558546389290
Theta
0
t_GA - R_GA * R_AB * t_BA
0 0 0
t_wo + t_wo_cam
0.9 0 0
Time
1558546389314
Theta
0
t_GA - R_GA * R_AB * t_BA
0 0 0
t_wo + t_wo_cam
0.9 0 0
Time
1558546389339
Theta
0
t_GA - R_GA * R_AB * t_BA
0 0 0
t_wo + t_wo_cam
0.9 0 0
Time
1558546389363
Theta
0
t_GA - R_GA * R_AB * t_BA
0 0 0
t_wo + t_wo_cam
0.9 0 0
Time
1558546389384
Theta
0
t_GA - R_GA * R_AB * t_BA
0 0 0
t_wo + t_wo_cam
0.9 0 0
Time
1558546389408
Theta
0
t_GA - R_GA * R_AB * t_BA
0 0 0
t_wo + t_wo_cam
0.9 0 0
Time
1558546389433
Theta
0
t_GA - R_GA * R_AB * t_BA
0 0 0
t_wo + t_wo_cam
0.9 0 0
Time
1558546389458
Theta
0
t_GA - R_GA * R_AB * t_BA
0 0 0
t_wo + t_wo_cam
0.9 0 0
Time
1558546389482
Theta
0
t_GA - R_GA * R_AB * t_BA
0 0 0
t_wo + t_wo_cam
0.9 0 0
Time
1558546389507
Theta
0
t_GA - R_GA * R_AB * t_BA
0 0 0
t_wo + t_wo_cam
0.9 0 0
Time
1558546389527
Theta
0
t_GA - R_GA * R_AB * t_BA
0 0 0
t_wo + t_wo_cam
0.9 0 0
Time
1558546389552
Theta
0
t_GA - R_GA * R_AB * t_BA
0 0 0
t_wo + t_wo_cam
0.9 0 0
Time
1558546389576
Theta
0
t_GA - R_GA * R_AB * t_BA
0 0 0
t_wo + t_wo_cam
0.9 0 0
Time
1558546389601
Theta
0
t_GA - R_GA * R_AB * t_BA
0 0 0
t_wo + t_wo_cam
0.9 0 0
Time
1558546389626
Theta
0
t_GA - R_GA * R_AB * t_BA
-0.0447133 1.02591 0.635473
t_wo + t_wo_cam
-0.0447133 1.02591 0.635473
Time
1558546389650
Theta
-1.59705
t_GA - R_GA * R_AB * t_BA
-0.0447133 1.02591 0.635473
t_wo + t_wo_cam
-0.0447133 1.02591 0.635473
Time
1558546389671
Theta
-1.59705
t_GA - R_GA * R_AB * t_BA
-0.0447133 1.02591 0.635473
t_wo + t_wo_cam
-0.0447133 1.02591 0.635473
Time
1558546389695
Theta
-1.59705
t_GA - R_GA * R_AB * t_BA
-0.0447133 1.02591 0.635473
t_wo + t_wo_cam
-0.0447133 1.02591 0.635473
Time
1558546389720
Theta
-1.59705
t_GA - R_GA * R_AB * t_BA
-0.0447133 1.02591 0.635473
t_wo + t_wo_cam
-0.0447133 1.02591 0.635473
Time
1558546389744
Theta
-1.59705
t_GA - R_GA * R_AB * t_BA
-0.0447133 1.02591 0.635473
t_wo + t_wo_cam
-0.0447133 1.02591 0.635473
Time
1558546389769
Theta
-1.59705
t_GA - R_GA * R_AB * t_BA
-0.0447133 1.02591 0.635473
t_wo + t_wo_cam
-0.0447133 1.02591 0.635473
Time
1558546389793
Theta
-1.59705
t_GA - R_GA * R_AB * t_BA
-0.0447133 1.02591 0.635473
t_wo + t_wo_cam
-0.0447133 1.02591 0.635473
Time
1558546389818
Theta
-1.59705
t_GA - R_GA * R_AB * t_BA
-0.0447133 1.02591 0.635473
t_wo + t_wo_cam
-0.0447133 1.02591 0.635473
Time
1558546389838
Theta
-1.59705
t_GA - R_GA * R_AB * t_BA
-1.01573 -0.573939 -0.232091
t_wo + t_wo_cam
-0.0447133 1.02591 0.635473
Time
1558546389863
Theta
-1.59705
t_GA - R_GA * R_AB * t_BA
-1.01573 -0.573939 -0.232091
t_wo + t_wo_cam
-1.01573 -0.573939 -0.232091
Time
1558546389888
Theta
0.620024
t_GA - R_GA * R_AB * t_BA
-1.01573 -0.573939 -0.232091
t_wo + t_wo_cam
-1.01573 -0.573939 -0.232091
Time
1558546389912
Theta
0.620024
t_GA - R_GA * R_AB * t_BA
-1.02371 -0.481374 -0.162324
t_wo + t_wo_cam
-1.01573 -0.573939 -0.232091
Time
1558546389937
Theta
0.620024
t_GA - R_GA * R_AB * t_BA
-1.02371 -0.481374 -0.162324
t_wo + t_wo_cam
-1.02371 -0.481374 -0.162324
Time
1558546389961
Theta
0.55049
t_GA - R_GA * R_AB * t_BA
-1.02371 -0.481374 -0.162324
t_wo + t_wo_cam
-1.02371 -0.481374 -0.162324
Time
1558546389982
Theta
0.55049
t_GA - R_GA * R_AB * t_BA
-1.02371 -0.481374 -0.162324
t_wo + t_wo_cam
-1.02371 -0.481374 -0.162324
Time
1558546390006
Theta
0.55049
t_GA - R_GA * R_AB * t_BA
-1.06336 -0.391386 -0.187648
t_wo + t_wo_cam
-1.02371 -0.481374 -0.162324
Time
1558546390031
Theta
0.55049
t_GA - R_GA * R_AB * t_BA
-1.06336 -0.391386 -0.187648
t_wo + t_wo_cam
-1.06336 -0.391386 -0.187648
Time
1558546390056
Theta
0.472314
t_GA - R_GA * R_AB * t_BA
-1.06336 -0.391386 -0.187648
t_wo + t_wo_cam
-1.06336 -0.391386 -0.187648
Time
1558546390080
Theta
0.472314
t_GA - R_GA * R_AB * t_BA
-1.13521 -0.189332 -0.190167
t_wo + t_wo_cam
-1.06336 -0.391386 -0.187648
Time
1558546390105
Theta
0.472314
t_GA - R_GA * R_AB * t_BA
-1.13521 -0.189332 -0.190167
t_wo + t_wo_cam
-1.13521 -0.189332 -0.190167
Time
1558546390125
Theta
0.30682
t_GA - R_GA * R_AB * t_BA
-1.13521 -0.189332 -0.190167
t_wo + t_wo_cam
-1.13521 -0.189332 -0.190167
Time
1558546390150
Theta
0.30682
t_GA - R_GA * R_AB * t_BA
-1.13521 -0.189332 -0.190167
t_wo + t_wo_cam
-1.13521 -0.189332 -0.190167
Time
1558546390175
Theta
0.30682
t_GA - R_GA * R_AB * t_BA
-1.15487 0.075452 -0.132502
t_wo + t_wo_cam
-1.13521 -0.189332 -0.190167
Time
1558546390199
Theta
0.30682
t_GA - R_GA * R_AB * t_BA
-1.15487 0.075452 -0.132502
t_wo + t_wo_cam
-1.15487 0.075452 -0.132502
Time
1558546390224
Theta
0.14426
t_GA - R_GA * R_AB * t_BA
-1.15487 0.075452 -0.132502
t_wo + t_wo_cam
-1.15487 0.075452 -0.132502
Time
1558546390248
Theta
0.14426
t_GA - R_GA * R_AB * t_BA
-1.15487 0.075452 -0.132502
t_wo + t_wo_cam
-1.15487 0.075452 -0.132502
Time
1558546390269
Theta
0.14426
t_GA - R_GA * R_AB * t_BA
-1.11106 -0.258328 -0.162343
t_wo + t_wo_cam
-1.15487 0.075452 -0.132502
Time
1558546390293
Theta
0.14426
t_GA - R_GA * R_AB * t_BA
-1.11106 -0.258328 -0.162343
t_wo + t_wo_cam
-1.11106 -0.258328 -0.162343
Time
1558546390318
Theta
0.359671
t_GA - R_GA * R_AB * t_BA
-1.11106 -0.258328 -0.162343
t_wo + t_wo_cam
-1.11106 -0.258328 -0.162343
Time
1558546390342
Theta
0.359671
t_GA - R_GA * R_AB * t_BA
-1.10791 -0.251202 -0.201648
t_wo + t_wo_cam
-1.11106 -0.258328 -0.162343
Time
1558546390367
Theta
0.359671
t_GA - R_GA * R_AB * t_BA
-1.10791 -0.251202 -0.201648
t_wo + t_wo_cam
-1.10791 -0.251202 -0.201648
Time
1558546390392
Theta
0.355443
t_GA - R_GA * R_AB * t_BA
-1.10791 -0.251202 -0.201648
t_wo + t_wo_cam
-1.10791 -0.251202 -0.201648
Time
1558546390412
Theta
0.355443
t_GA - R_GA * R_AB * t_BA
-1.10791 -0.251202 -0.201648
t_wo + t_wo_cam
-1.10791 -0.251202 -0.201648
Time
1558546390437
Theta
0.355443
t_GA - R_GA * R_AB * t_BA
-1.1405 0.008093 -0.11637
t_wo + t_wo_cam
-1.10791 -0.251202 -0.201648
Time
1558546390461
Theta
0.355443
t_GA - R_GA * R_AB * t_BA
-1.1405 0.008093 -0.11637
t_wo + t_wo_cam
-1.1405 0.008093 -0.11637
Time
1558546390486
Theta
0.143892
t_GA - R_GA * R_AB * t_BA
-1.1405 0.008093 -0.11637
t_wo + t_wo_cam
-1.1405 0.008093 -0.11637
Time
1558546390510
Theta
0.143892
t_GA - R_GA * R_AB * t_BA
-1.12327 0.0757643 -0.0804875
t_wo + t_wo_cam
-1.1405 0.008093 -0.11637
Time
1558546390535
Theta
0.143892
t_GA - R_GA * R_AB * t_BA
-1.12327 0.0757643 -0.0804875
t_wo + t_wo_cam
-1.12327 0.0757643 -0.0804875
Time
1558546390556
Theta
0.0720938
t_GA - R_GA * R_AB * t_BA
-1.12327 0.0757643 -0.0804875
t_wo + t_wo_cam
-1.12327 0.0757643 -0.0804875
Time
1558546390580
Theta
0.0720938
t_GA - R_GA * R_AB * t_BA
-1.12327 0.0757643 -0.0804875
t_wo + t_wo_cam
-1.12327 0.0757643 -0.0804875
Time
1558546390605
Theta
0.0720938
t_GA - R_GA * R_AB * t_BA
-1.12275 0.0292951 -0.125894
t_wo + t_wo_cam
-1.12327 0.0757643 -0.0804875
Time
1558546390629
Theta
0.0720938
t_GA - R_GA * R_AB * t_BA
-1.12275 0.0292951 -0.125894
t_wo + t_wo_cam
-1.12275 0.0292951 -0.125894
Time
1558546390654
Theta
0.117247
t_GA - R_GA * R_AB * t_BA
-1.12275 0.0292951 -0.125894
t_wo + t_wo_cam
-1.12275 0.0292951 -0.125894
Time
1558546390678
Theta
0.117247
t_GA - R_GA * R_AB * t_BA
-1.12275 0.0292951 -0.125894
t_wo + t_wo_cam
-1.12275 0.0292951 -0.125894
Time
1558546390699
Theta
0.117247
t_GA - R_GA * R_AB * t_BA
-1.11541 0.131724 -0.0982407
t_wo + t_wo_cam
-1.12275 0.0292951 -0.125894
Time
1558546390724
Theta
0.117247
t_GA - R_GA * R_AB * t_BA
-1.11541 0.131724 -0.0982407
t_wo + t_wo_cam
-1.11541 0.131724 -0.0982407
Time
1558546390748
Theta
0.0570023
t_GA - R_GA * R_AB * t_BA
-1.11541 0.131724 -0.0982407
t_wo + t_wo_cam
-1.11541 0.131724 -0.0982407
Time
1558546390773
Theta
0.0570023
t_GA - R_GA * R_AB * t_BA
-1.11301 0.174584 -0.144146
t_wo + t_wo_cam
-1.11541 0.131724 -0.0982407
Time
1558546390797
Theta
0.0570023
t_GA - R_GA * R_AB * t_BA
-1.11301 0.174584 -0.144146
t_wo + t_wo_cam
-1.11301 0.174584 -0.144146
Time
1558546390822
Theta
-0.0565894
t_GA - R_GA * R_AB * t_BA
-1.11301 0.174584 -0.144146
t_wo + t_wo_cam
-1.11301 0.174584 -0.144146
Time
1558546390842
Theta
-0.0565894
t_GA - R_GA * R_AB * t_BA
-1.11301 0.174584 -0.144146
t_wo + t_wo_cam
-1.11301 0.174584 -0.144146
Time
1558546390867
Theta
-0.0565894
t_GA - R_GA * R_AB * t_BA
-1.11215 0.174915 -0.175324
t_wo + t_wo_cam
-1.11301 0.174584 -0.144146
Time
1558546390892
Theta
-0.0565894
t_GA - R_GA * R_AB * t_BA
-1.11215 0.174915 -0.175324
t_wo + t_wo_cam
-1.11215 0.174915 -0.175324
Time
1558546390916
Theta
-0.046225
t_GA - R_GA * R_AB * t_BA
-1.11215 0.174915 -0.175324
t_wo + t_wo_cam
-1.11215 0.174915 -0.175324
Time
1558546390941
Theta
-0.046225
t_GA - R_GA * R_AB * t_BA
-1.09896 0.162338 -0.1045
t_wo + t_wo_cam
-1.11215 0.174915 -0.175324
Time
1558546390965
Theta
-0.046225
t_GA - R_GA * R_AB * t_BA
-1.09896 0.162338 -0.1045
t_wo + t_wo_cam
-1.09896 0.162338 -0.1045
Time
1558546390990
Theta
-0.0212019
t_GA - R_GA * R_AB * t_BA
-1.09896 0.162338 -0.1045
t_wo + t_wo_cam
-1.09896 0.162338 -0.1045
Time
1558546391010
Theta
-0.0212019
t_GA - R_GA * R_AB * t_BA
-1.09896 0.162338 -0.1045
t_wo + t_wo_cam
-1.09896 0.162338 -0.1045
Time
1558546391035
Theta
-0.0212019
t_GA - R_GA * R_AB * t_BA
-1.09421 0.141382 -0.0584541
t_wo + t_wo_cam
-1.09896 0.162338 -0.1045
Time
1558546391060
Theta
-0.0212019
t_GA - R_GA * R_AB * t_BA
-1.09421 0.141382 -0.0584541
t_wo + t_wo_cam
-1.09421 0.141382 -0.0584541
Time
1558546391084
Theta
0.0485091
t_GA - R_GA * R_AB * t_BA
-1.09421 0.141382 -0.0584541
t_wo + t_wo_cam
-1.09421 0.141382 -0.0584541
Time
1558546391109
Theta
0.0485091
t_GA - R_GA * R_AB * t_BA
-1.087 0.154034 -0.0247516
t_wo + t_wo_cam
-1.09421 0.141382 -0.0584541
Time
1558546391133
Theta
0.0485091
t_GA - R_GA * R_AB * t_BA
-1.087 0.154034 -0.0247516
t_wo + t_wo_cam
-1.087 0.154034 -0.0247516
Time
1558546391154
Theta
0.0588607
t_GA - R_GA * R_AB * t_BA
-1.087 0.154034 -0.0247516
t_wo + t_wo_cam
-1.087 0.154034 -0.0247516
Time
1558546391178
Theta
0.0588607
t_GA - R_GA * R_AB * t_BA
-1.087 0.154034 -0.0247516
t_wo + t_wo_cam
-1.087 0.154034 -0.0247516
Time
1558546391203
Theta
0.0588607
t_GA - R_GA * R_AB * t_BA
-1.09513 0.148809 -0.0654857
t_wo + t_wo_cam
-1.087 0.154034 -0.0247516
Time
1558546391228
Theta
0.0588607
t_GA - R_GA * R_AB * t_BA
-1.09513 0.148809 -0.0654857
t_wo + t_wo_cam
-1.09513 0.148809 -0.0654857
Time
1558546391252
Theta
0.035777
t_GA - R_GA * R_AB * t_BA
-1.09513 0.148809 -0.0654857
t_wo + t_wo_cam
-1.09513 0.148809 -0.0654857
Time
1558546391277
Theta
0.035777
t_GA - R_GA * R_AB * t_BA
-1.09644 0.135824 -0.0717379
t_wo + t_wo_cam
-1.09513 0.148809 -0.0654857
Time
1558546391297
Theta
0.035777
t_GA - R_GA * R_AB * t_BA
-1.09644 0.135824 -0.0717379
t_wo + t_wo_cam
-1.09644 0.135824 -0.0717379
Time
1558546391322
Theta
0.0215284
t_GA - R_GA * R_AB * t_BA
-1.09644 0.135824 -0.0717379
t_wo + t_wo_cam
-1.09644 0.135824 -0.0717379
Time
1558546391346
Theta
0.0215284
t_GA - R_GA * R_AB * t_BA
-1.09644 0.135824 -0.0717379
t_wo + t_wo_cam
-1.09644 0.135824 -0.0717379
Time
1558546391371
Theta
0.0215284
t_GA - R_GA * R_AB * t_BA
-1.09706 0.099344 -0.0636572
t_wo + t_wo_cam
-1.09644 0.135824 -0.0717379
Time
1558546391396
Theta
0.0215284
t_GA - R_GA * R_AB * t_BA
-1.09706 0.099344 -0.0636572
t_wo + t_wo_cam
-1.09706 0.099344 -0.0636572
Time
1558546391420
Theta
0.0365371
t_GA - R_GA * R_AB * t_BA
-1.09706 0.099344 -0.0636572
t_wo + t_wo_cam
-1.09706 0.099344 -0.0636572
Time
1558546391441
Theta
0.0365371
t_GA - R_GA * R_AB * t_BA
-1.09669 0.0689061 -0.0569101
t_wo + t_wo_cam
-1.09706 0.099344 -0.0636572
Time
1558546391465
Theta
0.0365371
t_GA - R_GA * R_AB * t_BA
-1.09669 0.0689061 -0.0569101
t_wo + t_wo_cam
-1.09669 0.0689061 -0.0569101
Time
1558546391490
Theta
0.0589991
t_GA - R_GA * R_AB * t_BA
-1.09669 0.0689061 -0.0569101
t_wo + t_wo_cam
-1.09669 0.0689061 -0.0569101
Time
1558546391514
Theta
0.0589991
t_GA - R_GA * R_AB * t_BA
-1.10068 -0.00386352 -0.0629683
t_wo + t_wo_cam
-1.09669 0.0689061 -0.0569101
Time
1558546391539
Theta
0.0589991
t_GA - R_GA * R_AB * t_BA
-1.10068 -0.00386352 -0.0629683
t_wo + t_wo_cam
-1.10068 -0.00386352 -0.0629683
Time
1558546391564
Theta
0.126342
t_GA - R_GA * R_AB * t_BA
-1.10068 -0.00386352 -0.0629683
t_wo + t_wo_cam
-1.10068 -0.00386352 -0.0629683
Time
1558546391584
Theta
0.126342
t_GA - R_GA * R_AB * t_BA
-1.10068 -0.00386352 -0.0629683
t_wo + t_wo_cam
-1.10068 -0.00386352 -0.0629683
Time
1558546391609
Theta
0.126342
t_GA - R_GA * R_AB * t_BA
-1.10132 0.0161879 -0.0707165
t_wo + t_wo_cam
-1.10068 -0.00386352 -0.0629683
Time
1558546391633
Theta
0.126342
t_GA - R_GA * R_AB * t_BA
-1.10132 0.0161879 -0.0707165
t_wo + t_wo_cam
-1.10132 0.0161879 -0.0707165
Time
1558546391658
Theta
0.111377
t_GA - R_GA * R_AB * t_BA
-1.10132 0.0161879 -0.0707165
t_wo + t_wo_cam
-1.10132 0.0161879 -0.0707165
Time
1558546391682
Theta
0.111377
t_GA - R_GA * R_AB * t_BA
-1.10132 0.0161879 -0.0707165
t_wo + t_wo_cam
-1.10132 0.0161879 -0.0707165
Time
1558546391707
Theta
0.111377
t_GA - R_GA * R_AB * t_BA
-1.09919 0.0387667 -0.0704649
t_wo + t_wo_cam
-1.10132 0.0161879 -0.0707165
Time
1558546391728
Theta
0.111377
t_GA - R_GA * R_AB * t_BA
-1.09919 0.0387667 -0.0704649
t_wo + t_wo_cam
-1.09919 0.0387667 -0.0704649
Time
1558546391752
Theta
0.0890805
t_GA - R_GA * R_AB * t_BA
-1.09919 0.0387667 -0.0704649
t_wo + t_wo_cam
-1.09919 0.0387667 -0.0704649
Time
1558546391777
Theta
0.0890805
t_GA - R_GA * R_AB * t_BA
-1.09505 0.0553265 -0.0528628
t_wo + t_wo_cam
-1.09919 0.0387667 -0.0704649
Time
1558546391801
Theta
0.0890805
t_GA - R_GA * R_AB * t_BA
-1.09505 0.0553265 -0.0528628
t_wo + t_wo_cam
-1.09505 0.0553265 -0.0528628
Time
1558546391826
Theta
0.0709148
t_GA - R_GA * R_AB * t_BA
-1.09505 0.0553265 -0.0528628
t_wo + t_wo_cam
-1.09505 0.0553265 -0.0528628
Time
1558546391850
Theta
0.0709148
t_GA - R_GA * R_AB * t_BA
-1.09505 0.0553265 -0.0528628
t_wo + t_wo_cam
-1.09505 0.0553265 -0.0528628
Time
1558546391871
Theta
0.0709148
t_GA - R_GA * R_AB * t_BA
-1.09443 0.0369506 -0.0459531
t_wo + t_wo_cam
-1.09505 0.0553265 -0.0528628
Time
1558546391895
Theta
0.0709148
t_GA - R_GA * R_AB * t_BA
-1.09443 0.0369506 -0.0459531
t_wo + t_wo_cam
-1.09443 0.0369506 -0.0459531
Time
1558546391920
Theta
0.0857529
t_GA - R_GA * R_AB * t_BA
-1.09443 0.0369506 -0.0459531
t_wo + t_wo_cam
-1.09443 0.0369506 -0.0459531
Time
1558546391945
Theta
0.0857529
t_GA - R_GA * R_AB * t_BA
-1.09656 0.0337186 -0.0575506
t_wo + t_wo_cam
-1.09443 0.0369506 -0.0459531
Time
1558546391969
Theta
0.0857529
t_GA - R_GA * R_AB * t_BA
-1.09656 0.0337186 -0.0575506
t_wo + t_wo_cam
-1.09656 0.0337186 -0.0575506
Time
1558546391994
Theta
0.0900144
t_GA - R_GA * R_AB * t_BA
-1.09656 0.0337186 -0.0575506
t_wo + t_wo_cam
-1.09656 0.0337186 -0.0575506
Time
1558546392018
Theta
0.0900144
t_GA - R_GA * R_AB * t_BA
-1.09656 0.0337186 -0.0575506
t_wo + t_wo_cam
-1.09656 0.0337186 -0.0575506
Time
1558546392039
Theta
0.0900144
t_GA - R_GA * R_AB * t_BA
-1.09792 0.0401121 -0.0693884
t_wo + t_wo_cam
-1.09656 0.0337186 -0.0575506
Time
1558546392064
Theta
0.0900144
t_GA - R_GA * R_AB * t_BA
-1.09792 0.0401121 -0.0693884
t_wo + t_wo_cam
-1.09792 0.0401121 -0.0693884
Time
1558546392088
Theta
0.0859769
t_GA - R_GA * R_AB * t_BA
-1.09792 0.0401121 -0.0693884
t_wo + t_wo_cam
-1.09792 0.0401121 -0.0693884
Time
1558546392113
Theta
0.0859769
t_GA - R_GA * R_AB * t_BA
-1.09792 0.0401121 -0.0693884
t_wo + t_wo_cam
-1.09792 0.0401121 -0.0693884
Time
1558546392137
Theta
0.0859769
t_GA - R_GA * R_AB * t_BA
-1.09612 0.0409853 -0.0626131
t_wo + t_wo_cam
-1.09792 0.0401121 -0.0693884
Time
1558546392162
Theta
0.0859769
t_GA - R_GA * R_AB * t_BA
-1.09612 0.0409853 -0.0626131
t_wo + t_wo_cam
-1.09612 0.0409853 -0.0626131
Time
1558546392182
Theta
0.0836729
t_GA - R_GA * R_AB * t_BA
-1.09612 0.0409853 -0.0626131
t_wo + t_wo_cam
-1.09612 0.0409853 -0.0626131
Time
1558546392207
Theta
0.0836729
t_GA - R_GA * R_AB * t_BA
-1.09461 0.0397051 -0.0619406
t_wo + t_wo_cam
-1.09612 0.0409853 -0.0626131
Time
1558546392232
Theta
0.0836729
t_GA - R_GA * R_AB * t_BA
-1.09461 0.0397051 -0.0619406
t_wo + t_wo_cam
-1.09461 0.0397051 -0.0619406
Time
1558546392256
Theta
0.0834343
t_GA - R_GA * R_AB * t_BA
-1.09461 0.0397051 -0.0619406
t_wo + t_wo_cam
-1.09461 0.0397051 -0.0619406
Time
1558546392281
Theta
0.0834343
t_GA - R_GA * R_AB * t_BA
-1.09461 0.0397051 -0.0619406
t_wo + t_wo_cam
-1.09461 0.0397051 -0.0619406
Time
1558546392305
Theta
0.0834343
t_GA - R_GA * R_AB * t_BA
-1.09389 0.0336551 -0.0633475
t_wo + t_wo_cam
-1.09461 0.0397051 -0.0619406
Time
1558546392326
Theta
0.0834343
t_GA - R_GA * R_AB * t_BA
-1.09389 0.0336551 -0.0633475
t_wo + t_wo_cam
-1.09389 0.0336551 -0.0633475
Time
1558546392350
Theta
0.0862906
t_GA - R_GA * R_AB * t_BA
-1.09389 0.0336551 -0.0633475
t_wo + t_wo_cam
-1.09389 0.0336551 -0.0633475
Time
1558546392375
Theta
0.0862906
t_GA - R_GA * R_AB * t_BA
-1.09319 0.0245176 -0.0566337
t_wo + t_wo_cam
-1.09389 0.0336551 -0.0633475
Time
1558546392400
Theta
0.0862906
t_GA - R_GA * R_AB * t_BA
-1.09319 0.0245176 -0.0566337
t_wo + t_wo_cam
-1.09319 0.0245176 -0.0566337
Time
1558546392424
Theta
0.0938589
t_GA - R_GA * R_AB * t_BA
-1.09319 0.0245176 -0.0566337
t_wo + t_wo_cam
-1.09319 0.0245176 -0.0566337
Time
1558546392449
Theta
0.0938589
t_GA - R_GA * R_AB * t_BA
-1.09319 0.0245176 -0.0566337
t_wo + t_wo_cam
-1.09319 0.0245176 -0.0566337
Time
1558546392469
Theta
0.0938589
t_GA - R_GA * R_AB * t_BA
-1.0931 0.0265926 -0.0590981
t_wo + t_wo_cam
-1.09319 0.0245176 -0.0566337
Time
1558546392494
Theta
0.0938589
t_GA - R_GA * R_AB * t_BA
-1.0931 0.0265926 -0.0590981
t_wo + t_wo_cam
-1.0931 0.0265926 -0.0590981
Time
1558546392518
Theta
0.0926609
t_GA - R_GA * R_AB * t_BA
-1.0931 0.0265926 -0.0590981
t_wo + t_wo_cam
-1.0931 0.0265926 -0.0590981
Time
1558546392543
Theta
0.0926609
t_GA - R_GA * R_AB * t_BA
-1.0931 0.0265926 -0.0590981
t_wo + t_wo_cam
-1.0931 0.0265926 -0.0590981
Time
1558546392568
Theta
0.0926609
t_GA - R_GA * R_AB * t_BA
-1.09294 0.0228996 -0.0585537
t_wo + t_wo_cam
-1.0931 0.0265926 -0.0590981
Time
1558546392592
Theta
0.0926609
t_GA - R_GA * R_AB * t_BA
-1.09294 0.0228996 -0.0585537
t_wo + t_wo_cam
-1.09294 0.0228996 -0.0585537
Time
1558546392613
Theta
0.0956627
t_GA - R_GA * R_AB * t_BA
-1.09294 0.0228996 -0.0585537
t_wo + t_wo_cam
-1.09294 0.0228996 -0.0585537
Time
1558546392637
Theta
0.0956627
t_GA - R_GA * R_AB * t_BA
-1.09244 0.0262362 -0.0568001
t_wo + t_wo_cam
-1.09294 0.0228996 -0.0585537
Time
1558546392662
Theta
0.0956627
t_GA - R_GA * R_AB * t_BA
-1.09244 0.0262362 -0.0568001
t_wo + t_wo_cam
-1.09244 0.0262362 -0.0568001
Time
1558546392686
Theta
0.0925697
t_GA - R_GA * R_AB * t_BA
-1.09244 0.0262362 -0.0568001
t_wo + t_wo_cam
-1.09244 0.0262362 -0.0568001
Time
1558546392711
Theta
0.0925697
t_GA - R_GA * R_AB * t_BA
-1.09244 0.0262362 -0.0568001
t_wo + t_wo_cam
-1.09244 0.0262362 -0.0568001
Time
1558546392736
Theta
0.0925697
t_GA - R_GA * R_AB * t_BA
-1.09302 0.0218022 -0.0569044
t_wo + t_wo_cam
-1.09244 0.0262362 -0.0568001
Time
1558546392756
Theta
0.0925697
t_GA - R_GA * R_AB * t_BA
-1.09302 0.0218022 -0.0569044
t_wo + t_wo_cam
-1.09302 0.0218022 -0.0569044
Time
1558546392781
Theta
0.0972067
t_GA - R_GA * R_AB * t_BA
-1.09302 0.0218022 -0.0569044
t_wo + t_wo_cam
-1.09302 0.0218022 -0.0569044
Time
1558546392805
Theta
0.0972067
t_GA - R_GA * R_AB * t_BA
-1.09427 0.0211977 -0.0595506
t_wo + t_wo_cam
-1.09302 0.0218022 -0.0569044
Time
1558546392830
Theta
0.0972067
t_GA - R_GA * R_AB * t_BA
-1.09427 0.0211977 -0.0595506
t_wo + t_wo_cam
-1.09427 0.0211977 -0.0595506
Time
1558546392854
Theta
0.0992825
t_GA - R_GA * R_AB * t_BA
-1.09427 0.0211977 -0.0595506
t_wo + t_wo_cam
-1.09427 0.0211977 -0.0595506
Time
1558546392879
Theta
0.0992825
t_GA - R_GA * R_AB * t_BA
-1.09427 0.0211977 -0.0595506
t_wo + t_wo_cam
-1.09427 0.0211977 -0.0595506
Time
1558546392900
Theta
0.0992825
t_GA - R_GA * R_AB * t_BA
-1.09532 0.0243176 -0.0655071
t_wo + t_wo_cam
-1.09427 0.0211977 -0.0595506
Time
1558546392924
Theta
0.0992825
t_GA - R_GA * R_AB * t_BA
-1.09532 0.0243176 -0.0655071
t_wo + t_wo_cam
-1.09532 0.0243176 -0.0655071
Time
1558546392949
Theta
0.098022
t_GA - R_GA * R_AB * t_BA
-1.09532 0.0243176 -0.0655071
t_wo + t_wo_cam
-1.09532 0.0243176 -0.0655071
Time
1558546392973
Theta
0.098022
t_GA - R_GA * R_AB * t_BA
-1.09524 0.0253629 -0.0674852
t_wo + t_wo_cam
-1.09532 0.0243176 -0.0655071
Time
1558546392998
Theta
0.098022
t_GA - R_GA * R_AB * t_BA
-1.09524 0.0253629 -0.0674852
t_wo + t_wo_cam
-1.09524 0.0253629 -0.0674852
Time
1558546393022
Theta
0.0976746
t_GA - R_GA * R_AB * t_BA
-1.09524 0.0253629 -0.0674852
t_wo + t_wo_cam
-1.09524 0.0253629 -0.0674852
Time
1558546393047
Theta
0.0976746
t_GA - R_GA * R_AB * t_BA
-1.09524 0.0253629 -0.0674852
t_wo + t_wo_cam
-1.09524 0.0253629 -0.0674852
Time
1558546393067
Theta
0.0976746
t_GA - R_GA * R_AB * t_BA
-1.09496 0.0222085 -0.0597908
t_wo + t_wo_cam
-1.09524 0.0253629 -0.0674852
Time
1558546393092
Theta
0.0976746
t_GA - R_GA * R_AB * t_BA
-1.09496 0.0222085 -0.0597908
t_wo + t_wo_cam
-1.09496 0.0222085 -0.0597908
Time
1558546393117
Theta
0.100476
t_GA - R_GA * R_AB * t_BA
-1.09496 0.0222085 -0.0597908
t_wo + t_wo_cam
-1.09496 0.0222085 -0.0597908
Time
1558546393141
Theta
0.100476
t_GA - R_GA * R_AB * t_BA
-1.09551 0.0196413 -0.0627003
t_wo + t_wo_cam
-1.09496 0.0222085 -0.0597908
Time
1558546393166
Theta
0.100476
t_GA - R_GA * R_AB * t_BA
-1.09551 0.0196413 -0.0627003
t_wo + t_wo_cam
-1.09551 0.0196413 -0.0627003
Time
1558546393190
Theta
0.103477
t_GA - R_GA * R_AB * t_BA
-1.09551 0.0196413 -0.0627003
t_wo + t_wo_cam
-1.09551 0.0196413 -0.0627003
Time
1558546393211
Theta
0.103477
t_GA - R_GA * R_AB * t_BA
-1.09551 0.0196413 -0.0627003
t_wo + t_wo_cam
-1.09551 0.0196413 -0.0627003
Time
1558546393236
Theta
0.103477
t_GA - R_GA * R_AB * t_BA
-1.09636 0.0207019 -0.067439
t_wo + t_wo_cam
-1.09551 0.0196413 -0.0627003
Time
1558546393260
Theta
0.103477
t_GA - R_GA * R_AB * t_BA
-1.09636 0.0207019 -0.067439
t_wo + t_wo_cam
-1.09636 0.0207019 -0.067439
Time
1558546393285
Theta
0.103421
t_GA - R_GA * R_AB * t_BA
-1.09636 0.0207019 -0.067439
t_wo + t_wo_cam
-1.09636 0.0207019 -0.067439
Time
1558546393309
Theta
0.103421
t_GA - R_GA * R_AB * t_BA
-1.09721 0.0238687 -0.0667224
t_wo + t_wo_cam
-1.09636 0.0207019 -0.067439
Time
1558546393334
Theta
0.103421
t_GA - R_GA * R_AB * t_BA
-1.09721 0.0238687 -0.0667224
t_wo + t_wo_cam
-1.09721 0.0238687 -0.0667224
Time
1558546393354
Theta
0.102623
t_GA - R_GA * R_AB * t_BA
-1.09721 0.0238687 -0.0667224
t_wo + t_wo_cam
-1.09721 0.0238687 -0.0667224
Time
1558546393379
Theta
0.102623
t_GA - R_GA * R_AB * t_BA
-1.09721 0.0238687 -0.0667224
t_wo + t_wo_cam
-1.09721 0.0238687 -0.0667224
Time
1558546393404
Theta
0.102623
t_GA - R_GA * R_AB * t_BA
-1.09734 0.0261546 -0.0663718
t_wo + t_wo_cam
-1.09721 0.0238687 -0.0667224
Time
1558546393428
Theta
0.102623
t_GA - R_GA * R_AB * t_BA
-1.09734 0.0261546 -0.0663718
t_wo + t_wo_cam
-1.09734 0.0261546 -0.0663718
Time
1558546393453
Theta
0.101095
t_GA - R_GA * R_AB * t_BA
-1.09734 0.0261546 -0.0663718
t_wo + t_wo_cam
-1.09734 0.0261546 -0.0663718
Time
1558546393477
Theta
0.101095
t_GA - R_GA * R_AB * t_BA
-1.09789 0.0240035 -0.0674946
t_wo + t_wo_cam
-1.09734 0.0261546 -0.0663718
Time
1558546393498
Theta
0.101095
t_GA - R_GA * R_AB * t_BA
-1.09789 0.0240035 -0.0674946
t_wo + t_wo_cam
-1.09789 0.0240035 -0.0674946
Time
1558546393522
Theta
0.103403
t_GA - R_GA * R_AB * t_BA
-1.09789 0.0240035 -0.0674946
t_wo + t_wo_cam
-1.09789 0.0240035 -0.0674946
Time
1558546393547
Theta
0.103403
t_GA - R_GA * R_AB * t_BA
-1.09789 0.0240035 -0.0674946
t_wo + t_wo_cam
-1.09789 0.0240035 -0.0674946
Time
1558546393572
Theta
0.103403
t_GA - R_GA * R_AB * t_BA
-1.09791 0.0263075 -0.0660076
t_wo + t_wo_cam
-1.09789 0.0240035 -0.0674946
Time
1558546393596
Theta
0.103403
t_GA - R_GA * R_AB * t_BA
-1.09791 0.0263075 -0.0660076
t_wo + t_wo_cam
-1.09791 0.0263075 -0.0660076
Time
1558546393621
Theta
0.102031
t_GA - R_GA * R_AB * t_BA
-1.09791 0.0263075 -0.0660076
t_wo + t_wo_cam
-1.09791 0.0263075 -0.0660076
Time
1558546393641
Theta
0.102031
t_GA - R_GA * R_AB * t_BA
-1.09814 0.0296079 -0.067119
t_wo + t_wo_cam
-1.09791 0.0263075 -0.0660076
Time
1558546393666
Theta
0.102031
t_GA - R_GA * R_AB * t_BA
-1.09814 0.0296079 -0.067119
t_wo + t_wo_cam
-1.09814 0.0296079 -0.067119
Time
1558546393690
Theta
0.100267
t_GA - R_GA * R_AB * t_BA
-1.09814 0.0296079 -0.067119
t_wo + t_wo_cam
-1.09814 0.0296079 -0.067119
Time
1558546393715
Theta
0.100267
t_GA - R_GA * R_AB * t_BA
-1.09814 0.0296079 -0.067119
t_wo + t_wo_cam
-1.09814 0.0296079 -0.067119
Time
1558546393740
Theta
0.100267
t_GA - R_GA * R_AB * t_BA
-1.09824 0.0277992 -0.0677893
t_wo + t_wo_cam
-1.09824 0.0277992 -0.0677893
Time
1558546393764
Theta
0.100267
t_GA - R_GA * R_AB * t_BA
-1.09824 0.0277992 -0.0677893
t_wo + t_wo_cam
-1.09824 0.0277992 -0.0677893
Time
1558546393785
Theta
0.101777
t_GA - R_GA * R_AB * t_BA
-1.09824 0.0277992 -0.0677893
t_wo + t_wo_cam
-1.09824 0.0277992 -0.0677893
Time
1558546393809
Theta
0.101777
t_GA - R_GA * R_AB * t_BA
-1.09825 0.0233716 -0.0684218
t_wo + t_wo_cam
-1.09824 0.0277992 -0.0677893
Time
1558546393834
Theta
0.101777
t_GA - R_GA * R_AB * t_BA
-1.09825 0.0233716 -0.0684218
t_wo + t_wo_cam
-1.09825 0.0233716 -0.0684218
Time
1558546393858
Theta
0.10537
t_GA - R_GA * R_AB * t_BA
-1.09825 0.0233716 -0.0684218
t_wo + t_wo_cam
-1.09825 0.0233716 -0.0684218
Time
1558546393883
Theta
0.10537
t_GA - R_GA * R_AB * t_BA
-1.09825 0.0233716 -0.0684218
t_wo + t_wo_cam
-1.09825 0.0233716 -0.0684218
Time
1558546393908
Theta
0.10537
t_GA - R_GA * R_AB * t_BA
-1.09877 0.0297577 -0.0671458
t_wo + t_wo_cam
-1.09825 0.0233716 -0.0684218
Time
1558546393928
Theta
0.10537
t_GA - R_GA * R_AB * t_BA
-1.09877 0.0297577 -0.0671458
t_wo + t_wo_cam
-1.09877 0.0297577 -0.0671458
Time
1558546393953
Theta
0.101298
t_GA - R_GA * R_AB * t_BA
-1.09877 0.0297577 -0.0671458
t_wo + t_wo_cam
-1.09877 0.0297577 -0.0671458
Time
1558546393977
Theta
0.101298
t_GA - R_GA * R_AB * t_BA
-1.09897 0.0309908 -0.0710537
t_wo + t_wo_cam
-1.09877 0.0297577 -0.0671458
Time
1558546394002
Theta
0.101298
t_GA - R_GA * R_AB * t_BA
-1.09897 0.0309908 -0.0710537
t_wo + t_wo_cam
-1.09897 0.0309908 -0.0710537
Time
1558546394026
Theta
0.100777
t_GA - R_GA * R_AB * t_BA
-1.09897 0.0309908 -0.0710537
t_wo + t_wo_cam
-1.09897 0.0309908 -0.0710537
Time
1558546394051
Theta
0.100777
t_GA - R_GA * R_AB * t_BA
-1.09897 0.0309908 -0.0710537
t_wo + t_wo_cam
-1.09897 0.0309908 -0.0710537
Time
1558546394071
Theta
0.100777
t_GA - R_GA * R_AB * t_BA
-1.09907 0.0286217 -0.0693446
t_wo + t_wo_cam
-1.09897 0.0309908 -0.0710537
Time
1558546394096
Theta
0.100777
t_GA - R_GA * R_AB * t_BA
-1.09907 0.0286217 -0.0693446
t_wo + t_wo_cam
-1.09907 0.0286217 -0.0693446
Time
1558546394121
Theta
0.102591
t_GA - R_GA * R_AB * t_BA
-1.09907 0.0286217 -0.0693446
t_wo + t_wo_cam
-1.09907 0.0286217 -0.0693446
Time
1558546394145
Theta
0.102591
t_GA - R_GA * R_AB * t_BA
-1.09884 0.028174 -0.0663377
t_wo + t_wo_cam
-1.09907 0.0286217 -0.0693446
Time
1558546394170
Theta
0.102591
t_GA - R_GA * R_AB * t_BA
-1.09884 0.028174 -0.0663377
t_wo + t_wo_cam
-1.09884 0.028174 -0.0663377
Time
1558546394195
Theta
0.102617
t_GA - R_GA * R_AB * t_BA
-1.09884 0.028174 -0.0663377
t_wo + t_wo_cam
-1.09884 0.028174 -0.0663377
Time
1558546394219
Theta
0.102617
t_GA - R_GA * R_AB * t_BA
-1.09884 0.028174 -0.0663377
t_wo + t_wo_cam
-1.09884 0.028174 -0.0663377
Time
1558546394239
Theta
0.102617
t_GA - R_GA * R_AB * t_BA
-1.09914 0.0287189 -0.0666501
t_wo + t_wo_cam
-1.09884 0.028174 -0.0663377
Time
1558546394264
Theta
0.102617
t_GA - R_GA * R_AB * t_BA
-1.09914 0.0287189 -0.0666501
t_wo + t_wo_cam
-1.09914 0.0287189 -0.0666501
Time
1558546394289
Theta
0.102581
t_GA - R_GA * R_AB * t_BA
-1.09914 0.0287189 -0.0666501
t_wo + t_wo_cam
-1.09914 0.0287189 -0.0666501
Time
1558546394313
Theta
0.102581
t_GA - R_GA * R_AB * t_BA
-1.09921 0.0277116 -0.0691581
t_wo + t_wo_cam
-1.09914 0.0287189 -0.0666501
Time
1558546394338
Theta
0.102581
t_GA - R_GA * R_AB * t_BA
-1.09921 0.0277116 -0.0691581
t_wo + t_wo_cam
-1.09921 0.0277116 -0.0691581
Time
1558546394362
Theta
0.103703
t_GA - R_GA * R_AB * t_BA
-1.09921 0.0277116 -0.0691581
t_wo + t_wo_cam
-1.09921 0.0277116 -0.0691581
Time
1558546394383
Theta
0.103703
t_GA - R_GA * R_AB * t_BA
-1.09921 0.0277116 -0.0691581
t_wo + t_wo_cam
-1.09921 0.0277116 -0.0691581
Time
1558546394408
Theta
0.103703
t_GA - R_GA * R_AB * t_BA
-1.09936 0.0257559 -0.0692488
t_wo + t_wo_cam
-1.09921 0.0277116 -0.0691581
Time
1558546394432
Theta
0.103703
t_GA - R_GA * R_AB * t_BA
-1.09936 0.0257559 -0.0692488
t_wo + t_wo_cam
-1.09936 0.0257559 -0.0692488
Time
1558546394457
Theta
0.105292
t_GA - R_GA * R_AB * t_BA
-1.09936 0.0257559 -0.0692488
t_wo + t_wo_cam
-1.09936 0.0257559 -0.0692488
Time
1558546394481
Theta
0.105292
t_GA - R_GA * R_AB * t_BA
-1.0996 0.0258663 -0.072781
t_wo + t_wo_cam
-1.09936 0.0257559 -0.0692488
Time
1558546394506
Theta
0.105292
t_GA - R_GA * R_AB * t_BA
-1.0996 0.0258663 -0.072781
t_wo + t_wo_cam
-1.0996 0.0258663 -0.072781
Time
1558546394526
Theta
0.105372
t_GA - R_GA * R_AB * t_BA
-1.0996 0.0258663 -0.072781
t_wo + t_wo_cam
-1.0996 0.0258663 -0.072781
Time
1558546394551
Theta
0.105372
t_GA - R_GA * R_AB * t_BA
-1.0996 0.0258663 -0.072781
t_wo + t_wo_cam
-1.0996 0.0258663 -0.072781
Time
1558546394576
Theta
0.105372
t_GA - R_GA * R_AB * t_BA
-1.09916 0.0270672 -0.0685416
t_wo + t_wo_cam
-1.0996 0.0258663 -0.072781
Time
1558546394600
Theta
0.105372
t_GA - R_GA * R_AB * t_BA
-1.09916 0.0270672 -0.0685416
t_wo + t_wo_cam
-1.09916 0.0270672 -0.0685416
Time
1558546394625
Theta
0.104297
t_GA - R_GA * R_AB * t_BA
-1.09916 0.0270672 -0.0685416
t_wo + t_wo_cam
-1.09916 0.0270672 -0.0685416
Time
1558546394649
Theta
0.104297
t_GA - R_GA * R_AB * t_BA
-1.09916 0.0270672 -0.0685416
t_wo + t_wo_cam
-1.09916 0.0270672 -0.0685416
Time
1558546394670
Theta
0.104297
t_GA - R_GA * R_AB * t_BA
-1.09927 0.0287087 -0.0657867
t_wo + t_wo_cam
-1.09916 0.0270672 -0.0685416
Time
1558546394694
Theta
0.104297
t_GA - R_GA * R_AB * t_BA
-1.09927 0.0287087 -0.0657867
t_wo + t_wo_cam
-1.09927 0.0287087 -0.0657867
Time
1558546394719
Theta
0.103162
t_GA - R_GA * R_AB * t_BA
-1.09927 0.0287087 -0.0657867
t_wo + t_wo_cam
-1.09927 0.0287087 -0.0657867
Time
1558546394744
Theta
0.103162
t_GA - R_GA * R_AB * t_BA
-1.09916 0.0291385 -0.0675303
t_wo + t_wo_cam
-1.09927 0.0287087 -0.0657867
Time
1558546394768
Theta
0.103162
t_GA - R_GA * R_AB * t_BA
-1.09916 0.0291385 -0.0675303
t_wo + t_wo_cam
-1.09916 0.0291385 -0.0675303
Time
1558546394793
Theta
0.103348
t_GA - R_GA * R_AB * t_BA
-1.09916 0.0291385 -0.0675303
t_wo + t_wo_cam
-1.09916 0.0291385 -0.0675303
Time
1558546394813
Theta
0.103348
t_GA - R_GA * R_AB * t_BA
-1.09916 0.0291385 -0.0675303
t_wo + t_wo_cam
-1.09916 0.0291385 -0.0675303
Time
1558546394838
Theta
0.103348
t_GA - R_GA * R_AB * t_BA
-1.09942 0.0250395 -0.0705803
t_wo + t_wo_cam
-1.09942 0.0250395 -0.0705803
Time
1558546394862
Theta
0.103348
t_GA - R_GA * R_AB * t_BA
-1.09942 0.0250395 -0.0705803
t_wo + t_wo_cam
-1.09942 0.0250395 -0.0705803
Time
1558546394887
Theta
0.106769
t_GA - R_GA * R_AB * t_BA
-1.09942 0.0250395 -0.0705803
t_wo + t_wo_cam
-1.09942 0.0250395 -0.0705803
Time
1558546394911
Theta
0.106769
t_GA - R_GA * R_AB * t_BA
-1.09906 0.0300822 -0.0647941
t_wo + t_wo_cam
-1.09942 0.0250395 -0.0705803
Time
1558546394936
Theta
0.106769
t_GA - R_GA * R_AB * t_BA
-1.09906 0.0300822 -0.0647941
t_wo + t_wo_cam
-1.09906 0.0300822 -0.0647941
Time
1558546394957
Theta
0.102701
t_GA - R_GA * R_AB * t_BA
-1.09906 0.0300822 -0.0647941
t_wo + t_wo_cam
-1.09906 0.0300822 -0.0647941
Time
1558546394981
Theta
0.102701
t_GA - R_GA * R_AB * t_BA
-1.09906 0.0300822 -0.0647941
t_wo + t_wo_cam
-1.09906 0.0300822 -0.0647941
Time
1558546395006
Theta
0.102701
t_GA - R_GA * R_AB * t_BA
-1.09942 0.0235857 -0.0712619
t_wo + t_wo_cam
-1.09906 0.0300822 -0.0647941
Time
1558546395030
Theta
0.102701
t_GA - R_GA * R_AB * t_BA
-1.09942 0.0235857 -0.0712619
t_wo + t_wo_cam
-1.09942 0.0235857 -0.0712619
Time
1558546395055
Theta
0.107903
t_GA - R_GA * R_AB * t_BA
-1.09942 0.0235857 -0.0712619
t_wo + t_wo_cam
-1.09942 0.0235857 -0.0712619
Time
1558546395080
Theta
0.107903
t_GA - R_GA * R_AB * t_BA
-1.09947 0.0276735 -0.068001
t_wo + t_wo_cam
-1.09942 0.0235857 -0.0712619
Time
1558546395100
Theta
0.107903
t_GA - R_GA * R_AB * t_BA
-1.09947 0.0276735 -0.068001
t_wo + t_wo_cam
-1.09947 0.0276735 -0.068001
Time
1558546395125
Theta
0.1048
t_GA - R_GA * R_AB * t_BA
-1.09947 0.0276735 -0.068001
t_wo + t_wo_cam
-1.09947 0.0276735 -0.068001
Time
1558546395149
Theta
0.1048
t_GA - R_GA * R_AB * t_BA
-1.09947 0.0276735 -0.068001
t_wo + t_wo_cam
-1.09947 0.0276735 -0.068001
Time
1558546395174
Theta
0.1048
t_GA - R_GA * R_AB * t_BA
-1.09936 0.0271029 -0.0678544
t_wo + t_wo_cam
-1.09947 0.0276735 -0.068001
Time
1558546395198
Theta
0.1048
t_GA - R_GA * R_AB * t_BA
-1.09936 0.0271029 -0.0678544
t_wo + t_wo_cam
-1.09936 0.0271029 -0.0678544
Time
1558546395223
Theta
0.105469
t_GA - R_GA * R_AB * t_BA
-1.09936 0.0271029 -0.0678544
t_wo + t_wo_cam
-1.09936 0.0271029 -0.0678544
Time
1558546395248
Theta
0.105469
t_GA - R_GA * R_AB * t_BA
-1.09972 0.0258911 -0.0710145
t_wo + t_wo_cam
-1.09936 0.0271029 -0.0678544
Time
1558546395268
Theta
0.105469
t_GA - R_GA * R_AB * t_BA
-1.09972 0.0258911 -0.0710145
t_wo + t_wo_cam
-1.09972 0.0258911 -0.0710145
Time
1558546395293
Theta
0.106612
t_GA - R_GA * R_AB * t_BA
-1.09972 0.0258911 -0.0710145
t_wo + t_wo_cam
-1.09972 0.0258911 -0.0710145
Time
1558546395317
Theta
0.106612
t_GA - R_GA * R_AB * t_BA
-1.09924 0.0278759 -0.0691636
t_wo + t_wo_cam
-1.09972 0.0258911 -0.0710145
Time
1558546395342
Theta
0.106612
t_GA - R_GA * R_AB * t_BA
-1.09924 0.0278759 -0.0691636
t_wo + t_wo_cam
-1.09924 0.0278759 -0.0691636
Time
1558546395366
Theta
0.104931
t_GA - R_GA * R_AB * t_BA
-1.09924 0.0278759 -0.0691636
t_wo + t_wo_cam
-1.09924 0.0278759 -0.0691636
Time
1558546395391
Theta
0.104931
t_GA - R_GA * R_AB * t_BA
-1.09924 0.0278759 -0.0691636
t_wo + t_wo_cam
-1.09924 0.0278759 -0.0691636
Time
1558546395411
Theta
0.104931
t_GA - R_GA * R_AB * t_BA
-1.09894 0.0276054 -0.0670968
t_wo + t_wo_cam
-1.09924 0.0278759 -0.0691636
Time
1558546395436
Theta
0.104931
t_GA - R_GA * R_AB * t_BA
-1.09894 0.0276054 -0.0670968
t_wo + t_wo_cam
-1.09894 0.0276054 -0.0670968
Time
1558546395461
Theta
0.105141
t_GA - R_GA * R_AB * t_BA
-1.09894 0.0276054 -0.0670968
t_wo + t_wo_cam
-1.09894 0.0276054 -0.0670968
Time
1558546395485
Theta
0.105141
t_GA - R_GA * R_AB * t_BA
-1.09913 0.0294644 -0.0651675
t_wo + t_wo_cam
-1.09894 0.0276054 -0.0670968
Time
1558546395510
Theta
0.105141
t_GA - R_GA * R_AB * t_BA
-1.09913 0.0294644 -0.0651675
t_wo + t_wo_cam
-1.09913 0.0294644 -0.0651675
Time
1558546395534
Theta
0.103543
t_GA - R_GA * R_AB * t_BA
-1.09913 0.0294644 -0.0651675
t_wo + t_wo_cam
-1.09913 0.0294644 -0.0651675
Time
1558546395555
Theta
0.103543
t_GA - R_GA * R_AB * t_BA
-1.09913 0.0294644 -0.0651675
t_wo + t_wo_cam
-1.09913 0.0294644 -0.0651675
Time
1558546395579
Theta
0.103543
t_GA - R_GA * R_AB * t_BA
-1.09946 0.0286998 -0.0703721
t_wo + t_wo_cam
-1.09913 0.0294644 -0.0651675
Time
1558546395604
Theta
0.103543
t_GA - R_GA * R_AB * t_BA
-1.09946 0.0286998 -0.0703721
t_wo + t_wo_cam
-1.09946 0.0286998 -0.0703721
Time
1558546395629
Theta
0.104609
t_GA - R_GA * R_AB * t_BA
-1.09946 0.0286998 -0.0703721
t_wo + t_wo_cam
-1.09946 0.0286998 -0.0703721
Time
1558546395653
Theta
0.104609
t_GA - R_GA * R_AB * t_BA
-1.08251 -0.0807007 0.18806
t_wo + t_wo_cam
-1.09946 0.0286998 -0.0703721
Time
1558546395678
Theta
0.104609
t_GA - R_GA * R_AB * t_BA
-1.09929 0.0289075 -0.066518
t_wo + t_wo_cam
-1.09929 0.0289075 -0.066518
Time
1558546395698
Theta
0.104412
t_GA - R_GA * R_AB * t_BA
-1.09929 0.0289075 -0.066518
t_wo + t_wo_cam
-1.09929 0.0289075 -0.066518
Time
1558546395723
Theta
0.104412
t_GA - R_GA * R_AB * t_BA
-1.09929 0.0289075 -0.066518
t_wo + t_wo_cam
-1.09929 0.0289075 -0.066518
Time
1558546395748
Theta
0.104412
t_GA - R_GA * R_AB * t_BA
-1.09978 0.0263866 -0.0699912
t_wo + t_wo_cam
-1.09929 0.0289075 -0.066518
Time
1558546395772
Theta
0.104412
t_GA - R_GA * R_AB * t_BA
-1.09978 0.0263866 -0.0699912
t_wo + t_wo_cam
-1.09978 0.0263866 -0.0699912
Time
1558546395797
Theta
0.107066
t_GA - R_GA * R_AB * t_BA
-1.09978 0.0263866 -0.0699912
t_wo + t_wo_cam
-1.09978 0.0263866 -0.0699912
Time
1558546395821
Theta
0.107066
t_GA - R_GA * R_AB * t_BA
-1.09978 0.0263866 -0.0699912
t_wo + t_wo_cam
-1.09978 0.0263866 -0.0699912
Time
1558546395842
Theta
0.107066
t_GA - R_GA * R_AB * t_BA
-1.09991 0.0297293 -0.0707757
t_wo + t_wo_cam
-1.09978 0.0263866 -0.0699912
Time
1558546395866
Theta
0.107066
t_GA - R_GA * R_AB * t_BA
-1.09991 0.0297293 -0.0707757
t_wo + t_wo_cam
-1.09991 0.0297293 -0.0707757
Time
1558546395891
Theta
0.104703
t_GA - R_GA * R_AB * t_BA
-1.09991 0.0297293 -0.0707757
t_wo + t_wo_cam
-1.09991 0.0297293 -0.0707757
Time
1558546395916
Theta
0.104703
t_GA - R_GA * R_AB * t_BA
-1.1 0.0285072 -0.0709317
t_wo + t_wo_cam
-1.09991 0.0297293 -0.0707757
Time
1558546395940
Theta
0.104703
t_GA - R_GA * R_AB * t_BA
-1.1 0.0285072 -0.0709317
t_wo + t_wo_cam
-1.1 0.0285072 -0.0709317
Time
1558546395965
Theta
0.106168
t_GA - R_GA * R_AB * t_BA
-1.1 0.0285072 -0.0709317
t_wo + t_wo_cam
-1.1 0.0285072 -0.0709317
Time
1558546395985
Theta
0.106168
t_GA - R_GA * R_AB * t_BA
-1.1 0.0285072 -0.0709317
t_wo + t_wo_cam
-1.1 0.0285072 -0.0709317
Time
1558546396010
Theta
0.106168
t_GA - R_GA * R_AB * t_BA
-1.09998 0.0299367 -0.0705165
t_wo + t_wo_cam
-1.1 0.0285072 -0.0709317
Time
1558546396034
Theta
0.106168
t_GA - R_GA * R_AB * t_BA
-1.09998 0.0299367 -0.0705165
t_wo + t_wo_cam
-1.09998 0.0299367 -0.0705165
Time
1558546396059
Theta
0.105107
t_GA - R_GA * R_AB * t_BA
-1.09998 0.0299367 -0.0705165
t_wo + t_wo_cam
-1.09998 0.0299367 -0.0705165
Time
1558546396084
Theta
0.105107
t_GA - R_GA * R_AB * t_BA
-1.09998 0.0299367 -0.0705165
t_wo + t_wo_cam
-1.09998 0.0299367 -0.0705165
Time
1558546396108
Theta
0.105107
t_GA - R_GA * R_AB * t_BA
-1.10013 0.0267585 -0.0710169
t_wo + t_wo_cam
-1.10013 0.0267585 -0.0710169
Time
1558546396129
Theta
0.105107
t_GA - R_GA * R_AB * t_BA
-1.10013 0.0267585 -0.0710169
t_wo + t_wo_cam
-1.10013 0.0267585 -0.0710169
Time
1558546396153
Theta
0.107438
t_GA - R_GA * R_AB * t_BA
-1.10013 0.0267585 -0.0710169
t_wo + t_wo_cam
-1.10013 0.0267585 -0.0710169
Time
1558546396178
Theta
0.107438
t_GA - R_GA * R_AB * t_BA
-1.0999 0.0304491 -0.0706232
t_wo + t_wo_cam
-1.10013 0.0267585 -0.0710169
Time
1558546396202
Theta
0.107438
t_GA - R_GA * R_AB * t_BA
-1.0999 0.0304491 -0.0706232
t_wo + t_wo_cam
-1.0999 0.0304491 -0.0706232
Time
1558546396227
Theta
0.104601
t_GA - R_GA * R_AB * t_BA
-1.0999 0.0304491 -0.0706232
t_wo + t_wo_cam
-1.0999 0.0304491 -0.0706232
Time
1558546396251
Theta
0.104601
t_GA - R_GA * R_AB * t_BA
-1.0999 0.0304491 -0.0706232
t_wo + t_wo_cam
-1.0999 0.0304491 -0.0706232
Time
1558546396276
Theta
0.104601
t_GA - R_GA * R_AB * t_BA
-1.09987 0.0296867 -0.0689681
t_wo + t_wo_cam
-1.0999 0.0304491 -0.0706232
Time
1558546396297
Theta
0.104601
t_GA - R_GA * R_AB * t_BA
-1.09987 0.0296867 -0.0689681
t_wo + t_wo_cam
-1.09987 0.0296867 -0.0689681
Time
1558546396321
Theta
0.10533
t_GA - R_GA * R_AB * t_BA
-1.09987 0.0296867 -0.0689681
t_wo + t_wo_cam
-1.09987 0.0296867 -0.0689681
Time
1558546396346
Theta
0.10533
t_GA - R_GA * R_AB * t_BA
-1.10028 0.0306835 -0.069917
t_wo + t_wo_cam
-1.09987 0.0296867 -0.0689681
Time
1558546396370
Theta
0.10533
t_GA - R_GA * R_AB * t_BA
-1.10028 0.0306835 -0.069917
t_wo + t_wo_cam
-1.10028 0.0306835 -0.069917
Time
1558546396395
Theta
0.10507
t_GA - R_GA * R_AB * t_BA
-1.10028 0.0306835 -0.069917
t_wo + t_wo_cam
-1.10028 0.0306835 -0.069917
Time
1558546396420
Theta
0.10507
t_GA - R_GA * R_AB * t_BA
-1.10028 0.0306835 -0.069917
t_wo + t_wo_cam
-1.10028 0.0306835 -0.069917
Time
1558546396440
Theta
0.10507
t_GA - R_GA * R_AB * t_BA
-1.1003 0.0279182 -0.0709615
t_wo + t_wo_cam
-1.10028 0.0306835 -0.069917
Time
1558546396465
Theta
0.10507
t_GA - R_GA * R_AB * t_BA
-1.1003 0.0279182 -0.0709615
t_wo + t_wo_cam
-1.1003 0.0279182 -0.0709615
Time
1558546396489
Theta
0.107023
t_GA - R_GA * R_AB * t_BA
-1.1003 0.0279182 -0.0709615
t_wo + t_wo_cam
-1.1003 0.0279182 -0.0709615
Time
1558546396514
Theta
0.107023
t_GA - R_GA * R_AB * t_BA
-1.1003 0.0279182 -0.0709615
t_wo + t_wo_cam
-1.1003 0.0279182 -0.0709615
Time
1558546396538
Theta
0.107023
t_GA - R_GA * R_AB * t_BA
-1.10009 0.0281091 -0.0685672
t_wo + t_wo_cam
-1.1003 0.0279182 -0.0709615
Time
1558546396563
Theta
0.107023
t_GA - R_GA * R_AB * t_BA
-1.10009 0.0281091 -0.0685672
t_wo + t_wo_cam
-1.10009 0.0281091 -0.0685672
Time
1558546396583
Theta
0.106767
t_GA - R_GA * R_AB * t_BA
-1.10009 0.0281091 -0.0685672
t_wo + t_wo_cam
-1.10009 0.0281091 -0.0685672
Time
1558546396608
Theta
0.106767
t_GA - R_GA * R_AB * t_BA
-1.10009 0.0296957 -0.0695485
t_wo + t_wo_cam
-1.10009 0.0281091 -0.0685672
Time
1558546396633
Theta
0.106767
t_GA - R_GA * R_AB * t_BA
-1.10009 0.0296957 -0.0695485
t_wo + t_wo_cam
-1.10009 0.0296957 -0.0695485
Time
1558546396657
Theta
0.105837
t_GA - R_GA * R_AB * t_BA
-1.10009 0.0296957 -0.0695485
t_wo + t_wo_cam
-1.10009 0.0296957 -0.0695485
Time
1558546396682
Theta
0.105837
t_GA - R_GA * R_AB * t_BA
-1.10009 0.0296957 -0.0695485
t_wo + t_wo_cam
-1.10009 0.0296957 -0.0695485
Time
1558546396706
Theta
0.105837
t_GA - R_GA * R_AB * t_BA
-1.10019 0.0313323 -0.0700745
t_wo + t_wo_cam
-1.10009 0.0296957 -0.0695485
Time
1558546396727
Theta
0.105837
t_GA - R_GA * R_AB * t_BA
-1.10019 0.0313323 -0.0700745
t_wo + t_wo_cam
-1.10019 0.0313323 -0.0700745
Time
1558546396752
Theta
0.104752
t_GA - R_GA * R_AB * t_BA
-1.10019 0.0313323 -0.0700745
t_wo + t_wo_cam
-1.10019 0.0313323 -0.0700745
Time
1558546396776
Theta
0.104752
t_GA - R_GA * R_AB * t_BA
-1.10052 0.0281765 -0.0715403
t_wo + t_wo_cam
-1.10019 0.0313323 -0.0700745
Time
1558546396801
Theta
0.104752
t_GA - R_GA * R_AB * t_BA
-1.10052 0.0281765 -0.0715403
t_wo + t_wo_cam
-1.10052 0.0281765 -0.0715403
Time
1558546396825
Theta
0.107278
t_GA - R_GA * R_AB * t_BA
-1.10052 0.0281765 -0.0715403
t_wo + t_wo_cam
-1.10052 0.0281765 -0.0715403
Time
1558546396850
Theta
0.107278
t_GA - R_GA * R_AB * t_BA
-1.10052 0.0281765 -0.0715403
t_wo + t_wo_cam
-1.10052 0.0281765 -0.0715403
Time
1558546396870
Theta
0.107278
t_GA - R_GA * R_AB * t_BA
-1.1004 0.0320318 -0.0706838
t_wo + t_wo_cam
-1.10052 0.0281765 -0.0715403
Time
1558546396895
Theta
0.107278
t_GA - R_GA * R_AB * t_BA
-1.1004 0.0320318 -0.0706838
t_wo + t_wo_cam
-1.1004 0.0320318 -0.0706838
Time
1558546396919
Theta
0.104357
t_GA - R_GA * R_AB * t_BA
-1.1004 0.0320318 -0.0706838
t_wo + t_wo_cam
-1.1004 0.0320318 -0.0706838
Time
1558546396944
Theta
0.104357
t_GA - R_GA * R_AB * t_BA
-1.1004 0.0320318 -0.0706838
t_wo + t_wo_cam
-1.1004 0.0320318 -0.0706838
Time
1558546396969
Theta
0.104357
t_GA - R_GA * R_AB * t_BA
-1.10035 0.0323411 -0.0707448
t_wo + t_wo_cam
-1.1004 0.0320318 -0.0706838
Time
1558546396993
Theta
0.104357
t_GA - R_GA * R_AB * t_BA
-1.10035 0.0323411 -0.0707448
t_wo + t_wo_cam
-1.10035 0.0323411 -0.0707448
Time
1558546397014
Theta
0.104238
t_GA - R_GA * R_AB * t_BA
-1.10035 0.0323411 -0.0707448
t_wo + t_wo_cam
-1.10035 0.0323411 -0.0707448
Time
1558546397038
Theta
0.104238
t_GA - R_GA * R_AB * t_BA
-1.09996 0.0327175 -0.0680237
t_wo + t_wo_cam
-1.10035 0.0323411 -0.0707448
Time
1558546397063
Theta
0.104238
t_GA - R_GA * R_AB * t_BA
-1.09996 0.0327175 -0.0680237
t_wo + t_wo_cam
-1.09996 0.0327175 -0.0680237
Time
1558546397088
Theta
0.103697
t_GA - R_GA * R_AB * t_BA
-1.09996 0.0327175 -0.0680237
t_wo + t_wo_cam
-1.09996 0.0327175 -0.0680237
Time
1558546397112
Theta
0.103697
t_GA - R_GA * R_AB * t_BA
-1.09996 0.0327175 -0.0680237
t_wo + t_wo_cam
-1.09996 0.0327175 -0.0680237
Time
1558546397137
Theta
0.103697
t_GA - R_GA * R_AB * t_BA
-1.10056 0.0304485 -0.0693146
t_wo + t_wo_cam
-1.09996 0.0327175 -0.0680237
Time
1558546397157
Theta
0.103697
t_GA - R_GA * R_AB * t_BA
-1.10056 0.0304485 -0.0693146
t_wo + t_wo_cam
-1.10056 0.0304485 -0.0693146
Time
1558546397182
Theta
0.105989
t_GA - R_GA * R_AB * t_BA
-1.10056 0.0304485 -0.0693146
t_wo + t_wo_cam
-1.10056 0.0304485 -0.0693146
Time
1558546397206
Theta
0.105989
t_GA - R_GA * R_AB * t_BA
-1.10057 0.0304677 -0.0719944
t_wo + t_wo_cam
-1.10056 0.0304485 -0.0693146
Time
1558546397231
Theta
0.105989
t_GA - R_GA * R_AB * t_BA
-1.10057 0.0304677 -0.0719944
t_wo + t_wo_cam
-1.10057 0.0304677 -0.0719944
Time
1558546397255
Theta
0.106119
t_GA - R_GA * R_AB * t_BA
-1.10057 0.0304677 -0.0719944
t_wo + t_wo_cam
-1.10057 0.0304677 -0.0719944
Time
1558546397280
Theta
0.106119
t_GA - R_GA * R_AB * t_BA
-1.10057 0.0304677 -0.0719944
t_wo + t_wo_cam
-1.10057 0.0304677 -0.0719944
Time
1558546397301
Theta
0.106119
t_GA - R_GA * R_AB * t_BA
-1.10038 0.0337017 -0.0683212
t_wo + t_wo_cam
-1.10057 0.0304677 -0.0719944
Time
1558546397325
Theta
0.106119
t_GA - R_GA * R_AB * t_BA
-1.10038 0.0337017 -0.0683212
t_wo + t_wo_cam
-1.10038 0.0337017 -0.0683212
Time
1558546397350
Theta
0.103392
t_GA - R_GA * R_AB * t_BA
-1.10038 0.0337017 -0.0683212
t_wo + t_wo_cam
-1.10038 0.0337017 -0.0683212
Time
1558546397374
Theta
0.103392
t_GA - R_GA * R_AB * t_BA
-1.10038 0.0337017 -0.0683212
t_wo + t_wo_cam
-1.10038 0.0337017 -0.0683212
Time
1558546397399
Theta
0.103392
t_GA - R_GA * R_AB * t_BA
-1.10062 0.0285371 -0.0714868
t_wo + t_wo_cam
-1.10062 0.0285371 -0.0714868
Time
1558546397424
Theta
0.103392
t_GA - R_GA * R_AB * t_BA
-1.10062 0.0285371 -0.0714868
t_wo + t_wo_cam
-1.10062 0.0285371 -0.0714868
Time
1558546397448
Theta
0.107698
t_GA - R_GA * R_AB * t_BA
-1.10062 0.0285371 -0.0714868
t_wo + t_wo_cam
-1.10062 0.0285371 -0.0714868
Time
1558546397469
Theta
0.107698
t_GA - R_GA * R_AB * t_BA
-1.10038 0.0363933 -0.0681269
t_wo + t_wo_cam
-1.10062 0.0285371 -0.0714868
Time
1558546397493
Theta
0.107698
t_GA - R_GA * R_AB * t_BA
-1.10038 0.0363933 -0.0681269
t_wo + t_wo_cam
-1.10038 0.0363933 -0.0681269
Time
1558546397518
Theta
0.101813
t_GA - R_GA * R_AB * t_BA
-1.10038 0.0363933 -0.0681269
t_wo + t_wo_cam
-1.10038 0.0363933 -0.0681269
Time
1558546397542
Theta
0.101813
t_GA - R_GA * R_AB * t_BA
-1.10038 0.0363933 -0.0681269
t_wo + t_wo_cam
-1.10038 0.0363933 -0.0681269
Time
1558546397567
Theta
0.101813
t_GA - R_GA * R_AB * t_BA
-1.10102 0.0302426 -0.0709597
t_wo + t_wo_cam
-1.10038 0.0363933 -0.0681269
Time
1558546397592
Theta
0.101813
t_GA - R_GA * R_AB * t_BA
-1.10102 0.0302426 -0.0709597
t_wo + t_wo_cam
-1.10102 0.0302426 -0.0709597
Time
1558546397612
Theta
0.106856
t_GA - R_GA * R_AB * t_BA
-1.10102 0.0302426 -0.0709597
t_wo + t_wo_cam
-1.10102 0.0302426 -0.0709597
Time
1558546397637
Theta
0.106856
t_GA - R_GA * R_AB * t_BA
-1.10309 0.0471297 -0.075192
t_wo + t_wo_cam
-1.10102 0.0302426 -0.0709597
Time
1558546397661
Theta
0.106856
t_GA - R_GA * R_AB * t_BA
-1.10309 0.0471297 -0.075192
t_wo + t_wo_cam
-1.10309 0.0471297 -0.075192
Time
1558546397686
Theta
0.0976337
t_GA - R_GA * R_AB * t_BA
-1.10309 0.0471297 -0.075192
t_wo + t_wo_cam
-1.10309 0.0471297 -0.075192
Time
1558546397710
Theta
0.0976337
t_GA - R_GA * R_AB * t_BA
-1.10309 0.0471297 -0.075192
t_wo + t_wo_cam
-1.10309 0.0471297 -0.075192
Time
1558546397735
Theta
0.0976337
t_GA - R_GA * R_AB * t_BA
-1.10246 0.0684999 -0.0834503
t_wo + t_wo_cam
-1.10309 0.0471297 -0.075192
Time
1558546397756
Theta
0.0976337
t_GA - R_GA * R_AB * t_BA
-1.10246 0.0684999 -0.0834503
t_wo + t_wo_cam
-1.10246 0.0684999 -0.0834503
Time
1558546397780
Theta
0.0754869
t_GA - R_GA * R_AB * t_BA
-1.10246 0.0684999 -0.0834503
t_wo + t_wo_cam
-1.10246 0.0684999 -0.0834503
Time
1558546397805
Theta
0.0754869
t_GA - R_GA * R_AB * t_BA
-1.10246 0.0684999 -0.0834503
t_wo + t_wo_cam
-1.10246 0.0684999 -0.0834503
Time
1558546397829
Theta
0.0754869
t_GA - R_GA * R_AB * t_BA
-1.10462 0.0230124 -0.08931
t_wo + t_wo_cam
-1.10462 0.0230124 -0.08931
Time
1558546397854
Theta
0.0754869
t_GA - R_GA * R_AB * t_BA
-1.10462 0.0230124 -0.08931
t_wo + t_wo_cam
-1.10462 0.0230124 -0.08931
Time
1558546397878
Theta
0.0984085
t_GA - R_GA * R_AB * t_BA
-1.10462 0.0230124 -0.08931
t_wo + t_wo_cam
-1.10462 0.0230124 -0.08931
Time
1558546397899
Theta
0.0984085
t_GA - R_GA * R_AB * t_BA
-1.10437 0.0306101 -0.0771076
t_wo + t_wo_cam
-1.10462 0.0230124 -0.08931
Time
1558546397923
Theta
0.0984085
t_GA - R_GA * R_AB * t_BA
-1.10437 0.0306101 -0.0771076
t_wo + t_wo_cam
-1.10437 0.0306101 -0.0771076
Time
1558546397948
Theta
0.096237
t_GA - R_GA * R_AB * t_BA
-1.10437 0.0306101 -0.0771076
t_wo + t_wo_cam
-1.10437 0.0306101 -0.0771076
Time
1558546397973
Theta
0.096237
t_GA - R_GA * R_AB * t_BA
-1.10437 0.0306101 -0.0771076
t_wo + t_wo_cam
-1.10437 0.0306101 -0.0771076
Time
1558546397997
Theta
0.096237
t_GA - R_GA * R_AB * t_BA
-1.11256 0.01689 -0.108957
t_wo + t_wo_cam
-1.10437 0.0306101 -0.0771076
Time
1558546398022
Theta
0.096237
t_GA - R_GA * R_AB * t_BA
-1.11256 0.01689 -0.108957
t_wo + t_wo_cam
-1.11256 0.01689 -0.108957
Time
1558546398042
Theta
0.102472
t_GA - R_GA * R_AB * t_BA
-1.11256 0.01689 -0.108957
t_wo + t_wo_cam
-1.11256 0.01689 -0.108957
Time
1558546398067
Theta
0.102472
t_GA - R_GA * R_AB * t_BA
-1.11073 -0.04543 -0.142631
t_wo + t_wo_cam
-1.11256 0.01689 -0.108957
Time
1558546398091
Theta
0.102472
t_GA - R_GA * R_AB * t_BA
-1.11073 -0.04543 -0.142631
t_wo + t_wo_cam
-1.11073 -0.04543 -0.142631
Time
1558546398116
Theta
0.137444
t_GA - R_GA * R_AB * t_BA
-1.11073 -0.04543 -0.142631
t_wo + t_wo_cam
-1.11073 -0.04543 -0.142631
Time
1558546398141
Theta
0.137444
t_GA - R_GA * R_AB * t_BA
-1.11073 -0.04543 -0.142631
t_wo + t_wo_cam
-1.11073 -0.04543 -0.142631
Time
1558546398165
Theta
0.137444
t_GA - R_GA * R_AB * t_BA
-1.10702 -0.0927019 -0.130006
t_wo + t_wo_cam
-1.11073 -0.04543 -0.142631
Time
1558546398186
Theta
0.137444
t_GA - R_GA * R_AB * t_BA
-1.10702 -0.0927019 -0.130006
t_wo + t_wo_cam
-1.10702 -0.0927019 -0.130006
Time
1558546398210
Theta
0.176533
t_GA - R_GA * R_AB * t_BA
-1.10702 -0.0927019 -0.130006
t_wo + t_wo_cam
-1.10702 -0.0927019 -0.130006
Time
1558546398235
Theta
0.176533
t_GA - R_GA * R_AB * t_BA
-1.10275 -0.119323 -0.115577
t_wo + t_wo_cam
-1.10702 -0.0927019 -0.130006
Time
1558546398259
Theta
0.176533
t_GA - R_GA * R_AB * t_BA
-1.10275 -0.119323 -0.115577
t_wo + t_wo_cam
-1.10275 -0.119323 -0.115577
Time
1558546398284
Theta
0.198905
t_GA - R_GA * R_AB * t_BA
-1.10275 -0.119323 -0.115577
t_wo + t_wo_cam
-1.10275 -0.119323 -0.115577
Time
1558546398309
Theta
0.198905
t_GA - R_GA * R_AB * t_BA
-1.10275 -0.119323 -0.115577
t_wo + t_wo_cam
-1.10275 -0.119323 -0.115577
Time
1558546398329
Theta
0.198905
t_GA - R_GA * R_AB * t_BA
-1.09569 -0.158817 -0.116404
t_wo + t_wo_cam
-1.10275 -0.119323 -0.115577
Time
1558546398354
Theta
0.198905
t_GA - R_GA * R_AB * t_BA
-1.09569 -0.158817 -0.116404
t_wo + t_wo_cam
-1.09569 -0.158817 -0.116404
Time
1558546398378
Theta
0.235823
t_GA - R_GA * R_AB * t_BA
-1.09569 -0.158817 -0.116404
t_wo + t_wo_cam
-1.09569 -0.158817 -0.116404
Time
1558546398403
Theta
0.235823
t_GA - R_GA * R_AB * t_BA
-1.0953 -0.158513 -0.114719
t_wo + t_wo_cam
-1.09569 -0.158817 -0.116404
Time
1558546398428
Theta
0.235823
t_GA - R_GA * R_AB * t_BA
-1.0953 -0.158513 -0.114719
t_wo + t_wo_cam
-1.0953 -0.158513 -0.114719
Time
1558546398452
Theta
0.2363
t_GA - R_GA * R_AB * t_BA
-1.0953 -0.158513 -0.114719
t_wo + t_wo_cam
-1.0953 -0.158513 -0.114719
Time
1558546398477
Theta
0.2363
t_GA - R_GA * R_AB * t_BA
-1.0953 -0.158513 -0.114719
t_wo + t_wo_cam
-1.0953 -0.158513 -0.114719
Time
1558546398497
Theta
0.2363
t_GA - R_GA * R_AB * t_BA
-1.09201 -0.174195 -0.109974
t_wo + t_wo_cam
-1.0953 -0.158513 -0.114719
Time
1558546398522
Theta
0.2363
t_GA - R_GA * R_AB * t_BA
-1.09201 -0.174195 -0.109974
t_wo + t_wo_cam
-1.09201 -0.174195 -0.109974
Time
1558546398546
Theta
0.248868
t_GA - R_GA * R_AB * t_BA
-1.09201 -0.174195 -0.109974
t_wo + t_wo_cam
-1.09201 -0.174195 -0.109974
Time
1558546398571
Theta
0.248868
t_GA - R_GA * R_AB * t_BA
-1.09189 -0.170925 -0.111087
t_wo + t_wo_cam
-1.09201 -0.174195 -0.109974
Time
1558546398595
Theta
0.248868
t_GA - R_GA * R_AB * t_BA
-1.09189 -0.170925 -0.111087
t_wo + t_wo_cam
-1.09189 -0.170925 -0.111087
Time
1558546398620
Theta
0.248941
t_GA - R_GA * R_AB * t_BA
-1.09189 -0.170925 -0.111087
t_wo + t_wo_cam
-1.09189 -0.170925 -0.111087
Time
1558546398641
Theta
0.248941
t_GA - R_GA * R_AB * t_BA
-1.09142 -0.165404 -0.105273
t_wo + t_wo_cam
-1.09189 -0.170925 -0.111087
Time
1558546398665
Theta
0.248941
t_GA - R_GA * R_AB * t_BA
-1.09142 -0.165404 -0.105273
t_wo + t_wo_cam
-1.09142 -0.165404 -0.105273
Time
1558546398690
Theta
0.242706
t_GA - R_GA * R_AB * t_BA
-1.09142 -0.165404 -0.105273
t_wo + t_wo_cam
-1.09142 -0.165404 -0.105273
Time
1558546398714
Theta
0.242706
t_GA - R_GA * R_AB * t_BA
-1.09142 -0.165404 -0.105273
t_wo + t_wo_cam
-1.09142 -0.165404 -0.105273
Time
1558546398739
Theta
0.242706
t_GA - R_GA * R_AB * t_BA
-1.0894 -0.167949 -0.101335
t_wo + t_wo_cam
-1.09142 -0.165404 -0.105273
Time
1558546398764
Theta
0.242706
t_GA - R_GA * R_AB * t_BA
-1.0894 -0.167949 -0.101335
t_wo + t_wo_cam
-1.0894 -0.167949 -0.101335
Time
1558546398784
Theta
0.251578
t_GA - R_GA * R_AB * t_BA
-1.0894 -0.167949 -0.101335
t_wo + t_wo_cam
-1.0894 -0.167949 -0.101335
Time
1558546398809
Theta
0.251578
t_GA - R_GA * R_AB * t_BA
-1.09186 -0.151797 -0.0886189
t_wo + t_wo_cam
-1.0894 -0.167949 -0.101335
Time
1558546398833
Theta
0.251578
t_GA - R_GA * R_AB * t_BA
-1.09186 -0.151797 -0.0886189
t_wo + t_wo_cam
-1.09186 -0.151797 -0.0886189
Time
1558546398858
Theta
0.241548
t_GA - R_GA * R_AB * t_BA
-1.09186 -0.151797 -0.0886189
t_wo + t_wo_cam
-1.09186 -0.151797 -0.0886189
Time
1558546398882
Theta
0.241548
t_GA - R_GA * R_AB * t_BA
-1.09186 -0.151797 -0.0886189
t_wo + t_wo_cam
-1.09186 -0.151797 -0.0886189
Time
1558546398907
Theta
0.241548
t_GA - R_GA * R_AB * t_BA
-1.09297 -0.149008 -0.0935132
t_wo + t_wo_cam
-1.09186 -0.151797 -0.0886189
Time
1558546398927
Theta
0.241548
t_GA - R_GA * R_AB * t_BA
-1.09297 -0.149008 -0.0935132
t_wo + t_wo_cam
-1.09297 -0.149008 -0.0935132
Time
1558546398952
Theta
0.237188
t_GA - R_GA * R_AB * t_BA
-1.09297 -0.149008 -0.0935132
t_wo + t_wo_cam
-1.09297 -0.149008 -0.0935132
Time
1558546398977
Theta
0.237188
t_GA - R_GA * R_AB * t_BA
-1.09081 -0.160433 -0.103376
t_wo + t_wo_cam
-1.09297 -0.149008 -0.0935132
Time
1558546399001
Theta
0.237188
t_GA - R_GA * R_AB * t_BA
-1.09081 -0.160433 -0.103376
t_wo + t_wo_cam
-1.09081 -0.160433 -0.103376
Time
1558546399026
Theta
0.246857
t_GA - R_GA * R_AB * t_BA
-1.09081 -0.160433 -0.103376
t_wo + t_wo_cam
-1.09081 -0.160433 -0.103376
Time
1558546399050
Theta
0.246857
t_GA - R_GA * R_AB * t_BA
-1.09081 -0.160433 -0.103376
t_wo + t_wo_cam
-1.09081 -0.160433 -0.103376
Time
1558546399071
Theta
0.246857
t_GA - R_GA * R_AB * t_BA
-1.09167 -0.157381 -0.105799
t_wo + t_wo_cam
-1.09081 -0.160433 -0.103376
Time
1558546399095
Theta
0.246857
t_GA - R_GA * R_AB * t_BA
-1.09167 -0.157381 -0.105799
t_wo + t_wo_cam
-1.09167 -0.157381 -0.105799
Time
1558546399120
Theta
0.24529
t_GA - R_GA * R_AB * t_BA
-1.09167 -0.157381 -0.105799
t_wo + t_wo_cam
-1.09167 -0.157381 -0.105799
Time
1558546399145
Theta
0.24529
t_GA - R_GA * R_AB * t_BA
-1.09167 -0.157381 -0.105799
t_wo + t_wo_cam
-1.09167 -0.157381 -0.105799
Time
1558546399169
Theta
0.24529
t_GA - R_GA * R_AB * t_BA
-1.09246 -0.154736 -0.10861
t_wo + t_wo_cam
-1.09167 -0.157381 -0.105799
Time
1558546399194
Theta
0.24529
t_GA - R_GA * R_AB * t_BA
-1.09246 -0.154736 -0.10861
t_wo + t_wo_cam
-1.09246 -0.154736 -0.10861
Time
1558546399214
Theta
0.243228
t_GA - R_GA * R_AB * t_BA
-1.09246 -0.154736 -0.10861
t_wo + t_wo_cam
-1.09246 -0.154736 -0.10861
Time
1558546399239
Theta
0.243228
t_GA - R_GA * R_AB * t_BA
-1.09246 -0.154736 -0.10861
t_wo + t_wo_cam
-1.09246 -0.154736 -0.10861
Time
1558546399263
Theta
0.243228
t_GA - R_GA * R_AB * t_BA
-1.09314 -0.143629 -0.0972267
t_wo + t_wo_cam
-1.09246 -0.154736 -0.10861
Time
1558546399288
Theta
0.243228
t_GA - R_GA * R_AB * t_BA
-1.09314 -0.143629 -0.0972267
t_wo + t_wo_cam
-1.09314 -0.143629 -0.0972267
Time
1558546399313
Theta
0.235265
t_GA - R_GA * R_AB * t_BA
-1.09314 -0.143629 -0.0972267
t_wo + t_wo_cam
-1.09314 -0.143629 -0.0972267
Time
1558546399337
Theta
0.235265
t_GA - R_GA * R_AB * t_BA
-1.09314 -0.143629 -0.0972267
t_wo + t_wo_cam
-1.09314 -0.143629 -0.0972267
Time
1558546399358
Theta
0.235265
t_GA - R_GA * R_AB * t_BA
-1.09426 -0.135247 -0.0947447
t_wo + t_wo_cam
-1.09426 -0.135247 -0.0947447
Time
1558546399382
Theta
0.228433
t_GA - R_GA * R_AB * t_BA
-1.09426 -0.135247 -0.0947447
t_wo + t_wo_cam
-1.09426 -0.135247 -0.0947447
Time
1558546399407
Theta
0.228433
t_GA - R_GA * R_AB * t_BA
-1.09426 -0.135247 -0.0947447
t_wo + t_wo_cam
-1.09426 -0.135247 -0.0947447
Time
1558546399431
Theta
0.228433
t_GA - R_GA * R_AB * t_BA
-1.09543 -0.132329 -0.0965126
t_wo + t_wo_cam
-1.09426 -0.135247 -0.0947447
Time
1558546399456
Theta
0.228433
t_GA - R_GA * R_AB * t_BA
-1.09543 -0.132329 -0.0965126
t_wo + t_wo_cam
-1.09543 -0.132329 -0.0965126
Time
1558546399481
Theta
0.223796
t_GA - R_GA * R_AB * t_BA
-1.09543 -0.132329 -0.0965126
t_wo + t_wo_cam
-1.09543 -0.132329 -0.0965126
Time
1558546399505
Theta
0.223796
t_GA - R_GA * R_AB * t_BA
-1.09543 -0.132329 -0.0965126
t_wo + t_wo_cam
-1.09543 -0.132329 -0.0965126
Time
1558546399526
Theta
0.223796
t_GA - R_GA * R_AB * t_BA
-1.09504 -0.133628 -0.0992364
t_wo + t_wo_cam
-1.09543 -0.132329 -0.0965126
Time
1558546399550
Theta
0.223796
t_GA - R_GA * R_AB * t_BA
-1.09504 -0.133628 -0.0992364
t_wo + t_wo_cam
-1.09504 -0.133628 -0.0992364
Time
1558546399575
Theta
0.222817
t_GA - R_GA * R_AB * t_BA
-1.09504 -0.133628 -0.0992364
t_wo + t_wo_cam
-1.09504 -0.133628 -0.0992364
Time
1558546399600
Theta
0.222817
t_GA - R_GA * R_AB * t_BA
-1.09459 -0.136513 -0.0984993
t_wo + t_wo_cam
-1.09504 -0.133628 -0.0992364
Time
1558546399624
Theta
0.222817
t_GA - R_GA * R_AB * t_BA
-1.09459 -0.136513 -0.0984993
t_wo + t_wo_cam
-1.09459 -0.136513 -0.0984993
Time
1558546399649
Theta
0.226628
t_GA - R_GA * R_AB * t_BA
-1.09459 -0.136513 -0.0984993
t_wo + t_wo_cam
-1.09459 -0.136513 -0.0984993
Time
1558546399669
Theta
0.226628
t_GA - R_GA * R_AB * t_BA
-1.09459 -0.136513 -0.0984993
t_wo + t_wo_cam
-1.09459 -0.136513 -0.0984993
Time
1558546399694
Theta
0.226628
t_GA - R_GA * R_AB * t_BA
-1.09594 -0.132152 -0.0939142
t_wo + t_wo_cam
-1.09459 -0.136513 -0.0984993
Time
1558546399718
Theta
0.226628
t_GA - R_GA * R_AB * t_BA
-1.09594 -0.132152 -0.0939142
t_wo + t_wo_cam
-1.09594 -0.132152 -0.0939142
Time
1558546399743
Theta
0.221469
t_GA - R_GA * R_AB * t_BA
-1.09594 -0.132152 -0.0939142
t_wo + t_wo_cam
-1.09594 -0.132152 -0.0939142
Time
1558546399767
Theta
0.221469
t_GA - R_GA * R_AB * t_BA
-1.09594 -0.132152 -0.0939142
t_wo + t_wo_cam
-1.09594 -0.132152 -0.0939142
Time
1558546399792
Theta
0.221469
t_GA - R_GA * R_AB * t_BA
-1.09652 -0.128385 -0.0950445
t_wo + t_wo_cam
-1.09594 -0.132152 -0.0939142
Time
1558546399813
Theta
0.221469
t_GA - R_GA * R_AB * t_BA
-1.09652 -0.128385 -0.0950445
t_wo + t_wo_cam
-1.09652 -0.128385 -0.0950445
Time
1558546399837
Theta
0.217275
t_GA - R_GA * R_AB * t_BA
-1.09652 -0.128385 -0.0950445
t_wo + t_wo_cam
-1.09652 -0.128385 -0.0950445
Time
1558546399862
Theta
0.217275
t_GA - R_GA * R_AB * t_BA
-1.09601 -0.134257 -0.100289
t_wo + t_wo_cam
-1.09652 -0.128385 -0.0950445
Time
1558546399886
Theta
0.217275
t_GA - R_GA * R_AB * t_BA
-1.09601 -0.134257 -0.100289
t_wo + t_wo_cam
-1.09601 -0.134257 -0.100289
Time
1558546399911
Theta
0.221573
t_GA - R_GA * R_AB * t_BA
-1.09601 -0.134257 -0.100289
t_wo + t_wo_cam
-1.09601 -0.134257 -0.100289
Time
1558546399935
Theta
0.221573
t_GA - R_GA * R_AB * t_BA
-1.09601 -0.134257 -0.100289
t_wo + t_wo_cam
-1.09601 -0.134257 -0.100289
Time
1558546399956
Theta
0.221573
t_GA - R_GA * R_AB * t_BA
-1.09609 -0.134327 -0.0945647
t_wo + t_wo_cam
-1.09601 -0.134257 -0.100289
Time
1558546399981
Theta
0.221573
t_GA - R_GA * R_AB * t_BA
-1.09609 -0.134327 -0.0945647
t_wo + t_wo_cam
-1.09609 -0.134327 -0.0945647
Time
1558546400005
Theta
0.222154
t_GA - R_GA * R_AB * t_BA
-1.09609 -0.134327 -0.0945647
t_wo + t_wo_cam
-1.09609 -0.134327 -0.0945647
Time
1558546400030
Theta
0.222154
t_GA - R_GA * R_AB * t_BA
-1.09667 -0.13087 -0.096978
t_wo + t_wo_cam
-1.09609 -0.134327 -0.0945647
Time
1558546400054
Theta
0.222154
t_GA - R_GA * R_AB * t_BA
-1.09667 -0.13087 -0.096978
t_wo + t_wo_cam
-1.09667 -0.13087 -0.096978
Time
1558546400079
Theta
0.219016
t_GA - R_GA * R_AB * t_BA
-1.09667 -0.13087 -0.096978
t_wo + t_wo_cam
-1.09667 -0.13087 -0.096978
Time
1558546400099
Theta
0.219016
t_GA - R_GA * R_AB * t_BA
-1.09667 -0.13087 -0.096978
t_wo + t_wo_cam
-1.09667 -0.13087 -0.096978
Time
1558546400124
Theta
0.219016
t_GA - R_GA * R_AB * t_BA
-1.09581 -0.133078 -0.0984075
t_wo + t_wo_cam
-1.09667 -0.13087 -0.096978
Time
1558546400149
Theta
0.219016
t_GA - R_GA * R_AB * t_BA
-1.09581 -0.133078 -0.0984075
t_wo + t_wo_cam
-1.09581 -0.133078 -0.0984075
Time
1558546400173
Theta
0.221142
t_GA - R_GA * R_AB * t_BA
-1.09581 -0.133078 -0.0984075
t_wo + t_wo_cam
-1.09581 -0.133078 -0.0984075
Time
1558546400198
Theta
0.221142
t_GA - R_GA * R_AB * t_BA
-1.09588 -0.131372 -0.0991548
t_wo + t_wo_cam
-1.09581 -0.133078 -0.0984075
Time
1558546400222
Theta
0.221142
t_GA - R_GA * R_AB * t_BA
-1.09588 -0.131372 -0.0991548
t_wo + t_wo_cam
-1.09588 -0.131372 -0.0991548
Time
1558546400243
Theta
0.221003
t_GA - R_GA * R_AB * t_BA
-1.09588 -0.131372 -0.0991548
t_wo + t_wo_cam
-1.09588 -0.131372 -0.0991548
Time
1558546400267
Theta
0.221003
t_GA - R_GA * R_AB * t_BA
-1.09588 -0.131372 -0.0991548
t_wo + t_wo_cam
-1.09588 -0.131372 -0.0991548
Time
1558546400292
Theta
0.221003
t_GA - R_GA * R_AB * t_BA
-1.09597 -0.129538 -0.0973531
t_wo + t_wo_cam
-1.09588 -0.131372 -0.0991548
Time
1558546400317
Theta
0.221003
t_GA - R_GA * R_AB * t_BA
-1.09597 -0.129538 -0.0973531
t_wo + t_wo_cam
-1.09597 -0.129538 -0.0973531
Time
1558546400341
Theta
0.218868
t_GA - R_GA * R_AB * t_BA
-1.09597 -0.129538 -0.0973531
t_wo + t_wo_cam
-1.09597 -0.129538 -0.0973531
Time
1558546400366
Theta
0.218868
t_GA - R_GA * R_AB * t_BA
-1.09556 -0.129766 -0.0999358
t_wo + t_wo_cam
-1.09597 -0.129538 -0.0973531
Time
1558546400386
Theta
0.218868
t_GA - R_GA * R_AB * t_BA
-1.09556 -0.129766 -0.0999358
t_wo + t_wo_cam
-1.09556 -0.129766 -0.0999358
Time
1558546400411
Theta
0.219612
t_GA - R_GA * R_AB * t_BA
-1.09556 -0.129766 -0.0999358
t_wo + t_wo_cam
-1.09556 -0.129766 -0.0999358
Time
1558546400435
Theta
0.219612
t_GA - R_GA * R_AB * t_BA
-1.09556 -0.129766 -0.0999358
t_wo + t_wo_cam
-1.09556 -0.129766 -0.0999358
Time
1558546400460
Theta
0.219612
t_GA - R_GA * R_AB * t_BA
-1.09705 -0.120401 -0.0980379
t_wo + t_wo_cam
-1.09556 -0.129766 -0.0999358
Time
1558546400485
Theta
0.219612
t_GA - R_GA * R_AB * t_BA
-1.09705 -0.120401 -0.0980379
t_wo + t_wo_cam
-1.09705 -0.120401 -0.0980379
Time
1558546400509
Theta
0.21128
t_GA - R_GA * R_AB * t_BA
-1.09705 -0.120401 -0.0980379
t_wo + t_wo_cam
-1.09705 -0.120401 -0.0980379
Time
1558546400530
Theta
0.21128
t_GA - R_GA * R_AB * t_BA
-1.09705 -0.120401 -0.0980379
t_wo + t_wo_cam
-1.09705 -0.120401 -0.0980379
Time
1558546400554
Theta
0.21128
t_GA - R_GA * R_AB * t_BA
-1.09587 -0.126818 -0.0933971
t_wo + t_wo_cam
-1.09705 -0.120401 -0.0980379
Time
1558546400579
Theta
0.21128
t_GA - R_GA * R_AB * t_BA
-1.09587 -0.126818 -0.0933971
t_wo + t_wo_cam
-1.09587 -0.126818 -0.0933971
Time
1558546400603
Theta
0.215524
t_GA - R_GA * R_AB * t_BA
-1.09587 -0.126818 -0.0933971
t_wo + t_wo_cam
-1.09587 -0.126818 -0.0933971
Time
1558546400628
Theta
0.215524
t_GA - R_GA * R_AB * t_BA
-1.09644 -0.12378 -0.0947075
t_wo + t_wo_cam
-1.09587 -0.126818 -0.0933971
Time
1558546400653
Theta
0.215524
t_GA - R_GA * R_AB * t_BA
-1.09644 -0.12378 -0.0947075
t_wo + t_wo_cam
-1.09644 -0.12378 -0.0947075
Time
1558546400677
Theta
0.213421
t_GA - R_GA * R_AB * t_BA
-1.09644 -0.12378 -0.0947075
t_wo + t_wo_cam
-1.09644 -0.12378 -0.0947075
Time
1558546400698
Theta
0.213421
t_GA - R_GA * R_AB * t_BA
-1.09644 -0.12378 -0.0947075
t_wo + t_wo_cam
-1.09644 -0.12378 -0.0947075
Time
1558546400722
Theta
0.213421
t_GA - R_GA * R_AB * t_BA
-1.09593 -0.126995 -0.0957943
t_wo + t_wo_cam
-1.09644 -0.12378 -0.0947075
Time
1558546400747
Theta
0.213421
t_GA - R_GA * R_AB * t_BA
-1.09593 -0.126995 -0.0957943
t_wo + t_wo_cam
-1.09593 -0.126995 -0.0957943
Time
1558546400771
Theta
0.21619
t_GA - R_GA * R_AB * t_BA
-1.09593 -0.126995 -0.0957943
t_wo + t_wo_cam
-1.09593 -0.126995 -0.0957943
Time
1558546400796
Theta
0.21619
t_GA - R_GA * R_AB * t_BA
-1.09593 -0.126995 -0.0957943
t_wo + t_wo_cam
-1.09593 -0.126995 -0.0957943
Time
1558546400821
Theta
0.21619
t_GA - R_GA * R_AB * t_BA
-1.09621 -0.128091 -0.093726
t_wo + t_wo_cam
-1.09593 -0.126995 -0.0957943
Time
1558546400841
Theta
0.21619
t_GA - R_GA * R_AB * t_BA
-1.09621 -0.128091 -0.093726
t_wo + t_wo_cam
-1.09621 -0.128091 -0.093726
Time
1558546400866
Theta
0.216305
t_GA - R_GA * R_AB * t_BA
-1.09621 -0.128091 -0.093726
t_wo + t_wo_cam
-1.09621 -0.128091 -0.093726
Time
1558546400890
Theta
0.216305
t_GA - R_GA * R_AB * t_BA
-1.09534 -0.131781 -0.0997948
t_wo + t_wo_cam
-1.09621 -0.128091 -0.093726
Time
1558546400915
Theta
0.216305
t_GA - R_GA * R_AB * t_BA
-1.09534 -0.131781 -0.0997948
t_wo + t_wo_cam
-1.09534 -0.131781 -0.0997948
Time
1558546400939
Theta
0.2197
t_GA - R_GA * R_AB * t_BA
-1.09534 -0.131781 -0.0997948
t_wo + t_wo_cam
-1.09534 -0.131781 -0.0997948
Time
1558546400964
Theta
0.2197
t_GA - R_GA * R_AB * t_BA
-1.09534 -0.131781 -0.0997948
t_wo + t_wo_cam
-1.09534 -0.131781 -0.0997948
Time
1558546400985
Theta
0.2197
t_GA - R_GA * R_AB * t_BA
-1.09548 -0.132285 -0.0985291
t_wo + t_wo_cam
-1.09534 -0.131781 -0.0997948
Time
1558546401009
Theta
0.2197
t_GA - R_GA * R_AB * t_BA
-1.09548 -0.132285 -0.0985291
t_wo + t_wo_cam
-1.09548 -0.132285 -0.0985291
Time
1558546401034
Theta
0.221162
t_GA - R_GA * R_AB * t_BA
-1.09548 -0.132285 -0.0985291
t_wo + t_wo_cam
-1.09548 -0.132285 -0.0985291
Time
1558546401058
Theta
0.221162
t_GA - R_GA * R_AB * t_BA
-1.09666 -0.128052 -0.0953458
t_wo + t_wo_cam
-1.09548 -0.132285 -0.0985291
Time
1558546401083
Theta
0.221162
t_GA - R_GA * R_AB * t_BA
-1.09666 -0.128052 -0.0953458
t_wo + t_wo_cam
-1.09666 -0.128052 -0.0953458
Time
1558546401107
Theta
0.21581
t_GA - R_GA * R_AB * t_BA
-1.09666 -0.128052 -0.0953458
t_wo + t_wo_cam
-1.09666 -0.128052 -0.0953458
Time
1558546401128
Theta
0.21581
t_GA - R_GA * R_AB * t_BA
-1.09666 -0.128052 -0.0953458
t_wo + t_wo_cam
-1.09666 -0.128052 -0.0953458
Time
1558546401153
Theta
0.21581
t_GA - R_GA * R_AB * t_BA
-1.0951 -0.134245 -0.0974085
t_wo + t_wo_cam
-1.09666 -0.128052 -0.0953458
Time
1558546401177
Theta
0.21581
t_GA - R_GA * R_AB * t_BA
-1.0951 -0.134245 -0.0974085
t_wo + t_wo_cam
-1.0951 -0.134245 -0.0974085
Time
1558546401202
Theta
0.220927
t_GA - R_GA * R_AB * t_BA
-1.0951 -0.134245 -0.0974085
t_wo + t_wo_cam
-1.0951 -0.134245 -0.0974085
Time
1558546401226
Theta
0.220927
t_GA - R_GA * R_AB * t_BA
-1.09591 -0.129849 -0.0949
t_wo + t_wo_cam
-1.0951 -0.134245 -0.0974085
Time
1558546401251
Theta
0.220927
t_GA - R_GA * R_AB * t_BA
-1.09591 -0.129849 -0.0949
t_wo + t_wo_cam
-1.09591 -0.129849 -0.0949
Time
1558546401271
Theta
0.217458
t_GA - R_GA * R_AB * t_BA
-1.09591 -0.129849 -0.0949
t_wo + t_wo_cam
-1.09591 -0.129849 -0.0949
Time
1558546401296
Theta
0.217458
t_GA - R_GA * R_AB * t_BA
-1.09591 -0.129849 -0.0949
t_wo + t_wo_cam
-1.09591 -0.129849 -0.0949
Time
1558546401320
Theta
0.217458
t_GA - R_GA * R_AB * t_BA
-1.09566 -0.131373 -0.0910704
t_wo + t_wo_cam
-1.09591 -0.129849 -0.0949
Time
1558546401345
Theta
0.217458
t_GA - R_GA * R_AB * t_BA
-1.09566 -0.131373 -0.0910704
t_wo + t_wo_cam
-1.09566 -0.131373 -0.0910704
Time
1558546401370
Theta
0.217518
t_GA - R_GA * R_AB * t_BA
-1.09566 -0.131373 -0.0910704
t_wo + t_wo_cam
-1.09566 -0.131373 -0.0910704
Time
1558546401394
Theta
0.217518
t_GA - R_GA * R_AB * t_BA
-1.09576 -0.131393 -0.0881724
t_wo + t_wo_cam
-1.09566 -0.131373 -0.0910704
Time
1558546401415
Theta
0.217518
t_GA - R_GA * R_AB * t_BA
-1.09576 -0.131393 -0.0881724
t_wo + t_wo_cam
-1.09576 -0.131393 -0.0881724
Time
1558546401439
Theta
0.216916
t_GA - R_GA * R_AB * t_BA
-1.09576 -0.131393 -0.0881724
t_wo + t_wo_cam
-1.09576 -0.131393 -0.0881724
Time
1558546401464
Theta
0.216916
t_GA - R_GA * R_AB * t_BA
-1.09576 -0.131393 -0.0881724
t_wo + t_wo_cam
-1.09576 -0.131393 -0.0881724
Time
1558546401488
Theta
0.216916
t_GA - R_GA * R_AB * t_BA
-1.09564 -0.132797 -0.0927604
t_wo + t_wo_cam
-1.09576 -0.131393 -0.0881724
Time
1558546401513
Theta
0.216916
t_GA - R_GA * R_AB * t_BA
-1.09564 -0.132797 -0.0927604
t_wo + t_wo_cam
-1.09564 -0.132797 -0.0927604
Time
1558546401537
Theta
0.219062
t_GA - R_GA * R_AB * t_BA
-1.09564 -0.132797 -0.0927604
t_wo + t_wo_cam
-1.09564 -0.132797 -0.0927604
Time
1558546401558
Theta
0.219062
t_GA - R_GA * R_AB * t_BA
-1.09564 -0.132797 -0.0927604
t_wo + t_wo_cam
-1.09564 -0.132797 -0.0927604
Time
1558546401583
Theta
0.219062
t_GA - R_GA * R_AB * t_BA
-1.0961 -0.130177 -0.0963694
t_wo + t_wo_cam
-1.09564 -0.132797 -0.0927604
Time
1558546401607
Theta
0.219062
t_GA - R_GA * R_AB * t_BA
-1.0961 -0.130177 -0.0963694
t_wo + t_wo_cam
-1.0961 -0.130177 -0.0963694
Time
1558546401632
Theta
0.216555
t_GA - R_GA * R_AB * t_BA
-1.0961 -0.130177 -0.0963694
t_wo + t_wo_cam
-1.0961 -0.130177 -0.0963694
Time
1558546401656
Theta
0.216555
t_GA - R_GA * R_AB * t_BA
-1.0964 -0.129425 -0.0939723
t_wo + t_wo_cam
-1.0961 -0.130177 -0.0963694
Time
1558546401681
Theta
0.216555
t_GA - R_GA * R_AB * t_BA
-1.0964 -0.129425 -0.0939723
t_wo + t_wo_cam
-1.0964 -0.129425 -0.0939723
Time
1558546401705
Theta
0.214806
t_GA - R_GA * R_AB * t_BA
-1.0964 -0.129425 -0.0939723
t_wo + t_wo_cam
-1.0964 -0.129425 -0.0939723
Time
1558546401726
Theta
0.214806
t_GA - R_GA * R_AB * t_BA
-1.0964 -0.129425 -0.0939723
t_wo + t_wo_cam
-1.0964 -0.129425 -0.0939723
Time
1558546401751
Theta
0.214806
t_GA - R_GA * R_AB * t_BA
-1.09534 -0.134413 -0.0931889
t_wo + t_wo_cam
-1.0964 -0.129425 -0.0939723
Time
1558546401775
Theta
0.214806
t_GA - R_GA * R_AB * t_BA
-1.09534 -0.134413 -0.0931889
t_wo + t_wo_cam
-1.09534 -0.134413 -0.0931889
Time
1558546401800
Theta
0.219199
t_GA - R_GA * R_AB * t_BA
-1.09534 -0.134413 -0.0931889
t_wo + t_wo_cam
-1.09534 -0.134413 -0.0931889
Time
1558546401824
Theta
0.219199
t_GA - R_GA * R_AB * t_BA
-1.09597 -0.132977 -0.0897324
t_wo + t_wo_cam
-1.09534 -0.134413 -0.0931889
Time
1558546401849
Theta
0.219199
t_GA - R_GA * R_AB * t_BA
-1.09597 -0.132977 -0.0897324
t_wo + t_wo_cam
-1.09597 -0.132977 -0.0897324
Time
1558546401869
Theta
0.218122
t_GA - R_GA * R_AB * t_BA
-1.09597 -0.132977 -0.0897324
t_wo + t_wo_cam
-1.09597 -0.132977 -0.0897324
Time
1558546401894
Theta
0.218122
t_GA - R_GA * R_AB * t_BA
-1.09597 -0.132977 -0.0897324
t_wo + t_wo_cam
-1.09597 -0.132977 -0.0897324
Time
1558546401919
Theta
0.218122
t_GA - R_GA * R_AB * t_BA
-1.09662 -0.129398 -0.0929742
t_wo + t_wo_cam
-1.09597 -0.132977 -0.0897324
Time
1558546401943
Theta
0.218122
t_GA - R_GA * R_AB * t_BA
-1.09662 -0.129398 -0.0929742
t_wo + t_wo_cam
-1.09662 -0.129398 -0.0929742
Time
1558546401968
Theta
0.215217
t_GA - R_GA * R_AB * t_BA
-1.09662 -0.129398 -0.0929742
t_wo + t_wo_cam
-1.09662 -0.129398 -0.0929742
Time
1558546401992
Theta
0.215217
t_GA - R_GA * R_AB * t_BA
-1.09721 -0.12691 -0.0936521
t_wo + t_wo_cam
-1.09662 -0.129398 -0.0929742
Time
1558546402013
Theta
0.215217
t_GA - R_GA * R_AB * t_BA
-1.09721 -0.12691 -0.0936521
t_wo + t_wo_cam
-1.09721 -0.12691 -0.0936521
Time
1558546402037
Theta
0.213205
t_GA - R_GA * R_AB * t_BA
-1.09721 -0.12691 -0.0936521
t_wo + t_wo_cam
-1.09721 -0.12691 -0.0936521
Time
1558546402062
Theta
0.213205
t_GA - R_GA * R_AB * t_BA
-1.09631 -0.132114 -0.0952567
t_wo + t_wo_cam
-1.09721 -0.12691 -0.0936521
Time
1558546402086
Theta
0.213205
t_GA - R_GA * R_AB * t_BA
-1.09631 -0.132114 -0.0952567
t_wo + t_wo_cam
-1.09631 -0.132114 -0.0952567
Time
1558546402111
Theta
0.217279
t_GA - R_GA * R_AB * t_BA
-1.09631 -0.132114 -0.0952567
t_wo + t_wo_cam
-1.09631 -0.132114 -0.0952567
Time
1558546402136
Theta
0.217279
t_GA - R_GA * R_AB * t_BA
-1.09631 -0.132114 -0.0952567
t_wo + t_wo_cam
-1.09631 -0.132114 -0.0952567
Time
1558546402156
Theta
0.217279
t_GA - R_GA * R_AB * t_BA
-1.09654 -0.132147 -0.0944934
t_wo + t_wo_cam
-1.09631 -0.132114 -0.0952567
Time
1558546402181
Theta
0.217279
t_GA - R_GA * R_AB * t_BA
-1.09654 -0.132147 -0.0944934
t_wo + t_wo_cam
-1.09654 -0.132147 -0.0944934
Time
1558546402205
Theta
0.216878
t_GA - R_GA * R_AB * t_BA
-1.09654 -0.132147 -0.0944934
t_wo + t_wo_cam
-1.09654 -0.132147 -0.0944934
Time
1558546402230
Theta
0.216878
t_GA - R_GA * R_AB * t_BA
-1.09654 -0.134175 -0.0938329
t_wo + t_wo_cam
-1.09654 -0.132147 -0.0944934
Time
1558546402254
Theta
0.216878
t_GA - R_GA * R_AB * t_BA
-1.09654 -0.134175 -0.0938329
t_wo + t_wo_cam
-1.09654 -0.134175 -0.0938329
Time
1558546402279
Theta
0.217728
t_GA - R_GA * R_AB * t_BA
-1.09654 -0.134175 -0.0938329
t_wo + t_wo_cam
-1.09654 -0.134175 -0.0938329
Time
1558546402299
Theta
0.217728
t_GA - R_GA * R_AB * t_BA
-1.09654 -0.134175 -0.0938329
t_wo + t_wo_cam
-1.09654 -0.134175 -0.0938329
Time
1558546402324
Theta
0.217728
t_GA - R_GA * R_AB * t_BA
-1.09675 -0.132986 -0.0932928
t_wo + t_wo_cam
-1.09654 -0.134175 -0.0938329
Time
1558546402349
Theta
0.217728
t_GA - R_GA * R_AB * t_BA
-1.09675 -0.132986 -0.0932928
t_wo + t_wo_cam
-1.09675 -0.132986 -0.0932928
Time
1558546402373
Theta
0.216283
t_GA - R_GA * R_AB * t_BA
-1.09675 -0.132986 -0.0932928
t_wo + t_wo_cam
-1.09675 -0.132986 -0.0932928
Time
1558546402398
Theta
0.216283
t_GA - R_GA * R_AB * t_BA
-1.09675 -0.132986 -0.0932928
t_wo + t_wo_cam
-1.09675 -0.132986 -0.0932928
Time
1558546402422
Theta
0.216283
t_GA - R_GA * R_AB * t_BA
-1.09641 -0.135767 -0.0969277
t_wo + t_wo_cam
-1.09675 -0.132986 -0.0932928
Time
1558546402443
Theta
0.216283
t_GA - R_GA * R_AB * t_BA
-1.09641 -0.135767 -0.0969277
t_wo + t_wo_cam
-1.09641 -0.135767 -0.0969277
Time
1558546402467
Theta
0.21951
t_GA - R_GA * R_AB * t_BA
-1.09641 -0.135767 -0.0969277
t_wo + t_wo_cam
-1.09641 -0.135767 -0.0969277
Time
1558546402492
Theta
0.21951
t_GA - R_GA * R_AB * t_BA
-1.0968 -0.131577 -0.0976087
t_wo + t_wo_cam
-1.09641 -0.135767 -0.0969277
Time
1558546402516
Theta
0.21951
t_GA - R_GA * R_AB * t_BA
-1.0968 -0.131577 -0.0976087
t_wo + t_wo_cam
-1.0968 -0.131577 -0.0976087
Time
1558546402541
Theta
0.215411
t_GA - R_GA * R_AB * t_BA
-1.0968 -0.131577 -0.0976087
t_wo + t_wo_cam
-1.0968 -0.131577 -0.0976087
Time
1558546402566
Theta
0.215411
t_GA - R_GA * R_AB * t_BA
-1.0968 -0.131577 -0.0976087
t_wo + t_wo_cam
-1.0968 -0.131577 -0.0976087
Time
1558546402586
Theta
0.215411
t_GA - R_GA * R_AB * t_BA
-1.09583 -0.135289 -0.0902928
t_wo + t_wo_cam
-1.0968 -0.131577 -0.0976087
Time
1558546402611
Theta
0.215411
t_GA - R_GA * R_AB * t_BA
-1.09583 -0.135289 -0.0902928
t_wo + t_wo_cam
-1.09583 -0.135289 -0.0902928
Time
1558546402635
Theta
0.218327
t_GA - R_GA * R_AB * t_BA
-1.09583 -0.135289 -0.0902928
t_wo + t_wo_cam
-1.09583 -0.135289 -0.0902928
Time
1558546402660
Theta
0.218327
t_GA - R_GA * R_AB * t_BA
-1.09626 -0.132011 -0.0916324
t_wo + t_wo_cam
-1.09583 -0.135289 -0.0902928
Time
1558546402684
Theta
0.218327
t_GA - R_GA * R_AB * t_BA
-1.09626 -0.132011 -0.0916324
t_wo + t_wo_cam
-1.09626 -0.132011 -0.0916324
Time
1558546402709
Theta
0.215626
t_GA - R_GA * R_AB * t_BA
-1.09626 -0.132011 -0.0916324
t_wo + t_wo_cam
-1.09626 -0.132011 -0.0916324
Time
1558546402734
Theta
0.215626
t_GA - R_GA * R_AB * t_BA
-1.09626 -0.132011 -0.0916324
t_wo + t_wo_cam
-1.09626 -0.132011 -0.0916324
Time
1558546402754
Theta
0.215626
t_GA - R_GA * R_AB * t_BA
-1.0957 -0.13345 -0.0919893
t_wo + t_wo_cam
-1.09626 -0.132011 -0.0916324
Time
1558546402779
Theta
0.215626
t_GA - R_GA * R_AB * t_BA
-1.0957 -0.13345 -0.0919893
t_wo + t_wo_cam
-1.0957 -0.13345 -0.0919893
Time
1558546402803
Theta
0.217328
t_GA - R_GA * R_AB * t_BA
-1.0957 -0.13345 -0.0919893
t_wo + t_wo_cam
-1.0957 -0.13345 -0.0919893
Time
1558546402828
Theta
0.217328
t_GA - R_GA * R_AB * t_BA
-1.09662 -0.126631 -0.091932
t_wo + t_wo_cam
-1.0957 -0.13345 -0.0919893
Time
1558546402852
Theta
0.217328
t_GA - R_GA * R_AB * t_BA
-1.09662 -0.126631 -0.091932
t_wo + t_wo_cam
-1.09662 -0.126631 -0.091932
Time
1558546402877
Theta
0.213265
