t_GA - R_GA * R_AB * t_BA
0 0 0
t_wo + t_wo_cam
0.9 0 0
Time
1558541113500
Theta
0
t_GA - R_GA * R_AB * t_BA
0 0 0
t_wo + t_wo_cam
0.9 0 0
Time
1558541113500
Theta
0
t_GA - R_GA * R_AB * t_BA
0 0 0
t_wo + t_wo_cam
0.9 0 0
Time
1558541113500
Theta
0
t_GA - R_GA * R_AB * t_BA
0 0 0
t_wo + t_wo_cam
0.9 0 0
Time
1558541113500
Theta
0
t_GA - R_GA * R_AB * t_BA
0 0 0
t_wo + t_wo_cam
0.9 0 0
Time
1558541113500
Theta
0
t_GA - R_GA * R_AB * t_BA
0 0 0
t_wo + t_wo_cam
0.9 0 0
Time
1558541113500
Theta
0
t_GA - R_GA * R_AB * t_BA
0 0 0
t_wo + t_wo_cam
0.9 0 0
Time
1558541113501
Theta
0
t_GA - R_GA * R_AB * t_BA
0 0 0
t_wo + t_wo_cam
0.9 0 0
Time
1558541113501
Theta
0
t_GA - R_GA * R_AB * t_BA
0 0 0
t_wo + t_wo_cam
0.9 0 0
Time
1558541113501
Theta
0
t_GA - R_GA * R_AB * t_BA
0 0 0
t_wo + t_wo_cam
0.9 0 0
Time
1558541113501
Theta
0
t_GA - R_GA * R_AB * t_BA
0 0 0
t_wo + t_wo_cam
0.9 0 0
Time
1558541113501
Theta
0
t_GA - R_GA * R_AB * t_BA
0 0 0
t_wo + t_wo_cam
0.9 0 0
Time
1558541113501
Theta
0
t_GA - R_GA * R_AB * t_BA
0 0 0
t_wo + t_wo_cam
0.9 0 0
Time
1558541113502
Theta
0
t_GA - R_GA * R_AB * t_BA
0 0 0
t_wo + t_wo_cam
0.9 0 0
Time
1558541113502
Theta
0
t_GA - R_GA * R_AB * t_BA
0 0 0
t_wo + t_wo_cam
0.9 0 0
Time
1558541113520
Theta
0
t_GA - R_GA * R_AB * t_BA
0 0 0
t_wo + t_wo_cam
0.9 0 0
Time
1558541113544
Theta
0
t_GA - R_GA * R_AB * t_BA
0 0 0
t_wo + t_wo_cam
0.9 0 0
Time
1558541113569
Theta
0
t_GA - R_GA * R_AB * t_BA
0 0 0
t_wo + t_wo_cam
0.9 0 0
Time
1558541113593
Theta
0
t_GA - R_GA * R_AB * t_BA
0 0 0
t_wo + t_wo_cam
0.9 0 0
Time
1558541113618
Theta
0
t_GA - R_GA * R_AB * t_BA
0 0 0
t_wo + t_wo_cam
0.9 0 0
Time
1558541113638
Theta
0
t_GA - R_GA * R_AB * t_BA
0 0 0
t_wo + t_wo_cam
0.9 0 0
Time
1558541113663
Theta
0
t_GA - R_GA * R_AB * t_BA
0 0 0
t_wo + t_wo_cam
0.9 0 0
Time
1558541113687
Theta
0
t_GA - R_GA * R_AB * t_BA
0 0 0
t_wo + t_wo_cam
0.9 0 0
Time
1558541113712
Theta
0
t_GA - R_GA * R_AB * t_BA
0 0 0
t_wo + t_wo_cam
0.9 0 0
Time
1558541113737
Theta
0
t_GA - R_GA * R_AB * t_BA
0 0 0
t_wo + t_wo_cam
0.9 0 0
Time
1558541113761
Theta
0
t_GA - R_GA * R_AB * t_BA
0 0 0
t_wo + t_wo_cam
0.9 0 0
Time
1558541113782
Theta
0
t_GA - R_GA * R_AB * t_BA
0 0 0
t_wo + t_wo_cam
0.9 0 0
Time
1558541113806
Theta
0
t_GA - R_GA * R_AB * t_BA
0 0 0
t_wo + t_wo_cam
0.9 0 0
Time
1558541113831
Theta
0
t_GA - R_GA * R_AB * t_BA
0 0 0
t_wo + t_wo_cam
0.9 0 0
Time
1558541113855
Theta
0
t_GA - R_GA * R_AB * t_BA
0 0 0
t_wo + t_wo_cam
0.9 0 0
Time
1558541113880
Theta
0
t_GA - R_GA * R_AB * t_BA
0 0 0
t_wo + t_wo_cam
0.9 0 0
Time
1558541113904
Theta
0
t_GA - R_GA * R_AB * t_BA
0 0 0
t_wo + t_wo_cam
0.9 0 0
Time
1558541113925
Theta
0
t_GA - R_GA * R_AB * t_BA
0 0 0
t_wo + t_wo_cam
0.9 0 0
Time
1558541113949
Theta
0
t_GA - R_GA * R_AB * t_BA
0 0 0
t_wo + t_wo_cam
0.9 0 0
Time
1558541113974
Theta
0
t_GA - R_GA * R_AB * t_BA
0 0 0
t_wo + t_wo_cam
0.9 0 0
Time
1558541113998
Theta
0
t_GA - R_GA * R_AB * t_BA
0 0 0
t_wo + t_wo_cam
0.9 0 0
Time
1558541114023
Theta
0
t_GA - R_GA * R_AB * t_BA
0 0 0
t_wo + t_wo_cam
0.9 0 0
Time
1558541114048
Theta
0
t_GA - R_GA * R_AB * t_BA
0 0 0
t_wo + t_wo_cam
0.9 0 0
Time
1558541114068
Theta
0
t_GA - R_GA * R_AB * t_BA
0 0 0
t_wo + t_wo_cam
0.9 0 0
Time
1558541114093
Theta
0
t_GA - R_GA * R_AB * t_BA
0 0 0
t_wo + t_wo_cam
0.9 0 0
Time
1558541114117
Theta
0
t_GA - R_GA * R_AB * t_BA
0 0 0
t_wo + t_wo_cam
0.9 0 0
Time
1558541114142
Theta
0
t_GA - R_GA * R_AB * t_BA
0 0 0
t_wo + t_wo_cam
0.9 0 0
Time
1558541114166
Theta
0
t_GA - R_GA * R_AB * t_BA
0 0 0
t_wo + t_wo_cam
0.9 0 0
Time
1558541114191
Theta
0
t_GA - R_GA * R_AB * t_BA
0 0 0
t_wo + t_wo_cam
0.9 0 0
Time
1558541114211
Theta
0
t_GA - R_GA * R_AB * t_BA
0 0 0
t_wo + t_wo_cam
0.9 0 0
Time
1558541114236
Theta
0
t_GA - R_GA * R_AB * t_BA
0 0 0
t_wo + t_wo_cam
0.9 0 0
Time
1558541114260
Theta
0
t_GA - R_GA * R_AB * t_BA
0 0 0
t_wo + t_wo_cam
0.9 0 0
Time
1558541114285
Theta
0
t_GA - R_GA * R_AB * t_BA
0 0 0
t_wo + t_wo_cam
0.9 0 0
Time
1558541114310
Theta
0
t_GA - R_GA * R_AB * t_BA
0 0 0
t_wo + t_wo_cam
0.9 0 0
Time
1558541114334
Theta
0
t_GA - R_GA * R_AB * t_BA
0 0 0
t_wo + t_wo_cam
0.9 0 0
Time
1558541114355
Theta
0
t_GA - R_GA * R_AB * t_BA
0 0 0
t_wo + t_wo_cam
0.9 0 0
Time
1558541114379
Theta
0
t_GA - R_GA * R_AB * t_BA
0 0 0
t_wo + t_wo_cam
0.9 0 0
Time
1558541114404
Theta
0
t_GA - R_GA * R_AB * t_BA
0 0 0
t_wo + t_wo_cam
0.9 0 0
Time
1558541114428
Theta
0
t_GA - R_GA * R_AB * t_BA
0 0 0
t_wo + t_wo_cam
0.9 0 0
Time
1558541114453
Theta
0
t_GA - R_GA * R_AB * t_BA
0 0 0
t_wo + t_wo_cam
0.9 0 0
Time
1558541114477
Theta
0
t_GA - R_GA * R_AB * t_BA
0 0 0
t_wo + t_wo_cam
0.9 0 0
Time
1558541114502
Theta
0
t_GA - R_GA * R_AB * t_BA
0 0 0
t_wo + t_wo_cam
0.9 0 0
Time
1558541114523
Theta
0
t_GA - R_GA * R_AB * t_BA
0 0 0
t_wo + t_wo_cam
0.9 0 0
Time
1558541114547
Theta
0
t_GA - R_GA * R_AB * t_BA
0 0 0
t_wo + t_wo_cam
0.9 0 0
Time
1558541114572
Theta
0
t_GA - R_GA * R_AB * t_BA
0 0 0
t_wo + t_wo_cam
0.9 0 0
Time
1558541114596
Theta
0
t_GA - R_GA * R_AB * t_BA
0 0 0
t_wo + t_wo_cam
0.9 0 0
Time
1558541114621
Theta
0
t_GA - R_GA * R_AB * t_BA
0 0 0
t_wo + t_wo_cam
0.9 0 0
Time
1558541114645
Theta
0
t_GA - R_GA * R_AB * t_BA
0 0 0
t_wo + t_wo_cam
0.9 0 0
Time
1558541114666
Theta
0
t_GA - R_GA * R_AB * t_BA
0 0 0
t_wo + t_wo_cam
0.9 0 0
Time
1558541114690
Theta
0
t_GA - R_GA * R_AB * t_BA
0 0 0
t_wo + t_wo_cam
0.9 0 0
Time
1558541114715
Theta
0
t_GA - R_GA * R_AB * t_BA
0 0 0
t_wo + t_wo_cam
0.9 0 0
Time
1558541114740
Theta
0
t_GA - R_GA * R_AB * t_BA
0 0 0
t_wo + t_wo_cam
0.9 0 0
Time
1558541114764
Theta
0
t_GA - R_GA * R_AB * t_BA
0 0 0
t_wo + t_wo_cam
0.9 0 0
Time
1558541114789
Theta
0
t_GA - R_GA * R_AB * t_BA
0 0 0
t_wo + t_wo_cam
0.9 0 0
Time
1558541114809
Theta
0
t_GA - R_GA * R_AB * t_BA
0 0 0
t_wo + t_wo_cam
0.9 0 0
Time
1558541114834
Theta
0
t_GA - R_GA * R_AB * t_BA
0 0 0
t_wo + t_wo_cam
0.9 0 0
Time
1558541114858
Theta
0
t_GA - R_GA * R_AB * t_BA
0 0 0
t_wo + t_wo_cam
0.9 0 0
Time
1558541114883
Theta
0
t_GA - R_GA * R_AB * t_BA
0 0 0
t_wo + t_wo_cam
0.9 0 0
Time
1558541114907
Theta
0
t_GA - R_GA * R_AB * t_BA
0 0 0
t_wo + t_wo_cam
0.9 0 0
Time
1558541114932
Theta
0
t_GA - R_GA * R_AB * t_BA
0 0 0
t_wo + t_wo_cam
0.9 0 0
Time
1558541114952
Theta
0
t_GA - R_GA * R_AB * t_BA
0 0 0
t_wo + t_wo_cam
0.9 0 0
Time
1558541114977
Theta
0
t_GA - R_GA * R_AB * t_BA
0 0 0
t_wo + t_wo_cam
0.9 0 0
Time
1558541115002
Theta
0
t_GA - R_GA * R_AB * t_BA
0 0 0
t_wo + t_wo_cam
0.9 0 0
Time
1558541115026
Theta
0
t_GA - R_GA * R_AB * t_BA
0 0 0
t_wo + t_wo_cam
0.9 0 0
Time
1558541115051
Theta
0
t_GA - R_GA * R_AB * t_BA
0 0 0
t_wo + t_wo_cam
0.9 0 0
Time
1558541115075
Theta
0
t_GA - R_GA * R_AB * t_BA
0 0 0
t_wo + t_wo_cam
0.9 0 0
Time
1558541115096
Theta
0
t_GA - R_GA * R_AB * t_BA
0 0 0
t_wo + t_wo_cam
0.9 0 0
Time
1558541115120
Theta
0
t_GA - R_GA * R_AB * t_BA
0 0 0
t_wo + t_wo_cam
0.9 0 0
Time
1558541115145
Theta
0
t_GA - R_GA * R_AB * t_BA
0 0 0
t_wo + t_wo_cam
0.9 0 0
Time
1558541115169
Theta
0
t_GA - R_GA * R_AB * t_BA
0 0 0
t_wo + t_wo_cam
0.9 0 0
Time
1558541115194
Theta
0
t_GA - R_GA * R_AB * t_BA
0 0 0
t_wo + t_wo_cam
0.9 0 0
Time
1558541115219
Theta
0
t_GA - R_GA * R_AB * t_BA
0 0 0
t_wo + t_wo_cam
0.9 0 0
Time
1558541115239
Theta
0
t_GA - R_GA * R_AB * t_BA
0 0 0
t_wo + t_wo_cam
0.9 0 0
Time
1558541115264
Theta
0
t_GA - R_GA * R_AB * t_BA
0 0 0
t_wo + t_wo_cam
0.9 0 0
Time
1558541115288
Theta
0
t_GA - R_GA * R_AB * t_BA
0 0 0
t_wo + t_wo_cam
0.9 0 0
Time
1558541115313
Theta
0
t_GA - R_GA * R_AB * t_BA
0 0 0
t_wo + t_wo_cam
0.9 0 0
Time
1558541115337
Theta
0
t_GA - R_GA * R_AB * t_BA
0 0 0
t_wo + t_wo_cam
0.9 0 0
Time
1558541115362
Theta
0
t_GA - R_GA * R_AB * t_BA
0 0 0
t_wo + t_wo_cam
0.9 0 0
Time
1558541115382
Theta
0
t_GA - R_GA * R_AB * t_BA
0 0 0
t_wo + t_wo_cam
0.9 0 0
Time
1558541115407
Theta
0
t_GA - R_GA * R_AB * t_BA
0 0 0
t_wo + t_wo_cam
0.9 0 0
Time
1558541115431
Theta
0
t_GA - R_GA * R_AB * t_BA
0 0 0
t_wo + t_wo_cam
0.9 0 0
Time
1558541115456
Theta
0
t_GA - R_GA * R_AB * t_BA
0 0 0
t_wo + t_wo_cam
0.9 0 0
Time
1558541115481
Theta
0
t_GA - R_GA * R_AB * t_BA
0 0 0
t_wo + t_wo_cam
0.9 0 0
Time
1558541115505
Theta
0
t_GA - R_GA * R_AB * t_BA
0 0 0
t_wo + t_wo_cam
0.9 0 0
Time
1558541115530
Theta
0
t_GA - R_GA * R_AB * t_BA
0 0 0
t_wo + t_wo_cam
0.9 0 0
Time
1558541115550
Theta
0
t_GA - R_GA * R_AB * t_BA
0 0 0
t_wo + t_wo_cam
0.9 0 0
Time
1558541115575
Theta
0
t_GA - R_GA * R_AB * t_BA
0 0 0
t_wo + t_wo_cam
0.9 0 0
Time
1558541115599
Theta
0
t_GA - R_GA * R_AB * t_BA
0 0 0
t_wo + t_wo_cam
0.9 0 0
Time
1558541115624
Theta
0
t_GA - R_GA * R_AB * t_BA
0 0 0
t_wo + t_wo_cam
0.9 0 0
Time
1558541115648
Theta
0
t_GA - R_GA * R_AB * t_BA
0 0 0
t_wo + t_wo_cam
0.9 0 0
Time
1558541115673
Theta
0
t_GA - R_GA * R_AB * t_BA
0 0 0
t_wo + t_wo_cam
0.9 0 0
Time
1558541115693
Theta
0
t_GA - R_GA * R_AB * t_BA
0 0 0
t_wo + t_wo_cam
0.9 0 0
Time
1558541115718
Theta
0
t_GA - R_GA * R_AB * t_BA
0 0 0
t_wo + t_wo_cam
0.9 0 0
Time
1558541115742
Theta
0
t_GA - R_GA * R_AB * t_BA
0 0 0
t_wo + t_wo_cam
0.9 0 0
Time
1558541115767
Theta
0
t_GA - R_GA * R_AB * t_BA
0 0 0
t_wo + t_wo_cam
0.9 0 0
Time
1558541115792
Theta
0
t_GA - R_GA * R_AB * t_BA
0 0 0
t_wo + t_wo_cam
0.9 0 0
Time
1558541115816
Theta
0
t_GA - R_GA * R_AB * t_BA
0 0 0
t_wo + t_wo_cam
0.9 0 0
Time
1558541115837
Theta
0
t_GA - R_GA * R_AB * t_BA
0 0 0
t_wo + t_wo_cam
0.9 0 0
Time
1558541115861
Theta
0
t_GA - R_GA * R_AB * t_BA
0 0 0
t_wo + t_wo_cam
0.9 0 0
Time
1558541115886
Theta
0
t_GA - R_GA * R_AB * t_BA
0 0 0
t_wo + t_wo_cam
0.9 0 0
Time
1558541115910
Theta
0
t_GA - R_GA * R_AB * t_BA
0 0 0
t_wo + t_wo_cam
0.9 0 0
Time
1558541115935
Theta
0
t_GA - R_GA * R_AB * t_BA
0 0 0
t_wo + t_wo_cam
0.9 0 0
Time
1558541115959
Theta
0
t_GA - R_GA * R_AB * t_BA
0 0 0
t_wo + t_wo_cam
0.9 0 0
Time
1558541115980
Theta
0
t_GA - R_GA * R_AB * t_BA
0 0 0
t_wo + t_wo_cam
0.9 0 0
Time
1558541116004
Theta
0
t_GA - R_GA * R_AB * t_BA
0 0 0
t_wo + t_wo_cam
0.9 0 0
Time
1558541116029
Theta
0
t_GA - R_GA * R_AB * t_BA
0 0 0
t_wo + t_wo_cam
0.9 0 0
Time
1558541116054
Theta
0
t_GA - R_GA * R_AB * t_BA
0 0 0
t_wo + t_wo_cam
0.9 0 0
Time
1558541116078
Theta
0
t_GA - R_GA * R_AB * t_BA
0 0 0
t_wo + t_wo_cam
0.9 0 0
Time
1558541116103
Theta
0
t_GA - R_GA * R_AB * t_BA
0 0 0
t_wo + t_wo_cam
0.9 0 0
Time
1558541116123
Theta
0
t_GA - R_GA * R_AB * t_BA
0 0 0
t_wo + t_wo_cam
0.9 0 0
Time
1558541116148
Theta
0
t_GA - R_GA * R_AB * t_BA
0 0 0
t_wo + t_wo_cam
0.9 0 0
Time
1558541116172
Theta
0
t_GA - R_GA * R_AB * t_BA
0 0 0
t_wo + t_wo_cam
0.9 0 0
Time
1558541116197
Theta
0
t_GA - R_GA * R_AB * t_BA
0 0 0
t_wo + t_wo_cam
0.9 0 0
Time
1558541116221
Theta
0
t_GA - R_GA * R_AB * t_BA
0 0 0
t_wo + t_wo_cam
0.9 0 0
Time
1558541116246
Theta
0
t_GA - R_GA * R_AB * t_BA
0 0 0
t_wo + t_wo_cam
0.9 0 0
Time
1558541116266
Theta
0
t_GA - R_GA * R_AB * t_BA
0 0 0
t_wo + t_wo_cam
0.9 0 0
Time
1558541116291
Theta
0
t_GA - R_GA * R_AB * t_BA
0 0 0
t_wo + t_wo_cam
0.9 0 0
Time
1558541116316
Theta
0
t_GA - R_GA * R_AB * t_BA
0 0 0
t_wo + t_wo_cam
0.9 0 0
Time
1558541116340
Theta
0
t_GA - R_GA * R_AB * t_BA
0 0 0
t_wo + t_wo_cam
0.9 0 0
Time
1558541116365
Theta
0
t_GA - R_GA * R_AB * t_BA
0 0 0
t_wo + t_wo_cam
0.9 0 0
Time
1558541116389
Theta
0
t_GA - R_GA * R_AB * t_BA
0 0 0
t_wo + t_wo_cam
0.9 0 0
Time
1558541116410
Theta
0
t_GA - R_GA * R_AB * t_BA
0 0 0
t_wo + t_wo_cam
0.9 0 0
Time
1558541116434
Theta
0
t_GA - R_GA * R_AB * t_BA
-0.603656 1.08377 -0.0893298
t_wo + t_wo_cam
-0.603656 1.08377 -0.0893298
Time
1558541116459
Theta
-1.5708
t_GA - R_GA * R_AB * t_BA
-0.603656 1.08377 -0.0893298
t_wo + t_wo_cam
-0.603656 1.08377 -0.0893298
Time
1558541116483
Theta
-1.5708
t_GA - R_GA * R_AB * t_BA
-0.603656 1.08377 -0.0893298
t_wo + t_wo_cam
-0.603656 1.08377 -0.0893298
Time
1558541116508
Theta
-1.5708
t_GA - R_GA * R_AB * t_BA
-0.583435 1.03668 -0.15389
t_wo + t_wo_cam
-0.603656 1.08377 -0.0893298
Time
1558541116533
Theta
-1.5708
t_GA - R_GA * R_AB * t_BA
-0.583435 1.03668 -0.15389
t_wo + t_wo_cam
-0.583435 1.03668 -0.15389
Time
1558541116553
Theta
-1.5708
t_GA - R_GA * R_AB * t_BA
-0.583435 1.03668 -0.15389
t_wo + t_wo_cam
-0.583435 1.03668 -0.15389
Time
1558541116578
Theta
-1.5708
t_GA - R_GA * R_AB * t_BA
-0.583435 1.03668 -0.15389
t_wo + t_wo_cam
-0.583435 1.03668 -0.15389
Time
1558541116602
Theta
-1.5708
t_GA - R_GA * R_AB * t_BA
-0.583435 1.03668 -0.15389
t_wo + t_wo_cam
-0.583435 1.03668 -0.15389
Time
1558541116627
Theta
-1.5708
t_GA - R_GA * R_AB * t_BA
-0.454468 1.06449 -0.102806
t_wo + t_wo_cam
-0.583435 1.03668 -0.15389
Time
1558541116651
Theta
-1.5708
t_GA - R_GA * R_AB * t_BA
-0.454468 1.06449 -0.102806
t_wo + t_wo_cam
-0.454468 1.06449 -0.102806
Time
1558541116676
Theta
-1.5708
t_GA - R_GA * R_AB * t_BA
-0.454468 1.06449 -0.102806
t_wo + t_wo_cam
-0.454468 1.06449 -0.102806
Time
1558541116700
Theta
-1.5708
t_GA - R_GA * R_AB * t_BA
-0.347392 1.08916 -0.0528609
t_wo + t_wo_cam
-0.454468 1.06449 -0.102806
Time
1558541116721
Theta
-1.5708
t_GA - R_GA * R_AB * t_BA
-0.347392 1.08916 -0.0528609
t_wo + t_wo_cam
-0.347392 1.08916 -0.0528609
Time
1558541116745
Theta
-1.5708
t_GA - R_GA * R_AB * t_BA
-0.347392 1.08916 -0.0528609
t_wo + t_wo_cam
-0.347392 1.08916 -0.0528609
Time
1558541116770
Theta
-1.5708
t_GA - R_GA * R_AB * t_BA
-0.204603 1.10406 -0.0305892
t_wo + t_wo_cam
-0.347392 1.08916 -0.0528609
Time
1558541116795
Theta
-1.5708
t_GA - R_GA * R_AB * t_BA
-0.204603 1.10406 -0.0305892
t_wo + t_wo_cam
-0.204603 1.10406 -0.0305892
Time
1558541116819
Theta
-1.5708
t_GA - R_GA * R_AB * t_BA
-0.204603 1.10406 -0.0305892
t_wo + t_wo_cam
-0.204603 1.10406 -0.0305892
Time
1558541116844
Theta
-1.5708
t_GA - R_GA * R_AB * t_BA
-0.204603 1.10406 -0.0305892
t_wo + t_wo_cam
-0.204603 1.10406 -0.0305892
Time
1558541116864
Theta
-1.5708
t_GA - R_GA * R_AB * t_BA
-0.196361 1.09433 -0.0477706
t_wo + t_wo_cam
-0.204603 1.10406 -0.0305892
Time
1558541116889
Theta
-1.5708
t_GA - R_GA * R_AB * t_BA
-0.196361 1.09433 -0.0477706
t_wo + t_wo_cam
-0.196361 1.09433 -0.0477706
Time
1558541116913
Theta
-1.5708
t_GA - R_GA * R_AB * t_BA
-0.196361 1.09433 -0.0477706
t_wo + t_wo_cam
-0.196361 1.09433 -0.0477706
Time
1558541116938
Theta
-1.5708
t_GA - R_GA * R_AB * t_BA
-0.161313 1.09264 -0.0138176
t_wo + t_wo_cam
-0.196361 1.09433 -0.0477706
Time
1558541116962
Theta
-1.5708
t_GA - R_GA * R_AB * t_BA
-0.161313 1.09264 -0.0138176
t_wo + t_wo_cam
-0.161313 1.09264 -0.0138176
Time
1558541116987
Theta
-1.5708
t_GA - R_GA * R_AB * t_BA
-0.161313 1.09264 -0.0138176
t_wo + t_wo_cam
-0.161313 1.09264 -0.0138176
Time
1558541117007
Theta
-1.5708
t_GA - R_GA * R_AB * t_BA
-0.161313 1.09264 -0.0138176
t_wo + t_wo_cam
-0.161313 1.09264 -0.0138176
Time
1558541117032
Theta
-1.5708
t_GA - R_GA * R_AB * t_BA
-0.154756 1.08918 0.00370645
t_wo + t_wo_cam
-0.161313 1.09264 -0.0138176
Time
1558541117057
Theta
-1.5708
t_GA - R_GA * R_AB * t_BA
-0.154756 1.08918 0.00370645
t_wo + t_wo_cam
-0.154756 1.08918 0.00370645
Time
1558541117081
Theta
-1.5708
t_GA - R_GA * R_AB * t_BA
-0.154756 1.08918 0.00370645
t_wo + t_wo_cam
-0.154756 1.08918 0.00370645
Time
1558541117106
Theta
-1.5708
t_GA - R_GA * R_AB * t_BA
-0.165836 1.08692 0.0148152
t_wo + t_wo_cam
-0.154756 1.08918 0.00370645
Time
1558541117130
Theta
-1.5708
t_GA - R_GA * R_AB * t_BA
-0.165836 1.08692 0.0148152
t_wo + t_wo_cam
-0.165836 1.08692 0.0148152
Time
1558541117151
Theta
-1.5708
t_GA - R_GA * R_AB * t_BA
-0.165836 1.08692 0.0148152
t_wo + t_wo_cam
-0.165836 1.08692 0.0148152
Time
1558541117175
Theta
-1.5708
t_GA - R_GA * R_AB * t_BA
-0.165836 1.08692 0.0148152
t_wo + t_wo_cam
-0.165836 1.08692 0.0148152
Time
1558541117200
Theta
-1.5708
t_GA - R_GA * R_AB * t_BA
-0.167379 1.08791 0.0152806
t_wo + t_wo_cam
-0.165836 1.08692 0.0148152
Time
1558541117224
Theta
-1.5708
t_GA - R_GA * R_AB * t_BA
-0.167379 1.08791 0.0152806
t_wo + t_wo_cam
-0.167379 1.08791 0.0152806
Time
1558541117249
Theta
-1.5708
t_GA - R_GA * R_AB * t_BA
-0.167379 1.08791 0.0152806
t_wo + t_wo_cam
-0.167379 1.08791 0.0152806
Time
1558541117274
Theta
-1.5708
t_GA - R_GA * R_AB * t_BA
-0.170077 1.08855 0.013014
t_wo + t_wo_cam
-0.167379 1.08791 0.0152806
Time
1558541117294
Theta
-1.5708
t_GA - R_GA * R_AB * t_BA
-0.170077 1.08855 0.013014
t_wo + t_wo_cam
-0.170077 1.08855 0.013014
Time
1558541117319
Theta
-1.5708
t_GA - R_GA * R_AB * t_BA
-0.170077 1.08855 0.013014
t_wo + t_wo_cam
-0.170077 1.08855 0.013014
Time
1558541117343
Theta
-1.5708
t_GA - R_GA * R_AB * t_BA
-0.170077 1.08855 0.013014
t_wo + t_wo_cam
-0.170077 1.08855 0.013014
Time
1558541117368
Theta
-1.5708
t_GA - R_GA * R_AB * t_BA
-0.188591 1.0856 0.0157297
t_wo + t_wo_cam
-0.188591 1.0856 0.0157297
Time
1558541117392
Theta
-1.5708
t_GA - R_GA * R_AB * t_BA
-0.188591 1.0856 0.0157297
t_wo + t_wo_cam
-0.188591 1.0856 0.0157297
Time
1558541117417
Theta
-1.5708
t_GA - R_GA * R_AB * t_BA
-0.188591 1.0856 0.0157297
t_wo + t_wo_cam
-0.188591 1.0856 0.0157297
Time
1558541117437
Theta
-1.5708
t_GA - R_GA * R_AB * t_BA
-0.493076 0.978383 0.0266794
t_wo + t_wo_cam
-0.188591 1.0856 0.0157297
Time
1558541117462
Theta
-1.5708
t_GA - R_GA * R_AB * t_BA
-0.493076 0.978383 0.0266794
t_wo + t_wo_cam
-0.493076 0.978383 0.0266794
Time
1558541117486
Theta
-1.5708
t_GA - R_GA * R_AB * t_BA
-0.493076 0.978383 0.0266794
t_wo + t_wo_cam
-0.493076 0.978383 0.0266794
Time
1558541117511
Theta
-1.5708
t_GA - R_GA * R_AB * t_BA
-0.493076 0.978383 0.0266794
t_wo + t_wo_cam
-0.493076 0.978383 0.0266794
Time
1558541117536
Theta
-1.5708
t_GA - R_GA * R_AB * t_BA
-0.576829 0.925114 0.035965
t_wo + t_wo_cam
-0.493076 0.978383 0.0266794
Time
1558541117560
Theta
-1.5708
t_GA - R_GA * R_AB * t_BA
-0.576829 0.925114 0.035965
t_wo + t_wo_cam
-0.576829 0.925114 0.035965
Time
1558541117581
Theta
-1.5708
t_GA - R_GA * R_AB * t_BA
-0.576829 0.925114 0.035965
t_wo + t_wo_cam
-0.576829 0.925114 0.035965
Time
1558541117605
Theta
-1.5708
t_GA - R_GA * R_AB * t_BA
-0.576829 0.925114 0.035965
t_wo + t_wo_cam
-0.576829 0.925114 0.035965
Time
1558541117630
Theta
-1.5708
t_GA - R_GA * R_AB * t_BA
-0.645832 0.87728 0.0205025
t_wo + t_wo_cam
-0.576829 0.925114 0.035965
Time
1558541117654
Theta
-1.5708
t_GA - R_GA * R_AB * t_BA
-0.645832 0.87728 0.0205025
t_wo + t_wo_cam
-0.645832 0.87728 0.0205025
Time
1558541117679
Theta
-1.5708
t_GA - R_GA * R_AB * t_BA
-0.645832 0.87728 0.0205025
t_wo + t_wo_cam
-0.645832 0.87728 0.0205025
Time
1558541117703
Theta
-1.5708
t_GA - R_GA * R_AB * t_BA
-0.645832 0.87728 0.0205025
t_wo + t_wo_cam
-0.645832 0.87728 0.0205025
Time
1558541117728
Theta
-1.5708
t_GA - R_GA * R_AB * t_BA
-0.763734 0.774489 0.00931775
t_wo + t_wo_cam
-0.645832 0.87728 0.0205025
Time
1558541117748
Theta
-1.5708
t_GA - R_GA * R_AB * t_BA
-0.763734 0.774489 0.00931775
t_wo + t_wo_cam
-0.763734 0.774489 0.00931775
Time
1558541117773
Theta
-1.5708
t_GA - R_GA * R_AB * t_BA
-0.763734 0.774489 0.00931775
t_wo + t_wo_cam
-0.763734 0.774489 0.00931775
Time
1558541117798
Theta
-1.5708
t_GA - R_GA * R_AB * t_BA
-0.782079 0.752528 0.0474015
t_wo + t_wo_cam
-0.763734 0.774489 0.00931775
Time
1558541117822
Theta
-1.5708
t_GA - R_GA * R_AB * t_BA
-0.782079 0.752528 0.0474015
t_wo + t_wo_cam
-0.782079 0.752528 0.0474015
Time
1558541117847
Theta
-1.5708
t_GA - R_GA * R_AB * t_BA
-0.782079 0.752528 0.0474015
t_wo + t_wo_cam
-0.782079 0.752528 0.0474015
Time
1558541117871
Theta
-1.5708
t_GA - R_GA * R_AB * t_BA
-0.782079 0.752528 0.0474015
t_wo + t_wo_cam
-0.782079 0.752528 0.0474015
Time
1558541117892
Theta
-1.5708
t_GA - R_GA * R_AB * t_BA
-0.811649 0.718961 0.0609212
t_wo + t_wo_cam
-0.782079 0.752528 0.0474015
Time
1558541117916
Theta
-1.5708
t_GA - R_GA * R_AB * t_BA
-0.811649 0.718961 0.0609212
t_wo + t_wo_cam
-0.811649 0.718961 0.0609212
Time
1558541117941
Theta
-1.5708
t_GA - R_GA * R_AB * t_BA
-0.811649 0.718961 0.0609212
t_wo + t_wo_cam
-0.811649 0.718961 0.0609212
Time
1558541117965
Theta
-1.5708
t_GA - R_GA * R_AB * t_BA
-0.846467 0.681674 0.0434926
t_wo + t_wo_cam
-0.811649 0.718961 0.0609212
Time
1558541117990
Theta
-1.5708
t_GA - R_GA * R_AB * t_BA
-0.846467 0.681674 0.0434926
t_wo + t_wo_cam
-0.846467 0.681674 0.0434926
Time
1558541118015
Theta
-1.5708
t_GA - R_GA * R_AB * t_BA
-0.846467 0.681674 0.0434926
t_wo + t_wo_cam
-0.846467 0.681674 0.0434926
Time
1558541118035
Theta
-1.5708
t_GA - R_GA * R_AB * t_BA
-0.913119 0.594949 -0.0263703
t_wo + t_wo_cam
-0.846467 0.681674 0.0434926
Time
1558541118060
Theta
-1.5708
t_GA - R_GA * R_AB * t_BA
-0.913119 0.594949 -0.0263703
t_wo + t_wo_cam
-0.913119 0.594949 -0.0263703
Time
1558541118084
Theta
-1.5708
t_GA - R_GA * R_AB * t_BA
-0.913119 0.594949 -0.0263703
t_wo + t_wo_cam
-0.913119 0.594949 -0.0263703
Time
1558541118109
Theta
-1.5708
t_GA - R_GA * R_AB * t_BA
-0.918494 0.588945 -0.031445
t_wo + t_wo_cam
-0.913119 0.594949 -0.0263703
Time
1558541118133
Theta
-1.5708
t_GA - R_GA * R_AB * t_BA
-0.918494 0.588945 -0.031445
t_wo + t_wo_cam
-0.918494 0.588945 -0.031445
Time
1558541118158
Theta
-1.5708
t_GA - R_GA * R_AB * t_BA
-0.918494 0.588945 -0.031445
t_wo + t_wo_cam
-0.918494 0.588945 -0.031445
Time
1558541118178
Theta
-1.5708
t_GA - R_GA * R_AB * t_BA
-0.918494 0.588945 -0.031445
t_wo + t_wo_cam
-0.918494 0.588945 -0.031445
Time
1558541118203
Theta
-1.5708
t_GA - R_GA * R_AB * t_BA
-0.938198 0.557161 -0.0342123
t_wo + t_wo_cam
-0.918494 0.588945 -0.031445
Time
1558541118227
Theta
-1.5708
t_GA - R_GA * R_AB * t_BA
-0.938198 0.557161 -0.0342123
t_wo + t_wo_cam
-0.938198 0.557161 -0.0342123
Time
1558541118252
Theta
-1.5708
t_GA - R_GA * R_AB * t_BA
-0.938198 0.557161 -0.0342123
t_wo + t_wo_cam
-0.938198 0.557161 -0.0342123
Time
1558541118277
Theta
-1.5708
t_GA - R_GA * R_AB * t_BA
-0.902314 0.626882 -0.0105346
t_wo + t_wo_cam
-0.938198 0.557161 -0.0342123
Time
1558541118301
Theta
-1.5708
t_GA - R_GA * R_AB * t_BA
-0.902314 0.626882 -0.0105346
t_wo + t_wo_cam
-0.902314 0.626882 -0.0105346
Time
1558541118322
Theta
-1.5708
t_GA - R_GA * R_AB * t_BA
-0.902314 0.626882 -0.0105346
t_wo + t_wo_cam
-0.902314 0.626882 -0.0105346
Time
1558541118346
Theta
-1.5708
t_GA - R_GA * R_AB * t_BA
-0.902314 0.626882 -0.0105346
t_wo + t_wo_cam
-0.902314 0.626882 -0.0105346
Time
1558541118371
Theta
-1.5708
t_GA - R_GA * R_AB * t_BA
-0.807667 0.75978 -0.0176885
t_wo + t_wo_cam
-0.902314 0.626882 -0.0105346
Time
1558541118395
Theta
-1.5708
t_GA - R_GA * R_AB * t_BA
-0.807667 0.75978 -0.0176885
t_wo + t_wo_cam
-0.807667 0.75978 -0.0176885
Time
1558541118420
Theta
-1.5708
t_GA - R_GA * R_AB * t_BA
-0.807667 0.75978 -0.0176885
t_wo + t_wo_cam
-0.807667 0.75978 -0.0176885
Time
1558541118444
Theta
-1.5708
t_GA - R_GA * R_AB * t_BA
-0.66264 0.901623 -0.00514423
t_wo + t_wo_cam
-0.807667 0.75978 -0.0176885
Time
1558541118465
Theta
-1.5708
t_GA - R_GA * R_AB * t_BA
-0.66264 0.901623 -0.00514423
t_wo + t_wo_cam
-0.66264 0.901623 -0.00514423
Time
1558541118489
Theta
-1.5708
t_GA - R_GA * R_AB * t_BA
-0.66264 0.901623 -0.00514423
t_wo + t_wo_cam
-0.66264 0.901623 -0.00514423
Time
1558541118514
Theta
-1.5708
t_GA - R_GA * R_AB * t_BA
-0.66264 0.901623 -0.00514423
t_wo + t_wo_cam
-0.66264 0.901623 -0.00514423
Time
1558541118538
Theta
-1.5708
t_GA - R_GA * R_AB * t_BA
-0.246679 1.10262 0.0335398
t_wo + t_wo_cam
-0.66264 0.901623 -0.00514423
Time
1558541118563
Theta
-1.5708
t_GA - R_GA * R_AB * t_BA
-0.246679 1.10262 0.0335398
t_wo + t_wo_cam
-0.246679 1.10262 0.0335398
Time
1558541118588
Theta
-1.5708
t_GA - R_GA * R_AB * t_BA
-0.246679 1.10262 0.0335398
t_wo + t_wo_cam
-0.246679 1.10262 0.0335398
Time
1558541118608
Theta
-1.5708
t_GA - R_GA * R_AB * t_BA
-0.246679 1.10262 0.0335398
t_wo + t_wo_cam
-0.246679 1.10262 0.0335398
Time
1558541118633
Theta
-1.5708
t_GA - R_GA * R_AB * t_BA
0.137138 1.09685 0.219904
t_wo + t_wo_cam
-0.246679 1.10262 0.0335398
Time
1558541118657
Theta
-1.5708
t_GA - R_GA * R_AB * t_BA
0.137138 1.09685 0.219904
t_wo + t_wo_cam
0.137138 1.09685 0.219904
Time
1558541118682
Theta
-1.5708
t_GA - R_GA * R_AB * t_BA
0.137138 1.09685 0.219904
t_wo + t_wo_cam
0.137138 1.09685 0.219904
Time
1558541118706
Theta
-1.5708
t_GA - R_GA * R_AB * t_BA
0.137138 1.09685 0.219904
t_wo + t_wo_cam
0.137138 1.09685 0.219904
Time
1558541118731
Theta
-1.5708
t_GA - R_GA * R_AB * t_BA
0.364886 1.02313 0.299412
t_wo + t_wo_cam
0.137138 1.09685 0.219904
Time
1558541118755
Theta
-1.5708
t_GA - R_GA * R_AB * t_BA
0.364886 1.02313 0.299412
t_wo + t_wo_cam
0.364886 1.02313 0.299412
Time
1558541118776
Theta
-1.5708
t_GA - R_GA * R_AB * t_BA
0.364886 1.02313 0.299412
t_wo + t_wo_cam
0.364886 1.02313 0.299412
Time
1558541118801
Theta
-1.5708
t_GA - R_GA * R_AB * t_BA
0.364886 1.02313 0.299412
t_wo + t_wo_cam
0.364886 1.02313 0.299412
Time
1558541118825
Theta
-1.5708
t_GA - R_GA * R_AB * t_BA
0.55648 0.913947 0.335214
t_wo + t_wo_cam
0.364886 1.02313 0.299412
Time
1558541118850
Theta
-1.5708
t_GA - R_GA * R_AB * t_BA
0.55648 0.913947 0.335214
t_wo + t_wo_cam
0.55648 0.913947 0.335214
Time
1558541118874
Theta
-1.5708
t_GA - R_GA * R_AB * t_BA
0.55648 0.913947 0.335214
t_wo + t_wo_cam
0.55648 0.913947 0.335214
Time
1558541118899
Theta
-1.5708
t_GA - R_GA * R_AB * t_BA
0.55648 0.913947 0.335214
t_wo + t_wo_cam
0.55648 0.913947 0.335214
Time
1558541118919
Theta
-1.5708
t_GA - R_GA * R_AB * t_BA
0.576575 0.909759 0.31262
t_wo + t_wo_cam
0.55648 0.913947 0.335214
Time
1558541118944
Theta
-1.5708
t_GA - R_GA * R_AB * t_BA
0.576575 0.909759 0.31262
t_wo + t_wo_cam
0.576575 0.909759 0.31262
Time
1558541118968
Theta
-1.5708
t_GA - R_GA * R_AB * t_BA
0.576575 0.909759 0.31262
t_wo + t_wo_cam
0.576575 0.909759 0.31262
Time
1558541118993
Theta
-1.5708
t_GA - R_GA * R_AB * t_BA
0.611675 0.879269 0.312278
t_wo + t_wo_cam
0.576575 0.909759 0.31262
Time
1558541119017
Theta
-1.5708
t_GA - R_GA * R_AB * t_BA
0.611675 0.879269 0.312278
t_wo + t_wo_cam
0.611675 0.879269 0.312278
Time
1558541119042
Theta
-1.5708
t_GA - R_GA * R_AB * t_BA
0.611675 0.879269 0.312278
t_wo + t_wo_cam
0.611675 0.879269 0.312278
Time
1558541119063
Theta
-1.5708
t_GA - R_GA * R_AB * t_BA
0.605412 0.88848 0.296079
t_wo + t_wo_cam
0.611675 0.879269 0.312278
Time
1558541119087
Theta
-1.5708
t_GA - R_GA * R_AB * t_BA
0.605412 0.88848 0.296079
t_wo + t_wo_cam
0.605412 0.88848 0.296079
Time
1558541119112
Theta
-1.5708
t_GA - R_GA * R_AB * t_BA
0.605412 0.88848 0.296079
t_wo + t_wo_cam
0.605412 0.88848 0.296079
Time
1558541119136
Theta
-1.5708
t_GA - R_GA * R_AB * t_BA
0.605412 0.88848 0.296079
t_wo + t_wo_cam
0.605412 0.88848 0.296079
Time
1558541119161
Theta
-1.5708
t_GA - R_GA * R_AB * t_BA
0.601498 0.890016 0.294051
t_wo + t_wo_cam
0.605412 0.88848 0.296079
Time
1558541119185
Theta
-1.5708
t_GA - R_GA * R_AB * t_BA
0.601498 0.890016 0.294051
t_wo + t_wo_cam
0.601498 0.890016 0.294051
Time
1558541119206
Theta
-1.5708
t_GA - R_GA * R_AB * t_BA
0.601498 0.890016 0.294051
t_wo + t_wo_cam
0.601498 0.890016 0.294051
Time
1558541119230
Theta
-1.5708
t_GA - R_GA * R_AB * t_BA
0.601498 0.890016 0.294051
t_wo + t_wo_cam
0.601498 0.890016 0.294051
Time
1558541119255
Theta
-1.5708
t_GA - R_GA * R_AB * t_BA
0.553799 0.922097 0.284233
t_wo + t_wo_cam
0.601498 0.890016 0.294051
Time
1558541119280
Theta
-1.5708
t_GA - R_GA * R_AB * t_BA
0.553799 0.922097 0.284233
t_wo + t_wo_cam
0.553799 0.922097 0.284233
Time
1558541119304
Theta
-1.5708
t_GA - R_GA * R_AB * t_BA
0.553799 0.922097 0.284233
t_wo + t_wo_cam
0.553799 0.922097 0.284233
Time
1558541119329
Theta
-1.5708
t_GA - R_GA * R_AB * t_BA
0.462447 0.974679 0.264239
t_wo + t_wo_cam
0.553799 0.922097 0.284233
Time
1558541119349
Theta
-1.5708
t_GA - R_GA * R_AB * t_BA
0.462447 0.974679 0.264239
t_wo + t_wo_cam
0.462447 0.974679 0.264239
Time
1558541119374
Theta
-1.5708
t_GA - R_GA * R_AB * t_BA
0.462447 0.974679 0.264239
t_wo + t_wo_cam
0.462447 0.974679 0.264239
Time
1558541119398
Theta
-1.5708
t_GA - R_GA * R_AB * t_BA
0.462447 0.974679 0.264239
t_wo + t_wo_cam
0.462447 0.974679 0.264239
Time
1558541119423
Theta
-1.5708
t_GA - R_GA * R_AB * t_BA
0.180338 1.07193 0.179476
t_wo + t_wo_cam
0.462447 0.974679 0.264239
Time
1558541119448
Theta
-1.5708
t_GA - R_GA * R_AB * t_BA
0.180338 1.07193 0.179476
t_wo + t_wo_cam
0.180338 1.07193 0.179476
Time
1558541119472
Theta
-1.5708
t_GA - R_GA * R_AB * t_BA
0.180338 1.07193 0.179476
t_wo + t_wo_cam
0.180338 1.07193 0.179476
Time
1558541119493
Theta
-1.5708
t_GA - R_GA * R_AB * t_BA
0.0597807 1.09568 0.0860361
t_wo + t_wo_cam
0.180338 1.07193 0.179476
Time
1558541119517
Theta
-1.5708
t_GA - R_GA * R_AB * t_BA
0.0597807 1.09568 0.0860361
t_wo + t_wo_cam
0.0597807 1.09568 0.0860361
Time
1558541119542
Theta
-1.5708
t_GA - R_GA * R_AB * t_BA
0.0597807 1.09568 0.0860361
t_wo + t_wo_cam
0.0597807 1.09568 0.0860361
Time
1558541119566
Theta
-1.5708
t_GA - R_GA * R_AB * t_BA
0.0597807 1.09568 0.0860361
t_wo + t_wo_cam
0.0597807 1.09568 0.0860361
Time
1558541119591
Theta
-1.5708
t_GA - R_GA * R_AB * t_BA
-0.020182 1.11279 -0.0633695
t_wo + t_wo_cam
0.0597807 1.09568 0.0860361
Time
1558541119615
Theta
-1.5708
t_GA - R_GA * R_AB * t_BA
-0.020182 1.11279 -0.0633695
t_wo + t_wo_cam
-0.020182 1.11279 -0.0633695
Time
1558541119636
Theta
-1.5708
t_GA - R_GA * R_AB * t_BA
-0.020182 1.11279 -0.0633695
t_wo + t_wo_cam
-0.020182 1.11279 -0.0633695
Time
1558541119660
Theta
-1.5708
t_GA - R_GA * R_AB * t_BA
-0.020182 1.11279 -0.0633695
t_wo + t_wo_cam
-0.020182 1.11279 -0.0633695
Time
1558541119685
Theta
-1.5708
t_GA - R_GA * R_AB * t_BA
-0.307494 1.01624 -0.447088
t_wo + t_wo_cam
-0.020182 1.11279 -0.0633695
Time
1558541119710
Theta
-1.5708
t_GA - R_GA * R_AB * t_BA
-0.307494 1.01624 -0.447088
t_wo + t_wo_cam
-0.307494 1.01624 -0.447088
Time
1558541119734
Theta
-1.5708
t_GA - R_GA * R_AB * t_BA
-0.307494 1.01624 -0.447088
t_wo + t_wo_cam
-0.307494 1.01624 -0.447088
Time
1558541119759
Theta
-1.5708
t_GA - R_GA * R_AB * t_BA
-0.307494 1.01624 -0.447088
t_wo + t_wo_cam
-0.307494 1.01624 -0.447088
Time
1558541119783
Theta
-1.5708
t_GA - R_GA * R_AB * t_BA
-0.332672 0.967379 -0.544456
t_wo + t_wo_cam
-0.307494 1.01624 -0.447088
Time
1558541119804
Theta
-1.5708
t_GA - R_GA * R_AB * t_BA
-0.332672 0.967379 -0.544456
t_wo + t_wo_cam
-0.332672 0.967379 -0.544456
Time
1558541119828
Theta
-1.5708
t_GA - R_GA * R_AB * t_BA
-0.332672 0.967379 -0.544456
t_wo + t_wo_cam
-0.332672 0.967379 -0.544456
Time
1558541119853
Theta
-1.5708
t_GA - R_GA * R_AB * t_BA
-0.332672 0.967379 -0.544456
t_wo + t_wo_cam
-0.332672 0.967379 -0.544456
Time
1558541119877
Theta
-1.5708
t_GA - R_GA * R_AB * t_BA
-0.337344 0.925936 -0.631815
t_wo + t_wo_cam
-0.332672 0.967379 -0.544456
Time
1558541119902
Theta
-1.5708
t_GA - R_GA * R_AB * t_BA
-0.337344 0.925936 -0.631815
t_wo + t_wo_cam
-0.337344 0.925936 -0.631815
Time
1558541119927
Theta
-1.5708
t_GA - R_GA * R_AB * t_BA
-0.337344 0.925936 -0.631815
t_wo + t_wo_cam
-0.337344 0.925936 -0.631815
Time
1558541119947
Theta
-1.5708
t_GA - R_GA * R_AB * t_BA
-0.340384 0.919427 -0.642435
t_wo + t_wo_cam
-0.337344 0.925936 -0.631815
Time
1558541119972
Theta
-1.5708
t_GA - R_GA * R_AB * t_BA
-0.340384 0.919427 -0.642435
t_wo + t_wo_cam
-0.340384 0.919427 -0.642435
Time
1558541119996
Theta
-1.5708
t_GA - R_GA * R_AB * t_BA
-0.340384 0.919427 -0.642435
t_wo + t_wo_cam
-0.340384 0.919427 -0.642435
Time
1558541120021
Theta
-1.5708
t_GA - R_GA * R_AB * t_BA
-0.340384 0.919427 -0.642435
t_wo + t_wo_cam
-0.340384 0.919427 -0.642435
Time
1558541120045
Theta
-1.5708
t_GA - R_GA * R_AB * t_BA
-0.340124 0.919805 -0.641039
t_wo + t_wo_cam
-0.340384 0.919427 -0.642435
Time
1558541120070
Theta
-1.5708
t_GA - R_GA * R_AB * t_BA
-0.340124 0.919805 -0.641039
t_wo + t_wo_cam
-0.340124 0.919805 -0.641039
Time
1558541120090
Theta
-1.5708
t_GA - R_GA * R_AB * t_BA
-0.340124 0.919805 -0.641039
t_wo + t_wo_cam
-0.340124 0.919805 -0.641039
Time
1558541120115
Theta
-1.5708
t_GA - R_GA * R_AB * t_BA
-0.333487 0.929877 -0.629641
t_wo + t_wo_cam
-0.340124 0.919805 -0.641039
Time
1558541120140
Theta
-1.5708
t_GA - R_GA * R_AB * t_BA
-0.333487 0.929877 -0.629641
t_wo + t_wo_cam
-0.333487 0.929877 -0.629641
Time
1558541120164
Theta
-1.5708
t_GA - R_GA * R_AB * t_BA
-0.333487 0.929877 -0.629641
t_wo + t_wo_cam
-0.333487 0.929877 -0.629641
Time
1558541120189
Theta
-1.5708
t_GA - R_GA * R_AB * t_BA
-0.333487 0.929877 -0.629641
t_wo + t_wo_cam
-0.333487 0.929877 -0.629641
Time
1558541120213
Theta
-1.5708
t_GA - R_GA * R_AB * t_BA
-0.343741 0.918244 -0.641216
t_wo + t_wo_cam
-0.333487 0.929877 -0.629641
Time
1558541120234
Theta
-1.5708
t_GA - R_GA * R_AB * t_BA
-0.343741 0.918244 -0.641216
t_wo + t_wo_cam
-0.343741 0.918244 -0.641216
Time
1558541120258
Theta
-1.5708
t_GA - R_GA * R_AB * t_BA
-0.343741 0.918244 -0.641216
t_wo + t_wo_cam
-0.343741 0.918244 -0.641216
Time
1558541120283
Theta
-1.5708
t_GA - R_GA * R_AB * t_BA
-0.312812 0.949009 -0.612162
t_wo + t_wo_cam
-0.343741 0.918244 -0.641216
Time
1558541120308
Theta
-1.5708
t_GA - R_GA * R_AB * t_BA
-0.312812 0.949009 -0.612162
t_wo + t_wo_cam
-0.312812 0.949009 -0.612162
Time
1558541120332
Theta
-1.5708
t_GA - R_GA * R_AB * t_BA
-0.312812 0.949009 -0.612162
t_wo + t_wo_cam
-0.312812 0.949009 -0.612162
Time
1558541120357
Theta
-1.5708
t_GA - R_GA * R_AB * t_BA
-0.312812 0.949009 -0.612162
t_wo + t_wo_cam
-0.312812 0.949009 -0.612162
Time
1558541120377
Theta
-1.5708
t_GA - R_GA * R_AB * t_BA
-0.285042 1.01859 -0.480852
t_wo + t_wo_cam
-0.312812 0.949009 -0.612162
Time
1558541120402
Theta
-1.5708
t_GA - R_GA * R_AB * t_BA
-0.285042 1.01859 -0.480852
t_wo + t_wo_cam
-0.285042 1.01859 -0.480852
Time
1558541120426
Theta
-1.5708
t_GA - R_GA * R_AB * t_BA
-0.285042 1.01859 -0.480852
t_wo + t_wo_cam
-0.285042 1.01859 -0.480852
Time
1558541120451
Theta
-1.5708
t_GA - R_GA * R_AB * t_BA
-0.30028 1.05795 -0.32675
t_wo + t_wo_cam
-0.285042 1.01859 -0.480852
Time
1558541120475
Theta
-1.5708
t_GA - R_GA * R_AB * t_BA
-0.30028 1.05795 -0.32675
t_wo + t_wo_cam
-0.30028 1.05795 -0.32675
Time
1558541120502
Theta
-1.5708
t_GA - R_GA * R_AB * t_BA
-0.30028 1.05795 -0.32675
t_wo + t_wo_cam
-0.30028 1.05795 -0.32675
Time
1558541120521
Theta
-1.5708
t_GA - R_GA * R_AB * t_BA
-0.30028 1.05795 -0.32675
t_wo + t_wo_cam
-0.30028 1.05795 -0.32675
Time
1558541120545
Theta
-1.5708
t_GA - R_GA * R_AB * t_BA
-0.30028 1.05795 -0.32675
t_wo + t_wo_cam
-0.30028 1.05795 -0.32675
Time
1558541120570
Theta
-1.5708
t_GA - R_GA * R_AB * t_BA
-0.104051 1.10986 0.00228767
t_wo + t_wo_cam
-0.30028 1.05795 -0.32675
Time
1558541120594
Theta
-1.5708
t_GA - R_GA * R_AB * t_BA
-0.104051 1.10986 0.00228767
t_wo + t_wo_cam
-0.104051 1.10986 0.00228767
Time
1558541120619
Theta
-1.5708
t_GA - R_GA * R_AB * t_BA
-0.104051 1.10986 0.00228767
t_wo + t_wo_cam
-0.104051 1.10986 0.00228767
Time
1558541120643
Theta
-1.5708
t_GA - R_GA * R_AB * t_BA
-0.104051 1.10986 0.00228767
t_wo + t_wo_cam
-0.104051 1.10986 0.00228767
Time
1558541120664
Theta
-1.5708
t_GA - R_GA * R_AB * t_BA
-0.104051 1.10986 0.00228767
t_wo + t_wo_cam
-0.104051 1.10986 0.00228767
Time
1558541120688
Theta
-1.5708
t_GA - R_GA * R_AB * t_BA
-0.104051 1.10986 0.00228767
t_wo + t_wo_cam
-0.104051 1.10986 0.00228767
Time
1558541120713
Theta
-1.5708
t_GA - R_GA * R_AB * t_BA
-0.104051 1.10986 0.00228767
t_wo + t_wo_cam
-0.104051 1.10986 0.00228767
Time
1558541120739
Theta
-1.5708
t_GA - R_GA * R_AB * t_BA
-0.104051 1.10986 0.00228767
t_wo + t_wo_cam
-0.104051 1.10986 0.00228767
Time
1558541120762
Theta
-1.5708
t_GA - R_GA * R_AB * t_BA
-0.148522 1.08979 0.117832
t_wo + t_wo_cam
-0.104051 1.10986 0.00228767
Time
1558541120787
Theta
-1.5708
t_GA - R_GA * R_AB * t_BA
-0.148522 1.08979 0.117832
t_wo + t_wo_cam
-0.148522 1.08979 0.117832
Time
1558541120809
Theta
-1.5708
t_GA - R_GA * R_AB * t_BA
-0.148522 1.08979 0.117832
t_wo + t_wo_cam
-0.148522 1.08979 0.117832
Time
1558541120832
Theta
-1.5708
t_GA - R_GA * R_AB * t_BA
-0.148522 1.08979 0.117832
t_wo + t_wo_cam
-0.148522 1.08979 0.117832
Time
1558541120856
Theta
-1.5708
t_GA - R_GA * R_AB * t_BA
-0.148522 1.08979 0.117832
t_wo + t_wo_cam
-0.148522 1.08979 0.117832
Time
1558541120881
Theta
-1.5708
t_GA - R_GA * R_AB * t_BA
-0.148522 1.08979 0.117832
t_wo + t_wo_cam
-0.148522 1.08979 0.117832
Time
1558541120906
Theta
-1.5708
t_GA - R_GA * R_AB * t_BA
-0.148522 1.08979 0.117832
t_wo + t_wo_cam
-0.148522 1.08979 0.117832
Time
1558541120930
Theta
-1.5708
t_GA - R_GA * R_AB * t_BA
-0.148522 1.08979 0.117832
t_wo + t_wo_cam
-0.148522 1.08979 0.117832
Time
1558541120957
Theta
-1.5708
t_GA - R_GA * R_AB * t_BA
-0.148522 1.08979 0.117832
t_wo + t_wo_cam
-0.148522 1.08979 0.117832
Time
1558541120975
Theta
-1.5708
t_GA - R_GA * R_AB * t_BA
-0.246796 1.00229 0.361106
t_wo + t_wo_cam
-0.246796 1.00229 0.361106
Time
1558541121000
Theta
-1.5708
t_GA - R_GA * R_AB * t_BA
-0.246796 1.00229 0.361106
t_wo + t_wo_cam
-0.246796 1.00229 0.361106
Time
1558541121024
Theta
-1.5708
t_GA - R_GA * R_AB * t_BA
-0.246796 1.00229 0.361106
t_wo + t_wo_cam
-0.246796 1.00229 0.361106
Time
1558541121049
Theta
-1.5708
t_GA - R_GA * R_AB * t_BA
-0.246796 1.00229 0.361106
t_wo + t_wo_cam
-0.246796 1.00229 0.361106
Time
1558541121073
Theta
-1.5708
t_GA - R_GA * R_AB * t_BA
-0.178959 0.860515 0.629155
t_wo + t_wo_cam
-0.178959 0.860515 0.629155
Time
1558541121098
Theta
-1.5708
t_GA - R_GA * R_AB * t_BA
-0.178959 0.860515 0.629155
t_wo + t_wo_cam
-0.178959 0.860515 0.629155
Time
1558541121118
Theta
-1.5708
t_GA - R_GA * R_AB * t_BA
-0.178959 0.860515 0.629155
t_wo + t_wo_cam
-0.178959 0.860515 0.629155
Time
1558541121143
Theta
-1.5708
t_GA - R_GA * R_AB * t_BA
-0.185478 0.824449 0.669648
t_wo + t_wo_cam
-0.178959 0.860515 0.629155
Time
1558541121168
Theta
-1.5708
t_GA - R_GA * R_AB * t_BA
-0.185478 0.824449 0.669648
t_wo + t_wo_cam
-0.185478 0.824449 0.669648
Time
1558541121192
Theta
-1.5708
t_GA - R_GA * R_AB * t_BA
-0.185478 0.824449 0.669648
t_wo + t_wo_cam
-0.185478 0.824449 0.669648
Time
1558541121217
Theta
-1.5708
t_GA - R_GA * R_AB * t_BA
-0.199082 0.830665 0.661209
t_wo + t_wo_cam
-0.185478 0.824449 0.669648
Time
1558541121241
Theta
-1.5708
t_GA - R_GA * R_AB * t_BA
-0.199082 0.830665 0.661209
t_wo + t_wo_cam
-0.199082 0.830665 0.661209
Time
1558541121262
Theta
-1.5708
t_GA - R_GA * R_AB * t_BA
-0.199082 0.830665 0.661209
t_wo + t_wo_cam
-0.199082 0.830665 0.661209
Time
1558541121286
Theta
-1.5708
t_GA - R_GA * R_AB * t_BA
-0.199082 0.830665 0.661209
t_wo + t_wo_cam
-0.199082 0.830665 0.661209
Time
1558541121311
Theta
-1.5708
t_GA - R_GA * R_AB * t_BA
-0.184242 0.830226 0.66635
t_wo + t_wo_cam
-0.199082 0.830665 0.661209
Time
1558541121336
Theta
-1.5708
t_GA - R_GA * R_AB * t_BA
-0.184242 0.830226 0.66635
t_wo + t_wo_cam
-0.184242 0.830226 0.66635
Time
1558541121360
Theta
-1.5708
t_GA - R_GA * R_AB * t_BA
-0.184242 0.830226 0.66635
t_wo + t_wo_cam
-0.184242 0.830226 0.66635
Time
1558541121385
Theta
-1.5708
t_GA - R_GA * R_AB * t_BA
-0.186981 0.823158 0.674622
t_wo + t_wo_cam
-0.184242 0.830226 0.66635
Time
1558541121405
Theta
-1.5708
t_GA - R_GA * R_AB * t_BA
-0.186981 0.823158 0.674622
t_wo + t_wo_cam
-0.186981 0.823158 0.674622
Time
1558541121430
Theta
-1.5708
t_GA - R_GA * R_AB * t_BA
-0.186981 0.823158 0.674622
t_wo + t_wo_cam
-0.186981 0.823158 0.674622
Time
1558541121454
Theta
-1.5708
t_GA - R_GA * R_AB * t_BA
-0.193628 0.817404 0.679396
t_wo + t_wo_cam
-0.186981 0.823158 0.674622
Time
1558541121479
Theta
-1.5708
t_GA - R_GA * R_AB * t_BA
-0.193628 0.817404 0.679396
t_wo + t_wo_cam
-0.193628 0.817404 0.679396
Time
1558541121504
Theta
-1.5708
t_GA - R_GA * R_AB * t_BA
-0.193628 0.817404 0.679396
t_wo + t_wo_cam
-0.193628 0.817404 0.679396
Time
1558541121528
Theta
-1.5708
t_GA - R_GA * R_AB * t_BA
-0.193628 0.817404 0.679396
t_wo + t_wo_cam
-0.193628 0.817404 0.679396
Time
1558541121549
Theta
-1.5708
t_GA - R_GA * R_AB * t_BA
-0.225732 0.836758 0.647822
t_wo + t_wo_cam
-0.193628 0.817404 0.679396
Time
1558541121573
Theta
-1.5708
t_GA - R_GA * R_AB * t_BA
-0.225732 0.836758 0.647822
t_wo + t_wo_cam
-0.225732 0.836758 0.647822
Time
1558541121598
Theta
-1.5708
t_GA - R_GA * R_AB * t_BA
-0.225732 0.836758 0.647822
t_wo + t_wo_cam
-0.225732 0.836758 0.647822
Time
1558541121622
Theta
-1.5708
t_GA - R_GA * R_AB * t_BA
-0.235527 0.85229 0.629307
t_wo + t_wo_cam
-0.225732 0.836758 0.647822
Time
1558541121647
Theta
-1.5708
t_GA - R_GA * R_AB * t_BA
-0.235527 0.85229 0.629307
t_wo + t_wo_cam
-0.235527 0.85229 0.629307
Time
1558541121671
Theta
-1.5708
t_GA - R_GA * R_AB * t_BA
-0.235527 0.85229 0.629307
t_wo + t_wo_cam
-0.235527 0.85229 0.629307
Time
1558541121692
Theta
-1.5708
t_GA - R_GA * R_AB * t_BA
-0.235527 0.85229 0.629307
t_wo + t_wo_cam
-0.235527 0.85229 0.629307
Time
1558541121716
Theta
-1.5708
t_GA - R_GA * R_AB * t_BA
-0.304833 0.882233 0.566771
t_wo + t_wo_cam
-0.235527 0.85229 0.629307
Time
1558541121741
Theta
-1.5708
t_GA - R_GA * R_AB * t_BA
-0.304833 0.882233 0.566771
t_wo + t_wo_cam
-0.304833 0.882233 0.566771
Time
1558541121766
Theta
-1.5708
t_GA - R_GA * R_AB * t_BA
-0.304833 0.882233 0.566771
t_wo + t_wo_cam
-0.304833 0.882233 0.566771
Time
1558541121790
Theta
-1.5708
t_GA - R_GA * R_AB * t_BA
-0.331627 0.938072 0.474947
t_wo + t_wo_cam
-0.304833 0.882233 0.566771
Time
1558541121815
Theta
-1.5708
t_GA - R_GA * R_AB * t_BA
-0.331627 0.938072 0.474947
t_wo + t_wo_cam
-0.331627 0.938072 0.474947
Time
1558541121835
Theta
-1.5708
t_GA - R_GA * R_AB * t_BA
-0.331627 0.938072 0.474947
t_wo + t_wo_cam
-0.331627 0.938072 0.474947
Time
1558541121860
Theta
-1.5708
t_GA - R_GA * R_AB * t_BA
-0.331627 0.938072 0.474947
t_wo + t_wo_cam
-0.331627 0.938072 0.474947
Time
1558541121884
Theta
-1.5708
t_GA - R_GA * R_AB * t_BA
-0.380588 0.992587 0.341444
t_wo + t_wo_cam
-0.331627 0.938072 0.474947
Time
1558541121909
Theta
-1.5708
t_GA - R_GA * R_AB * t_BA
-0.380588 0.992587 0.341444
t_wo + t_wo_cam
-0.380588 0.992587 0.341444
Time
1558541121934
Theta
-1.5708
t_GA - R_GA * R_AB * t_BA
-0.380588 0.992587 0.341444
t_wo + t_wo_cam
-0.380588 0.992587 0.341444
Time
1558541121958
Theta
-1.5708
t_GA - R_GA * R_AB * t_BA
-0.297441 1.08992 0.156679
t_wo + t_wo_cam
-0.380588 0.992587 0.341444
Time
1558541121983
Theta
-1.5708
t_GA - R_GA * R_AB * t_BA
-0.297441 1.08992 0.156679
t_wo + t_wo_cam
-0.297441 1.08992 0.156679
Time
1558541122003
Theta
-1.5708
t_GA - R_GA * R_AB * t_BA
-0.297441 1.08992 0.156679
t_wo + t_wo_cam
-0.297441 1.08992 0.156679
Time
1558541122028
Theta
-1.5708
t_GA - R_GA * R_AB * t_BA
-0.279711 1.10834 0.102543
t_wo + t_wo_cam
-0.297441 1.08992 0.156679
Time
1558541122052
Theta
-1.5708
t_GA - R_GA * R_AB * t_BA
-0.279711 1.10834 0.102543
t_wo + t_wo_cam
-0.279711 1.10834 0.102543
Time
1558541122077
Theta
-1.5708
t_GA - R_GA * R_AB * t_BA
-0.279711 1.10834 0.102543
t_wo + t_wo_cam
-0.279711 1.10834 0.102543
Time
1558541122101
Theta
-1.5708
t_GA - R_GA * R_AB * t_BA
-0.279711 1.10834 0.102543
t_wo + t_wo_cam
-0.279711 1.10834 0.102543
Time
1558541122126
Theta
-1.5708
t_GA - R_GA * R_AB * t_BA
-0.262702 1.12025 0.0640116
t_wo + t_wo_cam
-0.279711 1.10834 0.102543
Time
1558541122147
Theta
-1.5708
t_GA - R_GA * R_AB * t_BA
-0.262702 1.12025 0.0640116
t_wo + t_wo_cam
-0.262702 1.12025 0.0640116
Time
1558541122171
Theta
-1.5708
t_GA - R_GA * R_AB * t_BA
-0.262702 1.12025 0.0640116
t_wo + t_wo_cam
-0.262702 1.12025 0.0640116
Time
1558541122196
Theta
-1.5708
t_GA - R_GA * R_AB * t_BA
-0.241864 1.12935 0.0426325
t_wo + t_wo_cam
-0.262702 1.12025 0.0640116
Time
1558541122220
Theta
-1.5708
t_GA - R_GA * R_AB * t_BA
-0.241864 1.12935 0.0426325
t_wo + t_wo_cam
-0.241864 1.12935 0.0426325
Time
1558541122245
Theta
-1.5708
t_GA - R_GA * R_AB * t_BA
-0.241864 1.12935 0.0426325
t_wo + t_wo_cam
-0.241864 1.12935 0.0426325
Time
1558541122269
Theta
-1.5708
t_GA - R_GA * R_AB * t_BA
-0.241864 1.12935 0.0426325
t_wo + t_wo_cam
-0.241864 1.12935 0.0426325
Time
1558541122290
Theta
-1.5708
t_GA - R_GA * R_AB * t_BA
-0.24482 1.12793 0.0453658
t_wo + t_wo_cam
-0.241864 1.12935 0.0426325
Time
1558541122314
Theta
-1.5708
t_GA - R_GA * R_AB * t_BA
-0.24482 1.12793 0.0453658
t_wo + t_wo_cam
-0.24482 1.12793 0.0453658
Time
1558541122339
Theta
-1.5708
t_GA - R_GA * R_AB * t_BA
-0.24482 1.12793 0.0453658
t_wo + t_wo_cam
-0.24482 1.12793 0.0453658
Time
1558541122364
Theta
-1.5708
t_GA - R_GA * R_AB * t_BA
-0.247212 1.12466 0.0602608
t_wo + t_wo_cam
-0.24482 1.12793 0.0453658
Time
1558541122388
Theta
-1.5708
t_GA - R_GA * R_AB * t_BA
-0.247212 1.12466 0.0602608
t_wo + t_wo_cam
-0.247212 1.12466 0.0602608
Time
1558541122413
Theta
-1.5708
t_GA - R_GA * R_AB * t_BA
-0.247212 1.12466 0.0602608
t_wo + t_wo_cam
-0.247212 1.12466 0.0602608
Time
1558541122433
Theta
-1.5708
t_GA - R_GA * R_AB * t_BA
-0.247212 1.12466 0.0602608
t_wo + t_wo_cam
-0.247212 1.12466 0.0602608
Time
1558541122458
Theta
-1.5708
t_GA - R_GA * R_AB * t_BA
-0.265643 1.11914 0.0683872
t_wo + t_wo_cam
-0.247212 1.12466 0.0602608
Time
1558541122482
Theta
-1.5708
t_GA - R_GA * R_AB * t_BA
-0.265643 1.11914 0.0683872
t_wo + t_wo_cam
-0.265643 1.11914 0.0683872
Time
1558541122507
Theta
-1.5708
t_GA - R_GA * R_AB * t_BA
-0.265643 1.11914 0.0683872
t_wo + t_wo_cam
-0.265643 1.11914 0.0683872
Time
1558541122532
Theta
-1.5708
t_GA - R_GA * R_AB * t_BA
-0.263523 1.1191 0.0694636
t_wo + t_wo_cam
-0.265643 1.11914 0.0683872
Time
1558541122556
Theta
-1.5708
t_GA - R_GA * R_AB * t_BA
-0.263523 1.1191 0.0694636
t_wo + t_wo_cam
-0.263523 1.1191 0.0694636
Time
1558541122577
Theta
-1.5708
t_GA - R_GA * R_AB * t_BA
-0.263523 1.1191 0.0694636
t_wo + t_wo_cam
-0.263523 1.1191 0.0694636
Time
1558541122601
Theta
-1.5708
t_GA - R_GA * R_AB * t_BA
-0.263523 1.1191 0.0694636
t_wo + t_wo_cam
-0.263523 1.1191 0.0694636
Time
1558541122626
Theta
-1.5708
t_GA - R_GA * R_AB * t_BA
-0.251441 1.1226 0.0689448
t_wo + t_wo_cam
-0.263523 1.1191 0.0694636
Time
1558541122650
Theta
-1.5708
t_GA - R_GA * R_AB * t_BA
-0.251441 1.1226 0.0689448
t_wo + t_wo_cam
-0.251441 1.1226 0.0689448
Time
1558541122675
Theta
-1.5708
t_GA - R_GA * R_AB * t_BA
-0.251441 1.1226 0.0689448
t_wo + t_wo_cam
-0.251441 1.1226 0.0689448
Time
1558541122699
Theta
-1.5708
t_GA - R_GA * R_AB * t_BA
-0.252492 1.12314 0.0672609
t_wo + t_wo_cam
-0.251441 1.1226 0.0689448
Time
1558541122720
Theta
-1.5708
t_GA - R_GA * R_AB * t_BA
-0.252492 1.12314 0.0672609
t_wo + t_wo_cam
-0.252492 1.12314 0.0672609
Time
1558541122745
Theta
-1.5708
t_GA - R_GA * R_AB * t_BA
-0.252492 1.12314 0.0672609
t_wo + t_wo_cam
-0.252492 1.12314 0.0672609
Time
1558541122769
Theta
-1.5708
t_GA - R_GA * R_AB * t_BA
-0.252492 1.12314 0.0672609
t_wo + t_wo_cam
-0.252492 1.12314 0.0672609
Time
1558541122794
Theta
-1.5708
t_GA - R_GA * R_AB * t_BA
-0.256428 1.12335 0.0667511
t_wo + t_wo_cam
-0.252492 1.12314 0.0672609
Time
1558541122818
Theta
-1.5708
t_GA - R_GA * R_AB * t_BA
-0.256428 1.12335 0.0667511
t_wo + t_wo_cam
-0.256428 1.12335 0.0667511
Time
1558541122843
Theta
-1.5708
t_GA - R_GA * R_AB * t_BA
-0.256428 1.12335 0.0667511
t_wo + t_wo_cam
-0.256428 1.12335 0.0667511
Time
1558541122863
Theta
-1.5708
t_GA - R_GA * R_AB * t_BA
-0.262505 1.12293 0.0624136
t_wo + t_wo_cam
-0.256428 1.12335 0.0667511
Time
1558541122888
Theta
-1.5708
t_GA - R_GA * R_AB * t_BA
-0.262505 1.12293 0.0624136
t_wo + t_wo_cam
-0.262505 1.12293 0.0624136
Time
1558541122912
Theta
-1.5708
t_GA - R_GA * R_AB * t_BA
-0.262505 1.12293 0.0624136
t_wo + t_wo_cam
-0.262505 1.12293 0.0624136
Time
1558541122937
Theta
-1.5708
t_GA - R_GA * R_AB * t_BA
-0.262505 1.12293 0.0624136
t_wo + t_wo_cam
-0.262505 1.12293 0.0624136
Time
1558541122962
Theta
-1.5708
t_GA - R_GA * R_AB * t_BA
-0.262342 1.12309 0.0679204
t_wo + t_wo_cam
-0.262342 1.12309 0.0679204
Time
1558541122986
Theta
-1.5708
t_GA - R_GA * R_AB * t_BA
-0.262342 1.12309 0.0679204
t_wo + t_wo_cam
-0.262342 1.12309 0.0679204
Time
1558541123011
Theta
-1.5708
t_GA - R_GA * R_AB * t_BA
-0.262342 1.12309 0.0679204
t_wo + t_wo_cam
-0.262342 1.12309 0.0679204
Time
1558541123031
Theta
-1.5708
t_GA - R_GA * R_AB * t_BA
-0.257587 1.12491 0.0652458
t_wo + t_wo_cam
-0.262342 1.12309 0.0679204
Time
1558541123056
Theta
-1.5708
t_GA - R_GA * R_AB * t_BA
-0.257587 1.12491 0.0652458
t_wo + t_wo_cam
-0.257587 1.12491 0.0652458
Time
1558541123080
Theta
-1.5708
t_GA - R_GA * R_AB * t_BA
-0.257587 1.12491 0.0652458
t_wo + t_wo_cam
-0.257587 1.12491 0.0652458
Time
1558541123105
Theta
-1.5708
t_GA - R_GA * R_AB * t_BA
-0.261497 1.12457 0.0643414
t_wo + t_wo_cam
-0.257587 1.12491 0.0652458
Time
1558541123130
Theta
-1.5708
t_GA - R_GA * R_AB * t_BA
-0.261497 1.12457 0.0643414
t_wo + t_wo_cam
-0.261497 1.12457 0.0643414
Time
1558541123154
Theta
-1.5708
t_GA - R_GA * R_AB * t_BA
-0.261497 1.12457 0.0643414
t_wo + t_wo_cam
-0.261497 1.12457 0.0643414
Time
1558541123175
Theta
-1.5708
t_GA - R_GA * R_AB * t_BA
-0.261497 1.12457 0.0643414
t_wo + t_wo_cam
-0.261497 1.12457 0.0643414
Time
1558541123199
Theta
-1.5708
t_GA - R_GA * R_AB * t_BA
-0.251093 1.12596 0.067952
t_wo + t_wo_cam
-0.261497 1.12457 0.0643414
Time
1558541123224
Theta
-1.5708
t_GA - R_GA * R_AB * t_BA
-0.251093 1.12596 0.067952
t_wo + t_wo_cam
-0.251093 1.12596 0.067952
Time
1558541123248
Theta
-1.5708
t_GA - R_GA * R_AB * t_BA
-0.251093 1.12596 0.067952
t_wo + t_wo_cam
-0.251093 1.12596 0.067952
Time
1558541123273
Theta
-1.5708
t_GA - R_GA * R_AB * t_BA
-0.257112 1.12478 0.0666881
t_wo + t_wo_cam
-0.251093 1.12596 0.067952
Time
1558541123297
Theta
-1.5708
t_GA - R_GA * R_AB * t_BA
-0.257112 1.12478 0.0666881
t_wo + t_wo_cam
-0.257112 1.12478 0.0666881
Time
1558541123318
Theta
-1.5708
t_GA - R_GA * R_AB * t_BA
-0.257112 1.12478 0.0666881
t_wo + t_wo_cam
-0.257112 1.12478 0.0666881
Time
1558541123343
Theta
-1.5708
t_GA - R_GA * R_AB * t_BA
-0.257112 1.12478 0.0666881
t_wo + t_wo_cam
-0.257112 1.12478 0.0666881
Time
1558541123367
Theta
-1.5708
t_GA - R_GA * R_AB * t_BA
-0.25724 1.1243 0.0708928
t_wo + t_wo_cam
-0.257112 1.12478 0.0666881
Time
1558541123392
Theta
-1.5708
t_GA - R_GA * R_AB * t_BA
-0.25724 1.1243 0.0708928
t_wo + t_wo_cam
-0.25724 1.1243 0.0708928
Time
1558541123416
Theta
-1.5708
t_GA - R_GA * R_AB * t_BA
-0.25724 1.1243 0.0708928
t_wo + t_wo_cam
-0.25724 1.1243 0.0708928
Time
1558541123441
Theta
-1.5708
t_GA - R_GA * R_AB * t_BA
-0.254215 1.12489 0.0717399
t_wo + t_wo_cam
-0.25724 1.1243 0.0708928
Time
1558541123461
Theta
-1.5708
t_GA - R_GA * R_AB * t_BA
-0.254215 1.12489 0.0717399
t_wo + t_wo_cam
-0.254215 1.12489 0.0717399
Time
1558541123486
Theta
-1.5708
t_GA - R_GA * R_AB * t_BA
-0.254215 1.12489 0.0717399
t_wo + t_wo_cam
-0.254215 1.12489 0.0717399
Time
1558541123510
Theta
-1.5708
t_GA - R_GA * R_AB * t_BA
-0.254215 1.12489 0.0717399
t_wo + t_wo_cam
-0.254215 1.12489 0.0717399
Time
1558541123535
Theta
-1.5708
t_GA - R_GA * R_AB * t_BA
-0.256625 1.12498 0.069389
t_wo + t_wo_cam
-0.254215 1.12489 0.0717399
Time
1558541123560
Theta
-1.5708
t_GA - R_GA * R_AB * t_BA
-0.256625 1.12498 0.069389
t_wo + t_wo_cam
-0.256625 1.12498 0.069389
Time
1558541123584
Theta
-1.5708
t_GA - R_GA * R_AB * t_BA
-0.256625 1.12498 0.069389
t_wo + t_wo_cam
-0.256625 1.12498 0.069389
Time
1558541123605
Theta
-1.5708
t_GA - R_GA * R_AB * t_BA
-0.253731 1.12553 0.069742
t_wo + t_wo_cam
-0.256625 1.12498 0.069389
Time
1558541123629
Theta
-1.5708
t_GA - R_GA * R_AB * t_BA
-0.253731 1.12553 0.069742
t_wo + t_wo_cam
-0.253731 1.12553 0.069742
Time
1558541123654
Theta
-1.5708
t_GA - R_GA * R_AB * t_BA
-0.253731 1.12553 0.069742
t_wo + t_wo_cam
-0.253731 1.12553 0.069742
Time
1558541123678
Theta
-1.5708
t_GA - R_GA * R_AB * t_BA
-0.250998 1.12627 0.0670506
t_wo + t_wo_cam
-0.253731 1.12553 0.069742
Time
1558541123703
Theta
-1.5708
t_GA - R_GA * R_AB * t_BA
-0.250998 1.12627 0.0670506
t_wo + t_wo_cam
-0.250998 1.12627 0.0670506
Time
1558541123728
Theta
-1.5708
t_GA - R_GA * R_AB * t_BA
-0.250998 1.12627 0.0670506
t_wo + t_wo_cam
-0.250998 1.12627 0.0670506
Time
1558541123748
Theta
-1.5708
t_GA - R_GA * R_AB * t_BA
-0.250998 1.12627 0.0670506
t_wo + t_wo_cam
-0.250998 1.12627 0.0670506
Time
1558541123773
Theta
-1.5708
t_GA - R_GA * R_AB * t_BA
-0.250703 1.12596 0.0718878
t_wo + t_wo_cam
-0.250998 1.12627 0.0670506
Time
1558541123797
Theta
-1.5708
t_GA - R_GA * R_AB * t_BA
-0.250703 1.12596 0.0718878
t_wo + t_wo_cam
-0.250703 1.12596 0.0718878
Time
1558541123822
Theta
-1.5708
t_GA - R_GA * R_AB * t_BA
-0.250703 1.12596 0.0718878
t_wo + t_wo_cam
-0.250703 1.12596 0.0718878
Time
1558541123846
Theta
-1.5708
t_GA - R_GA * R_AB * t_BA
-0.2586 1.12377 0.0755403
t_wo + t_wo_cam
-0.250703 1.12596 0.0718878
Time
1558541123871
Theta
-1.5708
t_GA - R_GA * R_AB * t_BA
-0.2586 1.12377 0.0755403
t_wo + t_wo_cam
-0.2586 1.12377 0.0755403
Time
1558541123891
Theta
-1.5708
t_GA - R_GA * R_AB * t_BA
-0.2586 1.12377 0.0755403
t_wo + t_wo_cam
-0.2586 1.12377 0.0755403
Time
1558541123916
Theta
-1.5708
t_GA - R_GA * R_AB * t_BA
-0.2586 1.12377 0.0755403
t_wo + t_wo_cam
-0.2586 1.12377 0.0755403
Time
1558541123941
Theta
-1.5708
t_GA - R_GA * R_AB * t_BA
-0.255794 1.12445 0.0759942
t_wo + t_wo_cam
-0.2586 1.12377 0.0755403
Time
1558541123965
Theta
-1.5708
t_GA - R_GA * R_AB * t_BA
-0.255794 1.12445 0.0759942
t_wo + t_wo_cam
-0.255794 1.12445 0.0759942
Time
1558541123990
Theta
-1.5708
t_GA - R_GA * R_AB * t_BA
-0.255794 1.12445 0.0759942
t_wo + t_wo_cam
-0.255794 1.12445 0.0759942
Time
1558541124014
Theta
-1.5708
t_GA - R_GA * R_AB * t_BA
-0.253043 1.12526 0.0760587
t_wo + t_wo_cam
-0.255794 1.12445 0.0759942
Time
1558541124035
Theta
-1.5708
t_GA - R_GA * R_AB * t_BA
-0.253043 1.12526 0.0760587
t_wo + t_wo_cam
-0.253043 1.12526 0.0760587
Time
1558541124059
Theta
-1.5708
t_GA - R_GA * R_AB * t_BA
-0.253043 1.12526 0.0760587
t_wo + t_wo_cam
-0.253043 1.12526 0.0760587
Time
1558541124084
Theta
-1.5708
t_GA - R_GA * R_AB * t_BA
-0.246548 1.12663 0.0766802
t_wo + t_wo_cam
-0.253043 1.12526 0.0760587
Time
1558541124108
Theta
-1.5708
t_GA - R_GA * R_AB * t_BA
-0.246548 1.12663 0.0766802
t_wo + t_wo_cam
-0.246548 1.12663 0.0766802
Time
1558541124133
Theta
-1.5708
t_GA - R_GA * R_AB * t_BA
-0.246548 1.12663 0.0766802
t_wo + t_wo_cam
-0.246548 1.12663 0.0766802
Time
1558541124158
Theta
-1.5708
t_GA - R_GA * R_AB * t_BA
-0.246548 1.12663 0.0766802
t_wo + t_wo_cam
-0.246548 1.12663 0.0766802
Time
1558541124182
Theta
-1.5708
t_GA - R_GA * R_AB * t_BA
-0.248465 1.12738 0.0726039
t_wo + t_wo_cam
-0.246548 1.12663 0.0766802
Time
1558541124203
Theta
-1.5708
t_GA - R_GA * R_AB * t_BA
-0.248465 1.12738 0.0726039
t_wo + t_wo_cam
-0.248465 1.12738 0.0726039
Time
1558541124227
Theta
-1.5708
t_GA - R_GA * R_AB * t_BA
-0.248465 1.12738 0.0726039
t_wo + t_wo_cam
-0.248465 1.12738 0.0726039
Time
1558541124252
Theta
-1.5708
t_GA - R_GA * R_AB * t_BA
-0.248465 1.12738 0.0726039
t_wo + t_wo_cam
-0.248465 1.12738 0.0726039
Time
1558541124276
Theta
-1.5708
t_GA - R_GA * R_AB * t_BA
-0.253473 1.12622 0.0741655
t_wo + t_wo_cam
-0.248465 1.12738 0.0726039
Time
1558541124301
Theta
-1.5708
t_GA - R_GA * R_AB * t_BA
-0.253473 1.12622 0.0741655
t_wo + t_wo_cam
-0.253473 1.12622 0.0741655
Time
1558541124326
Theta
-1.5708
t_GA - R_GA * R_AB * t_BA
-0.253473 1.12622 0.0741655
t_wo + t_wo_cam
-0.253473 1.12622 0.0741655
Time
1558541124346
Theta
-1.5708
t_GA - R_GA * R_AB * t_BA
-0.253473 1.12622 0.0741655
t_wo + t_wo_cam
-0.253473 1.12622 0.0741655
Time
1558541124371
Theta
-1.5708
t_GA - R_GA * R_AB * t_BA
-0.249308 1.12664 0.0750825
t_wo + t_wo_cam
-0.253473 1.12622 0.0741655
Time
1558541124395
Theta
-1.5708
t_GA - R_GA * R_AB * t_BA
-0.249308 1.12664 0.0750825
t_wo + t_wo_cam
-0.249308 1.12664 0.0750825
Time
1558541124420
Theta
-1.5708
t_GA - R_GA * R_AB * t_BA
-0.249308 1.12664 0.0750825
t_wo + t_wo_cam
-0.249308 1.12664 0.0750825
Time
1558541124444
Theta
-1.5708
t_GA - R_GA * R_AB * t_BA
-0.255292 1.12501 0.0799576
t_wo + t_wo_cam
-0.249308 1.12664 0.0750825
Time
1558541124469
Theta
-1.5708
t_GA - R_GA * R_AB * t_BA
-0.255292 1.12501 0.0799576
t_wo + t_wo_cam
-0.255292 1.12501 0.0799576
Time
1558541124489
Theta
-1.5708
t_GA - R_GA * R_AB * t_BA
-0.255292 1.12501 0.0799576
t_wo + t_wo_cam
-0.255292 1.12501 0.0799576
Time
1558541124514
Theta
-1.5708
t_GA - R_GA * R_AB * t_BA
-0.265866 1.1228 0.0801698
t_wo + t_wo_cam
-0.255292 1.12501 0.0799576
Time
1558541124539
Theta
-1.5708
t_GA - R_GA * R_AB * t_BA
-0.265866 1.1228 0.0801698
t_wo + t_wo_cam
-0.265866 1.1228 0.0801698
Time
1558541124563
Theta
-1.5708
t_GA - R_GA * R_AB * t_BA
-0.265866 1.1228 0.0801698
t_wo + t_wo_cam
-0.265866 1.1228 0.0801698
Time
1558541124588
Theta
-1.5708
t_GA - R_GA * R_AB * t_BA
-0.265866 1.1228 0.0801698
t_wo + t_wo_cam
-0.265866 1.1228 0.0801698
Time
1558541124612
Theta
-1.5708
t_GA - R_GA * R_AB * t_BA
-0.262828 1.12333 0.088364
t_wo + t_wo_cam
-0.265866 1.1228 0.0801698
Time
1558541124633
Theta
-1.5708
t_GA - R_GA * R_AB * t_BA
-0.262828 1.12333 0.088364
t_wo + t_wo_cam
-0.262828 1.12333 0.088364
Time
1558541124657
Theta
-1.5708
t_GA - R_GA * R_AB * t_BA
-0.262828 1.12333 0.088364
t_wo + t_wo_cam
-0.262828 1.12333 0.088364
Time
1558541124682
Theta
-1.5708
t_GA - R_GA * R_AB * t_BA
-0.250913 1.12699 0.0723118
t_wo + t_wo_cam
-0.262828 1.12333 0.088364
Time
1558541124706
Theta
-1.5708
t_GA - R_GA * R_AB * t_BA
-0.250913 1.12699 0.0723118
t_wo + t_wo_cam
-0.250913 1.12699 0.0723118
Time
1558541124731
Theta
-1.5708
t_GA - R_GA * R_AB * t_BA
-0.250913 1.12699 0.0723118
t_wo + t_wo_cam
-0.250913 1.12699 0.0723118
Time
1558541124756
Theta
-1.5708
t_GA - R_GA * R_AB * t_BA
-0.250913 1.12699 0.0723118
t_wo + t_wo_cam
-0.250913 1.12699 0.0723118
Time
1558541124776
Theta
-1.5708
t_GA - R_GA * R_AB * t_BA
-0.251599 1.12107 0.0701827
t_wo + t_wo_cam
-0.250913 1.12699 0.0723118
Time
1558541124801
Theta
-1.5708
t_GA - R_GA * R_AB * t_BA
-0.251599 1.12107 0.0701827
t_wo + t_wo_cam
-0.251599 1.12107 0.0701827
Time
1558541124825
Theta
-1.5708
t_GA - R_GA * R_AB * t_BA
-0.251599 1.12107 0.0701827
t_wo + t_wo_cam
-0.251599 1.12107 0.0701827
Time
1558541124850
Theta
-1.5708
t_GA - R_GA * R_AB * t_BA
-0.272957 1.10927 0.0532694
t_wo + t_wo_cam
-0.251599 1.12107 0.0701827
Time
1558541124874
Theta
-1.5708
t_GA - R_GA * R_AB * t_BA
-0.272957 1.10927 0.0532694
t_wo + t_wo_cam
-0.272957 1.10927 0.0532694
Time
1558541124899
Theta
-1.5708
t_GA - R_GA * R_AB * t_BA
-0.272957 1.10927 0.0532694
t_wo + t_wo_cam
-0.272957 1.10927 0.0532694
Time
1558541124919
Theta
-1.5708
t_GA - R_GA * R_AB * t_BA
-0.272957 1.10927 0.0532694
t_wo + t_wo_cam
-0.272957 1.10927 0.0532694
Time
1558541124944
Theta
-1.5708
t_GA - R_GA * R_AB * t_BA
-0.283245 1.09499 0.0193175
t_wo + t_wo_cam
-0.272957 1.10927 0.0532694
Time
1558541124969
Theta
-1.5708
t_GA - R_GA * R_AB * t_BA
-0.283245 1.09499 0.0193175
t_wo + t_wo_cam
-0.283245 1.09499 0.0193175
Time
1558541124993
Theta
-1.5708
t_GA - R_GA * R_AB * t_BA
-0.283245 1.09499 0.0193175
t_wo + t_wo_cam
-0.283245 1.09499 0.0193175
Time
1558541125018
Theta
-1.5708
t_GA - R_GA * R_AB * t_BA
-0.251845 1.08445 -0.0363532
t_wo + t_wo_cam
-0.283245 1.09499 0.0193175
Time
1558541125042
Theta
-1.5708
t_GA - R_GA * R_AB * t_BA
-0.251845 1.08445 -0.0363532
t_wo + t_wo_cam
-0.251845 1.08445 -0.0363532
Time
1558541125063
Theta
-1.5708
t_GA - R_GA * R_AB * t_BA
-0.251845 1.08445 -0.0363532
t_wo + t_wo_cam
-0.251845 1.08445 -0.0363532
Time
1558541125087
Theta
-1.5708
t_GA - R_GA * R_AB * t_BA
-0.21679 1.04686 -0.0238415
t_wo + t_wo_cam
-0.251845 1.08445 -0.0363532
Time
1558541125112
Theta
-1.5708
t_GA - R_GA * R_AB * t_BA
-0.21679 1.04686 -0.0238415
t_wo + t_wo_cam
-0.21679 1.04686 -0.0238415
Time
1558541125137
Theta
-1.5708
t_GA - R_GA * R_AB * t_BA
-0.21679 1.04686 -0.0238415
t_wo + t_wo_cam
-0.21679 1.04686 -0.0238415
Time
1558541125161
Theta
-1.5708
t_GA - R_GA * R_AB * t_BA
-0.21679 1.04686 -0.0238415
t_wo + t_wo_cam
-0.21679 1.04686 -0.0238415
Time
1558541125186
Theta
-1.5708
t_GA - R_GA * R_AB * t_BA
-0.174297 1.02975 -0.0229881
t_wo + t_wo_cam
-0.21679 1.04686 -0.0238415
Time
1558541125210
Theta
-1.5708
t_GA - R_GA * R_AB * t_BA
-0.174297 1.02975 -0.0229881
t_wo + t_wo_cam
-0.174297 1.02975 -0.0229881
Time
1558541125231
Theta
-1.5708
t_GA - R_GA * R_AB * t_BA
-0.174297 1.02975 -0.0229881
t_wo + t_wo_cam
-0.174297 1.02975 -0.0229881
Time
1558541125255
Theta
-1.5708
t_GA - R_GA * R_AB * t_BA
-0.174297 1.02975 -0.0229881
t_wo + t_wo_cam
-0.174297 1.02975 -0.0229881
Time
1558541125280
Theta
-1.5708
t_GA - R_GA * R_AB * t_BA
-0.169707 1.00559 -0.030922
t_wo + t_wo_cam
-0.174297 1.02975 -0.0229881
Time
1558541125304
Theta
-1.5708
t_GA - R_GA * R_AB * t_BA
-0.169707 1.00559 -0.030922
t_wo + t_wo_cam
-0.169707 1.00559 -0.030922
Time
1558541125329
Theta
-1.5708
t_GA - R_GA * R_AB * t_BA
-0.169707 1.00559 -0.030922
t_wo + t_wo_cam
-0.169707 1.00559 -0.030922
Time
1558541125354
Theta
-1.5708
t_GA - R_GA * R_AB * t_BA
-0.169707 1.00559 -0.030922
t_wo + t_wo_cam
-0.169707 1.00559 -0.030922
Time
1558541125374
Theta
-1.5708
t_GA - R_GA * R_AB * t_BA
-0.17558 0.98149 -0.00212348
t_wo + t_wo_cam
-0.169707 1.00559 -0.030922
Time
1558541125399
Theta
-1.5708
t_GA - R_GA * R_AB * t_BA
-0.17558 0.98149 -0.00212348
t_wo + t_wo_cam
-0.17558 0.98149 -0.00212348
Time
1558541125423
Theta
-1.5708
t_GA - R_GA * R_AB * t_BA
-0.17558 0.98149 -0.00212348
t_wo + t_wo_cam
-0.17558 0.98149 -0.00212348
Time
1558541125448
Theta
-1.5708
t_GA - R_GA * R_AB * t_BA
-0.176997 0.938023 0.0112514
t_wo + t_wo_cam
-0.17558 0.98149 -0.00212348
Time
1558541125472
Theta
-1.5708
t_GA - R_GA * R_AB * t_BA
-0.176997 0.938023 0.0112514
t_wo + t_wo_cam
-0.176997 0.938023 0.0112514
Time
1558541125497
Theta
-1.5708
t_GA - R_GA * R_AB * t_BA
-0.176997 0.938023 0.0112514
t_wo + t_wo_cam
-0.176997 0.938023 0.0112514
Time
1558541125517
Theta
-1.5708
t_GA - R_GA * R_AB * t_BA
-0.176997 0.938023 0.0112514
t_wo + t_wo_cam
-0.176997 0.938023 0.0112514
Time
1558541125542
Theta
-1.5708
t_GA - R_GA * R_AB * t_BA
-0.177885 0.91954 0.0206885
t_wo + t_wo_cam
-0.176997 0.938023 0.0112514
Time
1558541125567
Theta
-1.5708
t_GA - R_GA * R_AB * t_BA
-0.177885 0.91954 0.0206885
t_wo + t_wo_cam
-0.177885 0.91954 0.0206885
Time
1558541125591
Theta
-1.5708
t_GA - R_GA * R_AB * t_BA
-0.177885 0.91954 0.0206885
t_wo + t_wo_cam
-0.177885 0.91954 0.0206885
Time
1558541125616
Theta
-1.5708
t_GA - R_GA * R_AB * t_BA
-0.168688 0.904869 0.0247243
t_wo + t_wo_cam
-0.177885 0.91954 0.0206885
Time
1558541125640
Theta
-1.5708
t_GA - R_GA * R_AB * t_BA
-0.168688 0.904869 0.0247243
t_wo + t_wo_cam
-0.168688 0.904869 0.0247243
Time
1558541125661
Theta
-1.5708
t_GA - R_GA * R_AB * t_BA
-0.168688 0.904869 0.0247243
t_wo + t_wo_cam
-0.168688 0.904869 0.0247243
Time
1558541125685
Theta
-1.5708
t_GA - R_GA * R_AB * t_BA
-0.187555 0.87429 0.0472864
t_wo + t_wo_cam
-0.168688 0.904869 0.0247243
Time
1558541125710
Theta
-1.5708
t_GA - R_GA * R_AB * t_BA
-0.187555 0.87429 0.0472864
t_wo + t_wo_cam
-0.187555 0.87429 0.0472864
Time
1558541125736
Theta
-1.5708
t_GA - R_GA * R_AB * t_BA
-0.187555 0.87429 0.0472864
t_wo + t_wo_cam
-0.187555 0.87429 0.0472864
Time
1558541125759
Theta
-1.5708
t_GA - R_GA * R_AB * t_BA
-0.187555 0.87429 0.0472864
t_wo + t_wo_cam
-0.187555 0.87429 0.0472864
Time
1558541125784
Theta
-1.5708
t_GA - R_GA * R_AB * t_BA
-0.196906 0.861951 0.061733
t_wo + t_wo_cam
-0.187555 0.87429 0.0472864
Time
1558541125804
Theta
-1.5708
t_GA - R_GA * R_AB * t_BA
-0.196906 0.861951 0.061733
t_wo + t_wo_cam
-0.196906 0.861951 0.061733
Time
1558541125829
Theta
-1.5708
t_GA - R_GA * R_AB * t_BA
-0.196906 0.861951 0.061733
t_wo + t_wo_cam
-0.196906 0.861951 0.061733
Time
1558541125853
Theta
-1.5708
t_GA - R_GA * R_AB * t_BA
-0.205372 0.852983 0.077182
t_wo + t_wo_cam
-0.196906 0.861951 0.061733
Time
1558541125878
Theta
-1.5708
t_GA - R_GA * R_AB * t_BA
-0.205372 0.852983 0.077182
t_wo + t_wo_cam
-0.205372 0.852983 0.077182
Time
1558541125902
Theta
-1.5708
t_GA - R_GA * R_AB * t_BA
-0.205372 0.852983 0.077182
t_wo + t_wo_cam
-0.205372 0.852983 0.077182
Time
1558541125927
Theta
-1.5708
t_GA - R_GA * R_AB * t_BA
-0.205372 0.852983 0.077182
t_wo + t_wo_cam
-0.205372 0.852983 0.077182
Time
1558541125948
Theta
-1.5708
t_GA - R_GA * R_AB * t_BA
-0.221631 0.8475 0.085883
t_wo + t_wo_cam
-0.205372 0.852983 0.077182
Time
1558541125972
Theta
-1.5708
t_GA - R_GA * R_AB * t_BA
-0.221631 0.8475 0.085883
t_wo + t_wo_cam
-0.221631 0.8475 0.085883
Time
1558541125997
Theta
-1.5708
t_GA - R_GA * R_AB * t_BA
-0.221631 0.8475 0.085883
t_wo + t_wo_cam
-0.221631 0.8475 0.085883
Time
1558541126021
Theta
-1.5708
t_GA - R_GA * R_AB * t_BA
-0.198567 0.864972 0.0912473
t_wo + t_wo_cam
-0.221631 0.8475 0.085883
Time
1558541126046
Theta
-1.5708
t_GA - R_GA * R_AB * t_BA
-0.198567 0.864972 0.0912473
t_wo + t_wo_cam
-0.198567 0.864972 0.0912473
Time
1558541126070
Theta
-1.5708
t_GA - R_GA * R_AB * t_BA
-0.198567 0.864972 0.0912473
t_wo + t_wo_cam
-0.198567 0.864972 0.0912473
Time
1558541126091
Theta
-1.5708
t_GA - R_GA * R_AB * t_BA
-0.224895 0.870217 0.0993441
t_wo + t_wo_cam
-0.198567 0.864972 0.0912473
Time
1558541126115
Theta
-1.5708
t_GA - R_GA * R_AB * t_BA
-0.224895 0.870217 0.0993441
t_wo + t_wo_cam
-0.224895 0.870217 0.0993441
Time
1558541126140
Theta
-1.5708
t_GA - R_GA * R_AB * t_BA
-0.224895 0.870217 0.0993441
t_wo + t_wo_cam
-0.224895 0.870217 0.0993441
Time
1558541126165
Theta
-1.5708
t_GA - R_GA * R_AB * t_BA
-0.224895 0.870217 0.0993441
t_wo + t_wo_cam
-0.224895 0.870217 0.0993441
Time
1558541126189
Theta
-1.5708
t_GA - R_GA * R_AB * t_BA
-0.229187 0.88758 0.107213
t_wo + t_wo_cam
-0.224895 0.870217 0.0993441
Time
1558541126214
Theta
-1.5708
t_GA - R_GA * R_AB * t_BA
-0.229187 0.88758 0.107213
t_wo + t_wo_cam
-0.229187 0.88758 0.107213
Time
1558541126238
Theta
-1.5708
t_GA - R_GA * R_AB * t_BA
-0.229187 0.88758 0.107213
t_wo + t_wo_cam
-0.229187 0.88758 0.107213
Time
1558541126259
Theta
-1.5708
t_GA - R_GA * R_AB * t_BA
-0.230332 0.912052 0.126008
t_wo + t_wo_cam
-0.229187 0.88758 0.107213
Time
1558541126283
Theta
-1.5708
t_GA - R_GA * R_AB * t_BA
-0.230332 0.912052 0.126008
t_wo + t_wo_cam
-0.230332 0.912052 0.126008
Time
1558541126308
Theta
-1.5708
t_GA - R_GA * R_AB * t_BA
-0.230332 0.912052 0.126008
t_wo + t_wo_cam
-0.230332 0.912052 0.126008
Time
1558541126332
Theta
-1.5708
t_GA - R_GA * R_AB * t_BA
-0.230332 0.912052 0.126008
t_wo + t_wo_cam
-0.230332 0.912052 0.126008
Time
1558541126357
Theta
-1.5708
t_GA - R_GA * R_AB * t_BA
-0.228605 0.993913 0.0916588
t_wo + t_wo_cam
-0.230332 0.912052 0.126008
Time
1558541126382
Theta
-1.5708
t_GA - R_GA * R_AB * t_BA
-0.228605 0.993913 0.0916588
t_wo + t_wo_cam
-0.228605 0.993913 0.0916588
Time
1558541126402
Theta
-1.5708
t_GA - R_GA * R_AB * t_BA
-0.228605 0.993913 0.0916588
t_wo + t_wo_cam
-0.228605 0.993913 0.0916588
Time
1558541126427
Theta
-1.5708
t_GA - R_GA * R_AB * t_BA
-0.206218 1.04261 0.090295
t_wo + t_wo_cam
-0.228605 0.993913 0.0916588
Time
1558541126451
Theta
-1.5708
t_GA - R_GA * R_AB * t_BA
-0.206218 1.04261 0.090295
t_wo + t_wo_cam
-0.206218 1.04261 0.090295
Time
1558541126476
Theta
-1.5708
t_GA - R_GA * R_AB * t_BA
-0.206218 1.04261 0.090295
t_wo + t_wo_cam
-0.206218 1.04261 0.090295
Time
1558541126500
Theta
-1.5708
t_GA - R_GA * R_AB * t_BA
-0.206218 1.04261 0.090295
t_wo + t_wo_cam
-0.206218 1.04261 0.090295
Time
1558541126525
Theta
-1.5708
t_GA - R_GA * R_AB * t_BA
-0.19086 1.09021 0.0816668
t_wo + t_wo_cam
-0.206218 1.04261 0.090295
Time
1558541126545
Theta
-1.5708
t_GA - R_GA * R_AB * t_BA
-0.19086 1.09021 0.0816668
t_wo + t_wo_cam
-0.19086 1.09021 0.0816668
Time
1558541126570
Theta
-1.5708
t_GA - R_GA * R_AB * t_BA
-0.19086 1.09021 0.0816668
t_wo + t_wo_cam
-0.19086 1.09021 0.0816668
Time
1558541126595
Theta
-1.5708
t_GA - R_GA * R_AB * t_BA
-0.179189 1.1837 0.0358782
t_wo + t_wo_cam
-0.19086 1.09021 0.0816668
Time
1558541126619
Theta
-1.5708
t_GA - R_GA * R_AB * t_BA
-0.179189 1.1837 0.0358782
t_wo + t_wo_cam
-0.179189 1.1837 0.0358782
Time
1558541126644
Theta
-1.5708
t_GA - R_GA * R_AB * t_BA
-0.179189 1.1837 0.0358782
t_wo + t_wo_cam
-0.179189 1.1837 0.0358782
Time
1558541126668
Theta
-1.5708
t_GA - R_GA * R_AB * t_BA
-0.179189 1.1837 0.0358782
t_wo + t_wo_cam
-0.179189 1.1837 0.0358782
Time
1558541126689
Theta
-1.5708
t_GA - R_GA * R_AB * t_BA
-0.232316 1.21451 0.0285697
t_wo + t_wo_cam
-0.179189 1.1837 0.0358782
Time
1558541126713
Theta
-1.5708
t_GA - R_GA * R_AB * t_BA
-0.232316 1.21451 0.0285697
t_wo + t_wo_cam
-0.232316 1.21451 0.0285697
Time
1558541126738
Theta
-1.5708
t_GA - R_GA * R_AB * t_BA
-0.232316 1.21451 0.0285697
t_wo + t_wo_cam
-0.232316 1.21451 0.0285697
Time
1558541126763
Theta
-1.5708
t_GA - R_GA * R_AB * t_BA
-0.301104 1.23121 -0.00333068
t_wo + t_wo_cam
-0.232316 1.21451 0.0285697
Time
1558541126787
Theta
-1.5708
t_GA - R_GA * R_AB * t_BA
-0.301104 1.23121 -0.00333068
t_wo + t_wo_cam
-0.301104 1.23121 -0.00333068
Time
1558541126812
Theta
-1.5708
t_GA - R_GA * R_AB * t_BA
-0.301104 1.23121 -0.00333068
t_wo + t_wo_cam
-0.301104 1.23121 -0.00333068
Time
1558541126832
Theta
-1.5708
t_GA - R_GA * R_AB * t_BA
-0.301104 1.23121 -0.00333068
t_wo + t_wo_cam
-0.301104 1.23121 -0.00333068
Time
1558541126857
Theta
-1.5708
t_GA - R_GA * R_AB * t_BA
-0.330287 1.24486 -0.0220906
t_wo + t_wo_cam
-0.301104 1.23121 -0.00333068
Time
1558541126881
Theta
-1.5708
t_GA - R_GA * R_AB * t_BA
-0.330287 1.24486 -0.0220906
t_wo + t_wo_cam
-0.330287 1.24486 -0.0220906
Time
1558541126906
Theta
-1.5708
t_GA - R_GA * R_AB * t_BA
-0.330287 1.24486 -0.0220906
t_wo + t_wo_cam
-0.330287 1.24486 -0.0220906
Time
1558541126930
Theta
-1.5708
t_GA - R_GA * R_AB * t_BA
-0.330287 1.24486 -0.0220906
t_wo + t_wo_cam
-0.330287 1.24486 -0.0220906
Time
1558541126955
Theta
-1.5708
t_GA - R_GA * R_AB * t_BA
-0.330287 1.24486 -0.0220906
t_wo + t_wo_cam
-0.330287 1.24486 -0.0220906
Time
1558541126976
Theta
-1.5708
t_GA - R_GA * R_AB * t_BA
-0.330287 1.24486 -0.0220906
t_wo + t_wo_cam
-0.330287 1.24486 -0.0220906
Time
1558541127000
Theta
-1.5708
t_GA - R_GA * R_AB * t_BA
-0.330287 1.24486 -0.0220906
t_wo + t_wo_cam
-0.330287 1.24486 -0.0220906
Time
1558541127025
Theta
-1.5708
t_GA - R_GA * R_AB * t_BA
-0.899868 0.820617 -0.324792
t_wo + t_wo_cam
-0.330287 1.24486 -0.0220906
Time
1558541127049
Theta
-1.5708
t_GA - R_GA * R_AB * t_BA
-0.899868 0.820617 -0.324792
t_wo + t_wo_cam
-0.899868 0.820617 -0.324792
Time
1558541127074
Theta
-1.5708
t_GA - R_GA * R_AB * t_BA
-0.899868 0.820617 -0.324792
t_wo + t_wo_cam
-0.899868 0.820617 -0.324792
Time
1558541127098
Theta
-1.5708
t_GA - R_GA * R_AB * t_BA
-0.899868 0.820617 -0.324792
t_wo + t_wo_cam
-0.899868 0.820617 -0.324792
Time
1558541127119
Theta
-1.5708
t_GA - R_GA * R_AB * t_BA
-0.899868 0.820617 -0.324792
t_wo + t_wo_cam
-0.899868 0.820617 -0.324792
Time
1558541127143
Theta
-1.5708
t_GA - R_GA * R_AB * t_BA
-0.899868 0.820617 -0.324792
t_wo + t_wo_cam
-0.899868 0.820617 -0.324792
Time
1558541127168
Theta
-1.5708
t_GA - R_GA * R_AB * t_BA
-0.899868 0.820617 -0.324792
t_wo + t_wo_cam
-0.899868 0.820617 -0.324792
Time
1558541127193
Theta
-1.5708
t_GA - R_GA * R_AB * t_BA
-0.870193 0.412711 -0.792833
t_wo + t_wo_cam
-0.899868 0.820617 -0.324792
Time
1558541127217
Theta
-1.5708
t_GA - R_GA * R_AB * t_BA
-0.870193 0.412711 -0.792833
t_wo + t_wo_cam
-0.870193 0.412711 -0.792833
Time
1558541127242
Theta
-1.5708
t_GA - R_GA * R_AB * t_BA
-0.870193 0.412711 -0.792833
t_wo + t_wo_cam
-0.870193 0.412711 -0.792833
Time
1558541127262
Theta
-1.5708
t_GA - R_GA * R_AB * t_BA
-0.870193 0.412711 -0.792833
t_wo + t_wo_cam
-0.870193 0.412711 -0.792833
Time
1558541127287
Theta
-1.5708
t_GA - R_GA * R_AB * t_BA
-0.870193 0.412711 -0.792833
t_wo + t_wo_cam
-0.870193 0.412711 -0.792833
Time
1558541127311
Theta
-1.5708
t_GA - R_GA * R_AB * t_BA
-0.870193 0.412711 -0.792833
t_wo + t_wo_cam
-0.870193 0.412711 -0.792833
Time
1558541127336
Theta
-1.5708
t_GA - R_GA * R_AB * t_BA
-0.870193 0.412711 -0.792833
t_wo + t_wo_cam
-0.870193 0.412711 -0.792833
Time
1558541127361
Theta
-1.5708
t_GA - R_GA * R_AB * t_BA
-0.870193 0.412711 -0.792833
t_wo + t_wo_cam
-0.870193 0.412711 -0.792833
Time
1558541127385
Theta
-1.5708
t_GA - R_GA * R_AB * t_BA
-0.870193 0.412711 -0.792833
t_wo + t_wo_cam
-0.870193 0.412711 -0.792833
Time
1558541127410
Theta
-1.5708
t_GA - R_GA * R_AB * t_BA
-0.870193 0.412711 -0.792833
t_wo + t_wo_cam
-0.870193 0.412711 -0.792833
Time
1558541127430
Theta
-1.5708
t_GA - R_GA * R_AB * t_BA
-0.870193 0.412711 -0.792833
t_wo + t_wo_cam
-0.870193 0.412711 -0.792833
Time
1558541127455
Theta
-1.5708
t_GA - R_GA * R_AB * t_BA
-0.870193 0.412711 -0.792833
t_wo + t_wo_cam
-0.870193 0.412711 -0.792833
Time
1558541127479
Theta
-1.5708
t_GA - R_GA * R_AB * t_BA
-0.870193 0.412711 -0.792833
t_wo + t_wo_cam
-0.870193 0.412711 -0.792833
Time
1558541127504
Theta
-1.5708
t_GA - R_GA * R_AB * t_BA
-0.870193 0.412711 -0.792833
t_wo + t_wo_cam
-0.870193 0.412711 -0.792833
Time
1558541127528
Theta
-1.5708
t_GA - R_GA * R_AB * t_BA
-0.870193 0.412711 -0.792833
t_wo + t_wo_cam
-0.870193 0.412711 -0.792833
Time
1558541127553
Theta
-1.5708
t_GA - R_GA * R_AB * t_BA
-0.870193 0.412711 -0.792833
t_wo + t_wo_cam
-0.870193 0.412711 -0.792833
Time
1558541127574
Theta
-1.5708
t_GA - R_GA * R_AB * t_BA
-0.870193 0.412711 -0.792833
t_wo + t_wo_cam
-0.870193 0.412711 -0.792833
Time
1558541127598
Theta
-1.5708
t_GA - R_GA * R_AB * t_BA
-0.870193 0.412711 -0.792833
t_wo + t_wo_cam
-0.870193 0.412711 -0.792833
Time
1558541127623
Theta
-1.5708
t_GA - R_GA * R_AB * t_BA
-0.870193 0.412711 -0.792833
t_wo + t_wo_cam
-0.870193 0.412711 -0.792833
Time
1558541127647
Theta
-1.5708
t_GA - R_GA * R_AB * t_BA
-0.870193 0.412711 -0.792833
t_wo + t_wo_cam
-0.870193 0.412711 -0.792833
Time
1558541127672
Theta
-1.5708
t_GA - R_GA * R_AB * t_BA
-0.870193 0.412711 -0.792833
t_wo + t_wo_cam
-0.870193 0.412711 -0.792833
Time
1558541127696
Theta
-1.5708
t_GA - R_GA * R_AB * t_BA
-0.870193 0.412711 -0.792833
t_wo + t_wo_cam
-0.870193 0.412711 -0.792833
Time
1558541127717
Theta
-1.5708
t_GA - R_GA * R_AB * t_BA
-0.870193 0.412711 -0.792833
t_wo + t_wo_cam
-0.870193 0.412711 -0.792833
Time
1558541127741
Theta
-1.5708
t_GA - R_GA * R_AB * t_BA
-0.870193 0.412711 -0.792833
t_wo + t_wo_cam
-0.870193 0.412711 -0.792833
Time
1558541127766
Theta
-1.5708
t_GA - R_GA * R_AB * t_BA
-0.870193 0.412711 -0.792833
t_wo + t_wo_cam
-0.870193 0.412711 -0.792833
Time
1558541127791
Theta
-1.5708
t_GA - R_GA * R_AB * t_BA
-0.870193 0.412711 -0.792833
t_wo + t_wo_cam
-0.870193 0.412711 -0.792833
Time
1558541127815
Theta
-1.5708
t_GA - R_GA * R_AB * t_BA
-0.870193 0.412711 -0.792833
t_wo + t_wo_cam
-0.870193 0.412711 -0.792833
Time
1558541127840
Theta
-1.5708
t_GA - R_GA * R_AB * t_BA
-0.870193 0.412711 -0.792833
t_wo + t_wo_cam
-0.870193 0.412711 -0.792833
Time
1558541127860
Theta
-1.5708
t_GA - R_GA * R_AB * t_BA
-0.870193 0.412711 -0.792833
t_wo + t_wo_cam
-0.870193 0.412711 -0.792833
Time
1558541127885
Theta
-1.5708
t_GA - R_GA * R_AB * t_BA
-0.870193 0.412711 -0.792833
t_wo + t_wo_cam
-0.870193 0.412711 -0.792833
Time
1558541127909
Theta
-1.5708
t_GA - R_GA * R_AB * t_BA
-0.870193 0.412711 -0.792833
t_wo + t_wo_cam
-0.870193 0.412711 -0.792833
Time
1558541127934
Theta
-1.5708
t_GA - R_GA * R_AB * t_BA
-0.870193 0.412711 -0.792833
t_wo + t_wo_cam
-0.870193 0.412711 -0.792833
Time
1558541127959
Theta
-1.5708
t_GA - R_GA * R_AB * t_BA
-0.870193 0.412711 -0.792833
t_wo + t_wo_cam
-0.870193 0.412711 -0.792833
Time
1558541127983
Theta
-1.5708
t_GA - R_GA * R_AB * t_BA
-0.870193 0.412711 -0.792833
t_wo + t_wo_cam
-0.870193 0.412711 -0.792833
Time
1558541128004
Theta
-1.5708
t_GA - R_GA * R_AB * t_BA
-0.870193 0.412711 -0.792833
t_wo + t_wo_cam
-0.870193 0.412711 -0.792833
Time
1558541128028
Theta
-1.5708
t_GA - R_GA * R_AB * t_BA
-0.870193 0.412711 -0.792833
t_wo + t_wo_cam
-0.870193 0.412711 -0.792833
Time
1558541128053
Theta
-1.5708
t_GA - R_GA * R_AB * t_BA
-0.870193 0.412711 -0.792833
t_wo + t_wo_cam
-0.870193 0.412711 -0.792833
Time
1558541128077
Theta
-1.5708
t_GA - R_GA * R_AB * t_BA
-0.870193 0.412711 -0.792833
t_wo + t_wo_cam
-0.870193 0.412711 -0.792833
Time
1558541128102
Theta
-1.5708
t_GA - R_GA * R_AB * t_BA
-0.870193 0.412711 -0.792833
t_wo + t_wo_cam
-0.870193 0.412711 -0.792833
Time
1558541128126
Theta
-1.5708
t_GA - R_GA * R_AB * t_BA
-0.870193 0.412711 -0.792833
t_wo + t_wo_cam
-0.870193 0.412711 -0.792833
Time
1558541128147
Theta
-1.5708
t_GA - R_GA * R_AB * t_BA
-0.870193 0.412711 -0.792833
t_wo + t_wo_cam
-0.870193 0.412711 -0.792833
Time
1558541128172
Theta
-1.5708
t_GA - R_GA * R_AB * t_BA
-0.870193 0.412711 -0.792833
t_wo + t_wo_cam
-0.870193 0.412711 -0.792833
Time
1558541128196
Theta
-1.5708
t_GA - R_GA * R_AB * t_BA
-0.870193 0.412711 -0.792833
t_wo + t_wo_cam
-0.870193 0.412711 -0.792833
Time
1558541128221
Theta
-1.5708
t_GA - R_GA * R_AB * t_BA
-0.870193 0.412711 -0.792833
t_wo + t_wo_cam
-0.870193 0.412711 -0.792833
Time
1558541128245
Theta
-1.5708
t_GA - R_GA * R_AB * t_BA
-0.870193 0.412711 -0.792833
t_wo + t_wo_cam
-0.870193 0.412711 -0.792833
Time
1558541128270
Theta
-1.5708
t_GA - R_GA * R_AB * t_BA
-0.870193 0.412711 -0.792833
t_wo + t_wo_cam
-0.870193 0.412711 -0.792833
Time
1558541128290
Theta
-1.5708
t_GA - R_GA * R_AB * t_BA
-0.870193 0.412711 -0.792833
t_wo + t_wo_cam
-0.870193 0.412711 -0.792833
Time
1558541128315
Theta
-1.5708
t_GA - R_GA * R_AB * t_BA
-0.870193 0.412711 -0.792833
t_wo + t_wo_cam
-0.870193 0.412711 -0.792833
Time
1558541128339
Theta
-1.5708
t_GA - R_GA * R_AB * t_BA
-0.870193 0.412711 -0.792833
t_wo + t_wo_cam
-0.870193 0.412711 -0.792833
Time
1558541128364
Theta
-1.5708
t_GA - R_GA * R_AB * t_BA
-0.870193 0.412711 -0.792833
t_wo + t_wo_cam
-0.870193 0.412711 -0.792833
Time
1558541128389
Theta
-1.5708
t_GA - R_GA * R_AB * t_BA
-0.870193 0.412711 -0.792833
t_wo + t_wo_cam
-0.870193 0.412711 -0.792833
Time
1558541128413
Theta
-1.5708
