t_GA - R_GA * R_AB * t_BA
0 0 0
t_wo + t_wo_cam
0.9 0 0
Time
1558555784193
Theta
0
t_GA - R_GA * R_AB * t_BA
0 0 0
t_wo + t_wo_cam
0.9 0 0
Time
1558555784193
Theta
0
t_GA - R_GA * R_AB * t_BA
0 0 0
t_wo + t_wo_cam
0.9 0 0
Time
1558555784193
Theta
0
t_GA - R_GA * R_AB * t_BA
0 0 0
t_wo + t_wo_cam
0.9 0 0
Time
1558555784194
Theta
0
t_GA - R_GA * R_AB * t_BA
0 0 0
t_wo + t_wo_cam
0.9 0 0
Time
1558555784194
Theta
0
t_GA - R_GA * R_AB * t_BA
0 0 0
t_wo + t_wo_cam
0.9 0 0
Time
1558555784194
Theta
0
t_GA - R_GA * R_AB * t_BA
0 0 0
t_wo + t_wo_cam
0.9 0 0
Time
1558555784194
Theta
0
t_GA - R_GA * R_AB * t_BA
0 0 0
t_wo + t_wo_cam
0.9 0 0
Time
1558555784194
Theta
0
t_GA - R_GA * R_AB * t_BA
0 0 0
t_wo + t_wo_cam
0.9 0 0
Time
1558555784194
Theta
0
t_GA - R_GA * R_AB * t_BA
0 0 0
t_wo + t_wo_cam
0.9 0 0
Time
1558555784194
Theta
0
t_GA - R_GA * R_AB * t_BA
0 0 0
t_wo + t_wo_cam
0.9 0 0
Time
1558555784194
Theta
0
t_GA - R_GA * R_AB * t_BA
0 0 0
t_wo + t_wo_cam
0.9 0 0
Time
1558555784194
Theta
0
t_GA - R_GA * R_AB * t_BA
0 0 0
t_wo + t_wo_cam
0.9 0 0
Time
1558555784210
Theta
0
t_GA - R_GA * R_AB * t_BA
0 0 0
t_wo + t_wo_cam
0.9 0 0
Time
1558555784230
Theta
0
t_GA - R_GA * R_AB * t_BA
0 0 0
t_wo + t_wo_cam
0.9 0 0
Time
1558555784251
Theta
0
t_GA - R_GA * R_AB * t_BA
0 0 0
t_wo + t_wo_cam
0.9 0 0
Time
1558555784275
Theta
0
t_GA - R_GA * R_AB * t_BA
0 0 0
t_wo + t_wo_cam
0.9 0 0
Time
1558555784296
Theta
0
t_GA - R_GA * R_AB * t_BA
0 0 0
t_wo + t_wo_cam
0.9 0 0
Time
1558555784316
Theta
0
t_GA - R_GA * R_AB * t_BA
0 0 0
t_wo + t_wo_cam
0.9 0 0
Time
1558555784341
Theta
0
t_GA - R_GA * R_AB * t_BA
0 0 0
t_wo + t_wo_cam
0.9 0 0
Time
1558555784361
Theta
0
t_GA - R_GA * R_AB * t_BA
0 0 0
t_wo + t_wo_cam
0.9 0 0
Time
1558555784382
Theta
0
t_GA - R_GA * R_AB * t_BA
0 0 0
t_wo + t_wo_cam
0.9 0 0
Time
1558555784406
Theta
0
t_GA - R_GA * R_AB * t_BA
0 0 0
t_wo + t_wo_cam
0.9 0 0
Time
1558555784427
Theta
0
t_GA - R_GA * R_AB * t_BA
0 0 0
t_wo + t_wo_cam
0.9 0 0
Time
1558555784447
Theta
0
t_GA - R_GA * R_AB * t_BA
0 0 0
t_wo + t_wo_cam
0.9 0 0
Time
1558555784472
Theta
0
t_GA - R_GA * R_AB * t_BA
0 0 0
t_wo + t_wo_cam
0.9 0 0
Time
1558555784492
Theta
0
t_GA - R_GA * R_AB * t_BA
0 0 0
t_wo + t_wo_cam
0.9 0 0
Time
1558555784513
Theta
0
t_GA - R_GA * R_AB * t_BA
0 0 0
t_wo + t_wo_cam
0.9 0 0
Time
1558555784537
Theta
0
t_GA - R_GA * R_AB * t_BA
0 0 0
t_wo + t_wo_cam
0.9 0 0
Time
1558555784558
Theta
0
t_GA - R_GA * R_AB * t_BA
0 0 0
t_wo + t_wo_cam
0.9 0 0
Time
1558555784578
Theta
0
t_GA - R_GA * R_AB * t_BA
0 0 0
t_wo + t_wo_cam
0.9 0 0
Time
1558555784603
Theta
0
t_GA - R_GA * R_AB * t_BA
0 0 0
t_wo + t_wo_cam
0.9 0 0
Time
1558555784623
Theta
0
t_GA - R_GA * R_AB * t_BA
0 0 0
t_wo + t_wo_cam
0.9 0 0
Time
1558555784644
Theta
0
t_GA - R_GA * R_AB * t_BA
0 0 0
t_wo + t_wo_cam
0.9 0 0
Time
1558555784669
Theta
0
t_GA - R_GA * R_AB * t_BA
0 0 0
t_wo + t_wo_cam
0.9 0 0
Time
1558555784689
Theta
0
t_GA - R_GA * R_AB * t_BA
0 0 0
t_wo + t_wo_cam
0.9 0 0
Time
1558555784709
Theta
0
t_GA - R_GA * R_AB * t_BA
0 0 0
t_wo + t_wo_cam
0.9 0 0
Time
1558555784734
Theta
0
t_GA - R_GA * R_AB * t_BA
0 0 0
t_wo + t_wo_cam
0.9 0 0
Time
1558555784755
Theta
0
t_GA - R_GA * R_AB * t_BA
0 0 0
t_wo + t_wo_cam
0.9 0 0
Time
1558555784775
Theta
0
t_GA - R_GA * R_AB * t_BA
0 0 0
t_wo + t_wo_cam
0.9 0 0
Time
1558555784800
Theta
0
t_GA - R_GA * R_AB * t_BA
0 0 0
t_wo + t_wo_cam
0.9 0 0
Time
1558555784820
Theta
0
t_GA - R_GA * R_AB * t_BA
0 0 0
t_wo + t_wo_cam
0.9 0 0
Time
1558555784841
Theta
0
t_GA - R_GA * R_AB * t_BA
0 0 0
t_wo + t_wo_cam
0.9 0 0
Time
1558555784865
Theta
0
t_GA - R_GA * R_AB * t_BA
0 0 0
t_wo + t_wo_cam
0.9 0 0
Time
1558555784886
Theta
0
t_GA - R_GA * R_AB * t_BA
0 0 0
t_wo + t_wo_cam
0.9 0 0
Time
1558555784906
Theta
0
t_GA - R_GA * R_AB * t_BA
0 0 0
t_wo + t_wo_cam
0.9 0 0
Time
1558555784931
Theta
0
t_GA - R_GA * R_AB * t_BA
0 0 0
t_wo + t_wo_cam
0.9 0 0
Time
1558555784951
Theta
0
t_GA - R_GA * R_AB * t_BA
0 0 0
t_wo + t_wo_cam
0.9 0 0
Time
1558555784972
Theta
0
t_GA - R_GA * R_AB * t_BA
0 0 0
t_wo + t_wo_cam
0.9 0 0
Time
1558555784996
Theta
0
t_GA - R_GA * R_AB * t_BA
0 0 0
t_wo + t_wo_cam
0.9 0 0
Time
1558555785017
Theta
0
t_GA - R_GA * R_AB * t_BA
0 0 0
t_wo + t_wo_cam
0.9 0 0
Time
1558555785037
Theta
0
t_GA - R_GA * R_AB * t_BA
0 0 0
t_wo + t_wo_cam
0.9 0 0
Time
1558555785062
Theta
0
t_GA - R_GA * R_AB * t_BA
0 0 0
t_wo + t_wo_cam
0.9 0 0
Time
1558555785082
Theta
0
t_GA - R_GA * R_AB * t_BA
0 0 0
t_wo + t_wo_cam
0.9 0 0
Time
1558555785103
Theta
0
t_GA - R_GA * R_AB * t_BA
0 0 0
t_wo + t_wo_cam
0.9 0 0
Time
1558555785127
Theta
0
t_GA - R_GA * R_AB * t_BA
0 0 0
t_wo + t_wo_cam
0.9 0 0
Time
1558555785148
Theta
0
t_GA - R_GA * R_AB * t_BA
0 0 0
t_wo + t_wo_cam
0.9 0 0
Time
1558555785168
Theta
0
t_GA - R_GA * R_AB * t_BA
0 0 0
t_wo + t_wo_cam
0.9 0 0
Time
1558555785193
Theta
0
t_GA - R_GA * R_AB * t_BA
0 0 0
t_wo + t_wo_cam
0.9 0 0
Time
1558555785213
Theta
0
t_GA - R_GA * R_AB * t_BA
0 0 0
t_wo + t_wo_cam
0.9 0 0
Time
1558555785234
Theta
0
t_GA - R_GA * R_AB * t_BA
0 0 0
t_wo + t_wo_cam
0.9 0 0
Time
1558555785258
Theta
0
t_GA - R_GA * R_AB * t_BA
0 0 0
t_wo + t_wo_cam
0.9 0 0
Time
1558555785279
Theta
0
t_GA - R_GA * R_AB * t_BA
0 0 0
t_wo + t_wo_cam
0.9 0 0
Time
1558555785299
Theta
0
t_GA - R_GA * R_AB * t_BA
0 0 0
t_wo + t_wo_cam
0.9 0 0
Time
1558555785324
Theta
0
t_GA - R_GA * R_AB * t_BA
0 0 0
t_wo + t_wo_cam
0.9 0 0
Time
1558555785344
Theta
0
t_GA - R_GA * R_AB * t_BA
0 0 0
t_wo + t_wo_cam
0.9 0 0
Time
1558555785365
Theta
0
t_GA - R_GA * R_AB * t_BA
0 0 0
t_wo + t_wo_cam
0.9 0 0
Time
1558555785385
Theta
0
t_GA - R_GA * R_AB * t_BA
0 0 0
t_wo + t_wo_cam
0.9 0 0
Time
1558555785410
Theta
0
t_GA - R_GA * R_AB * t_BA
0 0 0
t_wo + t_wo_cam
0.9 0 0
Time
1558555785430
Theta
0
t_GA - R_GA * R_AB * t_BA
0 0 0
t_wo + t_wo_cam
0.9 0 0
Time
1558555785451
Theta
0
t_GA - R_GA * R_AB * t_BA
0 0 0
t_wo + t_wo_cam
0.9 0 0
Time
1558555785475
Theta
0
t_GA - R_GA * R_AB * t_BA
0 0 0
t_wo + t_wo_cam
0.9 0 0
Time
1558555785496
Theta
0
t_GA - R_GA * R_AB * t_BA
0 0 0
t_wo + t_wo_cam
0.9 0 0
Time
1558555785516
Theta
0
t_GA - R_GA * R_AB * t_BA
0 0 0
t_wo + t_wo_cam
0.9 0 0
Time
1558555785541
Theta
0
t_GA - R_GA * R_AB * t_BA
0 0 0
t_wo + t_wo_cam
0.9 0 0
Time
1558555785561
Theta
0
t_GA - R_GA * R_AB * t_BA
0 0 0
t_wo + t_wo_cam
0.9 0 0
Time
1558555785582
Theta
0
t_GA - R_GA * R_AB * t_BA
0 0 0
t_wo + t_wo_cam
0.9 0 0
Time
1558555785606
Theta
0
t_GA - R_GA * R_AB * t_BA
0 0 0
t_wo + t_wo_cam
0.9 0 0
Time
1558555785627
Theta
0
t_GA - R_GA * R_AB * t_BA
0 0 0
t_wo + t_wo_cam
0.9 0 0
Time
1558555785647
Theta
0
t_GA - R_GA * R_AB * t_BA
0 0 0
t_wo + t_wo_cam
0.9 0 0
Time
1558555785672
Theta
0
t_GA - R_GA * R_AB * t_BA
0 0 0
t_wo + t_wo_cam
0.9 0 0
Time
1558555785692
Theta
0
t_GA - R_GA * R_AB * t_BA
0 0 0
t_wo + t_wo_cam
0.9 0 0
Time
1558555785713
Theta
0
t_GA - R_GA * R_AB * t_BA
0 0 0
t_wo + t_wo_cam
0.9 0 0
Time
1558555785738
Theta
0
t_GA - R_GA * R_AB * t_BA
0 0 0
t_wo + t_wo_cam
0.9 0 0
Time
1558555785758
Theta
0
t_GA - R_GA * R_AB * t_BA
0 0 0
t_wo + t_wo_cam
0.9 0 0
Time
1558555785778
Theta
0
t_GA - R_GA * R_AB * t_BA
0 0 0
t_wo + t_wo_cam
0.9 0 0
Time
1558555785803
Theta
0
t_GA - R_GA * R_AB * t_BA
0 0 0
t_wo + t_wo_cam
0.9 0 0
Time
1558555785824
Theta
0
t_GA - R_GA * R_AB * t_BA
0 0 0
t_wo + t_wo_cam
0.9 0 0
Time
1558555785844
Theta
0
t_GA - R_GA * R_AB * t_BA
0 0 0
t_wo + t_wo_cam
0.9 0 0
Time
1558555785869
Theta
0
t_GA - R_GA * R_AB * t_BA
0 0 0
t_wo + t_wo_cam
0.9 0 0
Time
1558555785889
Theta
0
t_GA - R_GA * R_AB * t_BA
0 0 0
t_wo + t_wo_cam
0.9 0 0
Time
1558555785910
Theta
0
t_GA - R_GA * R_AB * t_BA
0 0 0
t_wo + t_wo_cam
0.9 0 0
Time
1558555785934
Theta
0
t_GA - R_GA * R_AB * t_BA
0 0 0
t_wo + t_wo_cam
0.9 0 0
Time
1558555785955
Theta
0
t_GA - R_GA * R_AB * t_BA
0 0 0
t_wo + t_wo_cam
0.9 0 0
Time
1558555785975
Theta
0
t_GA - R_GA * R_AB * t_BA
0 0 0
t_wo + t_wo_cam
0.9 0 0
Time
1558555786000
Theta
0
t_GA - R_GA * R_AB * t_BA
0 0 0
t_wo + t_wo_cam
0.9 0 0
Time
1558555786020
Theta
0
t_GA - R_GA * R_AB * t_BA
0 0 0
t_wo + t_wo_cam
0.9 0 0
Time
1558555786041
Theta
0
t_GA - R_GA * R_AB * t_BA
0 0 0
t_wo + t_wo_cam
0.9 0 0
Time
1558555786065
Theta
0
t_GA - R_GA * R_AB * t_BA
0 0 0
t_wo + t_wo_cam
0.9 0 0
Time
1558555786086
Theta
0
t_GA - R_GA * R_AB * t_BA
0 0 0
t_wo + t_wo_cam
0.9 0 0
Time
1558555786108
Theta
0
t_GA - R_GA * R_AB * t_BA
0 0 0
t_wo + t_wo_cam
0.9 0 0
Time
1558555786131
Theta
0
t_GA - R_GA * R_AB * t_BA
0 0 0
t_wo + t_wo_cam
0.9 0 0
Time
1558555786151
Theta
0
t_GA - R_GA * R_AB * t_BA
0 0 0
t_wo + t_wo_cam
0.9 0 0
Time
1558555786172
Theta
0
t_GA - R_GA * R_AB * t_BA
0 0 0
t_wo + t_wo_cam
0.9 0 0
Time
1558555786196
Theta
0
t_GA - R_GA * R_AB * t_BA
0 0 0
t_wo + t_wo_cam
0.9 0 0
Time
1558555786217
Theta
0
t_GA - R_GA * R_AB * t_BA
0 0 0
t_wo + t_wo_cam
0.9 0 0
Time
1558555786237
Theta
0
t_GA - R_GA * R_AB * t_BA
0 0 0
t_wo + t_wo_cam
0.9 0 0
Time
1558555786262
Theta
0
t_GA - R_GA * R_AB * t_BA
0 0 0
t_wo + t_wo_cam
0.9 0 0
Time
1558555786282
Theta
0
t_GA - R_GA * R_AB * t_BA
0 0 0
t_wo + t_wo_cam
0.9 0 0
Time
1558555786303
Theta
0
t_GA - R_GA * R_AB * t_BA
0 0 0
t_wo + t_wo_cam
0.9 0 0
Time
1558555786327
Theta
0
t_GA - R_GA * R_AB * t_BA
0 0 0
t_wo + t_wo_cam
0.9 0 0
Time
1558555786348
Theta
0
t_GA - R_GA * R_AB * t_BA
0 0 0
t_wo + t_wo_cam
0.9 0 0
Time
1558555786368
Theta
0
t_GA - R_GA * R_AB * t_BA
0 0 0
t_wo + t_wo_cam
0.9 0 0
Time
1558555786393
Theta
0
t_GA - R_GA * R_AB * t_BA
0 0 0
t_wo + t_wo_cam
0.9 0 0
Time
1558555786413
Theta
0
t_GA - R_GA * R_AB * t_BA
0 0 0
t_wo + t_wo_cam
0.9 0 0
Time
1558555786434
Theta
0
t_GA - R_GA * R_AB * t_BA
0 0 0
t_wo + t_wo_cam
0.9 0 0
Time
1558555786458
Theta
0
t_GA - R_GA * R_AB * t_BA
0 0 0
t_wo + t_wo_cam
0.9 0 0
Time
1558555786479
Theta
0
t_GA - R_GA * R_AB * t_BA
0 0 0
t_wo + t_wo_cam
0.9 0 0
Time
1558555786499
Theta
0
t_GA - R_GA * R_AB * t_BA
0 0 0
t_wo + t_wo_cam
0.9 0 0
Time
1558555786524
Theta
0
t_GA - R_GA * R_AB * t_BA
0 0 0
t_wo + t_wo_cam
0.9 0 0
Time
1558555786544
Theta
0
t_GA - R_GA * R_AB * t_BA
0 0 0
t_wo + t_wo_cam
0.9 0 0
Time
1558555786565
Theta
0
t_GA - R_GA * R_AB * t_BA
0 0 0
t_wo + t_wo_cam
0.9 0 0
Time
1558555786589
Theta
0
t_GA - R_GA * R_AB * t_BA
0 0 0
t_wo + t_wo_cam
0.9 0 0
Time
1558555786610
Theta
0
t_GA - R_GA * R_AB * t_BA
0 0 0
t_wo + t_wo_cam
0.9 0 0
Time
1558555786630
Theta
0
t_GA - R_GA * R_AB * t_BA
0 0 0
t_wo + t_wo_cam
0.9 0 0
Time
1558555786655
Theta
0
t_GA - R_GA * R_AB * t_BA
0 0 0
t_wo + t_wo_cam
0.9 0 0
Time
1558555786675
Theta
0
t_GA - R_GA * R_AB * t_BA
0 0 0
t_wo + t_wo_cam
0.9 0 0
Time
1558555786696
Theta
0
t_GA - R_GA * R_AB * t_BA
0 0 0
t_wo + t_wo_cam
0.9 0 0
Time
1558555786721
Theta
0
t_GA - R_GA * R_AB * t_BA
0 0 0
t_wo + t_wo_cam
0.9 0 0
Time
1558555786741
Theta
0
t_GA - R_GA * R_AB * t_BA
0 0 0
t_wo + t_wo_cam
0.9 0 0
Time
1558555786762
Theta
0
t_GA - R_GA * R_AB * t_BA
0 0 0
t_wo + t_wo_cam
0.9 0 0
Time
1558555786786
Theta
0
t_GA - R_GA * R_AB * t_BA
0 0 0
t_wo + t_wo_cam
0.9 0 0
Time
1558555786807
Theta
0
t_GA - R_GA * R_AB * t_BA
0 0 0
t_wo + t_wo_cam
0.9 0 0
Time
1558555786827
Theta
0
t_GA - R_GA * R_AB * t_BA
0 0 0
t_wo + t_wo_cam
0.9 0 0
Time
1558555786852
Theta
0
t_GA - R_GA * R_AB * t_BA
0 0 0
t_wo + t_wo_cam
0.9 0 0
Time
1558555786872
Theta
0
t_GA - R_GA * R_AB * t_BA
0 0 0
t_wo + t_wo_cam
0.9 0 0
Time
1558555786893
Theta
0
t_GA - R_GA * R_AB * t_BA
0 0 0
t_wo + t_wo_cam
0.9 0 0
Time
1558555786917
Theta
0
t_GA - R_GA * R_AB * t_BA
0 0 0
t_wo + t_wo_cam
0.9 0 0
Time
1558555786938
Theta
0
t_GA - R_GA * R_AB * t_BA
0 0 0
t_wo + t_wo_cam
0.9 0 0
Time
1558555786958
Theta
0
t_GA - R_GA * R_AB * t_BA
0 0 0
t_wo + t_wo_cam
0.9 0 0
Time
1558555786983
Theta
0
t_GA - R_GA * R_AB * t_BA
0 0 0
t_wo + t_wo_cam
0.9 0 0
Time
1558555787003
Theta
0
t_GA - R_GA * R_AB * t_BA
0 0 0
t_wo + t_wo_cam
0.9 0 0
Time
1558555787024
Theta
0
t_GA - R_GA * R_AB * t_BA
0 0 0
t_wo + t_wo_cam
0.9 0 0
Time
1558555787048
Theta
0
t_GA - R_GA * R_AB * t_BA
0 0 0
t_wo + t_wo_cam
0.9 0 0
Time
1558555787069
Theta
0
t_GA - R_GA * R_AB * t_BA
0 0 0
t_wo + t_wo_cam
0.9 0 0
Time
1558555787089
Theta
0
t_GA - R_GA * R_AB * t_BA
0 0 0
t_wo + t_wo_cam
0.9 0 0
Time
1558555787114
Theta
0
t_GA - R_GA * R_AB * t_BA
0 0 0
t_wo + t_wo_cam
0.9 0 0
Time
1558555787134
Theta
0
t_GA - R_GA * R_AB * t_BA
0 0 0
t_wo + t_wo_cam
0.9 0 0
Time
1558555787155
Theta
0
t_GA - R_GA * R_AB * t_BA
0 0 0
t_wo + t_wo_cam
0.9 0 0
Time
1558555787179
Theta
0
t_GA - R_GA * R_AB * t_BA
0 0 0
t_wo + t_wo_cam
0.9 0 0
Time
1558555787200
Theta
0
t_GA - R_GA * R_AB * t_BA
0 0 0
t_wo + t_wo_cam
0.9 0 0
Time
1558555787220
Theta
0
t_GA - R_GA * R_AB * t_BA
0 0 0
t_wo + t_wo_cam
0.9 0 0
Time
1558555787241
Theta
0
t_GA - R_GA * R_AB * t_BA
0 0 0
t_wo + t_wo_cam
0.9 0 0
Time
1558555787265
Theta
0
t_GA - R_GA * R_AB * t_BA
0 0 0
t_wo + t_wo_cam
0.9 0 0
Time
1558555787286
Theta
0
t_GA - R_GA * R_AB * t_BA
0 0 0
t_wo + t_wo_cam
0.9 0 0
Time
1558555787306
Theta
0
t_GA - R_GA * R_AB * t_BA
0 0 0
t_wo + t_wo_cam
0.9 0 0
Time
1558555787331
Theta
0
t_GA - R_GA * R_AB * t_BA
0 0 0
t_wo + t_wo_cam
0.9 0 0
Time
1558555787351
Theta
0
t_GA - R_GA * R_AB * t_BA
0 0 0
t_wo + t_wo_cam
0.9 0 0
Time
1558555787372
Theta
0
t_GA - R_GA * R_AB * t_BA
0 0 0
t_wo + t_wo_cam
0.9 0 0
Time
1558555787396
Theta
0
t_GA - R_GA * R_AB * t_BA
0 0 0
t_wo + t_wo_cam
0.9 0 0
Time
1558555787417
Theta
0
t_GA - R_GA * R_AB * t_BA
0 0 0
t_wo + t_wo_cam
0.9 0 0
Time
1558555787437
Theta
0
t_GA - R_GA * R_AB * t_BA
0 0 0
t_wo + t_wo_cam
0.9 0 0
Time
1558555787462
Theta
0
t_GA - R_GA * R_AB * t_BA
0 0 0
t_wo + t_wo_cam
0.9 0 0
Time
1558555787482
Theta
0
t_GA - R_GA * R_AB * t_BA
0 0 0
t_wo + t_wo_cam
0.9 0 0
Time
1558555787503
Theta
0
t_GA - R_GA * R_AB * t_BA
0 0 0
t_wo + t_wo_cam
0.9 0 0
Time
1558555787527
Theta
0
t_GA - R_GA * R_AB * t_BA
0 0 0
t_wo + t_wo_cam
0.9 0 0
Time
1558555787548
Theta
0
t_GA - R_GA * R_AB * t_BA
0 0 0
t_wo + t_wo_cam
0.9 0 0
Time
1558555787568
Theta
0
t_GA - R_GA * R_AB * t_BA
0 0 0
t_wo + t_wo_cam
0.9 0 0
Time
1558555787593
Theta
0
t_GA - R_GA * R_AB * t_BA
0 0 0
t_wo + t_wo_cam
0.9 0 0
Time
1558555787613
Theta
0
t_GA - R_GA * R_AB * t_BA
0 0 0
t_wo + t_wo_cam
0.9 0 0
Time
1558555787634
Theta
0
t_GA - R_GA * R_AB * t_BA
0 0 0
t_wo + t_wo_cam
0.9 0 0
Time
1558555787658
Theta
0
t_GA - R_GA * R_AB * t_BA
0 0 0
t_wo + t_wo_cam
0.9 0 0
Time
1558555787679
Theta
0
t_GA - R_GA * R_AB * t_BA
0 0 0
t_wo + t_wo_cam
0.9 0 0
Time
1558555787699
Theta
0
t_GA - R_GA * R_AB * t_BA
0 0 0
t_wo + t_wo_cam
0.9 0 0
Time
1558555787724
Theta
0
t_GA - R_GA * R_AB * t_BA
0 0 0
t_wo + t_wo_cam
0.9 0 0
Time
1558555787744
Theta
0
t_GA - R_GA * R_AB * t_BA
0 0 0
t_wo + t_wo_cam
0.9 0 0
Time
1558555787765
Theta
0
t_GA - R_GA * R_AB * t_BA
0 0 0
t_wo + t_wo_cam
0.9 0 0
Time
1558555787790
Theta
0
t_GA - R_GA * R_AB * t_BA
0 0 0
t_wo + t_wo_cam
0.9 0 0
Time
1558555787810
Theta
0
t_GA - R_GA * R_AB * t_BA
0 0 0
t_wo + t_wo_cam
0.9 0 0
Time
1558555787830
Theta
0
t_GA - R_GA * R_AB * t_BA
0 0 0
t_wo + t_wo_cam
0.9 0 0
Time
1558555787855
Theta
0
t_GA - R_GA * R_AB * t_BA
0 0 0
t_wo + t_wo_cam
0.9 0 0
Time
1558555787876
Theta
0
t_GA - R_GA * R_AB * t_BA
0 0 0
t_wo + t_wo_cam
0.9 0 0
Time
1558555787896
Theta
0
t_GA - R_GA * R_AB * t_BA
0 0 0
t_wo + t_wo_cam
0.9 0 0
Time
1558555787921
Theta
0
t_GA - R_GA * R_AB * t_BA
0 0 0
t_wo + t_wo_cam
0.9 0 0
Time
1558555787941
Theta
0
t_GA - R_GA * R_AB * t_BA
0 0 0
t_wo + t_wo_cam
0.9 0 0
Time
1558555787962
Theta
0
t_GA - R_GA * R_AB * t_BA
0 0 0
t_wo + t_wo_cam
0.9 0 0
Time
1558555787986
Theta
0
t_GA - R_GA * R_AB * t_BA
0 0 0
t_wo + t_wo_cam
0.9 0 0
Time
1558555788007
Theta
0
t_GA - R_GA * R_AB * t_BA
0 0 0
t_wo + t_wo_cam
0.9 0 0
Time
1558555788027
Theta
0
t_GA - R_GA * R_AB * t_BA
0 0 0
t_wo + t_wo_cam
0.9 0 0
Time
1558555788052
Theta
0
t_GA - R_GA * R_AB * t_BA
0 0 0
t_wo + t_wo_cam
0.9 0 0
Time
1558555788072
Theta
0
t_GA - R_GA * R_AB * t_BA
0 0 0
t_wo + t_wo_cam
0.9 0 0
Time
1558555788093
Theta
0
t_GA - R_GA * R_AB * t_BA
0 0 0
t_wo + t_wo_cam
0.9 0 0
Time
1558555788117
Theta
0
t_GA - R_GA * R_AB * t_BA
0 0 0
t_wo + t_wo_cam
0.9 0 0
Time
1558555788138
Theta
0
t_GA - R_GA * R_AB * t_BA
0 0 0
t_wo + t_wo_cam
0.9 0 0
Time
1558555788158
Theta
0
t_GA - R_GA * R_AB * t_BA
0 0 0
t_wo + t_wo_cam
0.9 0 0
Time
1558555788183
Theta
0
t_GA - R_GA * R_AB * t_BA
0 0 0
t_wo + t_wo_cam
0.9 0 0
Time
1558555788203
Theta
0
t_GA - R_GA * R_AB * t_BA
0 0 0
t_wo + t_wo_cam
0.9 0 0
Time
1558555788224
Theta
0
t_GA - R_GA * R_AB * t_BA
0 0 0
t_wo + t_wo_cam
0.9 0 0
Time
1558555788248
Theta
0
t_GA - R_GA * R_AB * t_BA
0 0 0
t_wo + t_wo_cam
0.9 0 0
Time
1558555788269
Theta
0
t_GA - R_GA * R_AB * t_BA
0 0 0
t_wo + t_wo_cam
0.9 0 0
Time
1558555788289
Theta
0
t_GA - R_GA * R_AB * t_BA
0 0 0
t_wo + t_wo_cam
0.9 0 0
Time
1558555788314
Theta
0
t_GA - R_GA * R_AB * t_BA
0 0 0
t_wo + t_wo_cam
0.9 0 0
Time
1558555788334
Theta
0
t_GA - R_GA * R_AB * t_BA
0 0 0
t_wo + t_wo_cam
0.9 0 0
Time
1558555788355
Theta
0
t_GA - R_GA * R_AB * t_BA
0 0 0
t_wo + t_wo_cam
0.9 0 0
Time
1558555788379
Theta
0
t_GA - R_GA * R_AB * t_BA
0 0 0
t_wo + t_wo_cam
0.9 0 0
Time
1558555788400
Theta
0
t_GA - R_GA * R_AB * t_BA
0 0 0
t_wo + t_wo_cam
0.9 0 0
Time
1558555788420
Theta
0
t_GA - R_GA * R_AB * t_BA
0 0 0
t_wo + t_wo_cam
0.9 0 0
Time
1558555788445
Theta
0
t_GA - R_GA * R_AB * t_BA
0 0 0
t_wo + t_wo_cam
0.9 0 0
Time
1558555788465
Theta
0
t_GA - R_GA * R_AB * t_BA
0 0 0
t_wo + t_wo_cam
0.9 0 0
Time
1558555788486
Theta
0
t_GA - R_GA * R_AB * t_BA
0 0 0
t_wo + t_wo_cam
0.9 0 0
Time
1558555788510
Theta
0
t_GA - R_GA * R_AB * t_BA
0 0 0
t_wo + t_wo_cam
0.9 0 0
Time
1558555788531
Theta
0
t_GA - R_GA * R_AB * t_BA
0 0 0
t_wo + t_wo_cam
0.9 0 0
Time
1558555788551
Theta
0
t_GA - R_GA * R_AB * t_BA
0 0 0
t_wo + t_wo_cam
0.9 0 0
Time
1558555788576
Theta
0
t_GA - R_GA * R_AB * t_BA
0 0 0
t_wo + t_wo_cam
0.9 0 0
Time
1558555788596
Theta
0
t_GA - R_GA * R_AB * t_BA
0 0 0
t_wo + t_wo_cam
0.9 0 0
Time
1558555788617
Theta
0
t_GA - R_GA * R_AB * t_BA
0 0 0
t_wo + t_wo_cam
0.9 0 0
Time
1558555788642
Theta
0
t_GA - R_GA * R_AB * t_BA
0 0 0
t_wo + t_wo_cam
0.9 0 0
Time
1558555788662
Theta
0
t_GA - R_GA * R_AB * t_BA
0 0 0
t_wo + t_wo_cam
0.9 0 0
Time
1558555788683
Theta
0
t_GA - R_GA * R_AB * t_BA
0 0 0
t_wo + t_wo_cam
0.9 0 0
Time
1558555788707
Theta
0
t_GA - R_GA * R_AB * t_BA
0 0 0
t_wo + t_wo_cam
0.9 0 0
Time
1558555788727
Theta
0
t_GA - R_GA * R_AB * t_BA
0 0 0
t_wo + t_wo_cam
0.9 0 0
Time
1558555788748
Theta
0
t_GA - R_GA * R_AB * t_BA
0 0 0
t_wo + t_wo_cam
0.9 0 0
Time
1558555788773
Theta
0
t_GA - R_GA * R_AB * t_BA
0 0 0
t_wo + t_wo_cam
0.9 0 0
Time
1558555788793
Theta
0
t_GA - R_GA * R_AB * t_BA
0 0 0
t_wo + t_wo_cam
0.9 0 0
Time
1558555788813
Theta
0
t_GA - R_GA * R_AB * t_BA
0 0 0
t_wo + t_wo_cam
0.9 0 0
Time
1558555788838
Theta
0
t_GA - R_GA * R_AB * t_BA
0 0 0
t_wo + t_wo_cam
0.9 0 0
Time
1558555788859
Theta
0
t_GA - R_GA * R_AB * t_BA
0 0 0
t_wo + t_wo_cam
0.9 0 0
Time
1558555788879
Theta
0
t_GA - R_GA * R_AB * t_BA
0 0 0
t_wo + t_wo_cam
0.9 0 0
Time
1558555788904
Theta
0
t_GA - R_GA * R_AB * t_BA
0 0 0
t_wo + t_wo_cam
0.9 0 0
Time
1558555788924
Theta
0
t_GA - R_GA * R_AB * t_BA
0 0 0
t_wo + t_wo_cam
0.9 0 0
Time
1558555788945
Theta
0
t_GA - R_GA * R_AB * t_BA
0 0 0
t_wo + t_wo_cam
0.9 0 0
Time
1558555788969
Theta
0
t_GA - R_GA * R_AB * t_BA
0 0 0
t_wo + t_wo_cam
0.9 0 0
Time
1558555788990
Theta
0
t_GA - R_GA * R_AB * t_BA
0 0 0
t_wo + t_wo_cam
0.9 0 0
Time
1558555789010
Theta
0
t_GA - R_GA * R_AB * t_BA
0 0 0
t_wo + t_wo_cam
0.9 0 0
Time
1558555789035
Theta
0
t_GA - R_GA * R_AB * t_BA
0 0 0
t_wo + t_wo_cam
0.9 0 0
Time
1558555789055
Theta
0
t_GA - R_GA * R_AB * t_BA
0 0 0
t_wo + t_wo_cam
0.9 0 0
Time
1558555789076
Theta
0
t_GA - R_GA * R_AB * t_BA
0 0 0
t_wo + t_wo_cam
0.9 0 0
Time
1558555789100
Theta
0
t_GA - R_GA * R_AB * t_BA
-0.386479 -0.676914 -0.823059
t_wo + t_wo_cam
-0.386479 -0.676914 -0.823059
Time
1558555789121
Theta
1.7321
t_GA - R_GA * R_AB * t_BA
-0.386479 -0.676914 -0.823059
t_wo + t_wo_cam
-0.386479 -0.676914 -0.823059
Time
1558555789141
Theta
1.7321
t_GA - R_GA * R_AB * t_BA
-0.386479 -0.676914 -0.823059
t_wo + t_wo_cam
-0.386479 -0.676914 -0.823059
Time
1558555789162
Theta
1.7321
t_GA - R_GA * R_AB * t_BA
-0.386479 -0.676914 -0.823059
t_wo + t_wo_cam
-0.386479 -0.676914 -0.823059
Time
1558555789186
Theta
1.7321
t_GA - R_GA * R_AB * t_BA
-0.636652 -0.719547 -0.623045
t_wo + t_wo_cam
-0.386479 -0.676914 -0.823059
Time
1558555789207
Theta
1.7321
t_GA - R_GA * R_AB * t_BA
-0.636652 -0.719547 -0.623045
t_wo + t_wo_cam
-0.636652 -0.719547 -0.623045
Time
1558555789227
Theta
1.29152
t_GA - R_GA * R_AB * t_BA
-0.636652 -0.719547 -0.623045
t_wo + t_wo_cam
-0.636652 -0.719547 -0.623045
Time
1558555789252
Theta
1.29152
t_GA - R_GA * R_AB * t_BA
-0.636652 -0.719547 -0.623045
t_wo + t_wo_cam
-0.636652 -0.719547 -0.623045
Time
1558555789272
Theta
1.29152
t_GA - R_GA * R_AB * t_BA
-0.879554 -0.594496 -0.449915
t_wo + t_wo_cam
-0.636652 -0.719547 -0.623045
Time
1558555789293
Theta
1.29152
t_GA - R_GA * R_AB * t_BA
-0.879554 -0.594496 -0.449915
t_wo + t_wo_cam
-0.879554 -0.594496 -0.449915
Time
1558555789317
Theta
0.87216
t_GA - R_GA * R_AB * t_BA
-0.879554 -0.594496 -0.449915
t_wo + t_wo_cam
-0.879554 -0.594496 -0.449915
Time
1558555789338
Theta
0.87216
t_GA - R_GA * R_AB * t_BA
-0.879554 -0.594496 -0.449915
t_wo + t_wo_cam
-0.879554 -0.594496 -0.449915
Time
1558555789358
Theta
0.87216
t_GA - R_GA * R_AB * t_BA
-1.11499 -0.283699 -0.265232
t_wo + t_wo_cam
-0.879554 -0.594496 -0.449915
Time
1558555789383
Theta
0.87216
t_GA - R_GA * R_AB * t_BA
-1.11499 -0.283699 -0.265232
t_wo + t_wo_cam
-1.11499 -0.283699 -0.265232
Time
1558555789403
Theta
0.331388
t_GA - R_GA * R_AB * t_BA
-1.11499 -0.283699 -0.265232
t_wo + t_wo_cam
-1.11499 -0.283699 -0.265232
Time
1558555789424
Theta
0.331388
t_GA - R_GA * R_AB * t_BA
-1.11499 -0.283699 -0.265232
t_wo + t_wo_cam
-1.11499 -0.283699 -0.265232
Time
1558555789448
Theta
0.331388
t_GA - R_GA * R_AB * t_BA
-1.16419 -0.159252 -0.170934
t_wo + t_wo_cam
-1.11499 -0.283699 -0.265232
Time
1558555789469
Theta
0.331388
t_GA - R_GA * R_AB * t_BA
-1.16419 -0.159252 -0.170934
t_wo + t_wo_cam
-1.16419 -0.159252 -0.170934
Time
1558555789489
Theta
0.169645
t_GA - R_GA * R_AB * t_BA
-1.16419 -0.159252 -0.170934
t_wo + t_wo_cam
-1.16419 -0.159252 -0.170934
Time
1558555789514
Theta
0.169645
t_GA - R_GA * R_AB * t_BA
-1.16419 -0.159252 -0.170934
t_wo + t_wo_cam
-1.16419 -0.159252 -0.170934
Time
1558555789534
Theta
0.169645
t_GA - R_GA * R_AB * t_BA
-1.16532 -0.134584 -0.107837
t_wo + t_wo_cam
-1.16419 -0.159252 -0.170934
Time
1558555789555
Theta
0.169645
t_GA - R_GA * R_AB * t_BA
-1.16532 -0.134584 -0.107837
t_wo + t_wo_cam
-1.16532 -0.134584 -0.107837
Time
1558555789579
Theta
0.104604
t_GA - R_GA * R_AB * t_BA
-1.16532 -0.134584 -0.107837
t_wo + t_wo_cam
-1.16532 -0.134584 -0.107837
Time
1558555789600
Theta
0.104604
t_GA - R_GA * R_AB * t_BA
-1.16532 -0.134584 -0.107837
t_wo + t_wo_cam
-1.16532 -0.134584 -0.107837
Time
1558555789620
Theta
0.104604
t_GA - R_GA * R_AB * t_BA
-1.16629 -0.11763 -0.0574239
t_wo + t_wo_cam
-1.16532 -0.134584 -0.107837
Time
1558555789645
Theta
0.104604
t_GA - R_GA * R_AB * t_BA
-1.16629 -0.11763 -0.0574239
t_wo + t_wo_cam
-1.16629 -0.11763 -0.0574239
Time
1558555789665
Theta
0.0993142
t_GA - R_GA * R_AB * t_BA
-1.16629 -0.11763 -0.0574239
t_wo + t_wo_cam
-1.16629 -0.11763 -0.0574239
Time
1558555789686
Theta
0.0993142
t_GA - R_GA * R_AB * t_BA
-1.16629 -0.11763 -0.0574239
t_wo + t_wo_cam
-1.16629 -0.11763 -0.0574239
Time
1558555789710
Theta
0.0993142
t_GA - R_GA * R_AB * t_BA
-1.16964 -0.0576176 -0.018021
t_wo + t_wo_cam
-1.16629 -0.11763 -0.0574239
Time
1558555789731
Theta
0.0993142
t_GA - R_GA * R_AB * t_BA
-1.16964 -0.0576176 -0.018021
t_wo + t_wo_cam
-1.16964 -0.0576176 -0.018021
Time
1558555789751
Theta
-0.0837379
t_GA - R_GA * R_AB * t_BA
-1.16964 -0.0576176 -0.018021
t_wo + t_wo_cam
-1.16964 -0.0576176 -0.018021
Time
1558555789776
Theta
-0.0837379
t_GA - R_GA * R_AB * t_BA
-1.16964 -0.0576176 -0.018021
t_wo + t_wo_cam
-1.16964 -0.0576176 -0.018021
Time
1558555789796
Theta
-0.0837379
t_GA - R_GA * R_AB * t_BA
-1.16062 -0.00259411 0.0865625
t_wo + t_wo_cam
-1.16964 -0.0576176 -0.018021
Time
1558555789817
Theta
-0.0837379
t_GA - R_GA * R_AB * t_BA
-1.16062 -0.00259411 0.0865625
t_wo + t_wo_cam
-1.16062 -0.00259411 0.0865625
Time
1558555789842
Theta
-0.058434
t_GA - R_GA * R_AB * t_BA
-1.16062 -0.00259411 0.0865625
t_wo + t_wo_cam
-1.16062 -0.00259411 0.0865625
Time
1558555789862
Theta
-0.058434
t_GA - R_GA * R_AB * t_BA
-1.16062 -0.00259411 0.0865625
t_wo + t_wo_cam
-1.16062 -0.00259411 0.0865625
Time
1558555789883
Theta
-0.058434
t_GA - R_GA * R_AB * t_BA
-1.15794 -0.0319895 0.0905227
t_wo + t_wo_cam
-1.16062 -0.00259411 0.0865625
Time
1558555789907
Theta
-0.058434
t_GA - R_GA * R_AB * t_BA
-1.15794 -0.0319895 0.0905227
t_wo + t_wo_cam
-1.15794 -0.0319895 0.0905227
Time
1558555789928
Theta
-0.0326264
t_GA - R_GA * R_AB * t_BA
-1.15794 -0.0319895 0.0905227
t_wo + t_wo_cam
-1.15794 -0.0319895 0.0905227
Time
1558555789948
Theta
-0.0326264
t_GA - R_GA * R_AB * t_BA
-1.15794 -0.0319895 0.0905227
t_wo + t_wo_cam
-1.15794 -0.0319895 0.0905227
Time
1558555789973
Theta
-0.0326264
t_GA - R_GA * R_AB * t_BA
-1.15883 -0.0326248 0.0797655
t_wo + t_wo_cam
-1.15794 -0.0319895 0.0905227
Time
1558555789993
Theta
-0.0326264
t_GA - R_GA * R_AB * t_BA
-1.15883 -0.0326248 0.0797655
t_wo + t_wo_cam
-1.15883 -0.0326248 0.0797655
Time
1558555790014
Theta
-0.0328976
t_GA - R_GA * R_AB * t_BA
-1.15883 -0.0326248 0.0797655
t_wo + t_wo_cam
-1.15883 -0.0326248 0.0797655
Time
1558555790038
Theta
-0.0328976
t_GA - R_GA * R_AB * t_BA
-1.15883 -0.0326248 0.0797655
t_wo + t_wo_cam
-1.15883 -0.0326248 0.0797655
Time
1558555790059
Theta
-0.0328976
t_GA - R_GA * R_AB * t_BA
-1.17037 -0.0246906 0.0448005
t_wo + t_wo_cam
-1.15883 -0.0326248 0.0797655
Time
1558555790079
Theta
-0.0328976
t_GA - R_GA * R_AB * t_BA
-1.17037 -0.0246906 0.0448005
t_wo + t_wo_cam
-1.17037 -0.0246906 0.0448005
Time
1558555790104
Theta
-0.0411268
t_GA - R_GA * R_AB * t_BA
-1.17037 -0.0246906 0.0448005
t_wo + t_wo_cam
-1.17037 -0.0246906 0.0448005
Time
1558555790124
Theta
-0.0411268
t_GA - R_GA * R_AB * t_BA
-1.17037 -0.0246906 0.0448005
t_wo + t_wo_cam
-1.17037 -0.0246906 0.0448005
Time
1558555790145
Theta
-0.0411268
t_GA - R_GA * R_AB * t_BA
-1.17536 -0.012475 0.0152209
t_wo + t_wo_cam
-1.17037 -0.0246906 0.0448005
Time
1558555790169
Theta
-0.0411268
t_GA - R_GA * R_AB * t_BA
-1.17536 -0.012475 0.0152209
t_wo + t_wo_cam
-1.17536 -0.012475 0.0152209
Time
1558555790190
Theta
-0.0503158
t_GA - R_GA * R_AB * t_BA
-1.17536 -0.012475 0.0152209
t_wo + t_wo_cam
-1.17536 -0.012475 0.0152209
Time
1558555790210
Theta
-0.0503158
t_GA - R_GA * R_AB * t_BA
-1.17536 -0.012475 0.0152209
t_wo + t_wo_cam
-1.17536 -0.012475 0.0152209
Time
1558555790235
Theta
-0.0503158
t_GA - R_GA * R_AB * t_BA
-1.17676 -0.0140129 0.00819131
t_wo + t_wo_cam
-1.17536 -0.012475 0.0152209
Time
1558555790255
Theta
-0.0503158
t_GA - R_GA * R_AB * t_BA
-1.17676 -0.0140129 0.00819131
t_wo + t_wo_cam
-1.17676 -0.0140129 0.00819131
Time
1558555790276
Theta
-0.0476022
t_GA - R_GA * R_AB * t_BA
-1.17676 -0.0140129 0.00819131
t_wo + t_wo_cam
-1.17676 -0.0140129 0.00819131
Time
1558555790300
Theta
-0.0476022
t_GA - R_GA * R_AB * t_BA
-1.17676 -0.0140129 0.00819131
t_wo + t_wo_cam
-1.17676 -0.0140129 0.00819131
Time
1558555790321
Theta
-0.0476022
t_GA - R_GA * R_AB * t_BA
-1.17431 -0.00915471 0.0198085
t_wo + t_wo_cam
-1.17676 -0.0140129 0.00819131
Time
1558555790341
Theta
-0.0476022
t_GA - R_GA * R_AB * t_BA
-1.17431 -0.00915471 0.0198085
t_wo + t_wo_cam
-1.17431 -0.00915471 0.0198085
Time
1558555790366
Theta
-0.0502673
t_GA - R_GA * R_AB * t_BA
-1.17431 -0.00915471 0.0198085
t_wo + t_wo_cam
-1.17431 -0.00915471 0.0198085
Time
1558555790386
Theta
-0.0502673
t_GA - R_GA * R_AB * t_BA
-1.17431 -0.00915471 0.0198085
t_wo + t_wo_cam
-1.17431 -0.00915471 0.0198085
Time
1558555790407
Theta
-0.0502673
t_GA - R_GA * R_AB * t_BA
-1.17208 -0.0149575 0.0318863
t_wo + t_wo_cam
-1.17431 -0.00915471 0.0198085
Time
1558555790431
Theta
-0.0502673
t_GA - R_GA * R_AB * t_BA
-1.17208 -0.0149575 0.0318863
t_wo + t_wo_cam
-1.17208 -0.0149575 0.0318863
Time
1558555790452
Theta
-0.0456869
t_GA - R_GA * R_AB * t_BA
-1.17208 -0.0149575 0.0318863
t_wo + t_wo_cam
-1.17208 -0.0149575 0.0318863
Time
1558555790472
Theta
-0.0456869
t_GA - R_GA * R_AB * t_BA
-1.17208 -0.0149575 0.0318863
t_wo + t_wo_cam
-1.17208 -0.0149575 0.0318863
Time
1558555790497
Theta
-0.0456869
t_GA - R_GA * R_AB * t_BA
-1.16989 -0.0182004 0.042688
t_wo + t_wo_cam
-1.17208 -0.0149575 0.0318863
Time
1558555790517
Theta
-0.0456869
t_GA - R_GA * R_AB * t_BA
-1.16989 -0.0182004 0.042688
t_wo + t_wo_cam
-1.16989 -0.0182004 0.042688
Time
1558555790538
Theta
-0.0436045
t_GA - R_GA * R_AB * t_BA
-1.16989 -0.0182004 0.042688
t_wo + t_wo_cam
-1.16989 -0.0182004 0.042688
Time
1558555790562
Theta
-0.0436045
t_GA - R_GA * R_AB * t_BA
-1.16989 -0.0182004 0.042688
t_wo + t_wo_cam
-1.16989 -0.0182004 0.042688
Time
1558555790583
Theta
-0.0436045
t_GA - R_GA * R_AB * t_BA
-1.16659 -0.0297769 0.051666
t_wo + t_wo_cam
-1.16989 -0.0182004 0.042688
Time
1558555790603
Theta
-0.0436045
t_GA - R_GA * R_AB * t_BA
-1.16659 -0.0297769 0.051666
t_wo + t_wo_cam
-1.16659 -0.0297769 0.051666
Time
1558555790628
Theta
-0.0325506
t_GA - R_GA * R_AB * t_BA
-1.16659 -0.0297769 0.051666
t_wo + t_wo_cam
-1.16659 -0.0297769 0.051666
Time
1558555790648
Theta
-0.0325506
t_GA - R_GA * R_AB * t_BA
-1.16659 -0.0297769 0.051666
t_wo + t_wo_cam
-1.16659 -0.0297769 0.051666
Time
1558555790669
Theta
-0.0325506
t_GA - R_GA * R_AB * t_BA
-1.16606 -0.0234869 0.0556541
t_wo + t_wo_cam
-1.16659 -0.0297769 0.051666
Time
1558555790693
Theta
-0.0325506
t_GA - R_GA * R_AB * t_BA
-1.16606 -0.0234869 0.0556541
t_wo + t_wo_cam
-1.16606 -0.0234869 0.0556541
Time
1558555790714
Theta
-0.0382675
t_GA - R_GA * R_AB * t_BA
-1.16606 -0.0234869 0.0556541
t_wo + t_wo_cam
-1.16606 -0.0234869 0.0556541
Time
1558555790734
Theta
-0.0382675
t_GA - R_GA * R_AB * t_BA
-1.16606 -0.0234869 0.0556541
t_wo + t_wo_cam
-1.16606 -0.0234869 0.0556541
Time
1558555790759
Theta
-0.0382675
t_GA - R_GA * R_AB * t_BA
-1.16669 -0.0322465 0.0518781
t_wo + t_wo_cam
-1.16606 -0.0234869 0.0556541
Time
1558555790779
Theta
-0.0382675
t_GA - R_GA * R_AB * t_BA
-1.16669 -0.0322465 0.0518781
t_wo + t_wo_cam
-1.16669 -0.0322465 0.0518781
Time
1558555790800
Theta
-0.0318517
t_GA - R_GA * R_AB * t_BA
-1.16669 -0.0322465 0.0518781
t_wo + t_wo_cam
-1.16669 -0.0322465 0.0518781
Time
1558555790827
Theta
-0.0318517
t_GA - R_GA * R_AB * t_BA
-1.16669 -0.0322465 0.0518781
t_wo + t_wo_cam
-1.16669 -0.0322465 0.0518781
Time
1558555790846
Theta
-0.0318517
t_GA - R_GA * R_AB * t_BA
-1.16669 -0.0322465 0.0518781
t_wo + t_wo_cam
-1.16669 -0.0322465 0.0518781
Time
1558555790867
Theta
-0.0318517
t_GA - R_GA * R_AB * t_BA
-1.16669 -0.0322465 0.0518781
t_wo + t_wo_cam
-1.16669 -0.0322465 0.0518781
Time
1558555790890
Theta
-0.0318517
t_GA - R_GA * R_AB * t_BA
-1.16803 -0.026679 0.0505359
t_wo + t_wo_cam
-1.16669 -0.0322465 0.0518781
Time
1558555790911
Theta
-0.0318517
t_GA - R_GA * R_AB * t_BA
-1.16803 -0.026679 0.0505359
t_wo + t_wo_cam
-1.16803 -0.026679 0.0505359
Time
1558555790931
Theta
-0.0349427
t_GA - R_GA * R_AB * t_BA
-1.16803 -0.026679 0.0505359
t_wo + t_wo_cam
-1.16803 -0.026679 0.0505359
Time
1558555790956
Theta
-0.0349427
t_GA - R_GA * R_AB * t_BA
-1.16803 -0.026679 0.0505359
t_wo + t_wo_cam
-1.16803 -0.026679 0.0505359
Time
1558555790976
Theta
-0.0349427
t_GA - R_GA * R_AB * t_BA
-1.16803 -0.026679 0.0505359
t_wo + t_wo_cam
-1.16803 -0.026679 0.0505359
Time
1558555790997
Theta
-0.0349427
t_GA - R_GA * R_AB * t_BA
-1.16803 -0.026679 0.0505359
t_wo + t_wo_cam
-1.16803 -0.026679 0.0505359
Time
1558555791017
Theta
-0.0349427
t_GA - R_GA * R_AB * t_BA
-1.16789 -0.0273633 0.0524369
t_wo + t_wo_cam
-1.16803 -0.026679 0.0505359
Time
1558555791042
Theta
-0.0349427
t_GA - R_GA * R_AB * t_BA
-1.16789 -0.0273633 0.0524369
t_wo + t_wo_cam
-1.16789 -0.0273633 0.0524369
Time
1558555791062
Theta
-0.0359409
t_GA - R_GA * R_AB * t_BA
-1.16789 -0.0273633 0.0524369
t_wo + t_wo_cam
-1.16789 -0.0273633 0.0524369
Time
1558555791083
Theta
-0.0359409
t_GA - R_GA * R_AB * t_BA
-1.16789 -0.0273633 0.0524369
t_wo + t_wo_cam
-1.16789 -0.0273633 0.0524369
Time
1558555791107
Theta
-0.0359409
t_GA - R_GA * R_AB * t_BA
-1.16789 -0.0273633 0.0524369
t_wo + t_wo_cam
-1.16789 -0.0273633 0.0524369
Time
1558555791128
Theta
-0.0359409
t_GA - R_GA * R_AB * t_BA
-1.16789 -0.0273633 0.0524369
t_wo + t_wo_cam
-1.16789 -0.0273633 0.0524369
Time
1558555791148
Theta
-0.0359409
t_GA - R_GA * R_AB * t_BA
-1.1663 -0.0248327 0.0611882
t_wo + t_wo_cam
-1.16789 -0.0273633 0.0524369
Time
1558555791175
Theta
-0.0359409
t_GA - R_GA * R_AB * t_BA
-1.1663 -0.0248327 0.0611882
t_wo + t_wo_cam
-1.1663 -0.0248327 0.0611882
Time
1558555791193
Theta
-0.0357421
t_GA - R_GA * R_AB * t_BA
-1.1663 -0.0248327 0.0611882
t_wo + t_wo_cam
-1.1663 -0.0248327 0.0611882
Time
1558555791214
Theta
-0.0357421
t_GA - R_GA * R_AB * t_BA
-1.1663 -0.0248327 0.0611882
t_wo + t_wo_cam
-1.1663 -0.0248327 0.0611882
Time
1558555791238
Theta
-0.0357421
t_GA - R_GA * R_AB * t_BA
-1.1663 -0.0248327 0.0611882
t_wo + t_wo_cam
-1.1663 -0.0248327 0.0611882
Time
1558555791259
Theta
-0.0357421
t_GA - R_GA * R_AB * t_BA
-1.1663 -0.0248327 0.0611882
t_wo + t_wo_cam
-1.1663 -0.0248327 0.0611882
Time
1558555791279
Theta
-0.0357421
t_GA - R_GA * R_AB * t_BA
-1.16628 -0.028753 0.0605667
t_wo + t_wo_cam
-1.1663 -0.0248327 0.0611882
Time
1558555791304
Theta
-0.0357421
t_GA - R_GA * R_AB * t_BA
-1.16628 -0.028753 0.0605667
t_wo + t_wo_cam
-1.16628 -0.028753 0.0605667
Time
1558555791326
Theta
-0.0324956
t_GA - R_GA * R_AB * t_BA
-1.16628 -0.028753 0.0605667
t_wo + t_wo_cam
-1.16628 -0.028753 0.0605667
Time
1558555791345
Theta
-0.0324956
t_GA - R_GA * R_AB * t_BA
-1.16628 -0.028753 0.0605667
t_wo + t_wo_cam
-1.16628 -0.028753 0.0605667
Time
1558555791369
Theta
-0.0324956
t_GA - R_GA * R_AB * t_BA
-1.16628 -0.028753 0.0605667
t_wo + t_wo_cam
-1.16628 -0.028753 0.0605667
Time
1558555791390
Theta
-0.0324956
t_GA - R_GA * R_AB * t_BA
-1.16628 -0.028753 0.0605667
t_wo + t_wo_cam
-1.16628 -0.028753 0.0605667
Time
1558555791410
Theta
-0.0324956
t_GA - R_GA * R_AB * t_BA
-1.16647 -0.0244674 0.0584593
t_wo + t_wo_cam
-1.16628 -0.028753 0.0605667
Time
1558555791435
Theta
-0.0324956
t_GA - R_GA * R_AB * t_BA
-1.16647 -0.0244674 0.0584593
t_wo + t_wo_cam
-1.16647 -0.0244674 0.0584593
Time
1558555791455
Theta
-0.0356252
t_GA - R_GA * R_AB * t_BA
-1.16647 -0.0244674 0.0584593
t_wo + t_wo_cam
-1.16647 -0.0244674 0.0584593
Time
1558555791477
Theta
-0.0356252
t_GA - R_GA * R_AB * t_BA
-1.16647 -0.0244674 0.0584593
t_wo + t_wo_cam
-1.16647 -0.0244674 0.0584593
Time
1558555791500
Theta
-0.0356252
t_GA - R_GA * R_AB * t_BA
-1.16647 -0.0244674 0.0584593
t_wo + t_wo_cam
-1.16647 -0.0244674 0.0584593
Time
1558555791521
Theta
-0.0356252
t_GA - R_GA * R_AB * t_BA
-1.16647 -0.0244674 0.0584593
t_wo + t_wo_cam
-1.16647 -0.0244674 0.0584593
Time
1558555791541
Theta
-0.0356252
t_GA - R_GA * R_AB * t_BA
-1.16647 -0.0244674 0.0584593
t_wo + t_wo_cam
-1.16647 -0.0244674 0.0584593
Time
1558555791566
Theta
-0.0356252
t_GA - R_GA * R_AB * t_BA
-1.16647 -0.0244674 0.0584593
t_wo + t_wo_cam
-1.16647 -0.0244674 0.0584593
Time
1558555791586
Theta
-0.0356252
t_GA - R_GA * R_AB * t_BA
-1.16647 -0.0244674 0.0584593
t_wo + t_wo_cam
-1.16647 -0.0244674 0.0584593
Time
1558555791607
Theta
-0.0356252
t_GA - R_GA * R_AB * t_BA
-1.1661 -0.0303108 0.0607808
t_wo + t_wo_cam
-1.16647 -0.0244674 0.0584593
Time
1558555791633
Theta
-0.0356252
t_GA - R_GA * R_AB * t_BA
-1.1661 -0.0303108 0.0607808
t_wo + t_wo_cam
-1.1661 -0.0303108 0.0607808
Time
1558555791652
Theta
-0.0301803
t_GA - R_GA * R_AB * t_BA
-1.1661 -0.0303108 0.0607808
t_wo + t_wo_cam
-1.1661 -0.0303108 0.0607808
Time
1558555791672
Theta
-0.0301803
t_GA - R_GA * R_AB * t_BA
-1.1661 -0.0303108 0.0607808
t_wo + t_wo_cam
-1.1661 -0.0303108 0.0607808
Time
1558555791697
Theta
-0.0301803
t_GA - R_GA * R_AB * t_BA
-1.1661 -0.0303108 0.0607808
t_wo + t_wo_cam
-1.1661 -0.0303108 0.0607808
Time
1558555791717
Theta
-0.0301803
t_GA - R_GA * R_AB * t_BA
-1.1661 -0.0303108 0.0607808
t_wo + t_wo_cam
-1.1661 -0.0303108 0.0607808
Time
1558555791738
Theta
-0.0301803
t_GA - R_GA * R_AB * t_BA
-1.1661 -0.0303108 0.0607808
t_wo + t_wo_cam
-1.1661 -0.0303108 0.0607808
Time
1558555791762
Theta
-0.0301803
t_GA - R_GA * R_AB * t_BA
-1.16282 -0.0235734 0.0798086
t_wo + t_wo_cam
-1.1661 -0.0303108 0.0607808
Time
1558555791783
Theta
-0.0301803
t_GA - R_GA * R_AB * t_BA
-1.16282 -0.0235734 0.0798086
t_wo + t_wo_cam
-1.16282 -0.0235734 0.0798086
Time
1558555791803
Theta
-0.0352411
t_GA - R_GA * R_AB * t_BA
-1.16282 -0.0235734 0.0798086
t_wo + t_wo_cam
-1.16282 -0.0235734 0.0798086
Time
1558555791828
Theta
-0.0352411
t_GA - R_GA * R_AB * t_BA
-1.16282 -0.0235734 0.0798086
t_wo + t_wo_cam
-1.16282 -0.0235734 0.0798086
Time
1558555791849
Theta
-0.0352411
t_GA - R_GA * R_AB * t_BA
-1.16282 -0.0235734 0.0798086
t_wo + t_wo_cam
-1.16282 -0.0235734 0.0798086
Time
1558555791869
Theta
-0.0352411
t_GA - R_GA * R_AB * t_BA
-1.16282 -0.0235734 0.0798086
t_wo + t_wo_cam
-1.16282 -0.0235734 0.0798086
Time
1558555791894
Theta
-0.0352411
t_GA - R_GA * R_AB * t_BA
-1.16519 -0.0359575 0.0686604
t_wo + t_wo_cam
-1.16282 -0.0235734 0.0798086
Time
1558555791914
Theta
-0.0352411
t_GA - R_GA * R_AB * t_BA
-1.16519 -0.0359575 0.0686604
t_wo + t_wo_cam
-1.16519 -0.0359575 0.0686604
Time
1558555791935
Theta
-0.0244951
t_GA - R_GA * R_AB * t_BA
-1.16519 -0.0359575 0.0686604
t_wo + t_wo_cam
-1.16519 -0.0359575 0.0686604
Time
1558555791959
Theta
-0.0244951
t_GA - R_GA * R_AB * t_BA
-1.16519 -0.0359575 0.0686604
t_wo + t_wo_cam
-1.16519 -0.0359575 0.0686604
Time
1558555791980
Theta
-0.0244951
t_GA - R_GA * R_AB * t_BA
-1.16519 -0.0359575 0.0686604
t_wo + t_wo_cam
-1.16519 -0.0359575 0.0686604
Time
1558555792000
Theta
-0.0244951
t_GA - R_GA * R_AB * t_BA
-1.16806 -0.0255735 0.0598053
t_wo + t_wo_cam
-1.16519 -0.0359575 0.0686604
Time
1558555792025
Theta
-0.0244951
t_GA - R_GA * R_AB * t_BA
-1.16806 -0.0255735 0.0598053
t_wo + t_wo_cam
-1.16806 -0.0255735 0.0598053
Time
1558555792045
Theta
-0.0317316
t_GA - R_GA * R_AB * t_BA
-1.16806 -0.0255735 0.0598053
t_wo + t_wo_cam
-1.16806 -0.0255735 0.0598053
Time
1558555792066
Theta
-0.0317316
t_GA - R_GA * R_AB * t_BA
-1.16806 -0.0255735 0.0598053
t_wo + t_wo_cam
-1.16806 -0.0255735 0.0598053
Time
1558555792090
Theta
-0.0317316
t_GA - R_GA * R_AB * t_BA
-1.16766 -0.0151174 0.0632852
t_wo + t_wo_cam
-1.16806 -0.0255735 0.0598053
Time
1558555792111
Theta
-0.0317316
t_GA - R_GA * R_AB * t_BA
-1.16766 -0.0151174 0.0632852
t_wo + t_wo_cam
-1.16766 -0.0151174 0.0632852
Time
1558555792131
Theta
-0.0402499
t_GA - R_GA * R_AB * t_BA
-1.16766 -0.0151174 0.0632852
t_wo + t_wo_cam
-1.16766 -0.0151174 0.0632852
Time
1558555792156
Theta
-0.0402499
t_GA - R_GA * R_AB * t_BA
-1.16766 -0.0151174 0.0632852
t_wo + t_wo_cam
-1.16766 -0.0151174 0.0632852
Time
1558555792176
Theta
-0.0402499
t_GA - R_GA * R_AB * t_BA
-1.1677 -0.0295133 0.0601966
t_wo + t_wo_cam
-1.16766 -0.0151174 0.0632852
Time
1558555792197
Theta
-0.0402499
t_GA - R_GA * R_AB * t_BA
-1.1677 -0.0295133 0.0601966
t_wo + t_wo_cam
-1.1677 -0.0295133 0.0601966
Time
1558555792221
Theta
-0.0278583
t_GA - R_GA * R_AB * t_BA
-1.1677 -0.0295133 0.0601966
t_wo + t_wo_cam
-1.1677 -0.0295133 0.0601966
Time
1558555792242
Theta
-0.0278583
t_GA - R_GA * R_AB * t_BA
-1.1677 -0.0295133 0.0601966
t_wo + t_wo_cam
-1.1677 -0.0295133 0.0601966
Time
1558555792262
Theta
-0.0278583
t_GA - R_GA * R_AB * t_BA
-1.16673 -0.0287582 0.0664936
t_wo + t_wo_cam
-1.1677 -0.0295133 0.0601966
Time
1558555792287
Theta
-0.0278583
t_GA - R_GA * R_AB * t_BA
-1.16673 -0.0287582 0.0664936
t_wo + t_wo_cam
-1.16673 -0.0287582 0.0664936
Time
1558555792307
Theta
-0.0288452
t_GA - R_GA * R_AB * t_BA
-1.16673 -0.0287582 0.0664936
t_wo + t_wo_cam
-1.16673 -0.0287582 0.0664936
Time
1558555792328
Theta
-0.0288452
t_GA - R_GA * R_AB * t_BA
-1.16673 -0.0287582 0.0664936
t_wo + t_wo_cam
-1.16673 -0.0287582 0.0664936
Time
1558555792352
Theta
-0.0288452
t_GA - R_GA * R_AB * t_BA
-1.16595 -0.0252423 0.0701185
t_wo + t_wo_cam
-1.16673 -0.0287582 0.0664936
Time
1558555792373
Theta
-0.0288452
t_GA - R_GA * R_AB * t_BA
-1.16595 -0.0252423 0.0701185
t_wo + t_wo_cam
-1.16595 -0.0252423 0.0701185
Time
1558555792393
Theta
-0.0323906
t_GA - R_GA * R_AB * t_BA
-1.16595 -0.0252423 0.0701185
t_wo + t_wo_cam
-1.16595 -0.0252423 0.0701185
Time
1558555792418
Theta
-0.0323906
t_GA - R_GA * R_AB * t_BA
-1.16595 -0.0252423 0.0701185
t_wo + t_wo_cam
-1.16595 -0.0252423 0.0701185
Time
1558555792438
Theta
-0.0323906
t_GA - R_GA * R_AB * t_BA
-1.16595 -0.0252423 0.0701185
t_wo + t_wo_cam
-1.16595 -0.0252423 0.0701185
Time
1558555792459
Theta
-0.0323906
t_GA - R_GA * R_AB * t_BA
-1.16595 -0.0252423 0.0701185
t_wo + t_wo_cam
-1.16595 -0.0252423 0.0701185
Time
1558555792483
Theta
-0.0323906
t_GA - R_GA * R_AB * t_BA
-1.16435 -0.0243764 0.0752317
t_wo + t_wo_cam
-1.16595 -0.0252423 0.0701185
Time
1558555792504
Theta
-0.0323906
t_GA - R_GA * R_AB * t_BA
-1.16435 -0.0243764 0.0752317
t_wo + t_wo_cam
-1.16435 -0.0243764 0.0752317
Time
1558555792524
Theta
-0.0320588
t_GA - R_GA * R_AB * t_BA
-1.16435 -0.0243764 0.0752317
t_wo + t_wo_cam
-1.16435 -0.0243764 0.0752317
Time
1558555792549
Theta
-0.0320588
t_GA - R_GA * R_AB * t_BA
-1.16435 -0.0243764 0.0752317
t_wo + t_wo_cam
-1.16435 -0.0243764 0.0752317
Time
1558555792569
Theta
-0.0320588
t_GA - R_GA * R_AB * t_BA
-1.1644 -0.0254453 0.0739853
t_wo + t_wo_cam
-1.16435 -0.0243764 0.0752317
Time
1558555792590
Theta
-0.0320588
t_GA - R_GA * R_AB * t_BA
-1.1644 -0.0254453 0.0739853
t_wo + t_wo_cam
-1.1644 -0.0254453 0.0739853
Time
1558555792614
Theta
-0.0310552
t_GA - R_GA * R_AB * t_BA
-1.1644 -0.0254453 0.0739853
t_wo + t_wo_cam
-1.1644 -0.0254453 0.0739853
Time
1558555792635
Theta
-0.0310552
t_GA - R_GA * R_AB * t_BA
-1.1644 -0.0254453 0.0739853
t_wo + t_wo_cam
-1.1644 -0.0254453 0.0739853
Time
1558555792655
Theta
-0.0310552
t_GA - R_GA * R_AB * t_BA
-1.16512 -0.0229721 0.0716532
t_wo + t_wo_cam
-1.1644 -0.0254453 0.0739853
Time
1558555792680
Theta
-0.0310552
t_GA - R_GA * R_AB * t_BA
-1.16512 -0.0229721 0.0716532
t_wo + t_wo_cam
-1.16512 -0.0229721 0.0716532
Time
1558555792700
Theta
-0.0334274
t_GA - R_GA * R_AB * t_BA
-1.16512 -0.0229721 0.0716532
t_wo + t_wo_cam
-1.16512 -0.0229721 0.0716532
Time
1558555792721
Theta
-0.0334274
t_GA - R_GA * R_AB * t_BA
-1.16512 -0.0229721 0.0716532
t_wo + t_wo_cam
-1.16512 -0.0229721 0.0716532
Time
1558555792745
Theta
-0.0334274
t_GA - R_GA * R_AB * t_BA
-1.16512 -0.0229721 0.0716532
t_wo + t_wo_cam
-1.16512 -0.0229721 0.0716532
Time
1558555792766
Theta
-0.0334274
t_GA - R_GA * R_AB * t_BA
-1.16512 -0.0239624 0.0769696
t_wo + t_wo_cam
-1.16512 -0.0229721 0.0716532
Time
1558555792786
Theta
-0.0334274
t_GA - R_GA * R_AB * t_BA
-1.16512 -0.0239624 0.0769696
t_wo + t_wo_cam
-1.16512 -0.0239624 0.0769696
Time
1558555792811
Theta
-0.0321028
t_GA - R_GA * R_AB * t_BA
-1.16512 -0.0239624 0.0769696
t_wo + t_wo_cam
-1.16512 -0.0239624 0.0769696
Time
1558555792832
Theta
-0.0321028
t_GA - R_GA * R_AB * t_BA
-1.16512 -0.0239624 0.0769696
t_wo + t_wo_cam
-1.16512 -0.0239624 0.0769696
Time
1558555792852
Theta
-0.0321028
t_GA - R_GA * R_AB * t_BA
-1.16538 0.0680428 0.0921324
t_wo + t_wo_cam
-1.16512 -0.0239624 0.0769696
Time
1558555792877
Theta
-0.0321028
t_GA - R_GA * R_AB * t_BA
-1.16538 0.0680428 0.0921324
t_wo + t_wo_cam
-1.16538 0.0680428 0.0921324
Time
1558555792897
Theta
-0.110455
t_GA - R_GA * R_AB * t_BA
-1.16538 0.0680428 0.0921324
t_wo + t_wo_cam
-1.16538 0.0680428 0.0921324
Time
1558555792918
Theta
-0.110455
t_GA - R_GA * R_AB * t_BA
-1.16538 0.0680428 0.0921324
t_wo + t_wo_cam
-1.16538 0.0680428 0.0921324
Time
1558555792938
Theta
-0.110455
t_GA - R_GA * R_AB * t_BA
-1.1692 0.086199 0.075125
t_wo + t_wo_cam
-1.16538 0.0680428 0.0921324
Time
1558555792963
Theta
-0.110455
t_GA - R_GA * R_AB * t_BA
-1.1692 0.086199 0.075125
t_wo + t_wo_cam
-1.1692 0.086199 0.075125
Time
1558555792983
Theta
-0.129092
t_GA - R_GA * R_AB * t_BA
-1.1692 0.086199 0.075125
t_wo + t_wo_cam
-1.1692 0.086199 0.075125
Time
1558555793004
Theta
-0.129092
t_GA - R_GA * R_AB * t_BA
-1.1692 0.086199 0.075125
t_wo + t_wo_cam
-1.1692 0.086199 0.075125
Time
1558555793028
Theta
-0.129092
t_GA - R_GA * R_AB * t_BA
-1.16563 0.173944 0.0607247
t_wo + t_wo_cam
-1.1692 0.086199 0.075125
Time
1558555793049
Theta
-0.129092
t_GA - R_GA * R_AB * t_BA
-1.16563 0.173944 0.0607247
t_wo + t_wo_cam
-1.16563 0.173944 0.0607247
Time
1558555793069
Theta
-0.203504
t_GA - R_GA * R_AB * t_BA
-1.16563 0.173944 0.0607247
t_wo + t_wo_cam
-1.16563 0.173944 0.0607247
Time
1558555793094
Theta
-0.203504
t_GA - R_GA * R_AB * t_BA
-1.16563 0.173944 0.0607247
t_wo + t_wo_cam
-1.16563 0.173944 0.0607247
Time
1558555793114
Theta
-0.203504
t_GA - R_GA * R_AB * t_BA
-1.16678 0.195971 0.0160576
t_wo + t_wo_cam
-1.16563 0.173944 0.0607247
Time
1558555793135
Theta
-0.203504
t_GA - R_GA * R_AB * t_BA
-1.16678 0.195971 0.0160576
t_wo + t_wo_cam
-1.16678 0.195971 0.0160576
Time
1558555793159
Theta
-0.217714
t_GA - R_GA * R_AB * t_BA
-1.16678 0.195971 0.0160576
t_wo + t_wo_cam
-1.16678 0.195971 0.0160576
Time
1558555793180
Theta
-0.217714
t_GA - R_GA * R_AB * t_BA
-1.16678 0.195971 0.0160576
t_wo + t_wo_cam
-1.16678 0.195971 0.0160576
Time
1558555793200
Theta
-0.217714
t_GA - R_GA * R_AB * t_BA
-1.15872 0.242278 0.0228455
t_wo + t_wo_cam
-1.16678 0.195971 0.0160576
Time
1558555793225
Theta
-0.217714
t_GA - R_GA * R_AB * t_BA
-1.15872 0.242278 0.0228455
t_wo + t_wo_cam
-1.15872 0.242278 0.0228455
Time
1558555793245
Theta
-0.255789
t_GA - R_GA * R_AB * t_BA
-1.15872 0.242278 0.0228455
t_wo + t_wo_cam
-1.15872 0.242278 0.0228455
Time
1558555793266
Theta
-0.255789
t_GA - R_GA * R_AB * t_BA
-1.13277 0.343101 0.0483515
t_wo + t_wo_cam
-1.15872 0.242278 0.0228455
Time
1558555793290
Theta
-0.255789
t_GA - R_GA * R_AB * t_BA
-1.13277 0.343101 0.0483515
t_wo + t_wo_cam
-1.13277 0.343101 0.0483515
Time
1558555793311
Theta
-0.345876
t_GA - R_GA * R_AB * t_BA
-1.13277 0.343101 0.0483515
t_wo + t_wo_cam
-1.13277 0.343101 0.0483515
Time
1558555793331
Theta
-0.345876
t_GA - R_GA * R_AB * t_BA
-1.13277 0.343101 0.0483515
t_wo + t_wo_cam
-1.13277 0.343101 0.0483515
Time
1558555793356
Theta
-0.345876
t_GA - R_GA * R_AB * t_BA
-1.11304 0.39278 0.0718639
t_wo + t_wo_cam
-1.13277 0.343101 0.0483515
Time
1558555793376
Theta
-0.345876
t_GA - R_GA * R_AB * t_BA
-1.11304 0.39278 0.0718639
t_wo + t_wo_cam
-1.11304 0.39278 0.0718639
Time
1558555793397
Theta
-0.392695
t_GA - R_GA * R_AB * t_BA
-1.11304 0.39278 0.0718639
t_wo + t_wo_cam
-1.11304 0.39278 0.0718639
Time
1558555793421
Theta
-0.392695
t_GA - R_GA * R_AB * t_BA
-1.11304 0.39278 0.0718639
t_wo + t_wo_cam
-1.11304 0.39278 0.0718639
Time
1558555793442
Theta
-0.392695
t_GA - R_GA * R_AB * t_BA
-1.09484 0.433466 0.0780224
t_wo + t_wo_cam
-1.11304 0.39278 0.0718639
Time
1558555793462
Theta
-0.392695
t_GA - R_GA * R_AB * t_BA
-1.09484 0.433466 0.0780224
t_wo + t_wo_cam
-1.09484 0.433466 0.0780224
Time
1558555793487
Theta
-0.432896
t_GA - R_GA * R_AB * t_BA
-1.09484 0.433466 0.0780224
t_wo + t_wo_cam
-1.09484 0.433466 0.0780224
Time
1558555793507
Theta
-0.432896
t_GA - R_GA * R_AB * t_BA
-1.09484 0.433466 0.0780224
t_wo + t_wo_cam
-1.09484 0.433466 0.0780224
Time
1558555793528
Theta
-0.432896
t_GA - R_GA * R_AB * t_BA
-1.09484 0.433466 0.0780224
t_wo + t_wo_cam
-1.09484 0.433466 0.0780224
Time
1558555793552
Theta
-0.432896
t_GA - R_GA * R_AB * t_BA
-1.07375 0.477241 0.0888838
t_wo + t_wo_cam
-1.09484 0.433466 0.0780224
Time
1558555793573
Theta
-0.432896
t_GA - R_GA * R_AB * t_BA
-1.07375 0.477241 0.0888838
t_wo + t_wo_cam
-1.07375 0.477241 0.0888838
Time
1558555793593
Theta
-0.47924
t_GA - R_GA * R_AB * t_BA
-1.07375 0.477241 0.0888838
t_wo + t_wo_cam
-1.07375 0.477241 0.0888838
Time
1558555793618
Theta
-0.47924
t_GA - R_GA * R_AB * t_BA
-1.07375 0.477241 0.0888838
t_wo + t_wo_cam
-1.07375 0.477241 0.0888838
Time
1558555793638
Theta
-0.47924
t_GA - R_GA * R_AB * t_BA
-1.06881 0.485575 0.0988309
t_wo + t_wo_cam
-1.06881 0.485575 0.0988309
Time
1558555793659
Theta
-0.47924
t_GA - R_GA * R_AB * t_BA
-1.06881 0.485575 0.0988309
t_wo + t_wo_cam
-1.06881 0.485575 0.0988309
Time
1558555793683
Theta
-0.489026
t_GA - R_GA * R_AB * t_BA
-1.06881 0.485575 0.0988309
t_wo + t_wo_cam
-1.06881 0.485575 0.0988309
Time
1558555793704
Theta
-0.489026
t_GA - R_GA * R_AB * t_BA
-1.05836 0.506019 0.0994427
t_wo + t_wo_cam
-1.06881 0.485575 0.0988309
Time
1558555793724
Theta
-0.489026
t_GA - R_GA * R_AB * t_BA
-1.05836 0.506019 0.0994427
t_wo + t_wo_cam
-1.05836 0.506019 0.0994427
Time
1558555793749
Theta
-0.509775
t_GA - R_GA * R_AB * t_BA
-1.05836 0.506019 0.0994427
t_wo + t_wo_cam
-1.05836 0.506019 0.0994427
Time
1558555793769
Theta
-0.509775
t_GA - R_GA * R_AB * t_BA
-1.05836 0.506019 0.0994427
t_wo + t_wo_cam
-1.05836 0.506019 0.0994427
Time
1558555793790
Theta
-0.509775
t_GA - R_GA * R_AB * t_BA
-1.04856 0.531155 0.0907063
t_wo + t_wo_cam
-1.05836 0.506019 0.0994427
Time
1558555793815
Theta
-0.509775
t_GA - R_GA * R_AB * t_BA
-1.04856 0.531155 0.0907063
t_wo + t_wo_cam
-1.04856 0.531155 0.0907063
Time
1558555793835
Theta
-0.533937
t_GA - R_GA * R_AB * t_BA
-1.04856 0.531155 0.0907063
t_wo + t_wo_cam
-1.04856 0.531155 0.0907063
Time
1558555793855
Theta
-0.533937
t_GA - R_GA * R_AB * t_BA
-1.04856 0.531155 0.0907063
t_wo + t_wo_cam
-1.04856 0.531155 0.0907063
Time
1558555793880
Theta
-0.533937
t_GA - R_GA * R_AB * t_BA
-1.03332 0.574306 0.0583281
t_wo + t_wo_cam
-1.04856 0.531155 0.0907063
Time
1558555793901
Theta
-0.533937
t_GA - R_GA * R_AB * t_BA
-1.03332 0.574306 0.0583281
t_wo + t_wo_cam
-1.03332 0.574306 0.0583281
Time
1558555793921
Theta
-0.574007
t_GA - R_GA * R_AB * t_BA
-1.03332 0.574306 0.0583281
t_wo + t_wo_cam
-1.03332 0.574306 0.0583281
Time
1558555793946
Theta
-0.574007
t_GA - R_GA * R_AB * t_BA
-1.03332 0.574306 0.0583281
t_wo + t_wo_cam
-1.03332 0.574306 0.0583281
Time
1558555793966
Theta
-0.574007
t_GA - R_GA * R_AB * t_BA
-1.02619 0.592638 0.0428908
t_wo + t_wo_cam
-1.03332 0.574306 0.0583281
Time
1558555793987
Theta
-0.574007
t_GA - R_GA * R_AB * t_BA
-1.02619 0.592638 0.0428908
t_wo + t_wo_cam
-1.02619 0.592638 0.0428908
Time
1558555794011
Theta
-0.592183
t_GA - R_GA * R_AB * t_BA
-1.02619 0.592638 0.0428908
t_wo + t_wo_cam
-1.02619 0.592638 0.0428908
Time
1558555794032
Theta
-0.592183
t_GA - R_GA * R_AB * t_BA
-1.02619 0.592638 0.0428908
t_wo + t_wo_cam
-1.02619 0.592638 0.0428908
Time
1558555794052
Theta
-0.592183
t_GA - R_GA * R_AB * t_BA
-1.01203 0.618502 0.0345516
t_wo + t_wo_cam
-1.02619 0.592638 0.0428908
Time
1558555794077
Theta
-0.592183
t_GA - R_GA * R_AB * t_BA
-1.01203 0.618502 0.0345516
t_wo + t_wo_cam
-1.01203 0.618502 0.0345516
Time
1558555794097
Theta
-0.617442
t_GA - R_GA * R_AB * t_BA
-1.01203 0.618502 0.0345516
t_wo + t_wo_cam
-1.01203 0.618502 0.0345516
Time
1558555794118
Theta
-0.617442
t_GA - R_GA * R_AB * t_BA
-1.01203 0.618502 0.0345516
t_wo + t_wo_cam
-1.01203 0.618502 0.0345516
Time
1558555794142
Theta
-0.617442
t_GA - R_GA * R_AB * t_BA
-0.991747 0.644142 0.0697541
t_wo + t_wo_cam
-1.01203 0.618502 0.0345516
Time
1558555794163
Theta
-0.617442
t_GA - R_GA * R_AB * t_BA
-0.991747 0.644142 0.0697541
t_wo + t_wo_cam
-0.991747 0.644142 0.0697541
Time
1558555794183
Theta
-0.644186
t_GA - R_GA * R_AB * t_BA
-0.991747 0.644142 0.0697541
t_wo + t_wo_cam
-0.991747 0.644142 0.0697541
Time
1558555794208
Theta
-0.644186
t_GA - R_GA * R_AB * t_BA
-0.991747 0.644142 0.0697541
t_wo + t_wo_cam
-0.991747 0.644142 0.0697541
Time
1558555794228
Theta
-0.644186
t_GA - R_GA * R_AB * t_BA
-0.991747 0.644142 0.0697541
t_wo + t_wo_cam
-0.991747 0.644142 0.0697541
Time
1558555794249
Theta
-0.644186
t_GA - R_GA * R_AB * t_BA
-0.979585 0.657465 0.0975729
t_wo + t_wo_cam
-0.991747 0.644142 0.0697541
Time
1558555794273
Theta
-0.644186
t_GA - R_GA * R_AB * t_BA
-0.979585 0.657465 0.0975729
t_wo + t_wo_cam
-0.979585 0.657465 0.0975729
Time
1558555794294
Theta
-0.658183
t_GA - R_GA * R_AB * t_BA
-0.979585 0.657465 0.0975729
t_wo + t_wo_cam
-0.979585 0.657465 0.0975729
Time
1558555794314
Theta
-0.658183
t_GA - R_GA * R_AB * t_BA
-0.977147 0.658219 0.113154
t_wo + t_wo_cam
-0.979585 0.657465 0.0975729
Time
1558555794339
Theta
-0.658183
t_GA - R_GA * R_AB * t_BA
-0.977147 0.658219 0.113154
t_wo + t_wo_cam
-0.977147 0.658219 0.113154
Time
1558555794359
Theta
-0.66009
t_GA - R_GA * R_AB * t_BA
-0.977147 0.658219 0.113154
t_wo + t_wo_cam
-0.977147 0.658219 0.113154
Time
1558555794380
Theta
-0.66009
t_GA - R_GA * R_AB * t_BA
-0.977147 0.658219 0.113154
t_wo + t_wo_cam
-0.977147 0.658219 0.113154
Time
1558555794404
Theta
-0.66009
t_GA - R_GA * R_AB * t_BA
-0.972795 0.661942 0.127641
t_wo + t_wo_cam
-0.977147 0.658219 0.113154
Time
1558555794425
Theta
-0.66009
t_GA - R_GA * R_AB * t_BA
-0.972795 0.661942 0.127641
t_wo + t_wo_cam
-0.972795 0.661942 0.127641
Time
1558555794445
Theta
-0.664303
t_GA - R_GA * R_AB * t_BA
-0.972795 0.661942 0.127641
t_wo + t_wo_cam
-0.972795 0.661942 0.127641
Time
1558555794470
Theta
-0.664303
t_GA - R_GA * R_AB * t_BA
-0.972795 0.661942 0.127641
t_wo + t_wo_cam
-0.972795 0.661942 0.127641
Time
1558555794490
Theta
-0.664303
t_GA - R_GA * R_AB * t_BA
-0.973106 0.66319 0.121129
t_wo + t_wo_cam
-0.972795 0.661942 0.127641
Time
1558555794511
Theta
-0.664303
t_GA - R_GA * R_AB * t_BA
-0.973106 0.66319 0.121129
t_wo + t_wo_cam
-0.973106 0.66319 0.121129
Time
1558555794535
Theta
-0.665121
t_GA - R_GA * R_AB * t_BA
-0.973106 0.66319 0.121129
t_wo + t_wo_cam
-0.973106 0.66319 0.121129
Time
1558555794556
Theta
-0.665121
t_GA - R_GA * R_AB * t_BA
-0.973106 0.66319 0.121129
t_wo + t_wo_cam
-0.973106 0.66319 0.121129
Time
1558555794576
Theta
-0.665121
t_GA - R_GA * R_AB * t_BA
-0.973106 0.66319 0.121129
t_wo + t_wo_cam
-0.973106 0.66319 0.121129
Time
1558555794601
Theta
-0.665121
t_GA - R_GA * R_AB * t_BA
-0.969092 0.674567 0.108821
t_wo + t_wo_cam
-0.973106 0.66319 0.121129
Time
1558555794621
Theta
-0.665121
t_GA - R_GA * R_AB * t_BA
-0.969092 0.674567 0.108821
t_wo + t_wo_cam
-0.969092 0.674567 0.108821
Time
1558555794642
Theta
-0.675859
t_GA - R_GA * R_AB * t_BA
-0.969092 0.674567 0.108821
t_wo + t_wo_cam
-0.969092 0.674567 0.108821
Time
1558555794666
Theta
-0.675859
t_GA - R_GA * R_AB * t_BA
-0.969092 0.674567 0.108821
t_wo + t_wo_cam
-0.969092 0.674567 0.108821
Time
1558555794687
Theta
-0.675859
t_GA - R_GA * R_AB * t_BA
-0.969092 0.674567 0.108821
t_wo + t_wo_cam
-0.969092 0.674567 0.108821
Time
1558555794707
Theta
-0.675859
t_GA - R_GA * R_AB * t_BA
-0.958706 0.704165 0.0829016
t_wo + t_wo_cam
-0.969092 0.674567 0.108821
Time
1558555794732
Theta
-0.675859
t_GA - R_GA * R_AB * t_BA
-0.958706 0.704165 0.0829016
t_wo + t_wo_cam
-0.958706 0.704165 0.0829016
Time
1558555794752
Theta
-0.702568
t_GA - R_GA * R_AB * t_BA
-0.958706 0.704165 0.0829016
t_wo + t_wo_cam
-0.958706 0.704165 0.0829016
Time
1558555794773
Theta
-0.702568
t_GA - R_GA * R_AB * t_BA
-0.955659 0.712511 0.0733132
t_wo + t_wo_cam
-0.958706 0.704165 0.0829016
Time
1558555794793
Theta
-0.702568
t_GA - R_GA * R_AB * t_BA
-0.955659 0.712511 0.0733132
t_wo + t_wo_cam
-0.955659 0.712511 0.0733132
Time
1558555794818
Theta
-0.710471
t_GA - R_GA * R_AB * t_BA
-0.955659 0.712511 0.0733132
t_wo + t_wo_cam
-0.955659 0.712511 0.0733132
Time
1558555794838
Theta
-0.710471
t_GA - R_GA * R_AB * t_BA
-0.955659 0.712511 0.0733132
t_wo + t_wo_cam
-0.955659 0.712511 0.0733132
Time
1558555794859
Theta
-0.710471
t_GA - R_GA * R_AB * t_BA
-0.946044 0.729773 0.0720379
t_wo + t_wo_cam
-0.955659 0.712511 0.0733132
Time
1558555794884
Theta
-0.710471
t_GA - R_GA * R_AB * t_BA
-0.946044 0.729773 0.0720379
t_wo + t_wo_cam
-0.946044 0.729773 0.0720379
Time
1558555794904
Theta
-0.727324
t_GA - R_GA * R_AB * t_BA
-0.946044 0.729773 0.0720379
t_wo + t_wo_cam
-0.946044 0.729773 0.0720379
Time
1558555794924
Theta
-0.727324
t_GA - R_GA * R_AB * t_BA
-0.946044 0.729773 0.0720379
t_wo + t_wo_cam
-0.946044 0.729773 0.0720379
Time
1558555794949
Theta
-0.727324
t_GA - R_GA * R_AB * t_BA
-0.947988 0.728211 0.070744
t_wo + t_wo_cam
-0.946044 0.729773 0.0720379
Time
1558555794970
Theta
-0.727324
t_GA - R_GA * R_AB * t_BA
-0.947988 0.728211 0.070744
t_wo + t_wo_cam
-0.947988 0.728211 0.070744
Time
1558555794990
Theta
-0.725592
t_GA - R_GA * R_AB * t_BA
-0.947988 0.728211 0.070744
t_wo + t_wo_cam
-0.947988 0.728211 0.070744
Time
1558555795015
Theta
-0.725592
t_GA - R_GA * R_AB * t_BA
-0.947988 0.728211 0.070744
t_wo + t_wo_cam
-0.947988 0.728211 0.070744
Time
1558555795035
Theta
-0.725592
t_GA - R_GA * R_AB * t_BA
-0.943078 0.732837 0.0714423
t_wo + t_wo_cam
-0.947988 0.728211 0.070744
Time
1558555795056
Theta
-0.725592
t_GA - R_GA * R_AB * t_BA
-0.943078 0.732837 0.0714423
t_wo + t_wo_cam
-0.943078 0.732837 0.0714423
Time
1558555795080
Theta
-0.730833
t_GA - R_GA * R_AB * t_BA
-0.943078 0.732837 0.0714423
t_wo + t_wo_cam
-0.943078 0.732837 0.0714423
Time
1558555795100
Theta
-0.730833
t_GA - R_GA * R_AB * t_BA
-0.943078 0.732837 0.0714423
t_wo + t_wo_cam
-0.943078 0.732837 0.0714423
Time
1558555795121
Theta
-0.730833
t_GA - R_GA * R_AB * t_BA
-0.935942 0.744817 0.0744172
t_wo + t_wo_cam
-0.943078 0.732837 0.0714423
Time
1558555795146
Theta
-0.730833
t_GA - R_GA * R_AB * t_BA
-0.935942 0.744817 0.0744172
t_wo + t_wo_cam
-0.935942 0.744817 0.0744172
Time
1558555795166
Theta
-0.742792
t_GA - R_GA * R_AB * t_BA
-0.935942 0.744817 0.0744172
t_wo + t_wo_cam
-0.935942 0.744817 0.0744172
Time
1558555795187
Theta
-0.742792
t_GA - R_GA * R_AB * t_BA
-0.935942 0.744817 0.0744172
t_wo + t_wo_cam
-0.935942 0.744817 0.0744172
Time
1558555795211
Theta
-0.742792
t_GA - R_GA * R_AB * t_BA
-0.935743 0.746832 0.0769824
t_wo + t_wo_cam
-0.935942 0.744817 0.0744172
Time
1558555795232
Theta
-0.742792
t_GA - R_GA * R_AB * t_BA
-0.935743 0.746832 0.0769824
t_wo + t_wo_cam
-0.935743 0.746832 0.0769824
Time
1558555795252
Theta
-0.744433
t_GA - R_GA * R_AB * t_BA
-0.935743 0.746832 0.0769824
t_wo + t_wo_cam
-0.935743 0.746832 0.0769824
Time
1558555795277
Theta
-0.744433
t_GA - R_GA * R_AB * t_BA
-0.935743 0.746832 0.0769824
t_wo + t_wo_cam
-0.935743 0.746832 0.0769824
Time
1558555795297
Theta
-0.744433
t_GA - R_GA * R_AB * t_BA
-0.92869 0.755573 0.078899
t_wo + t_wo_cam
-0.935743 0.746832 0.0769824
Time
1558555795318
Theta
-0.744433
t_GA - R_GA * R_AB * t_BA
-0.92869 0.755573 0.078899
t_wo + t_wo_cam
-0.92869 0.755573 0.078899
Time
1558555795342
Theta
-0.753699
t_GA - R_GA * R_AB * t_BA
-0.92869 0.755573 0.078899
t_wo + t_wo_cam
-0.92869 0.755573 0.078899
Time
1558555795363
Theta
-0.753699
t_GA - R_GA * R_AB * t_BA
-0.92869 0.755573 0.078899
t_wo + t_wo_cam
-0.92869 0.755573 0.078899
Time
1558555795383
Theta
-0.753699
t_GA - R_GA * R_AB * t_BA
-0.92624 0.760424 0.0773751
t_wo + t_wo_cam
-0.92869 0.755573 0.078899
Time
1558555795408
Theta
-0.753699
t_GA - R_GA * R_AB * t_BA
-0.92624 0.760424 0.0773751
t_wo + t_wo_cam
-0.92624 0.760424 0.0773751
Time
1558555795428
Theta
-0.75901
t_GA - R_GA * R_AB * t_BA
-0.92624 0.760424 0.0773751
t_wo + t_wo_cam
-0.92624 0.760424 0.0773751
Time
1558555795449
Theta
-0.75901
t_GA - R_GA * R_AB * t_BA
-0.92624 0.760424 0.0773751
t_wo + t_wo_cam
-0.92624 0.760424 0.0773751
Time
1558555795473
Theta
-0.75901
t_GA - R_GA * R_AB * t_BA
-0.925843 0.760135 0.0773761
t_wo + t_wo_cam
-0.92624 0.760424 0.0773751
Time
1558555795494
Theta
-0.75901
t_GA - R_GA * R_AB * t_BA
-0.925843 0.760135 0.0773761
t_wo + t_wo_cam
-0.925843 0.760135 0.0773761
Time
1558555795514
Theta
-0.759333
t_GA - R_GA * R_AB * t_BA
-0.925843 0.760135 0.0773761
t_wo + t_wo_cam
-0.925843 0.760135 0.0773761
Time
1558555795539
Theta
-0.759333
t_GA - R_GA * R_AB * t_BA
-0.925843 0.760135 0.0773761
t_wo + t_wo_cam
-0.925843 0.760135 0.0773761
Time
1558555795559
Theta
-0.759333
t_GA - R_GA * R_AB * t_BA
-0.925108 0.761482 0.0798757
t_wo + t_wo_cam
-0.925843 0.760135 0.0773761
Time
1558555795580
Theta
-0.759333
t_GA - R_GA * R_AB * t_BA
-0.925108 0.761482 0.0798757
t_wo + t_wo_cam
-0.925108 0.761482 0.0798757
Time
1558555795604
Theta
-0.760684
t_GA - R_GA * R_AB * t_BA
-0.925108 0.761482 0.0798757
t_wo + t_wo_cam
-0.925108 0.761482 0.0798757
Time
1558555795625
Theta
-0.760684
t_GA - R_GA * R_AB * t_BA
-0.925108 0.761482 0.0798757
t_wo + t_wo_cam
-0.925108 0.761482 0.0798757
Time
1558555795645
Theta
-0.760684
t_GA - R_GA * R_AB * t_BA
-0.941052 0.739636 0.0765984
t_wo + t_wo_cam
-0.925108 0.761482 0.0798757
Time
1558555795670
Theta
-0.760684
t_GA - R_GA * R_AB * t_BA
-0.941052 0.739636 0.0765984
t_wo + t_wo_cam
-0.941052 0.739636 0.0765984
Time
1558555795690
Theta
-0.738441
t_GA - R_GA * R_AB * t_BA
-0.941052 0.739636 0.0765984
t_wo + t_wo_cam
-0.941052 0.739636 0.0765984
Time
1558555795711
Theta
-0.738441
t_GA - R_GA * R_AB * t_BA
-0.960668 0.710525 0.0717277
t_wo + t_wo_cam
-0.941052 0.739636 0.0765984
Time
1558555795735
Theta
-0.738441
t_GA - R_GA * R_AB * t_BA
-0.960668 0.710525 0.0717277
t_wo + t_wo_cam
-0.960668 0.710525 0.0717277
Time
1558555795756
Theta
-0.708553
t_GA - R_GA * R_AB * t_BA
-0.960668 0.710525 0.0717277
t_wo + t_wo_cam
-0.960668 0.710525 0.0717277
Time
1558555795776
Theta
-0.708553
t_GA - R_GA * R_AB * t_BA
-0.960668 0.710525 0.0717277
t_wo + t_wo_cam
-0.960668 0.710525 0.0717277
Time
1558555795801
Theta
-0.708553
t_GA - R_GA * R_AB * t_BA
-0.960668 0.710525 0.0717277
t_wo + t_wo_cam
-0.960668 0.710525 0.0717277
Time
1558555795821
Theta
-0.708553
t_GA - R_GA * R_AB * t_BA
-0.994463 0.658761 0.0587047
t_wo + t_wo_cam
-0.960668 0.710525 0.0717277
Time
1558555795842
Theta
-0.708553
t_GA - R_GA * R_AB * t_BA
-0.994463 0.658761 0.0587047
t_wo + t_wo_cam
-0.994463 0.658761 0.0587047
Time
1558555795867
Theta
-0.655994
t_GA - R_GA * R_AB * t_BA
-0.994463 0.658761 0.0587047
t_wo + t_wo_cam
-0.994463 0.658761 0.0587047
Time
1558555795887
Theta
-0.655994
t_GA - R_GA * R_AB * t_BA
-0.994463 0.658761 0.0587047
t_wo + t_wo_cam
-0.994463 0.658761 0.0587047
Time
1558555795907
Theta
-0.655994
t_GA - R_GA * R_AB * t_BA
-1.0163 0.617961 0.0527023
t_wo + t_wo_cam
-0.994463 0.658761 0.0587047
Time
1558555795932
Theta
-0.655994
t_GA - R_GA * R_AB * t_BA
-1.0163 0.617961 0.0527023
t_wo + t_wo_cam
-1.0163 0.617961 0.0527023
Time
1558555795953
Theta
-0.615835
t_GA - R_GA * R_AB * t_BA
-1.0163 0.617961 0.0527023
t_wo + t_wo_cam
-1.0163 0.617961 0.0527023
Time
1558555795973
Theta
-0.615835
t_GA - R_GA * R_AB * t_BA
-1.0163 0.617961 0.0527023
t_wo + t_wo_cam
-1.0163 0.617961 0.0527023
Time
1558555795998
Theta
-0.615835
t_GA - R_GA * R_AB * t_BA
-1.08894 0.460824 0.0415518
t_wo + t_wo_cam
-1.0163 0.617961 0.0527023
Time
1558555796018
Theta
-0.615835
t_GA - R_GA * R_AB * t_BA
-1.08894 0.460824 0.0415518
t_wo + t_wo_cam
-1.08894 0.460824 0.0415518
Time
1558555796039
Theta
-0.465913
t_GA - R_GA * R_AB * t_BA
-1.08894 0.460824 0.0415518
t_wo + t_wo_cam
-1.08894 0.460824 0.0415518
Time
1558555796063
Theta
-0.465913
t_GA - R_GA * R_AB * t_BA
-1.08894 0.460824 0.0415518
t_wo + t_wo_cam
-1.08894 0.460824 0.0415518
Time
1558555796084
Theta
-0.465913
t_GA - R_GA * R_AB * t_BA
-1.10906 0.391831 0.0501732
t_wo + t_wo_cam
-1.08894 0.460824 0.0415518
Time
1558555796104
Theta
-0.465913
t_GA - R_GA * R_AB * t_BA
-1.10906 0.391831 0.0501732
t_wo + t_wo_cam
-1.10906 0.391831 0.0501732
Time
1558555796129
Theta
-0.405569
t_GA - R_GA * R_AB * t_BA
-1.10906 0.391831 0.0501732
t_wo + t_wo_cam
-1.10906 0.391831 0.0501732
Time
1558555796149
Theta
-0.405569
t_GA - R_GA * R_AB * t_BA
-1.10906 0.391831 0.0501732
t_wo + t_wo_cam
-1.10906 0.391831 0.0501732
Time
1558555796170
Theta
-0.405569
t_GA - R_GA * R_AB * t_BA
-1.13782 0.228563 0.0814507
t_wo + t_wo_cam
-1.10906 0.391831 0.0501732
Time
1558555796194
Theta
-0.405569
t_GA - R_GA * R_AB * t_BA
-1.13782 0.228563 0.0814507
t_wo + t_wo_cam
-1.13782 0.228563 0.0814507
Time
1558555796215
Theta
-0.259203
t_GA - R_GA * R_AB * t_BA
-1.13782 0.228563 0.0814507
t_wo + t_wo_cam
-1.13782 0.228563 0.0814507
Time
1558555796235
Theta
-0.259203
t_GA - R_GA * R_AB * t_BA
-1.13782 0.228563 0.0814507
t_wo + t_wo_cam
-1.13782 0.228563 0.0814507
Time
1558555796260
Theta
-0.259203
t_GA - R_GA * R_AB * t_BA
-1.14057 0.149872 0.108633
t_wo + t_wo_cam
-1.13782 0.228563 0.0814507
Time
1558555796280
Theta
-0.259203
t_GA - R_GA * R_AB * t_BA
-1.14057 0.149872 0.108633
t_wo + t_wo_cam
-1.14057 0.149872 0.108633
Time
1558555796301
Theta
-0.18778
t_GA - R_GA * R_AB * t_BA
-1.14057 0.149872 0.108633
t_wo + t_wo_cam
-1.14057 0.149872 0.108633
Time
1558555796325
Theta
-0.18778
t_GA - R_GA * R_AB * t_BA
-1.14057 0.149872 0.108633
t_wo + t_wo_cam
-1.14057 0.149872 0.108633
Time
1558555796346
Theta
-0.18778
t_GA - R_GA * R_AB * t_BA
-1.13412 0.0920632 0.144549
t_wo + t_wo_cam
-1.14057 0.149872 0.108633
Time
1558555796366
Theta
-0.18778
t_GA - R_GA * R_AB * t_BA
-1.13412 0.0920632 0.144549
t_wo + t_wo_cam
-1.13412 0.0920632 0.144549
Time
1558555796391
Theta
-0.135719
t_GA - R_GA * R_AB * t_BA
-1.13412 0.0920632 0.144549
t_wo + t_wo_cam
-1.13412 0.0920632 0.144549
Time
1558555796411
Theta
-0.135719
t_GA - R_GA * R_AB * t_BA
-1.13412 0.0920632 0.144549
t_wo + t_wo_cam
-1.13412 0.0920632 0.144549
Time
1558555796432
Theta
-0.135719
t_GA - R_GA * R_AB * t_BA
-1.11885 -0.00483401 0.181336
t_wo + t_wo_cam
-1.13412 0.0920632 0.144549
Time
1558555796456
Theta
-0.135719
t_GA - R_GA * R_AB * t_BA
-1.11885 -0.00483401 0.181336
t_wo + t_wo_cam
-1.11885 -0.00483401 0.181336
Time
1558555796477
Theta
-0.0511317
t_GA - R_GA * R_AB * t_BA
-1.11885 -0.00483401 0.181336
t_wo + t_wo_cam
-1.11885 -0.00483401 0.181336
Time
1558555796497
Theta
-0.0511317
t_GA - R_GA * R_AB * t_BA
-1.11885 -0.00483401 0.181336
t_wo + t_wo_cam
-1.11885 -0.00483401 0.181336
Time
1558555796522
Theta
-0.0511317
t_GA - R_GA * R_AB * t_BA
-1.11158 -0.0470498 0.192543
t_wo + t_wo_cam
-1.11885 -0.00483401 0.181336
Time
1558555796542
Theta
-0.0511317
t_GA - R_GA * R_AB * t_BA
-1.11158 -0.0470498 0.192543
t_wo + t_wo_cam
-1.11158 -0.0470498 0.192543
Time
1558555796563
Theta
0.031844
t_GA - R_GA * R_AB * t_BA
-1.11158 -0.0470498 0.192543
t_wo + t_wo_cam
-1.11158 -0.0470498 0.192543
Time
1558555796587
Theta
0.031844
t_GA - R_GA * R_AB * t_BA
-1.11158 -0.0470498 0.192543
t_wo + t_wo_cam
-1.11158 -0.0470498 0.192543
Time
1558555796608
Theta
0.031844
t_GA - R_GA * R_AB * t_BA
-1.10573 -0.0940469 0.19315
t_wo + t_wo_cam
-1.11158 -0.0470498 0.192543
Time
1558555796628
Theta
0.031844
t_GA - R_GA * R_AB * t_BA
-1.10573 -0.0940469 0.19315
t_wo + t_wo_cam
-1.10573 -0.0940469 0.19315
Time
1558555796653
Theta
0.0463716
t_GA - R_GA * R_AB * t_BA
-1.10573 -0.0940469 0.19315
t_wo + t_wo_cam
-1.10573 -0.0940469 0.19315
Time
1558555796673
Theta
0.0463716
t_GA - R_GA * R_AB * t_BA
-1.10573 -0.0940469 0.19315
t_wo + t_wo_cam
-1.10573 -0.0940469 0.19315
Time
1558555796694
Theta
0.0463716
t_GA - R_GA * R_AB * t_BA
-1.10573 -0.0940469 0.19315
t_wo + t_wo_cam
-1.10573 -0.0940469 0.19315
Time
1558555796714
Theta
0.0463716
t_GA - R_GA * R_AB * t_BA
-1.10195 -0.0976247 0.200254
t_wo + t_wo_cam
-1.10573 -0.0940469 0.19315
Time
1558555796739
Theta
0.0463716
t_GA - R_GA * R_AB * t_BA
-1.10195 -0.0976247 0.200254
t_wo + t_wo_cam
-1.10195 -0.0976247 0.200254
Time
1558555796759
Theta
0.0459559
t_GA - R_GA * R_AB * t_BA
-1.10195 -0.0976247 0.200254
t_wo + t_wo_cam
-1.10195 -0.0976247 0.200254
Time
1558555796780
Theta
0.0459559
t_GA - R_GA * R_AB * t_BA
-1.10195 -0.0976247 0.200254
t_wo + t_wo_cam
-1.10195 -0.0976247 0.200254
Time
1558555796804
Theta
0.0459559
t_GA - R_GA * R_AB * t_BA
-1.10588 -0.124336 0.176279
t_wo + t_wo_cam
-1.10195 -0.0976247 0.200254
Time
1558555796825
Theta
0.0459559
t_GA - R_GA * R_AB * t_BA
-1.10588 -0.124336 0.176279
t_wo + t_wo_cam
-1.10588 -0.124336 0.176279
Time
1558555796845
Theta
0.0686691
t_GA - R_GA * R_AB * t_BA
-1.10588 -0.124336 0.176279
t_wo + t_wo_cam
-1.10588 -0.124336 0.176279
Time
1558555796870
Theta
0.0686691
t_GA - R_GA * R_AB * t_BA
-1.10588 -0.124336 0.176279
t_wo + t_wo_cam
-1.10588 -0.124336 0.176279
Time
1558555796890
Theta
0.0686691
t_GA - R_GA * R_AB * t_BA
-1.1096 -0.146556 0.151521
t_wo + t_wo_cam
-1.10588 -0.124336 0.176279
Time
1558555796911
Theta
0.0686691
t_GA - R_GA * R_AB * t_BA
-1.1096 -0.146556 0.151521
t_wo + t_wo_cam
-1.1096 -0.146556 0.151521
Time
1558555796936
Theta
0.0880949
t_GA - R_GA * R_AB * t_BA
-1.1096 -0.146556 0.151521
t_wo + t_wo_cam
-1.1096 -0.146556 0.151521
Time
1558555796956
Theta
0.0880949
t_GA - R_GA * R_AB * t_BA
-1.1096 -0.146556 0.151521
t_wo + t_wo_cam
-1.1096 -0.146556 0.151521
Time
1558555796976
Theta
0.0880949
t_GA - R_GA * R_AB * t_BA
-1.11756 -0.192352 0.0741373
t_wo + t_wo_cam
-1.1096 -0.146556 0.151521
Time
1558555797001
Theta
0.0880949
t_GA - R_GA * R_AB * t_BA
-1.11756 -0.192352 0.0741373
t_wo + t_wo_cam
-1.11756 -0.192352 0.0741373
Time
1558555797022
Theta
0.132351
t_GA - R_GA * R_AB * t_BA
-1.11756 -0.192352 0.0741373
t_wo + t_wo_cam
-1.11756 -0.192352 0.0741373
Time
1558555797042
Theta
0.132351
t_GA - R_GA * R_AB * t_BA
-1.11756 -0.192352 0.0741373
t_wo + t_wo_cam
-1.11756 -0.192352 0.0741373
Time
1558555797067
Theta
0.132351
t_GA - R_GA * R_AB * t_BA
-1.11998 -0.197569 0.0625318
t_wo + t_wo_cam
-1.11756 -0.192352 0.0741373
Time
1558555797087
Theta
0.132351
t_GA - R_GA * R_AB * t_BA
-1.11998 -0.197569 0.0625318
t_wo + t_wo_cam
-1.11998 -0.197569 0.0625318
Time
1558555797108
Theta
0.140239
t_GA - R_GA * R_AB * t_BA
-1.11998 -0.197569 0.0625318
t_wo + t_wo_cam
-1.11998 -0.197569 0.0625318
Time
1558555797132
Theta
0.140239
t_GA - R_GA * R_AB * t_BA
-1.11998 -0.197569 0.0625318
t_wo + t_wo_cam
-1.11998 -0.197569 0.0625318
Time
1558555797153
Theta
0.140239
t_GA - R_GA * R_AB * t_BA
-1.12161 -0.196352 0.0601156
t_wo + t_wo_cam
-1.11998 -0.197569 0.0625318
Time
1558555797173
Theta
0.140239
t_GA - R_GA * R_AB * t_BA
-1.12161 -0.196352 0.0601156
t_wo + t_wo_cam
-1.12161 -0.196352 0.0601156
Time
1558555797198
Theta
0.140237
t_GA - R_GA * R_AB * t_BA
-1.12161 -0.196352 0.0601156
t_wo + t_wo_cam
-1.12161 -0.196352 0.0601156
Time
1558555797218
Theta
0.140237
t_GA - R_GA * R_AB * t_BA
-1.12161 -0.196352 0.0601156
t_wo + t_wo_cam
-1.12161 -0.196352 0.0601156
Time
1558555797239
Theta
0.140237
t_GA - R_GA * R_AB * t_BA
-1.12178 -0.200407 0.0550427
t_wo + t_wo_cam
-1.12161 -0.196352 0.0601156
Time
1558555797263
Theta
0.140237
t_GA - R_GA * R_AB * t_BA
-1.12178 -0.200407 0.0550427
t_wo + t_wo_cam
-1.12178 -0.200407 0.0550427
Time
1558555797284
Theta
0.144113
t_GA - R_GA * R_AB * t_BA
-1.12178 -0.200407 0.0550427
t_wo + t_wo_cam
-1.12178 -0.200407 0.0550427
Time
1558555797304
Theta
0.144113
t_GA - R_GA * R_AB * t_BA
-1.12178 -0.200407 0.0550427
t_wo + t_wo_cam
-1.12178 -0.200407 0.0550427
Time
1558555797329
Theta
0.144113
t_GA - R_GA * R_AB * t_BA
-1.11852 -0.211887 0.055925
t_wo + t_wo_cam
-1.12178 -0.200407 0.0550427
Time
1558555797349
Theta
0.144113
t_GA - R_GA * R_AB * t_BA
-1.11852 -0.211887 0.055925
t_wo + t_wo_cam
-1.11852 -0.211887 0.055925
Time
1558555797370
Theta
0.154343
t_GA - R_GA * R_AB * t_BA
-1.11852 -0.211887 0.055925
t_wo + t_wo_cam
-1.11852 -0.211887 0.055925
Time
1558555797394
Theta
0.154343
t_GA - R_GA * R_AB * t_BA
-1.11852 -0.211887 0.055925
t_wo + t_wo_cam
-1.11852 -0.211887 0.055925
Time
1558555797415
Theta
0.154343
t_GA - R_GA * R_AB * t_BA
-1.11852 -0.211887 0.055925
t_wo + t_wo_cam
-1.11852 -0.211887 0.055925
Time
1558555797435
Theta
0.154343
t_GA - R_GA * R_AB * t_BA
-1.11512 -0.224177 0.053661
t_wo + t_wo_cam
-1.11852 -0.211887 0.055925
Time
1558555797460
Theta
0.154343
t_GA - R_GA * R_AB * t_BA
-1.11512 -0.224177 0.053661
t_wo + t_wo_cam
-1.11512 -0.224177 0.053661
Time
1558555797480
Theta
0.165485
t_GA - R_GA * R_AB * t_BA
-1.11512 -0.224177 0.053661
t_wo + t_wo_cam
-1.11512 -0.224177 0.053661
Time
1558555797501
Theta
0.165485
t_GA - R_GA * R_AB * t_BA
-1.10741 -0.336747 -0.0170504
t_wo + t_wo_cam
-1.11512 -0.224177 0.053661
Time
1558555797525
Theta
0.165485
t_GA - R_GA * R_AB * t_BA
-1.10741 -0.336747 -0.0170504
t_wo + t_wo_cam
-1.10741 -0.336747 -0.0170504
Time
1558555797546
Theta
0.275813
t_GA - R_GA * R_AB * t_BA
-1.10741 -0.336747 -0.0170504
t_wo + t_wo_cam
-1.10741 -0.336747 -0.0170504
Time
1558555797566
Theta
0.275813
t_GA - R_GA * R_AB * t_BA
-1.10741 -0.336747 -0.0170504
t_wo + t_wo_cam
-1.10741 -0.336747 -0.0170504
Time
1558555797591
Theta
0.275813
t_GA - R_GA * R_AB * t_BA
-1.10741 -0.336747 -0.0170504
t_wo + t_wo_cam
-1.10741 -0.336747 -0.0170504
Time
1558555797611
Theta
0.275813
t_GA - R_GA * R_AB * t_BA
-0.956484 -0.621286 -0.176472
t_wo + t_wo_cam
-1.10741 -0.336747 -0.0170504
Time
1558555797632
Theta
0.275813
t_GA - R_GA * R_AB * t_BA
-0.956484 -0.621286 -0.176472
t_wo + t_wo_cam
-0.956484 -0.621286 -0.176472
Time
1558555797656
Theta
0.579442
t_GA - R_GA * R_AB * t_BA
-0.956484 -0.621286 -0.176472
t_wo + t_wo_cam
-0.956484 -0.621286 -0.176472
Time
1558555797677
Theta
0.579442
t_GA - R_GA * R_AB * t_BA
-0.956484 -0.621286 -0.176472
t_wo + t_wo_cam
-0.956484 -0.621286 -0.176472
Time
1558555797697
Theta
0.579442
t_GA - R_GA * R_AB * t_BA
-0.956484 -0.621286 -0.176472
t_wo + t_wo_cam
-0.956484 -0.621286 -0.176472
Time
1558555797722
Theta
0.579442
t_GA - R_GA * R_AB * t_BA
-0.956484 -0.621286 -0.176472
t_wo + t_wo_cam
-0.956484 -0.621286 -0.176472
Time
1558555797742
Theta
0.579442
t_GA - R_GA * R_AB * t_BA
-0.956484 -0.621286 -0.176472
t_wo + t_wo_cam
-0.956484 -0.621286 -0.176472
Time
1558555797763
Theta
0.579442
t_GA - R_GA * R_AB * t_BA
-0.956484 -0.621286 -0.176472
t_wo + t_wo_cam
-0.956484 -0.621286 -0.176472
Time
1558555797787
Theta
0.579442
t_GA - R_GA * R_AB * t_BA
-0.956484 -0.621286 -0.176472
t_wo + t_wo_cam
-0.956484 -0.621286 -0.176472
Time
1558555797808
Theta
0.579442
t_GA - R_GA * R_AB * t_BA
-0.956484 -0.621286 -0.176472
t_wo + t_wo_cam
-0.956484 -0.621286 -0.176472
Time
1558555797828
Theta
0.579442
t_GA - R_GA * R_AB * t_BA
-0.956484 -0.621286 -0.176472
t_wo + t_wo_cam
-0.956484 -0.621286 -0.176472
Time
1558555797853
Theta
0.579442
t_GA - R_GA * R_AB * t_BA
-0.956484 -0.621286 -0.176472
t_wo + t_wo_cam
-0.956484 -0.621286 -0.176472
Time
1558555797873
Theta
0.579442
t_GA - R_GA * R_AB * t_BA
-0.956484 -0.621286 -0.176472
t_wo + t_wo_cam
-0.956484 -0.621286 -0.176472
Time
1558555797894
Theta
0.579442
t_GA - R_GA * R_AB * t_BA
-0.956484 -0.621286 -0.176472
t_wo + t_wo_cam
-0.956484 -0.621286 -0.176472
Time
1558555797918
Theta
0.579442
t_GA - R_GA * R_AB * t_BA
-0.956484 -0.621286 -0.176472
t_wo + t_wo_cam
-0.956484 -0.621286 -0.176472
Time
1558555797939
Theta
0.579442
t_GA - R_GA * R_AB * t_BA
-0.956484 -0.621286 -0.176472
t_wo + t_wo_cam
-0.956484 -0.621286 -0.176472
Time
1558555797959
Theta
0.579442
t_GA - R_GA * R_AB * t_BA
-0.956484 -0.621286 -0.176472
t_wo + t_wo_cam
-0.956484 -0.621286 -0.176472
Time
1558555797984
Theta
0.579442
t_GA - R_GA * R_AB * t_BA
-0.956484 -0.621286 -0.176472
t_wo + t_wo_cam
-0.956484 -0.621286 -0.176472
Time
1558555798005
Theta
0.579442
t_GA - R_GA * R_AB * t_BA
-0.956484 -0.621286 -0.176472
t_wo + t_wo_cam
-0.956484 -0.621286 -0.176472
Time
1558555798025
Theta
0.579442
t_GA - R_GA * R_AB * t_BA
-0.956484 -0.621286 -0.176472
t_wo + t_wo_cam
-0.956484 -0.621286 -0.176472
Time
1558555798050
Theta
0.579442
t_GA - R_GA * R_AB * t_BA
-0.956484 -0.621286 -0.176472
t_wo + t_wo_cam
-0.956484 -0.621286 -0.176472
Time
1558555798070
Theta
0.579442
t_GA - R_GA * R_AB * t_BA
-0.956484 -0.621286 -0.176472
t_wo + t_wo_cam
-0.956484 -0.621286 -0.176472
Time
1558555798091
Theta
0.579442
t_GA - R_GA * R_AB * t_BA
-0.956484 -0.621286 -0.176472
t_wo + t_wo_cam
-0.956484 -0.621286 -0.176472
Time
1558555798115
Theta
0.579442
t_GA - R_GA * R_AB * t_BA
-0.956484 -0.621286 -0.176472
t_wo + t_wo_cam
-0.956484 -0.621286 -0.176472
Time
1558555798136
Theta
0.579442
t_GA - R_GA * R_AB * t_BA
-0.956484 -0.621286 -0.176472
t_wo + t_wo_cam
-0.956484 -0.621286 -0.176472
Time
1558555798156
Theta
0.579442
t_GA - R_GA * R_AB * t_BA
-0.956484 -0.621286 -0.176472
t_wo + t_wo_cam
-0.956484 -0.621286 -0.176472
Time
1558555798181
Theta
0.579442
t_GA - R_GA * R_AB * t_BA
-0.956484 -0.621286 -0.176472
t_wo + t_wo_cam
-0.956484 -0.621286 -0.176472
Time
1558555798201
Theta
0.579442
t_GA - R_GA * R_AB * t_BA
-0.956484 -0.621286 -0.176472
t_wo + t_wo_cam
-0.956484 -0.621286 -0.176472
Time
1558555798222
Theta
0.579442
t_GA - R_GA * R_AB * t_BA
-0.956484 -0.621286 -0.176472
t_wo + t_wo_cam
-0.956484 -0.621286 -0.176472
Time
1558555798246
Theta
0.579442
t_GA - R_GA * R_AB * t_BA
-0.956484 -0.621286 -0.176472
t_wo + t_wo_cam
-0.956484 -0.621286 -0.176472
Time
1558555798267
Theta
0.579442
t_GA - R_GA * R_AB * t_BA
-0.956484 -0.621286 -0.176472
t_wo + t_wo_cam
-0.956484 -0.621286 -0.176472
Time
1558555798287
Theta
0.579442
t_GA - R_GA * R_AB * t_BA
-0.956484 -0.621286 -0.176472
t_wo + t_wo_cam
-0.956484 -0.621286 -0.176472
Time
1558555798312
Theta
0.579442
t_GA - R_GA * R_AB * t_BA
-0.956484 -0.621286 -0.176472
t_wo + t_wo_cam
-0.956484 -0.621286 -0.176472
Time
1558555798332
Theta
0.579442
t_GA - R_GA * R_AB * t_BA
-0.956484 -0.621286 -0.176472
t_wo + t_wo_cam
-0.956484 -0.621286 -0.176472
Time
1558555798353
Theta
0.579442
t_GA - R_GA * R_AB * t_BA
-0.956484 -0.621286 -0.176472
t_wo + t_wo_cam
-0.956484 -0.621286 -0.176472
Time
1558555798377
Theta
0.579442
t_GA - R_GA * R_AB * t_BA
-0.956484 -0.621286 -0.176472
t_wo + t_wo_cam
-0.956484 -0.621286 -0.176472
Time
1558555798398
Theta
0.579442
t_GA - R_GA * R_AB * t_BA
-0.956484 -0.621286 -0.176472
t_wo + t_wo_cam
-0.956484 -0.621286 -0.176472
Time
1558555798418
Theta
0.579442
t_GA - R_GA * R_AB * t_BA
-0.956484 -0.621286 -0.176472
t_wo + t_wo_cam
-0.956484 -0.621286 -0.176472
Time
1558555798443
Theta
0.579442
t_GA - R_GA * R_AB * t_BA
-0.956484 -0.621286 -0.176472
t_wo + t_wo_cam
-0.956484 -0.621286 -0.176472
Time
1558555798463
Theta
0.579442
t_GA - R_GA * R_AB * t_BA
-0.956484 -0.621286 -0.176472
t_wo + t_wo_cam
-0.956484 -0.621286 -0.176472
Time
1558555798484
Theta
0.579442
t_GA - R_GA * R_AB * t_BA
-0.956484 -0.621286 -0.176472
t_wo + t_wo_cam
-0.956484 -0.621286 -0.176472
Time
1558555798508
Theta
0.579442
t_GA - R_GA * R_AB * t_BA
-0.956484 -0.621286 -0.176472
t_wo + t_wo_cam
-0.956484 -0.621286 -0.176472
Time
1558555798529
Theta
0.579442
t_GA - R_GA * R_AB * t_BA
-0.956484 -0.621286 -0.176472
t_wo + t_wo_cam
-0.956484 -0.621286 -0.176472
Time
1558555798549
Theta
0.579442
t_GA - R_GA * R_AB * t_BA
-0.956484 -0.621286 -0.176472
t_wo + t_wo_cam
-0.956484 -0.621286 -0.176472
Time
1558555798570
Theta
0.579442
t_GA - R_GA * R_AB * t_BA
-0.956484 -0.621286 -0.176472
t_wo + t_wo_cam
-0.956484 -0.621286 -0.176472
Time
1558555798594
Theta
0.579442
t_GA - R_GA * R_AB * t_BA
-0.956484 -0.621286 -0.176472
t_wo + t_wo_cam
-0.956484 -0.621286 -0.176472
Time
1558555798615
Theta
0.579442
t_GA - R_GA * R_AB * t_BA
-0.956484 -0.621286 -0.176472
t_wo + t_wo_cam
-0.956484 -0.621286 -0.176472
Time
1558555798635
Theta
0.579442
t_GA - R_GA * R_AB * t_BA
-0.956484 -0.621286 -0.176472
t_wo + t_wo_cam
-0.956484 -0.621286 -0.176472
Time
1558555798660
Theta
0.579442
t_GA - R_GA * R_AB * t_BA
-0.956484 -0.621286 -0.176472
t_wo + t_wo_cam
-0.956484 -0.621286 -0.176472
Time
1558555798680
Theta
0.579442
t_GA - R_GA * R_AB * t_BA
-0.956484 -0.621286 -0.176472
t_wo + t_wo_cam
-0.956484 -0.621286 -0.176472
Time
1558555798701
Theta
0.579442
t_GA - R_GA * R_AB * t_BA
-0.956484 -0.621286 -0.176472
t_wo + t_wo_cam
-0.956484 -0.621286 -0.176472
Time
1558555798725
Theta
0.579442
t_GA - R_GA * R_AB * t_BA
-0.956484 -0.621286 -0.176472
t_wo + t_wo_cam
-0.956484 -0.621286 -0.176472
Time
1558555798746
Theta
0.579442
t_GA - R_GA * R_AB * t_BA
-0.956484 -0.621286 -0.176472
t_wo + t_wo_cam
-0.956484 -0.621286 -0.176472
Time
1558555798766
Theta
0.579442
t_GA - R_GA * R_AB * t_BA
-0.956484 -0.621286 -0.176472
t_wo + t_wo_cam
-0.956484 -0.621286 -0.176472
Time
1558555798791
Theta
0.579442
t_GA - R_GA * R_AB * t_BA
-0.956484 -0.621286 -0.176472
t_wo + t_wo_cam
-0.956484 -0.621286 -0.176472
Time
1558555798811
Theta
0.579442
t_GA - R_GA * R_AB * t_BA
-0.956484 -0.621286 -0.176472
t_wo + t_wo_cam
-0.956484 -0.621286 -0.176472
Time
1558555798832
Theta
0.579442
t_GA - R_GA * R_AB * t_BA
-0.956484 -0.621286 -0.176472
t_wo + t_wo_cam
-0.956484 -0.621286 -0.176472
Time
1558555798856
Theta
0.579442
t_GA - R_GA * R_AB * t_BA
-0.956484 -0.621286 -0.176472
t_wo + t_wo_cam
-0.956484 -0.621286 -0.176472
Time
1558555798877
Theta
0.579442
t_GA - R_GA * R_AB * t_BA
-0.956484 -0.621286 -0.176472
t_wo + t_wo_cam
-0.956484 -0.621286 -0.176472
Time
1558555798897
Theta
0.579442
t_GA - R_GA * R_AB * t_BA
-0.956484 -0.621286 -0.176472
t_wo + t_wo_cam
-0.956484 -0.621286 -0.176472
Time
1558555798922
Theta
0.579442
t_GA - R_GA * R_AB * t_BA
-0.956484 -0.621286 -0.176472
t_wo + t_wo_cam
-0.956484 -0.621286 -0.176472
Time
1558555798942
Theta
0.579442
t_GA - R_GA * R_AB * t_BA
-0.956484 -0.621286 -0.176472
t_wo + t_wo_cam
-0.956484 -0.621286 -0.176472
Time
1558555798963
Theta
0.579442
t_GA - R_GA * R_AB * t_BA
-0.956484 -0.621286 -0.176472
t_wo + t_wo_cam
-0.956484 -0.621286 -0.176472
Time
1558555798987
Theta
0.579442
t_GA - R_GA * R_AB * t_BA
-0.956484 -0.621286 -0.176472
t_wo + t_wo_cam
-0.956484 -0.621286 -0.176472
Time
1558555799008
Theta
0.579442
t_GA - R_GA * R_AB * t_BA
-0.956484 -0.621286 -0.176472
t_wo + t_wo_cam
-0.956484 -0.621286 -0.176472
Time
1558555799028
Theta
0.579442
t_GA - R_GA * R_AB * t_BA
-0.956484 -0.621286 -0.176472
t_wo + t_wo_cam
-0.956484 -0.621286 -0.176472
Time
1558555799053
Theta
0.579442
t_GA - R_GA * R_AB * t_BA
-0.956484 -0.621286 -0.176472
t_wo + t_wo_cam
-0.956484 -0.621286 -0.176472
Time
1558555799074
Theta
0.579442
t_GA - R_GA * R_AB * t_BA
-0.956484 -0.621286 -0.176472
t_wo + t_wo_cam
-0.956484 -0.621286 -0.176472
Time
1558555799094
Theta
0.579442
t_GA - R_GA * R_AB * t_BA
-0.956484 -0.621286 -0.176472
t_wo + t_wo_cam
-0.956484 -0.621286 -0.176472
Time
1558555799119
Theta
0.579442
t_GA - R_GA * R_AB * t_BA
-0.956484 -0.621286 -0.176472
t_wo + t_wo_cam
-0.956484 -0.621286 -0.176472
Time
1558555799139
Theta
0.579442
t_GA - R_GA * R_AB * t_BA
-0.956484 -0.621286 -0.176472
t_wo + t_wo_cam
-0.956484 -0.621286 -0.176472
Time
1558555799160
Theta
0.579442
t_GA - R_GA * R_AB * t_BA
-0.956484 -0.621286 -0.176472
t_wo + t_wo_cam
-0.956484 -0.621286 -0.176472
Time
1558555799184
Theta
0.579442
t_GA - R_GA * R_AB * t_BA
-0.956484 -0.621286 -0.176472
t_wo + t_wo_cam
-0.956484 -0.621286 -0.176472
Time
1558555799205
Theta
0.579442
t_GA - R_GA * R_AB * t_BA
-0.956484 -0.621286 -0.176472
t_wo + t_wo_cam
-0.956484 -0.621286 -0.176472
Time
1558555799225
Theta
0.579442
t_GA - R_GA * R_AB * t_BA
-0.956484 -0.621286 -0.176472
t_wo + t_wo_cam
-0.956484 -0.621286 -0.176472
Time
1558555799250
Theta
0.579442
t_GA - R_GA * R_AB * t_BA
-0.956484 -0.621286 -0.176472
t_wo + t_wo_cam
-0.956484 -0.621286 -0.176472
Time
1558555799270
Theta
0.579442
t_GA - R_GA * R_AB * t_BA
-0.956484 -0.621286 -0.176472
t_wo + t_wo_cam
-0.956484 -0.621286 -0.176472
Time
1558555799291
Theta
0.579442
t_GA - R_GA * R_AB * t_BA
-0.956484 -0.621286 -0.176472
t_wo + t_wo_cam
-0.956484 -0.621286 -0.176472
Time
1558555799315
Theta
0.579442
t_GA - R_GA * R_AB * t_BA
-0.956484 -0.621286 -0.176472
t_wo + t_wo_cam
-0.956484 -0.621286 -0.176472
Time
1558555799336
Theta
0.579442
t_GA - R_GA * R_AB * t_BA
-0.956484 -0.621286 -0.176472
t_wo + t_wo_cam
-0.956484 -0.621286 -0.176472
Time
1558555799356
Theta
0.579442
t_GA - R_GA * R_AB * t_BA
-0.956484 -0.621286 -0.176472
t_wo + t_wo_cam
-0.956484 -0.621286 -0.176472
Time
1558555799381
Theta
0.579442
t_GA - R_GA * R_AB * t_BA
-0.956484 -0.621286 -0.176472
t_wo + t_wo_cam
-0.956484 -0.621286 -0.176472
Time
1558555799401
Theta
0.579442
t_GA - R_GA * R_AB * t_BA
-0.956484 -0.621286 -0.176472
t_wo + t_wo_cam
-0.956484 -0.621286 -0.176472
Time
1558555799422
Theta
0.579442
t_GA - R_GA * R_AB * t_BA
-0.956484 -0.621286 -0.176472
t_wo + t_wo_cam
-0.956484 -0.621286 -0.176472
Time
1558555799446
Theta
0.579442
t_GA - R_GA * R_AB * t_BA
-0.956484 -0.621286 -0.176472
t_wo + t_wo_cam
-0.956484 -0.621286 -0.176472
Time
1558555799467
Theta
0.579442
t_GA - R_GA * R_AB * t_BA
-0.956484 -0.621286 -0.176472
t_wo + t_wo_cam
-0.956484 -0.621286 -0.176472
Time
1558555799487
Theta
0.579442
t_GA - R_GA * R_AB * t_BA
-0.956484 -0.621286 -0.176472
t_wo + t_wo_cam
-0.956484 -0.621286 -0.176472
Time
1558555799512
Theta
0.579442
t_GA - R_GA * R_AB * t_BA
-0.956484 -0.621286 -0.176472
t_wo + t_wo_cam
-0.956484 -0.621286 -0.176472
Time
1558555799532
Theta
0.579442
