t_GA - R_GA * R_AB * t_BA
0 0 0
t_wo + t_wo_cam
0.9 0 0
Time
1558535261852
Theta
0
t_GA - R_GA * R_AB * t_BA
0 0 0
t_wo + t_wo_cam
1.10685 0.0611098 0
Time
1558535261902
Theta
0.0551545
t_GA - R_GA * R_AB * t_BA
0 0 0
t_wo + t_wo_cam
1.10685 0.0611098 0
Time
1558535261953
Theta
0.0551545
t_GA - R_GA * R_AB * t_BA
0 0 0
t_wo + t_wo_cam
1.10685 0.0611098 0
Time
1558535262003
Theta
0.0551545
t_GA - R_GA * R_AB * t_BA
0 0 0
t_wo + t_wo_cam
1.10685 0.0611098 0
Time
1558535262053
Theta
0.0551545
t_GA - R_GA * R_AB * t_BA
0 0 0
t_wo + t_wo_cam
1.10685 0.0611098 0
Time
1558535262104
Theta
0.0551545
t_GA - R_GA * R_AB * t_BA
0 0 0
t_wo + t_wo_cam
1.10685 0.0611098 0
Time
1558535262154
Theta
0.0551545
t_GA - R_GA * R_AB * t_BA
0 0 0
t_wo + t_wo_cam
1.10685 0.0611098 0
Time
1558535262205
Theta
0.0551545
t_GA - R_GA * R_AB * t_BA
0 0 0
t_wo + t_wo_cam
1.10685 0.0611098 0
Time
1558535262255
Theta
0.0551545
t_GA - R_GA * R_AB * t_BA
0 0 0
t_wo + t_wo_cam
1.10685 0.0611098 0
Time
1558535262306
Theta
0.0551545
t_GA - R_GA * R_AB * t_BA
0 0 0
t_wo + t_wo_cam
1.10685 0.0611098 0
Time
1558535262357
Theta
0.0551545
t_GA - R_GA * R_AB * t_BA
0 0 0
t_wo + t_wo_cam
1.10685 0.0611098 0
Time
1558535262407
Theta
0.0551545
t_GA - R_GA * R_AB * t_BA
0 0 0
t_wo + t_wo_cam
1.10685 0.0611098 0
Time
1558535262458
Theta
0.0551545
t_GA - R_GA * R_AB * t_BA
0 0 0
t_wo + t_wo_cam
1.10685 0.0611098 0
Time
1558535262508
Theta
0.0551545
t_GA - R_GA * R_AB * t_BA
0 0 0
t_wo + t_wo_cam
1.10685 0.0611098 0
Time
1558535262559
Theta
0.0551545
t_GA - R_GA * R_AB * t_BA
0 0 0
t_wo + t_wo_cam
1.10685 0.0611098 0
Time
1558535262609
Theta
0.0551545
t_GA - R_GA * R_AB * t_BA
0 0 0
t_wo + t_wo_cam
1.10685 0.0611098 0
Time
1558535262659
Theta
0.0551545
t_GA - R_GA * R_AB * t_BA
0 0 0
t_wo + t_wo_cam
1.10685 0.0611098 0
Time
1558535262710
Theta
0.0551545
t_GA - R_GA * R_AB * t_BA
0 0 0
t_wo + t_wo_cam
1.10685 0.0611098 0
Time
1558535262760
Theta
0.0551545
t_GA - R_GA * R_AB * t_BA
0 0 0
t_wo + t_wo_cam
1.10685 0.0611098 0
Time
1558535262811
Theta
0.0551545
t_GA - R_GA * R_AB * t_BA
0 0 0
t_wo + t_wo_cam
1.10685 0.0611098 0
Time
1558535262861
Theta
0.0551545
t_GA - R_GA * R_AB * t_BA
0 0 0
t_wo + t_wo_cam
1.10685 0.0611098 0
Time
1558535262912
Theta
0.0551545
t_GA - R_GA * R_AB * t_BA
0 0 0
t_wo + t_wo_cam
1.10685 0.0611098 0
Time
1558535262962
Theta
0.0551545
t_GA - R_GA * R_AB * t_BA
0 0 0
t_wo + t_wo_cam
1.10685 0.0611098 0
Time
1558535263013
Theta
0.0551545
t_GA - R_GA * R_AB * t_BA
0 0 0
t_wo + t_wo_cam
1.10685 0.0611098 0
Time
1558535263063
Theta
0.0551545
t_GA - R_GA * R_AB * t_BA
0 0 0
t_wo + t_wo_cam
1.10685 0.0611098 0
Time
1558535263114
Theta
0.0551545
t_GA - R_GA * R_AB * t_BA
0 0 0
t_wo + t_wo_cam
1.10685 0.0611098 0
Time
1558535263164
Theta
0.0551545
t_GA - R_GA * R_AB * t_BA
0 0 0
t_wo + t_wo_cam
1.10685 0.0611098 0
Time
1558535263214
Theta
0.0551545
t_GA - R_GA * R_AB * t_BA
0 0 0
t_wo + t_wo_cam
1.10685 0.0611098 0
Time
1558535263265
Theta
0.0551545
t_GA - R_GA * R_AB * t_BA
0 0 0
t_wo + t_wo_cam
1.10685 0.0611098 0
Time
1558535263315
Theta
0.0551545
t_GA - R_GA * R_AB * t_BA
0 0 0
t_wo + t_wo_cam
1.10685 0.0611098 0
Time
1558535263366
Theta
0.0551545
t_GA - R_GA * R_AB * t_BA
0 0 0
t_wo + t_wo_cam
1.10685 0.0611098 0
Time
1558535263416
Theta
0.0551545
t_GA - R_GA * R_AB * t_BA
0 0 0
t_wo + t_wo_cam
1.10685 0.0611098 0
Time
1558535263467
Theta
0.0551545
t_GA - R_GA * R_AB * t_BA
0 0 0
t_wo + t_wo_cam
1.10685 0.0611098 0
Time
1558535263517
Theta
0.0551545
t_GA - R_GA * R_AB * t_BA
0 0 0
t_wo + t_wo_cam
1.10685 0.0611098 0
Time
1558535263567
Theta
0.0551545
t_GA - R_GA * R_AB * t_BA
0 0 0
t_wo + t_wo_cam
1.10685 0.0611098 0
Time
1558535263618
Theta
0.0551545
t_GA - R_GA * R_AB * t_BA
0 0 0
t_wo + t_wo_cam
1.10685 0.0611098 0
Time
1558535263668
Theta
0.0551545
t_GA - R_GA * R_AB * t_BA
0 0 0
t_wo + t_wo_cam
1.10685 0.0611098 0
Time
1558535263718
Theta
0.0551545
t_GA - R_GA * R_AB * t_BA
0 0 0
t_wo + t_wo_cam
1.10685 0.0611098 0
Time
1558535263769
Theta
0.0551545
t_GA - R_GA * R_AB * t_BA
0 0 0
t_wo + t_wo_cam
1.10685 0.0611098 0
Time
1558535263819
Theta
0.0551545
t_GA - R_GA * R_AB * t_BA
0 0 0
t_wo + t_wo_cam
1.10685 0.0611098 0
Time
1558535263870
Theta
0.0551545
t_GA - R_GA * R_AB * t_BA
0 0 0
t_wo + t_wo_cam
1.10685 0.0611098 0
Time
1558535263920
Theta
0.0551545
t_GA - R_GA * R_AB * t_BA
0 0 0
t_wo + t_wo_cam
1.10685 0.0611098 0
Time
1558535263971
Theta
0.0551545
t_GA - R_GA * R_AB * t_BA
0 0 0
t_wo + t_wo_cam
1.10685 0.0611098 0
Time
1558535264021
Theta
0.0551545
t_GA - R_GA * R_AB * t_BA
0 0 0
t_wo + t_wo_cam
1.10685 0.0611098 0
Time
1558535264072
Theta
0.0551545
t_GA - R_GA * R_AB * t_BA
0 0 0
t_wo + t_wo_cam
1.10685 0.0611098 0
Time
1558535264122
Theta
0.0551545
t_GA - R_GA * R_AB * t_BA
0 0 0
t_wo + t_wo_cam
1.10685 0.0611098 0
Time
1558535264172
Theta
0.0551545
t_GA - R_GA * R_AB * t_BA
0 0 0
t_wo + t_wo_cam
1.10685 0.0611098 0
Time
1558535264223
Theta
0.0551545
t_GA - R_GA * R_AB * t_BA
0 0 0
t_wo + t_wo_cam
1.10685 0.0611098 0
Time
1558535264274
Theta
0.0551545
t_GA - R_GA * R_AB * t_BA
0 0 0
t_wo + t_wo_cam
1.10685 0.0611098 0
Time
1558535264324
Theta
0.0551545
t_GA - R_GA * R_AB * t_BA
0 0 0
t_wo + t_wo_cam
1.10685 0.0611098 0
Time
1558535264376
Theta
0.0551545
t_GA - R_GA * R_AB * t_BA
0 0 0
t_wo + t_wo_cam
1.10685 0.0611098 0
Time
1558535264426
Theta
0.0551545
t_GA - R_GA * R_AB * t_BA
0 0 0
t_wo + t_wo_cam
1.10685 0.0611098 0
Time
1558535264477
Theta
0.0551545
t_GA - R_GA * R_AB * t_BA
0 0 0
t_wo + t_wo_cam
1.10685 0.0611098 0
Time
1558535264527
Theta
0.0551545
t_GA - R_GA * R_AB * t_BA
0 0 0
t_wo + t_wo_cam
1.10685 0.0611098 0
Time
1558535264577
Theta
0.0551545
t_GA - R_GA * R_AB * t_BA
0 0 0
t_wo + t_wo_cam
1.10685 0.0611098 0
Time
1558535264628
Theta
0.0551545
t_GA - R_GA * R_AB * t_BA
0 0 0
t_wo + t_wo_cam
1.10685 0.0611098 0
Time
1558535264678
Theta
0.0551545
t_GA - R_GA * R_AB * t_BA
0 0 0
t_wo + t_wo_cam
1.10685 0.0611098 0
Time
1558535264729
Theta
0.0551545
t_GA - R_GA * R_AB * t_BA
0 0 0
t_wo + t_wo_cam
1.10685 0.0611098 0
Time
1558535264779
Theta
0.0551545
t_GA - R_GA * R_AB * t_BA
0 0 0
t_wo + t_wo_cam
1.10685 0.0611098 0
Time
1558535264829
Theta
0.0551545
t_GA - R_GA * R_AB * t_BA
0 0 0
t_wo + t_wo_cam
1.10685 0.0611098 0
Time
1558535264880
Theta
0.0551545
t_GA - R_GA * R_AB * t_BA
0 0 0
t_wo + t_wo_cam
1.10685 0.0611098 0
Time
1558535264930
Theta
0.0551545
t_GA - R_GA * R_AB * t_BA
0 0 0
t_wo + t_wo_cam
1.10685 0.0611098 0
Time
1558535264981
Theta
0.0551545
t_GA - R_GA * R_AB * t_BA
0 0 0
t_wo + t_wo_cam
1.10685 0.0611098 0
Time
1558535265031
Theta
0.0551545
t_GA - R_GA * R_AB * t_BA
0 0 0
t_wo + t_wo_cam
1.10685 0.0611098 0
Time
1558535265082
Theta
0.0551545
t_GA - R_GA * R_AB * t_BA
0 0 0
t_wo + t_wo_cam
1.10685 0.0611098 0
Time
1558535265132
Theta
0.0551545
t_GA - R_GA * R_AB * t_BA
0 0 0
t_wo + t_wo_cam
1.10685 0.0611098 0
Time
1558535265183
Theta
0.0551545
t_GA - R_GA * R_AB * t_BA
0 0 0
t_wo + t_wo_cam
1.10685 0.0611098 0
Time
1558535265233
Theta
0.0551545
t_GA - R_GA * R_AB * t_BA
0 0 0
t_wo + t_wo_cam
1.10685 0.0611098 0
Time
1558535265283
Theta
0.0551545
t_GA - R_GA * R_AB * t_BA
0 0 0
t_wo + t_wo_cam
1.10685 0.0611098 0
Time
1558535265334
Theta
0.0551545
t_GA - R_GA * R_AB * t_BA
0 0 0
t_wo + t_wo_cam
1.10685 0.0611098 0
Time
1558535265384
Theta
0.0551545
t_GA - R_GA * R_AB * t_BA
0 0 0
t_wo + t_wo_cam
1.10685 0.0611098 0
Time
1558535265435
Theta
0.0551545
t_GA - R_GA * R_AB * t_BA
0 0 0
t_wo + t_wo_cam
1.10685 0.0611098 0
Time
1558535265485
Theta
0.0551545
t_GA - R_GA * R_AB * t_BA
0 0 0
t_wo + t_wo_cam
1.10685 0.0611098 0
Time
1558535265536
Theta
0.0551545
t_GA - R_GA * R_AB * t_BA
0 0 0
t_wo + t_wo_cam
1.10685 0.0611098 0
Time
1558535265587
Theta
0.0551545
t_GA - R_GA * R_AB * t_BA
0 0 0
t_wo + t_wo_cam
1.10685 0.0611098 0
Time
1558535265637
Theta
0.0551545
t_GA - R_GA * R_AB * t_BA
0 0 0
t_wo + t_wo_cam
1.10685 0.0611098 0
Time
1558535265687
Theta
0.0551545
t_GA - R_GA * R_AB * t_BA
0 0 0
t_wo + t_wo_cam
1.10685 0.0611098 0
Time
1558535265738
Theta
0.0551545
t_GA - R_GA * R_AB * t_BA
0 0 0
t_wo + t_wo_cam
1.10685 0.0611098 0
Time
1558535265788
Theta
0.0551545
t_GA - R_GA * R_AB * t_BA
0 0 0
t_wo + t_wo_cam
1.10685 0.0611098 0
Time
1558535265839
Theta
0.0551545
t_GA - R_GA * R_AB * t_BA
0 0 0
t_wo + t_wo_cam
1.10685 0.0611098 0
Time
1558535265889
Theta
0.0551545
t_GA - R_GA * R_AB * t_BA
0 0 0
t_wo + t_wo_cam
1.10685 0.0611098 0
Time
1558535265940
Theta
0.0551545
t_GA - R_GA * R_AB * t_BA
0 0 0
t_wo + t_wo_cam
1.10685 0.0611098 0
Time
1558535265990
Theta
0.0551545
t_GA - R_GA * R_AB * t_BA
0 0 0
t_wo + t_wo_cam
1.10685 0.0611098 0
Time
1558535266041
Theta
0.0551545
t_GA - R_GA * R_AB * t_BA
0 0 0
t_wo + t_wo_cam
1.10685 0.0611098 0
Time
1558535266091
Theta
0.0551545
t_GA - R_GA * R_AB * t_BA
0 0 0
t_wo + t_wo_cam
1.10685 0.0611098 0
Time
1558535266141
Theta
0.0551545
t_GA - R_GA * R_AB * t_BA
0 0 0
t_wo + t_wo_cam
1.10685 0.0611098 0
Time
1558535266192
Theta
0.0551545
t_GA - R_GA * R_AB * t_BA
0 0 0
t_wo + t_wo_cam
1.10685 0.0611098 0
Time
1558535266242
Theta
0.0551545
t_GA - R_GA * R_AB * t_BA
0 0 0
t_wo + t_wo_cam
1.10685 0.0611098 0
Time
1558535266293
Theta
0.0551545
t_GA - R_GA * R_AB * t_BA
0 0 0
t_wo + t_wo_cam
1.10685 0.0611098 0
Time
1558535266343
Theta
0.0551545
t_GA - R_GA * R_AB * t_BA
0 0 0
t_wo + t_wo_cam
1.10685 0.0611098 0
Time
1558535266394
Theta
0.0551545
t_GA - R_GA * R_AB * t_BA
0 0 0
t_wo + t_wo_cam
1.10685 0.0611098 0
Time
1558535266444
Theta
0.0551545
t_GA - R_GA * R_AB * t_BA
0 0 0
t_wo + t_wo_cam
1.10685 0.0611098 0
Time
1558535266494
Theta
0.0551545
t_GA - R_GA * R_AB * t_BA
0 0 0
t_wo + t_wo_cam
1.10685 0.0611098 0
Time
1558535266545
Theta
0.0551545
t_GA - R_GA * R_AB * t_BA
0 0 0
t_wo + t_wo_cam
1.10685 0.0611098 0
Time
1558535266595
Theta
0.0551545
t_GA - R_GA * R_AB * t_BA
0 0 0
t_wo + t_wo_cam
1.10685 0.0611098 0
Time
1558535266646
Theta
0.0551545
t_GA - R_GA * R_AB * t_BA
0 0 0
t_wo + t_wo_cam
1.10685 0.0611098 0
Time
1558535266697
Theta
0.0551545
t_GA - R_GA * R_AB * t_BA
0 0 0
t_wo + t_wo_cam
1.10685 0.0611098 0
Time
1558535266747
Theta
0.0551545
t_GA - R_GA * R_AB * t_BA
0 0 0
t_wo + t_wo_cam
1.10685 0.0611098 0
Time
1558535266797
Theta
0.0551545
t_GA - R_GA * R_AB * t_BA
0 0 0
t_wo + t_wo_cam
1.10685 0.0611098 0
Time
1558535266848
Theta
0.0551545
t_GA - R_GA * R_AB * t_BA
0 0 0
t_wo + t_wo_cam
1.10685 0.0611098 0
Time
1558535266898
Theta
0.0551545
t_GA - R_GA * R_AB * t_BA
0 0 0
t_wo + t_wo_cam
1.10685 0.0611098 0
Time
1558535266949
Theta
0.0551545
t_GA - R_GA * R_AB * t_BA
0 0 0
t_wo + t_wo_cam
1.10685 0.0611098 0
Time
1558535266999
Theta
0.0551545
t_GA - R_GA * R_AB * t_BA
0 0 0
t_wo + t_wo_cam
1.10685 0.0611098 0
Time
1558535267050
Theta
0.0551545
t_GA - R_GA * R_AB * t_BA
0 0 0
t_wo + t_wo_cam
1.10685 0.0611098 0
Time
1558535267100
Theta
0.0551545
t_GA - R_GA * R_AB * t_BA
0 0 0
t_wo + t_wo_cam
1.10685 0.0611098 0
Time
1558535267151
Theta
0.0551545
t_GA - R_GA * R_AB * t_BA
0 0 0
t_wo + t_wo_cam
1.10685 0.0611098 0
Time
1558535267201
Theta
0.0551545
t_GA - R_GA * R_AB * t_BA
0 0 0
t_wo + t_wo_cam
1.10685 0.0611098 0
Time
1558535267252
Theta
0.0551545
t_GA - R_GA * R_AB * t_BA
0 0 0
t_wo + t_wo_cam
1.10685 0.0611098 0
Time
1558535267302
Theta
0.0551545
t_GA - R_GA * R_AB * t_BA
0 0 0
t_wo + t_wo_cam
1.10685 0.0611098 0
Time
1558535267353
Theta
0.0551545
t_GA - R_GA * R_AB * t_BA
0 0 0
t_wo + t_wo_cam
1.10685 0.0611098 0
Time
1558535267404
Theta
0.0551545
t_GA - R_GA * R_AB * t_BA
0 0 0
t_wo + t_wo_cam
1.10685 0.0611098 0
Time
1558535267455
Theta
0.0551545
t_GA - R_GA * R_AB * t_BA
0 0 0
t_wo + t_wo_cam
1.10685 0.0611098 0
Time
1558535267505
Theta
0.0551545
t_GA - R_GA * R_AB * t_BA
0 0 0
t_wo + t_wo_cam
1.10685 0.0611098 0
Time
1558535267555
Theta
0.0551545
t_GA - R_GA * R_AB * t_BA
0 0 0
t_wo + t_wo_cam
1.10685 0.0611098 0
Time
1558535267606
Theta
0.0551545
t_GA - R_GA * R_AB * t_BA
0 0 0
t_wo + t_wo_cam
1.10685 0.0611098 0
Time
1558535267657
Theta
0.0551545
t_GA - R_GA * R_AB * t_BA
0 0 0
t_wo + t_wo_cam
1.10685 0.0611098 0
Time
1558535267707
Theta
0.0551545
t_GA - R_GA * R_AB * t_BA
0 0 0
t_wo + t_wo_cam
1.10685 0.0611098 0
Time
1558535267758
Theta
0.0551545
t_GA - R_GA * R_AB * t_BA
0 0 0
t_wo + t_wo_cam
1.10685 0.0611098 0
Time
1558535267810
Theta
0.0551545
t_GA - R_GA * R_AB * t_BA
0 0 0
t_wo + t_wo_cam
1.10685 0.0611098 0
Time
1558535267861
Theta
0.0551545
t_GA - R_GA * R_AB * t_BA
0 0 0
t_wo + t_wo_cam
1.10685 0.0611098 0
Time
1558535267914
Theta
0.0551545
t_GA - R_GA * R_AB * t_BA
0 0 0
t_wo + t_wo_cam
1.10685 0.0611098 0
Time
1558535267966
Theta
0.0551545
t_GA - R_GA * R_AB * t_BA
0 0 0
t_wo + t_wo_cam
1.10685 0.0611098 0
Time
1558535268018
Theta
0.0551545
t_GA - R_GA * R_AB * t_BA
0 0 0
t_wo + t_wo_cam
1.10685 0.0611098 0
Time
1558535268070
Theta
0.0551545
t_GA - R_GA * R_AB * t_BA
0 0 0
t_wo + t_wo_cam
1.10685 0.0611098 0
Time
1558535268121
Theta
0.0551545
t_GA - R_GA * R_AB * t_BA
0 0 0
t_wo + t_wo_cam
1.10685 0.0611098 0
Time
1558535268171
Theta
0.0551545
t_GA - R_GA * R_AB * t_BA
0 0 0
t_wo + t_wo_cam
1.10685 0.0611098 0
Time
1558535268221
Theta
0.0551545
t_GA - R_GA * R_AB * t_BA
0 0 0
t_wo + t_wo_cam
1.10685 0.0611098 0
Time
1558535268274
Theta
0.0551545
t_GA - R_GA * R_AB * t_BA
0 0 0
t_wo + t_wo_cam
1.10685 0.0611098 0
Time
1558535268325
Theta
0.0551545
t_GA - R_GA * R_AB * t_BA
0 0 0
t_wo + t_wo_cam
1.10685 0.0611098 0
Time
1558535268376
Theta
0.0551545
t_GA - R_GA * R_AB * t_BA
0 0 0
t_wo + t_wo_cam
1.10685 0.0611098 0
Time
1558535268426
Theta
0.0551545
t_GA - R_GA * R_AB * t_BA
0 0 0
t_wo + t_wo_cam
1.10685 0.0611098 0
Time
1558535268477
Theta
0.0551545
t_GA - R_GA * R_AB * t_BA
0 0 0
t_wo + t_wo_cam
1.10685 0.0611098 0
Time
1558535268527
Theta
0.0551545
t_GA - R_GA * R_AB * t_BA
0 0 0
t_wo + t_wo_cam
1.10685 0.0611098 0
Time
1558535268578
Theta
0.0551545
t_GA - R_GA * R_AB * t_BA
0 0 0
t_wo + t_wo_cam
1.10685 0.0611098 0
Time
1558535268628
Theta
0.0551545
t_GA - R_GA * R_AB * t_BA
0 0 0
t_wo + t_wo_cam
1.10685 0.0611098 0
Time
1558535268679
Theta
0.0551545
t_GA - R_GA * R_AB * t_BA
0 0 0
t_wo + t_wo_cam
1.10685 0.0611098 0
Time
1558535268729
Theta
0.0551545
t_GA - R_GA * R_AB * t_BA
0 0 0
t_wo + t_wo_cam
1.10685 0.0611098 0
Time
1558535268780
Theta
0.0551545
t_GA - R_GA * R_AB * t_BA
0 0 0
t_wo + t_wo_cam
1.10685 0.0611098 0
Time
1558535268830
Theta
0.0551545
t_GA - R_GA * R_AB * t_BA
0 0 0
t_wo + t_wo_cam
1.10685 0.0611098 0
Time
1558535268881
Theta
0.0551545
t_GA - R_GA * R_AB * t_BA
0 0 0
t_wo + t_wo_cam
1.10685 0.0611098 0
Time
1558535268931
Theta
0.0551545
t_GA - R_GA * R_AB * t_BA
0 0 0
t_wo + t_wo_cam
1.10685 0.0611098 0
Time
1558535268982
Theta
0.0551545
t_GA - R_GA * R_AB * t_BA
0 0 0
t_wo + t_wo_cam
1.10685 0.0611098 0
Time
1558535269032
Theta
0.0551545
t_GA - R_GA * R_AB * t_BA
0 0 0
t_wo + t_wo_cam
1.10685 0.0611098 0
Time
1558535269082
Theta
0.0551545
t_GA - R_GA * R_AB * t_BA
0 0 0
t_wo + t_wo_cam
1.10685 0.0611098 0
Time
1558535269133
Theta
0.0551545
t_GA - R_GA * R_AB * t_BA
0 0 0
t_wo + t_wo_cam
1.10685 0.0611098 0
Time
1558535269183
Theta
0.0551545
t_GA - R_GA * R_AB * t_BA
0 0 0
t_wo + t_wo_cam
1.10685 0.0611098 0
Time
1558535269234
Theta
0.0551545
t_GA - R_GA * R_AB * t_BA
0 0 0
t_wo + t_wo_cam
1.10685 0.0611098 0
Time
1558535269284
Theta
0.0551545
t_GA - R_GA * R_AB * t_BA
0 0 0
t_wo + t_wo_cam
1.10685 0.0611098 0
Time
1558535269334
Theta
0.0551545
t_GA - R_GA * R_AB * t_BA
0 0 0
t_wo + t_wo_cam
1.10685 0.0611098 0
Time
1558535269385
Theta
0.0551545
t_GA - R_GA * R_AB * t_BA
0 0 0
t_wo + t_wo_cam
1.10685 0.0611098 0
Time
1558535269435
Theta
0.0551545
t_GA - R_GA * R_AB * t_BA
0 0 0
t_wo + t_wo_cam
1.10685 0.0611098 0
Time
1558535269486
Theta
0.0551545
t_GA - R_GA * R_AB * t_BA
0 0 0
t_wo + t_wo_cam
1.10685 0.0611098 0
Time
1558535269536
Theta
0.0551545
t_GA - R_GA * R_AB * t_BA
0 0 0
t_wo + t_wo_cam
1.10685 0.0611098 0
Time
1558535269586
Theta
0.0551545
t_GA - R_GA * R_AB * t_BA
0 0 0
t_wo + t_wo_cam
1.10685 0.0611098 0
Time
1558535269637
Theta
0.0551545
t_GA - R_GA * R_AB * t_BA
0 0 0
t_wo + t_wo_cam
1.10685 0.0611098 0
Time
1558535269687
Theta
0.0551545
t_GA - R_GA * R_AB * t_BA
0 0 0
t_wo + t_wo_cam
1.10685 0.0611098 0
Time
1558535269737
Theta
0.0551545
t_GA - R_GA * R_AB * t_BA
0 0 0
t_wo + t_wo_cam
1.10685 0.0611098 0
Time
1558535269788
Theta
0.0551545
t_GA - R_GA * R_AB * t_BA
0 0 0
t_wo + t_wo_cam
1.10685 0.0611098 0
Time
1558535269838
Theta
0.0551545
t_GA - R_GA * R_AB * t_BA
0 0 0
t_wo + t_wo_cam
1.10685 0.0611098 0
Time
1558535269888
Theta
0.0551545
t_GA - R_GA * R_AB * t_BA
0 0 0
t_wo + t_wo_cam
1.10685 0.0611098 0
Time
1558535269939
Theta
0.0551545
t_GA - R_GA * R_AB * t_BA
0 0 0
t_wo + t_wo_cam
1.10685 0.0611098 0
Time
1558535269989
Theta
0.0551545
t_GA - R_GA * R_AB * t_BA
0 0 0
t_wo + t_wo_cam
1.10685 0.0611098 0
Time
1558535270040
Theta
0.0551545
t_GA - R_GA * R_AB * t_BA
0 0 0
t_wo + t_wo_cam
1.10685 0.0611098 0
Time
1558535270090
Theta
0.0551545
t_GA - R_GA * R_AB * t_BA
0 0 0
t_wo + t_wo_cam
1.10685 0.0611098 0
Time
1558535270140
Theta
0.0551545
t_GA - R_GA * R_AB * t_BA
0 0 0
t_wo + t_wo_cam
1.10685 0.0611098 0
Time
1558535270191
Theta
0.0551545
t_GA - R_GA * R_AB * t_BA
0 0 0
t_wo + t_wo_cam
1.10685 0.0611098 0
Time
1558535270241
Theta
0.0551545
t_GA - R_GA * R_AB * t_BA
0 0 0
t_wo + t_wo_cam
1.10685 0.0611098 0
Time
1558535270292
Theta
0.0551545
t_GA - R_GA * R_AB * t_BA
0 0 0
t_wo + t_wo_cam
1.10685 0.0611098 0
Time
1558535270342
Theta
0.0551545
t_GA - R_GA * R_AB * t_BA
0 0 0
t_wo + t_wo_cam
1.10685 0.0611098 0
Time
1558535270392
Theta
0.0551545
t_GA - R_GA * R_AB * t_BA
0 0 0
t_wo + t_wo_cam
1.10685 0.0611098 0
Time
1558535270443
Theta
0.0551545
t_GA - R_GA * R_AB * t_BA
0 0 0
t_wo + t_wo_cam
1.10685 0.0611098 0
Time
1558535270493
Theta
0.0551545
t_GA - R_GA * R_AB * t_BA
0 0 0
t_wo + t_wo_cam
1.10685 0.0611098 0
Time
1558535270543
Theta
0.0551545
t_GA - R_GA * R_AB * t_BA
0 0 0
t_wo + t_wo_cam
1.10685 0.0611098 0
Time
1558535270594
Theta
0.0551545
t_GA - R_GA * R_AB * t_BA
0 0 0
t_wo + t_wo_cam
1.10685 0.0611098 0
Time
1558535270644
Theta
0.0551545
t_GA - R_GA * R_AB * t_BA
0 0 0
t_wo + t_wo_cam
1.10685 0.0611098 0
Time
1558535270694
Theta
0.0551545
t_GA - R_GA * R_AB * t_BA
0 0 0
t_wo + t_wo_cam
1.10685 0.0611098 0
Time
1558535270745
Theta
0.0551545
t_GA - R_GA * R_AB * t_BA
0 0 0
t_wo + t_wo_cam
1.10685 0.0611098 0
Time
1558535270795
Theta
0.0551545
t_GA - R_GA * R_AB * t_BA
0 0 0
t_wo + t_wo_cam
1.10685 0.0611098 0
Time
1558535270846
Theta
0.0551545
t_GA - R_GA * R_AB * t_BA
0 0 0
t_wo + t_wo_cam
1.10685 0.0611098 0
Time
1558535270896
Theta
0.0551545
t_GA - R_GA * R_AB * t_BA
0 0 0
t_wo + t_wo_cam
1.10685 0.0611098 0
Time
1558535270946
Theta
0.0551545
t_GA - R_GA * R_AB * t_BA
0 0 0
t_wo + t_wo_cam
1.10685 0.0611098 0
Time
1558535270997
Theta
0.0551545
t_GA - R_GA * R_AB * t_BA
0 0 0
t_wo + t_wo_cam
1.10685 0.0611098 0
Time
1558535271047
Theta
0.0551545
t_GA - R_GA * R_AB * t_BA
0 0 0
t_wo + t_wo_cam
1.10685 0.0611098 0
Time
1558535271098
Theta
0.0551545
t_GA - R_GA * R_AB * t_BA
0 0 0
t_wo + t_wo_cam
1.10685 0.0611098 0
Time
1558535271148
Theta
0.0551545
t_GA - R_GA * R_AB * t_BA
0 0 0
t_wo + t_wo_cam
1.10685 0.0611098 0
Time
1558535271198
Theta
0.0551545
t_GA - R_GA * R_AB * t_BA
0 0 0
t_wo + t_wo_cam
1.10685 0.0611098 0
Time
1558535271249
Theta
0.0551545
t_GA - R_GA * R_AB * t_BA
0 0 0
t_wo + t_wo_cam
1.10685 0.0611098 0
Time
1558535271299
Theta
0.0551545
t_GA - R_GA * R_AB * t_BA
0 0 0
t_wo + t_wo_cam
1.10685 0.0611098 0
Time
1558535271350
Theta
0.0551545
t_GA - R_GA * R_AB * t_BA
0 0 0
t_wo + t_wo_cam
1.10685 0.0611098 0
Time
1558535271400
Theta
0.0551545
t_GA - R_GA * R_AB * t_BA
0 0 0
t_wo + t_wo_cam
1.10685 0.0611098 0
Time
1558535271450
Theta
0.0551545
t_GA - R_GA * R_AB * t_BA
0 0 0
t_wo + t_wo_cam
1.10685 0.0611098 0
Time
1558535271501
Theta
0.0551545
t_GA - R_GA * R_AB * t_BA
0 0 0
t_wo + t_wo_cam
1.10685 0.0611098 0
Time
1558535271551
Theta
0.0551545
t_GA - R_GA * R_AB * t_BA
0 0 0
t_wo + t_wo_cam
1.10685 0.0611098 0
Time
1558535271601
Theta
0.0551545
t_GA - R_GA * R_AB * t_BA
0 0 0
t_wo + t_wo_cam
1.10685 0.0611098 0
Time
1558535271652
Theta
0.0551545
t_GA - R_GA * R_AB * t_BA
0 0 0
t_wo + t_wo_cam
1.10685 0.0611098 0
Time
1558535271702
Theta
0.0551545
t_GA - R_GA * R_AB * t_BA
0 0 0
t_wo + t_wo_cam
1.10685 0.0611098 0
Time
1558535271753
Theta
0.0551545
t_GA - R_GA * R_AB * t_BA
0 0 0
t_wo + t_wo_cam
1.10685 0.0611098 0
Time
1558535271803
Theta
0.0551545
t_GA - R_GA * R_AB * t_BA
0 0 0
t_wo + t_wo_cam
1.10685 0.0611098 0
Time
1558535271853
Theta
0.0551545
t_GA - R_GA * R_AB * t_BA
0 0 0
t_wo + t_wo_cam
1.10685 0.0611098 0
Time
1558535271904
Theta
0.0551545
t_GA - R_GA * R_AB * t_BA
0 0 0
t_wo + t_wo_cam
1.10685 0.0611098 0
Time
1558535271954
Theta
0.0551545
t_GA - R_GA * R_AB * t_BA
0 0 0
t_wo + t_wo_cam
1.10685 0.0611098 0
Time
1558535272005
Theta
0.0551545
t_GA - R_GA * R_AB * t_BA
0 0 0
t_wo + t_wo_cam
1.10685 0.0611098 0
Time
1558535272055
Theta
0.0551545
t_GA - R_GA * R_AB * t_BA
0 0 0
t_wo + t_wo_cam
1.10685 0.0611098 0
Time
1558535272105
Theta
0.0551545
t_GA - R_GA * R_AB * t_BA
0 0 0
t_wo + t_wo_cam
1.10685 0.0611098 0
Time
1558535272156
Theta
0.0551545
t_GA - R_GA * R_AB * t_BA
0 0 0
t_wo + t_wo_cam
1.10685 0.0611098 0
Time
1558535272206
Theta
0.0551545
t_GA - R_GA * R_AB * t_BA
0 0 0
t_wo + t_wo_cam
1.10685 0.0611098 0
Time
1558535272256
Theta
0.0551545
t_GA - R_GA * R_AB * t_BA
0 0 0
t_wo + t_wo_cam
1.10685 0.0611098 0
Time
1558535272307
Theta
0.0551545
t_GA - R_GA * R_AB * t_BA
0 0 0
t_wo + t_wo_cam
1.10685 0.0611098 0
Time
1558535272357
Theta
0.0551545
t_GA - R_GA * R_AB * t_BA
0 0 0
t_wo + t_wo_cam
1.10685 0.0611098 0
Time
1558535272408
Theta
0.0551545
t_GA - R_GA * R_AB * t_BA
0 0 0
t_wo + t_wo_cam
1.10685 0.0611098 0
Time
1558535272458
Theta
0.0551545
t_GA - R_GA * R_AB * t_BA
0 0 0
t_wo + t_wo_cam
1.10685 0.0611098 0
Time
1558535272508
Theta
0.0551545
t_GA - R_GA * R_AB * t_BA
0 0 0
t_wo + t_wo_cam
1.10685 0.0611098 0
Time
1558535272559
Theta
0.0551545
t_GA - R_GA * R_AB * t_BA
0 0 0
t_wo + t_wo_cam
1.10685 0.0611098 0
Time
1558535272609
Theta
0.0551545
t_GA - R_GA * R_AB * t_BA
0 0 0
t_wo + t_wo_cam
1.10685 0.0611098 0
Time
1558535272659
Theta
0.0551545
t_GA - R_GA * R_AB * t_BA
0 0 0
t_wo + t_wo_cam
1.10685 0.0611098 0
Time
1558535272710
Theta
0.0551545
t_GA - R_GA * R_AB * t_BA
0 0 0
t_wo + t_wo_cam
1.10685 0.0611098 0
Time
1558535272760
Theta
0.0551545
t_GA - R_GA * R_AB * t_BA
0 0 0
t_wo + t_wo_cam
1.10685 0.0611098 0
Time
1558535272811
Theta
0.0551545
t_GA - R_GA * R_AB * t_BA
0 0 0
t_wo + t_wo_cam
1.10685 0.0611098 0
Time
1558535272861
Theta
0.0551545
t_GA - R_GA * R_AB * t_BA
0 0 0
t_wo + t_wo_cam
1.10685 0.0611098 0
Time
1558535272912
Theta
0.0551545
t_GA - R_GA * R_AB * t_BA
0 0 0
t_wo + t_wo_cam
1.10685 0.0611098 0
Time
1558535272962
Theta
0.0551545
t_GA - R_GA * R_AB * t_BA
0 0 0
t_wo + t_wo_cam
1.10685 0.0611098 0
Time
1558535273012
Theta
0.0551545
t_GA - R_GA * R_AB * t_BA
0 0 0
t_wo + t_wo_cam
1.10685 0.0611098 0
Time
1558535273063
Theta
0.0551545
t_GA - R_GA * R_AB * t_BA
0 0 0
t_wo + t_wo_cam
1.10685 0.0611098 0
Time
1558535273113
Theta
0.0551545
t_GA - R_GA * R_AB * t_BA
0 0 0
t_wo + t_wo_cam
1.10685 0.0611098 0
Time
1558535273164
Theta
0.0551545
t_GA - R_GA * R_AB * t_BA
0 0 0
t_wo + t_wo_cam
1.10685 0.0611098 0
Time
1558535273214
Theta
0.0551545
t_GA - R_GA * R_AB * t_BA
0 0 0
t_wo + t_wo_cam
1.10685 0.0611098 0
Time
1558535273265
Theta
0.0551545
t_GA - R_GA * R_AB * t_BA
0 0 0
t_wo + t_wo_cam
1.10685 0.0611098 0
Time
1558535273315
Theta
0.0551545
t_GA - R_GA * R_AB * t_BA
0 0 0
t_wo + t_wo_cam
1.10685 0.0611098 0
Time
1558535273366
Theta
0.0551545
t_GA - R_GA * R_AB * t_BA
0 0 0
t_wo + t_wo_cam
1.10685 0.0611098 0
Time
1558535273417
Theta
0.0551545
t_GA - R_GA * R_AB * t_BA
0 0 0
t_wo + t_wo_cam
1.10685 0.0611098 0
Time
1558535273467
Theta
0.0551545
t_GA - R_GA * R_AB * t_BA
0 0 0
t_wo + t_wo_cam
1.10685 0.0611098 0
Time
1558535273518
Theta
0.0551545
t_GA - R_GA * R_AB * t_BA
0 0 0
t_wo + t_wo_cam
1.10685 0.0611098 0
Time
1558535273568
Theta
0.0551545
t_GA - R_GA * R_AB * t_BA
0 0 0
t_wo + t_wo_cam
1.10685 0.0611098 0
Time
1558535273619
Theta
0.0551545
t_GA - R_GA * R_AB * t_BA
0 0 0
t_wo + t_wo_cam
1.10685 0.0611098 0
Time
1558535273669
Theta
0.0551545
t_GA - R_GA * R_AB * t_BA
0 0 0
t_wo + t_wo_cam
1.10685 0.0611098 0
Time
1558535273720
Theta
0.0551545
t_GA - R_GA * R_AB * t_BA
0 0 0
t_wo + t_wo_cam
1.10685 0.0611098 0
Time
1558535273770
Theta
0.0551545
t_GA - R_GA * R_AB * t_BA
0 0 0
t_wo + t_wo_cam
1.10685 0.0611098 0
Time
1558535273821
Theta
0.0551545
t_GA - R_GA * R_AB * t_BA
0 0 0
t_wo + t_wo_cam
1.10685 0.0611098 0
Time
1558535273871
Theta
0.0551545
t_GA - R_GA * R_AB * t_BA
0 0 0
t_wo + t_wo_cam
1.10685 0.0611098 0
Time
1558535273921
Theta
0.0551545
t_GA - R_GA * R_AB * t_BA
0 0 0
t_wo + t_wo_cam
1.10685 0.0611098 0
Time
1558535273972
Theta
0.0551545
t_GA - R_GA * R_AB * t_BA
0 0 0
t_wo + t_wo_cam
1.10685 0.0611098 0
Time
1558535274022
Theta
0.0551545
t_GA - R_GA * R_AB * t_BA
0 0 0
t_wo + t_wo_cam
1.10685 0.0611098 0
Time
1558535274072
Theta
0.0551545
t_GA - R_GA * R_AB * t_BA
0 0 0
t_wo + t_wo_cam
1.10685 0.0611098 0
Time
1558535274123
Theta
0.0551545
t_GA - R_GA * R_AB * t_BA
0 0 0
t_wo + t_wo_cam
1.10685 0.0611098 0
Time
1558535274174
Theta
0.0551545
t_GA - R_GA * R_AB * t_BA
0 0 0
t_wo + t_wo_cam
1.10685 0.0611098 0
Time
1558535274224
Theta
0.0551545
t_GA - R_GA * R_AB * t_BA
0 0 0
t_wo + t_wo_cam
1.10685 0.0611098 0
Time
1558535274274
Theta
0.0551545
t_GA - R_GA * R_AB * t_BA
0 0 0
t_wo + t_wo_cam
1.10685 0.0611098 0
Time
1558535274325
Theta
0.0551545
t_GA - R_GA * R_AB * t_BA
0 0 0
t_wo + t_wo_cam
1.10685 0.0611098 0
Time
1558535274375
Theta
0.0551545
t_GA - R_GA * R_AB * t_BA
0 0 0
t_wo + t_wo_cam
1.10685 0.0611098 0
Time
1558535274425
Theta
0.0551545
t_GA - R_GA * R_AB * t_BA
0 0 0
t_wo + t_wo_cam
1.10685 0.0611098 0
Time
1558535274476
Theta
0.0551545
t_GA - R_GA * R_AB * t_BA
0 0 0
t_wo + t_wo_cam
1.10685 0.0611098 0
Time
1558535274526
Theta
0.0551545
t_GA - R_GA * R_AB * t_BA
0 0 0
t_wo + t_wo_cam
1.10685 0.0611098 0
Time
1558535274577
Theta
0.0551545
t_GA - R_GA * R_AB * t_BA
0 0 0
t_wo + t_wo_cam
1.10685 0.0611098 0
Time
1558535274627
Theta
0.0551545
t_GA - R_GA * R_AB * t_BA
0 0 0
t_wo + t_wo_cam
1.10685 0.0611098 0
Time
1558535274677
Theta
0.0551545
t_GA - R_GA * R_AB * t_BA
0 0 0
t_wo + t_wo_cam
1.10685 0.0611098 0
Time
1558535274728
Theta
0.0551545
t_GA - R_GA * R_AB * t_BA
0 0 0
t_wo + t_wo_cam
1.10685 0.0611098 0
Time
1558535274779
Theta
0.0551545
t_GA - R_GA * R_AB * t_BA
0 0 0
t_wo + t_wo_cam
1.10685 0.0611098 0
Time
1558535274830
Theta
0.0551545
t_GA - R_GA * R_AB * t_BA
0 0 0
t_wo + t_wo_cam
1.10685 0.0611098 0
Time
1558535274880
Theta
0.0551545
t_GA - R_GA * R_AB * t_BA
0 0 0
t_wo + t_wo_cam
1.10685 0.0611098 0
Time
1558535274930
Theta
0.0551545
t_GA - R_GA * R_AB * t_BA
0 0 0
t_wo + t_wo_cam
1.10685 0.0611098 0
Time
1558535274981
Theta
0.0551545
t_GA - R_GA * R_AB * t_BA
0 0 0
t_wo + t_wo_cam
1.10685 0.0611098 0
Time
1558535275031
Theta
0.0551545
t_GA - R_GA * R_AB * t_BA
0 0 0
t_wo + t_wo_cam
1.10685 0.0611098 0
Time
1558535275081
Theta
0.0551545
t_GA - R_GA * R_AB * t_BA
0 0 0
t_wo + t_wo_cam
1.10685 0.0611098 0
Time
1558535275132
Theta
0.0551545
t_GA - R_GA * R_AB * t_BA
0 0 0
t_wo + t_wo_cam
1.10685 0.0611098 0
Time
1558535275182
Theta
0.0551545
t_GA - R_GA * R_AB * t_BA
0 0 0
t_wo + t_wo_cam
1.10685 0.0611098 0
Time
1558535275233
Theta
0.0551545
t_GA - R_GA * R_AB * t_BA
0 0 0
t_wo + t_wo_cam
1.10685 0.0611098 0
Time
1558535275283
Theta
0.0551545
t_GA - R_GA * R_AB * t_BA
0 0 0
t_wo + t_wo_cam
1.10685 0.0611098 0
Time
1558535275334
Theta
0.0551545
t_GA - R_GA * R_AB * t_BA
0 0 0
t_wo + t_wo_cam
1.10685 0.0611098 0
Time
1558535275384
Theta
0.0551545
t_GA - R_GA * R_AB * t_BA
0 0 0
t_wo + t_wo_cam
1.10685 0.0611098 0
Time
1558535275434
Theta
0.0551545
t_GA - R_GA * R_AB * t_BA
0 0 0
t_wo + t_wo_cam
1.10685 0.0611098 0
Time
1558535275485
Theta
0.0551545
t_GA - R_GA * R_AB * t_BA
0 0 0
t_wo + t_wo_cam
1.10685 0.0611098 0
Time
1558535275535
Theta
0.0551545
t_GA - R_GA * R_AB * t_BA
0 0 0
t_wo + t_wo_cam
1.10685 0.0611098 0
Time
1558535275585
Theta
0.0551545
t_GA - R_GA * R_AB * t_BA
0 0 0
t_wo + t_wo_cam
1.10685 0.0611098 0
Time
1558535275636
Theta
0.0551545
t_GA - R_GA * R_AB * t_BA
0 0 0
t_wo + t_wo_cam
1.10685 0.0611098 0
Time
1558535275686
Theta
0.0551545
t_GA - R_GA * R_AB * t_BA
0 0 0
t_wo + t_wo_cam
1.10685 0.0611098 0
Time
1558535275736
Theta
0.0551545
t_GA - R_GA * R_AB * t_BA
0 0 0
t_wo + t_wo_cam
1.10685 0.0611098 0
Time
1558535275787
Theta
0.0551545
t_GA - R_GA * R_AB * t_BA
0 0 0
t_wo + t_wo_cam
1.10685 0.0611098 0
Time
1558535275837
Theta
0.0551545
t_GA - R_GA * R_AB * t_BA
0 0 0
t_wo + t_wo_cam
1.10685 0.0611098 0
Time
1558535275887
Theta
0.0551545
t_GA - R_GA * R_AB * t_BA
0 0 0
t_wo + t_wo_cam
1.10685 0.0611098 0
Time
1558535275938
Theta
0.0551545
t_GA - R_GA * R_AB * t_BA
0 0 0
t_wo + t_wo_cam
1.10685 0.0611098 0
Time
1558535275988
Theta
0.0551545
t_GA - R_GA * R_AB * t_BA
0 0 0
t_wo + t_wo_cam
1.10685 0.0611098 0
Time
1558535276038
Theta
0.0551545
t_GA - R_GA * R_AB * t_BA
0 0 0
t_wo + t_wo_cam
1.10685 0.0611098 0
Time
1558535276089
Theta
0.0551545
t_GA - R_GA * R_AB * t_BA
0 0 0
t_wo + t_wo_cam
1.10685 0.0611098 0
Time
1558535276139
Theta
0.0551545
t_GA - R_GA * R_AB * t_BA
0 0 0
t_wo + t_wo_cam
1.10685 0.0611098 0
Time
1558535276189
Theta
0.0551545
t_GA - R_GA * R_AB * t_BA
0 0 0
t_wo + t_wo_cam
1.10685 0.0611098 0
Time
1558535276240
Theta
0.0551545
t_GA - R_GA * R_AB * t_BA
0 0 0
t_wo + t_wo_cam
1.10685 0.0611098 0
Time
1558535276290
Theta
0.0551545
t_GA - R_GA * R_AB * t_BA
0 0 0
t_wo + t_wo_cam
1.10685 0.0611098 0
Time
1558535276340
Theta
0.0551545
t_GA - R_GA * R_AB * t_BA
0 0 0
t_wo + t_wo_cam
1.10685 0.0611098 0
Time
1558535276391
Theta
0.0551545
t_GA - R_GA * R_AB * t_BA
0 0 0
t_wo + t_wo_cam
1.10685 0.0611098 0
Time
1558535276441
Theta
0.0551545
t_GA - R_GA * R_AB * t_BA
0 0 0
t_wo + t_wo_cam
1.10685 0.0611098 0
Time
1558535276492
Theta
0.0551545
t_GA - R_GA * R_AB * t_BA
0 0 0
t_wo + t_wo_cam
1.10685 0.0611098 0
Time
1558535276542
Theta
0.0551545
t_GA - R_GA * R_AB * t_BA
0 0 0
t_wo + t_wo_cam
1.10685 0.0611098 0
Time
1558535276592
Theta
0.0551545
t_GA - R_GA * R_AB * t_BA
0 0 0
t_wo + t_wo_cam
1.10685 0.0611098 0
Time
1558535276643
Theta
0.0551545
t_GA - R_GA * R_AB * t_BA
0 0 0
t_wo + t_wo_cam
1.10685 0.0611098 0
Time
1558535276693
Theta
0.0551545
t_GA - R_GA * R_AB * t_BA
0 0 0
t_wo + t_wo_cam
1.10685 0.0611098 0
Time
1558535276743
Theta
0.0551545
t_GA - R_GA * R_AB * t_BA
0 0 0
t_wo + t_wo_cam
1.10685 0.0611098 0
Time
1558535276794
Theta
0.0551545
t_GA - R_GA * R_AB * t_BA
0 0 0
t_wo + t_wo_cam
1.10685 0.0611098 0
Time
1558535276844
Theta
0.0551545
t_GA - R_GA * R_AB * t_BA
0 0 0
t_wo + t_wo_cam
1.10685 0.0611098 0
Time
1558535276895
Theta
0.0551545
t_GA - R_GA * R_AB * t_BA
0 0 0
t_wo + t_wo_cam
1.10685 0.0611098 0
Time
1558535276945
Theta
0.0551545
t_GA - R_GA * R_AB * t_BA
0 0 0
t_wo + t_wo_cam
1.10685 0.0611098 0
Time
1558535276995
Theta
0.0551545
t_GA - R_GA * R_AB * t_BA
0 0 0
t_wo + t_wo_cam
1.10685 0.0611098 0
Time
1558535277046
Theta
0.0551545
t_GA - R_GA * R_AB * t_BA
0 0 0
t_wo + t_wo_cam
1.10685 0.0611098 0
Time
1558535277096
Theta
0.0551545
t_GA - R_GA * R_AB * t_BA
0 0 0
t_wo + t_wo_cam
1.10685 0.0611098 0
Time
1558535277146
Theta
0.0551545
t_GA - R_GA * R_AB * t_BA
0 0 0
t_wo + t_wo_cam
1.10685 0.0611098 0
Time
1558535277197
Theta
0.0551545
t_GA - R_GA * R_AB * t_BA
0 0 0
t_wo + t_wo_cam
1.10685 0.0611098 0
Time
1558535277247
Theta
0.0551545
t_GA - R_GA * R_AB * t_BA
0 0 0
t_wo + t_wo_cam
1.10685 0.0611098 0
Time
1558535277298
Theta
0.0551545
t_GA - R_GA * R_AB * t_BA
0 0 0
t_wo + t_wo_cam
1.10685 0.0611098 0
Time
1558535277348
Theta
0.0551545
t_GA - R_GA * R_AB * t_BA
0 0 0
t_wo + t_wo_cam
1.10685 0.0611098 0
Time
1558535277398
Theta
0.0551545
t_GA - R_GA * R_AB * t_BA
0 0 0
t_wo + t_wo_cam
1.10685 0.0611098 0
Time
1558535277449
Theta
0.0551545
t_GA - R_GA * R_AB * t_BA
0 0 0
t_wo + t_wo_cam
1.10685 0.0611098 0
Time
1558535277499
Theta
0.0551545
t_GA - R_GA * R_AB * t_BA
0 0 0
t_wo + t_wo_cam
1.10685 0.0611098 0
Time
1558535277549
Theta
0.0551545
t_GA - R_GA * R_AB * t_BA
0 0 0
t_wo + t_wo_cam
1.10685 0.0611098 0
Time
1558535277600
Theta
0.0551545
t_GA - R_GA * R_AB * t_BA
0 0 0
t_wo + t_wo_cam
1.10685 0.0611098 0
Time
1558535277650
Theta
0.0551545
t_GA - R_GA * R_AB * t_BA
0 0 0
t_wo + t_wo_cam
1.10685 0.0611098 0
Time
1558535277701
Theta
0.0551545
t_GA - R_GA * R_AB * t_BA
0 0 0
t_wo + t_wo_cam
1.10685 0.0611098 0
Time
1558535277751
Theta
0.0551545
t_GA - R_GA * R_AB * t_BA
0 0 0
t_wo + t_wo_cam
1.10685 0.0611098 0
Time
1558535277801
Theta
0.0551545
t_GA - R_GA * R_AB * t_BA
0 0 0
t_wo + t_wo_cam
1.10685 0.0611098 0
Time
1558535277852
Theta
0.0551545
t_GA - R_GA * R_AB * t_BA
0 0 0
t_wo + t_wo_cam
1.10685 0.0611098 0
Time
1558535277902
Theta
0.0551545
t_GA - R_GA * R_AB * t_BA
0 0 0
t_wo + t_wo_cam
1.10685 0.0611098 0
Time
1558535277953
Theta
0.0551545
t_GA - R_GA * R_AB * t_BA
0 0 0
t_wo + t_wo_cam
1.10685 0.0611098 0
Time
1558535278003
Theta
0.0551545
t_GA - R_GA * R_AB * t_BA
0 0 0
t_wo + t_wo_cam
1.10685 0.0611098 0
Time
1558535278053
Theta
0.0551545
t_GA - R_GA * R_AB * t_BA
0 0 0
t_wo + t_wo_cam
1.10685 0.0611098 0
Time
1558535278104
Theta
0.0551545
t_GA - R_GA * R_AB * t_BA
0 0 0
t_wo + t_wo_cam
1.10685 0.0611098 0
Time
1558535278154
Theta
0.0551545
t_GA - R_GA * R_AB * t_BA
0 0 0
t_wo + t_wo_cam
1.10685 0.0611098 0
Time
1558535278204
Theta
0.0551545
t_GA - R_GA * R_AB * t_BA
0 0 0
t_wo + t_wo_cam
1.10685 0.0611098 0
Time
1558535278255
Theta
0.0551545
t_GA - R_GA * R_AB * t_BA
0 0 0
t_wo + t_wo_cam
1.10685 0.0611098 0
Time
1558535278305
Theta
0.0551545
t_GA - R_GA * R_AB * t_BA
0 0 0
t_wo + t_wo_cam
1.10685 0.0611098 0
Time
1558535278356
Theta
0.0551545
t_GA - R_GA * R_AB * t_BA
0 0 0
t_wo + t_wo_cam
1.10685 0.0611098 0
Time
1558535278406
Theta
0.0551545
t_GA - R_GA * R_AB * t_BA
0 0 0
t_wo + t_wo_cam
1.10685 0.0611098 0
Time
1558535278457
Theta
0.0551545
t_GA - R_GA * R_AB * t_BA
0 0 0
t_wo + t_wo_cam
1.10685 0.0611098 0
Time
1558535278507
Theta
0.0551545
t_GA - R_GA * R_AB * t_BA
0 0 0
t_wo + t_wo_cam
1.13236 0.113852 0
Time
1558535278557
Theta
0.110309
t_GA - R_GA * R_AB * t_BA
0 0 0
t_wo + t_wo_cam
1.13236 0.113852 0
Time
1558535278608
Theta
0.110309
t_GA - R_GA * R_AB * t_BA
0 0 0
t_wo + t_wo_cam
1.13236 0.113852 0
Time
1558535278658
Theta
0.110309
t_GA - R_GA * R_AB * t_BA
0 0 0
t_wo + t_wo_cam
1.13236 0.113852 0
Time
1558535278708
Theta
0.110309
t_GA - R_GA * R_AB * t_BA
0 0 0
t_wo + t_wo_cam
1.13236 0.113852 0
Time
1558535278759
Theta
0.110309
t_GA - R_GA * R_AB * t_BA
0 0 0
t_wo + t_wo_cam
1.13236 0.113852 0
Time
1558535278809
Theta
0.110309
t_GA - R_GA * R_AB * t_BA
0 0 0
t_wo + t_wo_cam
1.13236 0.113852 0
Time
1558535278860
Theta
0.110309
t_GA - R_GA * R_AB * t_BA
0 0 0
t_wo + t_wo_cam
1.13236 0.113852 0
Time
1558535278910
Theta
0.110309
t_GA - R_GA * R_AB * t_BA
0 0 0
t_wo + t_wo_cam
1.13236 0.113852 0
Time
1558535278960
Theta
0.110309
t_GA - R_GA * R_AB * t_BA
0 0 0
t_wo + t_wo_cam
1.13236 0.113852 0
Time
1558535279011
Theta
0.110309
t_GA - R_GA * R_AB * t_BA
0 0 0
t_wo + t_wo_cam
1.13236 0.113852 0
Time
1558535279061
Theta
0.110309
t_GA - R_GA * R_AB * t_BA
0 0 0
t_wo + t_wo_cam
1.13236 0.113852 0
Time
1558535279112
Theta
0.110309
t_GA - R_GA * R_AB * t_BA
0 0 0
t_wo + t_wo_cam
1.13236 0.113852 0
Time
1558535279162
Theta
0.110309
t_GA - R_GA * R_AB * t_BA
0 0 0
t_wo + t_wo_cam
1.13236 0.113852 0
Time
1558535279212
Theta
0.110309
t_GA - R_GA * R_AB * t_BA
0 0 0
t_wo + t_wo_cam
1.13236 0.113852 0
Time
1558535279263
Theta
0.110309
t_GA - R_GA * R_AB * t_BA
0 0 0
t_wo + t_wo_cam
1.13236 0.113852 0
Time
1558535279313
Theta
0.110309
t_GA - R_GA * R_AB * t_BA
0 0 0
t_wo + t_wo_cam
1.13236 0.113852 0
Time
1558535279363
Theta
0.110309
t_GA - R_GA * R_AB * t_BA
0 0 0
t_wo + t_wo_cam
1.13236 0.113852 0
Time
1558535279414
Theta
0.110309
t_GA - R_GA * R_AB * t_BA
0 0 0
t_wo + t_wo_cam
1.13236 0.113852 0
Time
1558535279464
Theta
0.110309
t_GA - R_GA * R_AB * t_BA
0 0 0
t_wo + t_wo_cam
1.13236 0.113852 0
Time
1558535279514
Theta
0.110309
t_GA - R_GA * R_AB * t_BA
0 0 0
t_wo + t_wo_cam
1.13236 0.113852 0
Time
1558535279565
Theta
0.110309
t_GA - R_GA * R_AB * t_BA
0 0 0
t_wo + t_wo_cam
1.13236 0.113852 0
Time
1558535279615
Theta
0.110309
t_GA - R_GA * R_AB * t_BA
0 0 0
t_wo + t_wo_cam
1.13236 0.113852 0
Time
1558535279666
Theta
0.110309
t_GA - R_GA * R_AB * t_BA
0 0 0
t_wo + t_wo_cam
1.13236 0.113852 0
Time
1558535279716
Theta
0.110309
t_GA - R_GA * R_AB * t_BA
0 0 0
t_wo + t_wo_cam
1.13236 0.113852 0
Time
1558535279766
Theta
0.110309
t_GA - R_GA * R_AB * t_BA
0 0 0
t_wo + t_wo_cam
1.13236 0.113852 0
Time
1558535279817
Theta
0.110309
t_GA - R_GA * R_AB * t_BA
0 0 0
t_wo + t_wo_cam
1.13236 0.113852 0
Time
1558535279867
Theta
0.110309
t_GA - R_GA * R_AB * t_BA
0 0 0
t_wo + t_wo_cam
1.13236 0.113852 0
Time
1558535279917
Theta
0.110309
t_GA - R_GA * R_AB * t_BA
0 0 0
t_wo + t_wo_cam
1.13236 0.113852 0
Time
1558535279968
Theta
0.110309
t_GA - R_GA * R_AB * t_BA
0 0 0
t_wo + t_wo_cam
1.13236 0.113852 0
Time
1558535280018
Theta
0.110309
t_GA - R_GA * R_AB * t_BA
0 0 0
t_wo + t_wo_cam
1.13236 0.113852 0
Time
1558535280069
Theta
0.110309
t_GA - R_GA * R_AB * t_BA
0 0 0
t_wo + t_wo_cam
1.13236 0.113852 0
Time
1558535280119
Theta
0.110309
t_GA - R_GA * R_AB * t_BA
0 0 0
t_wo + t_wo_cam
1.13236 0.113852 0
Time
1558535280169
Theta
0.110309
t_GA - R_GA * R_AB * t_BA
0 0 0
t_wo + t_wo_cam
1.13236 0.113852 0
Time
1558535280220
Theta
0.110309
t_GA - R_GA * R_AB * t_BA
0 0 0
t_wo + t_wo_cam
1.13236 0.113852 0
Time
1558535280270
Theta
0.110309
t_GA - R_GA * R_AB * t_BA
0 0 0
t_wo + t_wo_cam
1.13236 0.113852 0
Time
1558535280320
Theta
0.110309
t_GA - R_GA * R_AB * t_BA
0 0 0
t_wo + t_wo_cam
1.13236 0.113852 0
Time
1558535280371
Theta
0.110309
t_GA - R_GA * R_AB * t_BA
0 0 0
t_wo + t_wo_cam
1.13236 0.113852 0
Time
1558535280421
Theta
0.110309
t_GA - R_GA * R_AB * t_BA
0 0 0
t_wo + t_wo_cam
1.13236 0.113852 0
Time
1558535280472
Theta
0.110309
t_GA - R_GA * R_AB * t_BA
0 0 0
t_wo + t_wo_cam
1.13236 0.113852 0
Time
1558535280522
Theta
0.110309
t_GA - R_GA * R_AB * t_BA
0 0 0
t_wo + t_wo_cam
1.13236 0.113852 0
Time
1558535280572
Theta
0.110309
t_GA - R_GA * R_AB * t_BA
0 0 0
t_wo + t_wo_cam
1.13236 0.113852 0
Time
1558535280623
Theta
0.110309
t_GA - R_GA * R_AB * t_BA
0 0 0
t_wo + t_wo_cam
1.13236 0.113852 0
Time
1558535280673
Theta
0.110309
t_GA - R_GA * R_AB * t_BA
0 0 0
t_wo + t_wo_cam
1.13236 0.113852 0
Time
1558535280723
Theta
0.110309
t_GA - R_GA * R_AB * t_BA
0 0 0
t_wo + t_wo_cam
1.13236 0.113852 0
Time
1558535280774
Theta
0.110309
t_GA - R_GA * R_AB * t_BA
0 0 0
t_wo + t_wo_cam
1.13236 0.113852 0
Time
1558535280824
Theta
0.110309
t_GA - R_GA * R_AB * t_BA
0 0 0
t_wo + t_wo_cam
1.13236 0.113852 0
Time
1558535280874
Theta
0.110309
t_GA - R_GA * R_AB * t_BA
0 0 0
t_wo + t_wo_cam
1.13236 0.113852 0
Time
1558535280925
Theta
0.110309
t_GA - R_GA * R_AB * t_BA
0 0 0
t_wo + t_wo_cam
1.13236 0.113852 0
Time
1558535280975
Theta
0.110309
t_GA - R_GA * R_AB * t_BA
0 0 0
t_wo + t_wo_cam
1.13236 0.113852 0
Time
1558535281025
Theta
0.110309
t_GA - R_GA * R_AB * t_BA
0 0 0
t_wo + t_wo_cam
1.13236 0.113852 0
Time
1558535281076
Theta
0.110309
t_GA - R_GA * R_AB * t_BA
0 0 0
t_wo + t_wo_cam
1.13236 0.113852 0
Time
1558535281126
Theta
0.110309
t_GA - R_GA * R_AB * t_BA
0 0 0
t_wo + t_wo_cam
1.13236 0.113852 0
Time
1558535281177
Theta
0.110309
t_GA - R_GA * R_AB * t_BA
0 0 0
t_wo + t_wo_cam
1.13236 0.113852 0
Time
1558535281227
Theta
0.110309
t_GA - R_GA * R_AB * t_BA
0 0 0
t_wo + t_wo_cam
1.13236 0.113852 0
Time
1558535281277
Theta
0.110309
t_GA - R_GA * R_AB * t_BA
0 0 0
t_wo + t_wo_cam
1.13236 0.113852 0
Time
1558535281328
Theta
0.110309
t_GA - R_GA * R_AB * t_BA
0 0 0
t_wo + t_wo_cam
1.13236 0.113852 0
Time
1558535281378
Theta
0.110309
t_GA - R_GA * R_AB * t_BA
0 0 0
t_wo + t_wo_cam
1.13236 0.113852 0
Time
1558535281428
Theta
0.110309
t_GA - R_GA * R_AB * t_BA
0 0 0
t_wo + t_wo_cam
1.13236 0.113852 0
Time
1558535281479
Theta
0.110309
t_GA - R_GA * R_AB * t_BA
0 0 0
t_wo + t_wo_cam
1.13236 0.113852 0
Time
1558535281529
Theta
0.110309
t_GA - R_GA * R_AB * t_BA
0 0 0
t_wo + t_wo_cam
1.13236 0.113852 0
Time
1558535281580
Theta
0.110309
t_GA - R_GA * R_AB * t_BA
0 0 0
t_wo + t_wo_cam
1.13236 0.113852 0
Time
1558535281630
Theta
0.110309
t_GA - R_GA * R_AB * t_BA
0 0 0
t_wo + t_wo_cam
1.13236 0.113852 0
Time
1558535281680
Theta
0.110309
t_GA - R_GA * R_AB * t_BA
0 0 0
t_wo + t_wo_cam
1.13236 0.113852 0
Time
1558535281731
Theta
0.110309
t_GA - R_GA * R_AB * t_BA
0 0 0
t_wo + t_wo_cam
1.13236 0.113852 0
Time
1558535281781
Theta
0.110309
t_GA - R_GA * R_AB * t_BA
0 0 0
t_wo + t_wo_cam
1.13236 0.113852 0
Time
1558535281831
Theta
0.110309
t_GA - R_GA * R_AB * t_BA
0 0 0
t_wo + t_wo_cam
1.13236 0.113852 0
Time
1558535281882
Theta
0.110309
t_GA - R_GA * R_AB * t_BA
0 0 0
t_wo + t_wo_cam
1.13236 0.113852 0
Time
1558535281932
Theta
0.110309
t_GA - R_GA * R_AB * t_BA
0 0 0
t_wo + t_wo_cam
1.13236 0.113852 0
Time
1558535281982
Theta
0.110309
t_GA - R_GA * R_AB * t_BA
0 0 0
t_wo + t_wo_cam
1.13236 0.113852 0
Time
1558535282033
Theta
0.110309
t_GA - R_GA * R_AB * t_BA
0 0 0
t_wo + t_wo_cam
1.13236 0.113852 0
Time
1558535282083
Theta
0.110309
t_GA - R_GA * R_AB * t_BA
0 0 0
t_wo + t_wo_cam
1.13236 0.113852 0
Time
1558535282133
Theta
0.110309
t_GA - R_GA * R_AB * t_BA
0 0 0
t_wo + t_wo_cam
1.13236 0.113852 0
Time
1558535282184
Theta
0.110309
t_GA - R_GA * R_AB * t_BA
0 0 0
t_wo + t_wo_cam
1.13236 0.113852 0
Time
1558535282234
Theta
0.110309
t_GA - R_GA * R_AB * t_BA
0 0 0
t_wo + t_wo_cam
1.13236 0.113852 0
Time
1558535282285
Theta
0.110309
t_GA - R_GA * R_AB * t_BA
0 0 0
t_wo + t_wo_cam
1.13236 0.113852 0
Time
1558535282335
Theta
0.110309
t_GA - R_GA * R_AB * t_BA
0 0 0
t_wo + t_wo_cam
1.13236 0.113852 0
Time
1558535282385
Theta
0.110309
t_GA - R_GA * R_AB * t_BA
0 0 0
t_wo + t_wo_cam
1.13236 0.113852 0
Time
1558535282436
Theta
0.110309
t_GA - R_GA * R_AB * t_BA
0 0 0
t_wo + t_wo_cam
1.13236 0.113852 0
Time
1558535282486
Theta
0.110309
t_GA - R_GA * R_AB * t_BA
0 0 0
t_wo + t_wo_cam
1.13236 0.113852 0
Time
1558535282536
Theta
0.110309
t_GA - R_GA * R_AB * t_BA
0 0 0
t_wo + t_wo_cam
1.13236 0.113852 0
Time
1558535282587
Theta
0.110309
t_GA - R_GA * R_AB * t_BA
0 0 0
t_wo + t_wo_cam
1.13236 0.113852 0
Time
1558535282637
Theta
0.110309
t_GA - R_GA * R_AB * t_BA
0 0 0
t_wo + t_wo_cam
1.13236 0.113852 0
Time
1558535282687
Theta
0.110309
t_GA - R_GA * R_AB * t_BA
0 0 0
t_wo + t_wo_cam
1.13236 0.113852 0
Time
1558535282738
Theta
0.110309
t_GA - R_GA * R_AB * t_BA
0 0 0
t_wo + t_wo_cam
1.13236 0.113852 0
Time
1558535282788
Theta
0.110309
t_GA - R_GA * R_AB * t_BA
0 0 0
t_wo + t_wo_cam
1.13236 0.113852 0
Time
1558535282839
Theta
0.110309
t_GA - R_GA * R_AB * t_BA
0 0 0
t_wo + t_wo_cam
1.13236 0.113852 0
Time
1558535282889
Theta
0.110309
t_GA - R_GA * R_AB * t_BA
0 0 0
t_wo + t_wo_cam
1.13236 0.113852 0
Time
1558535282939
Theta
0.110309
t_GA - R_GA * R_AB * t_BA
0 0 0
t_wo + t_wo_cam
1.13236 0.113852 0
Time
1558535282990
Theta
0.110309
t_GA - R_GA * R_AB * t_BA
0 0 0
t_wo + t_wo_cam
1.13236 0.113852 0
Time
1558535283040
Theta
0.110309
t_GA - R_GA * R_AB * t_BA
0 0 0
t_wo + t_wo_cam
1.13236 0.113852 0
Time
1558535283090
Theta
0.110309
t_GA - R_GA * R_AB * t_BA
0 0 0
t_wo + t_wo_cam
1.13236 0.113852 0
Time
1558535283141
Theta
0.110309
t_GA - R_GA * R_AB * t_BA
0 0 0
t_wo + t_wo_cam
1.13236 0.113852 0
Time
1558535283191
Theta
0.110309
t_GA - R_GA * R_AB * t_BA
0 0 0
t_wo + t_wo_cam
1.13236 0.113852 0
Time
1558535283242
Theta
0.110309
t_GA - R_GA * R_AB * t_BA
0 0 0
t_wo + t_wo_cam
1.13236 0.113852 0
Time
1558535283292
Theta
0.110309
t_GA - R_GA * R_AB * t_BA
0 0 0
t_wo + t_wo_cam
1.13236 0.113852 0
Time
1558535283342
Theta
0.110309
t_GA - R_GA * R_AB * t_BA
0 0 0
t_wo + t_wo_cam
1.13236 0.113852 0
Time
1558535283393
Theta
0.110309
t_GA - R_GA * R_AB * t_BA
0 0 0
t_wo + t_wo_cam
1.13236 0.113852 0
Time
1558535283443
Theta
0.110309
t_GA - R_GA * R_AB * t_BA
0 0 0
t_wo + t_wo_cam
1.13236 0.113852 0
Time
1558535283493
Theta
0.110309
t_GA - R_GA * R_AB * t_BA
0 0 0
t_wo + t_wo_cam
1.13236 0.113852 0
Time
1558535283544
Theta
0.110309
t_GA - R_GA * R_AB * t_BA
0 0 0
t_wo + t_wo_cam
1.13236 0.113852 0
Time
1558535283594
Theta
0.110309
t_GA - R_GA * R_AB * t_BA
0 0 0
t_wo + t_wo_cam
1.13236 0.113852 0
Time
1558535283644
Theta
0.110309
t_GA - R_GA * R_AB * t_BA
0 0 0
t_wo + t_wo_cam
1.13236 0.113852 0
Time
1558535283695
Theta
0.110309
t_GA - R_GA * R_AB * t_BA
0 0 0
t_wo + t_wo_cam
1.13236 0.113852 0
Time
1558535283745
Theta
0.110309
t_GA - R_GA * R_AB * t_BA
0 0 0
t_wo + t_wo_cam
1.13236 0.113852 0
Time
1558535283796
Theta
0.110309
t_GA - R_GA * R_AB * t_BA
0 0 0
t_wo + t_wo_cam
1.13236 0.113852 0
Time
1558535283846
Theta
0.110309
t_GA - R_GA * R_AB * t_BA
0 0 0
t_wo + t_wo_cam
1.13236 0.113852 0
Time
1558535283896
Theta
0.110309
t_GA - R_GA * R_AB * t_BA
0 0 0
t_wo + t_wo_cam
1.13236 0.113852 0
Time
1558535283946
Theta
0.110309
t_GA - R_GA * R_AB * t_BA
0 0 0
t_wo + t_wo_cam
1.13236 0.113852 0
Time
1558535283997
Theta
0.110309
t_GA - R_GA * R_AB * t_BA
0 0 0
t_wo + t_wo_cam
1.13236 0.113852 0
Time
1558535284047
Theta
0.110309
t_GA - R_GA * R_AB * t_BA
0 0 0
t_wo + t_wo_cam
1.13236 0.113852 0
Time
1558535284098
Theta
0.110309
t_GA - R_GA * R_AB * t_BA
0 0 0
t_wo + t_wo_cam
1.13236 0.113852 0
Time
1558535284148
Theta
0.110309
t_GA - R_GA * R_AB * t_BA
0 0 0
t_wo + t_wo_cam
1.13236 0.113852 0
Time
1558535284198
Theta
0.110309
t_GA - R_GA * R_AB * t_BA
0 0 0
t_wo + t_wo_cam
1.13236 0.113852 0
Time
1558535284249
Theta
0.110309
t_GA - R_GA * R_AB * t_BA
0 0 0
t_wo + t_wo_cam
1.13236 0.113852 0
Time
1558535284299
Theta
0.110309
t_GA - R_GA * R_AB * t_BA
0 0 0
t_wo + t_wo_cam
1.13236 0.113852 0
Time
1558535284349
Theta
0.110309
t_GA - R_GA * R_AB * t_BA
0 0 0
t_wo + t_wo_cam
1.13236 0.113852 0
Time
1558535284400
Theta
0.110309
t_GA - R_GA * R_AB * t_BA
0 0 0
t_wo + t_wo_cam
1.13236 0.113852 0
Time
1558535284450
Theta
0.110309
t_GA - R_GA * R_AB * t_BA
0 0 0
t_wo + t_wo_cam
1.13236 0.113852 0
Time
1558535284500
Theta
0.110309
t_GA - R_GA * R_AB * t_BA
0 0 0
t_wo + t_wo_cam
1.13236 0.113852 0
Time
1558535284551
Theta
0.110309
t_GA - R_GA * R_AB * t_BA
0 0 0
t_wo + t_wo_cam
1.13236 0.113852 0
Time
1558535284601
Theta
0.110309
t_GA - R_GA * R_AB * t_BA
0 0 0
t_wo + t_wo_cam
1.13236 0.113852 0
Time
1558535284652
Theta
0.110309
t_GA - R_GA * R_AB * t_BA
0 0 0
t_wo + t_wo_cam
1.13236 0.113852 0
Time
1558535284702
Theta
0.110309
t_GA - R_GA * R_AB * t_BA
0 0 0
t_wo + t_wo_cam
1.13236 0.113852 0
Time
1558535284752
Theta
0.110309
t_GA - R_GA * R_AB * t_BA
0 0 0
t_wo + t_wo_cam
1.13236 0.113852 0
Time
1558535284803
Theta
0.110309
t_GA - R_GA * R_AB * t_BA
0 0 0
t_wo + t_wo_cam
1.13236 0.113852 0
Time
1558535284853
Theta
0.110309
t_GA - R_GA * R_AB * t_BA
0 0 0
t_wo + t_wo_cam
1.13236 0.113852 0
Time
1558535284903
Theta
0.110309
t_GA - R_GA * R_AB * t_BA
0 0 0
t_wo + t_wo_cam
1.13236 0.113852 0
Time
1558535284954
Theta
0.110309
t_GA - R_GA * R_AB * t_BA
0 0 0
t_wo + t_wo_cam
1.13236 0.113852 0
Time
1558535285004
Theta
0.110309
t_GA - R_GA * R_AB * t_BA
0 0 0
t_wo + t_wo_cam
1.13236 0.113852 0
Time
1558535285055
Theta
0.110309
t_GA - R_GA * R_AB * t_BA
0 0 0
t_wo + t_wo_cam
1.13236 0.113852 0
Time
1558535285105
Theta
0.110309
t_GA - R_GA * R_AB * t_BA
0 0 0
t_wo + t_wo_cam
1.13236 0.113852 0
Time
1558535285155
Theta
0.110309
t_GA - R_GA * R_AB * t_BA
0 0 0
t_wo + t_wo_cam
1.13236 0.113852 0
Time
1558535285206
Theta
0.110309
t_GA - R_GA * R_AB * t_BA
0 0 0
t_wo + t_wo_cam
1.13236 0.113852 0
Time
1558535285256
Theta
0.110309
t_GA - R_GA * R_AB * t_BA
0 0 0
t_wo + t_wo_cam
1.13236 0.113852 0
Time
1558535285306
Theta
0.110309
t_GA - R_GA * R_AB * t_BA
0 0 0
t_wo + t_wo_cam
1.13236 0.113852 0
Time
1558535285357
Theta
0.110309
t_GA - R_GA * R_AB * t_BA
0 0 0
t_wo + t_wo_cam
1.13236 0.113852 0
Time
1558535285407
Theta
0.110309
t_GA - R_GA * R_AB * t_BA
0 0 0
t_wo + t_wo_cam
1.13236 0.113852 0
Time
1558535285457
Theta
0.110309
t_GA - R_GA * R_AB * t_BA
0 0 0
t_wo + t_wo_cam
1.13236 0.113852 0
Time
1558535285508
Theta
0.110309
t_GA - R_GA * R_AB * t_BA
0 0 0
t_wo + t_wo_cam
1.13236 0.113852 0
Time
1558535285558
Theta
0.110309
t_GA - R_GA * R_AB * t_BA
0 0 0
t_wo + t_wo_cam
1.13236 0.113852 0
Time
1558535285609
Theta
0.110309
t_GA - R_GA * R_AB * t_BA
0 0 0
t_wo + t_wo_cam
1.13236 0.113852 0
Time
1558535285659
Theta
0.110309
t_GA - R_GA * R_AB * t_BA
0 0 0
t_wo + t_wo_cam
1.13236 0.113852 0
Time
1558535285709
Theta
0.110309
t_GA - R_GA * R_AB * t_BA
0 0 0
t_wo + t_wo_cam
1.13236 0.113852 0
Time
1558535285760
Theta
0.110309
t_GA - R_GA * R_AB * t_BA
0 0 0
t_wo + t_wo_cam
1.13236 0.113852 0
Time
1558535285810
Theta
0.110309
t_GA - R_GA * R_AB * t_BA
0 0 0
t_wo + t_wo_cam
1.13236 0.113852 0
Time
1558535285860
Theta
0.110309
t_GA - R_GA * R_AB * t_BA
0 0 0
t_wo + t_wo_cam
1.13236 0.113852 0
Time
1558535285911
Theta
0.110309
t_GA - R_GA * R_AB * t_BA
0 0 0
t_wo + t_wo_cam
1.13236 0.113852 0
Time
1558535285961
Theta
0.110309
t_GA - R_GA * R_AB * t_BA
0 0 0
t_wo + t_wo_cam
1.13236 0.113852 0
Time
1558535286011
Theta
0.110309
t_GA - R_GA * R_AB * t_BA
0 0 0
t_wo + t_wo_cam
1.13236 0.113852 0
Time
1558535286062
Theta
0.110309
t_GA - R_GA * R_AB * t_BA
0 0 0
t_wo + t_wo_cam
1.13236 0.113852 0
Time
1558535286112
Theta
0.110309
t_GA - R_GA * R_AB * t_BA
0 0 0
t_wo + t_wo_cam
1.13236 0.113852 0
Time
1558535286162
Theta
0.110309
t_GA - R_GA * R_AB * t_BA
0 0 0
t_wo + t_wo_cam
1.13236 0.113852 0
Time
1558535286213
Theta
0.110309
t_GA - R_GA * R_AB * t_BA
0 0 0
t_wo + t_wo_cam
1.13236 0.113852 0
Time
1558535286263
Theta
0.110309
t_GA - R_GA * R_AB * t_BA
0 0 0
t_wo + t_wo_cam
1.13236 0.113852 0
Time
1558535286314
Theta
0.110309
t_GA - R_GA * R_AB * t_BA
0 0 0
t_wo + t_wo_cam
1.13236 0.113852 0
Time
1558535286364
Theta
0.110309
t_GA - R_GA * R_AB * t_BA
0 0 0
t_wo + t_wo_cam
1.13236 0.113852 0
Time
1558535286414
Theta
0.110309
t_GA - R_GA * R_AB * t_BA
0 0 0
t_wo + t_wo_cam
1.13236 0.113852 0
Time
1558535286465
Theta
0.110309
t_GA - R_GA * R_AB * t_BA
0 0 0
t_wo + t_wo_cam
1.13236 0.113852 0
Time
1558535286515
Theta
0.110309
t_GA - R_GA * R_AB * t_BA
0 0 0
t_wo + t_wo_cam
1.13236 0.113852 0
Time
1558535286566
Theta
0.110309
t_GA - R_GA * R_AB * t_BA
0 0 0
t_wo + t_wo_cam
1.13236 0.113852 0
Time
1558535286616
Theta
0.110309
t_GA - R_GA * R_AB * t_BA
0 0 0
t_wo + t_wo_cam
1.13236 0.113852 0
Time
1558535286666
Theta
0.110309
t_GA - R_GA * R_AB * t_BA
0 0 0
t_wo + t_wo_cam
1.13236 0.113852 0
Time
1558535286717
Theta
0.110309
t_GA - R_GA * R_AB * t_BA
0 0 0
t_wo + t_wo_cam
1.13236 0.113852 0
Time
1558535286767
Theta
0.110309
t_GA - R_GA * R_AB * t_BA
0 0 0
t_wo + t_wo_cam
1.13236 0.113852 0
Time
1558535286817
Theta
0.110309
t_GA - R_GA * R_AB * t_BA
0 0 0
t_wo + t_wo_cam
1.13236 0.113852 0
Time
1558535286868
Theta
0.110309
t_GA - R_GA * R_AB * t_BA
0 0 0
t_wo + t_wo_cam
1.13236 0.113852 0
Time
1558535286918
Theta
0.110309
t_GA - R_GA * R_AB * t_BA
0 0 0
t_wo + t_wo_cam
1.13236 0.113852 0
Time
1558535286969
Theta
0.110309
t_GA - R_GA * R_AB * t_BA
0 0 0
t_wo + t_wo_cam
1.13236 0.113852 0
Time
1558535287019
Theta
0.110309
t_GA - R_GA * R_AB * t_BA
0 0 0
t_wo + t_wo_cam
1.13236 0.113852 0
Time
1558535287069
Theta
0.110309
t_GA - R_GA * R_AB * t_BA
0 0 0
t_wo + t_wo_cam
1.13236 0.113852 0
Time
1558535287120
Theta
0.110309
t_GA - R_GA * R_AB * t_BA
0 0 0
t_wo + t_wo_cam
1.13236 0.113852 0
Time
1558535287170
Theta
0.110309
t_GA - R_GA * R_AB * t_BA
0 0 0
t_wo + t_wo_cam
1.13236 0.113852 0
Time
1558535287220
Theta
0.110309
t_GA - R_GA * R_AB * t_BA
0 0 0
t_wo + t_wo_cam
1.13236 0.113852 0
Time
1558535287271
Theta
0.110309
t_GA - R_GA * R_AB * t_BA
0 0 0
t_wo + t_wo_cam
1.13236 0.113852 0
Time
1558535287321
Theta
0.110309
t_GA - R_GA * R_AB * t_BA
0 0 0
t_wo + t_wo_cam
1.13236 0.113852 0
Time
1558535287371
Theta
0.110309
t_GA - R_GA * R_AB * t_BA
0 0 0
t_wo + t_wo_cam
1.13236 0.113852 0
Time
1558535287422
Theta
0.110309
t_GA - R_GA * R_AB * t_BA
0 0 0
t_wo + t_wo_cam
1.13236 0.113852 0
Time
1558535287472
Theta
0.110309
t_GA - R_GA * R_AB * t_BA
0 0 0
t_wo + t_wo_cam
1.13236 0.113852 0
Time
1558535287523
Theta
0.110309
t_GA - R_GA * R_AB * t_BA
0 0 0
t_wo + t_wo_cam
1.13236 0.113852 0
Time
1558535287573
Theta
0.110309
t_GA - R_GA * R_AB * t_BA
0 0 0
t_wo + t_wo_cam
1.13236 0.113852 0
Time
1558535287623
Theta
0.110309
t_GA - R_GA * R_AB * t_BA
0 0 0
t_wo + t_wo_cam
1.13236 0.113852 0
Time
1558535287674
Theta
0.110309
t_GA - R_GA * R_AB * t_BA
0 0 0
t_wo + t_wo_cam
1.13236 0.113852 0
Time
1558535287724
Theta
0.110309
t_GA - R_GA * R_AB * t_BA
0 0 0
t_wo + t_wo_cam
1.13236 0.113852 0
Time
1558535287774
Theta
0.110309
t_GA - R_GA * R_AB * t_BA
0 0 0
t_wo + t_wo_cam
1.13236 0.113852 0
Time
1558535287825
Theta
0.110309
t_GA - R_GA * R_AB * t_BA
0 0 0
t_wo + t_wo_cam
1.13236 0.113852 0
Time
1558535287875
Theta
0.110309
t_GA - R_GA * R_AB * t_BA
0 0 0
t_wo + t_wo_cam
1.13236 0.113852 0
Time
1558535287925
Theta
0.110309
t_GA - R_GA * R_AB * t_BA
0 0 0
t_wo + t_wo_cam
1.13236 0.113852 0
Time
1558535287976
Theta
0.110309
t_GA - R_GA * R_AB * t_BA
0 0 0
t_wo + t_wo_cam
1.13236 0.113852 0
Time
1558535288026
Theta
0.110309
t_GA - R_GA * R_AB * t_BA
0 0 0
t_wo + t_wo_cam
1.13236 0.113852 0
Time
1558535288076
Theta
0.110309
t_GA - R_GA * R_AB * t_BA
0 0 0
t_wo + t_wo_cam
1.13236 0.113852 0
Time
1558535288127
Theta
0.110309
t_GA - R_GA * R_AB * t_BA
0 0 0
t_wo + t_wo_cam
1.13236 0.113852 0
Time
1558535288177
Theta
0.110309
t_GA - R_GA * R_AB * t_BA
0 0 0
t_wo + t_wo_cam
1.13236 0.113852 0
Time
1558535288227
Theta
0.110309
t_GA - R_GA * R_AB * t_BA
0 0 0
t_wo + t_wo_cam
1.13236 0.113852 0
Time
1558535288278
Theta
0.110309
t_GA - R_GA * R_AB * t_BA
0 0 0
t_wo + t_wo_cam
1.13236 0.113852 0
Time
1558535288328
Theta
0.110309
t_GA - R_GA * R_AB * t_BA
0 0 0
t_wo + t_wo_cam
1.13236 0.113852 0
Time
1558535288379
Theta
0.110309
t_GA - R_GA * R_AB * t_BA
0 0 0
t_wo + t_wo_cam
1.13236 0.113852 0
Time
1558535288429
Theta
0.110309
t_GA - R_GA * R_AB * t_BA
0 0 0
t_wo + t_wo_cam
1.13236 0.113852 0
Time
1558535288479
Theta
0.110309
t_GA - R_GA * R_AB * t_BA
0 0 0
t_wo + t_wo_cam
1.13236 0.113852 0
Time
1558535288530
Theta
0.110309
t_GA - R_GA * R_AB * t_BA
0 0 0
t_wo + t_wo_cam
1.13236 0.113852 0
Time
1558535288580
Theta
0.110309
t_GA - R_GA * R_AB * t_BA
0 0 0
t_wo + t_wo_cam
1.13236 0.113852 0
Time
1558535288630
Theta
0.110309
t_GA - R_GA * R_AB * t_BA
0 0 0
t_wo + t_wo_cam
1.13236 0.113852 0
Time
1558535288681
Theta
0.110309
t_GA - R_GA * R_AB * t_BA
0 0 0
t_wo + t_wo_cam
1.13236 0.113852 0
Time
1558535288731
Theta
0.110309
t_GA - R_GA * R_AB * t_BA
0 0 0
t_wo + t_wo_cam
1.13236 0.113852 0
Time
1558535288781
Theta
0.110309
t_GA - R_GA * R_AB * t_BA
0 0 0
t_wo + t_wo_cam
1.13236 0.113852 0
Time
1558535288832
Theta
0.110309
t_GA - R_GA * R_AB * t_BA
0 0 0
t_wo + t_wo_cam
1.13236 0.113852 0
Time
1558535288882
Theta
0.110309
t_GA - R_GA * R_AB * t_BA
0 0 0
t_wo + t_wo_cam
1.13236 0.113852 0
Time
1558535288933
Theta
0.110309
t_GA - R_GA * R_AB * t_BA
0 0 0
t_wo + t_wo_cam
1.13236 0.113852 0
Time
1558535288983
Theta
0.110309
t_GA - R_GA * R_AB * t_BA
0 0 0
t_wo + t_wo_cam
1.13236 0.113852 0
Time
1558535289033
Theta
0.110309
t_GA - R_GA * R_AB * t_BA
0 0 0
t_wo + t_wo_cam
1.13236 0.113852 0
Time
1558535289084
Theta
0.110309
t_GA - R_GA * R_AB * t_BA
0 0 0
t_wo + t_wo_cam
1.13236 0.113852 0
Time
1558535289135
Theta
0.110309
t_GA - R_GA * R_AB * t_BA
0 0 0
t_wo + t_wo_cam
1.13236 0.113852 0
Time
1558535289185
Theta
0.110309
t_GA - R_GA * R_AB * t_BA
0 0 0
t_wo + t_wo_cam
1.13236 0.113852 0
Time
1558535289235
Theta
0.110309
t_GA - R_GA * R_AB * t_BA
0 0 0
t_wo + t_wo_cam
1.13236 0.113852 0
Time
1558535289286
Theta
0.110309
t_GA - R_GA * R_AB * t_BA
0 0 0
t_wo + t_wo_cam
1.13236 0.113852 0
Time
1558535289336
Theta
0.110309
t_GA - R_GA * R_AB * t_BA
0 0 0
t_wo + t_wo_cam
1.13236 0.113852 0
Time
1558535289386
Theta
0.110309
t_GA - R_GA * R_AB * t_BA
0 0 0
t_wo + t_wo_cam
1.13236 0.113852 0
Time
1558535289437
Theta
0.110309
t_GA - R_GA * R_AB * t_BA
0 0 0
t_wo + t_wo_cam
1.13236 0.113852 0
Time
1558535289487
Theta
0.110309
t_GA - R_GA * R_AB * t_BA
0 0 0
t_wo + t_wo_cam
1.13236 0.113852 0
Time
1558535289537
Theta
0.110309
t_GA - R_GA * R_AB * t_BA
0 0 0
t_wo + t_wo_cam
1.13236 0.113852 0
Time
1558535289588
Theta
0.110309
t_GA - R_GA * R_AB * t_BA
0 0 0
t_wo + t_wo_cam
1.13236 0.113852 0
Time
1558535289638
Theta
0.110309
t_GA - R_GA * R_AB * t_BA
0 0 0
t_wo + t_wo_cam
1.13236 0.113852 0
Time
1558535289689
Theta
0.110309
t_GA - R_GA * R_AB * t_BA
0 0 0
t_wo + t_wo_cam
1.13236 0.113852 0
Time
1558535289739
Theta
0.110309
t_GA - R_GA * R_AB * t_BA
0 0 0
t_wo + t_wo_cam
1.13236 0.113852 0
Time
1558535289789
Theta
0.110309
t_GA - R_GA * R_AB * t_BA
0 0 0
t_wo + t_wo_cam
1.13236 0.113852 0
Time
1558535289840
Theta
0.110309
t_GA - R_GA * R_AB * t_BA
0 0 0
t_wo + t_wo_cam
1.13236 0.113852 0
Time
1558535289890
Theta
0.110309
t_GA - R_GA * R_AB * t_BA
0 0 0
t_wo + t_wo_cam
1.13236 0.113852 0
Time
1558535289941
Theta
0.110309
t_GA - R_GA * R_AB * t_BA
0 0 0
t_wo + t_wo_cam
1.13236 0.113852 0
Time
1558535289991
Theta
0.110309
t_GA - R_GA * R_AB * t_BA
0 0 0
t_wo + t_wo_cam
1.13236 0.113852 0
Time
1558535290041
Theta
0.110309
t_GA - R_GA * R_AB * t_BA
0 0 0
t_wo + t_wo_cam
1.13236 0.113852 0
Time
1558535290092
Theta
0.110309
t_GA - R_GA * R_AB * t_BA
0 0 0
t_wo + t_wo_cam
1.13236 0.113852 0
Time
1558535290142
Theta
0.110309
t_GA - R_GA * R_AB * t_BA
0 0 0
t_wo + t_wo_cam
1.13236 0.113852 0
Time
1558535290192
Theta
0.110309
t_GA - R_GA * R_AB * t_BA
0 0 0
t_wo + t_wo_cam
1.13236 0.113852 0
Time
1558535290243
Theta
0.110309
t_GA - R_GA * R_AB * t_BA
0 0 0
t_wo + t_wo_cam
1.13236 0.113852 0
Time
1558535290293
Theta
0.110309
t_GA - R_GA * R_AB * t_BA
0 0 0
t_wo + t_wo_cam
1.13236 0.113852 0
Time
1558535290344
Theta
0.110309
t_GA - R_GA * R_AB * t_BA
0 0 0
t_wo + t_wo_cam
1.13236 0.113852 0
Time
1558535290394
Theta
0.110309
t_GA - R_GA * R_AB * t_BA
0 0 0
t_wo + t_wo_cam
1.13236 0.113852 0
Time
1558535290444
Theta
0.110309
t_GA - R_GA * R_AB * t_BA
0 0 0
t_wo + t_wo_cam
1.13236 0.113852 0
Time
1558535290495
Theta
0.110309
t_GA - R_GA * R_AB * t_BA
0 0 0
t_wo + t_wo_cam
1.13236 0.113852 0
Time
1558535290545
Theta
0.110309
t_GA - R_GA * R_AB * t_BA
0 0 0
t_wo + t_wo_cam
1.13236 0.113852 0
Time
1558535290596
Theta
0.110309
t_GA - R_GA * R_AB * t_BA
0 0 0
t_wo + t_wo_cam
1.13236 0.113852 0
Time
1558535290646
Theta
0.110309
t_GA - R_GA * R_AB * t_BA
0 0 0
t_wo + t_wo_cam
1.13236 0.113852 0
Time
1558535290696
Theta
0.110309
t_GA - R_GA * R_AB * t_BA
0 0 0
t_wo + t_wo_cam
1.13236 0.113852 0
Time
1558535290747
Theta
0.110309
t_GA - R_GA * R_AB * t_BA
0 0 0
t_wo + t_wo_cam
1.13236 0.113852 0
Time
1558535290797
Theta
0.110309
t_GA - R_GA * R_AB * t_BA
0 0 0
t_wo + t_wo_cam
1.13236 0.113852 0
Time
1558535290847
Theta
0.110309
t_GA - R_GA * R_AB * t_BA
0 0 0
t_wo + t_wo_cam
1.13236 0.113852 0
Time
1558535290898
Theta
0.110309
t_GA - R_GA * R_AB * t_BA
0 0 0
t_wo + t_wo_cam
1.13236 0.113852 0
Time
1558535290948
Theta
0.110309
t_GA - R_GA * R_AB * t_BA
0 0 0
t_wo + t_wo_cam
1.13236 0.113852 0
Time
1558535290999
Theta
0.110309
t_GA - R_GA * R_AB * t_BA
0 0 0
t_wo + t_wo_cam
1.13236 0.113852 0
Time
1558535291049
Theta
0.110309
t_GA - R_GA * R_AB * t_BA
0 0 0
t_wo + t_wo_cam
1.13236 0.113852 0
Time
1558535291099
Theta
0.110309
t_GA - R_GA * R_AB * t_BA
0 0 0
t_wo + t_wo_cam
1.13236 0.113852 0
Time
1558535291150
Theta
0.110309
t_GA - R_GA * R_AB * t_BA
0 0 0
t_wo + t_wo_cam
1.13236 0.113852 0
Time
1558535291200
Theta
0.110309
t_GA - R_GA * R_AB * t_BA
0 0 0
t_wo + t_wo_cam
1.13236 0.113852 0
Time
1558535291251
Theta
0.110309
t_GA - R_GA * R_AB * t_BA
0 0 0
t_wo + t_wo_cam
1.13236 0.113852 0
Time
1558535291301
Theta
0.110309
t_GA - R_GA * R_AB * t_BA
0 0 0
t_wo + t_wo_cam
1.13236 0.113852 0
Time
1558535291352
Theta
0.110309
t_GA - R_GA * R_AB * t_BA
0 0 0
t_wo + t_wo_cam
1.13236 0.113852 0
Time
1558535291402
Theta
0.110309
t_GA - R_GA * R_AB * t_BA
0 0 0
t_wo + t_wo_cam
1.13236 0.113852 0
Time
1558535291452
Theta
0.110309
t_GA - R_GA * R_AB * t_BA
0 0 0
t_wo + t_wo_cam
1.13236 0.113852 0
Time
1558535291503
Theta
0.110309
t_GA - R_GA * R_AB * t_BA
0 0 0
t_wo + t_wo_cam
1.13236 0.113852 0
Time
1558535291553
Theta
0.110309
t_GA - R_GA * R_AB * t_BA
0 0 0
t_wo + t_wo_cam
1.13236 0.113852 0
Time
1558535291604
Theta
0.110309
t_GA - R_GA * R_AB * t_BA
0 0 0
t_wo + t_wo_cam
1.13236 0.113852 0
Time
1558535291654
Theta
0.110309
t_GA - R_GA * R_AB * t_BA
0 0 0
t_wo + t_wo_cam
1.13236 0.113852 0
Time
1558535291705
Theta
0.110309
t_GA - R_GA * R_AB * t_BA
0 0 0
t_wo + t_wo_cam
1.13236 0.113852 0
Time
1558535291755
Theta
0.110309
t_GA - R_GA * R_AB * t_BA
0 0 0
t_wo + t_wo_cam
1.13236 0.113852 0
Time
1558535291805
Theta
0.110309
t_GA - R_GA * R_AB * t_BA
0 0 0
t_wo + t_wo_cam
1.13236 0.113852 0
Time
1558535291856
Theta
0.110309
t_GA - R_GA * R_AB * t_BA
0 0 0
t_wo + t_wo_cam
1.13236 0.113852 0
Time
1558535291906
Theta
0.110309
t_GA - R_GA * R_AB * t_BA
0 0 0
t_wo + t_wo_cam
1.13236 0.113852 0
Time
1558535291956
Theta
0.110309
t_GA - R_GA * R_AB * t_BA
0 0 0
t_wo + t_wo_cam
1.13236 0.113852 0
Time
1558535292007
Theta
0.110309
t_GA - R_GA * R_AB * t_BA
0 0 0
t_wo + t_wo_cam
1.13236 0.113852 0
Time
1558535292057
Theta
0.110309
t_GA - R_GA * R_AB * t_BA
0 0 0
t_wo + t_wo_cam
1.13236 0.113852 0
Time
1558535292108
Theta
0.110309
t_GA - R_GA * R_AB * t_BA
0 0 0
t_wo + t_wo_cam
1.13236 0.113852 0
Time
1558535292158
Theta
0.110309
t_GA - R_GA * R_AB * t_BA
0 0 0
t_wo + t_wo_cam
1.13236 0.113852 0
Time
1558535292208
Theta
0.110309
t_GA - R_GA * R_AB * t_BA
0 0 0
t_wo + t_wo_cam
1.13236 0.113852 0
Time
1558535292259
Theta
0.110309
t_GA - R_GA * R_AB * t_BA
0 0 0
t_wo + t_wo_cam
1.13236 0.113852 0
Time
1558535292309
Theta
0.110309
t_GA - R_GA * R_AB * t_BA
0 0 0
t_wo + t_wo_cam
1.13236 0.113852 0
Time
1558535292360
Theta
0.110309
t_GA - R_GA * R_AB * t_BA
0 0 0
t_wo + t_wo_cam
1.13236 0.113852 0
Time
1558535292410
Theta
0.110309
t_GA - R_GA * R_AB * t_BA
0 0 0
t_wo + t_wo_cam
1.13236 0.113852 0
Time
1558535292460
Theta
0.110309
t_GA - R_GA * R_AB * t_BA
0 0 0
t_wo + t_wo_cam
1.13236 0.113852 0
Time
1558535292511
Theta
0.110309
t_GA - R_GA * R_AB * t_BA
0 0 0
t_wo + t_wo_cam
1.13236 0.113852 0
Time
1558535292561
Theta
0.110309
t_GA - R_GA * R_AB * t_BA
0 0 0
t_wo + t_wo_cam
1.13236 0.113852 0
Time
1558535292612
Theta
0.110309
t_GA - R_GA * R_AB * t_BA
0 0 0
t_wo + t_wo_cam
1.13236 0.113852 0
Time
1558535292662
Theta
0.110309
t_GA - R_GA * R_AB * t_BA
0 0 0
t_wo + t_wo_cam
1.13236 0.113852 0
Time
1558535292712
Theta
0.110309
t_GA - R_GA * R_AB * t_BA
0 0 0
t_wo + t_wo_cam
1.13236 0.113852 0
Time
1558535292763
Theta
0.110309
t_GA - R_GA * R_AB * t_BA
0 0 0
t_wo + t_wo_cam
1.13236 0.113852 0
Time
1558535292813
Theta
0.110309
t_GA - R_GA * R_AB * t_BA
0 0 0
t_wo + t_wo_cam
1.13236 0.113852 0
Time
1558535292864
Theta
0.110309
t_GA - R_GA * R_AB * t_BA
0 0 0
t_wo + t_wo_cam
1.13236 0.113852 0
Time
1558535292914
Theta
0.110309
t_GA - R_GA * R_AB * t_BA
0 0 0
t_wo + t_wo_cam
1.13236 0.113852 0
Time
1558535292965
Theta
0.110309
t_GA - R_GA * R_AB * t_BA
0 0 0
t_wo + t_wo_cam
1.13236 0.113852 0
Time
1558535293015
Theta
0.110309
t_GA - R_GA * R_AB * t_BA
0 0 0
t_wo + t_wo_cam
1.13236 0.113852 0
Time
1558535293065
Theta
0.110309
t_GA - R_GA * R_AB * t_BA
0 0 0
t_wo + t_wo_cam
1.13236 0.113852 0
Time
1558535293116
Theta
0.110309
t_GA - R_GA * R_AB * t_BA
0 0 0
t_wo + t_wo_cam
1.13236 0.113852 0
Time
1558535293166
Theta
0.110309
t_GA - R_GA * R_AB * t_BA
0 0 0
t_wo + t_wo_cam
1.13236 0.113852 0
Time
1558535293216
Theta
0.110309
t_GA - R_GA * R_AB * t_BA
0 0 0
t_wo + t_wo_cam
1.13236 0.113852 0
Time
1558535293267
Theta
0.110309
t_GA - R_GA * R_AB * t_BA
0 0 0
t_wo + t_wo_cam
1.13236 0.113852 0
Time
1558535293317
Theta
0.110309
t_GA - R_GA * R_AB * t_BA
0 0 0
t_wo + t_wo_cam
1.13236 0.113852 0
Time
1558535293368
Theta
0.110309
t_GA - R_GA * R_AB * t_BA
0 0 0
t_wo + t_wo_cam
1.13236 0.113852 0
Time
1558535293418
Theta
0.110309
t_GA - R_GA * R_AB * t_BA
0 0 0
t_wo + t_wo_cam
1.13236 0.113852 0
Time
1558535293468
Theta
0.110309
t_GA - R_GA * R_AB * t_BA
0 0 0
t_wo + t_wo_cam
1.13236 0.113852 0
Time
1558535293519
Theta
0.110309
t_GA - R_GA * R_AB * t_BA
0 0 0
t_wo + t_wo_cam
1.13236 0.113852 0
Time
1558535293569
Theta
0.110309
t_GA - R_GA * R_AB * t_BA
0 0 0
t_wo + t_wo_cam
1.13236 0.113852 0
Time
1558535293619
Theta
0.110309
t_GA - R_GA * R_AB * t_BA
0 0 0
t_wo + t_wo_cam
1.13236 0.113852 0
Time
1558535293670
Theta
0.110309
t_GA - R_GA * R_AB * t_BA
0 0 0
t_wo + t_wo_cam
1.13236 0.113852 0
Time
1558535293720
Theta
0.110309
t_GA - R_GA * R_AB * t_BA
0 0 0
t_wo + t_wo_cam
1.13236 0.113852 0
Time
1558535293770
Theta
0.110309
t_GA - R_GA * R_AB * t_BA
0 0 0
t_wo + t_wo_cam
1.13236 0.113852 0
Time
1558535293821
Theta
0.110309
t_GA - R_GA * R_AB * t_BA
0 0 0
t_wo + t_wo_cam
1.13236 0.113852 0
Time
1558535293871
Theta
0.110309
t_GA - R_GA * R_AB * t_BA
0 0 0
t_wo + t_wo_cam
1.13236 0.113852 0
Time
1558535293921
Theta
0.110309
t_GA - R_GA * R_AB * t_BA
0 0 0
t_wo + t_wo_cam
1.13236 0.113852 0
Time
1558535293972
Theta
0.110309
t_GA - R_GA * R_AB * t_BA
0 0 0
t_wo + t_wo_cam
1.13236 0.113852 0
Time
1558535294022
Theta
0.110309
t_GA - R_GA * R_AB * t_BA
0 0 0
t_wo + t_wo_cam
1.13236 0.113852 0
Time
1558535294073
Theta
0.110309
t_GA - R_GA * R_AB * t_BA
0 0 0
t_wo + t_wo_cam
1.13236 0.113852 0
Time
1558535294123
Theta
0.110309
t_GA - R_GA * R_AB * t_BA
0 0 0
t_wo + t_wo_cam
1.13236 0.113852 0
Time
1558535294173
Theta
0.110309
t_GA - R_GA * R_AB * t_BA
0 0 0
t_wo + t_wo_cam
1.13236 0.113852 0
Time
1558535294224
Theta
0.110309
t_GA - R_GA * R_AB * t_BA
0 0 0
t_wo + t_wo_cam
1.16621 0.0660316 0
Time
1558535294274
Theta
0.0551545
t_GA - R_GA * R_AB * t_BA
0 0 0
t_wo + t_wo_cam
1.16621 0.0660316 0
Time
1558535294324
Theta
0.0551545
t_GA - R_GA * R_AB * t_BA
0 0 0
t_wo + t_wo_cam
1.16621 0.0660316 0
Time
1558535294375
Theta
0.0551545
t_GA - R_GA * R_AB * t_BA
0 0 0
t_wo + t_wo_cam
1.16621 0.0660316 0
Time
1558535294425
Theta
0.0551545
t_GA - R_GA * R_AB * t_BA
0 0 0
t_wo + t_wo_cam
1.16621 0.0660316 0
Time
1558535294476
Theta
0.0551545
t_GA - R_GA * R_AB * t_BA
0 0 0
t_wo + t_wo_cam
1.16621 0.0660316 0
Time
1558535294526
Theta
0.0551545
t_GA - R_GA * R_AB * t_BA
0 0 0
t_wo + t_wo_cam
1.16621 0.0660316 0
Time
1558535294576
Theta
0.0551545
t_GA - R_GA * R_AB * t_BA
0 0 0
t_wo + t_wo_cam
1.19172 0.118774 0
Time
1558535294627
Theta
0.110309
t_GA - R_GA * R_AB * t_BA
0 0 0
t_wo + t_wo_cam
1.22556 0.0709534 0
Time
1558535294677
Theta
0.0551545
t_GA - R_GA * R_AB * t_BA
0 0 0
t_wo + t_wo_cam
1.22556 0.0709534 0
Time
1558535294728
Theta
0.0551545
t_GA - R_GA * R_AB * t_BA
0 0 0
t_wo + t_wo_cam
1.22556 0.0709534 0
Time
1558535294778
Theta
0.0551545
t_GA - R_GA * R_AB * t_BA
0 0 0
t_wo + t_wo_cam
1.22556 0.0709534 0
Time
1558535294828
Theta
0.0551545
t_GA - R_GA * R_AB * t_BA
0 0 0
t_wo + t_wo_cam
1.22556 0.0709534 0
Time
1558535294879
Theta
0.0551545
t_GA - R_GA * R_AB * t_BA
0 0 0
t_wo + t_wo_cam
1.22556 0.0709534 0
Time
1558535294929
Theta
0.0551545
t_GA - R_GA * R_AB * t_BA
0 0 0
t_wo + t_wo_cam
1.22556 0.0709534 0
Time
1558535294979
Theta
0.0551545
t_GA - R_GA * R_AB * t_BA
0 0 0
t_wo + t_wo_cam
1.22556 0.0709534 0
Time
1558535295030
Theta
0.0551545
t_GA - R_GA * R_AB * t_BA
0 0 0
t_wo + t_wo_cam
1.22556 0.0709534 0
Time
1558535295080
Theta
0.0551545
t_GA - R_GA * R_AB * t_BA
0 0 0
t_wo + t_wo_cam
1.22556 0.0709534 0
Time
1558535295130
Theta
0.0551545
t_GA - R_GA * R_AB * t_BA
0 0 0
t_wo + t_wo_cam
1.22556 0.0709534 0
Time
1558535295181
Theta
0.0551545
t_GA - R_GA * R_AB * t_BA
0 0 0
t_wo + t_wo_cam
1.22556 0.0709534 0
Time
1558535295231
Theta
0.0551545
t_GA - R_GA * R_AB * t_BA
0 0 0
t_wo + t_wo_cam
1.22556 0.0709534 0
Time
1558535295281
Theta
0.0551545
t_GA - R_GA * R_AB * t_BA
0 0 0
t_wo + t_wo_cam
1.22556 0.0709534 0
Time
1558535295332
Theta
0.0551545
t_GA - R_GA * R_AB * t_BA
0 0 0
t_wo + t_wo_cam
1.22556 0.0709534 0
Time
1558535295382
Theta
0.0551545
t_GA - R_GA * R_AB * t_BA
0 0 0
t_wo + t_wo_cam
1.22556 0.0709534 0
Time
1558535295433
Theta
0.0551545
t_GA - R_GA * R_AB * t_BA
0 0 0
t_wo + t_wo_cam
1.22556 0.0709534 0
Time
1558535295483
Theta
0.0551545
t_GA - R_GA * R_AB * t_BA
0 0 0
t_wo + t_wo_cam
1.22556 0.0709534 0
Time
1558535295533
Theta
0.0551545
t_GA - R_GA * R_AB * t_BA
0 0 0
t_wo + t_wo_cam
1.22556 0.0709534 0
Time
1558535295584
Theta
0.0551545
t_GA - R_GA * R_AB * t_BA
0 0 0
t_wo + t_wo_cam
1.22556 0.0709534 0
Time
1558535295634
Theta
0.0551545
t_GA - R_GA * R_AB * t_BA
0 0 0
t_wo + t_wo_cam
1.22556 0.0709534 0
Time
1558535295684
Theta
0.0551545
t_GA - R_GA * R_AB * t_BA
0 0 0
t_wo + t_wo_cam
1.22556 0.0709534 0
Time
1558535295735
Theta
0.0551545
t_GA - R_GA * R_AB * t_BA
0 0 0
t_wo + t_wo_cam
1.22556 0.0709534 0
Time
1558535295785
Theta
0.0551545
t_GA - R_GA * R_AB * t_BA
0 0 0
t_wo + t_wo_cam
1.22556 0.0709534 0
Time
1558535295836
Theta
0.0551545
t_GA - R_GA * R_AB * t_BA
0 0 0
t_wo + t_wo_cam
1.22556 0.0709534 0
Time
1558535295886
Theta
0.0551545
t_GA - R_GA * R_AB * t_BA
0 0 0
t_wo + t_wo_cam
1.22556 0.0709534 0
Time
1558535295936
Theta
0.0551545
t_GA - R_GA * R_AB * t_BA
0 0 0
t_wo + t_wo_cam
1.22556 0.0709534 0
Time
1558535295987
Theta
0.0551545
t_GA - R_GA * R_AB * t_BA
0 0 0
t_wo + t_wo_cam
1.22556 0.0709534 0
Time
1558535296037
Theta
0.0551545
t_GA - R_GA * R_AB * t_BA
0 0 0
t_wo + t_wo_cam
1.22556 0.0709534 0
Time
1558535296088
Theta
0.0551545
t_GA - R_GA * R_AB * t_BA
0 0 0
t_wo + t_wo_cam
1.22556 0.0709534 0
Time
1558535296138
Theta
0.0551545
t_GA - R_GA * R_AB * t_BA
0 0 0
t_wo + t_wo_cam
1.22556 0.0709534 0
Time
1558535296188
Theta
0.0551545
t_GA - R_GA * R_AB * t_BA
0 0 0
t_wo + t_wo_cam
1.22556 0.0709534 0
Time
1558535296239
Theta
0.0551545
t_GA - R_GA * R_AB * t_BA
0 0 0
t_wo + t_wo_cam
1.22556 0.0709534 0
Time
1558535296289
Theta
0.0551545
t_GA - R_GA * R_AB * t_BA
0 0 0
t_wo + t_wo_cam
1.22556 0.0709534 0
Time
1558535296339
Theta
0.0551545
t_GA - R_GA * R_AB * t_BA
0 0 0
t_wo + t_wo_cam
1.22556 0.0709534 0
Time
1558535296390
Theta
0.0551545
t_GA - R_GA * R_AB * t_BA
0 0 0
t_wo + t_wo_cam
1.22556 0.0709534 0
Time
1558535296440
Theta
0.0551545
t_GA - R_GA * R_AB * t_BA
0 0 0
t_wo + t_wo_cam
1.22556 0.0709534 0
Time
1558535296491
Theta
0.0551545
t_GA - R_GA * R_AB * t_BA
0 0 0
t_wo + t_wo_cam
1.22556 0.0709534 0
Time
1558535296541
Theta
0.0551545
t_GA - R_GA * R_AB * t_BA
0 0 0
t_wo + t_wo_cam
1.22556 0.0709534 0
Time
1558535296591
Theta
0.0551545
t_GA - R_GA * R_AB * t_BA
0 0 0
t_wo + t_wo_cam
1.22556 0.0709534 0
Time
1558535296642
Theta
0.0551545
t_GA - R_GA * R_AB * t_BA
0 0 0
t_wo + t_wo_cam
1.22556 0.0709534 0
Time
1558535296692
Theta
0.0551545
t_GA - R_GA * R_AB * t_BA
0 0 0
t_wo + t_wo_cam
1.22556 0.0709534 0
Time
1558535296742
Theta
0.0551545
t_GA - R_GA * R_AB * t_BA
0 0 0
t_wo + t_wo_cam
1.22556 0.0709534 0
Time
1558535296793
Theta
0.0551545
t_GA - R_GA * R_AB * t_BA
0 0 0
t_wo + t_wo_cam
1.22556 0.0709534 0
Time
1558535296843
Theta
0.0551545
t_GA - R_GA * R_AB * t_BA
0 0 0
t_wo + t_wo_cam
1.22556 0.0709534 0
Time
1558535296894
Theta
0.0551545
t_GA - R_GA * R_AB * t_BA
0 0 0
t_wo + t_wo_cam
1.22556 0.0709534 0
Time
1558535296944
Theta
0.0551545
t_GA - R_GA * R_AB * t_BA
0 0 0
t_wo + t_wo_cam
1.22556 0.0709534 0
Time
1558535296994
Theta
0.0551545
t_GA - R_GA * R_AB * t_BA
0 0 0
t_wo + t_wo_cam
1.22556 0.0709534 0
Time
1558535297045
Theta
0.0551545
t_GA - R_GA * R_AB * t_BA
0 0 0
t_wo + t_wo_cam
1.22556 0.0709534 0
Time
1558535297095
Theta
0.0551545
t_GA - R_GA * R_AB * t_BA
0 0 0
t_wo + t_wo_cam
1.22556 0.0709534 0
Time
1558535297145
Theta
0.0551545
t_GA - R_GA * R_AB * t_BA
0 0 0
t_wo + t_wo_cam
1.22556 0.0709534 0
Time
1558535297196
Theta
0.0551545
t_GA - R_GA * R_AB * t_BA
0 0 0
t_wo + t_wo_cam
1.22556 0.0709534 0
Time
1558535297246
Theta
0.0551545
t_GA - R_GA * R_AB * t_BA
0 0 0
t_wo + t_wo_cam
1.22556 0.0709534 0
Time
1558535297296
Theta
0.0551545
t_GA - R_GA * R_AB * t_BA
0 0 0
t_wo + t_wo_cam
1.22556 0.0709534 0
Time
1558535297347
Theta
0.0551545
t_GA - R_GA * R_AB * t_BA
0 0 0
t_wo + t_wo_cam
1.22556 0.0709534 0
Time
1558535297397
Theta
0.0551545
t_GA - R_GA * R_AB * t_BA
0 0 0
t_wo + t_wo_cam
1.22556 0.0709534 0
Time
1558535297448
Theta
0.0551545
t_GA - R_GA * R_AB * t_BA
0 0 0
t_wo + t_wo_cam
1.22556 0.0709534 0
Time
1558535297498
Theta
0.0551545
t_GA - R_GA * R_AB * t_BA
0 0 0
t_wo + t_wo_cam
1.22556 0.0709534 0
Time
1558535297548
Theta
0.0551545
t_GA - R_GA * R_AB * t_BA
0 0 0
t_wo + t_wo_cam
1.22556 0.0709534 0
Time
1558535297599
Theta
0.0551545
t_GA - R_GA * R_AB * t_BA
0 0 0
t_wo + t_wo_cam
1.22556 0.0709534 0
Time
1558535297649
Theta
0.0551545
t_GA - R_GA * R_AB * t_BA
0 0 0
t_wo + t_wo_cam
1.22556 0.0709534 0
Time
1558535297699
Theta
0.0551545
t_GA - R_GA * R_AB * t_BA
0 0 0
t_wo + t_wo_cam
1.22556 0.0709534 0
Time
1558535297750
Theta
0.0551545
t_GA - R_GA * R_AB * t_BA
0 0 0
t_wo + t_wo_cam
1.22556 0.0709534 0
Time
1558535297800
Theta
0.0551545
t_GA - R_GA * R_AB * t_BA
0 0 0
t_wo + t_wo_cam
1.22556 0.0709534 0
Time
1558535297851
Theta
0.0551545
t_GA - R_GA * R_AB * t_BA
0 0 0
t_wo + t_wo_cam
1.22556 0.0709534 0
Time
1558535297901
Theta
0.0551545
t_GA - R_GA * R_AB * t_BA
0 0 0
t_wo + t_wo_cam
1.22556 0.0709534 0
Time
1558535297951
Theta
0.0551545
t_GA - R_GA * R_AB * t_BA
0 0 0
t_wo + t_wo_cam
1.22556 0.0709534 0
Time
1558535298002
Theta
0.0551545
t_GA - R_GA * R_AB * t_BA
0 0 0
t_wo + t_wo_cam
1.22556 0.0709534 0
Time
1558535298052
Theta
0.0551545
t_GA - R_GA * R_AB * t_BA
0 0 0
t_wo + t_wo_cam
1.22556 0.0709534 0
Time
1558535298103
Theta
0.0551545
t_GA - R_GA * R_AB * t_BA
0 0 0
t_wo + t_wo_cam
1.22556 0.0709534 0
Time
1558535298153
Theta
0.0551545
t_GA - R_GA * R_AB * t_BA
0 0 0
t_wo + t_wo_cam
1.22556 0.0709534 0
Time
1558535298203
Theta
0.0551545
t_GA - R_GA * R_AB * t_BA
0 0 0
t_wo + t_wo_cam
1.22556 0.0709534 0
Time
1558535298254
Theta
0.0551545
t_GA - R_GA * R_AB * t_BA
0 0 0
t_wo + t_wo_cam
1.22556 0.0709534 0
Time
1558535298304
Theta
0.0551545
t_GA - R_GA * R_AB * t_BA
0 0 0
t_wo + t_wo_cam
1.22556 0.0709534 0
Time
1558535298354
Theta
0.0551545
t_GA - R_GA * R_AB * t_BA
0 0 0
t_wo + t_wo_cam
1.22556 0.0709534 0
Time
1558535298405
Theta
0.0551545
t_GA - R_GA * R_AB * t_BA
0 0 0
t_wo + t_wo_cam
1.22556 0.0709534 0
Time
1558535298455
Theta
0.0551545
t_GA - R_GA * R_AB * t_BA
0 0 0
t_wo + t_wo_cam
1.22556 0.0709534 0
Time
1558535298505
Theta
0.0551545
t_GA - R_GA * R_AB * t_BA
0 0 0
t_wo + t_wo_cam
1.22556 0.0709534 0
Time
1558535298556
Theta
0.0551545
t_GA - R_GA * R_AB * t_BA
0 0 0
t_wo + t_wo_cam
1.22556 0.0709534 0
Time
1558535298606
Theta
0.0551545
t_GA - R_GA * R_AB * t_BA
0 0 0
t_wo + t_wo_cam
1.22556 0.0709534 0
Time
1558535298657
Theta
0.0551545
