t_GA - R_GA * R_AB * t_BA
0 0 0
t_wo + t_wo_cam
0.9 0 0
Time
1558452995283
Theta
0
t_GA - R_GA * R_AB * t_BA
0 0 0
t_wo + t_wo_cam
0.9 0 0
Time
1558452995354
Theta
0
t_GA - R_GA * R_AB * t_BA
0 0 0
t_wo + t_wo_cam
0.9 0 0
Time
1558452995431
Theta
0
t_GA - R_GA * R_AB * t_BA
0 0 0
t_wo + t_wo_cam
0.9 0 0
Time
1558452995509
Theta
0
t_GA - R_GA * R_AB * t_BA
0 0 0
t_wo + t_wo_cam
0.9 0 0
Time
1558452995587
Theta
0
t_GA - R_GA * R_AB * t_BA
0 0 0
t_wo + t_wo_cam
0.9 0 0
Time
1558452995665
Theta
0
t_GA - R_GA * R_AB * t_BA
0 0 0
t_wo + t_wo_cam
0.9 0 0
Time
1558452995743
Theta
0
t_GA - R_GA * R_AB * t_BA
0 0 0
t_wo + t_wo_cam
0.9 0 0
Time
1558452995820
Theta
0
t_GA - R_GA * R_AB * t_BA
0 0 0
t_wo + t_wo_cam
0.9 0 0
Time
1558452995898
Theta
0
t_GA - R_GA * R_AB * t_BA
0 0 0
t_wo + t_wo_cam
0.9 0 0
Time
1558452995976
Theta
0
t_GA - R_GA * R_AB * t_BA
0 0 0
t_wo + t_wo_cam
0.9 0 0
Time
1558452996054
Theta
0
t_GA - R_GA * R_AB * t_BA
0 0 0
t_wo + t_wo_cam
0.9 0 0
Time
1558452996132
Theta
0
t_GA - R_GA * R_AB * t_BA
0 0 0
t_wo + t_wo_cam
0.9 0 0
Time
1558452996209
Theta
0
t_GA - R_GA * R_AB * t_BA
-0.0838566 1.8195 -0.182079
t_wo + t_wo_cam
-0.0838566 1.8195 -0.182079
Time
1558452996287
Theta
-1.5708
t_GA - R_GA * R_AB * t_BA
-0.0783999 1.82032 -0.17825
t_wo + t_wo_cam
-0.0638057 1.82325 -0.166836
Time
1558452996365
Theta
-1.5708
t_GA - R_GA * R_AB * t_BA
-0.0963612 1.82151 -0.160735
t_wo + t_wo_cam
-0.0783999 1.82032 -0.17825
Time
1558452996443
Theta
-1.5708
t_GA - R_GA * R_AB * t_BA
-0.0966397 1.82222 -0.157976
t_wo + t_wo_cam
-0.0963612 1.82151 -0.160735
Time
1558452996521
Theta
-1.5708
t_GA - R_GA * R_AB * t_BA
-0.0966397 1.82222 -0.157976
t_wo + t_wo_cam
-0.0966397 1.82222 -0.157976
Time
1558452996599
Theta
-1.5708
t_GA - R_GA * R_AB * t_BA
-0.0991303 1.82057 -0.168373
t_wo + t_wo_cam
-0.0991303 1.82057 -0.168373
Time
1558452996676
Theta
-1.5708
t_GA - R_GA * R_AB * t_BA
-0.0841166 1.82256 -0.164609
t_wo + t_wo_cam
-0.0841166 1.82256 -0.164609
Time
1558452996754
Theta
-1.5708
t_GA - R_GA * R_AB * t_BA
-0.0965972 1.8192 -0.178971
t_wo + t_wo_cam
-0.0965972 1.8192 -0.178971
Time
1558452996832
Theta
-1.5708
t_GA - R_GA * R_AB * t_BA
-0.0841204 1.81909 -0.186154
t_wo + t_wo_cam
-0.0841204 1.81909 -0.186154
Time
1558452996910
Theta
-1.5708
t_GA - R_GA * R_AB * t_BA
-0.0855778 1.8212 -0.1723
t_wo + t_wo_cam
-0.0855778 1.8212 -0.1723
Time
1558452996988
Theta
-1.5708
t_GA - R_GA * R_AB * t_BA
-0.0844001 1.82055 -0.176037
t_wo + t_wo_cam
-0.0844001 1.82055 -0.176037
Time
1558452997066
Theta
-1.5708
t_GA - R_GA * R_AB * t_BA
-0.0769075 1.82182 -0.170564
t_wo + t_wo_cam
-0.0769075 1.82182 -0.170564
Time
1558452997143
Theta
-1.5708
t_GA - R_GA * R_AB * t_BA
-0.0961051 1.81812 -0.186807
t_wo + t_wo_cam
-0.0961051 1.81812 -0.186807
Time
1558452997221
Theta
-1.5708
t_GA - R_GA * R_AB * t_BA
-0.0963301 1.82376 -0.150257
t_wo + t_wo_cam
-0.0963301 1.82376 -0.150257
Time
1558452997303
Theta
-1.5708
t_GA - R_GA * R_AB * t_BA
-0.0998509 1.82166 -0.162159
t_wo + t_wo_cam
-0.0998509 1.82166 -0.162159
Time
1558452997381
Theta
-1.5708
t_GA - R_GA * R_AB * t_BA
-0.0840376 1.82181 -0.168797
t_wo + t_wo_cam
-0.0840376 1.82181 -0.168797
Time
1558452997459
Theta
-1.5708
t_GA - R_GA * R_AB * t_BA
-0.0728033 1.82065 -0.179513
t_wo + t_wo_cam
-0.0840376 1.82181 -0.168797
Time
1558452997537
Theta
-1.5708
t_GA - R_GA * R_AB * t_BA
-0.0966381 1.82232 -0.151225
t_wo + t_wo_cam
-0.0728033 1.82065 -0.179513
Time
1558452997614
Theta
-1.5708
t_GA - R_GA * R_AB * t_BA
-0.0966381 1.82232 -0.151225
t_wo + t_wo_cam
-0.0966381 1.82232 -0.151225
Time
1558452997692
Theta
-1.5708
t_GA - R_GA * R_AB * t_BA
-0.0666891 1.82322 -0.166922
t_wo + t_wo_cam
-0.0666891 1.82322 -0.166922
Time
1558452997770
Theta
-1.5708
t_GA - R_GA * R_AB * t_BA
-0.0899809 1.81796 -0.190132
t_wo + t_wo_cam
-0.0899809 1.81796 -0.190132
Time
1558452997848
Theta
-1.5708
t_GA - R_GA * R_AB * t_BA
-0.0883535 1.81853 -0.186485
t_wo + t_wo_cam
-0.0883535 1.81853 -0.186485
Time
1558452997926
Theta
-1.5708
t_GA - R_GA * R_AB * t_BA
-0.069961 1.81963 -0.190191
t_wo + t_wo_cam
-0.069961 1.81963 -0.190191
Time
1558452998003
Theta
-1.5708
t_GA - R_GA * R_AB * t_BA
-0.0885876 1.82191 -0.165478
t_wo + t_wo_cam
-0.0885876 1.82191 -0.165478
Time
1558452998081
Theta
-1.5708
t_GA - R_GA * R_AB * t_BA
-0.0757592 1.81939 -0.187696
t_wo + t_wo_cam
-0.0885876 1.82191 -0.165478
Time
1558452998161
Theta
-1.5708
t_GA - R_GA * R_AB * t_BA
-0.076154 1.82211 -0.171038
t_wo + t_wo_cam
-0.0757592 1.81939 -0.187696
Time
1558452998237
Theta
-1.5708
t_GA - R_GA * R_AB * t_BA
-0.076154 1.82211 -0.171038
t_wo + t_wo_cam
-0.076154 1.82211 -0.171038
Time
1558452998315
Theta
-1.5708
t_GA - R_GA * R_AB * t_BA
-0.0929732 1.82191 -0.159943
t_wo + t_wo_cam
-0.0929732 1.82191 -0.159943
Time
1558452998393
Theta
-1.5708
t_GA - R_GA * R_AB * t_BA
-0.0802656 1.8191 -0.187188
t_wo + t_wo_cam
-0.0802656 1.8191 -0.187188
Time
1558452998470
Theta
-1.5708
t_GA - R_GA * R_AB * t_BA
-0.080162 1.81929 -0.187316
t_wo + t_wo_cam
-0.080162 1.81929 -0.187316
Time
1558452998548
Theta
-1.5708
t_GA - R_GA * R_AB * t_BA
-0.0811339 1.82012 -0.180099
t_wo + t_wo_cam
-0.0811339 1.82012 -0.180099
Time
1558452998626
Theta
-1.5708
t_GA - R_GA * R_AB * t_BA
-0.0573676 1.82162 -0.182673
t_wo + t_wo_cam
-0.0573676 1.82162 -0.182673
Time
1558452998704
Theta
-1.5708
t_GA - R_GA * R_AB * t_BA
-0.0940698 1.82094 -0.166045
t_wo + t_wo_cam
-0.0940698 1.82094 -0.166045
Time
1558452998782
Theta
-1.5708
t_GA - R_GA * R_AB * t_BA
-0.0709795 1.82205 -0.17208
t_wo + t_wo_cam
-0.0709795 1.82205 -0.17208
Time
1558452998859
Theta
-1.5708
t_GA - R_GA * R_AB * t_BA
-0.0680738 1.81803 -0.198802
t_wo + t_wo_cam
-0.0680738 1.81803 -0.198802
Time
1558452998937
Theta
-1.5708
t_GA - R_GA * R_AB * t_BA
-0.0869632 1.81685 -0.196485
t_wo + t_wo_cam
-0.0869632 1.81685 -0.196485
Time
1558452999015
Theta
-1.5708
