t_GA - R_GA * R_AB * t_BA
0 0 0
t_wo + t_wo_cam
0.9 0 0
Time
1558545620557
Theta
0
t_GA - R_GA * R_AB * t_BA
0 0 0
t_wo + t_wo_cam
0.9 0 0
Time
1558545620557
Theta
0
t_GA - R_GA * R_AB * t_BA
0 0 0
t_wo + t_wo_cam
0.9 0 0
Time
1558545620557
Theta
0
t_GA - R_GA * R_AB * t_BA
0 0 0
t_wo + t_wo_cam
0.9 0 0
Time
1558545620558
Theta
0
t_GA - R_GA * R_AB * t_BA
0 0 0
t_wo + t_wo_cam
0.9 0 0
Time
1558545620558
Theta
0
t_GA - R_GA * R_AB * t_BA
0 0 0
t_wo + t_wo_cam
0.9 0 0
Time
1558545620558
Theta
0
t_GA - R_GA * R_AB * t_BA
0 0 0
t_wo + t_wo_cam
0.9 0 0
Time
1558545620559
Theta
0
t_GA - R_GA * R_AB * t_BA
0 0 0
t_wo + t_wo_cam
0.9 0 0
Time
1558545620559
Theta
0
t_GA - R_GA * R_AB * t_BA
0 0 0
t_wo + t_wo_cam
0.9 0 0
Time
1558545620559
Theta
0
t_GA - R_GA * R_AB * t_BA
0 0 0
t_wo + t_wo_cam
0.9 0 0
Time
1558545620559
Theta
0
t_GA - R_GA * R_AB * t_BA
0 0 0
t_wo + t_wo_cam
0.9 0 0
Time
1558545620559
Theta
0
t_GA - R_GA * R_AB * t_BA
0 0 0
t_wo + t_wo_cam
0.9 0 0
Time
1558545620560
Theta
0
t_GA - R_GA * R_AB * t_BA
0 0 0
t_wo + t_wo_cam
0.9 0 0
Time
1558545620575
Theta
0
t_GA - R_GA * R_AB * t_BA
0 0 0
t_wo + t_wo_cam
0.9 0 0
Time
1558545620600
Theta
0
t_GA - R_GA * R_AB * t_BA
0 0 0
t_wo + t_wo_cam
0.9 0 0
Time
1558545620625
Theta
0
t_GA - R_GA * R_AB * t_BA
0 0 0
t_wo + t_wo_cam
0.9 0 0
Time
1558545620649
Theta
0
t_GA - R_GA * R_AB * t_BA
0 0 0
t_wo + t_wo_cam
0.9 0 0
Time
1558545620670
Theta
0
t_GA - R_GA * R_AB * t_BA
0 0 0
t_wo + t_wo_cam
0.9 0 0
Time
1558545620694
Theta
0
t_GA - R_GA * R_AB * t_BA
0 0 0
t_wo + t_wo_cam
0.9 0 0
Time
1558545620719
Theta
0
t_GA - R_GA * R_AB * t_BA
0 0 0
t_wo + t_wo_cam
0.9 0 0
Time
1558545620743
Theta
0
t_GA - R_GA * R_AB * t_BA
0 0 0
t_wo + t_wo_cam
0.9 0 0
Time
1558545620768
Theta
0
t_GA - R_GA * R_AB * t_BA
0 0 0
t_wo + t_wo_cam
0.9 0 0
Time
1558545620792
Theta
0
t_GA - R_GA * R_AB * t_BA
0 0 0
t_wo + t_wo_cam
0.9 0 0
Time
1558545620817
Theta
0
t_GA - R_GA * R_AB * t_BA
0 0 0
t_wo + t_wo_cam
0.9 0 0
Time
1558545620837
Theta
0
t_GA - R_GA * R_AB * t_BA
0 0 0
t_wo + t_wo_cam
0.9 0 0
Time
1558545620862
Theta
0
t_GA - R_GA * R_AB * t_BA
0 0 0
t_wo + t_wo_cam
0.9 0 0
Time
1558545620887
Theta
0
t_GA - R_GA * R_AB * t_BA
0 0 0
t_wo + t_wo_cam
0.9 0 0
Time
1558545620911
Theta
0
t_GA - R_GA * R_AB * t_BA
0 0 0
t_wo + t_wo_cam
0.9 0 0
Time
1558545620936
Theta
0
t_GA - R_GA * R_AB * t_BA
0 0 0
t_wo + t_wo_cam
0.9 0 0
Time
1558545620960
Theta
0
t_GA - R_GA * R_AB * t_BA
0 0 0
t_wo + t_wo_cam
0.9 0 0
Time
1558545620981
Theta
0
t_GA - R_GA * R_AB * t_BA
0 0 0
t_wo + t_wo_cam
0.9 0 0
Time
1558545621005
Theta
0
t_GA - R_GA * R_AB * t_BA
0 0 0
t_wo + t_wo_cam
0.9 0 0
Time
1558545621030
Theta
0
t_GA - R_GA * R_AB * t_BA
0 0 0
t_wo + t_wo_cam
0.9 0 0
Time
1558545621054
Theta
0
t_GA - R_GA * R_AB * t_BA
0 0 0
t_wo + t_wo_cam
0.9 0 0
Time
1558545621079
Theta
0
t_GA - R_GA * R_AB * t_BA
0 0 0
t_wo + t_wo_cam
0.9 0 0
Time
1558545621104
Theta
0
t_GA - R_GA * R_AB * t_BA
0 0 0
t_wo + t_wo_cam
0.9 0 0
Time
1558545621124
Theta
0
t_GA - R_GA * R_AB * t_BA
0 0 0
t_wo + t_wo_cam
0.9 0 0
Time
1558545621149
Theta
0
t_GA - R_GA * R_AB * t_BA
0 0 0
t_wo + t_wo_cam
0.9 0 0
Time
1558545621173
Theta
0
t_GA - R_GA * R_AB * t_BA
0 0 0
t_wo + t_wo_cam
0.9 0 0
Time
1558545621198
Theta
0
t_GA - R_GA * R_AB * t_BA
0 0 0
t_wo + t_wo_cam
0.9 0 0
Time
1558545621222
Theta
0
t_GA - R_GA * R_AB * t_BA
0 0 0
t_wo + t_wo_cam
0.9 0 0
Time
1558545621247
Theta
0
t_GA - R_GA * R_AB * t_BA
0 0 0
t_wo + t_wo_cam
0.9 0 0
Time
1558545621267
Theta
0
t_GA - R_GA * R_AB * t_BA
0 0 0
t_wo + t_wo_cam
0.9 0 0
Time
1558545621292
Theta
0
t_GA - R_GA * R_AB * t_BA
0 0 0
t_wo + t_wo_cam
0.9 0 0
Time
1558545621317
Theta
0
t_GA - R_GA * R_AB * t_BA
0 0 0
t_wo + t_wo_cam
0.9 0 0
Time
1558545621341
Theta
0
t_GA - R_GA * R_AB * t_BA
0 0 0
t_wo + t_wo_cam
0.9 0 0
Time
1558545621366
Theta
0
t_GA - R_GA * R_AB * t_BA
0 0 0
t_wo + t_wo_cam
0.9 0 0
Time
1558545621390
Theta
0
t_GA - R_GA * R_AB * t_BA
0 0 0
t_wo + t_wo_cam
0.9 0 0
Time
1558545621411
Theta
0
t_GA - R_GA * R_AB * t_BA
0 0 0
t_wo + t_wo_cam
0.9 0 0
Time
1558545621435
Theta
0
t_GA - R_GA * R_AB * t_BA
0 0 0
t_wo + t_wo_cam
0.9 0 0
Time
1558545621460
Theta
0
t_GA - R_GA * R_AB * t_BA
0 0 0
t_wo + t_wo_cam
0.9 0 0
Time
1558545621484
Theta
0
t_GA - R_GA * R_AB * t_BA
0 0 0
t_wo + t_wo_cam
0.9 0 0
Time
1558545621509
Theta
0
t_GA - R_GA * R_AB * t_BA
0 0 0
t_wo + t_wo_cam
0.9 0 0
Time
1558545621534
Theta
0
t_GA - R_GA * R_AB * t_BA
0 0 0
t_wo + t_wo_cam
0.9 0 0
Time
1558545621554
Theta
0
t_GA - R_GA * R_AB * t_BA
0 0 0
t_wo + t_wo_cam
0.9 0 0
Time
1558545621578
Theta
0
t_GA - R_GA * R_AB * t_BA
0 0 0
t_wo + t_wo_cam
0.9 0 0
Time
1558545621603
Theta
0
t_GA - R_GA * R_AB * t_BA
0 0 0
t_wo + t_wo_cam
0.9 0 0
Time
1558545621628
Theta
0
t_GA - R_GA * R_AB * t_BA
0 0 0
t_wo + t_wo_cam
0.9 0 0
Time
1558545621652
Theta
0
t_GA - R_GA * R_AB * t_BA
0 0 0
t_wo + t_wo_cam
0.9 0 0
Time
1558545621677
Theta
0
t_GA - R_GA * R_AB * t_BA
0 0 0
t_wo + t_wo_cam
0.9 0 0
Time
1558545621697
Theta
0
t_GA - R_GA * R_AB * t_BA
0 0 0
t_wo + t_wo_cam
0.9 0 0
Time
1558545621722
Theta
0
t_GA - R_GA * R_AB * t_BA
0 0 0
t_wo + t_wo_cam
0.9 0 0
Time
1558545621746
Theta
0
t_GA - R_GA * R_AB * t_BA
0 0 0
t_wo + t_wo_cam
0.9 0 0
Time
1558545621771
Theta
0
t_GA - R_GA * R_AB * t_BA
0 0 0
t_wo + t_wo_cam
0.9 0 0
Time
1558545621795
Theta
0
t_GA - R_GA * R_AB * t_BA
0 0 0
t_wo + t_wo_cam
0.9 0 0
Time
1558545621820
Theta
0
t_GA - R_GA * R_AB * t_BA
0 0 0
t_wo + t_wo_cam
0.9 0 0
Time
1558545621845
Theta
0
t_GA - R_GA * R_AB * t_BA
0 0 0
t_wo + t_wo_cam
0.9 0 0
Time
1558545621865
Theta
0
t_GA - R_GA * R_AB * t_BA
0 0 0
t_wo + t_wo_cam
0.9 0 0
Time
1558545621890
Theta
0
t_GA - R_GA * R_AB * t_BA
0 0 0
t_wo + t_wo_cam
0.9 0 0
Time
1558545621914
Theta
0
t_GA - R_GA * R_AB * t_BA
0 0 0
t_wo + t_wo_cam
0.9 0 0
Time
1558545621939
Theta
0
t_GA - R_GA * R_AB * t_BA
0 0 0
t_wo + t_wo_cam
0.9 0 0
Time
1558545621963
Theta
0
t_GA - R_GA * R_AB * t_BA
0 0 0
t_wo + t_wo_cam
0.9 0 0
Time
1558545621988
Theta
0
t_GA - R_GA * R_AB * t_BA
0 0 0
t_wo + t_wo_cam
0.9 0 0
Time
1558545622008
Theta
0
t_GA - R_GA * R_AB * t_BA
0 0 0
t_wo + t_wo_cam
0.9 0 0
Time
1558545622033
Theta
0
t_GA - R_GA * R_AB * t_BA
0 0 0
t_wo + t_wo_cam
0.9 0 0
Time
1558545622057
Theta
0
t_GA - R_GA * R_AB * t_BA
0 0 0
t_wo + t_wo_cam
0.9 0 0
Time
1558545622082
Theta
0
t_GA - R_GA * R_AB * t_BA
0 0 0
t_wo + t_wo_cam
0.9 0 0
Time
1558545622107
Theta
0
t_GA - R_GA * R_AB * t_BA
0 0 0
t_wo + t_wo_cam
0.9 0 0
Time
1558545622131
Theta
0
t_GA - R_GA * R_AB * t_BA
0 0 0
t_wo + t_wo_cam
0.9 0 0
Time
1558545622152
Theta
0
t_GA - R_GA * R_AB * t_BA
0 0 0
t_wo + t_wo_cam
0.9 0 0
Time
1558545622176
Theta
0
t_GA - R_GA * R_AB * t_BA
0 0 0
t_wo + t_wo_cam
0.9 0 0
Time
1558545622201
Theta
0
t_GA - R_GA * R_AB * t_BA
0 0 0
t_wo + t_wo_cam
0.9 0 0
Time
1558545622225
Theta
0
t_GA - R_GA * R_AB * t_BA
0 0 0
t_wo + t_wo_cam
0.9 0 0
Time
1558545622250
Theta
0
t_GA - R_GA * R_AB * t_BA
0 0 0
t_wo + t_wo_cam
0.9 0 0
Time
1558545622274
Theta
0
t_GA - R_GA * R_AB * t_BA
0 0 0
t_wo + t_wo_cam
0.9 0 0
Time
1558545622295
Theta
0
t_GA - R_GA * R_AB * t_BA
0 0 0
t_wo + t_wo_cam
0.9 0 0
Time
1558545622320
Theta
0
t_GA - R_GA * R_AB * t_BA
0 0 0
t_wo + t_wo_cam
0.9 0 0
Time
1558545622344
Theta
0
t_GA - R_GA * R_AB * t_BA
0 0 0
t_wo + t_wo_cam
0.9 0 0
Time
1558545622369
Theta
0
t_GA - R_GA * R_AB * t_BA
0 0 0
t_wo + t_wo_cam
0.9 0 0
Time
1558545622393
Theta
0
t_GA - R_GA * R_AB * t_BA
0 0 0
t_wo + t_wo_cam
0.9 0 0
Time
1558545622418
Theta
0
t_GA - R_GA * R_AB * t_BA
0 0 0
t_wo + t_wo_cam
0.9 0 0
Time
1558545622438
Theta
0
t_GA - R_GA * R_AB * t_BA
0 0 0
t_wo + t_wo_cam
0.9 0 0
Time
1558545622463
Theta
0
t_GA - R_GA * R_AB * t_BA
0 0 0
t_wo + t_wo_cam
0.9 0 0
Time
1558545622487
Theta
0
t_GA - R_GA * R_AB * t_BA
0 0 0
t_wo + t_wo_cam
0.9 0 0
Time
1558545622512
Theta
0
t_GA - R_GA * R_AB * t_BA
0 0 0
t_wo + t_wo_cam
0.9 0 0
Time
1558545622537
Theta
0
t_GA - R_GA * R_AB * t_BA
0 0 0
t_wo + t_wo_cam
0.9 0 0
Time
1558545622561
Theta
0
t_GA - R_GA * R_AB * t_BA
0 0 0
t_wo + t_wo_cam
0.9 0 0
Time
1558545622582
Theta
0
t_GA - R_GA * R_AB * t_BA
0 0 0
t_wo + t_wo_cam
0.9 0 0
Time
1558545622606
Theta
0
t_GA - R_GA * R_AB * t_BA
0 0 0
t_wo + t_wo_cam
0.9 0 0
Time
1558545622631
Theta
0
t_GA - R_GA * R_AB * t_BA
0 0 0
t_wo + t_wo_cam
0.9 0 0
Time
1558545622655
Theta
0
t_GA - R_GA * R_AB * t_BA
0 0 0
t_wo + t_wo_cam
0.9 0 0
Time
1558545622680
Theta
0
t_GA - R_GA * R_AB * t_BA
0 0 0
t_wo + t_wo_cam
0.9 0 0
Time
1558545622705
Theta
0
t_GA - R_GA * R_AB * t_BA
0 0 0
t_wo + t_wo_cam
0.9 0 0
Time
1558545622725
Theta
0
t_GA - R_GA * R_AB * t_BA
0 0 0
t_wo + t_wo_cam
0.9 0 0
Time
1558545622750
Theta
0
t_GA - R_GA * R_AB * t_BA
0 0 0
t_wo + t_wo_cam
0.9 0 0
Time
1558545622774
Theta
0
t_GA - R_GA * R_AB * t_BA
0 0 0
t_wo + t_wo_cam
0.9 0 0
Time
1558545622799
Theta
0
t_GA - R_GA * R_AB * t_BA
0 0 0
t_wo + t_wo_cam
0.9 0 0
Time
1558545622823
Theta
0
t_GA - R_GA * R_AB * t_BA
0 0 0
t_wo + t_wo_cam
0.9 0 0
Time
1558545622848
Theta
0
t_GA - R_GA * R_AB * t_BA
0 0 0
t_wo + t_wo_cam
0.9 0 0
Time
1558545622873
Theta
0
t_GA - R_GA * R_AB * t_BA
0 0 0
t_wo + t_wo_cam
0.9 0 0
Time
1558545622893
Theta
0
t_GA - R_GA * R_AB * t_BA
0 0 0
t_wo + t_wo_cam
0.9 0 0
Time
1558545622918
Theta
0
t_GA - R_GA * R_AB * t_BA
0 0 0
t_wo + t_wo_cam
0.9 0 0
Time
1558545622942
Theta
0
t_GA - R_GA * R_AB * t_BA
0 0 0
t_wo + t_wo_cam
0.9 0 0
Time
1558545622967
Theta
0
t_GA - R_GA * R_AB * t_BA
0 0 0
t_wo + t_wo_cam
0.9 0 0
Time
1558545622991
Theta
0
t_GA - R_GA * R_AB * t_BA
0 0 0
t_wo + t_wo_cam
0.9 0 0
Time
1558545623016
Theta
0
t_GA - R_GA * R_AB * t_BA
0 0 0
t_wo + t_wo_cam
0.9 0 0
Time
1558545623036
Theta
0
t_GA - R_GA * R_AB * t_BA
0 0 0
t_wo + t_wo_cam
0.9 0 0
Time
1558545623061
Theta
0
t_GA - R_GA * R_AB * t_BA
0 0 0
t_wo + t_wo_cam
0.9 0 0
Time
1558545623085
Theta
0
t_GA - R_GA * R_AB * t_BA
0 0 0
t_wo + t_wo_cam
0.9 0 0
Time
1558545623110
Theta
0
t_GA - R_GA * R_AB * t_BA
0 0 0
t_wo + t_wo_cam
0.9 0 0
Time
1558545623135
Theta
0
t_GA - R_GA * R_AB * t_BA
0 0 0
t_wo + t_wo_cam
0.9 0 0
Time
1558545623159
Theta
0
t_GA - R_GA * R_AB * t_BA
0 0 0
t_wo + t_wo_cam
0.9 0 0
Time
1558545623180
Theta
0
t_GA - R_GA * R_AB * t_BA
0 0 0
t_wo + t_wo_cam
0.9 0 0
Time
1558545623204
Theta
0
t_GA - R_GA * R_AB * t_BA
0 0 0
t_wo + t_wo_cam
0.9 0 0
Time
1558545623229
Theta
0
t_GA - R_GA * R_AB * t_BA
0 0 0
t_wo + t_wo_cam
0.9 0 0
Time
1558545623253
Theta
0
t_GA - R_GA * R_AB * t_BA
0 0 0
t_wo + t_wo_cam
0.9 0 0
Time
1558545623278
Theta
0
t_GA - R_GA * R_AB * t_BA
0 0 0
t_wo + t_wo_cam
0.9 0 0
Time
1558545623302
Theta
0
t_GA - R_GA * R_AB * t_BA
0 0 0
t_wo + t_wo_cam
0.9 0 0
Time
1558545623323
Theta
0
t_GA - R_GA * R_AB * t_BA
0 0 0
t_wo + t_wo_cam
0.9 0 0
Time
1558545623348
Theta
0
t_GA - R_GA * R_AB * t_BA
0 0 0
t_wo + t_wo_cam
0.9 0 0
Time
1558545623372
Theta
0
t_GA - R_GA * R_AB * t_BA
0 0 0
t_wo + t_wo_cam
0.9 0 0
Time
1558545623397
Theta
0
t_GA - R_GA * R_AB * t_BA
0 0 0
t_wo + t_wo_cam
0.9 0 0
Time
1558545623421
Theta
0
t_GA - R_GA * R_AB * t_BA
0 0 0
t_wo + t_wo_cam
0.9 0 0
Time
1558545623446
Theta
0
t_GA - R_GA * R_AB * t_BA
0 0 0
t_wo + t_wo_cam
0.9 0 0
Time
1558545623466
Theta
0
t_GA - R_GA * R_AB * t_BA
0 0 0
t_wo + t_wo_cam
0.9 0 0
Time
1558545623491
Theta
0
t_GA - R_GA * R_AB * t_BA
0 0 0
t_wo + t_wo_cam
0.9 0 0
Time
1558545623515
Theta
0
t_GA - R_GA * R_AB * t_BA
0 0 0
t_wo + t_wo_cam
0.9 0 0
Time
1558545623540
Theta
0
t_GA - R_GA * R_AB * t_BA
0 0 0
t_wo + t_wo_cam
0.9 0 0
Time
1558545623565
Theta
0
t_GA - R_GA * R_AB * t_BA
0 0 0
t_wo + t_wo_cam
0.9 0 0
Time
1558545623589
Theta
0
t_GA - R_GA * R_AB * t_BA
0 0 0
t_wo + t_wo_cam
0.9 0 0
Time
1558545623610
Theta
0
t_GA - R_GA * R_AB * t_BA
0 0 0
t_wo + t_wo_cam
0.9 0 0
Time
1558545623634
Theta
0
t_GA - R_GA * R_AB * t_BA
0 0 0
t_wo + t_wo_cam
0.9 0 0
Time
1558545623659
Theta
0
t_GA - R_GA * R_AB * t_BA
-0.140023 1.33245 -0.0601
t_wo + t_wo_cam
-0.140023 1.33245 -0.0601
Time
1558545623683
Theta
-2.83
t_GA - R_GA * R_AB * t_BA
-0.140023 1.33245 -0.0601
t_wo + t_wo_cam
-0.140023 1.33245 -0.0601
Time
1558545623708
Theta
-2.83
t_GA - R_GA * R_AB * t_BA
-0.140023 1.33245 -0.0601
t_wo + t_wo_cam
-0.140023 1.33245 -0.0601
Time
1558545623733
Theta
-2.83
t_GA - R_GA * R_AB * t_BA
-0.170908 1.28831 -0.154163
t_wo + t_wo_cam
-0.140023 1.33245 -0.0601
Time
1558545623753
Theta
-2.83
t_GA - R_GA * R_AB * t_BA
-0.170908 1.28831 -0.154163
t_wo + t_wo_cam
-0.170908 1.28831 -0.154163
Time
1558545623778
Theta
-2.82001
t_GA - R_GA * R_AB * t_BA
-0.170908 1.28831 -0.154163
t_wo + t_wo_cam
-0.170908 1.28831 -0.154163
Time
1558545623802
Theta
-2.82001
t_GA - R_GA * R_AB * t_BA
-0.1654 1.25473 -0.0510907
t_wo + t_wo_cam
-0.170908 1.28831 -0.154163
Time
1558545623827
Theta
-2.82001
t_GA - R_GA * R_AB * t_BA
-0.1654 1.25473 -0.0510907
t_wo + t_wo_cam
-0.1654 1.25473 -0.0510907
Time
1558545623851
Theta
-2.90908
t_GA - R_GA * R_AB * t_BA
-0.1654 1.25473 -0.0510907
t_wo + t_wo_cam
-0.1654 1.25473 -0.0510907
Time
1558545623876
Theta
-2.90908
t_GA - R_GA * R_AB * t_BA
-0.1654 1.25473 -0.0510907
t_wo + t_wo_cam
-0.1654 1.25473 -0.0510907
Time
1558545623896
Theta
-2.90908
t_GA - R_GA * R_AB * t_BA
-0.110306 1.23933 0.0720559
t_wo + t_wo_cam
-0.1654 1.25473 -0.0510907
Time
1558545623921
Theta
-2.90908
t_GA - R_GA * R_AB * t_BA
-0.110306 1.23933 0.0720559
t_wo + t_wo_cam
-0.110306 1.23933 0.0720559
Time
1558545623946
Theta
-2.97698
t_GA - R_GA * R_AB * t_BA
-0.110306 1.23933 0.0720559
t_wo + t_wo_cam
-0.110306 1.23933 0.0720559
Time
1558545623970
Theta
-2.97698
t_GA - R_GA * R_AB * t_BA
-0.0937056 1.23824 0.102751
t_wo + t_wo_cam
-0.110306 1.23933 0.0720559
Time
1558545623995
Theta
-2.97698
t_GA - R_GA * R_AB * t_BA
-0.0937056 1.23824 0.102751
t_wo + t_wo_cam
-0.0937056 1.23824 0.102751
Time
1558545624019
Theta
-2.99048
t_GA - R_GA * R_AB * t_BA
-0.0937056 1.23824 0.102751
t_wo + t_wo_cam
-0.0937056 1.23824 0.102751
Time
1558545624044
Theta
-2.99048
t_GA - R_GA * R_AB * t_BA
-0.0937056 1.23824 0.102751
t_wo + t_wo_cam
-0.0937056 1.23824 0.102751
Time
1558545624064
Theta
-2.99048
t_GA - R_GA * R_AB * t_BA
-0.0908004 1.23444 0.14518
t_wo + t_wo_cam
-0.0937056 1.23824 0.102751
Time
1558545624089
Theta
-2.99048
t_GA - R_GA * R_AB * t_BA
-0.0908004 1.23444 0.14518
t_wo + t_wo_cam
-0.0908004 1.23444 0.14518
Time
1558545624113
Theta
-3.02003
t_GA - R_GA * R_AB * t_BA
-0.0908004 1.23444 0.14518
t_wo + t_wo_cam
-0.0908004 1.23444 0.14518
Time
1558545624138
Theta
-3.02003
t_GA - R_GA * R_AB * t_BA
-0.0908004 1.23444 0.14518
t_wo + t_wo_cam
-0.0908004 1.23444 0.14518
Time
1558545624163
Theta
-3.02003
t_GA - R_GA * R_AB * t_BA
-0.0828587 1.23672 0.132442
t_wo + t_wo_cam
-0.0908004 1.23444 0.14518
Time
1558545624187
Theta
-3.02003
t_GA - R_GA * R_AB * t_BA
-0.0828587 1.23672 0.132442
t_wo + t_wo_cam
-0.0828587 1.23672 0.132442
Time
1558545624208
Theta
-3.00605
t_GA - R_GA * R_AB * t_BA
-0.0828587 1.23672 0.132442
t_wo + t_wo_cam
-0.0828587 1.23672 0.132442
Time
1558545624232
Theta
-3.00605
t_GA - R_GA * R_AB * t_BA
-0.0750248 1.23632 0.14411
t_wo + t_wo_cam
-0.0828587 1.23672 0.132442
Time
1558545624257
Theta
-3.00605
t_GA - R_GA * R_AB * t_BA
-0.0750248 1.23632 0.14411
t_wo + t_wo_cam
-0.0750248 1.23632 0.14411
Time
1558545624281
Theta
-3.00816
t_GA - R_GA * R_AB * t_BA
-0.0750248 1.23632 0.14411
t_wo + t_wo_cam
-0.0750248 1.23632 0.14411
Time
1558545624306
Theta
-3.00816
t_GA - R_GA * R_AB * t_BA
-0.0750248 1.23632 0.14411
t_wo + t_wo_cam
-0.0750248 1.23632 0.14411
Time
1558545624331
Theta
-3.00816
t_GA - R_GA * R_AB * t_BA
-0.0437227 1.22802 0.188529
t_wo + t_wo_cam
-0.0750248 1.23632 0.14411
Time
1558545624351
Theta
-3.00816
t_GA - R_GA * R_AB * t_BA
-0.0437227 1.22802 0.188529
t_wo + t_wo_cam
-0.0437227 1.22802 0.188529
Time
1558545624376
Theta
-3.01711
t_GA - R_GA * R_AB * t_BA
-0.0437227 1.22802 0.188529
t_wo + t_wo_cam
-0.0437227 1.22802 0.188529
Time
1558545624400
Theta
-3.01711
t_GA - R_GA * R_AB * t_BA
-0.0329358 1.22166 0.214403
t_wo + t_wo_cam
-0.0437227 1.22802 0.188529
Time
1558545624425
Theta
-3.01711
t_GA - R_GA * R_AB * t_BA
-0.0329358 1.22166 0.214403
t_wo + t_wo_cam
-0.0329358 1.22166 0.214403
Time
1558545624449
Theta
-3.02465
t_GA - R_GA * R_AB * t_BA
-0.0329358 1.22166 0.214403
t_wo + t_wo_cam
-0.0329358 1.22166 0.214403
Time
1558545624474
Theta
-3.02465
t_GA - R_GA * R_AB * t_BA
-0.0329358 1.22166 0.214403
t_wo + t_wo_cam
-0.0329358 1.22166 0.214403
Time
1558545624494
Theta
-3.02465
t_GA - R_GA * R_AB * t_BA
-0.0319772 1.22028 0.22147
t_wo + t_wo_cam
-0.0329358 1.22166 0.214403
Time
1558545624519
Theta
-3.02465
t_GA - R_GA * R_AB * t_BA
-0.0319772 1.22028 0.22147
t_wo + t_wo_cam
-0.0319772 1.22028 0.22147
Time
1558545624544
Theta
-3.02819
t_GA - R_GA * R_AB * t_BA
-0.0319772 1.22028 0.22147
t_wo + t_wo_cam
-0.0319772 1.22028 0.22147
Time
1558545624568
Theta
-3.02819
t_GA - R_GA * R_AB * t_BA
-0.0319772 1.22028 0.22147
t_wo + t_wo_cam
-0.0319772 1.22028 0.22147
Time
1558545624593
Theta
-3.02819
t_GA - R_GA * R_AB * t_BA
-0.0255218 1.21666 0.232778
t_wo + t_wo_cam
-0.0319772 1.22028 0.22147
Time
1558545624617
Theta
-3.02819
t_GA - R_GA * R_AB * t_BA
-0.0255218 1.21666 0.232778
t_wo + t_wo_cam
-0.0255218 1.21666 0.232778
Time
1558545624638
Theta
-3.02956
t_GA - R_GA * R_AB * t_BA
-0.0255218 1.21666 0.232778
t_wo + t_wo_cam
-0.0255218 1.21666 0.232778
Time
1558545624662
Theta
-3.02956
t_GA - R_GA * R_AB * t_BA
-0.0196979 1.21638 0.242907
t_wo + t_wo_cam
-0.0255218 1.21666 0.232778
Time
1558545624687
Theta
-3.02956
t_GA - R_GA * R_AB * t_BA
-0.0196979 1.21638 0.242907
t_wo + t_wo_cam
-0.0196979 1.21638 0.242907
Time
1558545624711
Theta
-3.03272
t_GA - R_GA * R_AB * t_BA
-0.0196979 1.21638 0.242907
t_wo + t_wo_cam
-0.0196979 1.21638 0.242907
Time
1558545624736
Theta
-3.03272
t_GA - R_GA * R_AB * t_BA
-0.0196979 1.21638 0.242907
t_wo + t_wo_cam
-0.0196979 1.21638 0.242907
Time
1558545624761
Theta
-3.03272
t_GA - R_GA * R_AB * t_BA
-0.0238308 1.21738 0.244526
t_wo + t_wo_cam
-0.0196979 1.21638 0.242907
Time
1558545624781
Theta
-3.03272
t_GA - R_GA * R_AB * t_BA
-0.0238308 1.21738 0.244526
t_wo + t_wo_cam
-0.0238308 1.21738 0.244526
Time
1558545624806
Theta
-3.03684
t_GA - R_GA * R_AB * t_BA
-0.0238308 1.21738 0.244526
t_wo + t_wo_cam
-0.0238308 1.21738 0.244526
Time
1558545624830
Theta
-3.03684
t_GA - R_GA * R_AB * t_BA
-0.0242605 1.21669 0.248238
t_wo + t_wo_cam
-0.0238308 1.21738 0.244526
Time
1558545624855
Theta
-3.03684
t_GA - R_GA * R_AB * t_BA
-0.0242605 1.21669 0.248238
t_wo + t_wo_cam
-0.0242605 1.21669 0.248238
Time
1558545624879
Theta
-3.03916
t_GA - R_GA * R_AB * t_BA
-0.0242605 1.21669 0.248238
t_wo + t_wo_cam
-0.0242605 1.21669 0.248238
Time
1558545624904
Theta
-3.03916
t_GA - R_GA * R_AB * t_BA
-0.0242605 1.21669 0.248238
t_wo + t_wo_cam
-0.0242605 1.21669 0.248238
Time
1558545624924
Theta
-3.03916
t_GA - R_GA * R_AB * t_BA
-0.0166529 1.21537 0.256106
t_wo + t_wo_cam
-0.0242605 1.21669 0.248238
Time
1558545624949
Theta
-3.03916
t_GA - R_GA * R_AB * t_BA
-0.0166529 1.21537 0.256106
t_wo + t_wo_cam
-0.0166529 1.21537 0.256106
Time
1558545624974
Theta
-3.03977
t_GA - R_GA * R_AB * t_BA
-0.0166529 1.21537 0.256106
t_wo + t_wo_cam
-0.0166529 1.21537 0.256106
Time
1558545624998
Theta
-3.03977
t_GA - R_GA * R_AB * t_BA
-0.0166529 1.21537 0.256106
t_wo + t_wo_cam
-0.0166529 1.21537 0.256106
Time
1558545625023
Theta
-3.03977
t_GA - R_GA * R_AB * t_BA
-0.0127909 1.21584 0.256296
t_wo + t_wo_cam
-0.0166529 1.21537 0.256106
Time
1558545625047
Theta
-3.03977
t_GA - R_GA * R_AB * t_BA
-0.0127909 1.21584 0.256296
t_wo + t_wo_cam
-0.0127909 1.21584 0.256296
Time
1558545625072
Theta
-3.03885
t_GA - R_GA * R_AB * t_BA
-0.0127909 1.21584 0.256296
t_wo + t_wo_cam
-0.0127909 1.21584 0.256296
Time
1558545625092
Theta
-3.03885
t_GA - R_GA * R_AB * t_BA
-0.015697 1.21521 0.264604
t_wo + t_wo_cam
-0.0127909 1.21584 0.256296
Time
1558545625117
Theta
-3.03885
t_GA - R_GA * R_AB * t_BA
-0.015697 1.21521 0.264604
t_wo + t_wo_cam
-0.015697 1.21521 0.264604
Time
1558545625142
Theta
-3.04371
t_GA - R_GA * R_AB * t_BA
-0.015697 1.21521 0.264604
t_wo + t_wo_cam
-0.015697 1.21521 0.264604
Time
1558545625166
Theta
-3.04371
t_GA - R_GA * R_AB * t_BA
-0.015697 1.21521 0.264604
t_wo + t_wo_cam
-0.015697 1.21521 0.264604
Time
1558545625191
Theta
-3.04371
t_GA - R_GA * R_AB * t_BA
-0.0110069 1.21654 0.257696
t_wo + t_wo_cam
-0.015697 1.21521 0.264604
Time
1558545625215
Theta
-3.04371
t_GA - R_GA * R_AB * t_BA
-0.0110069 1.21654 0.257696
t_wo + t_wo_cam
-0.0110069 1.21654 0.257696
Time
1558545625236
Theta
-3.03701
t_GA - R_GA * R_AB * t_BA
-0.0110069 1.21654 0.257696
t_wo + t_wo_cam
-0.0110069 1.21654 0.257696
Time
1558545625260
Theta
-3.03701
t_GA - R_GA * R_AB * t_BA
-0.0112486 1.21705 0.257777
t_wo + t_wo_cam
-0.0110069 1.21654 0.257696
Time
1558545625285
Theta
-3.03701
t_GA - R_GA * R_AB * t_BA
-0.0112486 1.21705 0.257777
t_wo + t_wo_cam
-0.0112486 1.21705 0.257777
Time
1558545625309
Theta
-3.03712
t_GA - R_GA * R_AB * t_BA
-0.0112486 1.21705 0.257777
t_wo + t_wo_cam
-0.0112486 1.21705 0.257777
Time
1558545625334
Theta
-3.03712
t_GA - R_GA * R_AB * t_BA
-0.0112486 1.21705 0.257777
t_wo + t_wo_cam
-0.0112486 1.21705 0.257777
Time
1558545625359
Theta
-3.03712
t_GA - R_GA * R_AB * t_BA
-0.0145543 1.21945 0.255389
t_wo + t_wo_cam
-0.0112486 1.21705 0.257777
Time
1558545625379
Theta
-3.03712
t_GA - R_GA * R_AB * t_BA
-0.0145543 1.21945 0.255389
t_wo + t_wo_cam
-0.0145543 1.21945 0.255389
Time
1558545625404
Theta
-3.03863
t_GA - R_GA * R_AB * t_BA
-0.0145543 1.21945 0.255389
t_wo + t_wo_cam
-0.0145543 1.21945 0.255389
Time
1558545625428
Theta
-3.03863
t_GA - R_GA * R_AB * t_BA
-0.0311151 1.23243 0.2579
t_wo + t_wo_cam
-0.0145543 1.21945 0.255389
Time
1558545625453
Theta
-3.03863
t_GA - R_GA * R_AB * t_BA
-0.0311151 1.23243 0.2579
t_wo + t_wo_cam
-0.0311151 1.23243 0.2579
Time
1558545625477
Theta
-3.05472
t_GA - R_GA * R_AB * t_BA
-0.0311151 1.23243 0.2579
t_wo + t_wo_cam
-0.0311151 1.23243 0.2579
Time
1558545625502
Theta
-3.05472
t_GA - R_GA * R_AB * t_BA
-0.0311151 1.23243 0.2579
t_wo + t_wo_cam
-0.0311151 1.23243 0.2579
Time
1558545625522
Theta
-3.05472
t_GA - R_GA * R_AB * t_BA
-0.02717 1.23597 0.264747
t_wo + t_wo_cam
-0.0311151 1.23243 0.2579
Time
1558545625547
Theta
-3.05472
t_GA - R_GA * R_AB * t_BA
-0.02717 1.23597 0.264747
t_wo + t_wo_cam
-0.02717 1.23597 0.264747
Time
1558545625572
Theta
-3.05802
t_GA - R_GA * R_AB * t_BA
-0.02717 1.23597 0.264747
t_wo + t_wo_cam
-0.02717 1.23597 0.264747
Time
1558545625596
Theta
-3.05802
t_GA - R_GA * R_AB * t_BA
-0.00730996 1.23225 0.281664
t_wo + t_wo_cam
-0.02717 1.23597 0.264747
Time
1558545625621
Theta
-3.05802
t_GA - R_GA * R_AB * t_BA
-0.00730996 1.23225 0.281664
t_wo + t_wo_cam
-0.00730996 1.23225 0.281664
Time
1558545625645
Theta
-3.0542
t_GA - R_GA * R_AB * t_BA
-0.00730996 1.23225 0.281664
t_wo + t_wo_cam
-0.00730996 1.23225 0.281664
Time
1558545625666
Theta
-3.0542
t_GA - R_GA * R_AB * t_BA
-0.00730996 1.23225 0.281664
t_wo + t_wo_cam
-0.00730996 1.23225 0.281664
Time
1558545625690
Theta
-3.0542
t_GA - R_GA * R_AB * t_BA
0.043844 1.22677 0.289541
t_wo + t_wo_cam
-0.00730996 1.23225 0.281664
Time
1558545625715
Theta
-3.0542
t_GA - R_GA * R_AB * t_BA
0.043844 1.22677 0.289541
t_wo + t_wo_cam
0.043844 1.22677 0.289541
Time
1558545625740
Theta
-3.02948
t_GA - R_GA * R_AB * t_BA
0.043844 1.22677 0.289541
t_wo + t_wo_cam
0.043844 1.22677 0.289541
Time
1558545625764
Theta
-3.02948
t_GA - R_GA * R_AB * t_BA
0.043844 1.22677 0.289541
t_wo + t_wo_cam
0.043844 1.22677 0.289541
Time
1558545625789
Theta
-3.02948
t_GA - R_GA * R_AB * t_BA
0.0355666 1.23325 0.338634
t_wo + t_wo_cam
0.043844 1.22677 0.289541
Time
1558545625809
Theta
-3.02948
t_GA - R_GA * R_AB * t_BA
0.0355666 1.23325 0.338634
t_wo + t_wo_cam
0.0355666 1.23325 0.338634
Time
1558545625834
Theta
-3.08355
t_GA - R_GA * R_AB * t_BA
0.0355666 1.23325 0.338634
t_wo + t_wo_cam
0.0355666 1.23325 0.338634
Time
1558545625858
Theta
-3.08355
t_GA - R_GA * R_AB * t_BA
0.0705968 1.24977 0.294308
t_wo + t_wo_cam
0.0355666 1.23325 0.338634
Time
1558545625883
Theta
-3.08355
t_GA - R_GA * R_AB * t_BA
0.0705968 1.24977 0.294308
t_wo + t_wo_cam
0.0705968 1.24977 0.294308
Time
1558545625907
Theta
-3.07164
t_GA - R_GA * R_AB * t_BA
0.0705968 1.24977 0.294308
t_wo + t_wo_cam
0.0705968 1.24977 0.294308
Time
1558545625932
Theta
-3.07164
t_GA - R_GA * R_AB * t_BA
0.0705968 1.24977 0.294308
t_wo + t_wo_cam
0.0705968 1.24977 0.294308
Time
1558545625952
Theta
-3.07164
t_GA - R_GA * R_AB * t_BA
0.11569 1.24546 0.28562
t_wo + t_wo_cam
0.0705968 1.24977 0.294308
Time
1558545625977
Theta
-3.07164
t_GA - R_GA * R_AB * t_BA
0.11569 1.24546 0.28562
t_wo + t_wo_cam
0.11569 1.24546 0.28562
Time
1558545626002
Theta
-3.04533
t_GA - R_GA * R_AB * t_BA
0.11569 1.24546 0.28562
t_wo + t_wo_cam
0.11569 1.24546 0.28562
Time
1558545626026
Theta
-3.04533
t_GA - R_GA * R_AB * t_BA
0.11569 1.24546 0.28562
t_wo + t_wo_cam
0.11569 1.24546 0.28562
Time
1558545626051
Theta
-3.04533
t_GA - R_GA * R_AB * t_BA
0.153424 1.24283 0.267165
t_wo + t_wo_cam
0.11569 1.24546 0.28562
Time
1558545626075
Theta
-3.04533
t_GA - R_GA * R_AB * t_BA
0.153424 1.24283 0.267165
t_wo + t_wo_cam
0.153424 1.24283 0.267165
Time
1558545626100
Theta
-3.0246
t_GA - R_GA * R_AB * t_BA
0.153424 1.24283 0.267165
t_wo + t_wo_cam
0.153424 1.24283 0.267165
Time
1558545626120
Theta
-3.0246
t_GA - R_GA * R_AB * t_BA
0.143068 1.24673 0.258376
t_wo + t_wo_cam
0.153424 1.24283 0.267165
Time
1558545626145
Theta
-3.0246
t_GA - R_GA * R_AB * t_BA
0.143068 1.24673 0.258376
t_wo + t_wo_cam
0.143068 1.24673 0.258376
Time
1558545626170
Theta
-3.0291
t_GA - R_GA * R_AB * t_BA
0.143068 1.24673 0.258376
t_wo + t_wo_cam
0.143068 1.24673 0.258376
Time
1558545626194
Theta
-3.0291
t_GA - R_GA * R_AB * t_BA
0.143068 1.24673 0.258376
t_wo + t_wo_cam
0.143068 1.24673 0.258376
Time
1558545626219
Theta
-3.0291
t_GA - R_GA * R_AB * t_BA
0.130384 1.248 0.257468
t_wo + t_wo_cam
0.143068 1.24673 0.258376
Time
1558545626243
Theta
-3.0291
t_GA - R_GA * R_AB * t_BA
0.130384 1.248 0.257468
t_wo + t_wo_cam
0.130384 1.248 0.257468
Time
1558545626264
Theta
-3.03525
t_GA - R_GA * R_AB * t_BA
0.130384 1.248 0.257468
t_wo + t_wo_cam
0.130384 1.248 0.257468
Time
1558545626288
Theta
-3.03525
t_GA - R_GA * R_AB * t_BA
0.115315 1.25067 0.242453
t_wo + t_wo_cam
0.130384 1.248 0.257468
Time
1558545626313
Theta
-3.03525
t_GA - R_GA * R_AB * t_BA
0.115315 1.25067 0.242453
t_wo + t_wo_cam
0.115315 1.25067 0.242453
Time
1558545626337
Theta
-3.03615
t_GA - R_GA * R_AB * t_BA
0.115315 1.25067 0.242453
t_wo + t_wo_cam
0.115315 1.25067 0.242453
Time
1558545626362
Theta
-3.03615
t_GA - R_GA * R_AB * t_BA
0.122918 1.24259 0.244288
t_wo + t_wo_cam
0.115315 1.25067 0.242453
Time
1558545626387
Theta
-3.03615
t_GA - R_GA * R_AB * t_BA
0.122918 1.24259 0.244288
t_wo + t_wo_cam
0.122918 1.24259 0.244288
Time
1558545626407
Theta
-3.02917
t_GA - R_GA * R_AB * t_BA
0.122918 1.24259 0.244288
t_wo + t_wo_cam
0.122918 1.24259 0.244288
Time
1558545626432
Theta
-3.02917
t_GA - R_GA * R_AB * t_BA
0.122918 1.24259 0.244288
t_wo + t_wo_cam
0.122918 1.24259 0.244288
Time
1558545626456
Theta
-3.02917
t_GA - R_GA * R_AB * t_BA
0.139251 1.23707 0.245365
t_wo + t_wo_cam
0.122918 1.24259 0.244288
Time
1558545626481
Theta
-3.02917
t_GA - R_GA * R_AB * t_BA
0.139251 1.23707 0.245365
t_wo + t_wo_cam
0.139251 1.23707 0.245365
Time
1558545626505
Theta
-3.02031
t_GA - R_GA * R_AB * t_BA
0.139251 1.23707 0.245365
t_wo + t_wo_cam
0.139251 1.23707 0.245365
Time
1558545626530
Theta
-3.02031
t_GA - R_GA * R_AB * t_BA
0.139251 1.23707 0.245365
t_wo + t_wo_cam
0.139251 1.23707 0.245365
Time
1558545626551
Theta
-3.02031
t_GA - R_GA * R_AB * t_BA
0.143884 1.23605 0.246972
t_wo + t_wo_cam
0.139251 1.23707 0.245365
Time
1558545626575
Theta
-3.02031
t_GA - R_GA * R_AB * t_BA
0.143884 1.23605 0.246972
t_wo + t_wo_cam
0.143884 1.23605 0.246972
Time
1558545626600
Theta
-3.01881
t_GA - R_GA * R_AB * t_BA
0.143884 1.23605 0.246972
t_wo + t_wo_cam
0.143884 1.23605 0.246972
Time
1558545626624
Theta
-3.01881
t_GA - R_GA * R_AB * t_BA
0.142072 1.2351 0.24512
t_wo + t_wo_cam
0.143884 1.23605 0.246972
Time
1558545626649
Theta
-3.01881
t_GA - R_GA * R_AB * t_BA
0.142072 1.2351 0.24512
t_wo + t_wo_cam
0.142072 1.2351 0.24512
Time
1558545626673
Theta
-3.01331
t_GA - R_GA * R_AB * t_BA
0.142072 1.2351 0.24512
t_wo + t_wo_cam
0.142072 1.2351 0.24512
Time
1558545626694
Theta
-3.01331
t_GA - R_GA * R_AB * t_BA
0.142072 1.2351 0.24512
t_wo + t_wo_cam
0.142072 1.2351 0.24512
Time
1558545626718
Theta
-3.01331
t_GA - R_GA * R_AB * t_BA
0.140454 1.23529 0.24424
t_wo + t_wo_cam
0.142072 1.2351 0.24512
Time
1558545626743
Theta
-3.01331
t_GA - R_GA * R_AB * t_BA
0.140454 1.23529 0.24424
t_wo + t_wo_cam
0.140454 1.23529 0.24424
Time
1558545626768
Theta
-3.01364
t_GA - R_GA * R_AB * t_BA
0.140454 1.23529 0.24424
t_wo + t_wo_cam
0.140454 1.23529 0.24424
Time
1558545626792
Theta
-3.01364
t_GA - R_GA * R_AB * t_BA
0.140454 1.23529 0.24424
t_wo + t_wo_cam
0.140454 1.23529 0.24424
Time
1558545626817
Theta
-3.01364
t_GA - R_GA * R_AB * t_BA
0.146166 1.23418 0.24509
t_wo + t_wo_cam
0.140454 1.23529 0.24424
Time
1558545626837
Theta
-3.01364
t_GA - R_GA * R_AB * t_BA
0.146166 1.23418 0.24509
t_wo + t_wo_cam
0.146166 1.23418 0.24509
Time
1558545626862
Theta
-3.01142
t_GA - R_GA * R_AB * t_BA
0.146166 1.23418 0.24509
t_wo + t_wo_cam
0.146166 1.23418 0.24509
Time
1558545626886
Theta
-3.01142
t_GA - R_GA * R_AB * t_BA
0.14596 1.23519 0.244078
t_wo + t_wo_cam
0.146166 1.23418 0.24509
Time
1558545626911
Theta
-3.01142
t_GA - R_GA * R_AB * t_BA
0.14596 1.23519 0.244078
t_wo + t_wo_cam
0.14596 1.23519 0.244078
Time
1558545626935
Theta
-3.01204
t_GA - R_GA * R_AB * t_BA
0.14596 1.23519 0.244078
t_wo + t_wo_cam
0.14596 1.23519 0.244078
Time
1558545626960
Theta
-3.01204
t_GA - R_GA * R_AB * t_BA
0.14596 1.23519 0.244078
t_wo + t_wo_cam
0.14596 1.23519 0.244078
Time
1558545626980
Theta
-3.01204
t_GA - R_GA * R_AB * t_BA
0.157035 1.23096 0.247991
t_wo + t_wo_cam
0.14596 1.23519 0.244078
Time
1558545627005
Theta
-3.01204
t_GA - R_GA * R_AB * t_BA
0.157035 1.23096 0.247991
t_wo + t_wo_cam
0.157035 1.23096 0.247991
Time
1558545627030
Theta
-3.00861
t_GA - R_GA * R_AB * t_BA
0.157035 1.23096 0.247991
t_wo + t_wo_cam
0.157035 1.23096 0.247991
Time
1558545627054
Theta
-3.00861
t_GA - R_GA * R_AB * t_BA
0.157035 1.23096 0.247991
t_wo + t_wo_cam
0.157035 1.23096 0.247991
Time
1558545627079
Theta
-3.00861
t_GA - R_GA * R_AB * t_BA
0.156912 1.23011 0.252271
t_wo + t_wo_cam
0.157035 1.23096 0.247991
Time
1558545627103
Theta
-3.00861
t_GA - R_GA * R_AB * t_BA
0.156912 1.23011 0.252271
t_wo + t_wo_cam
0.156912 1.23011 0.252271
Time
1558545627124
Theta
-3.01113
t_GA - R_GA * R_AB * t_BA
0.156912 1.23011 0.252271
t_wo + t_wo_cam
0.156912 1.23011 0.252271
Time
1558545627148
Theta
-3.01113
t_GA - R_GA * R_AB * t_BA
0.152997 1.22562 0.253931
t_wo + t_wo_cam
0.156912 1.23011 0.252271
Time
1558545627173
Theta
-3.01113
t_GA - R_GA * R_AB * t_BA
0.152997 1.22562 0.253931
t_wo + t_wo_cam
0.152997 1.22562 0.253931
Time
1558545627198
Theta
-3.01193
t_GA - R_GA * R_AB * t_BA
0.152997 1.22562 0.253931
t_wo + t_wo_cam
0.152997 1.22562 0.253931
Time
1558545627222
Theta
-3.01193
t_GA - R_GA * R_AB * t_BA
0.152997 1.22562 0.253931
t_wo + t_wo_cam
0.152997 1.22562 0.253931
Time
1558545627247
Theta
-3.01193
t_GA - R_GA * R_AB * t_BA
0.152125 1.22247 0.25773
t_wo + t_wo_cam
0.152997 1.22562 0.253931
Time
1558545627271
Theta
-3.01193
t_GA - R_GA * R_AB * t_BA
0.152125 1.22247 0.25773
t_wo + t_wo_cam
0.152125 1.22247 0.25773
Time
1558545627292
Theta
-3.01373
t_GA - R_GA * R_AB * t_BA
0.152125 1.22247 0.25773
t_wo + t_wo_cam
0.152125 1.22247 0.25773
Time
1558545627316
Theta
-3.01373
t_GA - R_GA * R_AB * t_BA
0.154969 1.22116 0.256583
t_wo + t_wo_cam
0.152125 1.22247 0.25773
Time
1558545627341
Theta
-3.01373
t_GA - R_GA * R_AB * t_BA
0.154969 1.22116 0.256583
t_wo + t_wo_cam
0.154969 1.22116 0.256583
Time
1558545627366
Theta
-3.01273
t_GA - R_GA * R_AB * t_BA
0.154969 1.22116 0.256583
t_wo + t_wo_cam
0.154969 1.22116 0.256583
Time
1558545627390
Theta
-3.01273
t_GA - R_GA * R_AB * t_BA
0.154969 1.22116 0.256583
t_wo + t_wo_cam
0.154969 1.22116 0.256583
Time
1558545627415
Theta
-3.01273
t_GA - R_GA * R_AB * t_BA
0.152361 1.22206 0.257683
t_wo + t_wo_cam
0.154969 1.22116 0.256583
Time
1558545627435
Theta
-3.01273
t_GA - R_GA * R_AB * t_BA
0.152361 1.22206 0.257683
t_wo + t_wo_cam
0.152361 1.22206 0.257683
Time
1558545627460
Theta
-3.01624
t_GA - R_GA * R_AB * t_BA
0.152361 1.22206 0.257683
t_wo + t_wo_cam
0.152361 1.22206 0.257683
Time
1558545627484
Theta
-3.01624
t_GA - R_GA * R_AB * t_BA
0.154217 1.22666 0.250425
t_wo + t_wo_cam
0.152361 1.22206 0.257683
Time
1558545627509
Theta
-3.01624
t_GA - R_GA * R_AB * t_BA
0.154217 1.22666 0.250425
t_wo + t_wo_cam
0.154217 1.22666 0.250425
Time
1558545627533
Theta
-3.0135
t_GA - R_GA * R_AB * t_BA
0.154217 1.22666 0.250425
t_wo + t_wo_cam
0.154217 1.22666 0.250425
Time
1558545627558
Theta
-3.0135
t_GA - R_GA * R_AB * t_BA
0.154217 1.22666 0.250425
t_wo + t_wo_cam
0.154217 1.22666 0.250425
Time
1558545627579
Theta
-3.0135
t_GA - R_GA * R_AB * t_BA
0.148627 1.23058 0.250717
t_wo + t_wo_cam
0.154217 1.22666 0.250425
Time
1558545627603
Theta
-3.0135
t_GA - R_GA * R_AB * t_BA
0.148627 1.23058 0.250717
t_wo + t_wo_cam
0.148627 1.23058 0.250717
Time
1558545627628
Theta
-3.01763
t_GA - R_GA * R_AB * t_BA
0.148627 1.23058 0.250717
t_wo + t_wo_cam
0.148627 1.23058 0.250717
Time
1558545627652
Theta
-3.01763
t_GA - R_GA * R_AB * t_BA
0.144915 1.23135 0.254787
t_wo + t_wo_cam
0.148627 1.23058 0.250717
Time
1558545627677
Theta
-3.01763
t_GA - R_GA * R_AB * t_BA
0.144915 1.23135 0.254787
t_wo + t_wo_cam
0.144915 1.23135 0.254787
Time
1558545627701
Theta
-3.02042
t_GA - R_GA * R_AB * t_BA
0.144915 1.23135 0.254787
t_wo + t_wo_cam
0.144915 1.23135 0.254787
Time
1558545627722
Theta
-3.02042
t_GA - R_GA * R_AB * t_BA
0.144915 1.23135 0.254787
t_wo + t_wo_cam
0.144915 1.23135 0.254787
Time
1558545627746
Theta
-3.02042
t_GA - R_GA * R_AB * t_BA
0.146149 1.22999 0.253297
t_wo + t_wo_cam
0.144915 1.23135 0.254787
Time
1558545627771
Theta
-3.02042
t_GA - R_GA * R_AB * t_BA
0.146149 1.22999 0.253297
t_wo + t_wo_cam
0.146149 1.22999 0.253297
Time
1558545627796
Theta
-3.01798
t_GA - R_GA * R_AB * t_BA
0.146149 1.22999 0.253297
t_wo + t_wo_cam
0.146149 1.22999 0.253297
Time
1558545627820
Theta
-3.01798
t_GA - R_GA * R_AB * t_BA
0.1543 1.22071 0.261733
t_wo + t_wo_cam
0.146149 1.22999 0.253297
Time
1558545627845
Theta
-3.01798
t_GA - R_GA * R_AB * t_BA
0.1543 1.22071 0.261733
t_wo + t_wo_cam
0.1543 1.22071 0.261733
Time
1558545627865
Theta
-3.01268
t_GA - R_GA * R_AB * t_BA
0.1543 1.22071 0.261733
t_wo + t_wo_cam
0.1543 1.22071 0.261733
Time
1558545627890
Theta
-3.01268
t_GA - R_GA * R_AB * t_BA
0.1543 1.22071 0.261733
t_wo + t_wo_cam
0.1543 1.22071 0.261733
Time
1558545627914
Theta
-3.01268
t_GA - R_GA * R_AB * t_BA
0.157605 1.21624 0.262773
t_wo + t_wo_cam
0.1543 1.22071 0.261733
Time
1558545627939
Theta
-3.01268
t_GA - R_GA * R_AB * t_BA
0.157605 1.21624 0.262773
t_wo + t_wo_cam
0.157605 1.21624 0.262773
Time
1558545627964
Theta
-3.01067
t_GA - R_GA * R_AB * t_BA
0.157605 1.21624 0.262773
t_wo + t_wo_cam
0.157605 1.21624 0.262773
Time
1558545627988
Theta
-3.01067
t_GA - R_GA * R_AB * t_BA
0.157605 1.21624 0.262773
t_wo + t_wo_cam
0.157605 1.21624 0.262773
Time
1558545628009
Theta
-3.01067
t_GA - R_GA * R_AB * t_BA
0.161534 1.21291 0.265746
t_wo + t_wo_cam
0.157605 1.21624 0.262773
Time
1558545628033
Theta
-3.01067
t_GA - R_GA * R_AB * t_BA
0.161534 1.21291 0.265746
t_wo + t_wo_cam
0.161534 1.21291 0.265746
Time
1558545628058
Theta
-3.00944
t_GA - R_GA * R_AB * t_BA
0.161534 1.21291 0.265746
t_wo + t_wo_cam
0.161534 1.21291 0.265746
Time
1558545628082
Theta
-3.00944
t_GA - R_GA * R_AB * t_BA
0.162549 1.21671 0.255538
t_wo + t_wo_cam
0.161534 1.21291 0.265746
Time
1558545628107
Theta
-3.00944
t_GA - R_GA * R_AB * t_BA
0.162549 1.21671 0.255538
t_wo + t_wo_cam
0.162549 1.21671 0.255538
Time
1558545628131
Theta
-3.01039
t_GA - R_GA * R_AB * t_BA
0.162549 1.21671 0.255538
t_wo + t_wo_cam
0.162549 1.21671 0.255538
Time
1558545628152
Theta
-3.01039
t_GA - R_GA * R_AB * t_BA
0.162549 1.21671 0.255538
t_wo + t_wo_cam
0.162549 1.21671 0.255538
Time
1558545628177
Theta
-3.01039
t_GA - R_GA * R_AB * t_BA
0.205712 1.20752 0.197061
t_wo + t_wo_cam
0.162549 1.21671 0.255538
Time
1558545628201
Theta
-3.01039
t_GA - R_GA * R_AB * t_BA
0.205712 1.20752 0.197061
t_wo + t_wo_cam
0.205712 1.20752 0.197061
Time
1558545628226
Theta
-2.97337
t_GA - R_GA * R_AB * t_BA
0.205712 1.20752 0.197061
t_wo + t_wo_cam
0.205712 1.20752 0.197061
Time
1558545628250
Theta
-2.97337
t_GA - R_GA * R_AB * t_BA
0.205712 1.20752 0.197061
t_wo + t_wo_cam
0.205712 1.20752 0.197061
Time
1558545628275
Theta
-2.97337
t_GA - R_GA * R_AB * t_BA
0.262291 1.20289 0.0999449
t_wo + t_wo_cam
0.205712 1.20752 0.197061
Time
1558545628302
Theta
-2.97337
t_GA - R_GA * R_AB * t_BA
0.262291 1.20289 0.0999449
t_wo + t_wo_cam
0.262291 1.20289 0.0999449
Time
1558545628320
Theta
-2.92691
t_GA - R_GA * R_AB * t_BA
0.262291 1.20289 0.0999449
t_wo + t_wo_cam
0.262291 1.20289 0.0999449
Time
1558545628344
Theta
-2.92691
t_GA - R_GA * R_AB * t_BA
0.262291 1.20289 0.0999449
t_wo + t_wo_cam
0.262291 1.20289 0.0999449
Time
1558545628369
Theta
-2.92691
t_GA - R_GA * R_AB * t_BA
0.262291 1.20289 0.0999449
t_wo + t_wo_cam
0.262291 1.20289 0.0999449
Time
1558545628394
Theta
-2.92691
t_GA - R_GA * R_AB * t_BA
-0.0771175 1.12441 -0.598233
t_wo + t_wo_cam
0.262291 1.20289 0.0999449
Time
1558545628418
Theta
-2.92691
t_GA - R_GA * R_AB * t_BA
-0.0771175 1.12441 -0.598233
t_wo + t_wo_cam
-0.0771175 1.12441 -0.598233
Time
1558545628443
Theta
-2.38415
t_GA - R_GA * R_AB * t_BA
-0.0771175 1.12441 -0.598233
t_wo + t_wo_cam
-0.0771175 1.12441 -0.598233
Time
1558545628463
Theta
-2.38415
t_GA - R_GA * R_AB * t_BA
-0.0771175 1.12441 -0.598233
t_wo + t_wo_cam
-0.0771175 1.12441 -0.598233
Time
1558545628488
Theta
-2.38415
t_GA - R_GA * R_AB * t_BA
-0.0771175 1.12441 -0.598233
t_wo + t_wo_cam
-0.0771175 1.12441 -0.598233
Time
1558545628516
Theta
-2.38415
t_GA - R_GA * R_AB * t_BA
-0.0771175 1.12441 -0.598233
t_wo + t_wo_cam
-0.0771175 1.12441 -0.598233
Time
1558545628537
Theta
-2.38415
t_GA - R_GA * R_AB * t_BA
-0.0771175 1.12441 -0.598233
t_wo + t_wo_cam
-0.0771175 1.12441 -0.598233
Time
1558545628562
Theta
-2.38415
t_GA - R_GA * R_AB * t_BA
-0.0771175 1.12441 -0.598233
t_wo + t_wo_cam
-0.0771175 1.12441 -0.598233
Time
1558545628586
Theta
-2.38415
t_GA - R_GA * R_AB * t_BA
-0.0771175 1.12441 -0.598233
t_wo + t_wo_cam
-0.0771175 1.12441 -0.598233
Time
1558545628607
Theta
-2.38415
t_GA - R_GA * R_AB * t_BA
-0.0771175 1.12441 -0.598233
t_wo + t_wo_cam
-0.0771175 1.12441 -0.598233
Time
1558545628631
Theta
-2.38415
t_GA - R_GA * R_AB * t_BA
-0.0771175 1.12441 -0.598233
t_wo + t_wo_cam
-0.0771175 1.12441 -0.598233
Time
1558545628656
Theta
-2.38415
t_GA - R_GA * R_AB * t_BA
-0.0771175 1.12441 -0.598233
t_wo + t_wo_cam
-0.0771175 1.12441 -0.598233
Time
1558545628680
Theta
-2.38415
t_GA - R_GA * R_AB * t_BA
-0.0771175 1.12441 -0.598233
t_wo + t_wo_cam
-0.0771175 1.12441 -0.598233
Time
1558545628705
Theta
-2.38415
t_GA - R_GA * R_AB * t_BA
-0.0771175 1.12441 -0.598233
t_wo + t_wo_cam
-0.0771175 1.12441 -0.598233
Time
1558545628731
Theta
-2.38415
t_GA - R_GA * R_AB * t_BA
-0.0771175 1.12441 -0.598233
t_wo + t_wo_cam
-0.0771175 1.12441 -0.598233
Time
1558545628750
Theta
-2.38415
t_GA - R_GA * R_AB * t_BA
-0.0771175 1.12441 -0.598233
t_wo + t_wo_cam
-0.0771175 1.12441 -0.598233
Time
1558545628774
Theta
-2.38415
t_GA - R_GA * R_AB * t_BA
-0.0771175 1.12441 -0.598233
t_wo + t_wo_cam
-0.0771175 1.12441 -0.598233
Time
1558545628799
Theta
-2.38415
t_GA - R_GA * R_AB * t_BA
-0.0771175 1.12441 -0.598233
t_wo + t_wo_cam
-0.0771175 1.12441 -0.598233
Time
1558545628824
Theta
-2.38415
t_GA - R_GA * R_AB * t_BA
-0.0771175 1.12441 -0.598233
t_wo + t_wo_cam
-0.0771175 1.12441 -0.598233
Time
1558545628848
Theta
-2.38415
t_GA - R_GA * R_AB * t_BA
-0.0771175 1.12441 -0.598233
t_wo + t_wo_cam
-0.0771175 1.12441 -0.598233
Time
1558545628873
Theta
-2.38415
t_GA - R_GA * R_AB * t_BA
-0.0771175 1.12441 -0.598233
t_wo + t_wo_cam
-0.0771175 1.12441 -0.598233
Time
1558545628893
Theta
-2.38415
t_GA - R_GA * R_AB * t_BA
-0.0771175 1.12441 -0.598233
t_wo + t_wo_cam
-0.0771175 1.12441 -0.598233
Time
1558545628918
Theta
-2.38415
t_GA - R_GA * R_AB * t_BA
-0.0771175 1.12441 -0.598233
t_wo + t_wo_cam
-0.0771175 1.12441 -0.598233
Time
1558545628942
Theta
-2.38415
t_GA - R_GA * R_AB * t_BA
-0.0771175 1.12441 -0.598233
t_wo + t_wo_cam
-0.0771175 1.12441 -0.598233
Time
1558545628967
Theta
-2.38415
t_GA - R_GA * R_AB * t_BA
-0.0771175 1.12441 -0.598233
t_wo + t_wo_cam
-0.0771175 1.12441 -0.598233
Time
1558545628992
Theta
-2.38415
t_GA - R_GA * R_AB * t_BA
-0.0771175 1.12441 -0.598233
t_wo + t_wo_cam
-0.0771175 1.12441 -0.598233
Time
1558545629016
Theta
-2.38415
t_GA - R_GA * R_AB * t_BA
-0.0771175 1.12441 -0.598233
t_wo + t_wo_cam
-0.0771175 1.12441 -0.598233
Time
1558545629037
Theta
-2.38415
t_GA - R_GA * R_AB * t_BA
-0.0771175 1.12441 -0.598233
t_wo + t_wo_cam
-0.0771175 1.12441 -0.598233
Time
1558545629061
Theta
-2.38415
t_GA - R_GA * R_AB * t_BA
-0.0771175 1.12441 -0.598233
t_wo + t_wo_cam
-0.0771175 1.12441 -0.598233
Time
1558545629086
Theta
-2.38415
t_GA - R_GA * R_AB * t_BA
-0.0771175 1.12441 -0.598233
t_wo + t_wo_cam
-0.0771175 1.12441 -0.598233
Time
1558545629110
Theta
-2.38415
t_GA - R_GA * R_AB * t_BA
-0.0771175 1.12441 -0.598233
t_wo + t_wo_cam
-0.0771175 1.12441 -0.598233
Time
1558545629135
Theta
-2.38415
t_GA - R_GA * R_AB * t_BA
-0.0771175 1.12441 -0.598233
t_wo + t_wo_cam
-0.0771175 1.12441 -0.598233
Time
1558545629160
Theta
-2.38415
t_GA - R_GA * R_AB * t_BA
-0.0771175 1.12441 -0.598233
t_wo + t_wo_cam
-0.0771175 1.12441 -0.598233
Time
1558545629180
Theta
-2.38415
t_GA - R_GA * R_AB * t_BA
-0.0771175 1.12441 -0.598233
t_wo + t_wo_cam
-0.0771175 1.12441 -0.598233
Time
1558545629205
Theta
-2.38415
t_GA - R_GA * R_AB * t_BA
-0.0771175 1.12441 -0.598233
t_wo + t_wo_cam
-0.0771175 1.12441 -0.598233
Time
1558545629229
Theta
-2.38415
t_GA - R_GA * R_AB * t_BA
-0.0771175 1.12441 -0.598233
t_wo + t_wo_cam
-0.0771175 1.12441 -0.598233
Time
1558545629254
Theta
-2.38415
t_GA - R_GA * R_AB * t_BA
-0.0771175 1.12441 -0.598233
t_wo + t_wo_cam
-0.0771175 1.12441 -0.598233
Time
1558545629278
Theta
-2.38415
t_GA - R_GA * R_AB * t_BA
-0.0771175 1.12441 -0.598233
t_wo + t_wo_cam
-0.0771175 1.12441 -0.598233
Time
1558545629303
Theta
-2.38415
t_GA - R_GA * R_AB * t_BA
-0.0771175 1.12441 -0.598233
t_wo + t_wo_cam
-0.0771175 1.12441 -0.598233
Time
1558545629327
Theta
-2.38415
t_GA - R_GA * R_AB * t_BA
-0.0771175 1.12441 -0.598233
t_wo + t_wo_cam
-0.0771175 1.12441 -0.598233
Time
1558545629348
Theta
-2.38415
t_GA - R_GA * R_AB * t_BA
-0.0771175 1.12441 -0.598233
t_wo + t_wo_cam
-0.0771175 1.12441 -0.598233
Time
1558545629373
Theta
-2.38415
t_GA - R_GA * R_AB * t_BA
-0.0771175 1.12441 -0.598233
t_wo + t_wo_cam
-0.0771175 1.12441 -0.598233
Time
1558545629397
Theta
-2.38415
t_GA - R_GA * R_AB * t_BA
-0.0771175 1.12441 -0.598233
t_wo + t_wo_cam
-0.0771175 1.12441 -0.598233
Time
1558545629422
Theta
-2.38415
t_GA - R_GA * R_AB * t_BA
-0.0771175 1.12441 -0.598233
t_wo + t_wo_cam
-0.0771175 1.12441 -0.598233
Time
1558545629446
Theta
-2.38415
t_GA - R_GA * R_AB * t_BA
-0.0771175 1.12441 -0.598233
t_wo + t_wo_cam
-0.0771175 1.12441 -0.598233
Time
1558545629471
Theta
-2.38415
t_GA - R_GA * R_AB * t_BA
-0.0771175 1.12441 -0.598233
t_wo + t_wo_cam
-0.0771175 1.12441 -0.598233
Time
1558545629491
Theta
-2.38415
t_GA - R_GA * R_AB * t_BA
-0.0771175 1.12441 -0.598233
t_wo + t_wo_cam
-0.0771175 1.12441 -0.598233
Time
1558545629516
Theta
-2.38415
t_GA - R_GA * R_AB * t_BA
-0.0771175 1.12441 -0.598233
t_wo + t_wo_cam
-0.0771175 1.12441 -0.598233
Time
1558545629540
Theta
-2.38415
t_GA - R_GA * R_AB * t_BA
-0.0771175 1.12441 -0.598233
t_wo + t_wo_cam
-0.0771175 1.12441 -0.598233
Time
1558545629565
Theta
-2.38415
t_GA - R_GA * R_AB * t_BA
-0.0771175 1.12441 -0.598233
t_wo + t_wo_cam
-0.0771175 1.12441 -0.598233
Time
1558545629590
Theta
-2.38415
t_GA - R_GA * R_AB * t_BA
-0.0771175 1.12441 -0.598233
t_wo + t_wo_cam
-0.0771175 1.12441 -0.598233
Time
1558545629614
Theta
-2.38415
t_GA - R_GA * R_AB * t_BA
-0.0771175 1.12441 -0.598233
t_wo + t_wo_cam
-0.0771175 1.12441 -0.598233
Time
1558545629635
Theta
-2.38415
t_GA - R_GA * R_AB * t_BA
-0.0771175 1.12441 -0.598233
t_wo + t_wo_cam
-0.0771175 1.12441 -0.598233
Time
1558545629659
Theta
-2.38415
t_GA - R_GA * R_AB * t_BA
-0.0771175 1.12441 -0.598233
t_wo + t_wo_cam
-0.0771175 1.12441 -0.598233
Time
1558545629684
Theta
-2.38415
t_GA - R_GA * R_AB * t_BA
-0.0771175 1.12441 -0.598233
t_wo + t_wo_cam
-0.0771175 1.12441 -0.598233
Time
1558545629708
Theta
-2.38415
t_GA - R_GA * R_AB * t_BA
-0.0771175 1.12441 -0.598233
t_wo + t_wo_cam
-0.0771175 1.12441 -0.598233
Time
1558545629733
Theta
-2.38415
t_GA - R_GA * R_AB * t_BA
-0.0771175 1.12441 -0.598233
t_wo + t_wo_cam
-0.0771175 1.12441 -0.598233
Time
1558545629757
Theta
-2.38415
t_GA - R_GA * R_AB * t_BA
-0.0771175 1.12441 -0.598233
t_wo + t_wo_cam
-0.0771175 1.12441 -0.598233
Time
1558545629778
Theta
-2.38415
t_GA - R_GA * R_AB * t_BA
-0.0771175 1.12441 -0.598233
t_wo + t_wo_cam
-0.0771175 1.12441 -0.598233
Time
1558545629803
Theta
-2.38415
t_GA - R_GA * R_AB * t_BA
-0.0771175 1.12441 -0.598233
t_wo + t_wo_cam
-0.0771175 1.12441 -0.598233
Time
1558545629827
Theta
-2.38415
t_GA - R_GA * R_AB * t_BA
-0.0771175 1.12441 -0.598233
t_wo + t_wo_cam
-0.0771175 1.12441 -0.598233
Time
1558545629852
Theta
-2.38415
t_GA - R_GA * R_AB * t_BA
-0.0771175 1.12441 -0.598233
t_wo + t_wo_cam
-0.0771175 1.12441 -0.598233
Time
1558545629876
Theta
-2.38415
t_GA - R_GA * R_AB * t_BA
-0.0771175 1.12441 -0.598233
t_wo + t_wo_cam
-0.0771175 1.12441 -0.598233
Time
1558545629901
Theta
-2.38415
t_GA - R_GA * R_AB * t_BA
-0.0771175 1.12441 -0.598233
t_wo + t_wo_cam
-0.0771175 1.12441 -0.598233
Time
1558545629921
Theta
-2.38415
t_GA - R_GA * R_AB * t_BA
-0.0771175 1.12441 -0.598233
t_wo + t_wo_cam
-0.0771175 1.12441 -0.598233
Time
1558545629946
Theta
-2.38415
t_GA - R_GA * R_AB * t_BA
-0.0771175 1.12441 -0.598233
t_wo + t_wo_cam
-0.0771175 1.12441 -0.598233
Time
1558545629971
Theta
-2.38415
t_GA - R_GA * R_AB * t_BA
-0.0771175 1.12441 -0.598233
t_wo + t_wo_cam
-0.0771175 1.12441 -0.598233
Time
1558545629995
Theta
-2.38415
t_GA - R_GA * R_AB * t_BA
-0.0771175 1.12441 -0.598233
t_wo + t_wo_cam
-0.0771175 1.12441 -0.598233
Time
1558545630020
Theta
-2.38415
t_GA - R_GA * R_AB * t_BA
-0.0771175 1.12441 -0.598233
t_wo + t_wo_cam
-0.0771175 1.12441 -0.598233
Time
1558545630044
Theta
-2.38415
t_GA - R_GA * R_AB * t_BA
-0.0771175 1.12441 -0.598233
t_wo + t_wo_cam
-0.0771175 1.12441 -0.598233
Time
1558545630065
Theta
-2.38415
t_GA - R_GA * R_AB * t_BA
-0.0771175 1.12441 -0.598233
t_wo + t_wo_cam
-0.0771175 1.12441 -0.598233
Time
1558545630089
Theta
-2.38415
t_GA - R_GA * R_AB * t_BA
-0.0771175 1.12441 -0.598233
t_wo + t_wo_cam
-0.0771175 1.12441 -0.598233
Time
1558545630114
Theta
-2.38415
t_GA - R_GA * R_AB * t_BA
-0.0771175 1.12441 -0.598233
t_wo + t_wo_cam
-0.0771175 1.12441 -0.598233
Time
1558545630138
Theta
-2.38415
t_GA - R_GA * R_AB * t_BA
-0.0771175 1.12441 -0.598233
t_wo + t_wo_cam
-0.0771175 1.12441 -0.598233
Time
1558545630163
Theta
-2.38415
t_GA - R_GA * R_AB * t_BA
-0.0771175 1.12441 -0.598233
t_wo + t_wo_cam
-0.0771175 1.12441 -0.598233
Time
1558545630188
Theta
-2.38415
t_GA - R_GA * R_AB * t_BA
-0.0771175 1.12441 -0.598233
t_wo + t_wo_cam
-0.0771175 1.12441 -0.598233
Time
1558545630208
Theta
-2.38415
t_GA - R_GA * R_AB * t_BA
-0.0771175 1.12441 -0.598233
t_wo + t_wo_cam
-0.0771175 1.12441 -0.598233
Time
1558545630233
Theta
-2.38415
t_GA - R_GA * R_AB * t_BA
-0.0771175 1.12441 -0.598233
t_wo + t_wo_cam
-0.0771175 1.12441 -0.598233
Time
1558545630257
Theta
-2.38415
t_GA - R_GA * R_AB * t_BA
-0.0771175 1.12441 -0.598233
t_wo + t_wo_cam
-0.0771175 1.12441 -0.598233
Time
1558545630282
Theta
-2.38415
t_GA - R_GA * R_AB * t_BA
-0.0771175 1.12441 -0.598233
t_wo + t_wo_cam
-0.0771175 1.12441 -0.598233
Time
1558545630306
Theta
-2.38415
t_GA - R_GA * R_AB * t_BA
-0.0771175 1.12441 -0.598233
t_wo + t_wo_cam
-0.0771175 1.12441 -0.598233
Time
1558545630331
Theta
-2.38415
t_GA - R_GA * R_AB * t_BA
-0.0771175 1.12441 -0.598233
t_wo + t_wo_cam
-0.0771175 1.12441 -0.598233
Time
1558545630351
Theta
-2.38415
t_GA - R_GA * R_AB * t_BA
-0.0771175 1.12441 -0.598233
t_wo + t_wo_cam
-0.0771175 1.12441 -0.598233
Time
1558545630376
Theta
-2.38415
t_GA - R_GA * R_AB * t_BA
-0.0771175 1.12441 -0.598233
t_wo + t_wo_cam
-0.0771175 1.12441 -0.598233
Time
1558545630401
Theta
-2.38415
t_GA - R_GA * R_AB * t_BA
-0.0771175 1.12441 -0.598233
t_wo + t_wo_cam
-0.0771175 1.12441 -0.598233
Time
1558545630425
Theta
-2.38415
t_GA - R_GA * R_AB * t_BA
-0.0771175 1.12441 -0.598233
t_wo + t_wo_cam
-0.0771175 1.12441 -0.598233
Time
1558545630450
Theta
-2.38415
t_GA - R_GA * R_AB * t_BA
-0.0771175 1.12441 -0.598233
t_wo + t_wo_cam
-0.0771175 1.12441 -0.598233
Time
1558545630474
Theta
-2.38415
t_GA - R_GA * R_AB * t_BA
-0.0771175 1.12441 -0.598233
t_wo + t_wo_cam
-0.0771175 1.12441 -0.598233
Time
1558545630499
Theta
-2.38415
t_GA - R_GA * R_AB * t_BA
-0.0771175 1.12441 -0.598233
t_wo + t_wo_cam
-0.0771175 1.12441 -0.598233
Time
1558545630519
Theta
-2.38415
t_GA - R_GA * R_AB * t_BA
-0.0771175 1.12441 -0.598233
t_wo + t_wo_cam
-0.0771175 1.12441 -0.598233
Time
1558545630544
Theta
-2.38415
t_GA - R_GA * R_AB * t_BA
-0.0771175 1.12441 -0.598233
t_wo + t_wo_cam
-0.0771175 1.12441 -0.598233
Time
1558545630569
Theta
-2.38415
t_GA - R_GA * R_AB * t_BA
-0.0771175 1.12441 -0.598233
t_wo + t_wo_cam
-0.0771175 1.12441 -0.598233
Time
1558545630593
Theta
-2.38415
t_GA - R_GA * R_AB * t_BA
-0.0771175 1.12441 -0.598233
t_wo + t_wo_cam
-0.0771175 1.12441 -0.598233
Time
1558545630618
Theta
-2.38415
t_GA - R_GA * R_AB * t_BA
-0.0771175 1.12441 -0.598233
t_wo + t_wo_cam
-0.0771175 1.12441 -0.598233
Time
1558545630642
Theta
-2.38415
t_GA - R_GA * R_AB * t_BA
-0.0771175 1.12441 -0.598233
t_wo + t_wo_cam
-0.0771175 1.12441 -0.598233
Time
1558545630663
Theta
-2.38415
t_GA - R_GA * R_AB * t_BA
-0.0771175 1.12441 -0.598233
t_wo + t_wo_cam
-0.0771175 1.12441 -0.598233
Time
1558545630687
Theta
-2.38415
t_GA - R_GA * R_AB * t_BA
-0.0771175 1.12441 -0.598233
t_wo + t_wo_cam
-0.0771175 1.12441 -0.598233
Time
1558545630712
Theta
-2.38415
t_GA - R_GA * R_AB * t_BA
-0.0771175 1.12441 -0.598233
t_wo + t_wo_cam
-0.0771175 1.12441 -0.598233
Time
1558545630736
Theta
-2.38415
t_GA - R_GA * R_AB * t_BA
-0.0771175 1.12441 -0.598233
t_wo + t_wo_cam
-0.0771175 1.12441 -0.598233
Time
1558545630761
Theta
-2.38415
t_GA - R_GA * R_AB * t_BA
-0.0771175 1.12441 -0.598233
t_wo + t_wo_cam
-0.0771175 1.12441 -0.598233
Time
1558545630786
Theta
-2.38415
t_GA - R_GA * R_AB * t_BA
-0.0771175 1.12441 -0.598233
t_wo + t_wo_cam
-0.0771175 1.12441 -0.598233
Time
1558545630806
Theta
-2.38415
t_GA - R_GA * R_AB * t_BA
-0.0771175 1.12441 -0.598233
t_wo + t_wo_cam
-0.0771175 1.12441 -0.598233
Time
1558545630831
Theta
-2.38415
t_GA - R_GA * R_AB * t_BA
-0.0771175 1.12441 -0.598233
t_wo + t_wo_cam
-0.0771175 1.12441 -0.598233
Time
1558545630855
Theta
-2.38415
t_GA - R_GA * R_AB * t_BA
-0.0771175 1.12441 -0.598233
t_wo + t_wo_cam
-0.0771175 1.12441 -0.598233
Time
1558545630880
Theta
-2.38415
t_GA - R_GA * R_AB * t_BA
-0.0771175 1.12441 -0.598233
t_wo + t_wo_cam
-0.0771175 1.12441 -0.598233
Time
1558545630904
Theta
-2.38415
t_GA - R_GA * R_AB * t_BA
-0.0771175 1.12441 -0.598233
t_wo + t_wo_cam
-0.0771175 1.12441 -0.598233
Time
1558545630929
Theta
-2.38415
t_GA - R_GA * R_AB * t_BA
-0.0771175 1.12441 -0.598233
t_wo + t_wo_cam
-0.0771175 1.12441 -0.598233
Time
1558545630949
Theta
-2.38415
t_GA - R_GA * R_AB * t_BA
-0.0771175 1.12441 -0.598233
t_wo + t_wo_cam
-0.0771175 1.12441 -0.598233
Time
1558545630974
Theta
-2.38415
t_GA - R_GA * R_AB * t_BA
-0.0771175 1.12441 -0.598233
t_wo + t_wo_cam
-0.0771175 1.12441 -0.598233
Time
1558545630999
Theta
-2.38415
t_GA - R_GA * R_AB * t_BA
-0.0771175 1.12441 -0.598233
t_wo + t_wo_cam
-0.0771175 1.12441 -0.598233
Time
1558545631023
Theta
-2.38415
t_GA - R_GA * R_AB * t_BA
-0.0771175 1.12441 -0.598233
t_wo + t_wo_cam
-0.0771175 1.12441 -0.598233
Time
1558545631048
Theta
-2.38415
t_GA - R_GA * R_AB * t_BA
-0.0771175 1.12441 -0.598233
t_wo + t_wo_cam
-0.0771175 1.12441 -0.598233
Time
1558545631072
Theta
-2.38415
t_GA - R_GA * R_AB * t_BA
-0.0771175 1.12441 -0.598233
t_wo + t_wo_cam
-0.0771175 1.12441 -0.598233
Time
1558545631093
Theta
-2.38415
t_GA - R_GA * R_AB * t_BA
-0.0771175 1.12441 -0.598233
t_wo + t_wo_cam
-0.0771175 1.12441 -0.598233
Time
1558545631117
Theta
-2.38415
t_GA - R_GA * R_AB * t_BA
-0.0771175 1.12441 -0.598233
t_wo + t_wo_cam
-0.0771175 1.12441 -0.598233
Time
1558545631142
Theta
-2.38415
t_GA - R_GA * R_AB * t_BA
-0.0771175 1.12441 -0.598233
t_wo + t_wo_cam
-0.0771175 1.12441 -0.598233
Time
1558545631166
Theta
-2.38415
t_GA - R_GA * R_AB * t_BA
-0.0771175 1.12441 -0.598233
t_wo + t_wo_cam
-0.0771175 1.12441 -0.598233
Time
1558545631191
Theta
-2.38415
t_GA - R_GA * R_AB * t_BA
-0.0771175 1.12441 -0.598233
t_wo + t_wo_cam
-0.0771175 1.12441 -0.598233
Time
1558545631216
Theta
-2.38415
t_GA - R_GA * R_AB * t_BA
-0.0771175 1.12441 -0.598233
t_wo + t_wo_cam
-0.0771175 1.12441 -0.598233
Time
1558545631236
Theta
-2.38415
t_GA - R_GA * R_AB * t_BA
-0.0771175 1.12441 -0.598233
t_wo + t_wo_cam
-0.0771175 1.12441 -0.598233
Time
1558545631261
Theta
-2.38415
t_GA - R_GA * R_AB * t_BA
-0.0771175 1.12441 -0.598233
t_wo + t_wo_cam
-0.0771175 1.12441 -0.598233
Time
1558545631285
Theta
-2.38415
t_GA - R_GA * R_AB * t_BA
-0.0771175 1.12441 -0.598233
t_wo + t_wo_cam
-0.0771175 1.12441 -0.598233
Time
1558545631310
Theta
-2.38415
t_GA - R_GA * R_AB * t_BA
-0.0771175 1.12441 -0.598233
t_wo + t_wo_cam
-0.0771175 1.12441 -0.598233
Time
1558545631334
Theta
-2.38415
t_GA - R_GA * R_AB * t_BA
-0.0771175 1.12441 -0.598233
t_wo + t_wo_cam
-0.0771175 1.12441 -0.598233
Time
1558545631359
Theta
-2.38415
t_GA - R_GA * R_AB * t_BA
-0.0771175 1.12441 -0.598233
t_wo + t_wo_cam
-0.0771175 1.12441 -0.598233
Time
1558545631379
Theta
-2.38415
t_GA - R_GA * R_AB * t_BA
-0.0771175 1.12441 -0.598233
t_wo + t_wo_cam
-0.0771175 1.12441 -0.598233
Time
1558545631404
Theta
-2.38415
t_GA - R_GA * R_AB * t_BA
-0.0771175 1.12441 -0.598233
t_wo + t_wo_cam
-0.0771175 1.12441 -0.598233
Time
1558545631429
Theta
-2.38415
t_GA - R_GA * R_AB * t_BA
-0.0771175 1.12441 -0.598233
t_wo + t_wo_cam
-0.0771175 1.12441 -0.598233
Time
1558545631453
Theta
-2.38415
t_GA - R_GA * R_AB * t_BA
-0.0771175 1.12441 -0.598233
t_wo + t_wo_cam
-0.0771175 1.12441 -0.598233
Time
1558545631478
Theta
-2.38415
t_GA - R_GA * R_AB * t_BA
-0.0771175 1.12441 -0.598233
t_wo + t_wo_cam
-0.0771175 1.12441 -0.598233
Time
1558545631502
Theta
-2.38415
t_GA - R_GA * R_AB * t_BA
-0.0771175 1.12441 -0.598233
t_wo + t_wo_cam
-0.0771175 1.12441 -0.598233
Time
1558545631527
Theta
-2.38415
t_GA - R_GA * R_AB * t_BA
-0.0771175 1.12441 -0.598233
t_wo + t_wo_cam
-0.0771175 1.12441 -0.598233
Time
1558545631547
Theta
-2.38415
t_GA - R_GA * R_AB * t_BA
-0.0771175 1.12441 -0.598233
t_wo + t_wo_cam
-0.0771175 1.12441 -0.598233
Time
1558545631572
Theta
-2.38415
t_GA - R_GA * R_AB * t_BA
-0.0771175 1.12441 -0.598233
t_wo + t_wo_cam
-0.0771175 1.12441 -0.598233
Time
1558545631596
Theta
-2.38415
t_GA - R_GA * R_AB * t_BA
-0.0771175 1.12441 -0.598233
t_wo + t_wo_cam
-0.0771175 1.12441 -0.598233
Time
1558545631621
Theta
-2.38415
t_GA - R_GA * R_AB * t_BA
-0.0771175 1.12441 -0.598233
t_wo + t_wo_cam
-0.0771175 1.12441 -0.598233
Time
1558545631646
Theta
-2.38415
t_GA - R_GA * R_AB * t_BA
-0.0771175 1.12441 -0.598233
t_wo + t_wo_cam
-0.0771175 1.12441 -0.598233
Time
1558545631670
Theta
-2.38415
t_GA - R_GA * R_AB * t_BA
-0.0771175 1.12441 -0.598233
t_wo + t_wo_cam
-0.0771175 1.12441 -0.598233
Time
1558545631691
Theta
-2.38415
t_GA - R_GA * R_AB * t_BA
-0.0771175 1.12441 -0.598233
t_wo + t_wo_cam
-0.0771175 1.12441 -0.598233
Time
1558545631715
Theta
-2.38415
t_GA - R_GA * R_AB * t_BA
-0.0771175 1.12441 -0.598233
t_wo + t_wo_cam
-0.0771175 1.12441 -0.598233
Time
1558545631740
Theta
-2.38415
t_GA - R_GA * R_AB * t_BA
-0.0771175 1.12441 -0.598233
t_wo + t_wo_cam
-0.0771175 1.12441 -0.598233
Time
1558545631764
Theta
-2.38415
t_GA - R_GA * R_AB * t_BA
-0.0771175 1.12441 -0.598233
t_wo + t_wo_cam
-0.0771175 1.12441 -0.598233
Time
1558545631789
Theta
-2.38415
t_GA - R_GA * R_AB * t_BA
-0.0771175 1.12441 -0.598233
t_wo + t_wo_cam
-0.0771175 1.12441 -0.598233
Time
1558545631814
Theta
-2.38415
t_GA - R_GA * R_AB * t_BA
-0.0771175 1.12441 -0.598233
t_wo + t_wo_cam
-0.0771175 1.12441 -0.598233
Time
1558545631834
Theta
-2.38415
t_GA - R_GA * R_AB * t_BA
-0.0771175 1.12441 -0.598233
t_wo + t_wo_cam
-0.0771175 1.12441 -0.598233
Time
1558545631859
Theta
-2.38415
t_GA - R_GA * R_AB * t_BA
-0.0771175 1.12441 -0.598233
t_wo + t_wo_cam
-0.0771175 1.12441 -0.598233
Time
1558545631883
Theta
-2.38415
t_GA - R_GA * R_AB * t_BA
-0.0771175 1.12441 -0.598233
t_wo + t_wo_cam
-0.0771175 1.12441 -0.598233
Time
1558545631908
Theta
-2.38415
t_GA - R_GA * R_AB * t_BA
-0.0771175 1.12441 -0.598233
t_wo + t_wo_cam
-0.0771175 1.12441 -0.598233
Time
1558545631932
Theta
-2.38415
t_GA - R_GA * R_AB * t_BA
-0.0771175 1.12441 -0.598233
t_wo + t_wo_cam
-0.0771175 1.12441 -0.598233
Time
1558545631957
Theta
-2.38415
t_GA - R_GA * R_AB * t_BA
-0.0771175 1.12441 -0.598233
t_wo + t_wo_cam
-0.0771175 1.12441 -0.598233
Time
1558545631977
Theta
-2.38415
t_GA - R_GA * R_AB * t_BA
-0.0771175 1.12441 -0.598233
t_wo + t_wo_cam
-0.0771175 1.12441 -0.598233
Time
1558545632002
Theta
-2.38415
t_GA - R_GA * R_AB * t_BA
-0.0771175 1.12441 -0.598233
t_wo + t_wo_cam
-0.0771175 1.12441 -0.598233
Time
1558545632027
Theta
-2.38415
t_GA - R_GA * R_AB * t_BA
-0.0771175 1.12441 -0.598233
t_wo + t_wo_cam
-0.0771175 1.12441 -0.598233
Time
1558545632051
Theta
-2.38415
t_GA - R_GA * R_AB * t_BA
-0.0771175 1.12441 -0.598233
t_wo + t_wo_cam
-0.0771175 1.12441 -0.598233
Time
1558545632076
Theta
-2.38415
t_GA - R_GA * R_AB * t_BA
-0.0771175 1.12441 -0.598233
t_wo + t_wo_cam
-0.0771175 1.12441 -0.598233
Time
1558545632100
Theta
-2.38415
t_GA - R_GA * R_AB * t_BA
-0.0771175 1.12441 -0.598233
t_wo + t_wo_cam
-0.0771175 1.12441 -0.598233
Time
1558545632121
Theta
-2.38415
t_GA - R_GA * R_AB * t_BA
-0.0771175 1.12441 -0.598233
t_wo + t_wo_cam
-0.0771175 1.12441 -0.598233
Time
1558545632145
Theta
-2.38415
t_GA - R_GA * R_AB * t_BA
-0.0771175 1.12441 -0.598233
t_wo + t_wo_cam
-0.0771175 1.12441 -0.598233
Time
1558545632170
Theta
-2.38415
t_GA - R_GA * R_AB * t_BA
-0.0771175 1.12441 -0.598233
t_wo + t_wo_cam
-0.0771175 1.12441 -0.598233
Time
1558545632194
Theta
-2.38415
t_GA - R_GA * R_AB * t_BA
-0.0771175 1.12441 -0.598233
t_wo + t_wo_cam
-0.0771175 1.12441 -0.598233
Time
1558545632219
Theta
-2.38415
t_GA - R_GA * R_AB * t_BA
-0.0771175 1.12441 -0.598233
t_wo + t_wo_cam
-0.0771175 1.12441 -0.598233
Time
1558545632244
Theta
-2.38415
t_GA - R_GA * R_AB * t_BA
-0.0771175 1.12441 -0.598233
t_wo + t_wo_cam
-0.0771175 1.12441 -0.598233
Time
1558545632264
Theta
-2.38415
t_GA - R_GA * R_AB * t_BA
-0.0771175 1.12441 -0.598233
t_wo + t_wo_cam
-0.0771175 1.12441 -0.598233
Time
1558545632289
Theta
-2.38415
t_GA - R_GA * R_AB * t_BA
-0.0771175 1.12441 -0.598233
t_wo + t_wo_cam
-0.0771175 1.12441 -0.598233
Time
1558545632313
Theta
-2.38415
t_GA - R_GA * R_AB * t_BA
-0.0771175 1.12441 -0.598233
t_wo + t_wo_cam
-0.0771175 1.12441 -0.598233
Time
1558545632338
Theta
-2.38415
t_GA - R_GA * R_AB * t_BA
-0.0771175 1.12441 -0.598233
t_wo + t_wo_cam
-0.0771175 1.12441 -0.598233
Time
1558545632362
Theta
-2.38415
t_GA - R_GA * R_AB * t_BA
-0.0771175 1.12441 -0.598233
t_wo + t_wo_cam
-0.0771175 1.12441 -0.598233
Time
1558545632387
Theta
-2.38415
t_GA - R_GA * R_AB * t_BA
-0.0771175 1.12441 -0.598233
t_wo + t_wo_cam
-0.0771175 1.12441 -0.598233
Time
1558545632407
Theta
-2.38415
t_GA - R_GA * R_AB * t_BA
-0.0771175 1.12441 -0.598233
t_wo + t_wo_cam
-0.0771175 1.12441 -0.598233
Time
1558545632432
Theta
-2.38415
t_GA - R_GA * R_AB * t_BA
-0.0771175 1.12441 -0.598233
t_wo + t_wo_cam
-0.0771175 1.12441 -0.598233
Time
1558545632457
Theta
-2.38415
t_GA - R_GA * R_AB * t_BA
-0.0771175 1.12441 -0.598233
t_wo + t_wo_cam
-0.0771175 1.12441 -0.598233
Time
1558545632481
Theta
-2.38415
t_GA - R_GA * R_AB * t_BA
-0.0771175 1.12441 -0.598233
t_wo + t_wo_cam
-0.0771175 1.12441 -0.598233
Time
1558545632506
Theta
-2.38415
t_GA - R_GA * R_AB * t_BA
-0.0771175 1.12441 -0.598233
t_wo + t_wo_cam
-0.0771175 1.12441 -0.598233
Time
1558545632530
Theta
-2.38415
t_GA - R_GA * R_AB * t_BA
-0.0771175 1.12441 -0.598233
t_wo + t_wo_cam
-0.0771175 1.12441 -0.598233
Time
1558545632555
Theta
-2.38415
t_GA - R_GA * R_AB * t_BA
-0.0771175 1.12441 -0.598233
t_wo + t_wo_cam
-0.0771175 1.12441 -0.598233
Time
1558545632575
Theta
-2.38415
t_GA - R_GA * R_AB * t_BA
-0.0771175 1.12441 -0.598233
t_wo + t_wo_cam
-0.0771175 1.12441 -0.598233
Time
1558545632600
Theta
-2.38415
t_GA - R_GA * R_AB * t_BA
-0.0771175 1.12441 -0.598233
t_wo + t_wo_cam
-0.0771175 1.12441 -0.598233
Time
1558545632625
Theta
-2.38415
t_GA - R_GA * R_AB * t_BA
-0.0771175 1.12441 -0.598233
t_wo + t_wo_cam
-0.0771175 1.12441 -0.598233
Time
1558545632649
Theta
-2.38415
t_GA - R_GA * R_AB * t_BA
-0.0771175 1.12441 -0.598233
t_wo + t_wo_cam
-0.0771175 1.12441 -0.598233
Time
1558545632674
Theta
-2.38415
t_GA - R_GA * R_AB * t_BA
-0.0771175 1.12441 -0.598233
t_wo + t_wo_cam
-0.0771175 1.12441 -0.598233
Time
1558545632698
Theta
-2.38415
t_GA - R_GA * R_AB * t_BA
-0.0771175 1.12441 -0.598233
t_wo + t_wo_cam
-0.0771175 1.12441 -0.598233
Time
1558545632719
Theta
-2.38415
t_GA - R_GA * R_AB * t_BA
-0.0771175 1.12441 -0.598233
t_wo + t_wo_cam
-0.0771175 1.12441 -0.598233
Time
1558545632743
Theta
-2.38415
t_GA - R_GA * R_AB * t_BA
-0.0771175 1.12441 -0.598233
t_wo + t_wo_cam
-0.0771175 1.12441 -0.598233
Time
1558545632768
Theta
-2.38415
t_GA - R_GA * R_AB * t_BA
-0.0771175 1.12441 -0.598233
t_wo + t_wo_cam
-0.0771175 1.12441 -0.598233
Time
1558545632792
Theta
-2.38415
t_GA - R_GA * R_AB * t_BA
-0.0771175 1.12441 -0.598233
t_wo + t_wo_cam
-0.0771175 1.12441 -0.598233
Time
1558545632817
Theta
-2.38415
t_GA - R_GA * R_AB * t_BA
-0.0771175 1.12441 -0.598233
t_wo + t_wo_cam
-0.0771175 1.12441 -0.598233
Time
1558545632842
Theta
-2.38415
t_GA - R_GA * R_AB * t_BA
-0.0771175 1.12441 -0.598233
t_wo + t_wo_cam
-0.0771175 1.12441 -0.598233
Time
1558545632862
Theta
-2.38415
t_GA - R_GA * R_AB * t_BA
-0.0771175 1.12441 -0.598233
t_wo + t_wo_cam
-0.0771175 1.12441 -0.598233
Time
1558545632887
Theta
-2.38415
t_GA - R_GA * R_AB * t_BA
-0.0771175 1.12441 -0.598233
t_wo + t_wo_cam
-0.0771175 1.12441 -0.598233
Time
1558545632911
Theta
-2.38415
t_GA - R_GA * R_AB * t_BA
-0.0771175 1.12441 -0.598233
t_wo + t_wo_cam
-0.0771175 1.12441 -0.598233
Time
1558545632936
Theta
-2.38415
t_GA - R_GA * R_AB * t_BA
-0.0771175 1.12441 -0.598233
t_wo + t_wo_cam
-0.0771175 1.12441 -0.598233
Time
1558545632960
Theta
-2.38415
t_GA - R_GA * R_AB * t_BA
-0.0771175 1.12441 -0.598233
t_wo + t_wo_cam
-0.0771175 1.12441 -0.598233
Time
1558545632985
Theta
-2.38415
t_GA - R_GA * R_AB * t_BA
-0.0771175 1.12441 -0.598233
t_wo + t_wo_cam
-0.0771175 1.12441 -0.598233
Time
1558545633005
Theta
-2.38415
t_GA - R_GA * R_AB * t_BA
-0.0771175 1.12441 -0.598233
t_wo + t_wo_cam
-0.0771175 1.12441 -0.598233
Time
1558545633030
Theta
-2.38415
t_GA - R_GA * R_AB * t_BA
-0.0771175 1.12441 -0.598233
t_wo + t_wo_cam
-0.0771175 1.12441 -0.598233
Time
1558545633055
Theta
-2.38415
t_GA - R_GA * R_AB * t_BA
-0.0771175 1.12441 -0.598233
t_wo + t_wo_cam
-0.0771175 1.12441 -0.598233
Time
1558545633079
Theta
-2.38415
t_GA - R_GA * R_AB * t_BA
-0.0771175 1.12441 -0.598233
t_wo + t_wo_cam
-0.0771175 1.12441 -0.598233
Time
1558545633104
Theta
-2.38415
t_GA - R_GA * R_AB * t_BA
-0.0771175 1.12441 -0.598233
t_wo + t_wo_cam
-0.0771175 1.12441 -0.598233
Time
1558545633128
Theta
-2.38415
t_GA - R_GA * R_AB * t_BA
-0.0771175 1.12441 -0.598233
t_wo + t_wo_cam
-0.0771175 1.12441 -0.598233
Time
1558545633149
Theta
-2.38415
t_GA - R_GA * R_AB * t_BA
-0.0771175 1.12441 -0.598233
t_wo + t_wo_cam
-0.0771175 1.12441 -0.598233
Time
1558545633173
Theta
-2.38415
t_GA - R_GA * R_AB * t_BA
-0.0771175 1.12441 -0.598233
t_wo + t_wo_cam
-0.0771175 1.12441 -0.598233
Time
1558545633198
Theta
-2.38415
t_GA - R_GA * R_AB * t_BA
-0.0771175 1.12441 -0.598233
t_wo + t_wo_cam
-0.0771175 1.12441 -0.598233
Time
1558545633223
Theta
-2.38415
t_GA - R_GA * R_AB * t_BA
-0.0771175 1.12441 -0.598233
t_wo + t_wo_cam
-0.0771175 1.12441 -0.598233
Time
1558545633247
Theta
-2.38415
t_GA - R_GA * R_AB * t_BA
-0.0771175 1.12441 -0.598233
t_wo + t_wo_cam
-0.0771175 1.12441 -0.598233
Time
1558545633272
Theta
-2.38415
t_GA - R_GA * R_AB * t_BA
-0.0771175 1.12441 -0.598233
t_wo + t_wo_cam
-0.0771175 1.12441 -0.598233
Time
1558545633292
Theta
-2.38415
t_GA - R_GA * R_AB * t_BA
-0.0771175 1.12441 -0.598233
t_wo + t_wo_cam
-0.0771175 1.12441 -0.598233
Time
1558545633317
Theta
-2.38415
t_GA - R_GA * R_AB * t_BA
-0.0771175 1.12441 -0.598233
t_wo + t_wo_cam
-0.0771175 1.12441 -0.598233
Time
1558545633341
Theta
-2.38415
t_GA - R_GA * R_AB * t_BA
-0.0771175 1.12441 -0.598233
t_wo + t_wo_cam
-0.0771175 1.12441 -0.598233
Time
1558545633366
Theta
-2.38415
t_GA - R_GA * R_AB * t_BA
-0.0771175 1.12441 -0.598233
t_wo + t_wo_cam
-0.0771175 1.12441 -0.598233
Time
1558545633391
Theta
-2.38415
t_GA - R_GA * R_AB * t_BA
-0.0771175 1.12441 -0.598233
t_wo + t_wo_cam
-0.0771175 1.12441 -0.598233
Time
1558545633415
Theta
-2.38415
t_GA - R_GA * R_AB * t_BA
-0.0771175 1.12441 -0.598233
t_wo + t_wo_cam
-0.0771175 1.12441 -0.598233
Time
1558545633436
Theta
-2.38415
t_GA - R_GA * R_AB * t_BA
-0.0771175 1.12441 -0.598233
t_wo + t_wo_cam
-0.0771175 1.12441 -0.598233
Time
1558545633460
Theta
-2.38415
t_GA - R_GA * R_AB * t_BA
-0.0771175 1.12441 -0.598233
t_wo + t_wo_cam
-0.0771175 1.12441 -0.598233
Time
1558545633485
Theta
-2.38415
t_GA - R_GA * R_AB * t_BA
-0.0771175 1.12441 -0.598233
t_wo + t_wo_cam
-0.0771175 1.12441 -0.598233
Time
1558545633509
Theta
-2.38415
t_GA - R_GA * R_AB * t_BA
-0.0771175 1.12441 -0.598233
t_wo + t_wo_cam
-0.0771175 1.12441 -0.598233
Time
1558545633534
Theta
-2.38415
t_GA - R_GA * R_AB * t_BA
-0.0771175 1.12441 -0.598233
t_wo + t_wo_cam
-0.0771175 1.12441 -0.598233
Time
1558545633558
Theta
-2.38415
t_GA - R_GA * R_AB * t_BA
-0.0771175 1.12441 -0.598233
t_wo + t_wo_cam
-0.0771175 1.12441 -0.598233
Time
1558545633579
Theta
-2.38415
t_GA - R_GA * R_AB * t_BA
-0.0771175 1.12441 -0.598233
t_wo + t_wo_cam
-0.0771175 1.12441 -0.598233
Time
1558545633603
Theta
-2.38415
t_GA - R_GA * R_AB * t_BA
-0.0771175 1.12441 -0.598233
t_wo + t_wo_cam
-0.0771175 1.12441 -0.598233
Time
1558545633628
Theta
-2.38415
t_GA - R_GA * R_AB * t_BA
-0.0771175 1.12441 -0.598233
t_wo + t_wo_cam
-0.0771175 1.12441 -0.598233
Time
1558545633653
Theta
-2.38415
t_GA - R_GA * R_AB * t_BA
-0.0771175 1.12441 -0.598233
t_wo + t_wo_cam
-0.0771175 1.12441 -0.598233
Time
1558545633677
Theta
-2.38415
t_GA - R_GA * R_AB * t_BA
-0.0771175 1.12441 -0.598233
t_wo + t_wo_cam
-0.0771175 1.12441 -0.598233
Time
1558545633702
Theta
-2.38415
t_GA - R_GA * R_AB * t_BA
-0.0771175 1.12441 -0.598233
t_wo + t_wo_cam
-0.0771175 1.12441 -0.598233
Time
1558545633726
Theta
-2.38415
t_GA - R_GA * R_AB * t_BA
-0.0771175 1.12441 -0.598233
t_wo + t_wo_cam
-0.0771175 1.12441 -0.598233
Time
1558545633747
Theta
-2.38415
t_GA - R_GA * R_AB * t_BA
-0.0771175 1.12441 -0.598233
t_wo + t_wo_cam
-0.0771175 1.12441 -0.598233
Time
1558545633771
Theta
-2.38415
t_GA - R_GA * R_AB * t_BA
-0.0771175 1.12441 -0.598233
t_wo + t_wo_cam
-0.0771175 1.12441 -0.598233
Time
1558545633796
Theta
-2.38415
t_GA - R_GA * R_AB * t_BA
-0.0771175 1.12441 -0.598233
t_wo + t_wo_cam
-0.0771175 1.12441 -0.598233
Time
1558545633821
Theta
-2.38415
t_GA - R_GA * R_AB * t_BA
-0.0771175 1.12441 -0.598233
t_wo + t_wo_cam
-0.0771175 1.12441 -0.598233
Time
1558545633845
Theta
-2.38415
t_GA - R_GA * R_AB * t_BA
-0.0771175 1.12441 -0.598233
t_wo + t_wo_cam
-0.0771175 1.12441 -0.598233
Time
1558545633870
Theta
-2.38415
t_GA - R_GA * R_AB * t_BA
-0.0771175 1.12441 -0.598233
t_wo + t_wo_cam
-0.0771175 1.12441 -0.598233
Time
1558545633890
Theta
-2.38415
t_GA - R_GA * R_AB * t_BA
-0.0771175 1.12441 -0.598233
t_wo + t_wo_cam
-0.0771175 1.12441 -0.598233
Time
1558545633915
Theta
-2.38415
t_GA - R_GA * R_AB * t_BA
-0.0771175 1.12441 -0.598233
t_wo + t_wo_cam
-0.0771175 1.12441 -0.598233
Time
1558545633939
Theta
-2.38415
t_GA - R_GA * R_AB * t_BA
-0.0771175 1.12441 -0.598233
t_wo + t_wo_cam
-0.0771175 1.12441 -0.598233
Time
1558545633964
Theta
-2.38415
t_GA - R_GA * R_AB * t_BA
-0.0771175 1.12441 -0.598233
t_wo + t_wo_cam
-0.0771175 1.12441 -0.598233
Time
1558545633988
Theta
-2.38415
t_GA - R_GA * R_AB * t_BA
-0.0771175 1.12441 -0.598233
t_wo + t_wo_cam
-0.0771175 1.12441 -0.598233
Time
1558545634013
Theta
-2.38415
t_GA - R_GA * R_AB * t_BA
-0.0771175 1.12441 -0.598233
t_wo + t_wo_cam
-0.0771175 1.12441 -0.598233
Time
1558545634034
Theta
-2.38415
t_GA - R_GA * R_AB * t_BA
-0.0771175 1.12441 -0.598233
t_wo + t_wo_cam
-0.0771175 1.12441 -0.598233
Time
1558545634058
Theta
-2.38415
t_GA - R_GA * R_AB * t_BA
-0.0771175 1.12441 -0.598233
t_wo + t_wo_cam
-0.0771175 1.12441 -0.598233
Time
1558545634083
Theta
-2.38415
t_GA - R_GA * R_AB * t_BA
-0.0771175 1.12441 -0.598233
t_wo + t_wo_cam
-0.0771175 1.12441 -0.598233
Time
1558545634107
Theta
-2.38415
t_GA - R_GA * R_AB * t_BA
-0.0771175 1.12441 -0.598233
t_wo + t_wo_cam
-0.0771175 1.12441 -0.598233
Time
1558545634132
Theta
-2.38415
t_GA - R_GA * R_AB * t_BA
-0.0771175 1.12441 -0.598233
t_wo + t_wo_cam
-0.0771175 1.12441 -0.598233
Time
1558545634156
Theta
-2.38415
t_GA - R_GA * R_AB * t_BA
-0.0771175 1.12441 -0.598233
t_wo + t_wo_cam
-0.0771175 1.12441 -0.598233
Time
1558545634177
Theta
-2.38415
t_GA - R_GA * R_AB * t_BA
-0.0771175 1.12441 -0.598233
t_wo + t_wo_cam
-0.0771175 1.12441 -0.598233
Time
1558545634201
Theta
-2.38415
t_GA - R_GA * R_AB * t_BA
-0.0771175 1.12441 -0.598233
t_wo + t_wo_cam
-0.0771175 1.12441 -0.598233
Time
1558545634226
Theta
-2.38415
t_GA - R_GA * R_AB * t_BA
-0.0771175 1.12441 -0.598233
t_wo + t_wo_cam
-0.0771175 1.12441 -0.598233
Time
1558545634251
Theta
-2.38415
t_GA - R_GA * R_AB * t_BA
-0.0771175 1.12441 -0.598233
t_wo + t_wo_cam
-0.0771175 1.12441 -0.598233
Time
1558545634275
Theta
-2.38415
t_GA - R_GA * R_AB * t_BA
-0.0771175 1.12441 -0.598233
t_wo + t_wo_cam
-0.0771175 1.12441 -0.598233
Time
1558545634300
Theta
-2.38415
t_GA - R_GA * R_AB * t_BA
-0.0771175 1.12441 -0.598233
t_wo + t_wo_cam
-0.0771175 1.12441 -0.598233
Time
1558545634320
Theta
-2.38415
t_GA - R_GA * R_AB * t_BA
-0.0771175 1.12441 -0.598233
t_wo + t_wo_cam
-0.0771175 1.12441 -0.598233
Time
1558545634345
Theta
-2.38415
t_GA - R_GA * R_AB * t_BA
-0.0771175 1.12441 -0.598233
t_wo + t_wo_cam
-0.0771175 1.12441 -0.598233
Time
1558545634369
Theta
-2.38415
t_GA - R_GA * R_AB * t_BA
-0.0771175 1.12441 -0.598233
t_wo + t_wo_cam
-0.0771175 1.12441 -0.598233
Time
1558545634394
Theta
-2.38415
t_GA - R_GA * R_AB * t_BA
-0.0771175 1.12441 -0.598233
t_wo + t_wo_cam
-0.0771175 1.12441 -0.598233
Time
1558545634419
Theta
-2.38415
