t_GA - R_GA * R_AB * t_BA
0 0 0
t_wo + t_wo_cam
1.10685 0.0611098 0
Time
1558534691231
Theta
0.0551545
t_GA - R_GA * R_AB * t_BA
0 0 0
t_wo + t_wo_cam
1.10685 0.0611098 0
Time
1558534691317
Theta
0.0551545
t_GA - R_GA * R_AB * t_BA
0 0 0
t_wo + t_wo_cam
1.10685 0.0611098 0
Time
1558534691403
Theta
0.0551545
t_GA - R_GA * R_AB * t_BA
0 0 0
t_wo + t_wo_cam
1.31002 0.13353 0
Time
1558534691493
Theta
0.110309
t_GA - R_GA * R_AB * t_BA
0 0 0
t_wo + t_wo_cam
1.31002 0.13353 0
Time
1558534691579
Theta
0.110309
t_GA - R_GA * R_AB * t_BA
0 0 0
t_wo + t_wo_cam
1.31002 0.13353 0
Time
1558534691665
Theta
0.110309
t_GA - R_GA * R_AB * t_BA
0 0 0
t_wo + t_wo_cam
1.50889 0.217039 0
Time
1558534691755
Theta
0.165463
t_GA - R_GA * R_AB * t_BA
0 0 0
t_wo + t_wo_cam
1.50889 0.217039 0
Time
1558534691841
Theta
0.165463
t_GA - R_GA * R_AB * t_BA
0 0 0
t_wo + t_wo_cam
1.50889 0.217039 0
Time
1558534691927
Theta
0.165463
t_GA - R_GA * R_AB * t_BA
0 0 0
t_wo + t_wo_cam
1.70285 0.311385 0
Time
1558534692017
Theta
0.220618
t_GA - R_GA * R_AB * t_BA
0 0 0
t_wo + t_wo_cam
1.70285 0.311385 0
Time
1558534692103
Theta
0.220618
t_GA - R_GA * R_AB * t_BA
0 0 0
t_wo + t_wo_cam
1.70285 0.311385 0
Time
1558534692189
Theta
0.220618
t_GA - R_GA * R_AB * t_BA
0 0 0
t_wo + t_wo_cam
1.89131 0.416279 0
Time
1558534692279
Theta
0.275772
t_GA - R_GA * R_AB * t_BA
0 0 0
t_wo + t_wo_cam
1.89131 0.416279 0
Time
1558534692365
Theta
0.275772
t_GA - R_GA * R_AB * t_BA
0 0 0
t_wo + t_wo_cam
1.89131 0.416279 0
Time
1558534692451
Theta
0.275772
t_GA - R_GA * R_AB * t_BA
0 0 0
t_wo + t_wo_cam
1.89131 0.416279 0
Time
1558534692541
Theta
0.275772
t_GA - R_GA * R_AB * t_BA
0 0 0
t_wo + t_wo_cam
1.89131 0.416279 0
Time
1558534692627
Theta
0.275772
t_GA - R_GA * R_AB * t_BA
0 0 0
t_wo + t_wo_cam
1.89131 0.416279 0
Time
1558534692713
Theta
0.275772
t_GA - R_GA * R_AB * t_BA
0 0 0
t_wo + t_wo_cam
1.89131 0.416279 0
Time
1558534692803
Theta
0.275772
t_GA - R_GA * R_AB * t_BA
0 0 0
t_wo + t_wo_cam
1.89131 0.416279 0
Time
1558534692889
Theta
0.275772
t_GA - R_GA * R_AB * t_BA
0 0 0
t_wo + t_wo_cam
1.89131 0.416279 0
Time
1558534692975
Theta
0.275772
t_GA - R_GA * R_AB * t_BA
0 0 0
t_wo + t_wo_cam
1.89131 0.416279 0
Time
1558534693061
Theta
0.275772
t_GA - R_GA * R_AB * t_BA
0 0 0
t_wo + t_wo_cam
2.07371 0.531403 0
Time
1558534693151
Theta
0.330927
t_GA - R_GA * R_AB * t_BA
0 0 0
t_wo + t_wo_cam
2.07371 0.531403 0
Time
1558534693237
Theta
0.330927
t_GA - R_GA * R_AB * t_BA
0 0 0
t_wo + t_wo_cam
2.07371 0.531403 0
Time
1558534693323
Theta
0.330927
t_GA - R_GA * R_AB * t_BA
0 0 0
t_wo + t_wo_cam
2.24948 0.656407 0
Time
1558534693413
Theta
0.386081
t_GA - R_GA * R_AB * t_BA
0 0 0
t_wo + t_wo_cam
2.24948 0.656407 0
Time
1558534693499
Theta
0.386081
t_GA - R_GA * R_AB * t_BA
0 0 0
t_wo + t_wo_cam
2.24948 0.656407 0
Time
1558534693585
Theta
0.386081
t_GA - R_GA * R_AB * t_BA
0 0 0
t_wo + t_wo_cam
2.41809 0.790911 0
Time
1558534693675
Theta
0.441236
t_GA - R_GA * R_AB * t_BA
0 0 0
t_wo + t_wo_cam
2.41809 0.790911 0
Time
1558534693761
Theta
0.441236
t_GA - R_GA * R_AB * t_BA
0 0 0
t_wo + t_wo_cam
2.41809 0.790911 0
Time
1558534693847
Theta
0.441236
t_GA - R_GA * R_AB * t_BA
0 0 0
t_wo + t_wo_cam
2.57903 0.934505 0
Time
1558534693937
Theta
0.49639
t_GA - R_GA * R_AB * t_BA
0 0 0
t_wo + t_wo_cam
2.57903 0.934505 0
Time
1558534694023
Theta
0.49639
t_GA - R_GA * R_AB * t_BA
0 0 0
t_wo + t_wo_cam
2.57903 0.934505 0
Time
1558534694109
Theta
0.49639
t_GA - R_GA * R_AB * t_BA
0 0 0
t_wo + t_wo_cam
2.73182 1.08675 0
Time
1558534694199
Theta
0.551545
t_GA - R_GA * R_AB * t_BA
0 0 0
t_wo + t_wo_cam
2.73182 1.08675 0
Time
1558534694285
Theta
0.551545
t_GA - R_GA * R_AB * t_BA
0 0 0
t_wo + t_wo_cam
2.73182 1.08675 0
Time
1558534694371
Theta
0.551545
t_GA - R_GA * R_AB * t_BA
0 0 0
t_wo + t_wo_cam
2.73182 1.08675 0
Time
1558534694461
Theta
0.551545
t_GA - R_GA * R_AB * t_BA
0 0 0
t_wo + t_wo_cam
2.73182 1.08675 0
Time
1558534694547
Theta
0.551545
t_GA - R_GA * R_AB * t_BA
0 0 0
t_wo + t_wo_cam
2.73182 1.08675 0
Time
1558534694633
Theta
0.551545
t_GA - R_GA * R_AB * t_BA
0 0 0
t_wo + t_wo_cam
2.73182 1.08675 0
Time
1558534694723
Theta
0.551545
t_GA - R_GA * R_AB * t_BA
0 0 0
t_wo + t_wo_cam
2.73182 1.08675 0
Time
1558534694809
Theta
0.551545
t_GA - R_GA * R_AB * t_BA
0 0 0
t_wo + t_wo_cam
2.73182 1.08675 0
Time
1558534694895
Theta
0.551545
t_GA - R_GA * R_AB * t_BA
0 0 0
t_wo + t_wo_cam
2.73182 1.08675 0
Time
1558534694981
Theta
0.551545
t_GA - R_GA * R_AB * t_BA
0 0 0
t_wo + t_wo_cam
2.87597 1.24719 0
Time
1558534695071
Theta
0.606699
t_GA - R_GA * R_AB * t_BA
0 0 0
t_wo + t_wo_cam
2.87597 1.24719 0
Time
1558534695157
Theta
0.606699
t_GA - R_GA * R_AB * t_BA
0 0 0
t_wo + t_wo_cam
2.87597 1.24719 0
Time
1558534695243
Theta
0.606699
t_GA - R_GA * R_AB * t_BA
0 0 0
t_wo + t_wo_cam
3.01107 1.41533 0
Time
1558534695333
Theta
0.661854
t_GA - R_GA * R_AB * t_BA
0 0 0
t_wo + t_wo_cam
3.01107 1.41533 0
Time
1558534695419
Theta
0.661854
t_GA - R_GA * R_AB * t_BA
0 0 0
t_wo + t_wo_cam
3.01107 1.41533 0
Time
1558534695505
Theta
0.661854
t_GA - R_GA * R_AB * t_BA
0 0 0
t_wo + t_wo_cam
3.13668 1.59067 0
Time
1558534695595
Theta
0.717008
t_GA - R_GA * R_AB * t_BA
0 0 0
t_wo + t_wo_cam
3.13668 1.59067 0
Time
1558534695681
Theta
0.717008
t_GA - R_GA * R_AB * t_BA
0 0 0
t_wo + t_wo_cam
3.13668 1.59067 0
Time
1558534695767
Theta
0.717008
t_GA - R_GA * R_AB * t_BA
0 0 0
t_wo + t_wo_cam
3.25245 1.77266 0
Time
1558534695857
Theta
0.772163
t_GA - R_GA * R_AB * t_BA
0 0 0
t_wo + t_wo_cam
3.25245 1.77266 0
Time
1558534695943
Theta
0.772163
t_GA - R_GA * R_AB * t_BA
0 0 0
t_wo + t_wo_cam
3.25245 1.77266 0
Time
1558534696029
Theta
0.772163
t_GA - R_GA * R_AB * t_BA
0 0 0
t_wo + t_wo_cam
3.358 1.96076 0
Time
1558534696119
Theta
0.827317
t_GA - R_GA * R_AB * t_BA
0 0 0
t_wo + t_wo_cam
3.358 1.96076 0
Time
1558534696205
Theta
0.827317
t_GA - R_GA * R_AB * t_BA
0 0 0
t_wo + t_wo_cam
3.358 1.96076 0
Time
1558534696291
Theta
0.827317
t_GA - R_GA * R_AB * t_BA
0 0 0
t_wo + t_wo_cam
3.358 1.96076 0
Time
1558534696381
Theta
0.827317
t_GA - R_GA * R_AB * t_BA
0 0 0
t_wo + t_wo_cam
3.358 1.96076 0
Time
1558534696467
Theta
0.827317
t_GA - R_GA * R_AB * t_BA
0 0 0
t_wo + t_wo_cam
3.358 1.96076 0
Time
1558534696553
Theta
0.827317
t_GA - R_GA * R_AB * t_BA
0 0 0
t_wo + t_wo_cam
3.358 1.96076 0
Time
1558534696643
Theta
0.827317
t_GA - R_GA * R_AB * t_BA
0 0 0
t_wo + t_wo_cam
3.358 1.96076 0
Time
1558534696729
Theta
0.827317
t_GA - R_GA * R_AB * t_BA
0 0 0
t_wo + t_wo_cam
3.358 1.96076 0
Time
1558534696815
Theta
0.827317
t_GA - R_GA * R_AB * t_BA
0 0 0
t_wo + t_wo_cam
3.358 1.96076 0
Time
1558534696901
Theta
0.827317
t_GA - R_GA * R_AB * t_BA
0 0 0
t_wo + t_wo_cam
3.45302 2.15438 0
Time
1558534696991
Theta
0.882471
t_GA - R_GA * R_AB * t_BA
0 0 0
t_wo + t_wo_cam
3.45302 2.15438 0
Time
1558534697077
Theta
0.882471
t_GA - R_GA * R_AB * t_BA
0 0 0
t_wo + t_wo_cam
3.45302 2.15438 0
Time
1558534697163
Theta
0.882471
t_GA - R_GA * R_AB * t_BA
0 0 0
t_wo + t_wo_cam
3.53723 2.35296 0
Time
1558534697253
Theta
0.937626
t_GA - R_GA * R_AB * t_BA
0 0 0
t_wo + t_wo_cam
3.53723 2.35296 0
Time
1558534697339
Theta
0.937626
t_GA - R_GA * R_AB * t_BA
0 0 0
t_wo + t_wo_cam
3.53723 2.35296 0
Time
1558534697425
Theta
0.937626
t_GA - R_GA * R_AB * t_BA
0 0 0
t_wo + t_wo_cam
3.61036 2.55587 0
Time
1558534697515
Theta
0.99278
t_GA - R_GA * R_AB * t_BA
0 0 0
t_wo + t_wo_cam
3.61036 2.55587 0
Time
1558534697601
Theta
0.99278
t_GA - R_GA * R_AB * t_BA
0 0 0
t_wo + t_wo_cam
3.61036 2.55587 0
Time
1558534697687
Theta
0.99278
t_GA - R_GA * R_AB * t_BA
0 0 0
t_wo + t_wo_cam
3.67219 2.76251 0
Time
1558534697777
Theta
1.04793
t_GA - R_GA * R_AB * t_BA
0 0 0
t_wo + t_wo_cam
3.67219 2.76251 0
Time
1558534697863
Theta
1.04793
t_GA - R_GA * R_AB * t_BA
0 0 0
t_wo + t_wo_cam
3.67219 2.76251 0
Time
1558534697949
Theta
1.04793
t_GA - R_GA * R_AB * t_BA
0 0 0
t_wo + t_wo_cam
3.72254 2.97224 0
Time
1558534698039
Theta
1.10309
t_GA - R_GA * R_AB * t_BA
0 0 0
t_wo + t_wo_cam
3.72254 2.97224 0
Time
1558534698125
Theta
1.10309
t_GA - R_GA * R_AB * t_BA
0 0 0
t_wo + t_wo_cam
3.72254 2.97224 0
Time
1558534698211
Theta
1.10309
t_GA - R_GA * R_AB * t_BA
0 0 0
t_wo + t_wo_cam
3.72254 2.97224 0
Time
1558534698301
Theta
1.10309
t_GA - R_GA * R_AB * t_BA
0 0 0
t_wo + t_wo_cam
3.72254 2.97224 0
Time
1558534698387
Theta
1.10309
t_GA - R_GA * R_AB * t_BA
0 0 0
t_wo + t_wo_cam
3.72254 2.97224 0
Time
1558534698473
Theta
1.10309
t_GA - R_GA * R_AB * t_BA
0 0 0
t_wo + t_wo_cam
3.72254 2.97224 0
Time
1558534698559
Theta
1.10309
t_GA - R_GA * R_AB * t_BA
0 0 0
t_wo + t_wo_cam
3.76125 3.18442 0
Time
1558534698649
Theta
1.15824
t_GA - R_GA * R_AB * t_BA
0 0 0
t_wo + t_wo_cam
3.76125 3.18442 0
Time
1558534698735
Theta
1.15824
t_GA - R_GA * R_AB * t_BA
0 0 0
t_wo + t_wo_cam
3.76125 3.18442 0
Time
1558534698821
Theta
1.15824
t_GA - R_GA * R_AB * t_BA
0 0 0
t_wo + t_wo_cam
3.78821 3.39842 0
Time
1558534698911
Theta
1.2134
t_GA - R_GA * R_AB * t_BA
0 0 0
t_wo + t_wo_cam
3.78821 3.39842 0
Time
1558534698997
Theta
1.2134
t_GA - R_GA * R_AB * t_BA
0 0 0
t_wo + t_wo_cam
3.78821 3.39842 0
Time
1558534699083
Theta
1.2134
t_GA - R_GA * R_AB * t_BA
0 0 0
t_wo + t_wo_cam
3.80332 3.61358 0
Time
1558534699173
Theta
1.26855
t_GA - R_GA * R_AB * t_BA
0 0 0
t_wo + t_wo_cam
3.80332 3.61358 0
Time
1558534699259
Theta
1.26855
t_GA - R_GA * R_AB * t_BA
0 0 0
t_wo + t_wo_cam
3.80332 3.61358 0
Time
1558534699345
Theta
1.26855
t_GA - R_GA * R_AB * t_BA
0 0 0
t_wo + t_wo_cam
3.80655 3.82925 0
Time
1558534699435
Theta
1.32371
t_GA - R_GA * R_AB * t_BA
0 0 0
t_wo + t_wo_cam
3.80655 3.82925 0
Time
1558534699521
Theta
1.32371
t_GA - R_GA * R_AB * t_BA
0 0 0
t_wo + t_wo_cam
3.80655 3.82925 0
Time
1558534699607
Theta
1.32371
t_GA - R_GA * R_AB * t_BA
0 0 0
t_wo + t_wo_cam
3.79789 4.04476 0
Time
1558534699697
Theta
1.37886
