1557764794410 0 0 0
1557764794510 0 0 0
1557764794610 0 0 0
1557764794711 0.0369234 0.662081 -0.103394
1557764794811 0.0384141 0.660577 -0.100475
1557764794911 -0.00116622 0.646399 -0.176596
1557764795012 -0.0200049 0.641996 -0.184979
1557764795112 -0.0301094 0.642237 -0.171165
1557764795212 -0.0301655 0.643376 -0.171612
1557764795313 -0.0482585 0.643811 -0.167707
1557764795413 -0.0312554 0.657031 -0.145364
1557764795513 -0.0176251 0.669976 -0.142701
1557764795614 -0.0495753 0.667336 -0.144182
1557764795714 -0.0235808 0.666313 -0.161039
1557764795814 -0.0278195 0.667632 -0.153234
1557764795915 -0.0276641 0.672597 -0.167395
1557764796015 -0.0423877 0.668372 -0.159901
1557764796115 -0.0406846 0.667834 -0.16439
1557764796216 -0.0402153 0.667854 -0.164631
1557764796316 -0.0471846 0.670025 -0.154459
1557764796417 -0.0506818 0.668103 -0.155017
1557764796517 -0.0488939 0.666376 -0.164529
1557764796618 -0.0496407 0.668175 -0.15128
1557764796718 -0.0476521 0.66653 -0.161544
1557764796819 -0.048147 0.661851 -0.187911
1557764796919 -0.0510613 0.66034 -0.192873
1557764797019 -0.0341139 0.662026 -0.189948
1557764797120 -0.0406753 0.664914 -0.173377
1557764797220 -0.0353244 0.663684 -0.183386
1557764797320 -0.0145325 0.661148 -0.191195
1557764797421 -0.0203382 0.661096 -0.19091
1557764797521 0.024165 0.648656 -0.221838
1557764797621 0.0200895 0.650044 -0.21909
1557764797722 0.066366 0.613229 -0.283273
1557764797822 0.0689952 0.61733 -0.274789
1557764797922 0.0746292 0.675549 -0.306724
1557764798023 0.0596593 0.618251 -0.278683
1557764798123 0.0615681 0.630202 -0.252984
1557764798224 0.0351574 0.644536 -0.232261
1557764798324 0.0302582 0.669782 -0.244896
1557764798424 0.0217823 0.650605 -0.227136
1557764798525 0.0586239 0.621744 -0.274652
1557764798626 0.073311 0.616803 -0.254333
1557764798726 0.0756327 0.606221 -0.2294
1557764798826 0.083582 0.59844 -0.199832
1557764798927 0.0951965 0.585789 -0.162926
1557764799027 0.0888463 0.550926 -0.138467
1557764799128 0.070538 0.521755 -0.108754
1557764799228 0.0587983 0.489133 -0.0814783
1557764799328 0.0606456 0.468216 -0.0669842
1557764799429 0.0555945 0.43204 -0.0560376
1557764799529 0.0818225 0.439395 -0.0560805
1557764799630 0.107474 0.480124 -0.0717053
1557764799730 0.108408 0.502814 -0.0865483
1557764799830 0.107569 0.539421 -0.127927
1557764799931 0.0851792 0.556048 -0.15027
1557764800031 0.0542475 0.546905 -0.16242
1557764800131 0.0494957 0.538597 -0.179462
1557764800232 0.0411778 0.547819 -0.187447
1557764800332 0.0625667 0.532565 -0.191902
1557764800433 0.0818807 0.559731 -0.183655
1557764800533 0.0863436 0.607855 -0.207364
1557764800633 0.0809764 0.602075 -0.190667
1557764800734 0.0886352 0.611297 -0.174471
1557764800835 0.102228 0.622245 -0.173858
1557764800935 0.115677 0.61351 -0.185556
1557764801035 0.125326 0.537576 -0.170592
1557764801136 0.121063 0.504786 -0.193497
1557764801236 0.162933 0.466003 -0.194363
1557764801336 0.227719 0.473201 -0.214587
1557764801437 0.287114 0.454707 -0.242085
1557764801537 0.34754 0.449 -0.24512
1557764801637 0.390026 0.412556 -0.237792
1557764801738 0.389021 0.340497 -0.222157
1557764801838 0.342212 0.348878 -0.200163
1557764801939 0.308782 0.32696 -0.176753
1557764802039 0.260445 0.325485 -0.168305
1557764802139 0.200137 0.308529 -0.156249
1557764802240 0.136955 0.276131 -0.142378
1557764802340 0.0885679 0.245322 -0.111401
1557764802441 0.0600203 0.225231 -0.0999832
1557764802541 0.0328743 0.188049 -0.0868447
1557764802642 -0.0116353 0.165938 -0.0638885
1557764802742 -0.0223095 0.126331 -0.0464146
1557764802842 -0.0829294 0.083148 -0.0353934
1557764802943 -0.0999085 0.0386419 -0.0271525
1557764803043 -0.099211 0.00503941 -0.0232296
1557764803144 -0.105812 -0.0561639 -0.0056347
1557764803244 -0.112311 -0.109952 -0.00688151
1557764803344 -0.110405 -0.158789 -0.0105393
1557764803445 -0.0947839 -0.173964 -0.0548528
1557764803545 -0.059669 -0.18513 -0.0810305
1557764803645 -0.0432344 -0.228513 -0.104543
1557764803746 -0.012172 -0.248918 -0.0895838
1557764803846 -0.0927971 0.661239 -0.0482401
1557764803946 -0.0981433 0.665277 -0.0602844
1557764804047 -0.108585 0.664781 -0.0418527
1557764804147 -0.114622 0.659293 -0.039127
1557764804248 -0.116798 0.670007 -0.02054
1557764804348 -0.108914 0.673737 -0.0139118
1557764804448 -0.112905 0.667226 -0.00761299
1557764804549 -0.117652 0.673301 -0.0132309
1557764804649 -0.110068 0.668827 -0.0230528
1557764804750 -0.112923 0.670823 -0.0216863
1557764804850 -0.0958074 0.665172 -0.0289072
1557764804950 -0.0737911 0.651679 -0.0722456
1557764805051 -0.0416884 0.607908 -0.140032
1557764805151 -0.0276776 0.637842 -0.152102
1557764805251 -0.0348251 0.641905 -0.155624
1557764805352 -0.065399 0.554473 -0.150342
1557764805452 0.0871929 0.539302 -0.164708
1557764805552 0.0810778 0.560562 -0.13376
1557764805653 0.0762473 0.582972 -0.12624
1557764805753 0.0875471 0.576448 -0.18026
1557764805854 0.0894706 0.582665 -0.176846
1557764805954 0.0851171 0.591992 -0.172045
1557764806054 0.0907487 0.592369 -0.179126
1557764806155 0.0967751 0.60194 -0.184133
1557764806255 0.0903801 0.609501 -0.183168
1557764806356 0.0870443 0.600611 -0.18121
1557764806456 0.0965227 0.613421 -0.181464
1557764806556 0.0888193 0.605942 -0.172878
1557764806657 0.0961687 0.615076 -0.178127
1557764806757 0.0924663 0.612823 -0.181897
1557764806858 0.0889391 0.614389 -0.183348
1557764806958 0.0901583 0.614622 -0.181236
1557764807059 0.0890266 0.616299 -0.182188
1557764807159 0.0893645 0.617223 -0.182012
1557764807259 0.0934209 0.617821 -0.181578
1557764807360 0.0909378 0.615801 -0.183237
1557764807460 0.0932886 0.614356 -0.180173
1557764807561 0.0907303 0.61714 -0.178529
1557764807661 0.0916725 0.615424 -0.182672
1557764807761 0.0923483 0.617273 -0.182319
1557764807862 0.0900993 0.616847 -0.181447
1557764807962 0.0922607 0.615363 -0.183479
1557764808063 0.0917601 0.617334 -0.181513
1557764808163 0.0906874 0.616786 -0.182254
1557764808264 -0.0776872 0.605641 -0.0917944
1557764808364 -0.0742601 0.599878 -0.0919963
1557764808464 -0.076932 0.604979 -0.0897966
1557764808565 -0.0775703 0.601165 -0.0908192
1557764808665 -0.0752601 0.601249 -0.0886614
1557764808765 -0.0734622 0.604646 -0.090718
1557764808866 -0.0759703 0.60398 -0.0944952
1557764808966 -0.0809974 0.606928 -0.0906173
1557764809067 -0.0795614 0.602989 -0.0924656
1557764809167 -0.0777703 0.603944 -0.0893224
1557764809268 -0.072624 0.605681 -0.0911922
1557764809368 -0.0718667 0.601659 -0.0923106
1557764809468 -0.0732173 0.603937 -0.0960507
1557764809569 -0.0748129 0.606923 -0.0944581
1557764809669 -0.0668395 0.598711 -0.0961885
1557764809770 -0.0725836 0.601949 -0.0929446
1557764809870 -0.0700284 0.601324 -0.0961196
1557764809971 -0.0575875 0.594768 -0.09899
1557764810071 -0.111084 0.559403 -0.041009
1557764810171 0.0178531 0.587811 -0.0608062
1557764810272 -0.0796005 0.573107 0.0038452
1557764810372 -0.020324 0.631595 -0.000707877
1557764810473 -0.0198106 0.630759 -0.00213529
1557764810573 -0.0166851 0.631797 0.00188387
1557764810674 0.142767 0.590436 0.0351363
1557764810774 0.14777 0.590267 0.0341667
1557764810874 0.142153 0.592746 0.0336239
1557764810975 0.0246478 0.557646 -0.0189655
1557764811075 0.0133551 0.558853 -0.0188257
1557764811175 -0.0119778 0.555135 -0.0448122
1557764811276 -0.0856678 0.540776 -0.0386772
1557764811376 -0.0992936 0.536553 -0.0476922
1557764811476 -0.100744 0.535784 -0.0457635
1557764811577 -0.101647 0.535972 -0.0447291
1557764811678 -0.102532 0.535609 -0.0459005
1557764811778 -0.102156 0.535676 -0.0458904
1557764811878 -0.101796 0.535572 -0.0457952
1557764811979 -0.101721 0.535638 -0.0458248
1557764812079 -0.103485 0.535168 -0.0457027
1557764812179 -0.103546 0.535096 -0.0456269
1557764812280 -0.103846 0.534999 -0.0459744
1557764812380 -0.103721 0.535088 -0.0456355
1557764812480 -0.10381 0.53508 -0.0458253
1557764812581 -0.103788 0.535077 -0.0456704
1557764812681 -0.10402 0.535053 -0.0456988
1557764812781 -0.103899 0.535097 -0.0456744
1557764812882 -0.104027 0.53503 -0.0458167
1557764812982 -0.103937 0.535092 -0.0458091
1557764813083 -0.103877 0.535086 -0.0457978
1557764813183 -0.104057 0.535022 -0.0460121
1557764813284 -0.103996 0.535079 -0.0457275
1557764813384 -0.103911 0.535088 -0.0459418
1557764813484 -0.103985 0.535094 -0.045804
1557764813585 -0.103932 0.535105 -0.0457738
1557764813685 -0.103899 0.535109 -0.0456502
1557764813786 -0.10396 0.535094 -0.0457185
1557764813886 -0.10386 0.535121 -0.0456649
1557764813987 -0.1038 0.535168 -0.0456916
1557764814087 -0.103874 0.535123 -0.0457171
1557764814187 -0.103906 0.535137 -0.0456178
1557764814288 -0.103938 0.535084 -0.0457841
1557764814388 -0.104059 0.535068 -0.0458214
1557764814488 -0.103887 0.535129 -0.0456183
1557764814589 -0.104097 0.535076 -0.0456558
1557764814689 -0.103894 0.535104 -0.0457551
1557764814789 -0.103954 0.535086 -0.04589
1557764814890 -0.10398 0.535091 -0.0459223
1557764814990 -0.103919 0.535091 -0.0458578
1557764815090 -0.10403 0.535064 -0.0457242
1557764815191 -0.103991 0.535092 -0.0457971
1557764815291 -0.104086 0.535031 -0.0458666
1557764815392 -0.103913 0.535083 -0.0458218
1557764815492 -0.103856 0.535117 -0.0457754
1557764815592 -0.10395 0.535069 -0.0458587
1557764815693 -0.103992 0.535083 -0.0458011
1557764815793 -0.103897 0.535112 -0.0456476
1557764815893 -0.103819 0.535146 -0.0459903
1557764815994 -0.104134 0.535006 -0.0457895
1557764816094 -0.104 0.535058 -0.0458921
1557764816194 -0.103826 0.535111 -0.0457623
1557764816295 -0.104171 0.535014 -0.0458157
1557764816395 -0.10398 0.535055 -0.0458085
1557764816495 -0.103918 0.535103 -0.0457898
1557764816595 -0.103992 0.535057 -0.0457368
1557764816696 -0.103702 0.535128 -0.0458913
1557764816796 -0.104036 0.535044 -0.0459132
1557764816897 -0.104009 0.535034 -0.0458042
1557764816997 -0.104025 0.535038 -0.0459023
1557764817097 -0.104018 0.535033 -0.0458525
1557764817198 -0.104031 0.535047 -0.0457659
1557764817298 -0.103979 0.53506 -0.0457744
1557764817398 -0.103908 0.535084 -0.0458875
1557764817499 -0.103922 0.535066 -0.0457861
1557764817599 -0.10402 0.535055 -0.0456281
1557764817699 -0.103777 0.535124 -0.0457777
1557764817800 -0.103897 0.535084 -0.0457817
1557764817900 -0.103791 0.535132 -0.0457464
1557764818000 -0.103895 0.535055 -0.0457694
1557764818101 -0.103848 0.535077 -0.0460335
1557764818201 -0.103869 0.535087 -0.0457323
1557764818302 -0.103905 0.535095 -0.0456341
1557764818402 -0.103886 0.535084 -0.0457372
1557764818502 -0.103943 0.535065 -0.0458546
1557764818603 -0.104009 0.53504 -0.045766
1557764818703 -0.103968 0.535032 -0.0458395
1557764818804 -0.103851 0.535099 -0.0457095
1557764818904 -0.103867 0.53505 -0.0459082
1557764819005 -0.103755 0.535108 -0.0456186
1557764819105 -0.10382 0.53507 -0.0458027
1557764819205 -0.103705 0.535108 -0.0458475
1557764819306 -0.103813 0.535057 -0.0457865
1557764819406 -0.103646 0.535124 -0.0456565
1557764819506 -0.103674 0.5351 -0.0458195
1557764819607 -0.103722 0.535069 -0.0458956
1557764819707 -0.10363 0.53508 -0.045891
1557764819808 -0.103379 0.535148 -0.0458484
1557764819908 -0.103346 0.535182 -0.0458569
1557764820008 -0.103523 0.535085 -0.0459898
1557764820109 -0.10344 0.535128 -0.0457559
1557764820209 -0.103562 0.535108 -0.0457399
1557764820309 -0.103597 0.535071 -0.0458495
1557764820410 -0.10354 0.535095 -0.0458301
1557764820510 -0.10362 0.535091 -0.0457336
1557764820611 -0.103606 0.535085 -0.0459485
1557764820711 -0.103642 0.535094 -0.0458437
1557764820812 -0.103526 0.535124 -0.0458408
1557764820912 -0.103306 0.535173 -0.0458149
1557764821012 -0.10356 0.535108 -0.045763
1557764821113 -0.103487 0.535157 -0.0459513
1557764821213 -0.103616 0.535094 -0.0458429
1557764821313 -0.103568 0.535123 -0.04582
1557764821414 -0.103686 0.535074 -0.0458987
1557764821514 -0.103638 0.535071 -0.0459103
1557764821614 -0.103702 0.535065 -0.0458562
1557764821715 -0.103536 0.535098 -0.0458837
1557764821815 -0.103668 0.535069 -0.0458794
1557764821916 -0.103479 0.535149 -0.0457042
1557764822016 -0.103462 0.535149 -0.0457323
1557764822116 -0.103731 0.535043 -0.0458326
1557764822216 -0.103625 0.535079 -0.0457947
1557764822317 -0.103509 0.535105 -0.0458838
1557764822417 -0.103501 0.535112 -0.0456506
1557764822518 -0.103459 0.535131 -0.0460188
1557764822618 -0.10352 0.535088 -0.0458938
1557764822718 -0.103585 0.535094 -0.0457652
1557764822819 -0.103335 0.535183 -0.0454373
1557764822919 -0.103454 0.535158 -0.0456571
1557764823020 -0.103454 0.535102 -0.0459023
1557764823120 -0.103249 0.535196 -0.0457081
1557764823220 -0.10313 0.535166 -0.0455397
1557764823321 -0.10328 0.535142 -0.0457052
1557764823421 -0.103167 0.535149 -0.0456843
1557764823522 -0.103154 0.535216 -0.0456934
1557764823622 -0.103049 0.535206 -0.0457085
1557764823722 -0.103262 0.535132 -0.0456955
1557764823823 -0.103402 0.535098 -0.0459116
1557764823923 -0.103223 0.535145 -0.0457186
1557764824024 -0.1032 0.535155 -0.0457952
1557764824124 -0.103062 0.53518 -0.0458106
1557764824224 -0.103212 0.535172 -0.0457811
1557764824325 -0.103254 0.535102 -0.0458403
1557764824425 -0.103057 0.535168 -0.0460173
1557764824525 -0.103108 0.535162 -0.045819
1557764824626 -0.103082 0.535175 -0.0459458
1557764824726 -0.103188 0.535163 -0.0456872
1557764824827 -0.103227 0.535144 -0.0457764
1557764824927 -0.10315 0.535178 -0.0458726
1557764825027 -0.103196 0.535152 -0.0458096
1557764825128 -0.103312 0.535112 -0.0459674
1557764825228 -0.103084 0.535193 -0.0456909
1557764825328 -0.103032 0.535229 -0.0455722
1557764825429 -0.103305 0.535127 -0.0457505
1557764825529 -0.103168 0.535197 -0.045649
1557764825630 -0.103215 0.535172 -0.0457981
1557764825731 -0.103117 0.535175 -0.0457589
1557764825831 -0.103189 0.535159 -0.0455583
1557764825931 -0.103196 0.535158 -0.0458492
1557764826032 -0.103266 0.535111 -0.0456432
1557764826132 -0.103172 0.535225 -0.045701
1557764826232 -0.103269 0.535119 -0.0458397
1557764826333 -0.103146 0.535188 -0.0458953
1557764826433 -0.103198 0.535138 -0.0459167
1557764826533 -0.103122 0.535212 -0.0457273
1557764826634 -0.103247 0.535124 -0.0457514
1557764826734 -0.103124 0.535175 -0.0457867
1557764826834 -0.102945 0.535235 -0.0458975
1557764826935 -0.103329 0.535114 -0.0459228
1557764827035 -0.102929 0.535247 -0.0458292
1557764827135 -0.103158 0.53515 -0.0456977
1557764827236 -0.102983 0.535206 -0.0457418
1557764827336 -0.103222 0.53515 -0.0457375
1557764827437 -0.10304 0.535192 -0.0457841
1557764827537 -0.10294 0.53525 -0.0457211
1557764827637 -0.103299 0.535095 -0.0459102
1557764827737 -0.103079 0.535184 -0.0457452
1557764827838 -0.103202 0.535144 -0.045796
1557764827938 -0.103018 0.535203 -0.0458511
1557764828039 -0.103008 0.535184 -0.0458004
1557764828139 -0.103093 0.535193 -0.0457902
1557764828240 -0.103158 0.535138 -0.045682
1557764828340 -0.102916 0.535274 -0.0455369
1557764828440 -0.102987 0.535224 -0.0458941
1557764828541 -0.102931 0.535183 -0.0458664
1557764828641 -0.103002 0.535196 -0.0459937
1557764828742 -0.102956 0.535116 -0.0455862
1557764828842 -0.102527 0.535311 -0.0459249
1557764828942 -0.102732 0.535268 -0.0454053
1557764829043 -0.102964 0.535144 -0.045712
1557764829143 -0.102778 0.535224 -0.0458235
1557764829243 -0.102953 0.535132 -0.0455897
1557764829344 -0.102856 0.535194 -0.0457059
1557764829444 -0.102476 0.535241 -0.0459439
1557764829545 -0.10273 0.535216 -0.0455778
1557764829645 -0.10309 0.535129 -0.0455317
1557764829745 -0.102878 0.535149 -0.0459484
1557764829846 -0.102736 0.535204 -0.0460099
1557764829946 -0.10267 0.535299 -0.04507
1557764830046 -0.0964767 0.536565 -0.0438394
1557764830147 -0.0905545 0.536625 -0.0439948
1557764830247 -0.0852172 0.53762 -0.0445952
1557764830347 -0.0851458 0.537723 -0.0453989
1557764830448 -0.0858916 0.537635 -0.0442565
1557764830548 -0.0893343 0.53737 -0.04291
1557764830648 -0.0912168 0.536583 -0.0454211
1557764830749 -0.0910736 0.536635 -0.0456322
1557764830850 -0.0913904 0.536613 -0.0451239
1557764830950 -0.0962165 0.53503 -0.038181
1557764831050 -0.105264 0.550189 -0.0397183
1557764831151 -0.101356 0.553293 -0.0347095
1557764831251 -0.101004 0.55114 -0.0326512
1557764831352 -0.0964724 0.548744 -0.0335042
1557764831452 -0.0950805 0.546214 -0.0354179
1557764831552 -0.0963427 0.545561 -0.0344277
1557764831653 -0.0983699 0.549286 -0.0345556
1557764831753 -0.0985925 0.548257 -0.0375375
1557764831854 -0.095999 0.54645 -0.0374429
1557764831954 -0.0939516 0.542702 -0.0383145
1557764832054 -0.0958289 0.543221 -0.0403655
1557764832155 -0.0950603 0.546191 -0.0364174
1557764832255 -0.0938385 0.54689 -0.0354087
1557764832357 -0.0953636 0.545255 -0.0354012
1557764832457 -0.0924063 0.544314 -0.0393214
1557764832557 -0.0923371 0.541201 -0.0372464
1557764832658 -0.0914676 0.544055 -0.038296
1557764832758 -0.093891 0.542632 -0.0413131
1557764832858 -0.0914878 0.544078 -0.0372964
1557764832958 -0.0912248 0.54506 -0.0363136
1557764833059 -0.0907918 0.542813 -0.0382533
1557764833159 -0.0905289 0.543795 -0.0372705
1557764833260 -0.0930129 0.542443 -0.037289
1557764833360 -0.0922766 0.541131 -0.0402449
1557764833461 -0.0925562 0.54752 -0.0373984
1557764833561 -0.092273 0.548479 -0.0374151
1557764833661 -0.0932758 0.54146 -0.0382718
1557764833762 -0.0917673 0.550467 -0.0344499
1557764833862 -0.0925965 0.547567 -0.0353994
1557764833962 -0.0920303 0.549485 -0.0354328
1557764834063 -0.0942311 0.549091 -0.035468
1557764834163 -0.094757 0.547126 -0.0374337
1557764834264 -0.0922932 0.548502 -0.0364156
1557764834364 -0.0929892 0.549767 -0.0354587
1557764834464 -0.0928191 0.546538 -0.0383813
1557764834565 -0.0931224 0.545602 -0.0373651
1557764834665 -0.0915973 0.547237 -0.0373725
1557764834766 -0.0909215 0.545996 -0.0373298
1557764834866 -0.0893964 0.547631 -0.0373372
1557764834966 -0.0896594 0.546649 -0.0383201
1557764835067 -0.0918602 0.546255 -0.0383553
1557764835167 -0.0890931 0.548567 -0.0383535
1557764835267 -0.0883972 0.547302 -0.0393103
1557764835368 -0.0893561 0.547584 -0.0393363
1557764835468 -0.0927586 0.546468 -0.0413798
1557764835569 -0.0969464 0.549752 -0.0435421
1557764835669 -0.0972461 0.556164 -0.039696
1557764835769 -0.0998396 0.557971 -0.0397906
1557764835870 -0.0989701 0.560825 -0.0408402
1557764835970 -0.0994925 0.566208 -0.0399761
1557764836070 -0.101742 0.568904 -0.0430859
1557764836171 -0.103819 0.575718 -0.0462885
1557764836271 -0.104038 0.582037 -0.0464405
1557764836372 -0.109326 0.585767 -0.0416321
1557764836472 -0.112915 0.595252 -0.0369237
1557764836572 -0.119118 0.606566 -0.0313105
1557764836673 -0.122164 0.610643 -0.0284658
1557764836773 -0.128137 0.618658 -0.0287736
1557764836874 -0.131992 0.619812 -0.027878
1557764836974 -0.138681 0.629115 -0.0262294
1557764837075 -0.14216 0.63544 -0.021445
1557764837175 -0.143925 0.640147 -0.0205902
1557764837275 -0.147777 0.648649 -0.0168647
1557764837376 -0.157463 0.65894 -0.00929686
1557764837476 -0.164525 0.669134 -0.0226838
1557764837576 -0.169922 0.676024 -0.0179514
1557764837677 -0.17521 0.679755 -0.0131429
1557764837777 -0.179244 0.687181 -0.0143983
1557764837877 -0.18779 0.696979 -0.0158003
1557764837978 -0.193491 0.702934 -0.0100516
1557764838078 -0.201069 0.709407 -0.00635393
1557764838179 -0.206483 0.723668 0.00220784
1557764838279 -0.21307 0.732854 -0.00114122
1557764838379 -0.216663 0.73499 0.000737296
1557764838480 -0.21867 0.738692 -0.000390183
1557764838580 -0.218222 0.746812 -0.00557325
1557764838681 -0.219262 0.747188 -0.00160112
1557764838781 -0.221815 0.748948 -0.00369474
1557764838881 -0.226601 0.747319 0.00124911
1557764838982 -0.217061 0.747582 -0.00156589
1557764839082 -0.217021 0.747535 -0.00356494
1557764839182 -0.216082 0.747276 -0.00253945
1557764839283 -0.215094 0.743927 0.00156064
1557764839384 -0.212833 0.74425 -0.0014027
1557764839484 -0.213771 0.74451 -0.00242819
1557764839584 -0.214467 0.745775 -0.00147131
1557764839685 -0.213488 0.745469 -0.00244488
1557764839785 -0.211894 0.743991 -0.000377217
1557764839885 -0.211874 0.743968 -0.00137674
1557764839986 -0.211328 0.745909 -0.000410599
1557764840086 -0.211178 0.742703 -0.00233361
1557764840186 -0.210632 0.744644 -0.00136747
1557764840287 -0.209956 0.743403 -0.00132482
1557764840387 -0.207472 0.744755 -0.00130628
1557764840488 -0.208038 0.742837 -0.0012729
1557764840588 -0.207755 0.743796 -0.00128959
1557764840688 -0.2071 0.742578 -0.000247412
1557764840789 -0.208301 0.741855 -0.00225573
1557764840890 -0.208342 0.741902 -0.000256682
1557764840990 -0.208079 0.742884 0.00072615
1557764841090 -0.207383 0.741619 -0.000230721
1557764841191 -0.208645 0.740966 0.000759533
1557764841291 -0.2071 0.742578 -0.000247412
1557764841392 -0.207666 0.74066 -0.00021403
1557764841492 -0.207342 0.741572 -0.00222977
1557764841593 -0.209017 0.743143 -0.000299334
1557764841693 -0.207363 0.741596 -0.00123024
1557764841793 -0.207646 0.740637 -0.00121355
1557764841894 -0.205728 0.740071 -0.00116163
1557764841995 -0.205575 0.744213 -0.000254834
1557764842095 -0.206796 0.743514 -0.00126363
1557764842195 -0.205838 0.743231 -0.00123767
1557764842296 -0.206121 0.742272 -0.00122097
1557764842396 -0.205838 0.743231 -0.00123767
1557764842497 -0.206776 0.74349 -0.00226315
1557764842597 -0.204575 0.743884 -0.00222792
1557764842697 -0.205162 0.741989 -0.00119501
1557764842798 -0.204183 0.741683 -0.00216858
1557764842898 -0.2061 0.742249 -0.0022205
1557764842998 -0.20379 0.739483 -0.00210923
1557764843099 -0.20383 0.73953 -0.000110186
1557764843199 -0.20379 0.739483 -0.00210923
1557764843300 -0.205072 0.738853 -0.000119456
1557764843401 -0.202196 0.738005 -4.15735e-05
1557764843501 -0.202479 0.737046 -2.48824e-05
1557764843601 -0.205286 0.734782 0.00197232
1557764843702 -0.204963 0.735694 -4.3422e-05
1557764843802 -0.203045 0.735128 8.49981e-06
1557764843902 -0.203721 0.73637 -3.41522e-05
1557764844003 -0.204307 0.734476 0.000998754
1557764844103 -0.202086 0.734846 3.44607e-05
1557764844204 -0.203701 0.736347 -0.00103368
1557764844304 -0.203065 0.735152 0.00100802
1557764844404 -0.201714 0.732669 0.00109333
1557764844505 -0.201734 0.732692 0.00209285
1557764844605 -0.199557 0.725761 0.000297794
1557764844706 -0.197963 0.724284 0.00236545
1557764844806 -0.195762 0.724677 0.00240068
1557764844907 -0.192472 0.721605 0.00153839
1557764845007 -0.190211 0.721929 -0.00142495
1557764845107 -0.188284 0.718321 0.00370062
1557764845208 -0.188126 0.712072 0.00685126
1557764845308 -0.187179 0.707484 -0.00102624
1557764845409 -0.182922 0.701087 0.00321107
1557764845509 -0.179907 0.694014 0.00743912
1557764845609 -0.177014 0.685794 0.00368767
1557764845709 -0.168364 0.683227 0.00292179
1557764845810 -0.163051 0.669083 -0.000642362
1557764845910 -0.160408 0.664187 0.00252682
1557764846010 -0.159311 0.657678 0.00670294
1557764846111 -0.152339 0.649334 0.00503769
1557764846212 -0.150082 0.64231 -0.000755463
1557764846312 -0.146752 0.639191 -0.00361681
1557764846412 -0.144372 0.633313 -0.00143046
1557764846513 -0.142062 0.630547 -0.0013192
1557764846613 -0.140338 0.625887 -0.000175026
1557764846713 -0.135224 0.618038 -0.00489077
1557764846814 -0.127273 0.609388 -0.00752959
1557764846914 -0.120989 0.599266 -0.00316432
1557764847015 -0.112504 0.589538 0.00123619
1557764847115 -0.114081 0.583644 -0.00466081
1557764847216 -0.104706 0.576746 -0.00230943
1557764847316 -0.100086 0.571214 -0.0020869
1557764847417 -0.101169 0.564289 0.00105447
1557764847517 -0.0972846 0.560069 0.00423292
1557764847618 -0.0921904 0.552243 0.0005167
1557764847718 -0.0928899 0.54616 -0.00135624
1557764847818 -0.0889362 0.538828 0.00389729
1557764847918 -0.0820339 0.533596 0.000156956
1557764848019 -0.0820287 0.523206 0.0024008
1557764848119 -0.0746409 0.519985 0.00262518
1557764848220 -0.0689113 0.510965 0.000950653
1557764848320 -0.0635658 0.501102 0.00429044
1557764848421 -0.0618216 0.496419 0.00443509
1557764848521 -0.0614001 0.491152 0.00856856
1557764848622 -0.0595954 0.486398 0.00571464
1557764848722 -0.0548501 0.488075 0.00276983
1557764848823 -0.0519446 0.484161 0.00692185
1557764848923 -0.0492214 0.479171 0.00609293
1557764849023 -0.044257 0.474528 0.0033002
1557764849124 -0.0459723 0.476146 0.00722968
1557764849224 -0.0471941 0.475446 0.00622089
1557764849325 -0.0449443 0.47275 0.00933072
1557764849425 -0.0453894 0.470692 0.00336696
1557764849525 -0.0427066 0.465749 0.00453709
1557764849626 -0.0448434 0.472634 0.0043331
1557764849726 -0.0431159 0.475321 0.00830709
1557764849827 -0.0444911 0.47048 0.00639149
1557764849927 -0.0486587 0.473741 0.00322974
1557764850028 -0.0465385 0.474228 0.00726306
1557764850128 -0.0493546 0.475006 0.00418661
1557764850229 -0.0383048 0.466537 0.00460756
1557764850329 -0.0392637 0.466819 0.00458159
1557764850429 -0.0441474 0.471369 0.00337623
1557764850530 -0.0457417 0.472846 0.00130857
1557764850630 -0.0445401 0.473569 0.00331689
1557764850731 -0.0441474 0.471369 0.00337623
1557764850832 -0.0471134 0.475353 0.00222279
1557764850932 -0.0452159 0.474811 0.00327424
1557764851032 -0.0442772 0.474552 0.00429972
1557764851133 -0.0461949 0.475117 0.0042478
1557764851233 -0.0468101 0.476288 0.00120658
1557764851333 -0.0462439 0.478206 0.0011732
1557764851434 -0.0453254 0.47797 0.0031982
1557764851534 -0.0431245 0.478364 0.00323343
1557764851635 -0.0443262 0.477641 0.00122512
1557764851735 -0.045981 0.479189 0.00215603
1557764851836 -0.0473037 0.478606 0.00614485
1557764851936 -0.0478987 0.479754 0.00210411
1557764852036 -0.042255 0.481217 0.00218384
1557764852137 -0.0450019 0.478883 0.00118246
1557764852237 -0.0431447 0.478387 0.00423296
1557764852337 -0.041773 0.475881 0.00331874
1557764852438 -0.0414697 0.476816 0.00230252
1557764852538 -0.0383907 0.477021 0.00636181
1557764852638 -0.0405425 0.473538 0.00940118
1557764852739 -0.0405512 0.47658 0.00432753
1557764852840 -0.0411578 0.474709 0.00635996
1557764852940 -0.0421051 0.478011 0.000260824
1557764853040 -0.0411376 0.474686 0.00536044
1557764853141 -0.0424488 0.477122 0.00327609
1557764853241 -0.0427319 0.476163 0.00329278
1557764853342 -0.0417932 0.475904 0.00431826
1557764853442 -0.0414495 0.476793 0.001303
1557764853543 -0.0412068 0.477799 0.00328536
1557764853643 -0.0424891 0.477169 0.00527513
1557764853743 -0.0420359 0.474899 0.00233591
1557764853844 -0.0404013 0.473374 0.00240452
1557764853944 -0.0398553 0.475316 0.00337066
1557764854044 -0.0372819 0.473532 0.00446476
1557764854145 -0.0408343 0.475622 0.00434422
1557764854245 -0.0398553 0.475316 0.00337066
1557764854346 -0.0408141 0.475598 0.0033447
1557764854446 -0.0408545 0.475645 0.00534375
1557764854546 -0.040531 0.476557 0.00332801
1557764854646 -0.0417932 0.475904 0.00431826
1557764854747 -0.0405512 0.47658 0.00432753
1557764854847 -0.0891174 0.536506 -0.0454916
1557764854948 -0.0883718 0.536891 -0.0455685
1557764855048 -0.0883157 0.536821 -0.0456262
1557764855048 -0.0883157 0.536821 -0.0456262
1557764855149 -0.0883744 0.536834 -0.0458356
1557764855249 -0.0880482 0.536813 -0.0455127
1557764855349 -0.0882646 0.536858 -0.0456677
1557764855450 -0.0879964 0.536915 -0.0454532
1557764855550 -0.0879529 0.536932 -0.0453541
1557764855650 -0.0880134 0.53691 -0.0456188
1557764855751 -0.087975 0.536886 -0.0453377
1557764855851 -0.0880278 0.536882 -0.0454505
1557764855951 -0.0880963 0.536873 -0.0454515
1557764856052 -0.0880228 0.536853 -0.0454013
1557764856152 -0.088054 0.536839 -0.045589
1557764856252 -0.0879829 0.536876 -0.0456952
1557764856353 -0.0879876 0.5369 -0.0455516
1557764856453 -0.088052 0.53679 -0.0458799
1557764856553 -0.0880669 0.536808 -0.0460372
1557764856654 -0.0878759 0.536939 -0.045456
1557764856754 -0.088474 0.536879 -0.0454005
1557764856854 -0.0884283 0.536778 -0.0457118
1557764856955 -0.087832 0.536852 -0.0455142
1557764857055 -0.0879898 0.536892 -0.0456029
1557764857156 -0.0879444 0.536846 -0.0454783
1557764857256 -0.0880782 0.536849 -0.045655
1557764857356 -0.0879475 0.536883 -0.0456927
1557764857457 -0.0880702 0.536882 -0.0456186
1557764857558 -0.0877803 0.536826 -0.046091
1557764857658 -0.0873141 0.537008 -0.0455762
1557764857758 -0.0826923 0.537578 -0.045673
1557764857858 -0.0828239 0.537689 -0.0451336
1557764857959 -0.0831301 0.537613 -0.045633
1557764858059 -0.0829779 0.537631 -0.0454442
1557764858160 -0.0830184 0.537732 -0.0452648
1557764858260 -0.08311 0.537709 -0.0451105
1557764858360 -0.0829291 0.537769 -0.0453874
1557764858461 -0.0829982 0.537754 -0.0452703
1557764858562 -0.0829522 0.53778 -0.0452861
1557764858662 -0.0830532 0.53768 -0.0457035
1557764858762 -0.0829792 0.537687 -0.0455262
1557764858863 -0.0832098 0.537682 -0.0450633
1557764858963 -0.0831326 0.537691 -0.0456691
1557764859064 -0.0831123 0.537686 -0.0454708
1557764859164 -0.0830817 0.537681 -0.0454603
1557764859264 -0.0830836 0.537662 -0.0452486
1557764859365 -0.0833563 0.537665 -0.0453237
1557764859465 -0.0833895 0.537576 -0.0455096
1557764859565 -0.0833868 0.537644 -0.0453935
1557764859666 -0.0834483 0.53763 -0.0454127
1557764859766 -0.0832828 0.537634 -0.0455176
1557764859866 -0.0831531 0.5377 -0.0456754
1557764859967 -0.0830679 0.537736 -0.0455344
1557764860067 -0.0831242 0.537636 -0.0454061
1557764860167 -0.0829485 0.537792 -0.0454523
1557764860268 -0.0831325 0.537706 -0.0454787
1557764860368 -0.082738 0.537666 -0.0453251
1557764860469 -0.0829054 0.537657 -0.0452493
1557764860569 -0.0829569 0.537619 -0.0456122
1557764860669 -0.0830584 0.537672 -0.0456936
1557764860770 -0.0824861 0.537745 -0.0458824
1557764860870 -0.082458 0.537765 -0.0452831
1557764860970 -0.0823441 0.537759 -0.0452001
1557764861071 -0.0822269 0.537751 -0.0457112
1557764861171 -0.0819183 0.537837 -0.0450504
1557764861272 -0.0822823 0.53775 -0.0452834
1557764861372 -0.0820748 0.537819 -0.04552
1557764861473 -0.081959 0.537786 -0.0455182
1557764861573 -0.081902 0.537809 -0.0453017
1557764861673 -0.082035 0.537773 -0.0455399
1557764861774 -0.0818701 0.537839 -0.0451641
1557764861874 -0.0820506 0.537812 -0.0453369
1557764861974 -0.0821747 0.537818 -0.0453275
1557764862075 -0.0824101 0.537803 -0.0451035
1557764862175 -0.0824032 0.537737 -0.0451395
1557764862276 -0.0772036 0.533254 -0.0437726
1557764862376 -0.0764001 0.532951 -0.0448963
1557764862477 -0.0787206 0.532515 -0.045548
1557764862577 -0.0803824 0.534934 -0.0473884
1557764862677 -0.0815756 0.533342 -0.0451428
1557764862778 -0.0789588 0.533833 -0.0425139
1557764862878 -0.077231 0.534161 -0.0458165
1557764862978 -0.078748 0.533421 -0.0475919
1557764863079 -0.0794033 0.533752 -0.0454796
1557764863179 -0.0778863 0.534491 -0.0437042
1557764863279 -0.0783034 0.533503 -0.0446261
1557764863380 -0.0789862 0.53474 -0.0445577
1557764863480 -0.0779137 0.535397 -0.0457481
1557764863581 -0.078838 0.534767 -0.0435692
1557764863681 -0.0783034 0.533503 -0.0446261
1557764863781 -0.0756899 0.530808 -0.0429207
1557764863882 -0.0792825 0.534685 -0.0465349
1557764863982 -0.0758107 0.529875 -0.0418654
1557764864083 -0.0728348 0.529981 -0.0433259
1557764864183 -0.0738206 0.524792 -0.0470819
1557764864283 -0.0730785 0.519932 -0.0541404
1557764864384 -0.0588177 0.50805 -0.0478592
1557764864484 -0.0474767 0.489252 -0.0480311
1557764864585 -0.0407493 0.468675 -0.0474627
1557764864685 -0.0366869 0.455791 -0.0517639
1557764864785 -0.0253538 0.435619 -0.0417815
1557764864886 -0.0152464 0.424788 -0.0521029
1557764864986 -0.00696343 0.408604 -0.056946
1557764865086 0.0046465 0.390767 -0.0571847
1557764865187 0.00981208 0.38082 -0.0597088
1557764865287 0.013364 0.365108 -0.0618327
1557764865387 0.0212331 0.35112 -0.0666741
1557764865488 0.0183888 0.335114 -0.0688428
1557764865589 0.0300473 0.330487 -0.0734977
1557764865689 0.038002 0.316966 -0.071284
1557764865789 0.0422192 0.31048 -0.0727495
1557764865890 0.0500257 0.296931 -0.0715244
1557764865990 0.0425903 0.327834 -0.0611433
1557764866090 0.0391633 0.321275 -0.0644956
1557764866191 0.124032 0.304438 0.00518126
1557764866291 0.117252 0.30862 0.00810559
1557764866392 0.123111 0.306993 0.00828376
1557764866492 0.126555 0.303089 0.0109094
1557764866592 0.124624 0.304547 0.00913561
1557764866693 0.123404 0.303862 0.00933739
1557764866793 0.1278 0.299682 0.0118279
1557764866894 0.122156 0.304083 0.00749528
1557764866994 0.123525 0.304795 0.0082821
1557764867094 0.118897 0.316664 0.0106728
1557764867195 0.116554 0.328502 0.0218257
1557764867295 0.107832 0.342794 0.0126252
1557764867396 0.104489 0.363091 0.0216725
1557764867496 0.00493503 0.389447 -0.0450531
1557764867596 -0.00143787 0.411451 -0.0386331
1557764867697 -0.0173472 0.438493 -0.0430605
1557764867797 -0.0304401 0.461055 -0.0407063
1557764867897 -0.0424331 0.483368 -0.0374985
1557764867998 -0.0521989 0.504277 -0.0305398
1557764868098 -0.0636814 0.529419 -0.0295093
1557764868199 -0.0802416 0.55498 -0.0429024
1557764868299 -0.0872094 0.568693 -0.0533617
1557764868399 -0.0933852 0.55615 -0.0490569
1557764868500 -0.0864415 0.546529 -0.039718
1557764868600 -0.0753624 0.554535 -0.0446331
1557764868700 -0.082395 0.560505 -0.0619508
1557764868801 -0.100192 0.561239 -0.0481765
1557764868901 -0.0834171 0.559845 -0.0455947
1557764869002 -0.0842821 0.55559 -0.0504059
1557764869102 -0.0841887 0.55743 -0.0535051
1557764869202 -0.0784512 0.554869 -0.0522717
1557764869303 -0.0804401 0.554955 -0.0590567
1557764869403 -0.0731515 0.558598 -0.0521569
1557764869504 -0.0828233 0.554957 -0.0536418
1557764869604 -0.0817508 0.555615 -0.0548322
1557764869704 -0.0788924 0.557973 -0.0543139
1557764869805 -0.0813063 0.555697 -0.0518664
1557764869905 -0.0788409 0.552975 -0.0511497
1557764870006 -0.0779166 0.553606 -0.0533286
1557764870106 -0.0787202 0.553909 -0.052205
1557764870207 -0.0791373 0.552921 -0.0531268
1557764870307 -0.0780648 0.553578 -0.0543172
1557764870407 -0.0750308 0.555057 -0.0507664
1557764870508 -0.0769376 0.552423 -0.0514198
1557764870609 -0.076965 0.55333 -0.0534637
1557764870709 -0.0758925 0.553988 -0.054654
1557764870809 -0.0767894 0.55245 -0.0504312
1557764870910 -0.0747926 0.553739 -0.0538005
1557764871010 -0.0757169 0.553108 -0.0516216
1557764871111 -0.0750342 0.551872 -0.0516899
1557764871211 -0.078213 0.553551 -0.0553058
1557764871311 -0.0751824 0.551845 -0.0526785
1557764871412 -0.0773547 0.551435 -0.0523417
1557764871512 -0.0755413 0.552229 -0.0485891
1557764871613 -0.076403 0.55116 -0.0524768
1557764871713 -0.0762822 0.552093 -0.053532
1557764871813 -0.0751275 0.550032 -0.0485908
1557764871914 -0.0772339 0.552369 -0.053397
1557764872015 -0.0738169 0.549371 -0.0528153
1557764872115 -0.0744996 0.550608 -0.0527469
1557764872216 -0.0754513 0.550884 -0.0526118
1557764872316 -0.076134 0.55212 -0.0525435
1557764872416 -0.0762822 0.552093 -0.053532
1557764872517 -0.0755995 0.550857 -0.0536004
1557764872617 -0.0750342 0.551872 -0.0516899
1557764872717 -0.0773821 0.552342 -0.0543856
1557764872818 -0.0759859 0.552148 -0.0515549
1557764872918 -0.0762548 0.551187 -0.0514882
1557764873018 -0.0742307 0.551569 -0.0528136
1557764873119 -0.0744996 0.550608 -0.0527469
1557764873219 -0.0739617 0.55253 -0.0528803
1557764873320 -0.0758651 0.553081 -0.0526102
1557764873420 -0.0724173 0.552363 -0.049061
1557764873520 -0.0722999 0.550111 -0.0510399
1557764873621 -0.0714964 0.549808 -0.0521635
1557764873721 -0.0731034 0.550414 -0.0499162
1557764873822 -0.0719102 0.552005 -0.0521619
1557764873922 -0.0720309 0.551072 -0.0511066
1557764874022 -0.0721517 0.550138 -0.0500513
1557764874123 -0.0710792 0.550796 -0.0512416
1557764874223 -0.0733964 0.553545 -0.0509698
1557764874324 -0.0729826 0.551347 -0.0509715
1557764874424 -0.0712274 0.550769 -0.0522302
1557764874524 -0.0724481 0.550084 -0.0520284
1557764874625 -0.0728619 0.552281 -0.0520268
1557764874725 -0.0725929 0.553242 -0.0520935
1557764874825 -0.0713723 0.553927 -0.0522953
1557764874926 -0.0708136 0.548571 -0.0522319
1557764875026 -0.0730067 0.555439 -0.0520918
1557764875126 -0.0732756 0.554479 -0.0520251
1557764875227 -0.0719102 0.552005 -0.0521619
1557764875327 -0.0738135 0.552557 -0.0518917
1557764875428 -0.0709551 0.554915 -0.0513734
1557764875528 -0.072324 0.554203 -0.0521602
1557764875629 -0.0724721 0.554176 -0.0531488
1557764875729 -0.071762 0.552032 -0.0511733
1557764875829 -0.0724447 0.553269 -0.0511049
1557764875930 -0.0721758 0.55423 -0.0511716
1557764876030 -0.073303 0.555385 -0.054069
1557764876130 -0.0705414 0.552718 -0.051375
1557764876231 -0.0706895 0.55269 -0.0523636
1557764876331 -0.0706895 0.55269 -0.0523636
1557764876431 -0.0710759 0.553981 -0.0503181
1557764876532 -0.0701276 0.55052 -0.0513767
1557764876632 -0.0705414 0.552718 -0.051375
1557764876733 -0.0713723 0.553927 -0.0522953
1557764876833 -0.0724447 0.553269 -0.0511049
1557764876933 -0.0697378 0.552415 -0.0524987
1557764877034 -0.0739617 0.55253 -0.0528803
1557764877135 -0.0702724 0.553678 -0.0514417
1557764877235 -0.0716412 0.552966 -0.0522286
1557764877335 -0.0682209 0.553154 -0.0507233
1557764877436 -0.0728619 0.552281 -0.0520268
1557764877536 -0.0705414 0.552718 -0.051375
1557764877636 -0.0697378 0.552415 -0.0524987
1557764877737 -0.0719102 0.552005 -0.0521619
1557764877837 -0.071493 0.552993 -0.05124
1557764877938 -0.0716412 0.552966 -0.0522286
1557764878038 -0.0678071 0.550957 -0.050725
1557764878139 -0.0709585 0.55173 -0.0522969
1557764878239 -0.0731034 0.550414 -0.0499162
1557764878339 -0.0647283 0.541066 -0.045857
1557764878440 -0.0610249 0.528566 -0.0460688
1557764878540 -0.0482317 0.502765 -0.0513238
1557764878641 -0.0417218 0.476228 -0.0475244
1557764878741 -0.035766 0.453236 -0.0548664
1557764878842 -0.0226457 0.429768 -0.0551768
1557764878942 -0.00806329 0.408852 -0.0577995
1557764879042 0.0050603 0.388569 -0.0571863
1557764879143 0.0119404 0.366208 -0.0667072
1557764879243 0.019502 0.347607 -0.0642951
1557764879344 0.0270748 0.333566 -0.0711137
1557764879444 0.0373819 0.317764 -0.0772822
1557764879544 0.0411205 0.305732 -0.0856045
1557764879645 0.0526408 0.310634 -0.0884774
1557764879745 0.0522511 0.308739 -0.0873554
1557764879845 0.0529964 0.307064 -0.0934904
1557764879946 0.0542333 0.302283 -0.0824174
1557764880046 0.123263 0.305209 -0.00180556
1557764880146 0.117708 0.313261 0.00184054
1557764880247 0.123539 0.312541 -2.5169e-05
1557764880347 0.126446 0.306715 0.00273383
1557764880448 0.126835 0.308609 0.00161184
1557764880548 0.119615 0.315895 0.00249395
1557764880648 0.0994106 0.350332 -0.0176776
1557764880749 0.0898399 0.368081 0.00451183
1557764880849 0.0773112 0.396655 0.020778
1557764880949 0.0732961 0.427745 0.0326643
1557764881050 -0.0339534 0.48042 -0.0457693
1557764881150 -0.0464632 0.514928 -0.0488883
1557764881251 -0.0689651 0.549833 -0.0565898
1557764881351 -0.0854509 0.5713 -0.0536969
1557764881452 -0.0947129 0.588667 -0.0507626
1557764881552 -0.103823 0.609246 -0.0459162
1557764881652 -0.110885 0.621119 -0.0532763
1557764881753 -0.110395 0.609831 -0.0489934
1557764881853 -0.114544 0.600856 -0.0450904
1557764881954 -0.0968388 0.593285 -0.067767
1557764882054 -0.0949959 0.601354 -0.0490456
1557764882155 -0.105099 0.610374 -0.0498021
1557764882255 -0.109078 0.615542 -0.0513708
1557764882355 -0.10593 0.611584 -0.0507224
1557764882456 -0.104023 0.614218 -0.050069
1557764882556 -0.10263 0.610838 -0.0481618
1557764882656 -0.10293 0.607598 -0.0510625
1557764882756 -0.102271 0.610454 -0.0522512
1557764882857 -0.101144 0.609298 -0.0493538
1557764882957 -0.102123 0.610481 -0.0512626
1557764883058 -0.101023 0.610232 -0.0504091
1557764883158 -0.103047 0.60985 -0.0490837
1557764883258 -0.100044 0.60905 -0.0485003
1557764883359 -0.0988508 0.610641 -0.050746
1557764883459 -0.0990957 0.605589 -0.0495589
1557764883560 -0.0992406 0.608747 -0.049624
1557764883660 -0.0976061 0.607235 -0.0498274
1557764883760 -0.0954371 0.604458 -0.0510878
1557764883861 -0.0924098 0.599566 -0.0493841
1557764883961 -0.0873309 0.59415 -0.0469619
1557764884062 -0.0723829 0.57922 -0.051827
1557764884162 -0.0535262 0.558188 -0.0389025
1557764884263 -0.04525 0.535632 -0.0455927
1557764884363 -0.0420306 0.506219 -0.0665097
1557764884464 -0.0318817 0.480834 -0.0764375
1557764884564 -0.0183136 0.460632 -0.0728586
1557764884664 -0.0131206 0.449778 -0.0733388
1557764884764 -0.00929645 0.438213 -0.0746058
1557764884865 -0.00881669 0.438762 -0.0797505
1557764884965 -0.00744162 0.424451 -0.0704597
1557764885066 -0.0173337 0.43306 -0.0762942
1557764885166 -0.012572 0.434866 -0.0760461
1557764885266 -0.00577196 0.423407 -0.0787736
1557764885367 -0.00919232 0.423219 -0.0802789
1557764885467 -0.00684442 0.422749 -0.0775832
1557764885568 -0.00889597 0.423273 -0.0783017
1557764885668 -0.00871823 0.430576 -0.0623442
1557764885769 0.00462382 0.429431 -0.0400355
1557764885869 0.0187242 0.417959 -0.0135106
1557764885969 0.0274481 0.416845 0.0206164
1557764886070 0.0415489 0.426767 0.0404843
1557764886170 0.0406704 0.427945 0.0689069
1557764886271 0.0318402 0.424436 0.102696
1557764886371 0.0377035 0.412783 0.12338
1557764886471 0.0359713 0.414266 0.13776
1557764886572 0.0323203 0.434945 0.166063
1557764886672 0.0417053 0.426694 0.174998
1557764886772 0.0437171 0.427513 0.194905
1557764886873 0.0475949 0.419131 0.209727
1557764886973 0.0431669 0.426028 0.216271
1557764887074 0.0441734 0.423939 0.220223
1557764887074 0.0441734 0.423939 0.220223
1557764887175 0.0441207 0.433934 0.229061
1557764887275 0.0457892 0.437886 0.232748
1557764887376 0.0500372 0.433679 0.23425
1557764887476 0.0475618 0.426845 0.230763
1557764887576 0.0482446 0.425608 0.230694
1557764887677 0.0459012 0.424267 0.216921
1557764887777 0.040975 0.4279 0.204409
1557764887877 0.0326088 0.433625 0.178194
1557764887978 0.0273203 0.434457 0.168849
1557764888078 0.0207916 0.436884 0.147507
1557764888178 0.0110052 0.446896 0.117341
1557764888279 0.00412414 0.456079 0.101935
1557764888379 0.00154701 0.454245 0.0801178
1557764888480 0.00552386 0.440895 0.0687614
1557764888580 -0.0112219 0.457779 0.0495652
1557764888681 -0.0209569 0.462793 0.0225634
1557764888781 -0.0169095 0.450379 -0.00501395
1557764888881 -0.0187072 0.452334 -0.0290752
1557764888982 -0.025463 0.460639 -0.056614
1557764889082 -0.0263213 0.462755 -0.0595781
1557764889183 -0.0287526 0.470941 -0.0564039
1557764889283 -0.0309478 0.469627 -0.0691888
1557764889384 -0.0385843 0.470929 -0.0812301
1557764889484 -0.0361111 0.469581 -0.0906676
1557764889584 -0.037528 0.477053 -0.0936951
1557764889685 -0.0276572 0.472503 -0.0444725
1557764889785 -0.0400672 0.475654 -0.0791145
1557764889885 -0.0365842 0.475403 -0.0836758
1557764889986 -0.0363252 0.466807 -0.0865132
1557764890086 -0.0387117 0.463624 -0.0820219
1557764890187 -0.0424184 0.472938 -0.0827337
1557764890287 -0.0406018 0.476917 -0.0780575
1557764890387 -0.0400398 0.474747 -0.0770706
1557764890488 -0.0399431 0.479773 -0.0792462
1557764890588 -0.0375359 0.475679 -0.0835408
1557764890688 -0.038874 0.477245 -0.0813602
1557764890789 -0.0379256 0.473784 -0.0824188
1557764890889 -0.0373329 0.473893 -0.0784644
1557764890990 -0.0408462 0.493258 -0.0835275
1557764891090 -0.032374 0.51033 -0.0883009
1557764891191 -0.0257419 0.519299 -0.0672873
1557764891291 -0.0366372 0.533181 -0.0761511
1557764891391 -0.0406822 0.535603 -0.0725766
1557764891492 -0.0391619 0.539527 -0.0698777
1557764891592 -0.0327105 0.559402 -0.0724021
1557764891692 -0.0214205 0.566997 -0.0823953
1557764891793 -0.0230405 0.576254 -0.0904991
1557764891893 -0.0306922 0.596201 -0.0888886
1557764891994 -0.0361079 0.629296 -0.068755
1557764892094 -0.0425103 0.644025 -0.0773038
1557764892195 -0.0363083 0.660658 -0.0675633
1557764892295 -0.0385628 0.662968 -0.0733581
1557764892395 -0.0317922 0.683801 -0.0607836
1557764892496 -0.0338578 0.697974 -0.0598517
1557764892596 -0.0369544 0.696934 -0.0573359
1557764892696 -0.0431739 0.690764 -0.0663497
1557764892797 -0.0418536 0.678266 -0.0611466
1557764892897 -0.0445012 0.675497 -0.0667429
1557764892997 -0.0429053 0.670331 -0.0597594
1557764893098 -0.0502699 0.654385 -0.0642869
1557764893198 -0.0471844 0.650866 -0.0575718
1557764893299 -0.044199 0.639135 -0.0496047
1557764893399 -0.039834 0.611282 -0.0434247
1557764893499 -0.0345206 0.579969 -0.0383033
1557764893600 -0.0442505 0.574956 -0.0447995
1557764893700 -0.0388305 0.558225 -0.0390831
1557764893801 -0.0338119 0.543254 -0.0545972
1557764893901 -0.0281536 0.525204 -0.0519149
1557764894001 -0.0237831 0.508719 -0.0318863
1557764894102 -0.0322628 0.511667 -0.0236155
1557764894202 -0.0298722 0.491645 -0.0325278
1557764894303 -0.0307758 0.483737 -0.030152
1557764894403 -0.0254039 0.47519 -0.0266762
1557764894503 -0.024121 0.454042 -0.0262876
1557764894604 -0.0328477 0.443755 -0.0297548
1557764894704 -0.0368608 0.443459 -0.0352144
1557764894804 -0.034305 0.460785 -0.0451773
1557764894905 -0.0168641 0.442228 -0.0472817
1557764895005 -0.0263084 0.454103 -0.049227
1557764895105 -0.0235853 0.447782 -0.0393461
1557764895206 -0.0334114 0.459137 -0.0503237
1557764895306 -0.031012 0.453669 -0.0444638
1557764895407 -0.0321186 0.447546 -0.0471645
1557764895507 -0.0360635 0.458179 -0.0448421
1557764895608 -0.0339186 0.459495 -0.0472228
1557764895709 -0.0336256 0.456363 -0.0461692
1557764895809 -0.0372875 0.454308 -0.0455639
1557764895909 -0.0262777 0.456382 -0.0462595
1557764896009 -0.0369044 0.449832 -0.048533
1557764896110 -0.0414844 0.432123 -0.0372447
1557764896210 -0.0333629 0.40317 -0.0467706
1557764896311 -0.0197081 0.378438 -0.0481379
1557764896411 -0.0243009 0.369381 -0.0472007
1557764896511 -0.0462657 0.36342 -0.0417217
1557764896611 -0.0368522 0.349266 -0.0427439
1557764896712 -0.0324561 0.345086 -0.0402533
1557764896812 -0.0482779 0.341208 -0.0549716
1557764896913 -0.0372267 0.328727 -0.0552736
1557764897013 -0.0236004 0.309898 -0.0466834
1557764897114 -0.00624628 0.295871 -0.0438415
1557764897214 -0.0210243 0.298553 -0.0497925
1557764897314 -0.0448165 0.305447 -0.0464158
1557764897414 -0.0410097 0.304344 -0.0469561
1557764897515 -0.034741 0.297334 -0.0477031
1557764897615 -0.0378309 0.302665 -0.0433402
1557764897716 -0.0365236 0.298819 -0.0484882
1557764897816 -0.0339889 0.302029 -0.051991
1557764897917 -0.0367551 0.306508 -0.043607
1557764898017 -0.0306245 0.309027 -0.042572
1557764898117 -0.0304345 0.315893 -0.0478468
1557764898217 -0.0276661 0.319596 -0.0433058
1557764898317 -0.031474 0.325696 -0.030764
1557764898418 -0.0491776 0.32827 -0.0200889
1557764898518 -0.0565579 0.339184 -0.0425479
1557764898618 -0.0518621 0.338244 -0.0371567
1557764898719 -0.029691 0.345604 -0.0366358
1557764898820 -0.0322398 0.356042 -0.0314828
1557764898920 -0.0089044 0.349503 -0.016593
1557764899021 0.000319463 0.349877 -0.0189974
1557764899121 0.0146285 0.329811 -0.0104755
1557764899221 0.0171856 0.312532 0.00580052
1557764899321 0.0143546 0.309268 0.00732607
1557764899422 0.0282253 0.274098 0.0213862
1557764899522 0.0139753 0.269146 0.0125312
1557764899622 -0.0172252 0.266467 -0.00193808
1557764899723 -0.0441911 0.265014 0.0183283
1557764899823 -0.0234049 0.24752 0.0450281
1557764899924 -0.0034558 0.246258 0.0623035
1557764900024 -0.00271668 0.259605 0.0476645
1557764900125 0.0299387 0.26668 0.0263909
1557764900225 0.033698 0.247371 0.0182654
1557764900325 0.0306126 0.250891 0.0115504
1557764900426 0.0380331 0.260027 0.00816415
1557764900526 0.0221681 0.254307 0.0117108
1557764900627 -0.00658922 0.239786 0.0164199
1557764900727 0.0181202 0.205759 0.0156741
1557764900828 0.0298862 0.189323 0.00626963
1557764900928 0.0416425 0.184725 -0.0125624
1557764901028 0.0355605 0.195416 -0.0180137
1557764901129 0.0463131 0.192874 0.00370995
1557764901229 0.0528529 0.195006 0.0158212
1557764901329 0.0414294 0.19513 0.0165185
1557764901430 0.0392492 0.193346 0.0270097
1557764901530 0.04583 0.189139 0.00793111
1557764901631 0.0551746 0.190446 0.00447149
1557764901731 0.0584239 0.189702 -0.00813362
1557764901831 0.0500891 0.189492 0.000202238
1557764901932 0.0554402 0.188221 0.00348124
1557764902032 0.0657399 0.192438 0.000810093
1557764902132 0.0704664 0.193777 0.00916877
1557764902233 0.0670075 0.189936 0.0148504
1557764902333 0.0662974 0.192079 0.0128749
1557764902434 0.0683182 0.189276 0.0106259
1557764902535 0.0676321 0.187327 0.00977077
1557764902635 0.0728043 0.183751 0.00909375
1557764902735 0.0799767 0.184649 0.00597097
1557764902835 0.0868141 0.181839 0.00805795
1557764902936 0.0908238 0.17895 0.012594
1557764903036 0.087948 0.187055 0.0128024
1557764903137 0.0867307 0.189555 0.0139278
1557764903237 0.0931576 0.192128 0.0169399
1557764903337 0.0923541 0.192431 0.0180636
1557764903438 0.0944364 0.194186 0.0217495
1557764903538 0.100501 0.193958 0.0279275
1557764903638 0.104132 0.193734 0.0243548
1557764903739 0.103177 0.190824 0.0235663
1557764903839 0.10677 0.186947 0.0271805
1557764903940 0.109056 0.18192 0.0239413
1557764904040 0.109053 0.178734 0.0230177
1557764904140 0.112232 0.177055 0.0266336
1557764904241 -0.130253 0.52797 -0.0457752
1557764904341 -0.130591 0.527703 -0.0459256
1557764904442 -0.130674 0.527611 -0.0457666
1557764904541 -0.130285 0.527703 -0.0456708
1557764904642 -0.130049 0.527817 -0.0456027
1557764904742 -0.130336 0.527659 -0.0455532
1557764904842 -0.130341 0.527668 -0.0456053
1557764904943 -0.130158 0.527743 -0.0456165
1557764905043 -0.130275 0.527697 -0.0454993
1557764905143 -0.130233 0.527651 -0.0457303
1557764905244 -0.130159 0.527672 -0.0455993
1557764905344 -0.13009 0.527655 -0.0458614
1557764905444 -0.130378 0.527545 -0.0456899
1557764905545 -0.130133 0.527661 -0.0457008
1557764905645 -0.13011 0.527672 -0.0456961
1557764905746 -0.130305 0.52758 -0.0456403
1557764905847 -0.130067 0.527696 -0.0457234
1557764905947 -0.13017 0.527612 -0.0456627
1557764906047 -0.130037 0.527674 -0.0456803
1557764906148 -0.129987 0.527724 -0.0457079
1557764906248 -0.130044 0.527653 -0.0456768
1557764906348 -0.130048 0.527627 -0.0458765
1557764906449 -0.13013 0.527588 -0.0457339
1557764906549 -0.130172 0.527608 -0.045631
1557764906649 -0.130113 0.52766 -0.0458033
1557764906750 -0.130165 0.527626 -0.0456039
1557764906850 -0.130194 0.52761 -0.0457073
1557764906950 -0.1302 0.527631 -0.0456314
1557764907051 -0.130069 0.527665 -0.0456804
1557764907151 -0.130036 0.527662 -0.0457296
1557764907251 -0.130143 0.527638 -0.0457807
1557764907352 -0.130202 0.52763 -0.0455476
1557764907452 -0.130096 0.527686 -0.0456734
1557764907553 -0.130236 0.527587 -0.0458546
1557764907653 -0.130072 0.527651 -0.0456072
1557764907753 -0.129833 0.527728 -0.045535
1557764907854 -0.130161 0.527572 -0.0458639
1557764907954 -0.130045 0.527644 -0.0454595
1557764908054 -0.129759 0.52784 -0.0458556
1557764908155 -0.130244 0.527599 -0.0456476
1557764908255 -0.130616 0.529795 -0.0458462
1557764908355 -0.128796 0.532338 -0.0463167
1557764908456 -0.122431 0.533164 -0.0491098
1557764908556 -0.122798 0.531483 -0.046865
1557764908656 -0.125331 0.528829 -0.0412485
1557764908757 -0.126278 0.523987 -0.0477025
1557764908857 -0.129159 0.525514 -0.0505949
1557764908958 -0.12454 0.529673 -0.0485054
1557764909058 -0.121714 0.530664 -0.0428458
1557764909159 -0.120258 0.527649 -0.0386281
1557764909259 -0.12171 0.526787 -0.0404024
1557764909359 -0.119518 0.527134 -0.0406743
1557764909459 -0.119389 0.530492 -0.0390296
1557764909560 -0.117459 0.529266 -0.0360681
1557764909660 -0.115928 0.530861 -0.0364048
1557764909761 -0.118571 0.531977 -0.0342204
1557764909861 -0.120924 0.53404 -0.0321699
1557764909961 -0.120299 0.542438 -0.0311251
1557764910062 -0.118185 0.542052 -0.0292861
1557764910162 -0.126829 0.547899 -0.0289969
1557764910262 -0.124458 0.554229 -0.0238683
1557764910363 -0.133634 0.563417 -0.0309655
1557764910463 -0.142568 0.568317 -0.0305425
1557764910563 -0.146014 0.578953 -0.037398
1557764910664 -0.154217 0.591091 -0.0439081
1557764910764 -0.153454 0.595093 -0.0363317
1557764910864 -0.155623 0.597998 -0.0354036
1557764910965 -0.159562 0.600984 -0.0302491
1557764911065 -0.169846 0.609006 -0.0330553
1557764911165 -0.174639 0.620153 -0.03173
1557764911266 -0.180521 0.635997 -0.0368673
1557764911366 -0.180475 0.642499 -0.0355549
1557764911467 -0.182225 0.648443 -0.0420823
1557764911567 -0.194472 0.66346 -0.0444265
1557764911668 -0.202964 0.674651 -0.0508028
1557764911768 -0.20608 0.673978 -0.0473622
1557764911868 -0.216576 0.680519 -0.0611119
1557764911969 -0.225913 0.692118 -0.0664306
1557764912069 -0.230127 0.705161 -0.0653729
1557764912170 -0.230879 0.742474 -0.0642851
1557764912270 -0.238158 0.756204 -0.0649975
1557764912370 -0.25216 0.755874 -0.0826843
1557764912471 -0.258217 0.763124 -0.0818124
1557764912571 -0.271485 0.768689 -0.0860561
1557764912671 -0.272997 0.775487 -0.0785402
1557764912772 -0.268644 0.780684 -0.0846271
1557764912872 -0.269306 0.781932 -0.0846919
1557764912973 -0.272137 0.786084 -0.0838285
1557764913073 -0.270358 0.778248 -0.083168
1557764913173 -0.268855 0.780469 -0.0866043
1557764913274 -0.268061 0.778703 -0.0824514
1557764913374 -0.269908 0.776786 -0.0850804
1557764913475 -0.269458 0.775323 -0.0869929
1557764913575 -0.269697 0.777 -0.0831032
1557764913676 -0.270303 0.775731 -0.0859352
1557764913776 -0.266287 0.774743 -0.0842343
1557764913876 -0.264885 0.77298 -0.0862158
1557764913977 -0.264384 0.774143 -0.0843724
1557764914077 -0.263722 0.772894 -0.0843076
1557764914177 -0.263538 0.773735 -0.0854301
1557764914278 -0.264858 0.772354 -0.0831162
1557764914378 -0.258198 0.770252 -0.0835996
1557764914478 -0.258699 0.769089 -0.085443
1557764914579 -0.259439 0.769604 -0.0833967
1557764914679 -0.258594 0.769196 -0.0844544
1557764914779 -0.256875 0.767755 -0.0834701
1557764914880 -0.256213 0.766507 -0.0834053
1557764914980 -0.254577 0.768209 -0.0827534
1557764915081 -0.254867 0.767262 -0.0826196
1557764915181 -0.255345 0.76935 -0.0838068
1557764915281 -0.253336 0.768857 -0.0829563
1557764915382 -0.253732 0.767802 -0.0838111
1557764915482 -0.254577 0.768209 -0.0827534
1557764915583 -0.253336 0.768857 -0.0829563
1557764915683 -0.254844 0.770513 -0.0819634
1557764915784 -0.254683 0.768102 -0.083742
1557764915884 -0.252596 0.768342 -0.0850026
1557764915984 -0.250983 0.766793 -0.0850069
1557764916084 -0.250322 0.765545 -0.0849421
1557764916185 -0.244793 0.759025 -0.0817907
1557764916285 -0.23802 0.749276 -0.0763987
1557764916386 -0.243214 0.739344 -0.0757771
1557764916486 -0.228637 0.719012 -0.0761396
1557764916586 -0.21168 0.695991 -0.075453
1557764916687 -0.206271 0.677093 -0.0780259
1557764916787 -0.204328 0.66297 -0.0767005
1557764916888 -0.190993 0.643257 -0.0678937
1557764916988 -0.17296 0.62717 -0.0680749
1557764917088 -0.168163 0.612145 -0.0669567
1557764917189 -0.162176 0.596409 -0.0608308
1557764917289 -0.150301 0.582322 -0.0676516
1557764917390 -0.146593 0.574525 -0.0550632
1557764917490 -0.115502 0.575294 -0.0645388
1557764917590 -0.110337 0.56195 -0.0656655
1557764917690 -0.099919 0.552144 -0.0677375
1557764917791 -0.0975852 0.544219 -0.0590344
1557764917891 -0.106138 0.539169 -0.053526
1557764917992 -0.0996674 0.540102 -0.0553304
1557764918092 -0.101965 0.539648 -0.0560471
1557764918192 -0.101749 0.534719 -0.0605929
1557764918293 -0.0999523 0.534011 -0.0617196
1557764918393 -0.10833 0.537556 -0.0622204
1557764918494 -0.105527 0.535295 -0.057217
1557764918595 -0.107144 0.540721 -0.0596561
1557764918694 -0.109368 0.544876 -0.0649272
1557764918795 -0.116059 0.552748 -0.0610204
1557764918895 -0.120112 0.562115 -0.0707078
1557764918996 -0.124533 0.572333 -0.0602175
1557764919096 -0.126445 0.58322 -0.0470334
1557764919197 -0.13479 0.604896 -0.0535522
1557764919297 -0.144946 0.616276 -0.0547135
1557764919397 -0.150404 0.632549 -0.0558964
1557764919497 -0.162307 0.647262 -0.0521753
1557764919597 -0.172926 0.671736 -0.0587545
1557764919698 -0.176831 0.692855 -0.0596179
1557764919798 -0.190848 0.707954 -0.0577359
1557764919898 -0.191918 0.721044 -0.0570193
1557764919999 -0.219891 0.743583 -0.0625453
1557764920099 -0.231747 0.763532 -0.0664782
1557764920199 -0.241277 0.783309 -0.0665948
1557764920300 -0.258023 0.805279 -0.0742706
1557764920400 -0.276694 0.825865 -0.073498
1557764920501 -0.276146 0.858697 -0.0639704
1557764920601 -0.275019 0.86699 -0.0700487
1557764920701 -0.279941 0.87478 -0.0703682
1557764920802 -0.278751 0.872802 -0.0743269
1557764920902 -0.283558 0.871679 -0.0777374
1557764921003 -0.283769 0.872731 -0.0707482
1557764921103 -0.278456 0.868607 -0.0809837
1557764921203 -0.268645 0.858797 -0.0769214
1557764921304 -0.259676 0.846784 -0.0603915
1557764921404 -0.246528 0.828841 -0.0618721
1557764921504 -0.242591 0.801953 -0.064432
1557764921605 -0.132125 0.526242 -0.0447655
1557764921705 -0.129838 0.527484 -0.0461745
1557764921805 -0.129673 0.527625 -0.0458223
1557764921906 -0.12898 0.527927 -0.0462956
1557764922006 -0.12993 0.527441 -0.0457822
1557764922107 -0.129685 0.527553 -0.0459374
1557764922207 -0.129414 0.527738 -0.0460896
1557764922308 -0.129487 0.527553 -0.0462306
1557764922408 -0.12951 0.527556 -0.046055
1557764922508 -0.129239 0.527612 -0.0460363
1557764922608 -0.12944 0.52749 -0.0457512
1557764922709 -0.12972 0.527411 -0.0454782
1557764922809 -0.129236 0.527742 -0.0461008
1557764922909 -0.130315 0.527347 -0.0450512
1557764923010 -0.129718 0.527699 -0.0460646
1557764923110 -0.129336 0.527683 -0.0459279
1557764923210 -0.130018 0.527312 -0.0455063
1557764923311 -0.129776 0.527535 -0.0455617
1557764923411 -0.129941 0.527482 -0.0456488
1557764923511 -0.129542 0.527615 -0.0460843
1557764923617 -0.129401 0.527636 -0.0459982
1557764923717 -0.129606 0.527439 -0.0458277
1557764923817 -0.128889 0.527709 -0.0459042
1557764923918 -0.129273 0.527572 -0.0458942
1557764924018 -0.128601 0.527847 -0.0462239
1557764924118 -0.129217 0.527491 -0.0459669
1557764924219 -0.128891 0.527668 -0.0460197
1557764924319 -0.128439 0.527854 -0.0460425
1557764924420 -0.128325 0.527828 -0.0464266
1557764924520 -0.122099 0.528631 -0.0466651
1557764924620 -0.122127 0.528707 -0.0458478
1557764924721 -0.122636 0.528512 -0.0458806
1557764924821 -0.122075 0.528775 -0.0460754
1557764924921 -0.12239 0.52862 -0.046019
1557764925022 -0.122314 0.528666 -0.0460784
1557764925122 -0.122181 0.5287 -0.0458193
1557764925222 -0.122162 0.528715 -0.0457823
1557764925323 -0.122374 0.528641 -0.0458224
1557764925423 -0.122154 0.528785 -0.04591
1557764925524 -0.122167 0.528702 -0.0458919
1557764925624 -0.121923 0.528831 -0.0459711
1557764925724 -0.122248 0.528652 -0.0460083
1557764925824 -0.12199 0.528768 -0.0460236
1557764925925 -0.122149 0.528685 -0.0460478
1557764926025 -0.121954 0.52878 -0.0461503
1557764926126 -0.122189 0.528695 -0.0460915
1557764926226 -0.121935 0.528808 -0.0459957
1557764926327 -0.121877 0.528818 -0.0461712
1557764926427 -0.122064 0.528688 -0.0459768
1557764926528 -0.121974 0.528774 -0.0460501
1557764926628 -0.121957 0.52877 -0.0461279
1557764926728 -0.122164 0.528679 -0.0462537
1557764926829 -0.121672 0.528815 -0.046157
1557764926929 -0.121762 0.52876 -0.0461875
1557764927029 -0.12222 0.528555 -0.0457351
1557764927130 -0.121782 0.528826 -0.0460053
1557764927230 -0.121743 0.528842 -0.0460911
1557764927331 -0.121983 0.528727 -0.0460431
1557764927431 -0.122099 0.528674 -0.045898
1557764927531 -0.12151 0.528966 -0.0460726
1557764927632 -0.121839 0.528785 -0.0459027
1557764927732 -0.1217 0.528843 -0.04619
1557764927833 -0.121792 0.528786 -0.0461415
1557764927933 -0.121672 0.528835 -0.0460504
1557764928033 -0.12184 0.528786 -0.0459908
1557764928134 -0.122183 0.52863 -0.0460492
1557764928234 -0.121987 0.528752 -0.0460304
1557764928335 -0.121944 0.528753 -0.0458191
1557764928435 -0.121962 0.528753 -0.0460646
1557764928535 -0.121877 0.528764 -0.0457582
1557764928636 -0.121883 0.528758 -0.0461484
1557764928736 -0.121918 0.528789 -0.0461607
1557764928836 -0.121766 0.528802 -0.0458654
1557764928937 -0.121815 0.528802 -0.0460668
1557764929037 -0.121917 0.528718 -0.046225
1557764929137 -0.121958 0.528775 -0.0460155
1557764929238 -0.12198 0.528744 -0.046099
1557764929338 -0.121927 0.52878 -0.0459872
1557764929439 -0.121729 0.528862 -0.0460085
1557764929539 -0.122003 0.528724 -0.0459282
1557764929640 -0.12192 0.528797 -0.0460529
1557764929740 -0.12215 0.528667 -0.0461704
1557764929840 -0.122132 0.528701 -0.0459525
1557764929940 -0.121983 0.528747 -0.0459272
1557764930041 -0.121897 0.528858 -0.0459833
1557764930141 -0.12205 0.528796 -0.0457926
1557764930242 -0.122091 0.528736 -0.0460385
1557764930342 -0.12203 0.528728 -0.0458653
1557764930442 -0.122029 0.528769 -0.0458536
1557764930543 -0.121998 0.528785 -0.04615
1557764930643 -0.122039 0.528784 -0.046134
1557764930744 -0.122093 0.528735 -0.0461147
1557764930844 -0.121879 0.528866 -0.0460644
1557764930944 -0.121837 0.52886 -0.0457408
1557764931045 -0.12166 0.528927 -0.0458857
1557764931145 -0.121771 0.528912 -0.0459355
1557764931246 -0.121895 0.528792 -0.0458683
1557764931346 -0.122073 0.528754 -0.0458435
1557764931447 -0.121868 0.528834 -0.0460799
1557764931547 -0.122056 0.528723 -0.0459839
1557764931647 -0.121773 0.528867 -0.0460394
1557764931748 -0.122078 0.528696 -0.0459299
1557764931848 -0.121836 0.528796 -0.0458881
1557764931948 -0.121902 0.528831 -0.0459969
1557764932049 -0.121958 0.528752 -0.0458265
1557764932149 -0.122007 0.528768 -0.0457374
1557764932249 -0.121801 0.528823 -0.0460294
1557764932350 -0.121941 0.528748 -0.0460676
1557764932450 -0.121942 0.528734 -0.0460289
1557764932551 -0.121723 0.528854 -0.0458872
1557764932651 -0.12191 0.528783 -0.0460792
1557764932751 -0.121911 0.528774 -0.045994
1557764932852 -0.121903 0.528813 -0.0460058
1557764932953 -0.121916 0.528782 -0.0460395
1557764933053 -0.12173 0.528864 -0.0459654
1557764933153 -0.122013 0.528735 -0.0460664
1557764933254 -0.121885 0.528803 -0.0460723
1557764933354 -0.121816 0.52885 -0.0463551
1557764933454 -0.122048 0.528703 -0.0458137
1557764933555 -0.121896 0.528819 -0.0462989
1557764933655 -0.121933 0.528756 -0.0459543
1557764933755 -0.121931 0.528777 -0.0459848
1557764933856 -0.121873 0.528796 -0.0459464
1557764933956 -0.122014 0.528749 -0.0459977
1557764934057 -0.121933 0.52876 -0.0461736
1557764934157 -0.121882 0.528775 -0.0461254
1557764934257 -0.121787 0.528845 -0.0460394
1557764934358 -0.121846 0.528771 -0.0463209
1557764934458 -0.121799 0.528805 -0.0459148
1557764934559 -0.121868 0.528778 -0.0462256
1557764934659 -0.121774 0.528813 -0.0461743
1557764934759 -0.122075 0.528739 -0.0460273
1557764934860 -0.122133 0.528732 -0.0459674
1557764934960 -0.121949 0.528806 -0.0461083
1557764935061 -0.121837 0.528781 -0.0459172
1557764935161 -0.121822 0.528867 -0.0460062
1557764935261 -0.121737 0.52886 -0.0460846
1557764935362 -0.122005 0.528756 -0.0461655
1557764935462 -0.122007 0.52879 -0.0459033
1557764935562 -0.121875 0.52886 -0.0460237
1557764935663 -0.121886 0.528841 -0.0461625
1557764935763 -0.121719 0.528879 -0.0460632
1557764935864 -0.121829 0.528805 -0.0458839
1557764935964 -0.121828 0.528851 -0.046099
1557764936064 -0.12206 0.528768 -0.0460084
1557764936165 -0.121948 0.528792 -0.0459321
1557764936265 -0.121701 0.52888 -0.0460711
1557764936366 -0.121885 0.528812 -0.0458682
1557764936466 -0.121812 0.528805 -0.0462007
1557764936566 -0.122023 0.528732 -0.0461283
1557764936667 -0.121891 0.528751 -0.045949
1557764936767 -0.12189 0.528827 -0.0459832
1557764936867 -0.121915 0.52882 -0.0458776
1557764936968 -0.12176 0.528879 -0.0458546
1557764937068 -0.121875 0.528824 -0.0459974
1557764937168 -0.121855 0.528799 -0.04597
1557764937269 -0.122003 0.52881 -0.0458368
1557764937369 -0.121926 0.528829 -0.0458023
1557764937470 -0.121882 0.528889 -0.0458798
1557764937570 -0.121927 0.528853 -0.0456852
1557764937671 -0.12186 0.528872 -0.0459212
1557764937771 -0.122081 0.528753 -0.0458513
1557764937871 -0.121968 0.52881 -0.0456847
1557764937972 -0.121956 0.528834 -0.0457833
1557764938072 -0.121898 0.528886 -0.0458693
1557764938172 -0.121986 0.528804 -0.0458209
1557764938273 -0.12191 0.528839 -0.0458091
1557764938373 -0.121706 0.528931 -0.0459219
1557764938473 -0.122 0.528786 -0.0458102
1557764938574 -0.121782 0.528863 -0.0461459
1557764938674 -0.12188 0.528803 -0.0459758
1557764938775 -0.121863 0.528818 -0.0459873
1557764938875 -0.121906 0.528811 -0.0460016
1557764938975 -0.12194 0.528795 -0.0458954
1557764939076 -0.121756 0.528844 -0.0459246
1557764939176 -0.121954 0.52873 -0.0460744
1557764939276 -0.12157 0.528945 -0.0458595
1557764939377 -0.121564 0.528865 -0.0460085
1557764939477 -0.121956 0.528737 -0.0458917
1557764939578 -0.121903 0.528844 -0.0457297
1557764939678 -0.121631 0.528905 -0.0458122
1557764939779 -0.121748 0.528865 -0.045969
1557764939879 -0.121809 0.528881 -0.0459524
1557764939980 -0.121717 0.528903 -0.0457271
1557764940080 -0.121713 0.528932 -0.0458539
1557764940180 -0.121936 0.528797 -0.0457821
1557764940281 -0.121749 0.5289 -0.045741
1557764940381 -0.121704 0.528915 -0.0457902
1557764940481 -0.122036 0.528764 -0.0458994
1557764940582 -0.12183 0.528848 -0.0458357
1557764940682 -0.121971 0.528811 -0.0460583
1557764940783 -0.121997 0.528821 -0.0459335
1557764940883 -0.121774 0.5289 -0.0459164
1557764940984 -0.121819 0.528893 -0.0459695
1557764941085 -0.12216 0.528768 -0.0457976
1557764941185 -0.121858 0.528884 -0.0460932
1557764941285 -0.121837 0.528938 -0.0460851
1557764941386 -0.121759 0.528871 -0.0457683
1557764941486 -0.121864 0.528838 -0.0459892
1557764941586 -0.121905 0.528872 -0.0457454
1557764941687 -0.121724 0.528922 -0.0458353
1557764941787 -0.121954 0.528824 -0.0457693
1557764941887 -0.121848 0.52893 -0.0457174
1557764941988 -0.121909 0.528799 -0.0459784
1557764942088 -0.121886 0.528852 -0.0455816
1557764942189 -0.121683 0.528949 -0.0459023
1557764942289 -0.12191 0.528816 -0.0458351
1557764942389 -0.121845 0.528844 -0.045729
1557764942490 -0.121837 0.528895 -0.0456617
1557764942590 -0.121747 0.528858 -0.0460645
1557764942691 -0.121941 0.528756 -0.0457779
1557764942791 -0.121875 0.52884 -0.045912
1557764942891 -0.121599 0.528937 -0.046175
1557764942992 -0.121762 0.528884 -0.0459117
1557764943093 -0.121526 0.528926 -0.0458392
1557764943193 -0.12145 0.52895 -0.0460086
1557764943293 -0.121769 0.528869 -0.0458646
1557764943393 -0.121542 0.528879 -0.0459475
1557764943494 -0.121623 0.52886 -0.0457144
1557764943594 -0.121755 0.528846 -0.0457957
1557764943694 -0.121639 0.528857 -0.0458075
1557764943795 -0.121604 0.528925 -0.0458603
1557764943895 -0.121843 0.528819 -0.045716
1557764943995 -0.121647 0.528872 -0.0459693
1557764944096 -0.121552 0.528905 -0.04595
1557764944196 -0.121563 0.528917 -0.0457678
1557764944296 -0.121565 0.528951 -0.0457158
1557764944397 -0.121677 0.528901 -0.0455776
1557764944497 -0.121628 0.528927 -0.0456831
1557764944598 -0.121775 0.528844 -0.0458289
1557764944698 -0.12164 0.528892 -0.0458669
1557764944799 -0.121546 0.52892 -0.0460047
1557764944899 -0.121445 0.528901 -0.0461673
1557764944999 -0.121717 0.528824 -0.0458775
1557764945100 -0.121764 0.528835 -0.0456271
1557764945200 -0.121618 0.528882 -0.0459188
1557764945301 -0.121759 0.528824 -0.0456891
1557764945401 -0.12136 0.528991 -0.0458905
1557764945501 -0.12156 0.528908 -0.045784
1557764945602 -0.121311 0.52904 -0.0457443
1557764945702 -0.12174 0.528778 -0.0455442
1557764945803 -0.12163 0.528899 -0.0457834
1557764945903 -0.120227 0.529647 -0.0465024
1557764946004 -0.122234 0.528431 -0.0455046
1557764946104 -0.121587 0.529011 -0.0461047
1557764946204 -0.12224 0.528725 -0.0454446
1557764946305 -0.122686 0.528622 -0.045743
1557764946405 -0.121767 0.528985 -0.0467594
1557764946506 -0.122961 0.528276 -0.0456922
1557764946606 -0.121358 0.529016 -0.0467753
1557764946706 -0.123436 0.527892 -0.0452448
1557764946807 -0.123261 0.52822 -0.0455959
1557764946907 -0.122579 0.528637 -0.0453948
1557764947007 -0.121906 0.529017 -0.0465268
1557764947108 -0.12284 0.528471 -0.0454211
1557764947208 -0.122647 0.528782 -0.0455878
1557764947308 -0.122989 0.528619 -0.0457498
1557764947409 -0.12215 0.529042 -0.0461736
1557764947509 -0.121734 0.529124 -0.0467844
1557764947610 -0.122383 0.528847 -0.0455262
1557764947710 -0.122424 0.528839 -0.0454751
1557764947811 -0.122004 0.529111 -0.0460344
1557764947911 -0.122226 0.528884 -0.0457813
1557764948012 -0.122556 0.528698 -0.0454473
1557764948112 -0.122328 0.528816 -0.0460316
1557764948213 -0.119189 0.528874 -0.0460453
1557764948313 -0.118892 0.529164 -0.0458044
1557764948413 -0.117971 0.529696 -0.0460657
1557764948514 -0.118773 0.529264 -0.0457263
1557764948614 -0.118491 0.529421 -0.0458879
1557764948714 -0.118099 0.529595 -0.0458766
1557764948815 -0.117813 0.529687 -0.0460427
1557764948916 -0.118313 0.529352 -0.0458523
1557764949016 -0.117889 0.529689 -0.0463809
1557764949116 -0.117988 0.529501 -0.0461502
1557764949217 -0.117738 0.529627 -0.0465252
1557764949317 -0.117972 0.529554 -0.0460186
1557764949417 -0.118104 0.529312 -0.0470991
1557764949517 -0.117584 0.529594 -0.0463929
1557764949618 -0.118142 0.529317 -0.046099
1557764949718 -0.118054 0.529373 -0.0461921
1557764949818 -0.117986 0.529418 -0.0461299
1557764949919 -0.118837 0.529041 -0.0461147
1557764950019 -0.118345 0.529285 -0.0459789
1557764950120 -0.117717 0.529608 -0.0466799
1557764950220 -0.118402 0.529272 -0.0460434
1557764950320 -0.118137 0.529436 -0.045891
1557764950421 -0.118181 0.529401 -0.045999
1557764950521 -0.118072 0.529451 -0.0459991
1557764950621 -0.118054 0.529547 -0.0456574
1557764950722 -0.118451 0.529298 -0.0458347
1557764950822 -0.118334 0.529375 -0.0460109
1557764950922 -0.118158 0.529466 -0.0461228
1557764951023 -0.118273 0.529386 -0.0460123
1557764951123 -0.118191 0.529434 -0.0461528
1557764951223 -0.118106 0.529461 -0.0459124
1557764951324 -0.118147 0.529456 -0.0461665
1557764951425 -0.118002 0.529556 -0.0457209
1557764951525 -0.118045 0.529449 -0.0462082
1557764951625 -0.118253 0.529332 -0.0461117
1557764951726 -0.11807 0.529445 -0.0461491
1557764951826 -0.118368 0.529382 -0.0459599
1557764951926 -0.118332 0.529325 -0.0461086
1557764952027 -0.117591 0.529709 -0.046223
1557764952128 -0.11844 0.529237 -0.0461603
1557764952228 -0.118011 0.529451 -0.0460384
1557764952328 -0.118187 0.529343 -0.0465388
1557764952429 -0.118116 0.529426 -0.0461489
1557764952529 -0.117832 0.529579 -0.0463954
1557764952629 -0.118701 0.529163 -0.0457936
1557764952730 -0.118317 0.529374 -0.0458914
1557764952830 -0.118385 0.529297 -0.0462737
1557764952930 -0.117798 0.529607 -0.0459657
1557764953030 -0.118449 0.529269 -0.0458885
1557764953131 -0.118073 0.529415 -0.0463847
1557764953231 -0.118242 0.529343 -0.0462517
1557764953331 -0.118246 0.529429 -0.0458338
1557764953432 -0.117805 0.529573 -0.0461539
1557764953532 -0.118184 0.529328 -0.0463192
1557764953633 -0.117789 0.52953 -0.0461784
1557764953733 -0.11809 0.529371 -0.0465312
1557764953834 -0.118034 0.529284 -0.0460772
1557764953934 -0.111525 0.530486 -0.0460265
1557764954034 -0.112353 0.530175 -0.0455409
1557764954135 -0.112617 0.530055 -0.0459646
1557764954236 -0.11166 0.530599 -0.0462312
1557764954336 -0.111647 0.53049 -0.0461372
1557764954436 -0.112676 0.530026 -0.0466812
1557764954537 -0.112245 0.530192 -0.046426
1557764954637 -0.111805 0.53045 -0.0461335
1557764954737 -0.110826 0.530935 -0.046529
1557764954838 -0.11206 0.530254 -0.0458974
1557764954938 -0.110513 0.531199 -0.0470769
1557764955039 -0.112134 0.530184 -0.0459883
1557764955139 -0.110184 0.530905 -0.0501492
1557764955239 -0.108146 0.531163 -0.0465579
1557764955339 -0.110778 0.529423 -0.0467769
1557764955440 -0.109654 0.529979 -0.0460677
1557764955540 -0.108596 0.530504 -0.0464736
1557764955640 -0.109061 0.53011 -0.0461926
1557764955741 -0.110002 0.529616 -0.0456554
1557764955841 -0.108583 0.53047 -0.045906
1557764955942 -0.108829 0.530397 -0.0453666
1557764956042 -0.105594 0.531404 -0.0468308
1557764956142 -0.105595 0.53123 -0.0459911
1557764956243 -0.106262 0.531006 -0.0459591
1557764956343 -0.105265 0.531127 -0.0470373
1557764956444 -0.105447 0.530972 -0.046445
1557764956544 -0.106699 0.528439 -0.0550253
1557764956644 -0.0993799 0.531334 -0.0457932
1557764956745 -0.100276 0.531055 -0.0445592
1557764956846 -0.100676 0.531449 -0.0441108
1557764956946 -0.101236 0.531266 -0.0455234
1557764957047 -0.100767 0.531414 -0.0456644
1557764957147 -0.101347 0.531217 -0.044926
1557764957247 -0.100936 0.531432 -0.045498
1557764957348 -0.101153 0.531281 -0.0457276
1557764957448 -0.101266 0.531294 -0.0455407
1557764957549 -0.101214 0.53132 -0.0455935
1557764957649 -0.101477 0.531264 -0.0454092
1557764957749 -0.101559 0.531238 -0.0456191
1557764957850 -0.101475 0.53125 -0.0454831
1557764957950 -0.101416 0.531295 -0.0456009
1557764958051 -0.101787 0.531194 -0.045478
1557764958151 -0.101524 0.53131 -0.0454784
1557764958252 -0.101652 0.531288 -0.0453457
1557764958352 -0.101582 0.531293 -0.0453291
1557764958452 -0.101715 0.531235 -0.0456898
1557764958553 -0.10159 0.531209 -0.0453466
1557764958653 -0.101631 0.531276 -0.0456251
1557764958753 -0.101696 0.531236 -0.0453515
1557764958854 -0.101836 0.531231 -0.0453294
1557764958954 -0.103953 0.531005 -0.0454509
1557764959054 -0.103771 0.530988 -0.0453656
1557764959155 -0.103911 0.530959 -0.0455018
1557764959255 -0.103808 0.530909 -0.0454528
1557764959356 -0.103862 0.530983 -0.0456224
1557764959456 -0.10364 0.531095 -0.0455565
1557764959556 -0.103486 0.531087 -0.0458609
1557764959657 -0.103418 0.531066 -0.0461169
1557764959757 -0.104364 0.530551 -0.0451862
1557764959858 -0.103814 0.530896 -0.0458156
1557764959958 -0.103885 0.53081 -0.0455695
1557764960058 -0.103598 0.530972 -0.0456779
1557764960159 -0.103757 0.530929 -0.0457591
1557764960259 -0.103885 0.530893 -0.0454317
1557764960360 -0.103623 0.530991 -0.0455035
1557764960460 -0.103821 0.530942 -0.0454721
1557764960560 -0.103767 0.530959 -0.0455243
1557764960660 -0.10395 0.530902 -0.0454638
1557764960761 -0.103846 0.530949 -0.0452254
1557764960861 -0.103816 0.53097 -0.0454433
1557764960961 -0.103907 0.530918 -0.0456726
1557764961062 -0.103744 0.530983 -0.0453691
1557764961162 -0.103858 0.530947 -0.0452485
1557764961262 -0.103816 0.530952 -0.0455506
1557764961363 -0.10372 0.530981 -0.0454302
1557764961463 -0.103757 0.531017 -0.0454418
1557764961563 -0.103783 0.530962 -0.0454536
1557764961664 -0.10385 0.530948 -0.0454176
1557764961765 -0.103781 0.530987 -0.0452184
1557764961865 -0.103711 0.530998 -0.0454479
1557764961966 -0.103916 0.530881 -0.0456009
1557764962066 -0.103683 0.530987 -0.0455072
1557764962166 -0.103858 0.530942 -0.0455001
1557764962267 -0.103914 0.530962 -0.0452773
1557764962367 -0.103732 0.530988 -0.0454864
1557764962467 -0.103848 0.530931 -0.045383
1557764962568 -0.103886 0.53097 -0.0451638
1557764962668 -0.103714 0.531025 -0.0452497
1557764962768 -0.10404 0.530902 -0.0454782
1557764962869 -0.103988 0.530902 -0.0454638
1557764962969 -0.103863 0.530988 -0.0454538
1557764963069 -0.103894 0.530954 -0.0456419
1557764963170 -0.103954 0.530962 -0.045396
1557764963271 -0.103862 0.530994 -0.0454303
1557764963371 -0.103974 0.530924 -0.0452715
1557764963471 -0.1038 0.530977 -0.0453134
1557764963571 -0.103856 0.530899 -0.045255
1557764963672 -0.103672 0.530995 -0.045261
1557764963772 -0.10394 0.530917 -0.0452828
1557764963872 -0.10369 0.530943 -0.0454404
1557764963973 -0.103735 0.531013 -0.0455686
1557764964073 -0.10375 0.530976 -0.0453541
1557764964173 -0.103775 0.530976 -0.0454778
1557764964274 -0.10362 0.530952 -0.0455331
1557764964374 -0.103663 0.530996 -0.0452825
1557764964474 -0.103946 0.530898 -0.0454882
1557764964574 -0.103973 0.530845 -0.0455234
1557764964675 -0.103842 0.530974 -0.0453737
1557764964775 -0.103673 0.530974 -0.0455589
1557764964875 -0.103887 0.530876 -0.0456172
1557764964976 -0.103643 0.530984 -0.045484
1557764965077 -0.103722 0.530943 -0.0455857
1557764965177 -0.103951 0.530888 -0.0453651
1557764965277 -0.10378 0.530888 -0.045806
1557764965378 -0.103975 0.530833 -0.0454419
1557764965478 -0.103946 0.530878 -0.0453566
1557764965578 -0.103946 0.530878 -0.0453566
1557764965679 -0.103557 0.531045 -0.0457155
1557764965779 -0.103641 0.530994 -0.0453443
1557764965880 -0.103922 0.530905 -0.0453068
1557764965980 -0.103809 0.530964 -0.0454076
1557764966080 -0.103868 0.53094 -0.0454975
1557764966180 -0.103859 0.530906 -0.0455722
1557764966281 -0.103813 0.530876 -0.0453483
1557764966381 -0.103716 0.530988 -0.0451946
1557764966482 -0.103567 0.530949 -0.0454572
1557764966582 -0.103604 0.530991 -0.0456126
1557764966682 -0.103717 0.530924 -0.0453029
1557764966782 -0.103664 0.530986 -0.0455885
1557764966883 -0.103733 0.530897 -0.0455143
1557764966983 -0.103636 0.530949 -0.0454945
1557764967084 -0.103614 0.530994 -0.0453662
1557764967184 -0.103481 0.531053 -0.0455611
1557764967285 -0.103517 0.531071 -0.0456035
1557764967385 -0.103453 0.530995 -0.0456749
1557764967486 -0.103634 0.530971 -0.0455191
1557764967586 -0.103451 0.531079 -0.0452133
1557764967686 -0.103479 0.531075 -0.0456348
1557764967787 -0.103871 0.531032 -0.0452794
1557764967887 -0.103122 0.531284 -0.046292
1557764967987 -0.103751 0.53095 -0.0457367
1557764968088 -0.103151 0.531208 -0.0458866
1557764968188 -0.103726 0.53094 -0.0457248
1557764968288 -0.104025 0.530827 -0.0453078
1557764968389 -0.103321 0.531153 -0.0455068
1557764968489 -0.103423 0.531053 -0.0454919
1557764968589 -0.103316 0.531064 -0.0457221
1557764968690 -0.103698 0.530917 -0.0451378
1557764968790 -0.103156 0.531109 -0.0454791
1557764968891 -0.103107 0.531129 -0.0455217
1557764968991 -0.103328 0.531059 -0.0454638
1557764969091 -0.103007 0.531137 -0.0456814
1557764969192 -0.103167 0.531095 -0.0453672
1557764969292 -0.103315 0.530961 -0.0454747
1557764969392 -0.103344 0.530941 -0.0457648
1557764969493 -0.102953 0.5311 -0.0458119
1557764969593 -0.103048 0.531048 -0.045243
1557764969694 -0.103012 0.531108 -0.0460016
1557764969794 -0.103441 0.530973 -0.0452342
1557764969894 -0.102862 0.531218 -0.0456653
1557764969995 -0.103523 0.530808 -0.0454513
1557764970095 -0.102589 0.531171 -0.0457578
1557764970195 -0.102803 0.531096 -0.0455895
1557764970296 -0.103062 0.531114 -0.0451356
1557764970397 -0.103183 0.531128 -0.0455668
1557764970497 -0.103697 0.530931 -0.0454196
1557764970598 -0.1039 0.530858 -0.0455697
1557764970698 -0.103037 0.531119 -0.045698
1557764970798 -0.102042 0.531455 -0.0472999
1557764970899 -0.0996801 0.531034 -0.0466495
1557764970999 -0.0988109 0.531436 -0.0460385
1557764971099 -0.0989711 0.531354 -0.0455634
1557764971200 -0.0989322 0.531414 -0.0456358
1557764971300 -0.0986766 0.531608 -0.045793
1557764971400 -0.0990193 0.531513 -0.045446
1557764971501 -0.0984867 0.531699 -0.0460921
1557764971601 -0.0914254 0.531669 -0.0539086
1557764971702 -0.0800581 0.534244 -0.0461411
1557764971802 -0.0784653 0.534834 -0.0457187
1557764971903 -0.0783546 0.534782 -0.0452761
1557764972003 -0.0767669 0.535159 -0.0453951
1557764972103 -0.0754652 0.534837 -0.0478905
1557764972204 -0.0775641 0.530995 -0.0640314
1557764972304 -0.0477702 0.536191 -0.0607487
1557764972405 -0.0321371 0.538121 -0.0588306
1557764972505 -0.0147314 0.540574 -0.0528069
1557764972605 -0.00238004 0.540523 -0.0543326
1557764972705 0.0196387 0.542789 -0.0406244
1557764972806 0.0217875 0.542957 -0.0394595
1557764972906 0.021968 0.542822 -0.0394791
1557764973006 0.0353281 0.543739 -0.0380918
1557764973107 0.0368632 0.54422 -0.0380049
1557764973207 0.0365354 0.543637 -0.0427421
1557764973307 0.0405201 0.544109 -0.0385724
1557764973408 0.0406276 0.544143 -0.0374059
1557764973508 0.0467761 0.543895 -0.041297
1557764973608 0.054337 0.53936 -0.0854957
1557764973709 0.0878471 0.548415 -0.0343358
1557764973809 0.102035 0.547926 -0.0641517
1557764973910 0.111947 0.550127 -0.0390035
1557764974010 0.109828 0.547252 -0.0461059
1557764974110 0.120659 0.547249 -0.0482785
1557764974211 0.126229 0.54856 -0.0369731
1557764974311 0.128957 0.548532 -0.0377437
1557764974412 0.130044 0.548672 -0.0369371
1557764974512 0.13101 0.548778 -0.0368453
1557764974613 0.131451 0.548854 -0.0362676
1557764974713 0.132377 0.548861 -0.0365803
1557764974813 0.132854 0.54894 -0.0368694
1557764974914 0.13372 0.548974 -0.0364899
1557764975014 0.134955 0.5491 -0.0359086
1557764975115 0.147183 0.548537 -0.0507849
1557764975215 0.152256 0.550345 -0.0349713
1557764975315 0.15282 0.550423 -0.0349635
1557764975416 0.161737 0.551026 -0.0384749
1557764975519 0.171722 0.551117 -0.0485831
1557764975619 0.177369 0.555659 -0.0264128
