1557764174238 0 0 0
1557764174339 0 0 0
1557764174440 0 0 0
1557764174540 0 0 0
1557764174640 0 0 0
1557764174740 0 0 0
1557764174841 0 0 0
1557764174941 0 0 0
1557764175042 0 0 0
1557764175142 0 0 0
1557764175243 0 0 0
1557764175343 0 0 0
1557764175443 0 0 0
1557764175544 0 0 0
1557764175644 0 0 0
1557764175745 0 0 0
1557764175845 0 0 0
1557764175945 0 0 0
1557764176046 0 0 0
1557764176146 0 0 0
1557764176246 0 0 0
1557764176347 0 0 0
1557764176447 0 0 0
1557764176548 0 0 0
1557764176648 0 0 0
1557764176749 0 0 0
1557764176849 0 0 0
1557764176949 0 0 0
1557764177050 0 0 0
1557764177150 0 0 0
1557764177251 0 0 0
1557764177351 0 0 0
1557764177451 0 0 0
1557764177552 0 0 0
1557764177652 0 0 0
1557764177752 0 0 0
1557764177853 0 0 0
1557764177953 0 0 0
1557764178053 0 0 0
1557764178154 0 0 0
1557764178254 0 0 0
1557764178355 0 0 0
1557764178455 0 0 0
1557764178555 0 0 0
1557764178656 0 0 0
1557764178756 0 0 0
1557764178857 -0.0276313 0.271539 -0.0593362
1557764178957 -0.0131849 0.287187 -0.0288625
1557764179057 -0.0107653 0.309428 -0.0084202
1557764179158 -0.00555328 0.312228 -0.00440646
1557764179258 -0.00650637 0.310914 -0.000901402
1557764179358 -0.000726227 0.308048 -0.00730084
1557764179459 -0.000302691 0.305455 -0.00950991
1557764179559 -3.83286e-05 0.301438 -0.0124298
1557764179659 -0.000203293 0.300059 -0.0111705
1557764179760 -0.0050461 0.297071 -0.0126941
1557764179860 -0.00928133 0.294199 -0.0194307
1557764179961 0.00664826 0.285868 -0.0379198
1557764180061 0.0066306 0.284876 -0.0377976
1557764180162 0.00780553 0.284951 -0.0370141
1557764180262 0.00761142 0.284835 -0.0379882
1557764180362 0.00762908 0.285827 -0.0381104
1557764180462 0.00761142 0.284835 -0.0379882
1557764180563 0.00778788 0.283959 -0.0368919
1557764180663 0.00780553 0.284951 -0.0370141
1557764180763 0.00780553 0.284951 -0.0370141
1557764180864 0.00859224 0.284794 -0.0381788
1557764180964 0.00759376 0.283843 -0.037866
1557764181065 0.00759376 0.283843 -0.037866
1557764181165 0.00762908 0.285827 -0.0381104
1557764181265 0.00780553 0.284951 -0.0370141
1557764181366 0.00857458 0.283802 -0.0380565
1557764181466 0.00859224 0.284794 -0.0381788
1557764181566 0.0086099 0.285786 -0.038301
1557764181667 0.00762908 0.285827 -0.0381104
1557764181767 0.00759376 0.283843 -0.037866
1557764181867 0.00759376 0.283843 -0.037866
1557764181968 0.00780553 0.284951 -0.0370141
1557764182068 0.00759376 0.283843 -0.037866
1557764182168 0.00759376 0.283843 -0.037866
1557764182269 0.00759376 0.283843 -0.037866
1557764182369 0.00859224 0.284794 -0.0381788
1557764182469 0.00684237 0.285985 -0.0369458
1557764182570 0.00859224 0.284794 -0.0381788
1557764182670 0.00682471 0.284992 -0.0368236
1557764182771 0.00682471 0.284992 -0.0368236
1557764182871 0.00780553 0.284951 -0.0370141
1557764182971 0.00761142 0.284835 -0.0379882
1557764183072 0.00778788 0.283959 -0.0368919
1557764183172 0.00761142 0.284835 -0.0379882
1557764183272 0.00761142 0.284835 -0.0379882
1557764183373 0.00759376 0.283843 -0.037866
1557764183473 0.00759376 0.283843 -0.037866
1557764183573 0.00759376 0.283843 -0.037866
1557764183674 0.00680706 0.284 -0.0367014
1557764183774 0.00759376 0.283843 -0.037866
1557764183875 0.00759376 0.283843 -0.037866
1557764183975 0.00759376 0.283843 -0.037866
1557764184075 0.00780553 0.284951 -0.0370141
1557764184176 0.0086099 0.285786 -0.038301
1557764184276 0.00759376 0.283843 -0.037866
1557764184376 0.00661294 0.283884 -0.0376754
1557764184477 0.0086099 0.285786 -0.038301
1557764184577 0.00878635 0.284911 -0.0372047
1557764184678 0.00761142 0.284835 -0.0379882
1557764184778 0.00778788 0.283959 -0.0368919
1557764184878 0.00778788 0.283959 -0.0368919
1557764184979 0.00761142 0.284835 -0.0379882
1557764185079 0.00780553 0.284951 -0.0370141
1557764185179 0.00780553 0.284951 -0.0370141
1557764185280 0.00880401 0.285903 -0.0373269
1557764185380 0.00778788 0.283959 -0.0368919
1557764185480 0.00857458 0.283802 -0.0380565
1557764185581 0.00857458 0.283802 -0.0380565
1557764185681 0.0087687 0.283918 -0.0370825
1557764185781 0.00780553 0.284951 -0.0370141
1557764185882 -0.0261528 0.281205 -0.02512
1557764185982 -0.0231726 0.301009 -0.0174806
1557764186083 -0.0258323 0.322699 -0.0105319
1557764186183 -0.0101717 0.364221 -0.010974
1557764186284 -0.0133083 0.383695 -0.0044998
1557764186384 -0.033815 0.413877 0.000450962
1557764186484 -0.0582774 0.427615 0.0006561
1557764186585 -0.0616071 0.424979 0.0108614
1557764186685 -0.0679882 0.422589 0.0135154
1557764186785 -0.0752711 0.420371 0.0158564
1557764186886 -0.0704344 0.42249 0.0147257
1557764186986 -0.0709316 0.417854 0.0116453
1557764187086 -0.0684861 0.416961 0.00947986
1557764187187 -0.0643294 0.413402 0.0064172
1557764187287 -0.0612575 0.411722 0.00631851
1557764187387 -0.0591561 0.412385 0.00256368
1557764187488 -0.0610578 0.407721 0.0058605
1557764187588 -0.0604005 0.406124 0.00457261
1557764187688 -0.0572646 0.404043 0.00613044
1557764187789 -0.027233 0.404656 0.00754274
1557764187889 -0.0406603 0.396561 0.0591486
1557764187990 0.00517816 0.386749 0.154696
1557764188090 0.0435873 0.324673 0.263417
1557764188190 0.0411638 0.18108 0.370247
1557764188291 0.0412767 0.18137 0.371198
1557764188391 0.0412623 0.180125 0.370527
1557764188491 0.0413751 0.180415 0.371477
1557764188592 0.0412767 0.18137 0.371198
1557764188692 0.0412767 0.18137 0.371198
1557764188792 0.0412767 0.18137 0.371198
1557764188893 0.0402735 0.180063 0.370663
1557764188993 0.0421525 0.181142 0.370111
1557764189094 0.0411638 0.18108 0.370247
1557764189194 0.0411638 0.18108 0.370247
1557764189294 0.0411638 0.18108 0.370247
1557764189395 0.0412767 0.18137 0.371198
1557764189495 0.0411638 0.18108 0.370247
1557764189596 0.0411638 0.18108 0.370247
1557764189696 0.0410509 0.180791 0.369297
1557764189797 0.0411638 0.18108 0.370247
1557764189897 0.0411494 0.179836 0.369576
1557764189997 0.046215 0.211318 0.316115
1557764190098 0.0349922 0.274043 0.250134
1557764190198 0.0316634 0.316607 0.122449
1557764190298 0.0234117 0.32304 0.0612074
1557764190398 0.0234348 0.322859 0.0621907
1557764190499 0.0234348 0.322859 0.0621907
1557764190599 0.0235666 0.323835 0.0623671
1557764190700 0.0235666 0.323835 0.0623671
1557764190800 0.0234117 0.32304 0.0612074
1557764190901 0.0234348 0.322859 0.0621907
1557764191001 0.0235666 0.323835 0.0623671
1557764191101 0.0234348 0.322859 0.0621907
1557764191202 0.0234348 0.322859 0.0621907
1557764191302 0.0224437 0.322985 0.062237
1557764191403 0.0234117 0.32304 0.0612074
1557764191503 0.0224207 0.323166 0.0612538
1557764191603 0.0242709 0.321939 0.0609846
1557764191704 0.0234348 0.322859 0.0621907
1557764191804 0.0224437 0.322985 0.062237
1557764191905 0.0233029 0.321884 0.0620142
1557764192005 -0.0210682 0.313655 -0.0562492
1557764192105 -0.0127506 0.320284 -0.0548343
1557764192205 0.00317748 0.332133 -0.0375869
1557764192306 0.00317748 0.332133 -0.0375869
1557764192406 0.0059501 0.34156 -0.0231624
1557764192506 -0.00930425 0.352803 -0.0184223
1557764192606 -0.025277 0.356455 -0.00986002
1557764192707 -0.0337134 0.362984 -0.00126588
1557764192808 -0.0337794 0.363584 -0.00504338
1557764192908 -0.0364261 0.363464 -0.00584703
1557764193008 -0.0339087 0.365452 -0.00838302
1557764193109 -0.0341472 0.36633 -0.0124821
1557764193209 -0.0279125 0.365435 -0.0164961
1557764193309 -0.0279125 0.365435 -0.0164961
1557764193409 -0.0278007 0.365554 -0.016515
1557764193510 -0.0268594 0.365722 -0.0144467
1557764193610 -0.0276955 0.364171 -0.0167896
1557764193710 -0.0237757 0.363875 -0.0153744
1557764193811 -0.0231689 0.364623 -0.0132986
1557764193911 -0.0231689 0.364623 -0.0132986
1557764194011 -0.0231689 0.364623 -0.0132986
1557764194112 -0.0232912 0.365604 -0.0143098
1557764194212 -0.023138 0.365622 -0.0133218
1557764194312 -0.0231689 0.364623 -0.0132986
1557764194413 -0.023353 0.363605 -0.0142635
1557764194513 -0.0242789 0.365638 -0.0141572
1557764194613 -0.0221503 0.365588 -0.0134743
1557764194714 -0.0233221 0.364605 -0.0142867
1557764194814 -0.0241566 0.364657 -0.0131461
1557764194915 -0.0231689 0.364623 -0.0132986
1557764195015 -0.0231689 0.364623 -0.0132986
1557764195116 -0.0241257 0.365656 -0.0131692
1557764195216 -0.0241566 0.364657 -0.0131461
1557764195316 -0.023138 0.365622 -0.0133218
1557764195416 -0.023138 0.365622 -0.0133218
1557764195517 -0.0223653 0.363571 -0.0144161
1557764195617 -0.0241257 0.365656 -0.0131692
1557764195718 -0.0231689 0.364623 -0.0132986
1557764195818 -0.023353 0.363605 -0.0142635
1557764195918 -0.0231689 0.364623 -0.0132986
1557764196019 -0.0223653 0.363571 -0.0144161
1557764196119 -0.0232912 0.365604 -0.0143098
1557764196219 -0.0223344 0.364571 -0.0144392
1557764196320 -0.0241257 0.365656 -0.0131692
1557764196420 -0.0233221 0.364605 -0.0142867
1557764196520 -0.0233221 0.364605 -0.0142867
1557764196621 -0.0233221 0.364605 -0.0142867
1557764196722 -0.0233221 0.364605 -0.0142867
1557764196822 -0.0233221 0.364605 -0.0142867
1557764196922 -0.0231689 0.364623 -0.0132986
1557764197023 -0.0233221 0.364605 -0.0142867
1557764197123 -0.0223344 0.364571 -0.0144392
1557764197223 -0.0233221 0.364605 -0.0142867
1557764197324 -0.0241566 0.364657 -0.0131461
1557764197424 -0.0232912 0.365604 -0.0143098
1557764197524 -0.0231689 0.364623 -0.0132986
1557764197625 -0.0231689 0.364623 -0.0132986
1557764197725 -0.0231998 0.363624 -0.0132755
1557764197825 -0.0231998 0.363624 -0.0132755
1557764197926 -0.0241566 0.364657 -0.0131461
1557764198026 -0.0233221 0.364605 -0.0142867
1557764198126 -0.0235062 0.363587 -0.0152516
1557764198227 -0.0234444 0.365586 -0.0152978
1557764198327 -0.0180462 0.36547 -0.0130964
1557764198427 -0.0210712 0.363573 -0.0125926
1557764198528 -0.0184454 0.362436 -0.0150031
1557764198628 -0.0194022 0.363469 -0.0148737
1557764198729 -0.0223344 0.364571 -0.0144392
1557764198829 -0.0375788 0.366027 -0.0151383
1557764198929 -0.0225494 0.362554 -0.015381
1557764199030 -0.0210337 0.362431 -0.0186501
1557764199130 -0.01733 0.354301 -0.0190753
1557764199230 -0.00998588 0.331064 -0.0187757
1557764199331 -0.00342636 0.319138 -0.00641657
1557764199431 0.00869909 0.30781 -0.00404058
1557764199532 0.012466 0.279624 -0.00613182
1557764199632 0.0130815 0.262621 -0.0049032
1557764199732 0.016824 0.258326 -0.0124896
1557764199833 0.0151616 0.256289 -0.0162429
1557764199933 0.0176934 0.247176 -0.0174804
1557764200033 0.0215824 0.245041 -0.0180443
1557764200134 0.0215865 0.232943 -0.0218715
1557764200234 0.0240458 0.23607 -0.0132012
1557764200335 0.0224117 0.225076 -0.0147703
1557764200435 0.0235527 0.22506 -0.0139348
1557764200535 0.026239 0.220943 -0.015288
1557764200636 0.0220652 0.216226 -0.00848146
1557764200736 0.0206771 0.208248 -0.00913195
1557764200837 0.020708 0.209247 -0.00915507
1557764200937 0.0189529 0.204212 -0.012839
1557764201037 0.0193198 0.201269 -0.00980555
1557764201138 0.0173122 0.19536 -0.00837369
1557764201238 0.0192271 0.198271 -0.00973618
1557764201338 0.0137954 0.187432 -0.00970712
1557764201439 0.015396 0.18747 -0.00590755
1557764201539 0.0131142 0.187502 -0.00757853
1557764201640 0.00900881 0.182642 -0.00685273
1557764201740 0.0164495 0.177337 -0.00993349
1557764201841 0.0144432 0.176406 -0.00960528
1557764201941 0.0142269 0.169411 -0.0094434
1557764202042 0.00981513 0.164515 -0.0106937
1557764202142 0.0094469 0.16248 -0.0126235
1557764202243 0.0120714 0.156364 -0.0139304
1557764202343 0.0123456 0.150423 -0.0108275
1557764202443 0.00712494 0.153698 -0.00602955
1557764202544 0.011112 0.147441 -0.0115936
1557764202644 0.00697575 0.141582 -0.0108447
1557764202745 0.00672854 0.133588 -0.0106597
1557764202845 0.00496814 0.135673 -0.00941286
1557764202945 0.00318086 0.12466 -0.01197
1557764203046 0.00465912 0.12568 -0.00918161
1557764203146 -0.000991613 0.124921 -0.00626718
1557764203247 0.00144877 0.117788 -0.00853898
1557764203347 -0.000312923 0.114895 -0.00618847
1557764203448 -0.00250466 0.107968 -0.00572151
1557764203548 -0.00466549 0.102041 -0.00527768
1557764203648 -0.00287548 0.0959771 -0.005444
1557764203749 -0.00655208 0.0901723 -0.00173101
1557764203849 -0.00556035 0.0780405 -0.00571069
1557764203950 -0.00837156 0.0731828 -0.00316139
1557764204050 -0.0119797 0.0672351 -0.00552909
1557764204150 -0.00780857 0.0619959 -0.0101283
1557764204251 -0.0104061 0.0541766 -0.00553354
1557764204351 -0.00963466 0.0471477 -0.00552421
1557764204452 -0.0123841 0.0442885 -0.00302115
1557764204552 -0.0118586 0.0342437 -0.00393047
1557764204652 -0.0138057 0.0253548 -0.0014412
1557764204753 -0.0108774 0.0093189 0.00143526
1557764204854 -0.0121392 -0.011738 -0.00203121
1557764204954 -0.0120503 -0.0236746 0.00121037
1557764205054 -0.0124804 -0.0277079 -0.000673177
1557764205155 -0.0082783 -0.0319478 -0.00529549
1557764205255 -0.0120114 -0.0468707 -0.00646704
1557764205355 -0.00793421 -0.0600857 -0.00989319
1557764205456 -0.00528671 -0.0680392 -0.00408511
1557764205556 -0.000931421 -0.0722609 -0.00771939
1557764205656 -0.00614809 -0.0810839 -0.00674856
1557764205757 -0.00759299 -0.0441158 -0.0112512
1557764205857 -0.00875964 -0.0251865 -0.0164782
1557764205958 -0.012439 -0.0139156 -0.0100417
1557764206058 -0.00318408 0.00488831 -0.00676129
1557764206158 -0.000249266 0.0137431 -0.0094031
1557764206259 -0.002159 0.0307442 -0.0124552
1557764206359 -0.00604415 0.0478135 -0.0152023
1557764206459 -0.00761784 0.0608719 -0.0151978
1557764206560 -0.000584289 0.0767281 -0.012531
1557764206660 0.00487959 0.093545 -0.0136868
1557764206761 0.00811941 0.12449 -0.0127327
1557764206861 -0.00135855 0.127865 -0.00930064
1557764206962 -0.00382854 0.138977 -0.00810937
1557764207062 0.00095406 0.155864 -0.00713661
1557764207162 0.00645014 0.178659 -0.00941923
1557764207263 0.00503225 0.201691 -0.0106341
1557764207363 0.00768492 0.213651 -0.00924059
1557764207463 0.0150302 0.222424 -0.00952848
1557764207564 0.0208853 0.239438 -0.00163954
1557764207664 0.0306401 0.240078 -0.0041761
1557764207764 0.0277618 0.240341 0.00335025
1557764207865 0.0223367 0.22736 -0.00265514
1557764207965 0.0128601 0.235713 -0.000326711
1557764208065 0.00199654 0.241066 0.000247587
1557764208166 0.00397598 0.2289 -0.00388464
1557764208267 0.00437383 0.226956 -0.000874307
1557764208367 0.0032224 0.214179 0.00763562
1557764208467 0.0126345 0.220904 0.00807692
1557764208568 0.0118835 0.216139 0.0173899
1557764208668 0.011239 0.204719 0.0419902
1557764208769 0.018366 0.191171 0.0714971
1557764208869 0.0235281 0.190484 0.0919637
1557764208969 0.0321334 0.193674 0.0683041
1557764209070 0.0383944 0.184548 0.0715491
1557764209170 0.0340391 0.18877 0.0751834
1557764209271 0.0474067 0.177891 0.098613
1557764209371 0.0414376 0.186357 0.110517
1557764209471 0.0418342 0.179434 0.114631
1557764209572 0.0402045 0.178005 0.137176
1557764209672 0.0506478 0.171064 0.153902
1557764209772 0.0566134 0.169326 0.173251
1557764209873 0.0646012 0.174192 0.177996
1557764209973 0.0672743 0.174358 0.188712
1557764210074 0.0679962 0.177732 0.205744
1557764210174 0.0674779 0.180265 0.228045
1557764210274 0.0771794 0.176374 0.245842
1557764210375 0.0829004 0.176598 0.263169
1557764210475 0.0904127 0.175737 0.279225
1557764210575 0.092605 0.177294 0.306184
1557764210676 0.0974915 0.17757 0.324652
1557764210776 0.112268 0.173223 0.329525
1557764210877 0.113924 0.177401 0.339312
1557764210977 0.11848 0.1745 0.349792
1557764211077 0.123932 0.173546 0.359086
1557764211178 0.128795 0.17566 0.370438
1557764211279 0.136161 0.172639 0.379473
1557764211379 0.135534 0.171871 0.388693
1557764211479 0.138054 0.172018 0.398421
1557764211579 0.142617 0.171955 0.401763
1557764211680 0.146775 0.170998 0.409232
1557764211780 0.150995 0.17204 0.416656
1557764211881 0.148578 0.177336 0.426043
1557764211981 0.151626 0.177395 0.432654
1557764212081 0.144811 0.17849 0.427618
1557764212182 0.137572 0.168432 0.415767
1557764212283 0.0968555 0.163617 0.369539
1557764212383 0.0835779 0.134561 0.263835
1557764212483 0.00891719 0.186163 0.188436
1557764212583 -0.00174836 0.268381 0.0944542
1557764212684 0.00747334 0.264915 0.043494
1557764212784 -0.0237691 0.322888 -0.00130653
1557764212885 -0.0322114 0.337879 -0.01343
1557764212985 -0.03323 0.336914 -0.0132543
1557764213085 -0.0389789 0.367309 -0.00482353
1557764213186 -0.0310424 0.38297 -0.00937794
1557764213287 -0.0411799 0.3796 0.00440137
1557764213387 -0.0439332 0.361806 0.0102154
1557764213487 -0.0354148 0.37654 0.0096362
1557764213587 -0.0362348 0.377288 -0.00239578
1557764213688 -0.0484877 0.369685 -0.00136831
1557764213788 -0.053734 0.364841 -0.00147801
1557764213888 -0.0498207 0.365847 0.0039694
1557764213989 -0.021325 0.357721 -0.00637311
1557764214089 -0.0285803 0.369021 -0.00343111
1557764214189 -0.0416126 0.36561 0.00472513
1557764214290 -0.0415817 0.36661 0.004702
1557764214390 -0.0385876 0.367507 0.00422125
1557764214491 -0.0365195 0.370436 0.00384679
1557764214591 -0.0396668 0.369521 0.00333952
1557764214691 -0.0367345 0.36842 0.00290502
1557764214792 -0.0358691 0.369367 0.00174133
1557764214892 -0.0331506 0.371227 -0.000738601
1557764214993 -0.0338937 0.369298 0.00143624
1557764215093 -0.0356245 0.367404 0.00376363
1557764215193 -0.0285573 0.367184 0.00368387
1557764215294 -0.0263669 0.369132 0.00432056
1557764215394 -0.00753199 0.368342 -0.00465842
1557764215494 -0.0277228 0.367132 0.0025433
1557764215595 -0.00960673 0.367554 0.00175049
1557764215695 -0.00516404 0.373449 0.00297763
1557764215795 -0.00627536 0.369486 0.00322267
1557764215896 0.00102007 0.367 -0.00798421
1557764215996 -0.00509692 0.368328 -0.00199942
1557764216096 -0.00386329 0.37131 -0.00123331
1557764216197 -0.00778452 0.367468 0.000457382
1557764216297 -0.00457547 0.370381 0.000918409
1557764216398 -0.0039251 0.369312 -0.00118706
1557764216498 -0.0049128 0.369346 -0.00103452
1557764216598 -0.00445316 0.3694 0.00192956
1557764216699 -0.00361866 0.369348 0.000788994
1557764216799 -0.00460637 0.369382 0.000941535
1557764216900 -0.00559408 0.369416 0.00109408
1557764217000 -0.00457547 0.370381 0.000918409
1557764217100 -0.0057782 0.368399 0.000129175
1557764217201 -0.00463728 0.368383 0.00096466
1557764217301 -0.00361866 0.369348 0.000788994
1557764217402 -0.0057782 0.368399 0.000129175
1557764217502 -0.00562499 0.368417 0.0011172
1557764217602 -0.00457547 0.370381 0.000918409
1557764217703 -0.00457547 0.370381 0.000918409
1557764217803 -0.0057782 0.368399 0.000129175
1557764217903 -0.00556318 0.370415 0.00107095
1557764218004 -0.00540997 0.370433 0.00205898
1557764218104 -0.00457547 0.370381 0.000918409
1557764218204 -0.00445316 0.3694 0.00192956
1557764218305 -0.00343455 0.370365 0.00175389
1557764218406 -0.00460637 0.369382 0.000941535
1557764218506 -0.00466818 0.367383 0.000987786
1557764218606 -0.00547177 0.368435 0.00210523
1557764218707 -0.00562499 0.368417 0.0011172
1557764218807 -0.00445316 0.3694 0.00192956
1557764218908 -0.00346545 0.369366 0.00177702
1557764219008 -0.00223182 0.372348 0.00254313
1557764219109 -0.00445316 0.3694 0.00192956
1557764219209 -0.00544087 0.369434 0.0020821
1557764219309 -0.00460637 0.369382 0.000941535
1557764219410 -0.00457547 0.370381 0.000918409
1557764219510 -0.00556318 0.370415 0.00107095
1557764219611 -0.00559408 0.369416 0.00109408
1557764219712 -0.00556318 0.370415 0.00107095
1557764219812 0.0338205 0.3005 0.0363052
1557764219912 0.035384 0.299813 0.0380613
1557764220013 0.0361182 0.299852 0.0368532
1557764220113 0.0341924 0.2996 0.0373303
1557764220214 0.0342872 0.294239 0.023684
1557764220314 0.0378498 0.286733 0.00976562
1557764220414 0.0331065 0.284477 0.0112587
1557764220515 0.029245 0.285153 0.0173515
1557764220615 0.0301312 0.286383 0.0132823
1557764220715 0.0220272 0.285596 0.0202002
1557764220816 0.016428 0.286245 0.0204684
1557764220916 0.0144324 0.286034 0.0210064
1557764221016 0.0101918 0.286068 0.0235717
1557764221117 0.0110829 0.286729 0.0229426
1557764221217 0.00857813 0.286387 0.0202856
1557764221318 0.00498393 0.287599 0.0228085
1557764221418 0.00544719 0.288266 0.0231099
1557764221519 0.00533013 0.288715 0.0247401
1557764221620 0.00384989 0.28888 0.024839
1557764221720 0.00180268 0.289068 0.0261179
1557764221820 0.0057789 0.28953 0.0249142
1557764221920 0.00209408 0.288835 0.0238245
1557764222021 0.00390193 0.289339 0.0231434
1557764222121 0.00209081 0.2892 0.0228112
1557764222221 0.00253422 0.288687 0.0184201
1557764222321 0.00155551 0.287959 0.0170941
1557764222422 0.00015929 0.28782 0.0154109
1557764222522 -0.00179443 0.287385 0.0147797
1557764222622 -0.00168154 0.2873 0.0154514
1557764222723 -0.00103076 0.287491 0.0175681
1557764222823 -0.00177228 0.288013 0.0172999
1557764222923 -0.00177228 0.288013 0.0172999
1557764223024 -0.00366648 0.287842 0.0175279
1557764223124 -0.00420016 0.288048 0.0174279
1557764223225 -0.00258736 0.288505 0.0183124
1557764223325 -0.000729982 0.288857 0.0176359
1557764223426 -0.00170785 0.288667 0.0188943
1557764223526 -0.00201483 0.288848 0.0190235
1557764223626 -0.00226146 0.289282 0.0191506
1557764223726 -0.00283429 0.28924 0.0194456
1557764223827 -0.00230199 0.28933 0.0179768
1557764223927 -0.00288178 0.288885 0.018406
1557764224027 -0.00251104 0.289539 0.019592
1557764224128 -0.00418261 0.289344 0.0196355
1557764224228 -0.00425601 0.28905 0.0196733
1557764224329 -0.00448933 0.289282 0.0187971
1557764224429 -0.00465496 0.289385 0.0189622
1557764224529 -0.0028342 0.289237 0.0169087
1557764224629 -0.00322017 0.289054 0.0195147
1557764224730 -0.00198733 0.289512 0.0177841
1557764224830 -0.00258137 0.288978 0.0192536
1557764224930 -0.00275474 0.289102 0.019074
1557764225031 -0.00436854 0.289218 0.0205361
1557764225131 -0.00436854 0.289218 0.0205361
1557764225232 -0.00394391 0.289662 0.0208375
1557764225332 -0.00453417 0.289401 0.0196559
1557764225433 -0.0030708 0.290036 0.0196017
1557764225533 -0.0045382 0.289153 0.0194208
1557764225634 -0.00273523 0.290128 0.0197149
1557764225734 -0.00425944 0.289735 0.018974
1557764225834 -0.00287625 0.290215 0.018321
1557764225935 -0.00380184 0.289611 0.0182242
1557764226035 -0.00383012 0.290027 0.0180735
1557764226135 -0.00301706 0.289804 0.0192873
1557764226236 -0.00281163 0.290333 0.0192954
1557764226336 -0.00238406 0.29051 0.019815
1557764226437 -0.00378233 0.290492 0.0194262
1557764226537 -0.0028241 0.290618 0.0192366
1557764226637 -0.003342 0.290316 0.0192442
1557764226738 -0.00182178 0.290201 0.0187625
1557764226838 -0.00176378 0.290288 0.0185984
1557764226938 -0.00138962 0.29021 0.0184003
1557764227039 -0.00194046 0.290263 0.0184748
1557764227139 -0.00194046 0.290263 0.0184748
1557764227239 -0.000727964 0.290388 0.017578
1557764227340 -0.000900027 0.290012 0.0175039
1557764227440 -0.00105571 0.289746 0.016965
1557764227541 -0.00120847 0.289596 0.0170013
1557764227641 -0.00132177 0.28964 0.0161845
1557764227741 -0.0005518 0.289832 0.0168893
1557764227842 -0.0013313 0.289896 0.0169789
1557764227942 -0.000280345 0.290303 0.0170288
1557764228043 -0.000933772 0.290194 0.0159443
1557764228143 -0.000521649 0.290757 0.0162727
1557764228243 0.00197123 0.295917 0.0159643
1557764228343 0.00131683 0.295953 0.0152089
1557764228444 0.000714258 0.296987 0.0144554
1557764228544 0.000714258 0.296987 0.0144554
1557764228645 0.000562457 0.295991 0.0158643
1557764228745 0.00131683 0.295953 0.0152089
1557764228845 0.00146863 0.296949 0.0138001
1557764228946 0.000562457 0.295991 0.0158643
1557764229046 0.000666121 0.297988 0.0158679
1557764229146 0.00267746 0.296881 0.0167214
1557764229247 0.00217486 0.297912 0.0145572
1557764229347 0.00228222 0.301909 0.015975
1557764229448 0.000322713 0.304015 0.0151233
1557764229548 0.00118444 0.307975 0.0158858
1557764229648 -0.00103422 0.305087 0.0150251
1557764229749 0.000333797 0.310015 0.0193661
1557764229849 -0.00282715 0.316189 0.0184216
1557764229949 -0.0035186 0.323226 0.0233215
1557764230050 -0.00567805 0.325337 0.0252911
1557764230150 -0.00617326 0.330368 0.0259554
1557764230250 -0.0059141 0.335361 0.0259644
1557764230351 -0.00776255 0.343464 0.0279448
1557764230451 -0.0081541 0.350493 0.0286127
1557764230552 -0.0075358 0.360477 0.02722
1557764230652 -0.00968417 0.368588 0.0334324
1557764230752 -0.0106301 0.375649 0.0319343
1557764230853 -0.0133885 0.380794 0.0345646
1557764230953 -0.0130775 0.386786 0.0345754
1557764231053 -0.014327 0.391856 0.0358951
1557764231154 -0.0137171 0.394822 0.0394771
1557764231254 -0.0136616 0.39782 0.0408932
1557764231354 -0.0155211 0.399923 0.0386308
1557764231455 -0.0149111 0.402889 0.0422128
1557764231555 -0.0148593 0.403888 0.0422146
1557764231655 -0.015809 0.408949 0.0393023
1557764231756 -0.0174658 0.410029 0.0434361
1557764231856 -0.0152472 0.412917 0.0442968
1557764231956 -0.0165004 0.415986 0.0442022
1557764232057 -0.0163449 0.418982 0.0442076
1557764232157 -0.016892 0.423014 0.0448701
1557764232258 -0.0190514 0.425126 0.0468397
1557764232358 -0.0188478 0.42712 0.0454326
1557764232458 -0.020301 0.430195 0.0481594
1557764232559 -0.0221531 0.436298 0.0487255
1557764232659 -0.0234064 0.439367 0.0486309
1557764232759 -0.0255659 0.441479 0.0506006
1557764232860 -0.0259093 0.447506 0.049856
1557764232960 -0.0272625 0.450578 0.0511721
1557764233061 -0.0266044 0.452542 0.0533417
1557764233161 -0.0285602 0.456648 0.0539042
1557764233261 -0.0301171 0.457726 0.0566274
1557764233362 -0.0283492 0.462643 0.0553256
1557764233462 -0.0299542 0.464721 0.0594613
1557764233562 -0.0310557 0.468787 0.0579578
1557764233663 -0.0310483 0.472787 0.0607863
1557764233763 -0.0324534 0.47486 0.0621006
1557764233863 -0.0332041 0.476898 0.0641702
1557764233964 -0.035108 0.482002 0.0647346
1557764234064 -0.0359069 0.485042 0.0682166
1557764234164 -0.0373601 0.488116 0.0709434
1557764234265 -0.0370009 0.493107 0.0695417
1557764234365 -0.0376479 0.497142 0.0716149
1557764234465 -0.0383986 0.49918 0.0736845
1557764234566 -0.0383949 0.50118 0.0750987
1557764234666 -0.0397482 0.504252 0.0764148
1557764234767 -0.0396482 0.504249 0.0750041
1557764234867 -0.0388383 0.50721 0.0757648
1557764234968 -0.0410014 0.507321 0.0763202
1557764235068 -0.0403915 0.510287 0.0799023
1557764235169 -0.0418003 0.51036 0.0798023
1557764235269 -0.0417484 0.511359 0.0798041
1557764235370 -0.0439116 0.51147 0.0803595
1557764235470 -0.0418521 0.509362 0.0798005
1557764235570 -0.0377813 0.506146 0.080095
1557764235671 -0.0358328 0.49804 0.076704
1557764235771 -0.0333374 0.485902 0.0726504
1557764235872 -0.0302912 0.471731 0.0693485
1557764235972 -0.0263314 0.462517 0.066811
1557764236072 -0.0210703 0.449234 0.0629555
1557764236173 -0.0178686 0.438059 0.0596591
1557764236273 -0.0144151 0.427877 0.053543
1557764236374 -0.011169 0.413701 0.0474198
1557764236474 -0.00806723 0.402528 0.045534
1557764236575 -0.00437032 0.386322 0.0415733
1557764236675 -0.000362427 0.376107 0.0376232
1557764236775 0.00263563 0.362938 0.0357338
1557764236876 0.00614093 0.353755 0.0296196
1557764236976 0.00652878 0.344726 0.0275374
1557764237076 0.0100378 0.337543 0.0228375
1557764237177 0.0111392 0.333478 0.0243409
1557764237277 0.0123851 0.326409 0.021607
1557764237377 0.0116752 0.323445 0.0194356
1557764237478 0.0127248 0.318381 0.0209373
1557764237578 0.0133756 0.316346 0.0202784
1557764237679 0.0139707 0.311312 0.0182034
1557764237779 0.0147769 0.312273 0.0175498
1557764237879 0.0151722 0.307244 0.0182962
1557764237980 0.0150685 0.305247 0.0182926
1557764238080 0.0159265 0.307206 0.0176408
1557764238180 0.0159228 0.305206 0.0162266
1557764238280 0.015871 0.304208 0.0162248
1557764238381 0.0150167 0.304248 0.0182908
1557764238481 0.0132053 0.30535 0.014616
1557764238582 0.0151685 0.305244 0.0168819
1557764238682 0.0137116 0.306319 0.0181944
1557764238782 0.0124028 0.30639 0.0166838
1557764238883 0.0137116 0.306319 0.0181944
1557764238983 0.0124028 0.30639 0.0166838
1557764239084 0.0125546 0.307386 0.0152749
1557764239184 0.0116965 0.305426 0.0159267
1557764239285 0.013109 0.307353 0.0174409
1557764239385 0.0111976 0.308458 0.0151767
1557764239485 0.0130053 0.305356 0.0174373
1557764239586 0.0125064 0.308387 0.0166874
1557764239686 0.0118002 0.307424 0.0159303
1557764239786 0.010894 0.306466 0.0179945
1557764239887 0.0103914 0.307497 0.0158303
1557764239987 0.0103396 0.306498 0.0158285
1557764240087 0.00963706 0.307535 0.0164856
1557764240188 0.00898266 0.30757 0.0157303
1557764240288 0.0102915 0.307499 0.017241
1557764240388 0.00968889 0.308533 0.0164874
1557764240489 0.00958892 0.308536 0.0178981
1557764240589 0.00893452 0.308571 0.0171428
1557764240689 0.00948896 0.308539 0.0193088
1557764240790 0.00818015 0.308609 0.0177981
1557764240890 0.00963706 0.307535 0.0164856
1557764240991 0.00833196 0.309605 0.0163892
1557764241091 0.00958892 0.308536 0.0178981
1557764241192 0.00898636 0.30957 0.0171446
1557764241292 0.00898636 0.30957 0.0171446
1557764241393 0.00833196 0.309605 0.0163892
1557764241493 0.00913816 0.310566 0.0157357
1557764241594 0.00767756 0.309641 0.0156339
1557764241694 0.00828012 0.308607 0.0163875
1557764241794 0.00707499 0.310675 0.0148804
1557764241894 0.00848376 0.310601 0.0149804
1557764241994 0.018298 0.314108 0.00928933
1557764242095 0.0305826 0.321495 0.00163942
1557764242195 0.0427682 0.331902 -0.0124031
1557764242296 0.0554527 0.339278 -0.0256957
1557764242396 0.0692979 0.347588 -0.0346546
1557764242496 0.081937 0.354948 -0.0373171
1557764242597 0.0884839 0.363648 -0.0531738
1557764242697 0.0957286 0.366295 -0.0632986
1557764242798 0.102824 0.366927 -0.062797
1557764242898 0.108512 0.37065 -0.0701986
1557764242998 0.109067 0.370618 -0.0680326
1557764243099 0.103172 0.365918 -0.0684415
1557764243199 0.0826859 0.356946 -0.0564076
1557764243299 0.0552991 0.342318 -0.0413077
1557764243400 0.0382819 0.334183 -0.0375362
1557764243500 0.0304854 0.330551 -0.0203598
1557764243600 0.022927 0.322931 -0.0194634
1557764243701 0.0194578 0.322095 -0.0112011
1557764243801 0.013918 0.317368 -0.00662259
1557764243902 0.00888733 0.312591 0.0107519
1557764244002 -0.00425903 0.301245 0.0176394
1557764244102 -0.00425903 0.301245 0.0176394
1557764244202 -0.015071 0.303801 0.0218305
1557764244303 -0.0110521 0.299586 0.0221233
1557764244403 -0.0106902 0.303559 0.0299391
1557764244503 -0.0152238 0.299787 0.0310427
1557764244604 -0.0106494 0.298558 0.0256981
1557764244704 -0.0151683 0.302785 0.0324587
1557764244805 -0.0111085 0.29357 0.0285105
1557764244905 -0.0143296 0.291727 0.032539
1557764245006 -0.0151432 0.286766 0.030364
1557764245106 -0.0144342 0.286712 0.0403387
1557764245206 -0.0162891 0.293833 0.0316873
1557764245307 -0.011775 0.284587 0.0313157
1557764245407 -0.0130208 0.291656 0.0340496
1557764245508 -0.0134244 0.289667 0.0382781
1557764245608 -0.0145268 0.290714 0.0445779
1557764245708 -0.00975347 0.286462 0.0442153
1557764245809 -0.0165419 0.289822 0.0423102
1557764245909 -0.0149887 0.286744 0.0381727
1557764246010 0.00406959 0.303045 -0.00984647
1557764246110 0.00448512 0.305001 -0.0098297
1557764246210 0.00310152 0.304289 -0.0117214
1557764246311 0.000947951 0.303722 -0.0115188
1557764246411 0.00428219 0.305061 -0.0118185
1557764246512 0.00258453 0.302363 -0.0127325
1557764246612 0.00300006 0.304319 -0.0127157
1557764246712 0.00310636 0.305327 -0.0137017
1557764246813 0.00192085 0.303517 -0.0116243
1557764246913 0.00181939 0.303547 -0.0126186
1557764247013 0.00377003 0.304173 -0.01481
1557764247114 0.00192085 0.303517 -0.0116243
1557764247214 0.00289859 0.304349 -0.0137101
1557764247315 0.00279229 0.303341 -0.0127241
1557764247415 0.00300006 0.304319 -0.0127157
1557764247516 0.00279229 0.303341 -0.0127241
1557764247616 0.00310152 0.304289 -0.0117214
1557764247716 -0.0294645 0.30845 -0.0297541
1557764247817 -0.0185357 0.304006 -0.0178044
1557764247917 -0.0186965 0.304313 -0.0135905
1557764248018 -0.0200086 0.305165 -0.0105485
1557764248118 -0.0232789 0.304707 -0.00899532
1557764248219 -0.0248167 0.303997 -0.0107011
1557764248319 -0.0258579 0.303812 -0.00879742
1557764248419 -0.0249424 0.303821 -0.00955813
1557764248520 -0.0246235 0.303518 -0.00926774
1557764248620 -0.0237606 0.303202 -0.00952905
1557764248720 -0.0248926 0.303381 -0.0113258
1557764248821 -0.0239448 0.302916 -0.0109868
1557764248921 -0.0248842 0.303206 -0.0107737
1557764249022 -0.024151 0.303011 -0.012885
1557764249122 -0.0237474 0.303087 -0.0122141
1557764249222 -0.0231308 0.302518 -0.0124043
1557764249323 -0.02355 0.302707 -0.013448
1557764249423 -0.0229032 0.30257 -0.0137683
1557764249524 -0.024123 0.302925 -0.0184087
1557764249624 -0.021511 0.302258 -0.0166419
1557764249725 -0.018972 0.30073 -0.0818438
1557764249825 -0.0191708 0.299764 -0.0816802
1557764249926 -0.0191708 0.299764 -0.0816802
1557764250026 -0.0199472 0.301093 -0.0808859
1557764250126 -0.0205434 0.298194 -0.0803953
1557764250227 -0.0191757 0.299598 -0.0826664
1557764250327 -0.0183944 0.298435 -0.0824746
1557764250427 -0.0158332 0.301106 -0.0819226
1557764250528 -0.0107342 0.301089 -0.0819449
1557764250628 -0.000736075 0.304618 -0.0856302
1557764250728 0.0130167 0.312085 -0.0859404
1557764250829 0.0255868 0.314087 -0.0832971
1557764250929 0.0362066 0.316813 -0.0787381
1557764251029 0.0503198 0.315825 -0.0796559
1557764251130 0.0597451 0.321816 -0.0817242
1557764251231 0.0685704 0.32021 -0.0804839
1557764251331 0.0787868 0.325369 -0.0803883
1557764251431 0.0891834 0.3263 -0.0805964
1557764251532 0.098226 0.330856 -0.0793793
1557764251632 0.111737 0.331333 -0.0845969
1557764251732 0.114298 0.334005 -0.0840448
1557764251833 0.127232 0.336778 -0.0886316
1557764251933 0.134897 0.339597 -0.0871157
1557764252034 0.140403 0.341844 -0.0854928
1557764252134 0.150387 0.340345 -0.0883323
1557764252235 0.15667 0.341263 -0.0875037
1557764252335 0.162768 0.341712 -0.0835533
1557764252435 0.170225 0.343233 -0.0838461
1557764252535 0.176498 0.343819 -0.0849899
1557764252636 0.179855 0.345825 -0.0812876
1557764252736 0.188083 0.345852 -0.083361
1557764252837 0.193579 0.347767 -0.0837103
1557764252937 0.194559 0.34757 -0.0836821
1557764253038 0.196515 0.34701 -0.0846118
1557764253138 0.198882 0.348881 -0.08291
1557764253238 0.203777 0.347731 -0.083755
1557764253339 0.201827 0.348457 -0.0818392
1557764253440 0.199668 0.347884 -0.0817321
1557764253540 0.199862 0.348684 -0.0828818
1557764253640 0.197902 0.349078 -0.0829383
1557764253741 0.191232 0.346559 -0.0814675
1557764253841 0.181034 0.346594 -0.0814229
1557764253942 0.174349 0.343578 -0.0829105
1557764254042 0.159649 0.341999 -0.0795299
1557764254142 0.14593 0.340223 -0.0761211
1557764254243 0.134743 0.335593 -0.0742727
1557764254343 0.126699 0.336035 -0.0753213
1557764254443 0.116118 0.334635 -0.0719912
1557764254544 0.104922 0.329673 -0.0721151
1557764254644 0.0927735 0.330434 -0.0701547
1557764254745 0.0823681 0.32464 -0.0681146
1557764254845 0.0712049 0.32537 -0.0651398
1557764254945 0.0613859 0.322143 -0.0655626
1557764255046 0.0552884 0.317163 -0.0657088
1557764255146 0.0435377 0.319857 -0.0640754
1557764255246 0.0335151 0.315498 -0.0653207
1557764255347 0.0240839 0.313873 -0.0680428
1557764255447 0.0121256 0.310737 -0.0644139
1557764255547 0.0101704 0.311296 -0.0634843
1557764255648 0.00270905 0.309609 -0.0641775
1557764255748 -0.00081851 0.312163 -0.0656037
1557764255848 -0.00279226 0.307528 -0.0648143
1557764255949 -0.0108118 0.3088 -0.0609322
1557764256049 -0.0108352 0.30344 -0.0620586
1557764256149 -0.0163463 0.301027 -0.0646677
1557764256250 -0.0159635 0.302462 -0.0679531
1557764256350 -0.0222314 0.302042 -0.0658233
1557764256451 -0.0257775 0.299401 -0.0673897
1557764256551 -0.0206933 0.298886 -0.0703704
1557764256651 -0.0251901 0.297438 -0.0660483
1557764256752 -0.0242296 0.296578 -0.0699646
1557764256852 -0.0252194 0.296443 -0.0719651
1557764256952 -0.0242198 0.296909 -0.0679923
1557764257053 -0.0263787 0.296337 -0.0678853
1557764257153 -0.0207177 0.298057 -0.0753011
1557764257253 -0.0242247 0.296744 -0.0689785
1557764257354 -0.0257971 0.298738 -0.0713343
1557764257454 -0.0240455 0.297046 -0.0730865
1557764257554 -0.0250109 0.297741 -0.0701564
1557764257655 -0.0216831 0.298751 -0.0723709
1557764257755 -0.0254182 0.295476 -0.0718016
1557764257855 -0.0261946 0.296805 -0.0710072
1557764257956 -0.0240455 0.297046 -0.0730865
1557764258056 -0.0242492 0.295914 -0.0739091
1557764258157 -0.0242394 0.296246 -0.0719369
1557764258257 -0.0250256 0.297243 -0.0731148
1557764258357 -0.0244381 0.29528 -0.0717734
1557764258458 -0.0244381 0.29528 -0.0717734
1557764258558 -0.0263884 0.296005 -0.0698576
1557764258658 -0.023274 0.295552 -0.074867
1557764258759 -0.014629 0.298174 -0.0733229
1557764258859 -0.00244755 0.303106 -0.0721846
1557764258960 0.0103262 0.306239 -0.0687188
1557764259060 0.0231136 0.314401 -0.0660987
1557764259160 0.0444454 0.312641 -0.075035
1557764259261 0.0542693 0.316033 -0.0736261
1557764259361 0.0660678 0.31953 -0.0692024
1557764259461 0.0772692 0.324658 -0.0680923
1557764259561 0.090227 0.32826 -0.0677484
1557764259662 0.104141 0.326305 -0.0685026
1557764259762 0.118656 0.331946 -0.0725656
1557764259863 0.129043 0.332546 -0.074746
1557764259963 0.143577 0.33885 -0.0748644
1557764260064 0.153003 0.34031 -0.0731285
1557764260164 0.166912 0.34272 -0.0786731
1557764260264 0.175946 0.342413 -0.0756241
1557764260365 0.183412 0.344266 -0.0739447
1557764260465 0.192217 0.346528 -0.0804531
1557764260565 0.195953 0.345272 -0.0772182
1557764260666 0.196142 0.345907 -0.079354
1557764260766 0.19752 0.343112 -0.0758486
1557764260866 0.197714 0.343913 -0.0769982
1557764260967 0.195759 0.344472 -0.0760686
1557764261067 0.188297 0.342785 -0.0767619
1557764261168 0.171643 0.341765 -0.0724516
1557764261268 0.148288 0.337232 -0.0725874
1557764261368 0.130455 0.335443 -0.0681418
1557764261469 0.118108 0.335237 -0.0660179
1557764261569 0.105941 0.330803 -0.0641978
1557764261670 0.0931867 0.328333 -0.0637191
1557764261770 0.0798695 0.328656 -0.0596512
1557764261871 0.0666983 0.32359 -0.06279
1557764261971 0.0527849 0.321013 -0.0582315
1557764262071 0.0427672 0.316821 -0.0584907
1557764262172 0.030619 0.317581 -0.0565303
1557764262272 0.0188214 0.309554 -0.0571497
1557764262372 0.00607109 0.311781 -0.0594892
1557764262473 -0.00079308 0.308462 -0.0568688
1557764262573 -0.00845321 0.305808 -0.0573985
1557764262673 -0.0137509 0.304859 -0.0572127
1557764262774 -0.0164874 0.306582 -0.0564748
1557764262874 -0.0137558 0.304693 -0.0581988
1557764262974 -0.0155122 0.306219 -0.0574327
1557764263075 -0.0125819 0.305297 -0.0593202
1557764263175 -0.0137607 0.304528 -0.0591849
1557764263275 -0.0118006 0.304134 -0.0591285
1557764263376 -0.0106169 0.305069 -0.0582776
1557764263477 -0.0135619 0.305494 -0.0593485
1557764263577 -0.0137558 0.304693 -0.0581988
1557764263677 -0.0127709 0.304662 -0.0571844
1557764263777 -0.0127709 0.304662 -0.0571844
1557764263878 -0.0139545 0.303727 -0.0580353
1557764263979 -0.0120091 0.302836 -0.0609372
1557764264079 -0.0141484 0.302927 -0.0568856
1557764264179 -0.0108254 0.303771 -0.0600864
1557764264279 -0.0133915 0.300934 -0.0616246
1557764264380 -0.0114168 0.301038 -0.0586097
1557764264480 -0.00986006 0.303077 -0.0630165
1557764264580 -0.013183 0.302232 -0.0598158
1557764264680 -0.0131781 0.302398 -0.0588297
1557764264781 -0.0110388 0.302307 -0.0628812
1557764264881 -0.0114266 0.300707 -0.0605819
1557764264981 -0.0131683 0.30273 -0.0568574
1557764265082 -0.0100588 0.302111 -0.062853
1557764265182 -0.0112278 0.301673 -0.0607455
1557764265283 -0.00907388 0.30208 -0.0618386
1557764265383 -0.0143618 0.301463 -0.0596805
1557764265484 -0.010049 0.302442 -0.0608807
1557764265584 -0.0133817 0.301266 -0.0596523
1557764265684 -0.010049 0.302442 -0.0608807
1557764265785 -0.0112278 0.301673 -0.0607455
1557764265885 -0.0110291 0.302639 -0.060909
1557764265985 -0.012203 0.302035 -0.0597876
1557764266086 -0.00985029 0.303409 -0.0610443
1557764266186 -0.0112229 0.301839 -0.0597593
1557764266287 -0.0118153 0.303636 -0.0620869
1557764266387 -0.0112229 0.301839 -0.0597593
1557764266488 -0.011034 0.302473 -0.0618951
1557764266588 -0.00887513 0.303046 -0.0620021
1557764266688 -0.00907876 0.301914 -0.0628248
1557764266789 -0.011034 0.302473 -0.0618951
1557764266889 -0.0108352 0.30344 -0.0620586
1557764266990 -0.0112327 0.301507 -0.0617316
1557764267090 -0.011034 0.302473 -0.0618951
1557764267190 -0.0108303 0.303605 -0.0610725
1557764267291 -0.0120091 0.302836 -0.0609372
1557764267391 -0.0122176 0.301538 -0.062746
1557764267492 -0.0110291 0.302639 -0.060909
1557764267592 -0.0112278 0.301673 -0.0607455
1557764267692 -0.0112327 0.301507 -0.0617316
1557764267793 -0.0110291 0.302639 -0.060909
1557764267893 -0.0100588 0.302111 -0.062853
1557764267994 -0.0110242 0.302805 -0.0599228
1557764268094 -0.0102478 0.301476 -0.0607172
1557764268195 -0.00985029 0.303409 -0.0610443
1557764268295 -0.0108303 0.303605 -0.0610725
1557764268395 -0.011034 0.302473 -0.0618951
1557764268496 -0.00867639 0.304012 -0.0621657
1557764268596 -0.0141679 0.302263 -0.0608302
1557764268697 -0.0129891 0.303033 -0.0609655
1557764268797 -0.0100539 0.302276 -0.0618669
1557764268897 -0.0108401 0.303274 -0.0630448
1557764268998 -0.0100539 0.302276 -0.0618669
1557764269098 -0.00908365 0.301748 -0.0638109
1557764269199 -0.012203 0.302035 -0.0597876
1557764269299 -0.0100637 0.301945 -0.0638391
1557764269400 -0.0114314 0.300541 -0.0615681
1557764269500 -0.0104416 0.300676 -0.0595676
1557764269600 -0.0110291 0.302639 -0.060909
1557764269701 -0.0120091 0.302836 -0.0609372
1557764269801 -0.00907388 0.30208 -0.0618386
1557764269901 -0.00337871 0.304961 -0.0623515
1557764270002 0.00861373 0.309258 -0.0590774
1557764270102 0.0259038 0.314503 -0.0559891
1557764270203 0.0505928 0.314749 -0.0612231
1557764270303 0.075504 0.321321 -0.0654942
1557764270403 0.0937644 0.326038 -0.06435
1557764270504 0.105568 0.3297 -0.0589401
1557764270604 0.125574 0.33709 -0.0643385
1557764270705 0.140856 0.33654 -0.0673638
1557764270805 0.154799 0.340111 -0.0660055
1557764270906 0.169294 0.345089 -0.074013
1557764271006 0.183018 0.34703 -0.0764357
1557764271106 0.193618 0.349093 -0.0758213
1557764271207 0.206737 0.347804 -0.0797257
1557764271307 0.213233 0.350186 -0.0761023
1557764271407 0.218128 0.349036 -0.0769472
1557764271508 0.220685 0.351542 -0.0773813
1557764271608 0.222446 0.350182 -0.0771613
1557764271709 0.221461 0.350213 -0.0781756
1557764271809 0.214781 0.347362 -0.0786771
1557764271910 0.195957 0.345438 -0.0762321
1557764272010 0.171643 0.341765 -0.0724516
1557764272110 0.144955 0.336055 -0.0713589
1557764272211 0.123774 0.332592 -0.0686434
1557764272311 0.103574 0.328932 -0.0658995
1557764272412 0.0861003 0.318688 -0.0620616
1557764272512 0.0611598 0.31112 -0.0637073
1557764272613 0.0489442 0.305028 -0.0717486
1557764272713 0.0350601 0.303447 -0.0612733
1557764272813 0.0242279 0.294725 -0.0648229
1557764272913 0.0133996 0.290701 -0.0711907
1557764273014 0.00706422 0.283428 -0.0790625
1557764273115 0.00846519 0.290524 -0.0782349
1557764273215 0.0127965 0.296697 -0.0792948
1557764273316 0.0165306 0.304503 -0.0836684
1557764273416 0.0195088 0.30977 -0.0794988
1557764273516 0.0237923 0.309755 -0.0866158
1557764273617 0.0268402 0.297918 -0.0978227
1557764273717 0.00647968 0.294619 -0.0870263
1557764273817 0.0122876 0.286419 -0.0978446
1557764273918 -0.0317203 0.293895 -0.0765747
1557764274018 -0.0555152 0.281406 -0.0814544
1557764274119 -0.0810344 0.280664 -0.0862735
1557764274219 -0.102497 0.28378 -0.0633679
1557764274319 -0.125438 0.277146 -0.0570681
1557764274420 -0.125268 0.277117 -0.0631484
1557764274520 -0.122086 0.278986 -0.054352
1557764274620 -0.122519 0.284954 -0.0685364
1557764274721 -0.118407 0.271209 -0.0591465
1557764274821 -0.122863 0.284846 -0.0573619
1557764274922 -0.114864 0.287442 -0.0689928
1557764275022 -0.114465 0.280313 -0.0617113
1557764275122 -0.109769 0.282727 -0.066197
1557764275223 -0.118144 0.292621 -0.0607211
1557764275323 -0.108387 0.284629 -0.0655096
1557764275424 -0.114399 0.296227 -0.0593182
1557764275524 -0.108721 0.289384 -0.0561671
1557764275625 -0.105773 0.293656 -0.0579143
1557764275725 -0.104647 0.28807 -0.0650929
1557764275825 -0.105957 0.293187 -0.0547924
1557764275926 -0.110502 0.29008 -0.0603316
1557764276026 -0.105962 0.293021 -0.0557785
1557764276127 0.0365109 0.29932 -0.011766
1557764276227 0.0373506 0.304176 -0.0126097
1557764276327 0.0263978 0.320706 0.000960448
1557764276428 0.0335595 0.320492 -0.00692311
1557764276529 0.0340805 0.318159 -0.0162263
1557764276629 0.0367712 0.316734 -0.0157305
1557764276729 0.0361843 0.316755 -0.0226332
1557764276830 0.0368335 0.315403 -0.0232185
1557764276930 0.0373502 0.315306 -0.0238634
1557764277030 0.0373502 0.315306 -0.0238634
1557764277131 0.0355414 0.315121 -0.0254459
1557764277231 0.036114 0.31533 -0.0248298
1557764277331 0.0336983 0.315188 -0.0262415
1557764277432 0.0337384 0.315507 -0.0247228
1557764277532 0.0320571 0.315521 -0.0265973
1557764277633 0.0318703 0.315369 -0.0268012
1557764277733 0.0309555 0.315429 -0.0270708
1557764277834 0.0312311 0.315275 -0.0275945
1557764277934 0.0294965 0.315303 -0.0287039
1557764278035 0.029664 0.315427 -0.0283971
1557764278135 0.0292675 0.315635 -0.0273362
1557764278236 0.0277454 0.315437 -0.0289738
1557764278336 0.0280583 0.31523 -0.0310224
1557764278436 0.0261112 0.314943 -0.031046
1557764278537 0.0261112 0.314943 -0.031046
1557764278637 0.0280953 0.31505 -0.030546
1557764278737 0.027453 0.314856 -0.0317526
1557764278838 0.0268283 0.314628 -0.0319187
1557764278938 0.0265291 0.314776 -0.0319616
1557764279038 0.0279839 0.314671 -0.0326307
1557764279139 0.0290884 0.314703 -0.0326631
1557764279239 0.0287105 0.314707 -0.0336672
1557764279339 0.0280405 0.314484 -0.0346899
1557764279440 0.028972 0.314536 -0.0352276
1557764279540 0.0344409 0.314377 -0.0363111
1557764279641 0.0436789 0.313937 -0.0372168
1557764279741 0.0458635 0.314014 -0.0381384
1557764279842 0.0473234 0.313971 -0.0393959
1557764279942 0.0528171 0.313253 -0.041303
1557764280042 0.0528171 0.313253 -0.041303
1557764280143 0.0510884 0.313766 -0.0421076
1557764280243 0.0536703 0.313435 -0.0436253
1557764280343 0.0528606 0.313472 -0.0427465
1557764280444 0.0543979 0.313286 -0.0445349
1557764280544 0.0479468 0.31531 -0.0468526
1557764280644 0.0534469 0.313723 -0.0451679
1557764280745 0.0538044 0.313799 -0.0445834
1557764280845 0.0533034 0.313925 -0.0444514
1557764280946 0.0501137 0.315028 -0.0457523
1557764281046 0.0475485 0.316032 -0.0453007
1557764281146 0.0467325 0.316089 -0.0467116
1557764281247 0.0458703 0.316419 -0.0479927
1557764281347 0.0473565 0.31631 -0.0499429
1557764281448 0.0474901 0.316328 -0.0506
1557764281548 0.0453664 0.316737 -0.0503192
1557764281648 0.0441532 0.316822 -0.0520298
1557764281749 0.0453621 0.316697 -0.0513264
1557764281849 0.0449132 0.316552 -0.0503974
1557764281949 0.0449375 0.316593 -0.0518778
1557764282050 0.0449375 0.316593 -0.0518778
1557764282150 0.0456538 0.316459 -0.0518117
1557764282251 0.0442135 0.316749 -0.0522879
1557764282351 0.0452928 0.316485 -0.0520734
1557764282451 0.0454419 0.316577 -0.0514695
1557764282552 0.0456334 0.316621 -0.0514586
1557764282652 0.0455209 0.316671 -0.0524179
1557764282752 0.045995 0.316657 -0.0534691
1557764282853 0.0450812 0.31674 -0.0547621
1557764282953 0.0437308 0.316981 -0.0595479
1557764283053 0.0411008 0.317132 -0.0650888
1557764283154 0.0518826 0.320685 -0.0684244
1557764283254 0.0647791 0.319623 -0.0722395
1557764283355 0.0729075 0.324355 -0.0715043
1557764283455 0.0395485 0.317182 -0.0666793
1557764283555 0.0537206 0.32303 -0.071033
1557764283656 0.0633283 0.326614 -0.0755983
1557764283756 0.0739437 0.328658 -0.075967
1557764283857 0.0411356 0.316627 -0.0678153
1557764283957 0.0513818 0.31674 -0.0678621
1557764284057 0.0635501 0.317741 -0.0723264
1557764284158 0.0768631 0.320154 -0.0791776
1557764284258 0.0870758 0.321553 -0.0835074
1557764284358 0.0947062 0.322102 -0.0782659
1557764284459 0.108404 0.325806 -0.0833318
1557764284559 0.120004 0.32455 -0.0894032
1557764284659 0.130434 0.325629 -0.0896281
1557764284760 0.139903 0.326263 -0.0876442
1557764284860 0.146588 0.329745 -0.08992
1557764284961 0.151929 0.331492 -0.0917722
1557764285061 0.158874 0.330266 -0.091261
1557764285161 0.157185 0.332434 -0.0924646
1557764285262 0.157796 0.330302 -0.0921755
1557764285362 0.042901 0.316649 -0.0655298
1557764285462 0.040954 0.317054 -0.0653168
1557764285563 0.0419275 0.316851 -0.0654233
1557764285663 0.0417036 0.316884 -0.0663364
1557764285763 0.0403593 0.316885 -0.0690868
1557764285864 0.040047 0.315787 -0.069921
1557764285964 0.035908 0.314773 -0.0682357
1557764286064 0.0309788 0.314931 -0.0665989
1557764286165 0.0135614 0.312766 -0.0620228
1557764286265 -0.00157173 0.309364 -0.062667
1557764286366 -0.021477 0.303123 -0.0541916
1557764286466 -0.0468749 0.30159 -0.0486601
1557764286566 -0.0724572 0.299086 -0.0429792
1557764286667 -0.0923248 0.289349 -0.0371073
1557764286767 -0.109828 0.289463 -0.0378974
1557764286868 -0.122761 0.292188 -0.0294522
1557764286968 -0.13584 0.290446 -0.0234611
1557764287069 -0.14294 0.293529 -0.01887
1557764287169 -0.149653 0.29072 -0.0186516
1557764287269 -0.158258 0.289156 -0.0193648
1557764287370 -0.16894 0.287866 -0.0208601
1557764287470 -0.175212 0.286282 -0.0188239
1557764287570 -0.184593 0.284328 -0.0163361
1557764287671 -0.189578 0.283641 -0.0135663
1557764287771 -0.195075 0.282447 -0.0147311
1557764287872 -0.195553 0.284718 -0.0139455
1557764287972 -0.195794 0.282902 -0.0126631
1557764288072 -0.196121 0.283365 -0.016747
1557764288173 -0.192408 0.281592 -0.0170006
1557764288273 -0.194962 0.284136 -0.0169972
1557764288374 -0.194357 0.281993 -0.0167992
1557764288474 -0.190459 0.281191 -0.0172021
1557764288575 -0.194044 0.283091 -0.0159649
1557764288675 -0.195019 0.283292 -0.0158642
1557764288775 -0.193254 0.281919 -0.0159163
1557764288876 -0.194229 0.28212 -0.0158155
1557764288976 -0.193325 0.282637 -0.0180329
1557764289077 -0.19097 0.280683 -0.0211367
1557764289177 -0.194413 0.281148 -0.0156661
1557764289278 -0.193765 0.281411 -0.0198508
1557764289378 -0.192663 0.281338 -0.0189679
1557764289478 -0.194484 0.281866 -0.0177828
1557764289579 -0.191575 0.282826 -0.0213347
1557764289679 -0.195515 0.281222 -0.016549
1557764289780 -0.191745 0.280293 -0.0179357
1557764289880 -0.193765 0.281411 -0.0198508
1557764289981 -0.193638 0.281538 -0.0188672
1557764290081 -0.193581 0.282383 -0.0200002
1557764290181 -0.193638 0.281538 -0.0188672
1557764290281 -0.193453 0.28251 -0.0190165
1557764290382 -0.192791 0.281211 -0.0199516
1557764290482 -0.193231 0.279985 -0.0217694
1557764290583 -0.193581 0.282383 -0.0200002
1557764290683 -0.194484 0.281866 -0.0177828
1557764290783 -0.192975 0.280239 -0.0198022
1557764290883 -0.192791 0.281211 -0.0199516
1557764290984 -0.191632 0.281982 -0.0202017
1557764291084 -0.194924 0.28064 -0.0196007
1557764291185 -0.191944 0.280883 -0.0210359
1557764291285 -0.192919 0.281084 -0.0209352
1557764291386 -0.192975 0.280239 -0.0198022
1557764291486 -0.191225 0.280429 -0.0231039
1557764291587 -0.191353 0.280302 -0.0240876
1557764291687 -0.19141 0.279457 -0.0229546
1557764291787 -0.192824 0.278432 -0.0246717
1557764291888 -0.190322 0.280946 -0.0253213
1557764291988 -0.190435 0.279257 -0.0230553
1557764292088 -0.190563 0.27913 -0.0240389
1557764292189 -0.190563 0.27913 -0.0240389
1557764292289 -0.190634 0.279847 -0.0261556
1557764292389 -0.190563 0.27913 -0.0240389
1557764292490 -0.191353 0.280302 -0.0240876
1557764292590 -0.191666 0.279203 -0.0249218
1557764292690 -0.192512 0.279531 -0.0238375
1557764292791 -0.189844 0.278675 -0.026107
1557764292891 -0.18966 0.279647 -0.0262563
1557764292991 -0.189788 0.27952 -0.02724
1557764293092 -0.190213 0.276732 -0.0258082
1557764293192 -0.189603 0.280491 -0.0273893
1557764293293 0.0271562 0.304961 -0.0484327
1557764293393 0.0130892 0.300114 -0.0773519
1557764293493 0.0187894 0.298581 -0.0814384
1557764293594 0.011901 0.285062 -0.0928595
1557764293694 0.0161964 0.286215 -0.098357
1557764293794 0.0226716 0.292231 -0.0324876
1557764293895 0.0267363 0.299345 -0.033338
1557764293995 0.0271259 0.301397 -0.0325408
1557764294095 0.027567 0.298201 -0.0333069
1557764294195 0.0268904 0.300328 -0.0334359
1557764294296 0.0274855 0.298115 -0.0342999
1557764294397 0.0140077 0.313353 -0.044229
1557764294497 0.0140077 0.313353 -0.044229
1557764294598 0.00791957 0.30963 -0.0530213
1557764294698 0.00271868 0.30615 -0.0498257
1557764294798 0.00705987 0.30527 -0.0506926
1557764294899 0.0180026 0.30317 -0.0436312
1557764294999 0.0170218 0.303051 -0.0442271
1557764295099 0.0170218 0.303051 -0.0442271
1557764295200 0.0170218 0.303051 -0.0442271
1557764295300 0.0158987 0.302204 -0.0440805
1557764295401 0.0159359 0.302326 -0.0430887
1557764295501 0.0169845 0.302928 -0.0452189
1557764295601 0.017975 0.302792 -0.0452393
1557764295702 0.016682 0.30084 -0.0459583
1557764295802 0.0169473 0.302806 -0.0462107
1557764295903 0.0148337 0.302095 -0.0460437
1557764296003 0.0168147 0.301823 -0.0460845
1557764296103 0.0169101 0.302684 -0.0472025
1557764296204 0.0147011 0.301112 -0.0459175
1557764296304 0.0167774 0.301701 -0.0470763
1557764296404 0.0169473 0.302806 -0.0462107
1557764296505 0.0179959 0.303408 -0.0483409
1557764296605 0.0179005 0.302547 -0.0472229
1557764296706 0.0158242 0.301959 -0.0460641
1557764296806 0.014871 0.302218 -0.0450519
1557764296906 0.0169473 0.302806 -0.0462107
1557764297006 0.0180704 0.303653 -0.0463573
1557764297107 0.0179005 0.302547 -0.0472229
1557764297207 0.0157288 0.301098 -0.0449461
1557764297308 0.0168519 0.301945 -0.0450927
1557764297408 0.0167193 0.300962 -0.0449665
1557764297508 0.0216716 0.300281 -0.0450684
1557764297609 0.0242366 0.303569 -0.0405288
1557764297709 0.0281443 0.294529 -0.0355277
1557764297810 0.0496112 0.288828 -0.033614
1557764297910 0.0637475 0.289997 -0.0413468
1557764298011 0.085319 0.287376 -0.054941
1557764298111 0.094884 0.283803 -0.0568761
1557764298211 0.113529 0.287865 -0.0611018
1557764298312 0.127598 0.286076 -0.0523349
1557764298412 0.141921 0.287856 -0.0551087
1557764298513 0.163699 0.286463 -0.0668456
1557764298613 0.168229 0.289973 -0.0664401
1557764298714 0.179261 0.290567 -0.0739856
1557764298814 0.184462 0.292346 -0.0784333
1557764298914 0.188561 0.293895 -0.085836
1557764299015 0.190729 0.294234 -0.0809178
1557764299115 0.184993 0.296279 -0.0789381
1557764299215 0.183161 0.29704 -0.0749302
1557764299316 0.180803 0.29498 -0.0776124
1557764299416 0.174155 0.289649 -0.0706558
1557764299516 0.165129 0.281642 -0.0632799
1557764299617 0.161573 0.27849 -0.0677991
1557764299717 0.156476 0.270925 -0.0686915
1557764299818 0.15953 0.264115 -0.0709912
1557764299918 0.161851 0.266053 -0.0693008
1557764300018 0.170533 0.261873 -0.0610451
1557764300119 0.167321 0.274841 -0.0584904
1557764300219 0.175254 0.284838 -0.0832113
1557764300319 0.15828 0.302793 -0.0958792
1557764300420 0.13979 0.318063 -0.115217
1557764300520 0.0928093 0.296907 -0.147142
1557764300620 0.11811 0.256215 -0.21567
1557764300721 0.107028 0.226571 -0.212607
1557764300821 0.129407 0.193672 -0.278961
1557764300922 0.118563 0.176958 -0.3017
1557764301022 0.13527 0.148062 -0.326995
1557764301122 0.161752 0.143527 -0.334488
1557764301223 0.139793 0.176059 -0.29432
1557764301323 0.133549 0.161989 -0.307474
1557764301423 0.131411 0.146753 -0.309548
1557764301524 0.143237 0.135513 -0.297515
1557764301624 0.140597 0.144779 -0.291501
1557764301724 0.139404 0.135931 -0.290365
1557764301825 0.135305 0.14325 -0.29313
1557764301926 0.130046 0.149599 -0.29674
1557764302026 0.12976 0.147016 -0.293386
1557764302126 0.125691 0.139438 -0.293307
1557764302227 0.129665 0.146155 -0.292268
1557764302327 0.126324 0.150383 -0.286615
1557764302427 0.129055 0.140868 -0.286552
1557764302528 0.1261 0.140783 -0.282398
1557764302628 0.122292 0.142927 -0.285544
1557764302728 0.123378 0.143652 -0.286682
1557764302829 0.128098 0.148883 -0.288513
1557764302929 0.126577 0.145087 -0.287988
1557764303030 0.125682 0.146084 -0.289085
1557764303130 0.125491 0.144363 -0.286849
1557764303230 0.124633 0.145482 -0.286955
1557764303330 0.124633 0.145482 -0.286955
1557764303431 0.123436 0.14439 -0.288792
1557764303531 0.124389 0.144132 -0.289804
1557764303632 0.124426 0.144254 -0.288812
1557764303732 0.123473 0.144513 -0.2878
1557764303833 0.124426 0.144254 -0.288812
1557764303933 0.123701 0.146357 -0.289044
1557764304034 0.122652 0.145754 -0.286914
1557764304134 0.122483 0.144649 -0.28778
1557764304234 0.123738 0.146479 -0.288053
1557764304335 0.122711 0.146493 -0.289024
1557764304435 0.122615 0.145632 -0.287906
1557764304536 0.123606 0.145496 -0.287926
1557764304636 0.122652 0.145754 -0.286914
1557764304736 0.12351 0.144635 -0.286808
1557764304837 0.122483 0.144649 -0.28778
1557764304937 0.122483 0.144649 -0.28778
1557764305038 0.12252 0.144771 -0.286788
1557764305138 0.121529 0.144908 -0.286768
1557764305239 0.12252 0.144771 -0.286788
1557764305339 0.121529 0.144908 -0.286768
1557764305439 0.121529 0.144908 -0.286768
1557764305540 0.121529 0.144908 -0.286768
1557764305640 0.121529 0.144908 -0.286768
1557764305740 0.120576 0.145166 -0.285756
1557764305841 0.121567 0.14503 -0.285776
1557764305941 0.121397 0.143924 -0.286641
1557764306042 0.121434 0.144047 -0.28565
1557764306142 0.120502 0.144921 -0.287739
1557764306242 0.120444 0.144183 -0.285629
1557764306343 0.121567 0.14503 -0.285776
1557764306443 0.120444 0.144183 -0.285629
1557764306543 0.120406 0.144061 -0.286621
1557764306644 0.120444 0.144183 -0.285629
1557764306744 0.120576 0.145166 -0.285756
1557764306845 0.120444 0.144183 -0.285629
1557764306945 0.120274 0.143078 -0.286495
1557764307045 0.120576 0.145166 -0.285756
1557764307146 0.120406 0.144061 -0.286621
1557764307246 0.120576 0.145166 -0.285756
1557764307346 0.120444 0.144183 -0.285629
1557764307447 0.11949 0.144441 -0.284617
1557764307547 0.120613 0.145288 -0.284764
1557764307648 0.11932 0.143336 -0.285483
1557764307748 0.119453 0.144319 -0.285609
1557764307848 0.119453 0.144319 -0.285609
1557764307949 0.11949 0.144441 -0.284617
1557764308050 0.119453 0.144319 -0.285609
1557764308150 0.120311 0.1432 -0.285503
1557764308250 0.1185 0.144578 -0.284597
1557764308351 0.119358 0.143458 -0.284491
1557764308451 0.11949 0.144441 -0.284617
1557764308552 0.119453 0.144319 -0.285609
1557764308652 0.11949 0.144441 -0.284617
1557764308752 0.119453 0.144319 -0.285609
1557764308853 0.119283 0.143214 -0.286475
1557764308953 0.120385 0.143444 -0.28352
1557764309054 0.117472 0.144592 -0.285568
1557764309154 0.11833 0.143472 -0.285462
1557764309254 0.117547 0.144836 -0.283585
1557764309355 0.117679 0.145819 -0.283711
1557764309455 0.11867 0.145683 -0.283731
1557764309555 0.117642 0.145697 -0.284703
1557764309656 0.1185 0.144578 -0.284597
1557764309756 0.118537 0.1447 -0.283605
1557764309856 0.11867 0.145683 -0.283731
1557764309957 0.117509 0.144714 -0.284576
1557764310057 0.118404 0.143717 -0.283479
1557764310158 0.118272 0.142734 -0.283353
1557764310258 0.119358 0.143458 -0.284491
1557764310359 0.117339 0.143609 -0.285442
1557764310459 0.117547 0.144836 -0.283585
1557764310559 0.118404 0.143717 -0.283479
1557764310660 0.1185 0.144578 -0.284597
1557764310760 0.117377 0.143731 -0.28445
1557764310860 0.118442 0.143839 -0.282487
1557764310961 0.117509 0.144714 -0.284576
1557764311061 0.116386 0.143867 -0.28443
1557764311161 0.117547 0.144836 -0.283585
1557764311262 0.116386 0.143867 -0.28443
1557764311363 0.117584 0.144959 -0.282593
1557764311463 0.117509 0.144714 -0.284576
1557764311563 0.118404 0.143717 -0.283479
1557764311664 0.116461 0.144112 -0.282446
1557764311764 0.118537 0.1447 -0.283605
1557764311865 0.117451 0.143975 -0.282467
1557764311965 0.117451 0.143975 -0.282467
1557764312066 0.117451 0.143975 -0.282467
1557764312166 0.117414 0.143853 -0.283458
1557764312266 0.117451 0.143975 -0.282467
1557764312366 0.117584 0.144959 -0.282593
1557764312467 0.117584 0.144959 -0.282593
1557764312567 0.116631 0.145217 -0.281581
1557764312668 0.116461 0.144112 -0.282446
1557764312768 0.117451 0.143975 -0.282467
1557764312869 0.116461 0.144112 -0.282446
1557764312969 0.115433 0.144126 -0.283418
1557764313069 0.117451 0.143975 -0.282467
1557764313170 0.115566 0.145109 -0.283544
1557764313270 0.116556 0.144972 -0.283564
1557764313371 0.115566 0.145109 -0.283544
1557764313471 0.116593 0.145095 -0.282572
1557764313571 0.115566 0.145109 -0.283544
1557764313672 0.116726 0.146078 -0.282699
1557764313772 0.114671 0.146106 -0.284641
1557764313872 0.116917 0.147799 -0.284935
1557764313973 0.114612 0.145367 -0.282532
1557764314073 0.123125 0.148948 -0.285309
1557764314174 0.108367 0.144096 -0.283149
1557764314274 0.121492 0.144785 -0.287759
1557764314374 0.116282 0.149653 -0.27909
1557764314475 0.119216 0.149122 -0.280143
1557764314576 0.120439 0.143073 -0.278434
1557764314676 0.116954 0.147922 -0.283943
1557764314776 0.118056 0.148152 -0.280988
1557764314876 0.118189 0.149136 -0.281114
1557764314977 0.12 0.147758 -0.28202
1557764315077 0.122416 0.150557 -0.281448
1557764315178 0.121065 0.147866 -0.280057
1557764315278 0.119275 0.14986 -0.282252
1557764315379 0.119482 0.151088 -0.280395
1557764315479 0.119904 0.146897 -0.280902
1557764315579 0.122511 0.151418 -0.282566
1557764315679 0.122756 0.152768 -0.279717
1557764315780 0.12225 0.141695 -0.279341
1557764315880 0.129598 0.152063 -0.285936
1557764315980 0.12213 0.156841 -0.288262
1557764316081 0.128719 0.152566 -0.282941
1557764316181 0.124878 0.146832 -0.284106
1557764316282 0.124567 0.15139 -0.280623
1557764316382 0.119904 0.146897 -0.280902
1557764316482 0.123693 0.153003 -0.284822
1557764316583 0.12506 0.1552 -0.28212
1557764316683 0.125918 0.15408 -0.282014
1557764316783 0.124492 0.151145 -0.282607
1557764316884 0.126643 0.151978 -0.281782
1557764316984 0.125578 0.15187 -0.283745
1557764317085 0.123634 0.152264 -0.282713
1557764317185 0.124757 0.153111 -0.282859
1557764317285 0.125822 0.15322 -0.280896
1557764317386 0.122644 0.152401 -0.282692
1557764317486 0.123369 0.150298 -0.28246
1557764317586 0.123767 0.153248 -0.282839
1557764317687 0.122644 0.152401 -0.282692
1557764317787 0.123672 0.152387 -0.281721
1557764317888 0.122644 0.152401 -0.282692
1557764317988 0.122814 0.153506 -0.281827
1557764318088 0.123634 0.152264 -0.282713
1557764318189 0.123672 0.152387 -0.281721
1557764318289 0.123767 0.153248 -0.282839
1557764318389 0.123767 0.153248 -0.282839
1557764318490 0.123804 0.15337 -0.281847
1557764318590 0.122777 0.153384 -0.282818
1557764318691 0.123767 0.153248 -0.282839
1557764318791 0.123634 0.152264 -0.282713
1557764318891 0.123767 0.153248 -0.282839
1557764318992 0.123804 0.15337 -0.281847
1557764319092 0.123767 0.153248 -0.282839
1557764319193 0.123767 0.153248 -0.282839
1557764319293 0.12472 0.152989 -0.283851
1557764319393 0.123767 0.153248 -0.282839
1557764319494 0.123767 0.153248 -0.282839
1557764319594 0.123767 0.153248 -0.282839
1557764319694 0.124853 0.153972 -0.283977
1557764319795 0.1239 0.154231 -0.282965
1557764319895 0.123693 0.153003 -0.284822
1557764319996 0.12489 0.154094 -0.282985
1557764320096 0.12489 0.154094 -0.282985
1557764320197 0.1239 0.154231 -0.282965
1557764320297 0.124985 0.154955 -0.284103
1557764320398 0.122872 0.154245 -0.283936
1557764320498 0.123995 0.155091 -0.284083
1557764320598 0.12489 0.154094 -0.282985
1557764320699 0.123995 0.155091 -0.284083
1557764320799 0.125023 0.155078 -0.283112
1557764320899 0.121268 0.15685 -0.281173
1557764321000 0.123995 0.155091 -0.284083
1557764321100 0.123286 0.1567 -0.280222
1557764321201 0.126013 0.154941 -0.283132
1557764321301 0.1231 0.156088 -0.285181
1557764321402 0.123005 0.155228 -0.284063
1557764321502 0.123079 0.155472 -0.282079
1557764321603 0.123063 0.155966 -0.286172
1557764321703 0.125002 0.154461 -0.28001
1557764321804 0.12506 0.1552 -0.28212
1557764321904 0.122184 0.156469 -0.283177
1557764322005 0.122354 0.157575 -0.282311
1557764322105 0.124165 0.156197 -0.283217
1557764322205 0.12327 0.157194 -0.284315
1557764322306 0.123174 0.156333 -0.283197
1557764322406 0.124032 0.155214 -0.283091
1557764322507 0.122317 0.157452 -0.283303
1557764322607 0.123212 0.156455 -0.282205
1557764322707 0.123249 0.156578 -0.281213
1557764322808 0.123116 0.155595 -0.281087
1557764322908 0.123079 0.155472 -0.282079
1557764323009 0.123005 0.155228 -0.284063
1557764323109 0.124069 0.155336 -0.282099
1557764323210 0.121003 0.154884 -0.28092
1557764323310 0.122126 0.155731 -0.281067
1557764323410 0.122126 0.155731 -0.281067
1557764323511 0.122126 0.155731 -0.281067
1557764323611 0.122163 0.155853 -0.280075
1557764323711 0.122258 0.156714 -0.281193
1557764323812 0.122126 0.155731 -0.281067
1557764323912 0.123212 0.156455 -0.282205
1557764324013 0.122051 0.155486 -0.28305
1557764324113 0.121268 0.15685 -0.281173
1557764324213 0.122163 0.155853 -0.280075
1557764324314 0.122296 0.156836 -0.280201
1557764324414 0.122428 0.157819 -0.280327
1557764324515 0.122258 0.156714 -0.281193
1557764324615 0.123286 0.1567 -0.280222
1557764324715 0.121475 0.158078 -0.279315
1557764324816 0.122428 0.157819 -0.280327
1557764324917 0.121512 0.1582 -0.278323
1557764325017 0.121666 0.159799 -0.281551
1557764325117 0.122561 0.158802 -0.280454
1557764325218 0.122598 0.158925 -0.279462
1557764325318 0.122789 0.160646 -0.281698
1557764325419 0.12157 0.158939 -0.280433
1557764325519 0.122693 0.159786 -0.28058
1557764325619 0.122731 0.159908 -0.279588
1557764325720 0.120882 0.161163 -0.279673
1557764325820 0.122901 0.161013 -0.278722
1557764325921 0.123986 0.161738 -0.279861
1557764326021 0.122354 0.157575 -0.282311
1557764326121 0.1222 0.155975 -0.279083
1557764326221 0.122524 0.15868 -0.281445
1557764326322 0.121554 0.159433 -0.284527
1557764326422 0.120203 0.156742 -0.283136
1557764326523 0.119117 0.156017 -0.281997
1557764326623 0.117497 0.159117 -0.283327
1557764326723 0.118297 0.157259 -0.281111
1557764326824 0.128661 0.151828 -0.280831
1557764326924 0.14707 0.160693 -0.27959
1557764327024 0.132371 0.165446 -0.289707
1557764327125 0.119574 0.146906 -0.297023
1557764327225 0.12526 0.137476 -0.301116
1557764327326 0.114879 0.165066 -0.30312
1557764327426 0.125695 0.162213 -0.298133
1557764327526 0.122441 0.152283 -0.291745
1557764327627 0.123846 0.154602 -0.28805
1557764327727 0.125885 0.155068 -0.290201
1557764327827 0.123908 0.147584 -0.287187
1557764327928 0.127394 0.151602 -0.291846
1557764328028 0.127829 0.154674 -0.291233
1557764328129 0.128127 0.155652 -0.283299
1557764328229 0.128259 0.156635 -0.283425
1557764328330 0.125155 0.156061 -0.283238
1557764328430 0.126618 0.159118 -0.281653
1557764328530 0.125325 0.157166 -0.282372
1557764328631 0.127173 0.15591 -0.282287
1557764328731 0.126204 0.156663 -0.285368
1557764328831 0.127269 0.156771 -0.283405
1557764328932 0.127194 0.156527 -0.285388
1557764329032 0.128317 0.157374 -0.285535
1557764329132 0.12639 0.157274 -0.280409
1557764329233 0.125006 0.155571 -0.287205
1557764329333 0.128466 0.157863 -0.281568
1557764329433 0.126353 0.157152 -0.281401
1557764329534 0.124351 0.156808 -0.278258
1557764329634 0.119043 0.155773 -0.283981
1557764329735 0.124165 0.156197 -0.283217
1557764329835 0.12622 0.156169 -0.281275
1557764329935 0.122163 0.155853 -0.280075
1557764330036 0.12523 0.156305 -0.281254
1557764330136 0.120485 0.158214 -0.279295
1557764330237 0.126895 0.15948 -0.270617
1557764330337 0.122108 0.160157 -0.262455
1557764330438 0.128088 0.159462 -0.261585
1557764330538 0.12895 0.159453 -0.268674
1557764330638 0.124914 0.159753 -0.270576
1557764330739 0.123621 0.157801 -0.271295
1557764330839 0.125979 0.159861 -0.268613
1557764330940 0.118358 0.16304 -0.267711
1557764331040 0.127923 0.159467 -0.269646
1557764331140 0.12663 0.157514 -0.270365
1557764331241 0.124802 0.159386 -0.273552
1557764331341 0.123738 0.159278 -0.275515
1557764331441 0.124595 0.158158 -0.275409
1557764331542 0.123568 0.158172 -0.276381
1557764331642 0.122577 0.158309 -0.27636
1557764331743 0.123605 0.158295 -0.275389
1557764331843 0.12467 0.158403 -0.273426
1557764331944 0.125793 0.15925 -0.273572
1557764332044 0.124802 0.159386 -0.273552
1557764332144 0.124425 0.157053 -0.276275
1557764332245 0.124558 0.158036 -0.276401
1557764332345 0.123812 0.159522 -0.273531
1557764332445 0.122784 0.159536 -0.274503
1557764332546 0.123547 0.157556 -0.273279
1557764332646 0.123886 0.159767 -0.271548
1557764332747 0.123029 0.160886 -0.271654
1557764332847 0.123717 0.158661 -0.272413
1557764332947 0.123791 0.158906 -0.27043
1557764333048 0.12467 0.158403 -0.273426
1557764333148 0.126614 0.158008 -0.274458
1557764333248 0.122859 0.159781 -0.272519
1557764333349 0.125698 0.158389 -0.272454
1557764333449 0.123849 0.159645 -0.27254
1557764333550 0.12467 0.158403 -0.273426
1557764333650 0.12566 0.158267 -0.273446
1557764333750 0.124951 0.159875 -0.269585
1557764333851 0.125905 0.159617 -0.270597
1557764333951 0.124744 0.158648 -0.271442
1557764334052 0.123717 0.158661 -0.272413
1557764334152 0.128802 0.158963 -0.272642
1557764334253 0.122705 0.158182 -0.269291
1557764334353 0.123791 0.158906 -0.27043
1557764334453 0.125047 0.160736 -0.270703
1557764334554 0.124633 0.158281 -0.274417
1557764334654 0.123754 0.158784 -0.271422
1557764334755 0.125321 0.156056 -0.275177
1557764334855 0.123961 0.160011 -0.269564
1557764334956 0.125979 0.159861 -0.268613
1557764335056 0.126451 0.163055 -0.267008
1557764335157 0.126223 0.161211 -0.265764
1557764335257 0.122663 0.156949 -0.263088
1557764335357 0.123119 0.160637 -0.265577
1557764335458 0.126186 0.161089 -0.266756
1557764335558 0.1251 0.160364 -0.265617
1557764335658 0.133937 0.153851 -0.283295
1557764335759 0.133937 0.153851 -0.283295
1557764335859 0.133021 0.154232 -0.281291
1557764335960 0.132777 0.152882 -0.28414
1557764336060 0.131024 0.154999 -0.285344
1557764336160 0.130928 0.154138 -0.284226
1557764336261 0.132872 0.153743 -0.285258
1557764336361 0.132835 0.153621 -0.28625
1557764336462 0.132051 0.154985 -0.284372
1557764336562 0.130854 0.153893 -0.286209
1557764336663 0.130854 0.153893 -0.286209
1557764336763 0.132051 0.154985 -0.284372
1557764336863 0.129345 0.15736 -0.284564
1557764336964 0.133937 0.153851 -0.283295
1557764337064 0.130891 0.154016 -0.285217
1557764337165 0.131289 0.156965 -0.285596
1557764337265 0.132147 0.155845 -0.28549
1557764337366 0.132126 0.155229 -0.282389
1557764337466 0.133154 0.155215 -0.281417
1557764337566 0.134986 0.154454 -0.285425
1557764337667 0.131844 0.153757 -0.28623
1557764337767 0.132072 0.155601 -0.287474
1557764337868 0.131061 0.155121 -0.284352
1557764337968 0.132051 0.154985 -0.284372
1557764338069 0.108963 0.372891 -0.0393511
1557764338169 0.110046 0.375425 -0.0411969
1557764338269 0.109409 0.376754 -0.0402875
1557764338370 0.0480478 0.355759 0.0432299
1557764338470 0.045071 0.358213 0.0565026
1557764338570 0.0460469 0.358091 0.0566835
1557764338671 0.0458122 0.35913 0.0586499
1557764338771 0.0453193 0.360198 0.0565014
1557764338872 0.088428 0.351978 0.0244132
1557764338972 0.0780011 0.359673 0.0444864
1557764339073 0.0720734 0.358058 0.0290141
1557764339173 0.0529707 0.355043 0.011697
1557764339273 0.0522474 0.354877 0.00958767
1557764339374 0.050842 0.353182 0.0116256
1557764339475 0.0507857 0.354288 0.0125059
1557764339575 0.0501384 0.355113 0.0102923
1557764339675 0.052191 0.355982 0.010468
1557764339776 0.0838503 0.343939 0.016689
1557764339876 0.0830793 0.344866 0.0154453
1557764339977 0.0829523 0.342881 0.015653
1557764340077 0.0812446 0.339659 0.012703
1557764340177 0.0775876 0.335801 0.0217444
1557764340278 0.0727647 0.321728 0.0287208
1557764340378 0.0708278 0.312438 0.025412
1557764340479 0.0611541 0.30896 0.0151492
1557764340579 0.0519061 0.289218 0.00376028
1557764340679 0.0533466 0.290203 0.0140537
1557764340779 0.0481156 0.266719 0.0271366
1557764340880 0.0497934 0.254014 0.0319066
1557764340980 0.0656323 0.322507 0.0172904
1557764341080 0.0773289 0.351146 0.0297556
1557764341181 0.0706479 0.396535 0.0300766
1557764341282 0.0372237 0.410946 0.0302427
1557764341382 0.0402306 0.408856 0.0321377
1557764341482 0.0421877 0.406859 0.0310514
1557764341582 0.0392195 0.411947 0.0292355
1557764341683 -0.0334874 0.468859 0.046394
1557764341783 -0.0417402 0.486906 0.121365
1557764341884 -0.0417402 0.486906 0.121365
1557764341984 -0.0606184 0.469259 -0.0536634
1557764342084 -0.0616236 0.467199 -0.0528002
1557764342185 -0.0736199 0.467808 -0.0634392
1557764342285 -0.0764852 0.461034 -0.0423453
1557764342385 -0.0791784 0.460511 -0.0418825
1557764342486 -0.0753911 0.463263 -0.0451194
1557764342586 -0.0750621 0.462398 -0.0411478
1557764342687 -0.077289 0.462515 -0.0475318
1557764342787 -0.0702857 0.465189 -0.0561509
1557764342888 -0.0731341 0.462891 -0.05081
1557764342988 -0.0615506 0.467281 -0.0643411
1557764343089 -0.0745821 0.462657 -0.0510759
1557764343189 -0.0725856 0.461872 -0.0504454
1557764343289 -0.0718454 0.463966 -0.0501827
1557764343390 -0.0709033 0.467066 -0.0508931
1557764343490 -0.0702619 0.467159 -0.0496362
1557764343590 -0.0707955 0.463076 -0.0498569
1557764343691 -0.0715356 0.460983 -0.0501197
1557764343791 -0.0723836 0.462879 -0.0514186
1557764343891 -0.0708679 0.464141 -0.0467166
1557764343991 -0.0730091 0.467055 -0.0410664
1557764344092 -0.0907369 0.461059 -0.0603175
1557764344192 -0.0985716 0.446124 -0.046769
1557764344293 -0.0991231 0.419805 -0.0468722
1557764344393 -0.105491 0.383993 -0.0269993
1557764344493 -0.103908 0.362471 -0.00227449
1557764344594 -0.100499 0.347933 0.00507482
1557764344694 -0.120929 0.337047 0.00281316
1557764344795 -0.110805 0.328419 0.00771794
1557764344895 -0.14083 0.363608 0.00213147
1557764344996 -0.158063 0.33195 -0.000660805
1557764345096 -0.145219 0.310478 -0.000516642
1557764345196 -0.131408 0.295309 0.00565718
1557764345296 -0.140825 0.305956 -0.00429002
1557764345397 -0.143928 0.294401 -0.00597926
1557764345497 -0.145037 0.295354 -0.000993203
1557764345597 -0.142228 0.307836 -0.00155219
1557764345698 -0.153356 0.29913 -0.00857945
1557764345798 -0.151088 0.291211 -0.0165886
1557764345899 -0.156374 0.292596 -0.0122129
1557764345999 -0.154346 0.303956 -0.0131323
1557764346099 -0.150094 0.306688 -0.00588993
1557764346200 -0.154027 0.304084 -0.00867338
1557764346300 -0.153136 0.307221 -0.0092757
1557764346400 -0.153648 0.308178 -0.00836935
1557764346501 -0.151437 0.312535 -0.00730696
1557764346601 -0.15227 0.309304 -0.0120887
1557764346702 -0.153051 0.308182 -0.0124491
1557764346802 -0.151084 0.311514 -0.0104428
1557764346902 -0.151598 0.30841 -0.0107656
1557764347003 -0.152513 0.308279 -0.0111447
1557764347103 -0.150353 0.314587 -0.0132745
1557764347203 -0.151673 0.309307 -0.0161684
1557764347304 -0.151269 0.310395 -0.0148829
1557764347404 -0.150647 0.315514 -0.0155227
1557764347504 -0.151916 0.312343 -0.0139953
1557764347605 -0.151025 0.315481 -0.0145976
1557764347705 -0.151184 0.315417 -0.0168271
1557764347805 -0.151806 0.314359 -0.014958
1557764347906 -0.151697 0.316374 -0.0159207
1557764348007 -0.152075 0.31634 -0.0149956
1557764348107 -0.1521 0.315285 -0.0172062
1557764348208 -0.152343 0.318322 -0.0150331
1557764348308 -0.152881 0.318224 -0.0163375
1557764348409 -0.152209 0.317331 -0.0150144
1557764348509 -0.150402 0.320599 -0.0152375
1557764348609 -0.151721 0.31938 -0.0169022
1557764348710 -0.152746 0.321294 -0.0150895
1557764348810 -0.149889 0.323703 -0.0149147
1557764348911 -0.152368 0.321328 -0.0160146
1557764349011 -0.151048 0.322547 -0.0143499
1557764349111 -0.152771 0.3243 -0.016071
1557764349212 -0.150426 0.323605 -0.016219
1557764349312 -0.150695 0.325587 -0.0162566
1557764349413 -0.149913 0.326709 -0.0158962
1557764349513 -0.149375 0.326807 -0.0145919
1557764349613 -0.147947 0.325981 -0.015119
1557764349714 -0.1494 0.329813 -0.0155733
1557764349814 -0.149267 0.324761 -0.0167837
1557764349915 -0.148594 0.327929 -0.0142315
1557764350015 -0.148753 0.327865 -0.0164609
1557764350115 -0.150451 0.326611 -0.0172005
1557764350216 -0.149535 0.326743 -0.0168213
1557764350316 -0.149913 0.326709 -0.0158962
1557764350416 -0.148863 0.32585 -0.0154982
1557764350517 -0.150805 0.319511 -0.016523
1557764350617 -0.0319344 0.387933 -0.0747317
1557764350718 0.063773 0.502202 -0.0785033
1557764350818 0.144186 0.537365 -0.117395
1557764350918 0.201185 0.591376 -0.0111139
1557764351019 0.23794 0.594951 0.0218417
1557764351119 0.222618 0.588558 0.00797552
1557764351220 0.224274 0.589237 0.00556813
1557764351320 0.224684 0.590915 0.00383098
1557764351420 0.224691 0.590547 0.00290132
1557764351521 0.224003 0.589761 0.00428284
1557764351621 0.224003 0.589761 0.00428284
1557764351721 -0.0552935 0.519638 -0.0153467
1557764351822 -0.116509 0.583722 -0.0513333
1557764351922 -0.149549 0.605222 -0.226133
1557764352023 -0.14808 0.606528 -0.232547
1557764352124 -0.151873 0.604455 -0.236332
1557764352224 -0.15354 0.603325 -0.233513
1557764352324 -0.154808 0.609164 -0.231212
1557764352424 -0.275559 0.853573 0.0389901
1557764352525 -0.301647 0.867849 0.0190869
1557764352625 -0.294167 0.870447 0.0453654
1557764352725 -0.283597 0.873488 0.0320072
1557764352826 -0.330781 0.876435 0.0154154
1557764352926 -0.308421 0.880405 0.0234016
1557764353027 -0.301587 0.879822 0.0303468
1557764353127 -0.297441 0.880413 0.0406045
1557764353227 -0.298773 0.882086 0.0399996
1557764353328 -0.309239 0.884501 0.0402691
1557764353428 -0.303728 0.884715 0.0469651
1557764353528 -0.298257 0.883877 0.0510903
1557764353629 -0.304006 0.884352 0.0549598
1557764353730 -0.300512 0.88361 0.054156
1557764353830 -0.307691 0.884967 0.0563765
1557764353930 -0.299679 0.884017 0.0537602
1557764354031 -0.30263 0.88339 0.0568125
1557764354131 -0.299216 0.883131 0.0552308
1557764354232 -0.321942 0.885118 0.0531801
1557764354332 -0.292939 0.882046 0.0575993
1557764354432 -0.302906 0.883527 0.052835
1557764354532 -0.29775 0.882478 0.0596271
1557764354633 -0.331692 0.886796 0.0543884
1557764354733 -0.296613 0.884702 0.0523823
1557764354834 -0.300589 0.885016 0.0610956
1557764354934 -0.305276 0.885702 0.0567255
1557764355034 -0.307153 0.886041 0.0581564
1557764355134 -0.298798 0.88472 0.0570518
1557764355235 -0.307608 0.886797 0.0518855
1557764355335 -0.30176 0.886841 0.0543521
1557764355435 -0.30176 0.886841 0.0543521
1557764355536 -0.297853 0.885896 0.0585374
1557764355636 -0.301898 0.886861 0.0536179
1557764355736 -0.307238 0.887861 0.0568842
1557764355837 -0.301539 0.886509 0.0600199
1557764355937 -0.304018 0.887303 0.0594291
1557764356038 -0.306142 0.888453 0.0577298
1557764356138 -0.301271 0.887635 0.050495
1557764356239 -0.305246 0.888142 0.0530161
1557764356339 -0.30617 0.887593 0.0543047
1557764356440 -0.30617 0.887593 0.0543047
1557764356540 -0.303311 0.887419 0.0529545
1557764356640 -0.285603 0.887512 0.0351508
1557764356741 -0.350499 0.893852 0.0551428
1557764356841 -0.35108 0.899011 0.0602634
1557764356941 -0.336228 0.897626 0.0173243
1557764357042 -0.317064 0.903694 -0.00493769
1557764357142 -0.305868 0.906403 -0.0104394
1557764357243 -0.346666 0.912427 0.0164057
1557764357343 -0.323488 0.906924 0.0260025
1557764357444 -0.328544 0.902902 0.0270077
1557764357544 -0.2612 0.895252 0.0450051
1557764357644 -0.309309 0.902003 0.0345655
1557764357745 -0.311177 0.907088 0.0522853
1557764357845 -0.305746 0.906309 0.0611853
1557764357945 -0.334422 0.910747 0.0478015
1557764358046 -0.297827 0.908912 0.0653449
1557764358147 -0.334682 0.911856 0.0525055
1557764358247 -0.309407 0.908972 0.0620706
1557764358347 -0.31165 0.90883 0.0607981
1557764358448 -0.307178 0.907715 0.0627174
1557764358548 -0.307523 0.90805 0.0596012
1557764358648 -0.324208 0.909927 0.0579583
1557764358749 -0.303242 0.906966 0.0697221
1557764358849 -0.315259 0.909542 0.0640401
1557764358950 -0.300949 0.907681 0.0755931
1557764359050 -0.30411 0.909479 0.0649606
1557764359150 -0.298887 0.909367 0.0665741
1557764359251 -0.326345 0.908935 0.0632251
1557764359351 -0.30094 0.909023 0.0622548
1557764359451 -0.300932 0.90796 0.0707092
1557764359552 -0.29902 0.90938 0.0593137
1557764359652 -0.309069 0.911231 0.0708123
1557764359753 -0.30579 0.910629 0.062523
1557764359853 -0.310904 0.910424 0.0617058
1557764359953 -0.307048 0.910193 0.0616925
1557764360054 -0.341092 0.911103 0.0518202
1557764360154 -0.302132 0.909032 0.0577837
1557764360254 -0.307439 0.910082 0.0532616
1557764360355 -0.314686 0.911485 0.0509287
1557764360455 -0.311179 0.911443 0.0484283
1557764360555 -0.314603 0.910934 0.0505212
1557764360656 -0.321506 0.911613 0.0466243
1557764360756 -0.310353 0.91028 0.046345
1557764360856 -0.342313 0.912672 0.0406151
1557764360957 -0.30333 0.908771 0.0517663
1557764361057 -0.310324 0.910519 0.0458463
1557764361158 -0.304029 0.911239 0.0510486
1557764361258 -0.306164 0.909686 0.0531081
1557764361358 -0.313923 0.911348 0.0386242
1557764361459 -0.31107 0.910084 0.0454261
1557764361559 -0.316879 0.910579 0.0413463
1557764361660 -0.314053 0.909269 0.0423682
1557764361760 -0.311375 0.909336 0.0439201
1557764361860 -0.3095 0.908611 0.042676
1557764361961 -0.309179 0.909489 0.0509796
1557764362061 -0.320379 0.91081 0.0448841
1557764362161 -0.31119 0.909447 0.0496908
1557764362262 -0.34414 0.911639 0.0350274
1557764362362 -0.308045 0.907489 0.039928
1557764362463 -0.313142 0.908032 0.0390198
1557764362563 -0.313753 0.908515 0.0278203
1557764362663 -0.311158 0.907927 0.0342312
1557764362764 -0.325429 0.909661 0.0293541
1557764362864 -0.304805 0.905742 0.0397209
1557764362964 -0.312182 0.907709 0.0344142
1557764363065 -0.314177 0.90776 0.035352
1557764363165 -0.309852 0.907159 0.0267666
1557764363266 -0.334209 0.908595 0.022393
1557764363366 -0.31515 0.907032 0.0332644
1557764363466 -0.318687 0.907411 0.0238496
1557764363567 -0.304936 0.905393 0.0297016
1557764363668 -0.314331 0.906734 0.0285863
1557764363768 -0.309236 0.905975 0.0288083
1557764363868 -0.305163 0.90585 0.032549
1557764363968 -0.330604 0.909513 0.0204841
1557764364069 -0.315062 0.907322 0.0215244
1557764364169 -0.349493 0.910085 0.0194466
1557764364269 -0.349493 0.910085 0.0194466
1557764364370 -0.331513 0.90967 0.0150371
1557764364470 -0.317595 0.907988 0.0208721
1557764364570 -0.302339 0.903927 0.0310051
1557764364671 -0.327773 0.908061 0.0144071
1557764364771 -0.30874 0.905674 0.0279367
1557764364871 -0.338231 0.909546 0.0137398
1557764364972 -0.320097 0.906638 0.0211837
1557764365072 -0.319759 0.907079 0.0244563
1557764365173 -0.31778 0.906293 0.0157137
1557764365273 -0.316354 0.906263 0.0219987
1557764365373 -0.317541 0.906721 0.017657
1557764365474 -0.313043 0.906566 0.0197298
1557764365574 -0.310165 0.907134 0.0267647
1557764365674 -0.319934 0.907232 0.016715
1557764365775 -0.313757 0.906108 0.0241435
1557764365875 -0.323185 0.907456 0.0116076
1557764365976 -0.310711 0.905965 0.0194036
1557764366076 -0.319685 0.908792 0.0114052
1557764366176 -0.311064 0.906689 0.0222306
1557764366277 -0.331437 0.90996 0.0114953
1557764366377 -0.318474 0.907877 0.0167915
1557764366477 -0.342115 0.909967 0.00954774
1557764366578 -0.318058 0.907344 0.0189967
1557764366678 -0.316421 0.907494 0.0193887
1557764366779 -0.319033 0.908189 0.0178147
1557764366879 -0.311423 0.907061 0.0198973
1557764366980 -0.322468 0.907772 0.0148875
1557764367080 -0.314443 0.90671 0.0155923
1557764367180 -0.324104 0.907128 0.0143163
1557764367281 -0.321387 0.907655 0.0141242
1557764367381 -0.316643 0.906903 0.0159556
1557764367481 -0.329265 0.90913 0.0112949
1557764367582 -0.315692 0.906995 0.0203634
1557764367682 -0.319157 0.907483 0.0131294
1557764367782 -0.315651 0.906803 0.0153425
1557764367883 -0.323105 0.907387 0.00861097
1557764367983 -0.316763 0.906182 0.0157158
1557764368083 -0.32243 0.907519 0.010563
1557764368184 -0.317156 0.907242 0.0164246
1557764368284 -0.318727 0.906928 0.0171803
1557764368384 -0.323796 0.908164 0.0114148
1557764368485 -0.315334 0.906712 0.0186773
1557764368585 -0.326624 0.908405 0.0136273
1557764368685 -0.318042 0.907975 0.0182473
1557764368786 -0.328004 0.909781 0.018363
1557764368886 -0.295637 0.910813 0.0277189
1557764368987 -0.954958 0.134705 0.0784489
1557764369087 -0.954866 0.133978 0.0815251
1557764369188 -0.958573 0.132895 0.0800795
1557764369288 -0.955635 0.135168 0.080529
1557764369389 -0.954876 0.136304 0.0742734
1557764369489 -0.955901 0.135023 0.0785521
1557764369589 -0.954455 0.133369 0.077468
1557764369690 -0.956166 0.134877 0.0765752
1557764369790 -0.956299 0.134804 0.0755867
1557764369891 -0.955993 0.13575 0.0754759
1557764369991 -0.955091 0.134632 0.0774604
1557764370091 -0.956189 0.138031 0.0763459
1557764370192 -0.954848 0.137932 0.0792081
1557764370292 -0.957329 0.14063 0.0773191
1557764370393 -0.954373 0.134969 0.0732925
1557764370493 -0.957942 0.138739 0.0775408
1557764370594 -0.954148 0.134314 0.0773572
1557764370694 -0.955553 0.136768 0.0763535
1557764370794 -0.955819 0.136622 0.0743766
1557764370895 -0.95834 0.138521 0.0745754
1557764370995 -0.955068 0.131478 0.0776897
1557764371095 -0.958207 0.138594 0.0755639
1557764371196 -0.957819 0.141138 0.0712775
1557764371296 -0.957709 0.144365 0.0720367
1557764371397 -0.958125 0.152082 0.0735475
1557764371497 -0.956986 0.161371 0.0747335
1557764371597 -0.958656 0.175567 0.073912
1557764371698 -0.954355 0.186476 0.0796122
1557764371798 -0.955041 0.201155 0.0765998
1557764371899 -0.957521 0.215742 0.07687
1557764371999 -0.956538 0.228112 0.0768383
1557764372100 -0.954726 0.244046 0.0733978
1557764372200 -0.955321 0.257997 0.0734616
1557764372300 -0.955743 0.272821 0.0724261
1557764372401 -0.952997 0.282157 0.0784512
1557764372501 -0.952197 0.295982 0.0722669
1557764372601 -0.952687 0.308379 0.0683845
1557764372702 -0.95665 0.325318 0.0575523
1557764372802 -0.954701 0.334217 0.0576466
1557764372903 -0.957199 0.344851 0.0602339
1557764373003 -0.962106 0.362108 0.0495049
1557764373103 -0.958491 0.375807 0.0500335
1557764373204 -0.957553 0.382597 0.047384
1557764373304 -0.960217 0.398637 0.0415018
1557764373405 -0.959183 0.409481 0.046634
1557764373505 -0.954873 0.414782 0.0406063
1557764373606 -0.954109 0.420699 0.0390561
1557764373706 -0.955116 0.423371 0.0410178
1557764373807 -0.954178 0.43016 0.0383683
1557764373907 -0.952357 0.431879 0.0400204
1557764374007 -0.952357 0.431879 0.0400204
1557764374107 -0.953739 0.431179 0.0392459
1557764374208 -0.954988 0.430551 0.03946
1557764374308 -0.95593 0.430869 0.0395632
1557764374408 -0.954855 0.430624 0.0404484
1557764374509 -0.95593 0.430869 0.0395632
1557764374609 -0.956329 0.43065 0.0365978
1557764374709 -0.956237 0.429923 0.039674
1557764374810 -0.956237 0.429923 0.039674
1557764374910 -0.954988 0.430551 0.03946
1557764375011 -0.955468 0.428733 0.0406701
1557764375111 -0.956411 0.429051 0.0407733
1557764375212 -0.954988 0.430551 0.03946
1557764375312 -0.955889 0.431668 0.0374754
1557764375413 -0.954485 0.429215 0.0384791
1557764375513 -0.956676 0.428905 0.0387964
1557764375613 -0.958342 0.424105 0.038362
1557764375714 -0.95814 0.414717 0.0400383
1557764375814 -0.958771 0.396984 0.0404177
1557764375915 -0.956785 0.381406 0.0483801
1557764376015 -0.956578 0.36491 0.0526026
1557764376115 -0.959158 0.350167 0.055047
1557764376216 -0.959588 0.334933 0.0592619
1557764376316 -0.959322 0.32319 0.0590797
1557764376416 -0.962273 0.309856 0.0634934
1557764376517 -0.960562 0.296459 0.0622271
1557764376617 -0.962876 0.281861 0.0666484
1557764376718 -0.958511 0.266639 0.0661718
1557764376818 -0.96325 0.246106 0.0764144
1557764376919 -0.960029 0.24059 0.0743647
1557764377019 -0.958972 0.224503 0.0754078
1557764377120 -0.963726 0.213403 0.0758525
1557764377220 -0.959612 0.20049 0.0853561
1557764377321 -0.958166 0.186948 0.0821128
1557764377421 -0.957791 0.178431 0.0826898
1557764377521 -0.960133 0.174095 0.0843356
1557764377621 -0.957063 0.164553 0.0836144
1557764377722 -0.959648 0.156917 0.0835126
1557764377822 -0.95655 0.149002 0.0877261
1557764377922 -0.95725 0.14073 0.0874178
1557764378023 -0.956152 0.137332 0.0885324
1557764378123 -0.955881 0.13037 0.0930556
1557764378224 -0.956216 0.127797 0.0882317
1557764378324 -0.954742 0.127771 0.0920823
1557764378424 -0.954124 0.122554 0.094407
1557764378525 -0.953557 0.118864 0.0915676
1557764378626 -0.956027 0.119236 0.0969304
1557764378726 -0.956045 0.115282 0.0992474
1557764378826 -0.954055 0.113092 0.0950947
1557764378927 -0.954453 0.112874 0.0921293
1557764379027 -0.956229 0.116736 0.093095
1557764379128 -0.951401 0.111267 0.0958844
1557764379228 -0.953685 0.111684 0.0931254
1557764379328 -0.954055 0.113092 0.0950947
1557764379428 -0.954916 0.11501 0.0910224
1557764379529 -0.952129 0.113257 0.0928006
1557764379629 -0.953973 0.114692 0.0909192
1557764379729 -0.953319 0.117382 0.0886098
1557764379830 -0.953667 0.115637 0.0908084
1557764379930 -0.952972 0.119128 0.0864113
1557764380030 -0.953585 0.117237 0.0866329
1557764380131 -0.950647 0.11951 0.0870825
1557764380231 -0.953822 0.118718 0.0895907
1557764380332 -0.953013 0.118328 0.088499
1557764380432 -0.953937 0.122599 0.0862852
1557764380533 -0.956175 0.128597 0.0861439
1557764380633 -0.954834 0.128498 0.0890061
1557764380734 -0.958627 0.132922 0.0891897
1557764380834 -0.959748 0.139475 0.0878459
1557764380934 -0.956019 0.149293 0.09168
1557764381035 -0.96242 0.161124 0.0936916
1557764381135 -0.959551 0.17286 0.0934534
1557764381235 -0.957845 0.178459 0.0918
1557764381336 -0.963188 0.186092 0.0970139
1557764381436 -0.957799 0.195928 0.0965769
1557764381537 -0.955799 0.203301 0.101835
1557764381637 -0.9546 0.217344 0.0986163
1557764381737 -0.961203 0.226675 0.0967925
1557764381838 -0.957323 0.24052 0.099298
1557764381939 -0.958755 0.253234 0.0955188
1557764382039 -0.959493 0.269439 0.0873424
1557764382139 -0.959722 0.289089 0.0828906
1557764382240 -0.963186 0.303194 0.0853518
1557764382340 -0.964119 0.313074 0.094866
1557764382440 -0.964499 0.328698 0.0917427
1557764382541 -0.967469 0.343793 0.0859713
1557764382641 -0.969341 0.35549 0.0813145
1557764382741 -0.967108 0.368488 0.0810686
1557764382842 -0.968303 0.379721 0.0743316
1557764382942 -0.969365 0.391027 0.0685831
1557764383043 -0.970967 0.395762 0.0684494
1557764383143 -0.971082 0.399643 0.0651439
1557764383243 -0.971105 0.402797 0.0649147
1557764383344 -0.971485 0.406532 0.0596322
1557764383444 -0.973109 0.402532 0.0571101
1557764383545 -0.974006 0.40843 0.059831
1557764383645 -0.974262 0.405958 0.0651058
1557764383746 -0.97725 0.393323 0.0573331
1557764383846 -0.977103 0.383962 0.0681196
1557764383946 -0.979345 0.37329 0.0611137
1557764384047 -0.979665 0.349395 0.0639286
1557764384147 -0.9781 0.324864 0.0665371
1557764384247 -0.970202 0.309853 0.0686054
1557764384348 -0.97468 0.284684 0.0761195
1557764384448 -0.9722 0.270097 0.0758493
1557764384548 -0.973994 0.258117 0.0769728
1557764384649 -0.972342 0.239967 0.0801112
1557764384749 -0.96649 0.223891 0.0764628
1557764384850 -0.971765 0.210173 0.0802053
1557764384950 -0.971527 0.196803 0.0750883
1557764385050 -0.972575 0.186787 0.0769786
1557764385151 -0.968909 0.175182 0.0783528
1557764385251 -0.97468 0.16908 0.0735074
1557764385352 -0.970708 0.15842 0.0747708
1557764385452 -0.970754 0.15284 0.0721531
1557764385553 -0.972511 0.148767 0.0686425
1557764385653 -0.972236 0.134697 0.075712
1557764385753 -0.969916 0.130299 0.0716778
1557764385854 -0.969806 0.133526 0.072437
1557764385954 -0.967574 0.134636 0.070032
1557764386055 -0.968146 0.133545 0.0681659
1557764386155 -0.970378 0.132435 0.0705709
1557764386255 -0.968072 0.128864 0.0735591
1557764386356 -0.967834 0.127382 0.0706014
1557764386456 -0.968031 0.129664 0.0714714
1557764386557 -0.96632 0.128156 0.0723643
1557764386657 -0.969413 0.128963 0.0706969
1557764386757 -0.966851 0.127864 0.0684104
1557764386857 -0.969349 0.126609 0.0688385
1557764386958 -0.967505 0.125174 0.0707198
1557764387059 -0.97069 0.126708 0.0659763
1557764387159 -0.974881 0.130915 0.0631944
1557764387259 -0.976963 0.133831 0.0642709
1557764387360 -0.979594 0.132503 0.0637105
1557764387460 -0.979512 0.134103 0.059535
1557764387560 -0.979993 0.132285 0.0607451
1557764387661 -0.980894 0.133402 0.0587605
1557764387761 -0.98342 0.142408 0.0564131
1557764387861 -0.981155 0.138038 0.0614891
1557764387962 -0.98186 0.136874 0.0586345
1557764388062 -0.979997 0.139392 0.0581988
1557764388163 -0.980437 0.138374 0.0573212
1557764388263 -0.977824 0.135749 0.0601986
1557764388363 -0.979055 0.139075 0.0580956
1557764388464 -0.977106 0.136085 0.0560307
1557764388564 -0.976534 0.137176 0.0578968
1557764388665 -0.976881 0.135431 0.0600954
1557764388765 -0.976575 0.136376 0.0599846
1557764388866 -0.976031 0.13584 0.0569159
1557764388966 -0.97598 0.134313 0.0620799
1557764389066 -0.976667 0.137103 0.0569083
1557764389167 -0.975152 0.137877 0.0586712
1557764389267 -0.977188 0.134486 0.0602062
1557764389368 -0.97517 0.133923 0.0609882
1557764389468 -0.976031 0.13584 0.0569159
1557764389569 -0.97469 0.135741 0.0597781
1557764389669 -0.97436 0.133532 0.0598966
1557764389769 -0.975701 0.133632 0.0570344
1557764389870 -0.973152 0.13336 0.0617703
1557764389970 -0.974534 0.13266 0.0609959
1557764390071 -0.975436 0.133777 0.0590113
1557764390171 -0.975632 0.136059 0.0598813
1557764390272 -0.974227 0.133605 0.060885
1557764390372 -0.976245 0.134168 0.060103
1557764390472 -0.976072 0.13504 0.0590037
1557764390573 -0.97517 0.133923 0.0609882
1557764390673 -0.976973 0.136158 0.0570192
1557764390773 -0.974534 0.13266 0.0609959
1557764390874 -0.975129 0.134723 0.0589005
1557764390974 -0.97684 0.136231 0.0580076
1557764391075 -0.974914 0.136395 0.0557134
1557764391175 -0.974914 0.136395 0.0557134
1557764391275 -0.976534 0.137176 0.0578968
1557764391376 -0.974914 0.136395 0.0557134
1557764391476 -0.974782 0.136468 0.0567019
1557764391576 -0.976163 0.135767 0.0559275
1557764391677 -0.975395 0.134577 0.0569236
1557764391777 -0.975047 0.136322 0.054725
1557764391878 -0.974782 0.136468 0.0567019
1557764391978 -0.974914 0.136395 0.0557134
1557764392079 -0.974105 0.136004 0.0546218
1557764392179 -0.975129 0.134723 0.0589005
1557764392280 -0.976163 0.135767 0.0559275
1557764392380 -0.974741 0.137268 0.0546142
1557764392480 -0.974452 0.134259 0.0568204
1557764392581 -0.974278 0.135132 0.0557211
1557764392681 -0.975047 0.136322 0.054725
1557764392781 -0.974278 0.135132 0.0557211
1557764392882 -0.973336 0.134814 0.0556179
1557764392982 -0.974914 0.136395 0.0557134
1557764393083 -0.975683 0.137585 0.0547174
1557764393183 -0.976585 0.138703 0.0527328
1557764393283 -0.976319 0.138848 0.0547098
1557764393384 -0.97555 0.137658 0.0557058
1557764393484 -0.975683 0.137585 0.0547174
1557764393585 -0.974585 0.134186 0.0558319
1557764393685 -0.973226 0.138041 0.0563771
1557764393785 -0.975303 0.13385 0.0599998
1557764393886 -0.97604 0.138167 0.0496642
1557764393986 -0.973788 0.134623 0.0617627
1557764394086 -0.974942 0.134768 0.0507787
1557764394187 -0.973267 0.137241 0.0584648
1557764394287 -0.975816 0.137512 0.0537289
1557764394388 -0.972865 0.138958 0.047156
1557764394488 -0.974516 0.136613 0.0586788
1557764394588 -0.973231 0.13326 0.0516716
1557764394689 -0.974434 0.138213 0.0545033
1557764394789 -0.974914 0.136395 0.0557134
1557764394890 -0.974196 0.136731 0.0515455
1557764394990 -0.972087 0.135442 0.0554038
1557764395091 -0.973162 0.135687 0.0545186
1557764395191 -0.974873 0.137195 0.0536257
1557764395291 -0.973359 0.137968 0.0553886
1557764395392 -0.974064 0.136804 0.052534
1557764395492 -0.974301 0.138286 0.0554918
1557764395592 -0.975244 0.138603 0.055595
1557764395693 -0.976163 0.135767 0.0559275
1557764395793 -0.973116 0.141268 0.0571363
1557764395894 -0.974141 0.139986 0.061415
1557764395994 -0.974516 0.136613 0.0586788
1557764396094 -0.974342 0.137486 0.0575796
1557764396195 -0.972978 0.134233 0.060671
1557764396295 -0.973811 0.137777 0.0615334
1557764396396 -0.974557 0.135814 0.0607666
1557764396496 -0.972498 0.136051 0.0594609
1557764396597 -0.972365 0.136124 0.0604494
1557764396697 -0.971954 0.135515 0.0563923
1557764396798 -0.973747 0.135423 0.0596749
1557764396898 -0.971729 0.13486 0.060457
1557764396999 -0.972608 0.132824 0.0587017
1557764397099 -0.972434 0.133697 0.0576024
1557764397199 -0.97307 0.13496 0.0575948
1557764397300 -0.975088 0.135522 0.0568127
1557764397400 -0.974145 0.135205 0.0567095
1557764397501 -0.973162 0.135687 0.0545186
1557764397601 -0.973839 0.13615 0.0565987
1557764397701 -0.973509 0.133942 0.0567171
1557764397802 -0.974452 0.134259 0.0568204
1557764397902 -0.973972 0.136077 0.0556102
1557764398002 -0.973336 0.134814 0.0556179
1557764398103 -0.974278 0.135132 0.0557211
1557764398203 -0.973295 0.135614 0.0535301
1557764398304 -0.974105 0.136004 0.0546218
1557764398404 -0.973469 0.134741 0.0546294
1557764398505 -0.974965 0.137922 0.0505495
1557764398605 -0.972219 0.135369 0.0544154
1557764398705 -0.97308 0.137286 0.050343
1557764398806 -0.972311 0.136096 0.0513391
1557764398906 -0.974503 0.135786 0.0516564
1557764399007 -0.974329 0.136659 0.0505571
1557764399107 -0.973428 0.135541 0.0525416
1557764399207 -0.972947 0.137359 0.0513315
1557764399308 -0.97308 0.137286 0.050343
1557764399408 -0.972311 0.136096 0.0513391
1557764399509 -0.973387 0.136341 0.0504539
1557764399609 -0.972659 0.134351 0.0535377
1557764399709 -0.972751 0.135078 0.0504615
1557764399810 -0.971542 0.134906 0.0523352
1557764399911 -0.972485 0.135223 0.0524384
1557764400011 -0.971236 0.135851 0.0522244
1557764400111 -0.972178 0.136169 0.0523276
1557764400212 -0.971387 0.131825 0.0535529
1557764400312 -0.970774 0.133715 0.0533313
1557764400412 -0.971542 0.134906 0.0523352
1557764400513 -0.971062 0.136724 0.0511251
1557764400613 -0.971277 0.135051 0.0543121
1557764400713 -0.9706 0.134588 0.052232
1557764400814 -0.9706 0.134588 0.052232
1557764400914 -0.97108 0.13277 0.0534421
1557764401015 -0.969964 0.133325 0.0522396
1557764401115 -0.971542 0.134906 0.0523352
1557764401215 -0.970467 0.134661 0.0532205
1557764401316 -0.970097 0.133252 0.0512511
1557764401416 -0.969698 0.13347 0.0542165
1557764401517 -0.970906 0.133643 0.0523428
1557764401617 -0.970467 0.134661 0.0532205
1557764401717 -0.969484 0.135143 0.0510295
1557764401818 -0.969218 0.135288 0.0530064
1557764401918 -0.969507 0.138297 0.0508002
1557764402018 -0.96968 0.137424 0.0518995
1557764402119 -0.970385 0.13626 0.049045
1557764402219 -0.969003 0.136961 0.0498194
1557764402320 -0.969351 0.135216 0.052018
1557764402420 -0.9685 0.135625 0.0488385
1557764402520 -0.969269 0.136815 0.0478425
1557764402621 -0.968153 0.13737 0.04664
1557764402721 -0.968962 0.13776 0.0477316
1557764402821 -0.96732 0.133825 0.0457775
1557764402922 -0.968234 0.13577 0.0508155
1557764403023 -0.97146 0.136505 0.0481597
1557764403123 -0.968367 0.135698 0.049827
1557764403223 -0.967905 0.133562 0.0509339
1557764403324 -0.969246 0.133661 0.0480717
1557764403424 -0.968633 0.135552 0.0478501
1557764403524 -0.969575 0.13587 0.0479533
1557764403625 -0.970211 0.137133 0.0479457
1557764403725 -0.969905 0.138078 0.0478348
1557764403826 -0.969575 0.13587 0.0479533
1557764403926 -0.970038 0.138005 0.0468464
1557764404026 -0.970038 0.138005 0.0468464
1557764404127 -0.970079 0.137206 0.0489341
1557764404227 -0.969003 0.136961 0.0498194
1557764404328 -0.968482 0.139578 0.0465215
1557764404428 -0.968221 0.146832 0.0459522
1557764404528 -0.966116 0.164538 0.0494233
1557764404629 -0.965998 0.185933 0.042773
1557764404729 -0.966218 0.203257 0.0455729
1557764404829 -0.964342 0.228725 0.0424331
1557764404930 -0.965216 0.243358 0.0475425
1557764405030 -0.968306 0.269442 0.0359193
1557764405131 -0.963036 0.290267 0.0296306
1557764405231 -0.963781 0.31208 0.0331821
1557764405331 -0.963255 0.331368 0.0367489
1557764405432 -0.96397 0.356307 0.0309609
1557764405532 -0.965215 0.380956 0.0212191
1557764405632 -0.962594 0.408388 0.0188461
1557764405733 -0.965381 0.433918 0.0213864
1557764405833 -0.965916 0.464511 0.0192046
1557764405934 -0.964856 0.485589 0.012451
1557764406034 -0.971221 0.505327 0.00982858
1557764406134 -0.970681 0.523787 0.00637287
1557764406235 -0.968206 0.540085 0.00787472
1557764406335 -0.968724 0.550855 -0.000942438
1557764406435 -0.965945 0.542822 0.0104044
1557764406536 -0.958443 0.540979 -0.00260769
1557764406636 -0.955243 0.541899 0.014093
1557764406737 -0.96381 0.539877 0.000217761
1557764406837 -0.964121 0.546039 -0.00221769
1557764406937 -0.957838 0.548478 0.00889859
1557764407038 -0.961572 0.545768 0.00251822
1557764407138 -0.959554 0.545205 0.00330027
1557764407238 -0.960977 0.543705 0.00461359
1557764407339 -0.961879 0.544823 0.00262904
1557764520074 -0.840102 0.556501 0.0420635
